Opening log at 2021-04-21 09:31:10.325035
Iterating through fileSet at 2021-04-21 09:31:10.325191
fileSet is ['/home/james/Software/multiPhATE2/PipelineOutput/contig_2523/commoncore.cgc', '/home/james/Software/multiPhATE2/PipelineOutput/contig_2523/consensus.cgc', '/home/james/Software/multiPhATE2/PipelineOutput/contig_2523/glimmer.cgc', '/home/james/Software/multiPhATE2/PipelineOutput/contig_2523/phanotate.cgc', '/home/james/Software/multiPhATE2/PipelineOutput/contig_2523/prodigal.cgc', '/home/james/Software/multiPhATE2/PipelineOutput/contig_2523/superset.cgc']
Opening geneFile /home/james/Software/multiPhATE2/PipelineOutput/contig_2523/commoncore.cgc
Adding calls from geneFile /home/james/Software/multiPhATE2/PipelineOutput/contig_2523/commoncore.cgc
Appending call set  number of calls is: 0
Opening geneFile /home/james/Software/multiPhATE2/PipelineOutput/contig_2523/consensus.cgc
Adding calls from geneFile /home/james/Software/multiPhATE2/PipelineOutput/contig_2523/consensus.cgc
Appending call set  number of calls is: 0
Opening geneFile /home/james/Software/multiPhATE2/PipelineOutput/contig_2523/glimmer.cgc
Adding calls from geneFile /home/james/Software/multiPhATE2/PipelineOutput/contig_2523/glimmer.cgc
Appending call set  number of calls is: 6
Opening geneFile /home/james/Software/multiPhATE2/PipelineOutput/contig_2523/phanotate.cgc
Adding calls from geneFile /home/james/Software/multiPhATE2/PipelineOutput/contig_2523/phanotate.cgc
Appending call set  number of calls is: 9
Opening geneFile /home/james/Software/multiPhATE2/PipelineOutput/contig_2523/prodigal.cgc
Adding calls from geneFile /home/james/Software/multiPhATE2/PipelineOutput/contig_2523/prodigal.cgc
Appending call set  number of calls is: 4
Opening geneFile /home/james/Software/multiPhATE2/PipelineOutput/contig_2523/superset.cgc
Adding calls from geneFile /home/james/Software/multiPhATE2/PipelineOutput/contig_2523/superset.cgc
Appending call set  number of calls is: 0
All call sets have been added to caller list. Number of call sets in callerList: 6
callerList is   glimmer phanotate prodigal  
Total number of gene calls across callerList call sets is: 19
Sorting gene calls for each caller
Processing a callSet
Before sorting, Length of callerList for caller  is 0
After sorting, Length of callerList for caller  is 0
Processing a callSet
Before sorting, Length of callerList for caller  is 0
After sorting, Length of callerList for caller  is 0
Processing a callSet
Before sorting, Length of callerList for caller glimmer is 6
After sorting, Length of callerList for caller glimmer is 6
Processing a callSet
Before sorting, Length of callerList for caller phanotate is 9
After sorting, Length of callerList for caller phanotate is 9
Processing a callSet
Before sorting, Length of callerList for caller prodigal is 4
After sorting, Length of callerList for caller prodigal is 4
Processing a callSet
Before sorting, Length of callerList for caller  is 0
After sorting, Length of callerList for caller  is 0
callSet processing complete
Comparing across the call sets...
Merging the geneCall sets....
Final merged genes:

***************Merge List
1	Gene No. 1, gene caller: phanotate, leftEnd: 1, rightEnd: 759, strand: -, length: 759, contig: contig_2523, protein: unknown, score1: 1.0, score2: 0.0
2	Gene No. 1, gene caller: prodigal, leftEnd: 1, rightEnd: 759, strand: -, length: 759, contig: contig_2523, protein: unknown, score1: 1.0, score2: 0.0
3	Gene No. 1, gene caller: glimmer, leftEnd: 834, rightEnd: 2387, strand: -, length: 1554, contig: contig_2523, protein: unknown, score1: 1.0, score2: 0.0
4	Gene No. 2, gene caller: phanotate, leftEnd: 834, rightEnd: 2387, strand: -, length: 1554, contig: contig_2523, protein: unknown, score1: 1.0, score2: 0.0
5	Gene No. 2, gene caller: prodigal, leftEnd: 834, rightEnd: 2387, strand: -, length: 1554, contig: contig_2523, protein: unknown, score1: 1.0, score2: 0.0
6	Gene No. 2, gene caller: glimmer, leftEnd: 2402, rightEnd: 2560, strand: -, length: 159, contig: contig_2523, protein: unknown, score1: 1.0, score2: 0.0
7	Gene No. 3, gene caller: phanotate, leftEnd: 2402, rightEnd: 2560, strand: -, length: 159, contig: contig_2523, protein: unknown, score1: 1.0, score2: 0.0
8	Gene No. 3, gene caller: glimmer, leftEnd: 2635, rightEnd: 2778, strand: +, length: 144, contig: contig_2523, protein: unknown, score1: 1.0, score2: 0.0
9	Gene No. 4, gene caller: phanotate, leftEnd: 2635, rightEnd: 2778, strand: +, length: 144, contig: contig_2523, protein: unknown, score1: 1.0, score2: 0.0
10	Gene No. 4, gene caller: glimmer, leftEnd: 2834, rightEnd: 2974, strand: -, length: 141, contig: contig_2523, protein: unknown, score1: 1.0, score2: 0.0
11	Gene No. 5, gene caller: phanotate, leftEnd: 2834, rightEnd: 2974, strand: -, length: 141, contig: contig_2523, protein: unknown, score1: 1.0, score2: 0.0
12	Gene No. 6, gene caller: phanotate, leftEnd: 2950, rightEnd: 3087, strand: -, length: 138, contig: contig_2523, protein: unknown, score1: 1.0, score2: 0.0
13	Gene No. 7, gene caller: phanotate, leftEnd: 3081, rightEnd: 3221, strand: +, length: 141, contig: contig_2523, protein: unknown, score1: 1.0, score2: 0.0
14	Gene No. 5, gene caller: glimmer, leftEnd: 3325, rightEnd: 3585, strand: -, length: 261, contig: contig_2523, protein: unknown, score1: 1.0, score2: 0.0
15	Gene No. 8, gene caller: phanotate, leftEnd: 3325, rightEnd: 3600, strand: -, length: 276, contig: contig_2523, protein: unknown, score1: 1.0, score2: 0.0
16	Gene No. 3, gene caller: prodigal, leftEnd: 3325, rightEnd: 3600, strand: -, length: 276, contig: contig_2523, protein: unknown, score1: 1.0, score2: 0.0
17	Gene No. 7, gene caller: glimmer, leftEnd: 3607, rightEnd: 3774, strand: -, length: 168, contig: contig_2523, protein: unknown, score1: 1.0, score2: 0.0
18	Gene No. 9, gene caller: phanotate, leftEnd: 3607, rightEnd: 3780, strand: -, length: 174, contig: contig_2523, protein: unknown, score1: 1.0, score2: 0.0
19	Gene No. 4, gene caller: prodigal, leftEnd: 3607, rightEnd: 3780, strand: -, length: 174, contig: contig_2523, protein: unknown, score1: 1.0, score2: 0.0
Comparing across geneCall sets....
Scoring gene calls....
Identifying common core...
This is the Common Core List:

***************Common Core
CC-gene 1	Gene No. 1, gene caller: All_callers, leftEnd: 834, rightEnd: 2387, strand: -, length: 1554, contig: contig_2523, protein: unknown, score1: 1.0, score2: 0.0
Printing gene-call superset, consensus, and common_core in GFF and CGC formats
Printing report....
The following gene callers were considered: glimmer, phanotate, prodigal, The number of distinct gene calls over all gene callers is 11
The number of gene calls in common among all callers is 1
The number of unique (non-matching) gene calls is4
Caller glimmer produced 6 gene calls.
Caller glimmer gene-call length stats:  min: 141, max: 1554, ave: 404.5
Caller phanotate produced 9 gene calls.
Caller phanotate gene-call length stats:  min: 138, max: 1554, ave: 387.3333333333333
Caller prodigal produced 4 gene calls.
Caller prodigal gene-call length stats:  min: 174, max: 1554, ave: 690.75

Gene-call Scores:
Caller	Contig	Gene No.	Left End	Right End	Strand	gcScore
phanotate	contig_2523	1	1	759	-	0.83
prodigal	contig_2523	1	1	759	-	0.83
glimmer	contig_2523	1	834	2387	-	1.00
phanotate	contig_2523	2	834	2387	-	1.00
prodigal	contig_2523	2	834	2387	-	1.00
glimmer	contig_2523	2	2402	2560	-	0.83
phanotate	contig_2523	3	2402	2560	-	0.83
glimmer	contig_2523	3	2635	2778	+	0.83
phanotate	contig_2523	4	2635	2778	+	0.83
glimmer	contig_2523	4	2834	2974	-	0.83
phanotate	contig_2523	5	2834	2974	-	0.83
phanotate	contig_2523	6	2950	3087	-	0.33
phanotate	contig_2523	7	3081	3221	+	0.33
glimmer	contig_2523	5	3325	3585	-	0.50
phanotate	contig_2523	8	3325	3600	-	0.83
prodigal	contig_2523	3	3325	3600	-	0.83
glimmer	contig_2523	7	3607	3774	-	0.50
phanotate	contig_2523	9	3607	3780	-	0.83
prodigal	contig_2523	4	3607	3780	-	0.83

Gene-call Consensus Scores:
Caller glimmer average gene-call score: 0.75
Caller phanotate average gene-call score: 0.74
Caller prodigal average gene-call score: 0.88

***************Unique List
Unique gene call 1
  --  Gene No. 1, gene caller: phanotate, leftEnd: 1, rightEnd: 759, strand: -, length: 759, contig: contig_2523, protein: unknown, score1: 0.8333333333333333, score2: 0.0
  --  Gene No. 1, gene caller: prodigal, leftEnd: 1, rightEnd: 759, strand: -, length: 759, contig: contig_2523, protein: unknown, score1: 0.8333333333333333, score2: 0.0
Unique gene call 2
  --  Gene No. 1, gene caller: glimmer, leftEnd: 834, rightEnd: 2387, strand: -, length: 1554, contig: contig_2523, protein: unknown, score1: 1.0, score2: 0.0
  --  Gene No. 2, gene caller: phanotate, leftEnd: 834, rightEnd: 2387, strand: -, length: 1554, contig: contig_2523, protein: unknown, score1: 1.0, score2: 0.0
  --  Gene No. 2, gene caller: prodigal, leftEnd: 834, rightEnd: 2387, strand: -, length: 1554, contig: contig_2523, protein: unknown, score1: 1.0, score2: 0.0
Unique gene call 3
  --  Gene No. 2, gene caller: glimmer, leftEnd: 2402, rightEnd: 2560, strand: -, length: 159, contig: contig_2523, protein: unknown, score1: 0.8333333333333333, score2: 0.0
  --  Gene No. 3, gene caller: phanotate, leftEnd: 2402, rightEnd: 2560, strand: -, length: 159, contig: contig_2523, protein: unknown, score1: 0.8333333333333333, score2: 0.0
Unique gene call 4
  --  Gene No. 3, gene caller: glimmer, leftEnd: 2635, rightEnd: 2778, strand: +, length: 144, contig: contig_2523, protein: unknown, score1: 0.8333333333333333, score2: 0.0
  --  Gene No. 4, gene caller: phanotate, leftEnd: 2635, rightEnd: 2778, strand: +, length: 144, contig: contig_2523, protein: unknown, score1: 0.8333333333333333, score2: 0.0
Unique gene call 5
  --  Gene No. 4, gene caller: glimmer, leftEnd: 2834, rightEnd: 2974, strand: -, length: 141, contig: contig_2523, protein: unknown, score1: 0.8333333333333333, score2: 0.0
  --  Gene No. 5, gene caller: phanotate, leftEnd: 2834, rightEnd: 2974, strand: -, length: 141, contig: contig_2523, protein: unknown, score1: 0.8333333333333333, score2: 0.0
Unique gene call 6
  --  Gene No. 6, gene caller: phanotate, leftEnd: 2950, rightEnd: 3087, strand: -, length: 138, contig: contig_2523, protein: unknown, score1: 0.3333333333333333, score2: 0.0
Unique gene call 7
  --  Gene No. 7, gene caller: phanotate, leftEnd: 3081, rightEnd: 3221, strand: +, length: 141, contig: contig_2523, protein: unknown, score1: 0.3333333333333333, score2: 0.0
Unique gene call 8
  --  Gene No. 5, gene caller: glimmer, leftEnd: 3325, rightEnd: 3585, strand: -, length: 261, contig: contig_2523, protein: unknown, score1: 0.5, score2: 0.0
Unique gene call 9
  --  Gene No. 8, gene caller: phanotate, leftEnd: 3325, rightEnd: 3600, strand: -, length: 276, contig: contig_2523, protein: unknown, score1: 0.8333333333333333, score2: 0.0
  --  Gene No. 3, gene caller: prodigal, leftEnd: 3325, rightEnd: 3600, strand: -, length: 276, contig: contig_2523, protein: unknown, score1: 0.8333333333333333, score2: 0.0
Unique gene call 10
  --  Gene No. 7, gene caller: glimmer, leftEnd: 3607, rightEnd: 3774, strand: -, length: 168, contig: contig_2523, protein: unknown, score1: 0.5, score2: 0.0
Unique gene call 11
  --  Gene No. 9, gene caller: phanotate, leftEnd: 3607, rightEnd: 3780, strand: -, length: 174, contig: contig_2523, protein: unknown, score1: 0.8333333333333333, score2: 0.0
  --  Gene No. 4, gene caller: prodigal, leftEnd: 3607, rightEnd: 3780, strand: -, length: 174, contig: contig_2523, protein: unknown, score1: 0.8333333333333333, score2: 0.0
Code complete at 2021-04-21 09:31:10.329046
