Opening log at 2021-04-21 09:38:12.964261
Iterating through fileSet at 2021-04-21 09:38:12.964465
fileSet is ['/home/james/Software/multiPhATE2/PipelineOutput/contig_2882/commoncore.cgc', '/home/james/Software/multiPhATE2/PipelineOutput/contig_2882/consensus.cgc', '/home/james/Software/multiPhATE2/PipelineOutput/contig_2882/glimmer.cgc', '/home/james/Software/multiPhATE2/PipelineOutput/contig_2882/phanotate.cgc', '/home/james/Software/multiPhATE2/PipelineOutput/contig_2882/prodigal.cgc', '/home/james/Software/multiPhATE2/PipelineOutput/contig_2882/superset.cgc']
Opening geneFile /home/james/Software/multiPhATE2/PipelineOutput/contig_2882/commoncore.cgc
Adding calls from geneFile /home/james/Software/multiPhATE2/PipelineOutput/contig_2882/commoncore.cgc
Appending call set  number of calls is: 0
Opening geneFile /home/james/Software/multiPhATE2/PipelineOutput/contig_2882/consensus.cgc
Adding calls from geneFile /home/james/Software/multiPhATE2/PipelineOutput/contig_2882/consensus.cgc
Appending call set  number of calls is: 0
Opening geneFile /home/james/Software/multiPhATE2/PipelineOutput/contig_2882/glimmer.cgc
Adding calls from geneFile /home/james/Software/multiPhATE2/PipelineOutput/contig_2882/glimmer.cgc
Appending call set  number of calls is: 17
Opening geneFile /home/james/Software/multiPhATE2/PipelineOutput/contig_2882/phanotate.cgc
Adding calls from geneFile /home/james/Software/multiPhATE2/PipelineOutput/contig_2882/phanotate.cgc
Appending call set  number of calls is: 22
Opening geneFile /home/james/Software/multiPhATE2/PipelineOutput/contig_2882/prodigal.cgc
Adding calls from geneFile /home/james/Software/multiPhATE2/PipelineOutput/contig_2882/prodigal.cgc
Appending call set  number of calls is: 17
Opening geneFile /home/james/Software/multiPhATE2/PipelineOutput/contig_2882/superset.cgc
Adding calls from geneFile /home/james/Software/multiPhATE2/PipelineOutput/contig_2882/superset.cgc
Appending call set  number of calls is: 0
All call sets have been added to caller list. Number of call sets in callerList: 6
callerList is   glimmer phanotate prodigal  
Total number of gene calls across callerList call sets is: 56
Sorting gene calls for each caller
Processing a callSet
Before sorting, Length of callerList for caller  is 0
After sorting, Length of callerList for caller  is 0
Processing a callSet
Before sorting, Length of callerList for caller  is 0
After sorting, Length of callerList for caller  is 0
Processing a callSet
Before sorting, Length of callerList for caller glimmer is 17
After sorting, Length of callerList for caller glimmer is 17
Processing a callSet
Before sorting, Length of callerList for caller phanotate is 22
After sorting, Length of callerList for caller phanotate is 22
Processing a callSet
Before sorting, Length of callerList for caller prodigal is 17
After sorting, Length of callerList for caller prodigal is 17
Processing a callSet
Before sorting, Length of callerList for caller  is 0
After sorting, Length of callerList for caller  is 0
callSet processing complete
Comparing across the call sets...
Merging the geneCall sets....
Final merged genes:

***************Merge List
1	Gene No. 1, gene caller: glimmer, leftEnd: 22, rightEnd: 594, strand: +, length: 573, contig: contig_2882, protein: unknown, score1: 1.0, score2: 0.0
2	Gene No. 1, gene caller: phanotate, leftEnd: 22, rightEnd: 594, strand: +, length: 573, contig: contig_2882, protein: unknown, score1: 1.0, score2: 0.0
3	Gene No. 1, gene caller: prodigal, leftEnd: 22, rightEnd: 594, strand: +, length: 573, contig: contig_2882, protein: unknown, score1: 1.0, score2: 0.0
4	Gene No. 2, gene caller: glimmer, leftEnd: 607, rightEnd: 936, strand: +, length: 330, contig: contig_2882, protein: unknown, score1: 1.0, score2: 0.0
5	Gene No. 2, gene caller: prodigal, leftEnd: 607, rightEnd: 936, strand: +, length: 330, contig: contig_2882, protein: unknown, score1: 1.0, score2: 0.0
6	Gene No. 2, gene caller: phanotate, leftEnd: 681, rightEnd: 779, strand: -, length: 99, contig: contig_2882, protein: unknown, score1: 1.0, score2: 0.0
7	Gene No. 3, gene caller: phanotate, leftEnd: 827, rightEnd: 1750, strand: +, length: 924, contig: contig_2882, protein: unknown, score1: 1.0, score2: 0.0
8	Gene No. 3, gene caller: glimmer, leftEnd: 929, rightEnd: 1750, strand: +, length: 822, contig: contig_2882, protein: unknown, score1: 1.0, score2: 0.0
9	Gene No. 3, gene caller: prodigal, leftEnd: 929, rightEnd: 1750, strand: +, length: 822, contig: contig_2882, protein: unknown, score1: 1.0, score2: 0.0
10	Gene No. 4, gene caller: glimmer, leftEnd: 1755, rightEnd: 2450, strand: +, length: 696, contig: contig_2882, protein: unknown, score1: 1.0, score2: 0.0
11	Gene No. 4, gene caller: phanotate, leftEnd: 1755, rightEnd: 2450, strand: +, length: 696, contig: contig_2882, protein: unknown, score1: 1.0, score2: 0.0
12	Gene No. 4, gene caller: prodigal, leftEnd: 1755, rightEnd: 2450, strand: +, length: 696, contig: contig_2882, protein: unknown, score1: 1.0, score2: 0.0
13	Gene No. 5, gene caller: glimmer, leftEnd: 2450, rightEnd: 2797, strand: +, length: 348, contig: contig_2882, protein: unknown, score1: 1.0, score2: 0.0
14	Gene No. 5, gene caller: phanotate, leftEnd: 2450, rightEnd: 2797, strand: +, length: 348, contig: contig_2882, protein: unknown, score1: 1.0, score2: 0.0
15	Gene No. 5, gene caller: prodigal, leftEnd: 2450, rightEnd: 2797, strand: +, length: 348, contig: contig_2882, protein: unknown, score1: 1.0, score2: 0.0
16	Gene No. 6, gene caller: phanotate, leftEnd: 2772, rightEnd: 3995, strand: +, length: 1224, contig: contig_2882, protein: unknown, score1: 1.0, score2: 0.0
17	Gene No. 6, gene caller: prodigal, leftEnd: 2772, rightEnd: 3995, strand: +, length: 1224, contig: contig_2882, protein: unknown, score1: 1.0, score2: 0.0
18	Gene No. 6, gene caller: glimmer, leftEnd: 2790, rightEnd: 3995, strand: +, length: 1206, contig: contig_2882, protein: unknown, score1: 1.0, score2: 0.0
19	Gene No. 7, gene caller: prodigal, leftEnd: 3992, rightEnd: 4147, strand: +, length: 156, contig: contig_2882, protein: unknown, score1: 1.0, score2: 0.0
20	Gene No. 7, gene caller: glimmer, leftEnd: 4053, rightEnd: 4667, strand: +, length: 615, contig: contig_2882, protein: unknown, score1: 1.0, score2: 0.0
21	Gene No. 7, gene caller: phanotate, leftEnd: 4053, rightEnd: 4667, strand: +, length: 615, contig: contig_2882, protein: unknown, score1: 1.0, score2: 0.0
22	Gene No. 8, gene caller: prodigal, leftEnd: 4095, rightEnd: 4667, strand: +, length: 573, contig: contig_2882, protein: unknown, score1: 1.0, score2: 0.0
23	Gene No. 8, gene caller: glimmer, leftEnd: 4677, rightEnd: 5216, strand: +, length: 540, contig: contig_2882, protein: unknown, score1: 1.0, score2: 0.0
24	Gene No. 8, gene caller: phanotate, leftEnd: 4677, rightEnd: 5216, strand: +, length: 540, contig: contig_2882, protein: unknown, score1: 1.0, score2: 0.0
25	Gene No. 9, gene caller: prodigal, leftEnd: 4677, rightEnd: 5216, strand: +, length: 540, contig: contig_2882, protein: unknown, score1: 1.0, score2: 0.0
26	Gene No. 10, gene caller: prodigal, leftEnd: 5170, rightEnd: 5448, strand: +, length: 279, contig: contig_2882, protein: unknown, score1: 1.0, score2: 0.0
27	Gene No. 9, gene caller: phanotate, leftEnd: 5194, rightEnd: 5448, strand: +, length: 255, contig: contig_2882, protein: unknown, score1: 1.0, score2: 0.0
28	Gene No. 10, gene caller: phanotate, leftEnd: 5445, rightEnd: 5534, strand: +, length: 90, contig: contig_2882, protein: unknown, score1: 1.0, score2: 0.0
29	Gene No. 11, gene caller: prodigal, leftEnd: 5531, rightEnd: 6190, strand: +, length: 660, contig: contig_2882, protein: unknown, score1: 1.0, score2: 0.0
30	Gene No. 9, gene caller: glimmer, leftEnd: 5600, rightEnd: 6190, strand: +, length: 591, contig: contig_2882, protein: unknown, score1: 1.0, score2: 0.0
31	Gene No. 11, gene caller: phanotate, leftEnd: 5692, rightEnd: 5793, strand: +, length: 102, contig: contig_2882, protein: unknown, score1: 1.0, score2: 0.0
32	Gene No. 12, gene caller: phanotate, leftEnd: 5985, rightEnd: 6827, strand: +, length: 843, contig: contig_2882, protein: unknown, score1: 1.0, score2: 0.0
33	Gene No. 10, gene caller: glimmer, leftEnd: 6201, rightEnd: 6827, strand: +, length: 627, contig: contig_2882, protein: unknown, score1: 1.0, score2: 0.0
34	Gene No. 12, gene caller: prodigal, leftEnd: 6201, rightEnd: 6827, strand: +, length: 627, contig: contig_2882, protein: unknown, score1: 1.0, score2: 0.0
35	Gene No. 13, gene caller: phanotate, leftEnd: 6842, rightEnd: 6931, strand: -, length: 90, contig: contig_2882, protein: unknown, score1: 1.0, score2: 0.0
36	Gene No. 11, gene caller: glimmer, leftEnd: 7017, rightEnd: 7682, strand: +, length: 666, contig: contig_2882, protein: unknown, score1: 1.0, score2: 0.0
37	Gene No. 14, gene caller: phanotate, leftEnd: 7017, rightEnd: 7682, strand: +, length: 666, contig: contig_2882, protein: unknown, score1: 1.0, score2: 0.0
38	Gene No. 13, gene caller: prodigal, leftEnd: 7017, rightEnd: 7682, strand: +, length: 666, contig: contig_2882, protein: unknown, score1: 1.0, score2: 0.0
39	Gene No. 15, gene caller: phanotate, leftEnd: 7633, rightEnd: 7743, strand: -, length: 111, contig: contig_2882, protein: unknown, score1: 1.0, score2: 0.0
40	Gene No. 12, gene caller: glimmer, leftEnd: 7707, rightEnd: 7838, strand: -, length: 132, contig: contig_2882, protein: unknown, score1: 1.0, score2: 0.0
41	Gene No. 14, gene caller: prodigal, leftEnd: 7707, rightEnd: 7838, strand: -, length: 132, contig: contig_2882, protein: unknown, score1: 1.0, score2: 0.0
42	Gene No. 16, gene caller: phanotate, leftEnd: 7754, rightEnd: 7969, strand: -, length: 216, contig: contig_2882, protein: unknown, score1: 1.0, score2: 0.0
43	Gene No. 13, gene caller: glimmer, leftEnd: 7961, rightEnd: 8311, strand: +, length: 351, contig: contig_2882, protein: unknown, score1: 1.0, score2: 0.0
44	Gene No. 17, gene caller: phanotate, leftEnd: 7961, rightEnd: 8311, strand: +, length: 351, contig: contig_2882, protein: unknown, score1: 1.0, score2: 0.0
45	Gene No. 15, gene caller: prodigal, leftEnd: 7961, rightEnd: 8311, strand: +, length: 351, contig: contig_2882, protein: unknown, score1: 1.0, score2: 0.0
46	Gene No. 18, gene caller: phanotate, leftEnd: 8355, rightEnd: 8531, strand: +, length: 177, contig: contig_2882, protein: unknown, score1: 1.0, score2: 0.0
47	Gene No. 14, gene caller: glimmer, leftEnd: 8394, rightEnd: 8531, strand: +, length: 138, contig: contig_2882, protein: unknown, score1: 1.0, score2: 0.0
48	Gene No. 15, gene caller: glimmer, leftEnd: 8661, rightEnd: 9443, strand: +, length: 783, contig: contig_2882, protein: unknown, score1: 1.0, score2: 0.0
49	Gene No. 19, gene caller: phanotate, leftEnd: 8661, rightEnd: 9443, strand: +, length: 783, contig: contig_2882, protein: unknown, score1: 1.0, score2: 0.0
50	Gene No. 16, gene caller: prodigal, leftEnd: 8661, rightEnd: 9443, strand: +, length: 783, contig: contig_2882, protein: unknown, score1: 1.0, score2: 0.0
51	Gene No. 16, gene caller: glimmer, leftEnd: 9418, rightEnd: 9534, strand: -, length: 117, contig: contig_2882, protein: unknown, score1: 1.0, score2: 0.0
52	Gene No. 20, gene caller: phanotate, leftEnd: 9433, rightEnd: 9540, strand: +, length: 108, contig: contig_2882, protein: unknown, score1: 1.0, score2: 0.0
53	Gene No. 21, gene caller: phanotate, leftEnd: 9678, rightEnd: 9827, strand: +, length: 150, contig: contig_2882, protein: unknown, score1: 1.0, score2: 0.0
54	Gene No. 17, gene caller: glimmer, leftEnd: 9847, rightEnd: 10491, strand: -, length: 645, contig: contig_2882, protein: unknown, score1: 1.0, score2: 0.0
55	Gene No. 22, gene caller: phanotate, leftEnd: 9847, rightEnd: 10530, strand: -, length: 684, contig: contig_2882, protein: unknown, score1: 1.0, score2: 0.0
56	Gene No. 17, gene caller: prodigal, leftEnd: 9847, rightEnd: 10530, strand: -, length: 684, contig: contig_2882, protein: unknown, score1: 1.0, score2: 0.0
Comparing across geneCall sets....
Scoring gene calls....
Identifying common core...
This is the Common Core List:

***************Common Core
CC-gene 1	Gene No. 1, gene caller: All_callers, leftEnd: 22, rightEnd: 594, strand: +, length: 573, contig: contig_2882, protein: unknown, score1: 1.0, score2: 0.0
CC-gene 2	Gene No. 1, gene caller: All_callers, leftEnd: 1755, rightEnd: 2450, strand: +, length: 696, contig: contig_2882, protein: unknown, score1: 1.0, score2: 0.0
CC-gene 3	Gene No. 1, gene caller: All_callers, leftEnd: 2450, rightEnd: 2797, strand: +, length: 348, contig: contig_2882, protein: unknown, score1: 1.0, score2: 0.0
CC-gene 4	Gene No. 1, gene caller: All_callers, leftEnd: 4677, rightEnd: 5216, strand: +, length: 540, contig: contig_2882, protein: unknown, score1: 1.0, score2: 0.0
CC-gene 5	Gene No. 1, gene caller: All_callers, leftEnd: 7017, rightEnd: 7682, strand: +, length: 666, contig: contig_2882, protein: unknown, score1: 1.0, score2: 0.0
CC-gene 6	Gene No. 1, gene caller: All_callers, leftEnd: 7961, rightEnd: 8311, strand: +, length: 351, contig: contig_2882, protein: unknown, score1: 1.0, score2: 0.0
CC-gene 7	Gene No. 1, gene caller: All_callers, leftEnd: 8661, rightEnd: 9443, strand: +, length: 783, contig: contig_2882, protein: unknown, score1: 1.0, score2: 0.0
Printing gene-call superset, consensus, and common_core in GFF and CGC formats
Printing report....
The following gene callers were considered: glimmer, phanotate, prodigal, The number of distinct gene calls over all gene callers is 35
The number of gene calls in common among all callers is 7
The number of unique (non-matching) gene calls is21
Caller glimmer produced 17 gene calls.
Caller glimmer gene-call length stats:  min: 117, max: 1206, ave: 540.0
Caller phanotate produced 22 gene calls.
Caller phanotate gene-call length stats:  min: 90, max: 1224, ave: 438.40909090909093
Caller prodigal produced 17 gene calls.
Caller prodigal gene-call length stats:  min: 132, max: 1224, ave: 555.5294117647059

Gene-call Scores:
Caller	Contig	Gene No.	Left End	Right End	Strand	gcScore
glimmer	contig_2882	1	22	594	+	1.00
phanotate	contig_2882	1	22	594	+	1.00
prodigal	contig_2882	1	22	594	+	1.00
glimmer	contig_2882	2	607	936	+	0.83
prodigal	contig_2882	2	607	936	+	0.83
phanotate	contig_2882	2	681	779	-	0.33
phanotate	contig_2882	3	827	1750	+	0.50
glimmer	contig_2882	3	929	1750	+	0.83
prodigal	contig_2882	3	929	1750	+	0.83
glimmer	contig_2882	4	1755	2450	+	1.00
phanotate	contig_2882	4	1755	2450	+	1.00
prodigal	contig_2882	4	1755	2450	+	1.00
glimmer	contig_2882	5	2450	2797	+	1.00
phanotate	contig_2882	5	2450	2797	+	1.00
prodigal	contig_2882	5	2450	2797	+	1.00
phanotate	contig_2882	6	2772	3995	+	0.83
prodigal	contig_2882	6	2772	3995	+	0.83
glimmer	contig_2882	6	2790	3995	+	0.50
prodigal	contig_2882	7	3992	4147	+	0.33
glimmer	contig_2882	7	4053	4667	+	0.83
phanotate	contig_2882	7	4053	4667	+	0.83
prodigal	contig_2882	8	4095	4667	+	0.50
glimmer	contig_2882	8	4677	5216	+	1.00
phanotate	contig_2882	8	4677	5216	+	1.00
prodigal	contig_2882	9	4677	5216	+	1.00
prodigal	contig_2882	10	5170	5448	+	0.50
phanotate	contig_2882	9	5194	5448	+	0.50
phanotate	contig_2882	10	5445	5534	+	0.33
prodigal	contig_2882	11	5531	6190	+	0.50
glimmer	contig_2882	9	5600	6190	+	0.50
phanotate	contig_2882	11	5692	5793	+	0.33
phanotate	contig_2882	12	5985	6827	+	0.50
glimmer	contig_2882	10	6201	6827	+	0.83
prodigal	contig_2882	12	6201	6827	+	0.83
phanotate	contig_2882	13	6842	6931	-	0.33
glimmer	contig_2882	11	7017	7682	+	1.00
phanotate	contig_2882	14	7017	7682	+	1.00
prodigal	contig_2882	13	7017	7682	+	1.00
phanotate	contig_2882	15	7633	7743	-	0.33
glimmer	contig_2882	12	7707	7838	-	0.83
prodigal	contig_2882	14	7707	7838	-	0.83
phanotate	contig_2882	16	7754	7969	-	0.33
glimmer	contig_2882	13	7961	8311	+	1.00
phanotate	contig_2882	17	7961	8311	+	1.00
prodigal	contig_2882	15	7961	8311	+	1.00
phanotate	contig_2882	18	8355	8531	+	0.50
glimmer	contig_2882	14	8394	8531	+	0.50
glimmer	contig_2882	15	8661	9443	+	1.00
phanotate	contig_2882	19	8661	9443	+	1.00
prodigal	contig_2882	16	8661	9443	+	1.00
glimmer	contig_2882	16	9418	9534	-	0.33
phanotate	contig_2882	20	9433	9540	+	0.33
phanotate	contig_2882	21	9678	9827	+	0.33
glimmer	contig_2882	17	9847	10491	-	0.50
phanotate	contig_2882	22	9847	10530	-	0.83
prodigal	contig_2882	17	9847	10530	-	0.83

Gene-call Consensus Scores:
Caller glimmer average gene-call score: 0.79
Caller phanotate average gene-call score: 0.64
Caller prodigal average gene-call score: 0.81

***************Unique List
Unique gene call 1
  --  Gene No. 1, gene caller: glimmer, leftEnd: 22, rightEnd: 594, strand: +, length: 573, contig: contig_2882, protein: unknown, score1: 1.0, score2: 0.0
  --  Gene No. 1, gene caller: phanotate, leftEnd: 22, rightEnd: 594, strand: +, length: 573, contig: contig_2882, protein: unknown, score1: 1.0, score2: 0.0
  --  Gene No. 1, gene caller: prodigal, leftEnd: 22, rightEnd: 594, strand: +, length: 573, contig: contig_2882, protein: unknown, score1: 1.0, score2: 0.0
Unique gene call 2
  --  Gene No. 2, gene caller: glimmer, leftEnd: 607, rightEnd: 936, strand: +, length: 330, contig: contig_2882, protein: unknown, score1: 0.8333333333333333, score2: 0.0
  --  Gene No. 2, gene caller: prodigal, leftEnd: 607, rightEnd: 936, strand: +, length: 330, contig: contig_2882, protein: unknown, score1: 0.8333333333333333, score2: 0.0
Unique gene call 3
  --  Gene No. 2, gene caller: phanotate, leftEnd: 681, rightEnd: 779, strand: -, length: 99, contig: contig_2882, protein: unknown, score1: 0.3333333333333333, score2: 0.0
Unique gene call 4
  --  Gene No. 3, gene caller: phanotate, leftEnd: 827, rightEnd: 1750, strand: +, length: 924, contig: contig_2882, protein: unknown, score1: 0.5, score2: 0.0
Unique gene call 5
  --  Gene No. 3, gene caller: glimmer, leftEnd: 929, rightEnd: 1750, strand: +, length: 822, contig: contig_2882, protein: unknown, score1: 0.8333333333333333, score2: 0.0
  --  Gene No. 3, gene caller: prodigal, leftEnd: 929, rightEnd: 1750, strand: +, length: 822, contig: contig_2882, protein: unknown, score1: 0.8333333333333333, score2: 0.0
Unique gene call 6
  --  Gene No. 4, gene caller: glimmer, leftEnd: 1755, rightEnd: 2450, strand: +, length: 696, contig: contig_2882, protein: unknown, score1: 1.0, score2: 0.0
  --  Gene No. 4, gene caller: phanotate, leftEnd: 1755, rightEnd: 2450, strand: +, length: 696, contig: contig_2882, protein: unknown, score1: 1.0, score2: 0.0
  --  Gene No. 4, gene caller: prodigal, leftEnd: 1755, rightEnd: 2450, strand: +, length: 696, contig: contig_2882, protein: unknown, score1: 1.0, score2: 0.0
Unique gene call 7
  --  Gene No. 5, gene caller: glimmer, leftEnd: 2450, rightEnd: 2797, strand: +, length: 348, contig: contig_2882, protein: unknown, score1: 1.0, score2: 0.0
  --  Gene No. 5, gene caller: phanotate, leftEnd: 2450, rightEnd: 2797, strand: +, length: 348, contig: contig_2882, protein: unknown, score1: 1.0, score2: 0.0
  --  Gene No. 5, gene caller: prodigal, leftEnd: 2450, rightEnd: 2797, strand: +, length: 348, contig: contig_2882, protein: unknown, score1: 1.0, score2: 0.0
Unique gene call 8
  --  Gene No. 6, gene caller: phanotate, leftEnd: 2772, rightEnd: 3995, strand: +, length: 1224, contig: contig_2882, protein: unknown, score1: 0.8333333333333333, score2: 0.0
  --  Gene No. 6, gene caller: prodigal, leftEnd: 2772, rightEnd: 3995, strand: +, length: 1224, contig: contig_2882, protein: unknown, score1: 0.8333333333333333, score2: 0.0
Unique gene call 9
  --  Gene No. 6, gene caller: glimmer, leftEnd: 2790, rightEnd: 3995, strand: +, length: 1206, contig: contig_2882, protein: unknown, score1: 0.5, score2: 0.0
Unique gene call 10
  --  Gene No. 7, gene caller: prodigal, leftEnd: 3992, rightEnd: 4147, strand: +, length: 156, contig: contig_2882, protein: unknown, score1: 0.3333333333333333, score2: 0.0
Unique gene call 11
  --  Gene No. 7, gene caller: glimmer, leftEnd: 4053, rightEnd: 4667, strand: +, length: 615, contig: contig_2882, protein: unknown, score1: 0.8333333333333333, score2: 0.0
  --  Gene No. 7, gene caller: phanotate, leftEnd: 4053, rightEnd: 4667, strand: +, length: 615, contig: contig_2882, protein: unknown, score1: 0.8333333333333333, score2: 0.0
Unique gene call 12
  --  Gene No. 8, gene caller: prodigal, leftEnd: 4095, rightEnd: 4667, strand: +, length: 573, contig: contig_2882, protein: unknown, score1: 0.5, score2: 0.0
Unique gene call 13
  --  Gene No. 8, gene caller: glimmer, leftEnd: 4677, rightEnd: 5216, strand: +, length: 540, contig: contig_2882, protein: unknown, score1: 1.0, score2: 0.0
  --  Gene No. 8, gene caller: phanotate, leftEnd: 4677, rightEnd: 5216, strand: +, length: 540, contig: contig_2882, protein: unknown, score1: 1.0, score2: 0.0
  --  Gene No. 9, gene caller: prodigal, leftEnd: 4677, rightEnd: 5216, strand: +, length: 540, contig: contig_2882, protein: unknown, score1: 1.0, score2: 0.0
Unique gene call 14
  --  Gene No. 10, gene caller: prodigal, leftEnd: 5170, rightEnd: 5448, strand: +, length: 279, contig: contig_2882, protein: unknown, score1: 0.5, score2: 0.0
Unique gene call 15
  --  Gene No. 9, gene caller: phanotate, leftEnd: 5194, rightEnd: 5448, strand: +, length: 255, contig: contig_2882, protein: unknown, score1: 0.5, score2: 0.0
Unique gene call 16
  --  Gene No. 10, gene caller: phanotate, leftEnd: 5445, rightEnd: 5534, strand: +, length: 90, contig: contig_2882, protein: unknown, score1: 0.3333333333333333, score2: 0.0
Unique gene call 17
  --  Gene No. 11, gene caller: prodigal, leftEnd: 5531, rightEnd: 6190, strand: +, length: 660, contig: contig_2882, protein: unknown, score1: 0.5, score2: 0.0
Unique gene call 18
  --  Gene No. 9, gene caller: glimmer, leftEnd: 5600, rightEnd: 6190, strand: +, length: 591, contig: contig_2882, protein: unknown, score1: 0.5, score2: 0.0
Unique gene call 19
  --  Gene No. 11, gene caller: phanotate, leftEnd: 5692, rightEnd: 5793, strand: +, length: 102, contig: contig_2882, protein: unknown, score1: 0.3333333333333333, score2: 0.0
Unique gene call 20
  --  Gene No. 12, gene caller: phanotate, leftEnd: 5985, rightEnd: 6827, strand: +, length: 843, contig: contig_2882, protein: unknown, score1: 0.5, score2: 0.0
Unique gene call 21
  --  Gene No. 10, gene caller: glimmer, leftEnd: 6201, rightEnd: 6827, strand: +, length: 627, contig: contig_2882, protein: unknown, score1: 0.8333333333333333, score2: 0.0
  --  Gene No. 12, gene caller: prodigal, leftEnd: 6201, rightEnd: 6827, strand: +, length: 627, contig: contig_2882, protein: unknown, score1: 0.8333333333333333, score2: 0.0
Unique gene call 22
  --  Gene No. 13, gene caller: phanotate, leftEnd: 6842, rightEnd: 6931, strand: -, length: 90, contig: contig_2882, protein: unknown, score1: 0.3333333333333333, score2: 0.0
Unique gene call 23
  --  Gene No. 11, gene caller: glimmer, leftEnd: 7017, rightEnd: 7682, strand: +, length: 666, contig: contig_2882, protein: unknown, score1: 1.0, score2: 0.0
  --  Gene No. 14, gene caller: phanotate, leftEnd: 7017, rightEnd: 7682, strand: +, length: 666, contig: contig_2882, protein: unknown, score1: 1.0, score2: 0.0
  --  Gene No. 13, gene caller: prodigal, leftEnd: 7017, rightEnd: 7682, strand: +, length: 666, contig: contig_2882, protein: unknown, score1: 1.0, score2: 0.0
Unique gene call 24
  --  Gene No. 15, gene caller: phanotate, leftEnd: 7633, rightEnd: 7743, strand: -, length: 111, contig: contig_2882, protein: unknown, score1: 0.3333333333333333, score2: 0.0
Unique gene call 25
  --  Gene No. 12, gene caller: glimmer, leftEnd: 7707, rightEnd: 7838, strand: -, length: 132, contig: contig_2882, protein: unknown, score1: 0.8333333333333333, score2: 0.0
  --  Gene No. 14, gene caller: prodigal, leftEnd: 7707, rightEnd: 7838, strand: -, length: 132, contig: contig_2882, protein: unknown, score1: 0.8333333333333333, score2: 0.0
Unique gene call 26
  --  Gene No. 16, gene caller: phanotate, leftEnd: 7754, rightEnd: 7969, strand: -, length: 216, contig: contig_2882, protein: unknown, score1: 0.3333333333333333, score2: 0.0
Unique gene call 27
  --  Gene No. 13, gene caller: glimmer, leftEnd: 7961, rightEnd: 8311, strand: +, length: 351, contig: contig_2882, protein: unknown, score1: 1.0, score2: 0.0
  --  Gene No. 17, gene caller: phanotate, leftEnd: 7961, rightEnd: 8311, strand: +, length: 351, contig: contig_2882, protein: unknown, score1: 1.0, score2: 0.0
  --  Gene No. 15, gene caller: prodigal, leftEnd: 7961, rightEnd: 8311, strand: +, length: 351, contig: contig_2882, protein: unknown, score1: 1.0, score2: 0.0
Unique gene call 28
  --  Gene No. 18, gene caller: phanotate, leftEnd: 8355, rightEnd: 8531, strand: +, length: 177, contig: contig_2882, protein: unknown, score1: 0.5, score2: 0.0
Unique gene call 29
  --  Gene No. 14, gene caller: glimmer, leftEnd: 8394, rightEnd: 8531, strand: +, length: 138, contig: contig_2882, protein: unknown, score1: 0.5, score2: 0.0
Unique gene call 30
  --  Gene No. 15, gene caller: glimmer, leftEnd: 8661, rightEnd: 9443, strand: +, length: 783, contig: contig_2882, protein: unknown, score1: 1.0, score2: 0.0
  --  Gene No. 19, gene caller: phanotate, leftEnd: 8661, rightEnd: 9443, strand: +, length: 783, contig: contig_2882, protein: unknown, score1: 1.0, score2: 0.0
  --  Gene No. 16, gene caller: prodigal, leftEnd: 8661, rightEnd: 9443, strand: +, length: 783, contig: contig_2882, protein: unknown, score1: 1.0, score2: 0.0
Unique gene call 31
  --  Gene No. 16, gene caller: glimmer, leftEnd: 9418, rightEnd: 9534, strand: -, length: 117, contig: contig_2882, protein: unknown, score1: 0.3333333333333333, score2: 0.0
Unique gene call 32
  --  Gene No. 20, gene caller: phanotate, leftEnd: 9433, rightEnd: 9540, strand: +, length: 108, contig: contig_2882, protein: unknown, score1: 0.3333333333333333, score2: 0.0
Unique gene call 33
  --  Gene No. 21, gene caller: phanotate, leftEnd: 9678, rightEnd: 9827, strand: +, length: 150, contig: contig_2882, protein: unknown, score1: 0.3333333333333333, score2: 0.0
Unique gene call 34
  --  Gene No. 17, gene caller: glimmer, leftEnd: 9847, rightEnd: 10491, strand: -, length: 645, contig: contig_2882, protein: unknown, score1: 0.5, score2: 0.0
Unique gene call 35
  --  Gene No. 22, gene caller: phanotate, leftEnd: 9847, rightEnd: 10530, strand: -, length: 684, contig: contig_2882, protein: unknown, score1: 0.8333333333333333, score2: 0.0
  --  Gene No. 17, gene caller: prodigal, leftEnd: 9847, rightEnd: 10530, strand: -, length: 684, contig: contig_2882, protein: unknown, score1: 0.8333333333333333, score2: 0.0
Code complete at 2021-04-21 09:38:12.976173
