Discrepancy Report Results

Summary
DISC_PROTEIN_NAMES:All proteins have same name "hypothetical protein"
FATAL: MISSING_PROTEIN_ID:16 proteins have invalid IDs.
DISC_SOURCE_QUALS_ASNDISC:strain (all present, all unique)
DISC_SOURCE_QUALS_ASNDISC:taxname (all present, all unique)
DISC_FEATURE_COUNT:CDS: 16 present
DISC_COUNT_NUCLEOTIDES:1 nucleotide Bioseqs are present
FEATURE_LOCATION_CONFLICT:16 features have inconsistent gene locations.
DISC_QUALITY_SCORES:Quality scores are missing on all sequences.
ONCALLER_COMMENT_PRESENT:1 comment descriptors were found (all same)
MISSING_GENOMEASSEMBLY_COMMENTS:1 bioseqs are missing GenomeAssembly structured comments
MOLTYPE_NOT_MRNA:1 molecule types are not set as mRNA.
TECHNIQUE_NOT_TSA:1 technique are not set as TSA
MISSING_STRUCTURED_COMMENT:1 sequences do not include structured comments.
MISSING_PROJECT:17 sequences do not include project.
DISC_INCONSISTENT_MOLINFO_TECH:Molinfo Technique Report (some missing, all same)


Detailed Report

DiscRep_ALL:DISC_PROTEIN_NAMES::All proteins have same name "hypothetical protein"

FATAL: DiscRep_ALL:MISSING_PROTEIN_ID::16 proteins have invalid IDs.
prokkaJAAOBB010000132.1/JAAOBB010000132.1:JAAOBB010000132.1_1 (length 323)
prokkaJAAOBB010000132.1/JAAOBB010000132.1:JAAOBB010000132.1_2 (length 487)
prokkaJAAOBB010000132.1/JAAOBB010000132.1:JAAOBB010000132.1_3 (length 126)
prokkaJAAOBB010000132.1/JAAOBB010000132.1:JAAOBB010000132.1_4 (length 591)
prokkaJAAOBB010000132.1/JAAOBB010000132.1:JAAOBB010000132.1_5 (length 755)
prokkaJAAOBB010000132.1/JAAOBB010000132.1:JAAOBB010000132.1_6 (length 314)
prokkaJAAOBB010000132.1/JAAOBB010000132.1:JAAOBB010000132.1_7 (length 266)
prokkaJAAOBB010000132.1/JAAOBB010000132.1:JAAOBB010000132.1_8 (length 177)
prokkaJAAOBB010000132.1/JAAOBB010000132.1:JAAOBB010000132.1_9 (length 55)
prokkaJAAOBB010000132.1/JAAOBB010000132.1:JAAOBB010000132.1_10 (length 446)
prokkaJAAOBB010000132.1/JAAOBB010000132.1:JAAOBB010000132.1_11 (length 418)
prokkaJAAOBB010000132.1/JAAOBB010000132.1:JAAOBB010000132.1_12 (length 353)
prokkaJAAOBB010000132.1/JAAOBB010000132.1:JAAOBB010000132.1_13 (length 144)
prokkaJAAOBB010000132.1/JAAOBB010000132.1:JAAOBB010000132.1_14 (length 328)
prokkaJAAOBB010000132.1/JAAOBB010000132.1:JAAOBB010000132.1_15 (length 113)
prokkaJAAOBB010000132.1/JAAOBB010000132.1:JAAOBB010000132.1_16 (length 79)

DiscRep_ALL:DISC_SOURCE_QUALS_ASNDISC::strain (all present, all unique)
DiscRep_SUB:DISC_SOURCE_QUALS_ASNDISC::1 sources have unique values for strain
DiscRep_ALL:DISC_SOURCE_QUALS_ASNDISC::taxname (all present, all unique)
DiscRep_SUB:DISC_SOURCE_QUALS_ASNDISC::1 sources have unique values for taxname
DiscRep_ALL:DISC_FEATURE_COUNT::CDS: 16 present
DiscRep_ALL:DISC_COUNT_NUCLEOTIDES::1 nucleotide Bioseqs are present
prokkaJAAOBB010000132.1/JAAOBB010000132.1:JAAOBB010000132.1 (length 15533)

DiscRep_ALL:FEATURE_LOCATION_CONFLICT::16 features have inconsistent gene locations.
DiscRep_SUB:FEATURE_LOCATION_CONFLICT::Coding region xref gene does not exist
prokkaJAAOBB010000132.1/JAAOBB010000132.1:CDS	hypothetical protein	JAAOBB010000132.1:237-1208	BACHAPGJ_00001

DiscRep_SUB:FEATURE_LOCATION_CONFLICT::Coding region xref gene does not exist
prokkaJAAOBB010000132.1/JAAOBB010000132.1:CDS	hypothetical protein	JAAOBB010000132.1:1219-2682	BACHAPGJ_00002

DiscRep_SUB:FEATURE_LOCATION_CONFLICT::Coding region xref gene does not exist
prokkaJAAOBB010000132.1/JAAOBB010000132.1:CDS	hypothetical protein	JAAOBB010000132.1:2867-3247	BACHAPGJ_00003

DiscRep_SUB:FEATURE_LOCATION_CONFLICT::Coding region xref gene does not exist
prokkaJAAOBB010000132.1/JAAOBB010000132.1:CDS	hypothetical protein	JAAOBB010000132.1:3250-5025	BACHAPGJ_00004

DiscRep_SUB:FEATURE_LOCATION_CONFLICT::Coding region xref gene does not exist
prokkaJAAOBB010000132.1/JAAOBB010000132.1:CDS	hypothetical protein	JAAOBB010000132.1:5099-7366	BACHAPGJ_00005

DiscRep_SUB:FEATURE_LOCATION_CONFLICT::Coding region xref gene does not exist
prokkaJAAOBB010000132.1/JAAOBB010000132.1:CDS	hypothetical protein	JAAOBB010000132.1:7368-8312	BACHAPGJ_00006

DiscRep_SUB:FEATURE_LOCATION_CONFLICT::Coding region xref gene does not exist
prokkaJAAOBB010000132.1/JAAOBB010000132.1:CDS	hypothetical protein	JAAOBB010000132.1:8299-9099	BACHAPGJ_00007

DiscRep_SUB:FEATURE_LOCATION_CONFLICT::Coding region xref gene does not exist
prokkaJAAOBB010000132.1/JAAOBB010000132.1:CDS	hypothetical protein	JAAOBB010000132.1:9111-9644	BACHAPGJ_00008

DiscRep_SUB:FEATURE_LOCATION_CONFLICT::Coding region xref gene does not exist
prokkaJAAOBB010000132.1/JAAOBB010000132.1:CDS	hypothetical protein	JAAOBB010000132.1:9641-9808	BACHAPGJ_00009

DiscRep_SUB:FEATURE_LOCATION_CONFLICT::Coding region xref gene does not exist
prokkaJAAOBB010000132.1/JAAOBB010000132.1:CDS	hypothetical protein	JAAOBB010000132.1:9798-11138	BACHAPGJ_00010

DiscRep_SUB:FEATURE_LOCATION_CONFLICT::Coding region xref gene does not exist
prokkaJAAOBB010000132.1/JAAOBB010000132.1:CDS	hypothetical protein	JAAOBB010000132.1:11141-12397	BACHAPGJ_00011

DiscRep_SUB:FEATURE_LOCATION_CONFLICT::Coding region xref gene does not exist
prokkaJAAOBB010000132.1/JAAOBB010000132.1:CDS	hypothetical protein	JAAOBB010000132.1:12425-13486	BACHAPGJ_00012

DiscRep_SUB:FEATURE_LOCATION_CONFLICT::Coding region xref gene does not exist
prokkaJAAOBB010000132.1/JAAOBB010000132.1:CDS	hypothetical protein	JAAOBB010000132.1:13499-13933	BACHAPGJ_00013

DiscRep_SUB:FEATURE_LOCATION_CONFLICT::Coding region xref gene does not exist
prokkaJAAOBB010000132.1/JAAOBB010000132.1:CDS	hypothetical protein	JAAOBB010000132.1:13914-14900	BACHAPGJ_00014

DiscRep_SUB:FEATURE_LOCATION_CONFLICT::Coding region xref gene does not exist
prokkaJAAOBB010000132.1/JAAOBB010000132.1:CDS	hypothetical protein	JAAOBB010000132.1:c15275-14934	BACHAPGJ_00015

DiscRep_SUB:FEATURE_LOCATION_CONFLICT::Coding region xref gene does not exist
prokkaJAAOBB010000132.1/JAAOBB010000132.1:CDS	hypothetical protein	JAAOBB010000132.1:c15520-15281	BACHAPGJ_00016

DiscRep_ALL:DISC_QUALITY_SCORES::Quality scores are missing on all sequences.

DiscRep_ALL:ONCALLER_COMMENT_PRESENT::1 comment descriptors were found (all same)
prokkaJAAOBB010000132.1/JAAOBB010000132.1:JAAOBB010000132.1:Annotated using prokka 1.14.6 from https://github.com/tseemann/prokka

DiscRep_ALL:MISSING_GENOMEASSEMBLY_COMMENTS::1 bioseqs are missing GenomeAssembly structured comments
prokkaJAAOBB010000132.1/JAAOBB010000132.1:JAAOBB010000132.1 (length 15533)

DiscRep_ALL:MOLTYPE_NOT_MRNA::1 molecule types are not set as mRNA.
prokkaJAAOBB010000132.1/JAAOBB010000132.1:JAAOBB010000132.1 (length 15533)

DiscRep_ALL:TECHNIQUE_NOT_TSA::1 technique are not set as TSA
prokkaJAAOBB010000132.1/JAAOBB010000132.1:JAAOBB010000132.1 (length 15533)

DiscRep_ALL:MISSING_STRUCTURED_COMMENT::1 sequences do not include structured comments.
prokkaJAAOBB010000132.1/JAAOBB010000132.1:JAAOBB010000132.1 (length 15533)

DiscRep_ALL:MISSING_PROJECT::17 sequences do not include project.
prokkaJAAOBB010000132.1/JAAOBB010000132.1:JAAOBB010000132.1 (length 15533)
prokkaJAAOBB010000132.1/JAAOBB010000132.1:JAAOBB010000132.1_1 (length 323)
prokkaJAAOBB010000132.1/JAAOBB010000132.1:JAAOBB010000132.1_2 (length 487)
prokkaJAAOBB010000132.1/JAAOBB010000132.1:JAAOBB010000132.1_3 (length 126)
prokkaJAAOBB010000132.1/JAAOBB010000132.1:JAAOBB010000132.1_4 (length 591)
prokkaJAAOBB010000132.1/JAAOBB010000132.1:JAAOBB010000132.1_5 (length 755)
prokkaJAAOBB010000132.1/JAAOBB010000132.1:JAAOBB010000132.1_6 (length 314)
prokkaJAAOBB010000132.1/JAAOBB010000132.1:JAAOBB010000132.1_7 (length 266)
prokkaJAAOBB010000132.1/JAAOBB010000132.1:JAAOBB010000132.1_8 (length 177)
prokkaJAAOBB010000132.1/JAAOBB010000132.1:JAAOBB010000132.1_9 (length 55)
prokkaJAAOBB010000132.1/JAAOBB010000132.1:JAAOBB010000132.1_10 (length 446)
prokkaJAAOBB010000132.1/JAAOBB010000132.1:JAAOBB010000132.1_11 (length 418)
prokkaJAAOBB010000132.1/JAAOBB010000132.1:JAAOBB010000132.1_12 (length 353)
prokkaJAAOBB010000132.1/JAAOBB010000132.1:JAAOBB010000132.1_13 (length 144)
prokkaJAAOBB010000132.1/JAAOBB010000132.1:JAAOBB010000132.1_14 (length 328)
prokkaJAAOBB010000132.1/JAAOBB010000132.1:JAAOBB010000132.1_15 (length 113)
prokkaJAAOBB010000132.1/JAAOBB010000132.1:JAAOBB010000132.1_16 (length 79)

DiscRep_ALL:DISC_INCONSISTENT_MOLINFO_TECH::Molinfo Technique Report (some missing, all same)
DiscRep_SUB:DISC_INCONSISTENT_MOLINFO_TECH::technique (all missing)
DiscRep_SUB:DISC_INCONSISTENT_MOLINFO_TECH::1 Molinfos are missing field technique
prokkaJAAOBB010000132.1/JAAOBB010000132.1:JAAOBB010000132.1 (length 15533)

