Discrepancy Report Results

Summary
DISC_PROTEIN_NAMES:All proteins have same name "hypothetical protein"
FATAL: MISSING_PROTEIN_ID:43 proteins have invalid IDs.
DISC_SOURCE_QUALS_ASNDISC:strain (all present, all unique)
DISC_SOURCE_QUALS_ASNDISC:taxname (all present, all unique)
DISC_FEATURE_COUNT:CDS: 43 present
DISC_COUNT_NUCLEOTIDES:1 nucleotide Bioseqs are present
FEATURE_LOCATION_CONFLICT:43 features have inconsistent gene locations.
DISC_QUALITY_SCORES:Quality scores are missing on all sequences.
ONCALLER_COMMENT_PRESENT:1 comment descriptors were found (all same)
MISSING_GENOMEASSEMBLY_COMMENTS:1 bioseqs are missing GenomeAssembly structured comments
MOLTYPE_NOT_MRNA:1 molecule types are not set as mRNA.
TECHNIQUE_NOT_TSA:1 technique are not set as TSA
MISSING_STRUCTURED_COMMENT:1 sequences do not include structured comments.
MISSING_PROJECT:44 sequences do not include project.
DISC_INCONSISTENT_MOLINFO_TECH:Molinfo Technique Report (some missing, all same)


Detailed Report

DiscRep_ALL:DISC_PROTEIN_NAMES::All proteins have same name "hypothetical protein"

FATAL: DiscRep_ALL:MISSING_PROTEIN_ID::43 proteins have invalid IDs.
prokkacontig_1976/contig_1976:contig_1976_1 (length 174)
prokkacontig_1976/contig_1976:contig_1976_2 (length 380)
prokkacontig_1976/contig_1976:contig_1976_3 (length 137)
prokkacontig_1976/contig_1976:contig_1976_4 (length 263)
prokkacontig_1976/contig_1976:contig_1976_5 (length 146)
prokkacontig_1976/contig_1976:contig_1976_6 (length 149)
prokkacontig_1976/contig_1976:contig_1976_7 (length 263)
prokkacontig_1976/contig_1976:contig_1976_8 (length 137)
prokkacontig_1976/contig_1976:contig_1976_9 (length 380)
prokkacontig_1976/contig_1976:contig_1976_10 (length 82)
prokkacontig_1976/contig_1976:contig_1976_11 (length 56)
prokkacontig_1976/contig_1976:contig_1976_12 (length 174)
prokkacontig_1976/contig_1976:contig_1976_13 (length 380)
prokkacontig_1976/contig_1976:contig_1976_14 (length 137)
prokkacontig_1976/contig_1976:contig_1976_15 (length 71)
prokkacontig_1976/contig_1976:contig_1976_16 (length 380)
prokkacontig_1976/contig_1976:contig_1976_17 (length 174)
prokkacontig_1976/contig_1976:contig_1976_18 (length 309)
prokkacontig_1976/contig_1976:contig_1976_19 (length 128)
prokkacontig_1976/contig_1976:contig_1976_20 (length 210)
prokkacontig_1976/contig_1976:contig_1976_21 (length 123)
prokkacontig_1976/contig_1976:contig_1976_22 (length 182)
prokkacontig_1976/contig_1976:contig_1976_23 (length 377)
prokkacontig_1976/contig_1976:contig_1976_24 (length 143)
prokkacontig_1976/contig_1976:contig_1976_25 (length 132)
prokkacontig_1976/contig_1976:contig_1976_26 (length 75)
prokkacontig_1976/contig_1976:contig_1976_27 (length 1678)
prokkacontig_1976/contig_1976:contig_1976_28 (length 335)
prokkacontig_1976/contig_1976:contig_1976_29 (length 136)
prokkacontig_1976/contig_1976:contig_1976_30 (length 329)
prokkacontig_1976/contig_1976:contig_1976_31 (length 150)
prokkacontig_1976/contig_1976:contig_1976_32 (length 115)
prokkacontig_1976/contig_1976:contig_1976_33 (length 119)
prokkacontig_1976/contig_1976:contig_1976_34 (length 136)
prokkacontig_1976/contig_1976:contig_1976_35 (length 245)
prokkacontig_1976/contig_1976:contig_1976_36 (length 80)
prokkacontig_1976/contig_1976:contig_1976_37 (length 124)
prokkacontig_1976/contig_1976:contig_1976_38 (length 136)
prokkacontig_1976/contig_1976:contig_1976_39 (length 247)
prokkacontig_1976/contig_1976:contig_1976_40 (length 305)
prokkacontig_1976/contig_1976:contig_1976_41 (length 51)
prokkacontig_1976/contig_1976:contig_1976_42 (length 150)
prokkacontig_1976/contig_1976:contig_1976_43 (length 323)

DiscRep_ALL:DISC_SOURCE_QUALS_ASNDISC::strain (all present, all unique)
DiscRep_SUB:DISC_SOURCE_QUALS_ASNDISC::1 sources have unique values for strain
DiscRep_ALL:DISC_SOURCE_QUALS_ASNDISC::taxname (all present, all unique)
DiscRep_SUB:DISC_SOURCE_QUALS_ASNDISC::1 sources have unique values for taxname
DiscRep_ALL:DISC_FEATURE_COUNT::CDS: 43 present
DiscRep_ALL:DISC_COUNT_NUCLEOTIDES::1 nucleotide Bioseqs are present
prokkacontig_1976/contig_1976:contig_1976 (length 32246)

DiscRep_ALL:FEATURE_LOCATION_CONFLICT::43 features have inconsistent gene locations.
DiscRep_SUB:FEATURE_LOCATION_CONFLICT::Coding region xref gene does not exist
prokkacontig_1976/contig_1976:CDS	hypothetical protein	contig_1976:c1443-919	OEFGJOLF_00001

DiscRep_SUB:FEATURE_LOCATION_CONFLICT::Coding region xref gene does not exist
prokkacontig_1976/contig_1976:CDS	hypothetical protein	contig_1976:c2599-1457	OEFGJOLF_00002

DiscRep_SUB:FEATURE_LOCATION_CONFLICT::Coding region xref gene does not exist
prokkacontig_1976/contig_1976:CDS	hypothetical protein	contig_1976:c3015-2602	OEFGJOLF_00003

DiscRep_SUB:FEATURE_LOCATION_CONFLICT::Coding region xref gene does not exist
prokkacontig_1976/contig_1976:CDS	hypothetical protein	contig_1976:c3854-3063	OEFGJOLF_00004

DiscRep_SUB:FEATURE_LOCATION_CONFLICT::Coding region xref gene does not exist
prokkacontig_1976/contig_1976:CDS	hypothetical protein	contig_1976:c4278-3838	OEFGJOLF_00005

DiscRep_SUB:FEATURE_LOCATION_CONFLICT::Coding region xref gene does not exist
prokkacontig_1976/contig_1976:CDS	hypothetical protein	contig_1976:4288-4737	OEFGJOLF_00006

DiscRep_SUB:FEATURE_LOCATION_CONFLICT::Coding region xref gene does not exist
prokkacontig_1976/contig_1976:CDS	hypothetical protein	contig_1976:4721-5512	OEFGJOLF_00007

DiscRep_SUB:FEATURE_LOCATION_CONFLICT::Coding region xref gene does not exist
prokkacontig_1976/contig_1976:CDS	hypothetical protein	contig_1976:5560-5973	OEFGJOLF_00008

DiscRep_SUB:FEATURE_LOCATION_CONFLICT::Coding region xref gene does not exist
prokkacontig_1976/contig_1976:CDS	hypothetical protein	contig_1976:5976-7118	OEFGJOLF_00009

DiscRep_SUB:FEATURE_LOCATION_CONFLICT::Coding region xref gene does not exist
prokkacontig_1976/contig_1976:CDS	hypothetical protein	contig_1976:7132-7380	OEFGJOLF_00010

DiscRep_SUB:FEATURE_LOCATION_CONFLICT::Coding region xref gene does not exist
prokkacontig_1976/contig_1976:CDS	hypothetical protein	contig_1976:c8014-7844	OEFGJOLF_00011

DiscRep_SUB:FEATURE_LOCATION_CONFLICT::Coding region xref gene does not exist
prokkacontig_1976/contig_1976:CDS	hypothetical protein	contig_1976:c8552-8028	OEFGJOLF_00012

DiscRep_SUB:FEATURE_LOCATION_CONFLICT::Coding region xref gene does not exist
prokkacontig_1976/contig_1976:CDS	hypothetical protein	contig_1976:c9708-8566	OEFGJOLF_00013

DiscRep_SUB:FEATURE_LOCATION_CONFLICT::Coding region xref gene does not exist
prokkacontig_1976/contig_1976:CDS	hypothetical protein	contig_1976:c10124-9711	OEFGJOLF_00014

DiscRep_SUB:FEATURE_LOCATION_CONFLICT::Coding region xref gene does not exist
prokkacontig_1976/contig_1976:CDS	hypothetical protein	contig_1976:10470-10685	OEFGJOLF_00015

DiscRep_SUB:FEATURE_LOCATION_CONFLICT::Coding region xref gene does not exist
prokkacontig_1976/contig_1976:CDS	hypothetical protein	contig_1976:10688-11830	OEFGJOLF_00016

DiscRep_SUB:FEATURE_LOCATION_CONFLICT::Coding region xref gene does not exist
prokkacontig_1976/contig_1976:CDS	hypothetical protein	contig_1976:11844-12368	OEFGJOLF_00017

DiscRep_SUB:FEATURE_LOCATION_CONFLICT::Coding region xref gene does not exist
prokkacontig_1976/contig_1976:CDS	hypothetical protein	contig_1976:12382-13311	OEFGJOLF_00018

DiscRep_SUB:FEATURE_LOCATION_CONFLICT::Coding region xref gene does not exist
prokkacontig_1976/contig_1976:CDS	hypothetical protein	contig_1976:13321-13707	OEFGJOLF_00019

DiscRep_SUB:FEATURE_LOCATION_CONFLICT::Coding region xref gene does not exist
prokkacontig_1976/contig_1976:CDS	hypothetical protein	contig_1976:13704-14336	OEFGJOLF_00020

DiscRep_SUB:FEATURE_LOCATION_CONFLICT::Coding region xref gene does not exist
prokkacontig_1976/contig_1976:CDS	hypothetical protein	contig_1976:14359-14730	OEFGJOLF_00021

DiscRep_SUB:FEATURE_LOCATION_CONFLICT::Coding region xref gene does not exist
prokkacontig_1976/contig_1976:CDS	hypothetical protein	contig_1976:14708-15256	OEFGJOLF_00022

DiscRep_SUB:FEATURE_LOCATION_CONFLICT::Coding region xref gene does not exist
prokkacontig_1976/contig_1976:CDS	hypothetical protein	contig_1976:15268-16401	OEFGJOLF_00023

DiscRep_SUB:FEATURE_LOCATION_CONFLICT::Coding region xref gene does not exist
prokkacontig_1976/contig_1976:CDS	hypothetical protein	contig_1976:16439-16870	OEFGJOLF_00024

DiscRep_SUB:FEATURE_LOCATION_CONFLICT::Coding region xref gene does not exist
prokkacontig_1976/contig_1976:CDS	hypothetical protein	contig_1976:16930-17328	OEFGJOLF_00025

DiscRep_SUB:FEATURE_LOCATION_CONFLICT::Coding region xref gene does not exist
prokkacontig_1976/contig_1976:CDS	hypothetical protein	contig_1976:17312-17539	OEFGJOLF_00026

DiscRep_SUB:FEATURE_LOCATION_CONFLICT::Coding region xref gene does not exist
prokkacontig_1976/contig_1976:CDS	hypothetical protein	contig_1976:17601-22637	OEFGJOLF_00027

DiscRep_SUB:FEATURE_LOCATION_CONFLICT::Coding region xref gene does not exist
prokkacontig_1976/contig_1976:CDS	hypothetical protein	contig_1976:22648-23655	OEFGJOLF_00028

DiscRep_SUB:FEATURE_LOCATION_CONFLICT::Coding region xref gene does not exist
prokkacontig_1976/contig_1976:CDS	hypothetical protein	contig_1976:23661-24071	OEFGJOLF_00029

DiscRep_SUB:FEATURE_LOCATION_CONFLICT::Coding region xref gene does not exist
prokkacontig_1976/contig_1976:CDS	hypothetical protein	contig_1976:24071-25060	OEFGJOLF_00030

DiscRep_SUB:FEATURE_LOCATION_CONFLICT::Coding region xref gene does not exist
prokkacontig_1976/contig_1976:CDS	hypothetical protein	contig_1976:25074-25526	OEFGJOLF_00031

DiscRep_SUB:FEATURE_LOCATION_CONFLICT::Coding region xref gene does not exist
prokkacontig_1976/contig_1976:CDS	hypothetical protein	contig_1976:25523-25870	OEFGJOLF_00032

DiscRep_SUB:FEATURE_LOCATION_CONFLICT::Coding region xref gene does not exist
prokkacontig_1976/contig_1976:CDS	hypothetical protein	contig_1976:c26140-25781	OEFGJOLF_00033

DiscRep_SUB:FEATURE_LOCATION_CONFLICT::Coding region xref gene does not exist
prokkacontig_1976/contig_1976:CDS	hypothetical protein	contig_1976:c26550-26140	OEFGJOLF_00034

DiscRep_SUB:FEATURE_LOCATION_CONFLICT::Coding region xref gene does not exist
prokkacontig_1976/contig_1976:CDS	hypothetical protein	contig_1976:c27293-26556	OEFGJOLF_00035

DiscRep_SUB:FEATURE_LOCATION_CONFLICT::Coding region xref gene does not exist
prokkacontig_1976/contig_1976:CDS	hypothetical protein	contig_1976:c27519-27277	OEFGJOLF_00036

DiscRep_SUB:FEATURE_LOCATION_CONFLICT::Coding region xref gene does not exist
prokkacontig_1976/contig_1976:CDS	hypothetical protein	contig_1976:27581-27955	OEFGJOLF_00037

DiscRep_SUB:FEATURE_LOCATION_CONFLICT::Coding region xref gene does not exist
prokkacontig_1976/contig_1976:CDS	hypothetical protein	contig_1976:27961-28371	OEFGJOLF_00038

DiscRep_SUB:FEATURE_LOCATION_CONFLICT::Coding region xref gene does not exist
prokkacontig_1976/contig_1976:CDS	hypothetical protein	contig_1976:28371-29114	OEFGJOLF_00039

DiscRep_SUB:FEATURE_LOCATION_CONFLICT::Coding region xref gene does not exist
prokkacontig_1976/contig_1976:CDS	hypothetical protein	contig_1976:c29900-28983	OEFGJOLF_00040

DiscRep_SUB:FEATURE_LOCATION_CONFLICT::Coding region xref gene does not exist
prokkacontig_1976/contig_1976:CDS	hypothetical protein	contig_1976:c30360-30205	OEFGJOLF_00041

DiscRep_SUB:FEATURE_LOCATION_CONFLICT::Coding region xref gene does not exist
prokkacontig_1976/contig_1976:CDS	hypothetical protein	contig_1976:c30809-30357	OEFGJOLF_00042

DiscRep_SUB:FEATURE_LOCATION_CONFLICT::Coding region xref gene does not exist
prokkacontig_1976/contig_1976:CDS	hypothetical protein	contig_1976:31012-31983	OEFGJOLF_00043

DiscRep_ALL:DISC_QUALITY_SCORES::Quality scores are missing on all sequences.

DiscRep_ALL:ONCALLER_COMMENT_PRESENT::1 comment descriptors were found (all same)
prokkacontig_1976/contig_1976:contig_1976:Annotated using prokka 1.14.6 from https://github.com/tseemann/prokka

DiscRep_ALL:MISSING_GENOMEASSEMBLY_COMMENTS::1 bioseqs are missing GenomeAssembly structured comments
prokkacontig_1976/contig_1976:contig_1976 (length 32246)

DiscRep_ALL:MOLTYPE_NOT_MRNA::1 molecule types are not set as mRNA.
prokkacontig_1976/contig_1976:contig_1976 (length 32246)

DiscRep_ALL:TECHNIQUE_NOT_TSA::1 technique are not set as TSA
prokkacontig_1976/contig_1976:contig_1976 (length 32246)

DiscRep_ALL:MISSING_STRUCTURED_COMMENT::1 sequences do not include structured comments.
prokkacontig_1976/contig_1976:contig_1976 (length 32246)

DiscRep_ALL:MISSING_PROJECT::44 sequences do not include project.
prokkacontig_1976/contig_1976:contig_1976 (length 32246)
prokkacontig_1976/contig_1976:contig_1976_1 (length 174)
prokkacontig_1976/contig_1976:contig_1976_2 (length 380)
prokkacontig_1976/contig_1976:contig_1976_3 (length 137)
prokkacontig_1976/contig_1976:contig_1976_4 (length 263)
prokkacontig_1976/contig_1976:contig_1976_5 (length 146)
prokkacontig_1976/contig_1976:contig_1976_6 (length 149)
prokkacontig_1976/contig_1976:contig_1976_7 (length 263)
prokkacontig_1976/contig_1976:contig_1976_8 (length 137)
prokkacontig_1976/contig_1976:contig_1976_9 (length 380)
prokkacontig_1976/contig_1976:contig_1976_10 (length 82)
prokkacontig_1976/contig_1976:contig_1976_11 (length 56)
prokkacontig_1976/contig_1976:contig_1976_12 (length 174)
prokkacontig_1976/contig_1976:contig_1976_13 (length 380)
prokkacontig_1976/contig_1976:contig_1976_14 (length 137)
prokkacontig_1976/contig_1976:contig_1976_15 (length 71)
prokkacontig_1976/contig_1976:contig_1976_16 (length 380)
prokkacontig_1976/contig_1976:contig_1976_17 (length 174)
prokkacontig_1976/contig_1976:contig_1976_18 (length 309)
prokkacontig_1976/contig_1976:contig_1976_19 (length 128)
prokkacontig_1976/contig_1976:contig_1976_20 (length 210)
prokkacontig_1976/contig_1976:contig_1976_21 (length 123)
prokkacontig_1976/contig_1976:contig_1976_22 (length 182)
prokkacontig_1976/contig_1976:contig_1976_23 (length 377)
prokkacontig_1976/contig_1976:contig_1976_24 (length 143)
prokkacontig_1976/contig_1976:contig_1976_25 (length 132)
prokkacontig_1976/contig_1976:contig_1976_26 (length 75)
prokkacontig_1976/contig_1976:contig_1976_27 (length 1678)
prokkacontig_1976/contig_1976:contig_1976_28 (length 335)
prokkacontig_1976/contig_1976:contig_1976_29 (length 136)
prokkacontig_1976/contig_1976:contig_1976_30 (length 329)
prokkacontig_1976/contig_1976:contig_1976_31 (length 150)
prokkacontig_1976/contig_1976:contig_1976_32 (length 115)
prokkacontig_1976/contig_1976:contig_1976_33 (length 119)
prokkacontig_1976/contig_1976:contig_1976_34 (length 136)
prokkacontig_1976/contig_1976:contig_1976_35 (length 245)
prokkacontig_1976/contig_1976:contig_1976_36 (length 80)
prokkacontig_1976/contig_1976:contig_1976_37 (length 124)
prokkacontig_1976/contig_1976:contig_1976_38 (length 136)
prokkacontig_1976/contig_1976:contig_1976_39 (length 247)
prokkacontig_1976/contig_1976:contig_1976_40 (length 305)
prokkacontig_1976/contig_1976:contig_1976_41 (length 51)
prokkacontig_1976/contig_1976:contig_1976_42 (length 150)
prokkacontig_1976/contig_1976:contig_1976_43 (length 323)

DiscRep_ALL:DISC_INCONSISTENT_MOLINFO_TECH::Molinfo Technique Report (some missing, all same)
DiscRep_SUB:DISC_INCONSISTENT_MOLINFO_TECH::technique (all missing)
DiscRep_SUB:DISC_INCONSISTENT_MOLINFO_TECH::1 Molinfos are missing field technique
prokkacontig_1976/contig_1976:contig_1976 (length 32246)

