Opening log at 2021-04-21 09:46:27.014001
Iterating through fileSet at 2021-04-21 09:46:27.014128
fileSet is ['/home/james/Software/multiPhATE2/PipelineOutput/circular_pair_4532/commoncore.cgc', '/home/james/Software/multiPhATE2/PipelineOutput/circular_pair_4532/consensus.cgc', '/home/james/Software/multiPhATE2/PipelineOutput/circular_pair_4532/glimmer.cgc', '/home/james/Software/multiPhATE2/PipelineOutput/circular_pair_4532/phanotate.cgc', '/home/james/Software/multiPhATE2/PipelineOutput/circular_pair_4532/prodigal.cgc', '/home/james/Software/multiPhATE2/PipelineOutput/circular_pair_4532/superset.cgc']
Opening geneFile /home/james/Software/multiPhATE2/PipelineOutput/circular_pair_4532/commoncore.cgc
Adding calls from geneFile /home/james/Software/multiPhATE2/PipelineOutput/circular_pair_4532/commoncore.cgc
Appending call set  number of calls is: 0
Opening geneFile /home/james/Software/multiPhATE2/PipelineOutput/circular_pair_4532/consensus.cgc
Adding calls from geneFile /home/james/Software/multiPhATE2/PipelineOutput/circular_pair_4532/consensus.cgc
Appending call set  number of calls is: 0
Opening geneFile /home/james/Software/multiPhATE2/PipelineOutput/circular_pair_4532/glimmer.cgc
Adding calls from geneFile /home/james/Software/multiPhATE2/PipelineOutput/circular_pair_4532/glimmer.cgc
Appending call set  number of calls is: 9
Opening geneFile /home/james/Software/multiPhATE2/PipelineOutput/circular_pair_4532/phanotate.cgc
Adding calls from geneFile /home/james/Software/multiPhATE2/PipelineOutput/circular_pair_4532/phanotate.cgc
Appending call set  number of calls is: 11
Opening geneFile /home/james/Software/multiPhATE2/PipelineOutput/circular_pair_4532/prodigal.cgc
Adding calls from geneFile /home/james/Software/multiPhATE2/PipelineOutput/circular_pair_4532/prodigal.cgc
Appending call set  number of calls is: 6
Opening geneFile /home/james/Software/multiPhATE2/PipelineOutput/circular_pair_4532/superset.cgc
Adding calls from geneFile /home/james/Software/multiPhATE2/PipelineOutput/circular_pair_4532/superset.cgc
Appending call set  number of calls is: 0
All call sets have been added to caller list. Number of call sets in callerList: 6
callerList is   glimmer phanotate prodigal  
Total number of gene calls across callerList call sets is: 26
Sorting gene calls for each caller
Processing a callSet
Before sorting, Length of callerList for caller  is 0
After sorting, Length of callerList for caller  is 0
Processing a callSet
Before sorting, Length of callerList for caller  is 0
After sorting, Length of callerList for caller  is 0
Processing a callSet
Before sorting, Length of callerList for caller glimmer is 9
After sorting, Length of callerList for caller glimmer is 9
Processing a callSet
Before sorting, Length of callerList for caller phanotate is 11
After sorting, Length of callerList for caller phanotate is 11
Processing a callSet
Before sorting, Length of callerList for caller prodigal is 6
After sorting, Length of callerList for caller prodigal is 6
Processing a callSet
Before sorting, Length of callerList for caller  is 0
After sorting, Length of callerList for caller  is 0
callSet processing complete
Comparing across the call sets...
Merging the geneCall sets....
Final merged genes:

***************Merge List
1	Gene No. 1, gene caller: phanotate, leftEnd: 91, rightEnd: 192, strand: -, length: 102, contig: circular_pair_4532, protein: unknown, score1: 1.0, score2: 0.0
2	Gene No. 1, gene caller: glimmer, leftEnd: 182, rightEnd: 349, strand: -, length: 168, contig: circular_pair_4532, protein: unknown, score1: 1.0, score2: 0.0
3	Gene No. 2, gene caller: phanotate, leftEnd: 207, rightEnd: 353, strand: -, length: 147, contig: circular_pair_4532, protein: unknown, score1: 1.0, score2: 0.0
4	Gene No. 1, gene caller: prodigal, leftEnd: 207, rightEnd: 353, strand: -, length: 147, contig: circular_pair_4532, protein: unknown, score1: 1.0, score2: 0.0
5	Gene No. 2, gene caller: glimmer, leftEnd: 359, rightEnd: 595, strand: -, length: 237, contig: circular_pair_4532, protein: unknown, score1: 1.0, score2: 0.0
6	Gene No. 3, gene caller: phanotate, leftEnd: 359, rightEnd: 1240, strand: -, length: 882, contig: circular_pair_4532, protein: unknown, score1: 1.0, score2: 0.0
7	Gene No. 2, gene caller: prodigal, leftEnd: 359, rightEnd: 1240, strand: -, length: 882, contig: circular_pair_4532, protein: unknown, score1: 1.0, score2: 0.0
8	Gene No. 3, gene caller: glimmer, leftEnd: 574, rightEnd: 1251, strand: -, length: 678, contig: circular_pair_4532, protein: unknown, score1: 1.0, score2: 0.0
9	Gene No. 4, gene caller: phanotate, leftEnd: 1317, rightEnd: 1418, strand: -, length: 102, contig: circular_pair_4532, protein: unknown, score1: 1.0, score2: 0.0
10	Gene No. 4, gene caller: glimmer, leftEnd: 1419, rightEnd: 1637, strand: -, length: 219, contig: circular_pair_4532, protein: unknown, score1: 1.0, score2: 0.0
11	Gene No. 5, gene caller: phanotate, leftEnd: 1419, rightEnd: 1637, strand: -, length: 219, contig: circular_pair_4532, protein: unknown, score1: 1.0, score2: 0.0
12	Gene No. 5, gene caller: glimmer, leftEnd: 1645, rightEnd: 2481, strand: -, length: 837, contig: circular_pair_4532, protein: unknown, score1: 1.0, score2: 0.0
13	Gene No. 6, gene caller: phanotate, leftEnd: 1645, rightEnd: 2481, strand: -, length: 837, contig: circular_pair_4532, protein: unknown, score1: 1.0, score2: 0.0
14	Gene No. 3, gene caller: prodigal, leftEnd: 1645, rightEnd: 2481, strand: -, length: 837, contig: circular_pair_4532, protein: unknown, score1: 1.0, score2: 0.0
15	Gene No. 6, gene caller: glimmer, leftEnd: 2471, rightEnd: 2638, strand: -, length: 168, contig: circular_pair_4532, protein: unknown, score1: 1.0, score2: 0.0
16	Gene No. 7, gene caller: phanotate, leftEnd: 2496, rightEnd: 2642, strand: -, length: 147, contig: circular_pair_4532, protein: unknown, score1: 1.0, score2: 0.0
17	Gene No. 4, gene caller: prodigal, leftEnd: 2496, rightEnd: 2642, strand: -, length: 147, contig: circular_pair_4532, protein: unknown, score1: 1.0, score2: 0.0
18	Gene No. 7, gene caller: glimmer, leftEnd: 2647, rightEnd: 2883, strand: -, length: 237, contig: circular_pair_4532, protein: unknown, score1: 1.0, score2: 0.0
19	Gene No. 8, gene caller: phanotate, leftEnd: 2647, rightEnd: 3528, strand: -, length: 882, contig: circular_pair_4532, protein: unknown, score1: 1.0, score2: 0.0
20	Gene No. 5, gene caller: prodigal, leftEnd: 2647, rightEnd: 3528, strand: -, length: 882, contig: circular_pair_4532, protein: unknown, score1: 1.0, score2: 0.0
21	Gene No. 8, gene caller: glimmer, leftEnd: 2862, rightEnd: 3659, strand: -, length: 798, contig: circular_pair_4532, protein: unknown, score1: 1.0, score2: 0.0
22	Gene No. 9, gene caller: phanotate, leftEnd: 3604, rightEnd: 3705, strand: -, length: 102, contig: circular_pair_4532, protein: unknown, score1: 1.0, score2: 0.0
23	Gene No. 10, gene caller: phanotate, leftEnd: 3706, rightEnd: 3798, strand: -, length: 93, contig: circular_pair_4532, protein: unknown, score1: 1.0, score2: 0.0
24	Gene No. 9, gene caller: glimmer, leftEnd: 3924, rightEnd: 4691, strand: -, length: 768, contig: circular_pair_4532, protein: unknown, score1: 1.0, score2: 0.0
25	Gene No. 11, gene caller: phanotate, leftEnd: 3924, rightEnd: 4718, strand: -, length: 795, contig: circular_pair_4532, protein: unknown, score1: 1.0, score2: 0.0
26	Gene No. 6, gene caller: prodigal, leftEnd: 3924, rightEnd: 4718, strand: -, length: 795, contig: circular_pair_4532, protein: unknown, score1: 1.0, score2: 0.0
Comparing across geneCall sets....
Scoring gene calls....
Identifying common core...
This is the Common Core List:

***************Common Core
CC-gene 1	Gene No. 1, gene caller: All_callers, leftEnd: 1645, rightEnd: 2481, strand: -, length: 837, contig: circular_pair_4532, protein: unknown, score1: 1.0, score2: 0.0
Printing gene-call superset, consensus, and common_core in GFF and CGC formats
Printing report....
The following gene callers were considered: glimmer, phanotate, prodigal, The number of distinct gene calls over all gene callers is 18
The number of gene calls in common among all callers is 1
The number of unique (non-matching) gene calls is11
Caller glimmer produced 9 gene calls.
Caller glimmer gene-call length stats:  min: 168, max: 837, ave: 456.6666666666667
Caller phanotate produced 11 gene calls.
Caller phanotate gene-call length stats:  min: 93, max: 882, ave: 391.6363636363636
Caller prodigal produced 6 gene calls.
Caller prodigal gene-call length stats:  min: 147, max: 882, ave: 615.0

Gene-call Scores:
Caller	Contig	Gene No.	Left End	Right End	Strand	gcScore
phanotate	circular_pair_4532	1	91	192	-	0.33
glimmer	circular_pair_4532	1	182	349	-	0.33
phanotate	circular_pair_4532	2	207	353	-	0.83
prodigal	circular_pair_4532	1	207	353	-	0.83
glimmer	circular_pair_4532	2	359	595	-	0.50
phanotate	circular_pair_4532	3	359	1240	-	0.83
prodigal	circular_pair_4532	2	359	1240	-	0.83
glimmer	circular_pair_4532	3	574	1251	-	0.33
phanotate	circular_pair_4532	4	1317	1418	-	0.33
glimmer	circular_pair_4532	4	1419	1637	-	0.83
phanotate	circular_pair_4532	5	1419	1637	-	0.83
glimmer	circular_pair_4532	5	1645	2481	-	1.00
phanotate	circular_pair_4532	6	1645	2481	-	1.00
prodigal	circular_pair_4532	3	1645	2481	-	1.00
glimmer	circular_pair_4532	6	2471	2638	-	0.33
phanotate	circular_pair_4532	7	2496	2642	-	0.83
prodigal	circular_pair_4532	4	2496	2642	-	0.83
glimmer	circular_pair_4532	7	2647	2883	-	0.50
phanotate	circular_pair_4532	8	2647	3528	-	0.83
prodigal	circular_pair_4532	5	2647	3528	-	0.83
glimmer	circular_pair_4532	8	2862	3659	-	0.33
phanotate	circular_pair_4532	9	3604	3705	-	0.33
phanotate	circular_pair_4532	10	3706	3798	-	0.33
glimmer	circular_pair_4532	9	3924	4691	-	0.50
phanotate	circular_pair_4532	11	3924	4718	-	0.83
prodigal	circular_pair_4532	6	3924	4718	-	0.83

Gene-call Consensus Scores:
Caller glimmer average gene-call score: 0.52
Caller phanotate average gene-call score: 0.67
Caller prodigal average gene-call score: 0.86

***************Unique List
Unique gene call 1
  --  Gene No. 1, gene caller: phanotate, leftEnd: 91, rightEnd: 192, strand: -, length: 102, contig: circular_pair_4532, protein: unknown, score1: 0.3333333333333333, score2: 0.0
Unique gene call 2
  --  Gene No. 1, gene caller: glimmer, leftEnd: 182, rightEnd: 349, strand: -, length: 168, contig: circular_pair_4532, protein: unknown, score1: 0.3333333333333333, score2: 0.0
Unique gene call 3
  --  Gene No. 2, gene caller: phanotate, leftEnd: 207, rightEnd: 353, strand: -, length: 147, contig: circular_pair_4532, protein: unknown, score1: 0.8333333333333333, score2: 0.0
  --  Gene No. 1, gene caller: prodigal, leftEnd: 207, rightEnd: 353, strand: -, length: 147, contig: circular_pair_4532, protein: unknown, score1: 0.8333333333333333, score2: 0.0
Unique gene call 4
  --  Gene No. 2, gene caller: glimmer, leftEnd: 359, rightEnd: 595, strand: -, length: 237, contig: circular_pair_4532, protein: unknown, score1: 0.5, score2: 0.0
Unique gene call 5
  --  Gene No. 3, gene caller: phanotate, leftEnd: 359, rightEnd: 1240, strand: -, length: 882, contig: circular_pair_4532, protein: unknown, score1: 0.8333333333333333, score2: 0.0
  --  Gene No. 2, gene caller: prodigal, leftEnd: 359, rightEnd: 1240, strand: -, length: 882, contig: circular_pair_4532, protein: unknown, score1: 0.8333333333333333, score2: 0.0
Unique gene call 6
  --  Gene No. 3, gene caller: glimmer, leftEnd: 574, rightEnd: 1251, strand: -, length: 678, contig: circular_pair_4532, protein: unknown, score1: 0.3333333333333333, score2: 0.0
Unique gene call 7
  --  Gene No. 4, gene caller: phanotate, leftEnd: 1317, rightEnd: 1418, strand: -, length: 102, contig: circular_pair_4532, protein: unknown, score1: 0.3333333333333333, score2: 0.0
Unique gene call 8
  --  Gene No. 4, gene caller: glimmer, leftEnd: 1419, rightEnd: 1637, strand: -, length: 219, contig: circular_pair_4532, protein: unknown, score1: 0.8333333333333333, score2: 0.0
  --  Gene No. 5, gene caller: phanotate, leftEnd: 1419, rightEnd: 1637, strand: -, length: 219, contig: circular_pair_4532, protein: unknown, score1: 0.8333333333333333, score2: 0.0
Unique gene call 9
  --  Gene No. 5, gene caller: glimmer, leftEnd: 1645, rightEnd: 2481, strand: -, length: 837, contig: circular_pair_4532, protein: unknown, score1: 1.0, score2: 0.0
  --  Gene No. 6, gene caller: phanotate, leftEnd: 1645, rightEnd: 2481, strand: -, length: 837, contig: circular_pair_4532, protein: unknown, score1: 1.0, score2: 0.0
  --  Gene No. 3, gene caller: prodigal, leftEnd: 1645, rightEnd: 2481, strand: -, length: 837, contig: circular_pair_4532, protein: unknown, score1: 1.0, score2: 0.0
Unique gene call 10
  --  Gene No. 6, gene caller: glimmer, leftEnd: 2471, rightEnd: 2638, strand: -, length: 168, contig: circular_pair_4532, protein: unknown, score1: 0.3333333333333333, score2: 0.0
Unique gene call 11
  --  Gene No. 7, gene caller: phanotate, leftEnd: 2496, rightEnd: 2642, strand: -, length: 147, contig: circular_pair_4532, protein: unknown, score1: 0.8333333333333333, score2: 0.0
  --  Gene No. 4, gene caller: prodigal, leftEnd: 2496, rightEnd: 2642, strand: -, length: 147, contig: circular_pair_4532, protein: unknown, score1: 0.8333333333333333, score2: 0.0
Unique gene call 12
  --  Gene No. 7, gene caller: glimmer, leftEnd: 2647, rightEnd: 2883, strand: -, length: 237, contig: circular_pair_4532, protein: unknown, score1: 0.5, score2: 0.0
Unique gene call 13
  --  Gene No. 8, gene caller: phanotate, leftEnd: 2647, rightEnd: 3528, strand: -, length: 882, contig: circular_pair_4532, protein: unknown, score1: 0.8333333333333333, score2: 0.0
  --  Gene No. 5, gene caller: prodigal, leftEnd: 2647, rightEnd: 3528, strand: -, length: 882, contig: circular_pair_4532, protein: unknown, score1: 0.8333333333333333, score2: 0.0
Unique gene call 14
  --  Gene No. 8, gene caller: glimmer, leftEnd: 2862, rightEnd: 3659, strand: -, length: 798, contig: circular_pair_4532, protein: unknown, score1: 0.3333333333333333, score2: 0.0
Unique gene call 15
  --  Gene No. 9, gene caller: phanotate, leftEnd: 3604, rightEnd: 3705, strand: -, length: 102, contig: circular_pair_4532, protein: unknown, score1: 0.3333333333333333, score2: 0.0
Unique gene call 16
  --  Gene No. 10, gene caller: phanotate, leftEnd: 3706, rightEnd: 3798, strand: -, length: 93, contig: circular_pair_4532, protein: unknown, score1: 0.3333333333333333, score2: 0.0
Unique gene call 17
  --  Gene No. 9, gene caller: glimmer, leftEnd: 3924, rightEnd: 4691, strand: -, length: 768, contig: circular_pair_4532, protein: unknown, score1: 0.5, score2: 0.0
Unique gene call 18
  --  Gene No. 11, gene caller: phanotate, leftEnd: 3924, rightEnd: 4718, strand: -, length: 795, contig: circular_pair_4532, protein: unknown, score1: 0.8333333333333333, score2: 0.0
  --  Gene No. 6, gene caller: prodigal, leftEnd: 3924, rightEnd: 4718, strand: -, length: 795, contig: circular_pair_4532, protein: unknown, score1: 0.8333333333333333, score2: 0.0
Code complete at 2021-04-21 09:46:27.017508
