[16:38:52] This is prokka 1.14.6
[16:38:52] Written by Torsten Seemann <torsten.seemann@gmail.com>
[16:38:52] Homepage is https://github.com/tseemann/prokka
[16:38:52] Local time is Mon Aug  9 16:38:52 2021
[16:38:52] You are james
[16:38:52] Operating system is linux
[16:38:52] You have BioPerl 1.007002
[16:38:52] System has 12 cores.
[16:38:52] Will use maximum of 8 cores.
[16:38:52] Annotating as >>> Bacteria <<<
[16:38:52] Generating locus_tag from 'JAAOBB010000126.1.fasta' contents.
[16:38:52] Setting --locustag DHHINJMO from MD5 d1127368c9bb552d50ab1603f1db1ee0
[16:38:52] Creating new output folder: prokkaJAAOBB010000126.1
[16:38:52] Running: mkdir -p prokkaJAAOBB010000126\.1
[16:38:52] Using filename prefix: JAAOBB010000126.1.XXX
[16:38:52] Setting HMMER_NCPU=1
[16:38:52] Writing log to: prokkaJAAOBB010000126.1/JAAOBB010000126.1.log
[16:38:52] Command: /home/james/miniconda3/envs/prokka/bin/prokka JAAOBB010000126.1.fasta --outdir prokkaJAAOBB010000126.1 --prefix JAAOBB010000126.1 --force
[16:38:52] Appending to PATH: /home/james/miniconda3/envs/prokka/bin
[16:38:52] Looking for 'aragorn' - found /home/james/miniconda3/envs/prokka/bin/aragorn
[16:38:52] Determined aragorn version is 001002 from 'ARAGORN v1.2.38 Dean Laslett'
[16:38:52] Looking for 'barrnap' - found /home/james/miniconda3/envs/prokka/bin/barrnap
[16:38:52] Determined barrnap version is 000009 from 'barrnap 0.9'
[16:38:52] Looking for 'blastp' - found /home/james/miniconda3/envs/prokka/bin/blastp
[16:38:52] Determined blastp version is 002012 from 'blastp: 2.12.0+'
[16:38:52] Looking for 'cmpress' - found /home/james/miniconda3/envs/prokka/bin/cmpress
[16:38:52] Determined cmpress version is 001001 from '# INFERNAL 1.1.4 (Dec 2020)'
[16:38:52] Looking for 'cmscan' - found /home/james/miniconda3/envs/prokka/bin/cmscan
[16:38:52] Determined cmscan version is 001001 from '# INFERNAL 1.1.4 (Dec 2020)'
[16:38:52] Looking for 'egrep' - found /bin/egrep
[16:38:52] Looking for 'find' - found /usr/bin/find
[16:38:52] Looking for 'grep' - found /bin/grep
[16:38:52] Looking for 'hmmpress' - found /home/james/miniconda3/envs/prokka/bin/hmmpress
[16:38:52] Determined hmmpress version is 003003 from '# HMMER 3.3.2 (Nov 2020); http://hmmer.org/'
[16:38:52] Looking for 'hmmscan' - found /home/james/miniconda3/envs/prokka/bin/hmmscan
[16:38:52] Determined hmmscan version is 003003 from '# HMMER 3.3.2 (Nov 2020); http://hmmer.org/'
[16:38:52] Looking for 'java' - found /home/james/miniconda3/envs/prokka/bin/java
[16:38:52] Looking for 'makeblastdb' - found /home/james/miniconda3/envs/prokka/bin/makeblastdb
[16:38:53] Determined makeblastdb version is 002012 from 'makeblastdb: 2.12.0+'
[16:38:53] Looking for 'minced' - found /home/james/miniconda3/envs/prokka/bin/minced
[16:38:53] Determined minced version is 004002 from 'minced 0.4.2'
[16:38:53] Looking for 'parallel' - found /home/james/miniconda3/envs/prokka/bin/parallel
[16:38:53] Determined parallel version is 20210622 from 'GNU parallel 20210622'
[16:38:53] Looking for 'prodigal' - found /home/james/miniconda3/envs/prokka/bin/prodigal
[16:38:53] Determined prodigal version is 002006 from 'Prodigal V2.6.3: February, 2016'
[16:38:53] Looking for 'prokka-genbank_to_fasta_db' - found /home/james/miniconda3/envs/prokka/bin/prokka-genbank_to_fasta_db
[16:38:53] Looking for 'sed' - found /bin/sed
[16:38:53] Looking for 'tbl2asn' - found /home/james/miniconda3/envs/prokka/bin/tbl2asn
[16:38:53] Determined tbl2asn version is 025007 from 'tbl2asn 25.7   arguments:'
[16:38:53] Using genetic code table 11.
[16:38:53] Loading and checking input file: JAAOBB010000126.1.fasta
[16:38:53] Wrote 1 contigs totalling 17688 bp.
[16:38:53] Predicting tRNAs and tmRNAs
[16:38:53] Running: aragorn -l -gc11  -w prokkaJAAOBB010000126\.1\/JAAOBB010000126\.1\.fna
[16:38:53] Found 0 tRNAs
[16:38:53] Predicting Ribosomal RNAs
[16:38:53] Running Barrnap with 8 threads
[16:38:53] Found 0 rRNAs
[16:38:53] Skipping ncRNA search, enable with --rfam if desired.
[16:38:53] Total of 0 tRNA + rRNA features
[16:38:53] Searching for CRISPR repeats
[16:38:53] Found 0 CRISPRs
[16:38:53] Predicting coding sequences
[16:38:53] Contigs total 17688 bp, so using meta mode
[16:38:53] Running: prodigal -i prokkaJAAOBB010000126\.1\/JAAOBB010000126\.1\.fna -c -m -g 11 -p meta -f sco -q
[16:38:53] Found 21 CDS
[16:38:53] Connecting features back to sequences
[16:38:53] Not using genus-specific database. Try --usegenus to enable it.
[16:38:53] Annotating CDS, please be patient.
[16:38:53] Will use 8 CPUs for similarity searching.
[16:38:53] There are still 21 unannotated CDS left (started with 21)
[16:38:53] Will use blast to search against /home/james/miniconda3/envs/prokka/db/kingdom/Bacteria/IS with 8 CPUs
[16:38:53] Running: cat prokkaJAAOBB010000126\.1\/JAAOBB010000126\.1\.IS\.tmp\.231875\.faa | parallel --gnu --plain -j 8 --block 355 --recstart '>' --pipe blastp -query - -db /home/james/miniconda3/envs/prokka/db/kingdom/Bacteria/IS -evalue 1e-30 -qcov_hsp_perc 90 -num_threads 1 -num_descriptions 1 -num_alignments 1 -seg no > prokkaJAAOBB010000126\.1\/JAAOBB010000126\.1\.IS\.tmp\.231875\.blast 2> /dev/null
[16:38:55] Deleting unwanted file: prokkaJAAOBB010000126.1/JAAOBB010000126.1.IS.tmp.231875.faa
[16:38:55] Deleting unwanted file: prokkaJAAOBB010000126.1/JAAOBB010000126.1.IS.tmp.231875.blast
[16:38:55] There are still 21 unannotated CDS left (started with 21)
[16:38:55] Will use blast to search against /home/james/miniconda3/envs/prokka/db/kingdom/Bacteria/AMR with 8 CPUs
[16:38:55] Running: cat prokkaJAAOBB010000126\.1\/JAAOBB010000126\.1\.AMR\.tmp\.231875\.faa | parallel --gnu --plain -j 8 --block 355 --recstart '>' --pipe blastp -query - -db /home/james/miniconda3/envs/prokka/db/kingdom/Bacteria/AMR -evalue 9.99999999999999e-301 -qcov_hsp_perc 90 -num_threads 1 -num_descriptions 1 -num_alignments 1 -seg no > prokkaJAAOBB010000126\.1\/JAAOBB010000126\.1\.AMR\.tmp\.231875\.blast 2> /dev/null
[16:38:56] Deleting unwanted file: prokkaJAAOBB010000126.1/JAAOBB010000126.1.AMR.tmp.231875.faa
[16:38:56] Deleting unwanted file: prokkaJAAOBB010000126.1/JAAOBB010000126.1.AMR.tmp.231875.blast
[16:38:56] There are still 21 unannotated CDS left (started with 21)
[16:38:56] Will use blast to search against /home/james/miniconda3/envs/prokka/db/kingdom/Bacteria/sprot with 8 CPUs
[16:38:56] Running: cat prokkaJAAOBB010000126\.1\/JAAOBB010000126\.1\.sprot\.tmp\.231875\.faa | parallel --gnu --plain -j 8 --block 355 --recstart '>' --pipe blastp -query - -db /home/james/miniconda3/envs/prokka/db/kingdom/Bacteria/sprot -evalue 1e-09 -qcov_hsp_perc 80 -num_threads 1 -num_descriptions 1 -num_alignments 1 -seg no > prokkaJAAOBB010000126\.1\/JAAOBB010000126\.1\.sprot\.tmp\.231875\.blast 2> /dev/null
[16:38:58] Deleting unwanted file: prokkaJAAOBB010000126.1/JAAOBB010000126.1.sprot.tmp.231875.faa
[16:38:58] Deleting unwanted file: prokkaJAAOBB010000126.1/JAAOBB010000126.1.sprot.tmp.231875.blast
[16:38:58] There are still 21 unannotated CDS left (started with 21)
[16:38:58] Will use hmmer3 to search against /home/james/miniconda3/envs/prokka/db/hmm/HAMAP.hmm with 8 CPUs
[16:38:58] Running: cat prokkaJAAOBB010000126\.1\/JAAOBB010000126\.1\.HAMAP\.hmm\.tmp\.231875\.faa | parallel --gnu --plain -j 8 --block 355 --recstart '>' --pipe hmmscan --noali --notextw --acc -E 1e-09 --cpu 1 /home/james/miniconda3/envs/prokka/db/hmm/HAMAP.hmm /dev/stdin > prokkaJAAOBB010000126\.1\/JAAOBB010000126\.1\.HAMAP\.hmm\.tmp\.231875\.hmmer3 2> /dev/null
[16:38:59] Deleting unwanted file: prokkaJAAOBB010000126.1/JAAOBB010000126.1.HAMAP.hmm.tmp.231875.faa
[16:38:59] Deleting unwanted file: prokkaJAAOBB010000126.1/JAAOBB010000126.1.HAMAP.hmm.tmp.231875.hmmer3
[16:38:59] Labelling remaining 21 proteins as 'hypothetical protein'
[16:38:59] Found 0 unique /gene codes.
[16:38:59] Fixed 0 colliding /gene names.
[16:38:59] Adding /locus_tag identifiers
[16:38:59] Assigned 21 locus_tags to CDS and RNA features.
[16:38:59] Writing outputs to prokkaJAAOBB010000126.1/
[16:38:59] Generating annotation statistics file
[16:38:59] Generating Genbank and Sequin files
[16:38:59] Running: tbl2asn -V b -a r10k -l paired-ends -M n -N 1 -y 'Annotated using prokka 1.14.6 from https://github.com/tseemann/prokka' -Z prokkaJAAOBB010000126\.1\/JAAOBB010000126\.1\.err -i prokkaJAAOBB010000126\.1\/JAAOBB010000126\.1\.fsa 2> /dev/null
[16:38:59] Deleting unwanted file: prokkaJAAOBB010000126.1/errorsummary.val
[16:38:59] Deleting unwanted file: prokkaJAAOBB010000126.1/JAAOBB010000126.1.dr
[16:38:59] Deleting unwanted file: prokkaJAAOBB010000126.1/JAAOBB010000126.1.fixedproducts
[16:38:59] Deleting unwanted file: prokkaJAAOBB010000126.1/JAAOBB010000126.1.ecn
[16:38:59] Deleting unwanted file: prokkaJAAOBB010000126.1/JAAOBB010000126.1.val
[16:38:59] Repairing broken .GBK output that tbl2asn produces...
[16:38:59] Running: sed 's/COORDINATES: profile/COORDINATES:profile/' < prokkaJAAOBB010000126\.1\/JAAOBB010000126\.1\.gbf > prokkaJAAOBB010000126\.1\/JAAOBB010000126\.1\.gbk
[16:38:59] Deleting unwanted file: prokkaJAAOBB010000126.1/JAAOBB010000126.1.gbf
[16:38:59] Output files:
[16:38:59] prokkaJAAOBB010000126.1/JAAOBB010000126.1.ffn
[16:38:59] prokkaJAAOBB010000126.1/JAAOBB010000126.1.gff
[16:38:59] prokkaJAAOBB010000126.1/JAAOBB010000126.1.log
[16:38:59] prokkaJAAOBB010000126.1/JAAOBB010000126.1.txt
[16:38:59] prokkaJAAOBB010000126.1/JAAOBB010000126.1.fsa
[16:38:59] prokkaJAAOBB010000126.1/JAAOBB010000126.1.tbl
[16:38:59] prokkaJAAOBB010000126.1/JAAOBB010000126.1.fna
[16:38:59] prokkaJAAOBB010000126.1/JAAOBB010000126.1.err
[16:38:59] prokkaJAAOBB010000126.1/JAAOBB010000126.1.gbk
[16:38:59] prokkaJAAOBB010000126.1/JAAOBB010000126.1.faa
[16:38:59] prokkaJAAOBB010000126.1/JAAOBB010000126.1.sqn
[16:38:59] prokkaJAAOBB010000126.1/JAAOBB010000126.1.tsv
[16:38:59] Annotation finished successfully.
[16:38:59] Walltime used: 0.12 minutes
[16:38:59] If you use this result please cite the Prokka paper:
[16:38:59] Seemann T (2014) Prokka: rapid prokaryotic genome annotation. Bioinformatics. 30(14):2068-9.
[16:38:59] Type 'prokka --citation' for more details.
[16:38:59] Share and enjoy!
