Opening log at 2021-04-21 09:12:26.184120
Iterating through fileSet at 2021-04-21 09:12:26.184397
fileSet is ['/home/james/Software/multiPhATE2/PipelineOutput/contig_1396/commoncore.cgc', '/home/james/Software/multiPhATE2/PipelineOutput/contig_1396/consensus.cgc', '/home/james/Software/multiPhATE2/PipelineOutput/contig_1396/glimmer.cgc', '/home/james/Software/multiPhATE2/PipelineOutput/contig_1396/phanotate.cgc', '/home/james/Software/multiPhATE2/PipelineOutput/contig_1396/prodigal.cgc', '/home/james/Software/multiPhATE2/PipelineOutput/contig_1396/superset.cgc']
Opening geneFile /home/james/Software/multiPhATE2/PipelineOutput/contig_1396/commoncore.cgc
Adding calls from geneFile /home/james/Software/multiPhATE2/PipelineOutput/contig_1396/commoncore.cgc
Appending call set  number of calls is: 0
Opening geneFile /home/james/Software/multiPhATE2/PipelineOutput/contig_1396/consensus.cgc
Adding calls from geneFile /home/james/Software/multiPhATE2/PipelineOutput/contig_1396/consensus.cgc
Appending call set  number of calls is: 0
Opening geneFile /home/james/Software/multiPhATE2/PipelineOutput/contig_1396/glimmer.cgc
Adding calls from geneFile /home/james/Software/multiPhATE2/PipelineOutput/contig_1396/glimmer.cgc
Appending call set  number of calls is: 44
Opening geneFile /home/james/Software/multiPhATE2/PipelineOutput/contig_1396/phanotate.cgc
Adding calls from geneFile /home/james/Software/multiPhATE2/PipelineOutput/contig_1396/phanotate.cgc
Appending call set  number of calls is: 51
Opening geneFile /home/james/Software/multiPhATE2/PipelineOutput/contig_1396/prodigal.cgc
Adding calls from geneFile /home/james/Software/multiPhATE2/PipelineOutput/contig_1396/prodigal.cgc
Appending call set  number of calls is: 43
Opening geneFile /home/james/Software/multiPhATE2/PipelineOutput/contig_1396/superset.cgc
Adding calls from geneFile /home/james/Software/multiPhATE2/PipelineOutput/contig_1396/superset.cgc
Appending call set  number of calls is: 0
All call sets have been added to caller list. Number of call sets in callerList: 6
callerList is   glimmer phanotate prodigal  
Total number of gene calls across callerList call sets is: 138
Sorting gene calls for each caller
Processing a callSet
Before sorting, Length of callerList for caller  is 0
After sorting, Length of callerList for caller  is 0
Processing a callSet
Before sorting, Length of callerList for caller  is 0
After sorting, Length of callerList for caller  is 0
Processing a callSet
Before sorting, Length of callerList for caller glimmer is 44
After sorting, Length of callerList for caller glimmer is 44
Processing a callSet
Before sorting, Length of callerList for caller phanotate is 51
After sorting, Length of callerList for caller phanotate is 51
Processing a callSet
Before sorting, Length of callerList for caller prodigal is 43
After sorting, Length of callerList for caller prodigal is 43
Processing a callSet
Before sorting, Length of callerList for caller  is 0
After sorting, Length of callerList for caller  is 0
callSet processing complete
Comparing across the call sets...
Merging the geneCall sets....
Final merged genes:

***************Merge List
1	Gene No. 1, gene caller: phanotate, leftEnd: 2, rightEnd: 130, strand: +, length: 129, contig: contig_1396, protein: unknown, score1: 1.0, score2: 0.0
2	Gene No. 1, gene caller: prodigal, leftEnd: 2, rightEnd: 130, strand: +, length: 129, contig: contig_1396, protein: unknown, score1: 1.0, score2: 0.0
3	Gene No. 2, gene caller: glimmer, leftEnd: 8, rightEnd: 130, strand: +, length: 123, contig: contig_1396, protein: unknown, score1: 1.0, score2: 0.0
4	Gene No. 3, gene caller: glimmer, leftEnd: 173, rightEnd: 493, strand: +, length: 321, contig: contig_1396, protein: unknown, score1: 1.0, score2: 0.0
5	Gene No. 2, gene caller: phanotate, leftEnd: 173, rightEnd: 493, strand: +, length: 321, contig: contig_1396, protein: unknown, score1: 1.0, score2: 0.0
6	Gene No. 2, gene caller: prodigal, leftEnd: 173, rightEnd: 493, strand: +, length: 321, contig: contig_1396, protein: unknown, score1: 1.0, score2: 0.0
7	Gene No. 4, gene caller: glimmer, leftEnd: 496, rightEnd: 936, strand: +, length: 441, contig: contig_1396, protein: unknown, score1: 1.0, score2: 0.0
8	Gene No. 3, gene caller: phanotate, leftEnd: 496, rightEnd: 936, strand: +, length: 441, contig: contig_1396, protein: unknown, score1: 1.0, score2: 0.0
9	Gene No. 3, gene caller: prodigal, leftEnd: 496, rightEnd: 936, strand: +, length: 441, contig: contig_1396, protein: unknown, score1: 1.0, score2: 0.0
10	Gene No. 5, gene caller: glimmer, leftEnd: 970, rightEnd: 1155, strand: +, length: 186, contig: contig_1396, protein: unknown, score1: 1.0, score2: 0.0
11	Gene No. 4, gene caller: phanotate, leftEnd: 970, rightEnd: 1155, strand: +, length: 186, contig: contig_1396, protein: unknown, score1: 1.0, score2: 0.0
12	Gene No. 4, gene caller: prodigal, leftEnd: 970, rightEnd: 1155, strand: +, length: 186, contig: contig_1396, protein: unknown, score1: 1.0, score2: 0.0
13	Gene No. 5, gene caller: phanotate, leftEnd: 1148, rightEnd: 1336, strand: -, length: 189, contig: contig_1396, protein: unknown, score1: 1.0, score2: 0.0
14	Gene No. 6, gene caller: glimmer, leftEnd: 1443, rightEnd: 1748, strand: -, length: 306, contig: contig_1396, protein: unknown, score1: 1.0, score2: 0.0
15	Gene No. 6, gene caller: phanotate, leftEnd: 1443, rightEnd: 1748, strand: -, length: 306, contig: contig_1396, protein: unknown, score1: 1.0, score2: 0.0
16	Gene No. 5, gene caller: prodigal, leftEnd: 1443, rightEnd: 1748, strand: -, length: 306, contig: contig_1396, protein: unknown, score1: 1.0, score2: 0.0
17	Gene No. 7, gene caller: glimmer, leftEnd: 1782, rightEnd: 2222, strand: -, length: 441, contig: contig_1396, protein: unknown, score1: 1.0, score2: 0.0
18	Gene No. 7, gene caller: phanotate, leftEnd: 1782, rightEnd: 2222, strand: -, length: 441, contig: contig_1396, protein: unknown, score1: 1.0, score2: 0.0
19	Gene No. 6, gene caller: prodigal, leftEnd: 1782, rightEnd: 2222, strand: -, length: 441, contig: contig_1396, protein: unknown, score1: 1.0, score2: 0.0
20	Gene No. 8, gene caller: glimmer, leftEnd: 2225, rightEnd: 2545, strand: -, length: 321, contig: contig_1396, protein: unknown, score1: 1.0, score2: 0.0
21	Gene No. 8, gene caller: phanotate, leftEnd: 2225, rightEnd: 2545, strand: -, length: 321, contig: contig_1396, protein: unknown, score1: 1.0, score2: 0.0
22	Gene No. 7, gene caller: prodigal, leftEnd: 2225, rightEnd: 2545, strand: -, length: 321, contig: contig_1396, protein: unknown, score1: 1.0, score2: 0.0
23	Gene No. 9, gene caller: phanotate, leftEnd: 2588, rightEnd: 3037, strand: -, length: 450, contig: contig_1396, protein: unknown, score1: 1.0, score2: 0.0
24	Gene No. 8, gene caller: prodigal, leftEnd: 2588, rightEnd: 3037, strand: -, length: 450, contig: contig_1396, protein: unknown, score1: 1.0, score2: 0.0
25	Gene No. 9, gene caller: glimmer, leftEnd: 2588, rightEnd: 3046, strand: -, length: 459, contig: contig_1396, protein: unknown, score1: 1.0, score2: 0.0
26	Gene No. 10, gene caller: glimmer, leftEnd: 3009, rightEnd: 3173, strand: -, length: 165, contig: contig_1396, protein: unknown, score1: 1.0, score2: 0.0
27	Gene No. 10, gene caller: phanotate, leftEnd: 3009, rightEnd: 3173, strand: -, length: 165, contig: contig_1396, protein: unknown, score1: 1.0, score2: 0.0
28	Gene No. 9, gene caller: prodigal, leftEnd: 3009, rightEnd: 3233, strand: -, length: 225, contig: contig_1396, protein: unknown, score1: 1.0, score2: 0.0
29	Gene No. 11, gene caller: glimmer, leftEnd: 3187, rightEnd: 3405, strand: -, length: 219, contig: contig_1396, protein: unknown, score1: 1.0, score2: 0.0
30	Gene No. 11, gene caller: phanotate, leftEnd: 3187, rightEnd: 3405, strand: -, length: 219, contig: contig_1396, protein: unknown, score1: 1.0, score2: 0.0
31	Gene No. 10, gene caller: prodigal, leftEnd: 3187, rightEnd: 3405, strand: -, length: 219, contig: contig_1396, protein: unknown, score1: 1.0, score2: 0.0
32	Gene No. 12, gene caller: glimmer, leftEnd: 3417, rightEnd: 4217, strand: -, length: 801, contig: contig_1396, protein: unknown, score1: 1.0, score2: 0.0
33	Gene No. 12, gene caller: phanotate, leftEnd: 3417, rightEnd: 4217, strand: -, length: 801, contig: contig_1396, protein: unknown, score1: 1.0, score2: 0.0
34	Gene No. 11, gene caller: prodigal, leftEnd: 3417, rightEnd: 4217, strand: -, length: 801, contig: contig_1396, protein: unknown, score1: 1.0, score2: 0.0
35	Gene No. 13, gene caller: glimmer, leftEnd: 4233, rightEnd: 5042, strand: -, length: 810, contig: contig_1396, protein: unknown, score1: 1.0, score2: 0.0
36	Gene No. 13, gene caller: phanotate, leftEnd: 4233, rightEnd: 5042, strand: -, length: 810, contig: contig_1396, protein: unknown, score1: 1.0, score2: 0.0
37	Gene No. 12, gene caller: prodigal, leftEnd: 4233, rightEnd: 5042, strand: -, length: 810, contig: contig_1396, protein: unknown, score1: 1.0, score2: 0.0
38	Gene No. 14, gene caller: glimmer, leftEnd: 5047, rightEnd: 5769, strand: -, length: 723, contig: contig_1396, protein: unknown, score1: 1.0, score2: 0.0
39	Gene No. 14, gene caller: phanotate, leftEnd: 5047, rightEnd: 5769, strand: -, length: 723, contig: contig_1396, protein: unknown, score1: 1.0, score2: 0.0
40	Gene No. 13, gene caller: prodigal, leftEnd: 5047, rightEnd: 5769, strand: -, length: 723, contig: contig_1396, protein: unknown, score1: 1.0, score2: 0.0
41	Gene No. 15, gene caller: glimmer, leftEnd: 5762, rightEnd: 6025, strand: -, length: 264, contig: contig_1396, protein: unknown, score1: 1.0, score2: 0.0
42	Gene No. 15, gene caller: phanotate, leftEnd: 5762, rightEnd: 6025, strand: -, length: 264, contig: contig_1396, protein: unknown, score1: 1.0, score2: 0.0
43	Gene No. 14, gene caller: prodigal, leftEnd: 5762, rightEnd: 6025, strand: -, length: 264, contig: contig_1396, protein: unknown, score1: 1.0, score2: 0.0
44	Gene No. 16, gene caller: glimmer, leftEnd: 6025, rightEnd: 6324, strand: -, length: 300, contig: contig_1396, protein: unknown, score1: 1.0, score2: 0.0
45	Gene No. 16, gene caller: phanotate, leftEnd: 6025, rightEnd: 6324, strand: -, length: 300, contig: contig_1396, protein: unknown, score1: 1.0, score2: 0.0
46	Gene No. 15, gene caller: prodigal, leftEnd: 6025, rightEnd: 6324, strand: -, length: 300, contig: contig_1396, protein: unknown, score1: 1.0, score2: 0.0
47	Gene No. 17, gene caller: glimmer, leftEnd: 6371, rightEnd: 6517, strand: -, length: 147, contig: contig_1396, protein: unknown, score1: 1.0, score2: 0.0
48	Gene No. 17, gene caller: phanotate, leftEnd: 6371, rightEnd: 6517, strand: -, length: 147, contig: contig_1396, protein: unknown, score1: 1.0, score2: 0.0
49	Gene No. 16, gene caller: prodigal, leftEnd: 6371, rightEnd: 6517, strand: -, length: 147, contig: contig_1396, protein: unknown, score1: 1.0, score2: 0.0
50	Gene No. 18, gene caller: phanotate, leftEnd: 6520, rightEnd: 6678, strand: -, length: 159, contig: contig_1396, protein: unknown, score1: 1.0, score2: 0.0
51	Gene No. 17, gene caller: prodigal, leftEnd: 6520, rightEnd: 6678, strand: -, length: 159, contig: contig_1396, protein: unknown, score1: 1.0, score2: 0.0
52	Gene No. 18, gene caller: prodigal, leftEnd: 6749, rightEnd: 6964, strand: -, length: 216, contig: contig_1396, protein: unknown, score1: 1.0, score2: 0.0
53	Gene No. 18, gene caller: glimmer, leftEnd: 6749, rightEnd: 6991, strand: -, length: 243, contig: contig_1396, protein: unknown, score1: 1.0, score2: 0.0
54	Gene No. 19, gene caller: phanotate, leftEnd: 6749, rightEnd: 7045, strand: -, length: 297, contig: contig_1396, protein: unknown, score1: 1.0, score2: 0.0
55	Gene No. 19, gene caller: glimmer, leftEnd: 7236, rightEnd: 7613, strand: +, length: 378, contig: contig_1396, protein: unknown, score1: 1.0, score2: 0.0
56	Gene No. 19, gene caller: prodigal, leftEnd: 7236, rightEnd: 7613, strand: +, length: 378, contig: contig_1396, protein: unknown, score1: 1.0, score2: 0.0
57	Gene No. 20, gene caller: phanotate, leftEnd: 7268, rightEnd: 7456, strand: -, length: 189, contig: contig_1396, protein: unknown, score1: 1.0, score2: 0.0
58	Gene No. 21, gene caller: phanotate, leftEnd: 7447, rightEnd: 7536, strand: -, length: 90, contig: contig_1396, protein: unknown, score1: 1.0, score2: 0.0
59	Gene No. 22, gene caller: phanotate, leftEnd: 7533, rightEnd: 7745, strand: -, length: 213, contig: contig_1396, protein: unknown, score1: 1.0, score2: 0.0
60	Gene No. 20, gene caller: prodigal, leftEnd: 7533, rightEnd: 7745, strand: -, length: 213, contig: contig_1396, protein: unknown, score1: 1.0, score2: 0.0
61	Gene No. 20, gene caller: glimmer, leftEnd: 7742, rightEnd: 7969, strand: -, length: 228, contig: contig_1396, protein: unknown, score1: 1.0, score2: 0.0
62	Gene No. 23, gene caller: phanotate, leftEnd: 7742, rightEnd: 7969, strand: -, length: 228, contig: contig_1396, protein: unknown, score1: 1.0, score2: 0.0
63	Gene No. 21, gene caller: prodigal, leftEnd: 7742, rightEnd: 7969, strand: -, length: 228, contig: contig_1396, protein: unknown, score1: 1.0, score2: 0.0
64	Gene No. 24, gene caller: phanotate, leftEnd: 8062, rightEnd: 8154, strand: -, length: 93, contig: contig_1396, protein: unknown, score1: 1.0, score2: 0.0
65	Gene No. 21, gene caller: glimmer, leftEnd: 8141, rightEnd: 8518, strand: +, length: 378, contig: contig_1396, protein: unknown, score1: 1.0, score2: 0.0
66	Gene No. 25, gene caller: phanotate, leftEnd: 8141, rightEnd: 8518, strand: +, length: 378, contig: contig_1396, protein: unknown, score1: 1.0, score2: 0.0
67	Gene No. 22, gene caller: prodigal, leftEnd: 8141, rightEnd: 8518, strand: +, length: 378, contig: contig_1396, protein: unknown, score1: 1.0, score2: 0.0
68	Gene No. 22, gene caller: glimmer, leftEnd: 8508, rightEnd: 8915, strand: +, length: 408, contig: contig_1396, protein: unknown, score1: 1.0, score2: 0.0
69	Gene No. 26, gene caller: phanotate, leftEnd: 8508, rightEnd: 8915, strand: +, length: 408, contig: contig_1396, protein: unknown, score1: 1.0, score2: 0.0
70	Gene No. 23, gene caller: prodigal, leftEnd: 8508, rightEnd: 8915, strand: +, length: 408, contig: contig_1396, protein: unknown, score1: 1.0, score2: 0.0
71	Gene No. 23, gene caller: glimmer, leftEnd: 8935, rightEnd: 9372, strand: +, length: 438, contig: contig_1396, protein: unknown, score1: 1.0, score2: 0.0
72	Gene No. 27, gene caller: phanotate, leftEnd: 8935, rightEnd: 9372, strand: +, length: 438, contig: contig_1396, protein: unknown, score1: 1.0, score2: 0.0
73	Gene No. 24, gene caller: prodigal, leftEnd: 8935, rightEnd: 9372, strand: +, length: 438, contig: contig_1396, protein: unknown, score1: 1.0, score2: 0.0
74	Gene No. 24, gene caller: glimmer, leftEnd: 9435, rightEnd: 9902, strand: +, length: 468, contig: contig_1396, protein: unknown, score1: 1.0, score2: 0.0
75	Gene No. 28, gene caller: phanotate, leftEnd: 9435, rightEnd: 9902, strand: +, length: 468, contig: contig_1396, protein: unknown, score1: 1.0, score2: 0.0
76	Gene No. 25, gene caller: prodigal, leftEnd: 9435, rightEnd: 9902, strand: +, length: 468, contig: contig_1396, protein: unknown, score1: 1.0, score2: 0.0
77	Gene No. 29, gene caller: phanotate, leftEnd: 9958, rightEnd: 10077, strand: +, length: 120, contig: contig_1396, protein: unknown, score1: 1.0, score2: 0.0
78	Gene No. 25, gene caller: glimmer, leftEnd: 10089, rightEnd: 11573, strand: +, length: 1485, contig: contig_1396, protein: unknown, score1: 1.0, score2: 0.0
79	Gene No. 30, gene caller: phanotate, leftEnd: 10089, rightEnd: 11573, strand: +, length: 1485, contig: contig_1396, protein: unknown, score1: 1.0, score2: 0.0
80	Gene No. 26, gene caller: prodigal, leftEnd: 10089, rightEnd: 11573, strand: +, length: 1485, contig: contig_1396, protein: unknown, score1: 1.0, score2: 0.0
81	Gene No. 26, gene caller: glimmer, leftEnd: 11610, rightEnd: 12764, strand: +, length: 1155, contig: contig_1396, protein: unknown, score1: 1.0, score2: 0.0
82	Gene No. 31, gene caller: phanotate, leftEnd: 11610, rightEnd: 12764, strand: +, length: 1155, contig: contig_1396, protein: unknown, score1: 1.0, score2: 0.0
83	Gene No. 27, gene caller: prodigal, leftEnd: 11610, rightEnd: 12764, strand: +, length: 1155, contig: contig_1396, protein: unknown, score1: 1.0, score2: 0.0
84	Gene No. 32, gene caller: phanotate, leftEnd: 12844, rightEnd: 13026, strand: -, length: 183, contig: contig_1396, protein: unknown, score1: 1.0, score2: 0.0
85	Gene No. 33, gene caller: phanotate, leftEnd: 13085, rightEnd: 13444, strand: -, length: 360, contig: contig_1396, protein: unknown, score1: 1.0, score2: 0.0
86	Gene No. 28, gene caller: prodigal, leftEnd: 13085, rightEnd: 13444, strand: -, length: 360, contig: contig_1396, protein: unknown, score1: 1.0, score2: 0.0
87	Gene No. 27, gene caller: glimmer, leftEnd: 13085, rightEnd: 13510, strand: -, length: 426, contig: contig_1396, protein: unknown, score1: 1.0, score2: 0.0
88	Gene No. 34, gene caller: phanotate, leftEnd: 13598, rightEnd: 13720, strand: -, length: 123, contig: contig_1396, protein: unknown, score1: 1.0, score2: 0.0
89	Gene No. 28, gene caller: glimmer, leftEnd: 13598, rightEnd: 13747, strand: -, length: 150, contig: contig_1396, protein: unknown, score1: 1.0, score2: 0.0
90	Gene No. 29, gene caller: glimmer, leftEnd: 13728, rightEnd: 14372, strand: -, length: 645, contig: contig_1396, protein: unknown, score1: 1.0, score2: 0.0
91	Gene No. 35, gene caller: phanotate, leftEnd: 13728, rightEnd: 14372, strand: -, length: 645, contig: contig_1396, protein: unknown, score1: 1.0, score2: 0.0
92	Gene No. 29, gene caller: prodigal, leftEnd: 13728, rightEnd: 14372, strand: -, length: 645, contig: contig_1396, protein: unknown, score1: 1.0, score2: 0.0
93	Gene No. 30, gene caller: glimmer, leftEnd: 14512, rightEnd: 14874, strand: -, length: 363, contig: contig_1396, protein: unknown, score1: 1.0, score2: 0.0
94	Gene No. 36, gene caller: phanotate, leftEnd: 14512, rightEnd: 14874, strand: -, length: 363, contig: contig_1396, protein: unknown, score1: 1.0, score2: 0.0
95	Gene No. 30, gene caller: prodigal, leftEnd: 14512, rightEnd: 14874, strand: -, length: 363, contig: contig_1396, protein: unknown, score1: 1.0, score2: 0.0
96	Gene No. 31, gene caller: prodigal, leftEnd: 14911, rightEnd: 15186, strand: -, length: 276, contig: contig_1396, protein: unknown, score1: 1.0, score2: 0.0
97	Gene No. 31, gene caller: glimmer, leftEnd: 14911, rightEnd: 15234, strand: -, length: 324, contig: contig_1396, protein: unknown, score1: 1.0, score2: 0.0
98	Gene No. 37, gene caller: phanotate, leftEnd: 14911, rightEnd: 15234, strand: -, length: 324, contig: contig_1396, protein: unknown, score1: 1.0, score2: 0.0
99	Gene No. 32, gene caller: glimmer, leftEnd: 15269, rightEnd: 16066, strand: -, length: 798, contig: contig_1396, protein: unknown, score1: 1.0, score2: 0.0
100	Gene No. 38, gene caller: phanotate, leftEnd: 15269, rightEnd: 16066, strand: -, length: 798, contig: contig_1396, protein: unknown, score1: 1.0, score2: 0.0
101	Gene No. 32, gene caller: prodigal, leftEnd: 15269, rightEnd: 16066, strand: -, length: 798, contig: contig_1396, protein: unknown, score1: 1.0, score2: 0.0
102	Gene No. 33, gene caller: glimmer, leftEnd: 16053, rightEnd: 16373, strand: -, length: 321, contig: contig_1396, protein: unknown, score1: 1.0, score2: 0.0
103	Gene No. 39, gene caller: phanotate, leftEnd: 16053, rightEnd: 16373, strand: -, length: 321, contig: contig_1396, protein: unknown, score1: 1.0, score2: 0.0
104	Gene No. 33, gene caller: prodigal, leftEnd: 16053, rightEnd: 16373, strand: -, length: 321, contig: contig_1396, protein: unknown, score1: 1.0, score2: 0.0
105	Gene No. 34, gene caller: glimmer, leftEnd: 16404, rightEnd: 16634, strand: -, length: 231, contig: contig_1396, protein: unknown, score1: 1.0, score2: 0.0
106	Gene No. 40, gene caller: phanotate, leftEnd: 16404, rightEnd: 16634, strand: -, length: 231, contig: contig_1396, protein: unknown, score1: 1.0, score2: 0.0
107	Gene No. 34, gene caller: prodigal, leftEnd: 16404, rightEnd: 16634, strand: -, length: 231, contig: contig_1396, protein: unknown, score1: 1.0, score2: 0.0
108	Gene No. 35, gene caller: glimmer, leftEnd: 16647, rightEnd: 17030, strand: -, length: 384, contig: contig_1396, protein: unknown, score1: 1.0, score2: 0.0
109	Gene No. 41, gene caller: phanotate, leftEnd: 16647, rightEnd: 17114, strand: -, length: 468, contig: contig_1396, protein: unknown, score1: 1.0, score2: 0.0
110	Gene No. 35, gene caller: prodigal, leftEnd: 16647, rightEnd: 17114, strand: -, length: 468, contig: contig_1396, protein: unknown, score1: 1.0, score2: 0.0
111	Gene No. 36, gene caller: glimmer, leftEnd: 17011, rightEnd: 17151, strand: -, length: 141, contig: contig_1396, protein: unknown, score1: 1.0, score2: 0.0
112	Gene No. 37, gene caller: glimmer, leftEnd: 17166, rightEnd: 17582, strand: -, length: 417, contig: contig_1396, protein: unknown, score1: 1.0, score2: 0.0
113	Gene No. 42, gene caller: phanotate, leftEnd: 17166, rightEnd: 17582, strand: -, length: 417, contig: contig_1396, protein: unknown, score1: 1.0, score2: 0.0
114	Gene No. 36, gene caller: prodigal, leftEnd: 17166, rightEnd: 17582, strand: -, length: 417, contig: contig_1396, protein: unknown, score1: 1.0, score2: 0.0
115	Gene No. 43, gene caller: phanotate, leftEnd: 17599, rightEnd: 17706, strand: -, length: 108, contig: contig_1396, protein: unknown, score1: 1.0, score2: 0.0
116	Gene No. 39, gene caller: glimmer, leftEnd: 17693, rightEnd: 17908, strand: -, length: 216, contig: contig_1396, protein: unknown, score1: 1.0, score2: 0.0
117	Gene No. 44, gene caller: phanotate, leftEnd: 17722, rightEnd: 17826, strand: -, length: 105, contig: contig_1396, protein: unknown, score1: 1.0, score2: 0.0
118	Gene No. 45, gene caller: phanotate, leftEnd: 17856, rightEnd: 18200, strand: -, length: 345, contig: contig_1396, protein: unknown, score1: 1.0, score2: 0.0
119	Gene No. 38, gene caller: glimmer, leftEnd: 17895, rightEnd: 18041, strand: +, length: 147, contig: contig_1396, protein: unknown, score1: 1.0, score2: 0.0
120	Gene No. 37, gene caller: prodigal, leftEnd: 17895, rightEnd: 18041, strand: +, length: 147, contig: contig_1396, protein: unknown, score1: 1.0, score2: 0.0
121	Gene No. 40, gene caller: glimmer, leftEnd: 18244, rightEnd: 18582, strand: +, length: 339, contig: contig_1396, protein: unknown, score1: 1.0, score2: 0.0
122	Gene No. 46, gene caller: phanotate, leftEnd: 18244, rightEnd: 18582, strand: +, length: 339, contig: contig_1396, protein: unknown, score1: 1.0, score2: 0.0
123	Gene No. 38, gene caller: prodigal, leftEnd: 18244, rightEnd: 18582, strand: +, length: 339, contig: contig_1396, protein: unknown, score1: 1.0, score2: 0.0
124	Gene No. 41, gene caller: glimmer, leftEnd: 18599, rightEnd: 19015, strand: +, length: 417, contig: contig_1396, protein: unknown, score1: 1.0, score2: 0.0
125	Gene No. 47, gene caller: phanotate, leftEnd: 18599, rightEnd: 19015, strand: +, length: 417, contig: contig_1396, protein: unknown, score1: 1.0, score2: 0.0
126	Gene No. 39, gene caller: prodigal, leftEnd: 18599, rightEnd: 19015, strand: +, length: 417, contig: contig_1396, protein: unknown, score1: 1.0, score2: 0.0
127	Gene No. 42, gene caller: glimmer, leftEnd: 19030, rightEnd: 19170, strand: +, length: 141, contig: contig_1396, protein: unknown, score1: 1.0, score2: 0.0
128	Gene No. 48, gene caller: phanotate, leftEnd: 19067, rightEnd: 19534, strand: +, length: 468, contig: contig_1396, protein: unknown, score1: 1.0, score2: 0.0
129	Gene No. 40, gene caller: prodigal, leftEnd: 19067, rightEnd: 19534, strand: +, length: 468, contig: contig_1396, protein: unknown, score1: 1.0, score2: 0.0
130	Gene No. 43, gene caller: glimmer, leftEnd: 19151, rightEnd: 19534, strand: +, length: 384, contig: contig_1396, protein: unknown, score1: 1.0, score2: 0.0
131	Gene No. 44, gene caller: glimmer, leftEnd: 19547, rightEnd: 19777, strand: +, length: 231, contig: contig_1396, protein: unknown, score1: 1.0, score2: 0.0
132	Gene No. 49, gene caller: phanotate, leftEnd: 19547, rightEnd: 19777, strand: +, length: 231, contig: contig_1396, protein: unknown, score1: 1.0, score2: 0.0
133	Gene No. 41, gene caller: prodigal, leftEnd: 19547, rightEnd: 19777, strand: +, length: 231, contig: contig_1396, protein: unknown, score1: 1.0, score2: 0.0
134	Gene No. 45, gene caller: glimmer, leftEnd: 19808, rightEnd: 20128, strand: +, length: 321, contig: contig_1396, protein: unknown, score1: 1.0, score2: 0.0
135	Gene No. 50, gene caller: phanotate, leftEnd: 19808, rightEnd: 20128, strand: +, length: 321, contig: contig_1396, protein: unknown, score1: 1.0, score2: 0.0
136	Gene No. 42, gene caller: prodigal, leftEnd: 19808, rightEnd: 20128, strand: +, length: 321, contig: contig_1396, protein: unknown, score1: 1.0, score2: 0.0
137	Gene No. 51, gene caller: phanotate, leftEnd: 20115, rightEnd: 20336, strand: +, length: 222, contig: contig_1396, protein: unknown, score1: 1.0, score2: 0.0
138	Gene No. 43, gene caller: prodigal, leftEnd: 20115, rightEnd: 20336, strand: +, length: 222, contig: contig_1396, protein: unknown, score1: 1.0, score2: 0.0
Comparing across geneCall sets....
Scoring gene calls....
Identifying common core...
This is the Common Core List:

***************Common Core
CC-gene 1	Gene No. 1, gene caller: All_callers, leftEnd: 173, rightEnd: 493, strand: +, length: 321, contig: contig_1396, protein: unknown, score1: 1.0, score2: 0.0
CC-gene 2	Gene No. 1, gene caller: All_callers, leftEnd: 496, rightEnd: 936, strand: +, length: 441, contig: contig_1396, protein: unknown, score1: 1.0, score2: 0.0
CC-gene 3	Gene No. 1, gene caller: All_callers, leftEnd: 970, rightEnd: 1155, strand: +, length: 186, contig: contig_1396, protein: unknown, score1: 1.0, score2: 0.0
CC-gene 4	Gene No. 1, gene caller: All_callers, leftEnd: 1443, rightEnd: 1748, strand: -, length: 306, contig: contig_1396, protein: unknown, score1: 1.0, score2: 0.0
CC-gene 5	Gene No. 1, gene caller: All_callers, leftEnd: 1782, rightEnd: 2222, strand: -, length: 441, contig: contig_1396, protein: unknown, score1: 1.0, score2: 0.0
CC-gene 6	Gene No. 1, gene caller: All_callers, leftEnd: 2225, rightEnd: 2545, strand: -, length: 321, contig: contig_1396, protein: unknown, score1: 1.0, score2: 0.0
CC-gene 7	Gene No. 1, gene caller: All_callers, leftEnd: 3187, rightEnd: 3405, strand: -, length: 219, contig: contig_1396, protein: unknown, score1: 1.0, score2: 0.0
CC-gene 8	Gene No. 1, gene caller: All_callers, leftEnd: 3417, rightEnd: 4217, strand: -, length: 801, contig: contig_1396, protein: unknown, score1: 1.0, score2: 0.0
CC-gene 9	Gene No. 1, gene caller: All_callers, leftEnd: 4233, rightEnd: 5042, strand: -, length: 810, contig: contig_1396, protein: unknown, score1: 1.0, score2: 0.0
CC-gene 10	Gene No. 1, gene caller: All_callers, leftEnd: 5047, rightEnd: 5769, strand: -, length: 723, contig: contig_1396, protein: unknown, score1: 1.0, score2: 0.0
CC-gene 11	Gene No. 1, gene caller: All_callers, leftEnd: 5762, rightEnd: 6025, strand: -, length: 264, contig: contig_1396, protein: unknown, score1: 1.0, score2: 0.0
CC-gene 12	Gene No. 1, gene caller: All_callers, leftEnd: 6025, rightEnd: 6324, strand: -, length: 300, contig: contig_1396, protein: unknown, score1: 1.0, score2: 0.0
CC-gene 13	Gene No. 1, gene caller: All_callers, leftEnd: 6371, rightEnd: 6517, strand: -, length: 147, contig: contig_1396, protein: unknown, score1: 1.0, score2: 0.0
CC-gene 14	Gene No. 1, gene caller: All_callers, leftEnd: 7742, rightEnd: 7969, strand: -, length: 228, contig: contig_1396, protein: unknown, score1: 1.0, score2: 0.0
CC-gene 15	Gene No. 1, gene caller: All_callers, leftEnd: 8141, rightEnd: 8518, strand: +, length: 378, contig: contig_1396, protein: unknown, score1: 1.0, score2: 0.0
CC-gene 16	Gene No. 1, gene caller: All_callers, leftEnd: 8508, rightEnd: 8915, strand: +, length: 408, contig: contig_1396, protein: unknown, score1: 1.0, score2: 0.0
CC-gene 17	Gene No. 1, gene caller: All_callers, leftEnd: 8935, rightEnd: 9372, strand: +, length: 438, contig: contig_1396, protein: unknown, score1: 1.0, score2: 0.0
CC-gene 18	Gene No. 1, gene caller: All_callers, leftEnd: 9435, rightEnd: 9902, strand: +, length: 468, contig: contig_1396, protein: unknown, score1: 1.0, score2: 0.0
CC-gene 19	Gene No. 1, gene caller: All_callers, leftEnd: 10089, rightEnd: 11573, strand: +, length: 1485, contig: contig_1396, protein: unknown, score1: 1.0, score2: 0.0
CC-gene 20	Gene No. 1, gene caller: All_callers, leftEnd: 11610, rightEnd: 12764, strand: +, length: 1155, contig: contig_1396, protein: unknown, score1: 1.0, score2: 0.0
CC-gene 21	Gene No. 1, gene caller: All_callers, leftEnd: 13728, rightEnd: 14372, strand: -, length: 645, contig: contig_1396, protein: unknown, score1: 1.0, score2: 0.0
CC-gene 22	Gene No. 1, gene caller: All_callers, leftEnd: 14512, rightEnd: 14874, strand: -, length: 363, contig: contig_1396, protein: unknown, score1: 1.0, score2: 0.0
CC-gene 23	Gene No. 1, gene caller: All_callers, leftEnd: 15269, rightEnd: 16066, strand: -, length: 798, contig: contig_1396, protein: unknown, score1: 1.0, score2: 0.0
CC-gene 24	Gene No. 1, gene caller: All_callers, leftEnd: 16053, rightEnd: 16373, strand: -, length: 321, contig: contig_1396, protein: unknown, score1: 1.0, score2: 0.0
CC-gene 25	Gene No. 1, gene caller: All_callers, leftEnd: 16404, rightEnd: 16634, strand: -, length: 231, contig: contig_1396, protein: unknown, score1: 1.0, score2: 0.0
CC-gene 26	Gene No. 1, gene caller: All_callers, leftEnd: 17166, rightEnd: 17582, strand: -, length: 417, contig: contig_1396, protein: unknown, score1: 1.0, score2: 0.0
CC-gene 27	Gene No. 1, gene caller: All_callers, leftEnd: 18244, rightEnd: 18582, strand: +, length: 339, contig: contig_1396, protein: unknown, score1: 1.0, score2: 0.0
CC-gene 28	Gene No. 1, gene caller: All_callers, leftEnd: 18599, rightEnd: 19015, strand: +, length: 417, contig: contig_1396, protein: unknown, score1: 1.0, score2: 0.0
CC-gene 29	Gene No. 1, gene caller: All_callers, leftEnd: 19547, rightEnd: 19777, strand: +, length: 231, contig: contig_1396, protein: unknown, score1: 1.0, score2: 0.0
CC-gene 30	Gene No. 1, gene caller: All_callers, leftEnd: 19808, rightEnd: 20128, strand: +, length: 321, contig: contig_1396, protein: unknown, score1: 1.0, score2: 0.0
Printing gene-call superset, consensus, and common_core in GFF and CGC formats
Printing report....
The following gene callers were considered: glimmer, phanotate, prodigal, The number of distinct gene calls over all gene callers is 66
The number of gene calls in common among all callers is 30
The number of unique (non-matching) gene calls is24
Caller glimmer produced 44 gene calls.
Caller glimmer gene-call length stats:  min: 123, max: 1485, ave: 400.09090909090907
Caller phanotate produced 51 gene calls.
Caller phanotate gene-call length stats:  min: 90, max: 1485, ave: 367.11764705882354
Caller prodigal produced 43 gene calls.
Caller prodigal gene-call length stats:  min: 129, max: 1485, ave: 410.09302325581393

Gene-call Scores:
Caller	Contig	Gene No.	Left End	Right End	Strand	gcScore
phanotate	contig_1396	1	2	130	+	0.83
prodigal	contig_1396	1	2	130	+	0.83
glimmer	contig_1396	2	8	130	+	0.50
glimmer	contig_1396	3	173	493	+	1.00
phanotate	contig_1396	2	173	493	+	1.00
prodigal	contig_1396	2	173	493	+	1.00
glimmer	contig_1396	4	496	936	+	1.00
phanotate	contig_1396	3	496	936	+	1.00
prodigal	contig_1396	3	496	936	+	1.00
glimmer	contig_1396	5	970	1155	+	1.00
phanotate	contig_1396	4	970	1155	+	1.00
prodigal	contig_1396	4	970	1155	+	1.00
phanotate	contig_1396	5	1148	1336	-	0.33
glimmer	contig_1396	6	1443	1748	-	1.00
phanotate	contig_1396	6	1443	1748	-	1.00
prodigal	contig_1396	5	1443	1748	-	1.00
glimmer	contig_1396	7	1782	2222	-	1.00
phanotate	contig_1396	7	1782	2222	-	1.00
prodigal	contig_1396	6	1782	2222	-	1.00
glimmer	contig_1396	8	2225	2545	-	1.00
phanotate	contig_1396	8	2225	2545	-	1.00
prodigal	contig_1396	7	2225	2545	-	1.00
phanotate	contig_1396	9	2588	3037	-	0.83
prodigal	contig_1396	8	2588	3037	-	0.83
glimmer	contig_1396	9	2588	3046	-	0.50
glimmer	contig_1396	10	3009	3173	-	0.83
phanotate	contig_1396	10	3009	3173	-	0.83
prodigal	contig_1396	9	3009	3233	-	0.50
glimmer	contig_1396	11	3187	3405	-	1.00
phanotate	contig_1396	11	3187	3405	-	1.00
prodigal	contig_1396	10	3187	3405	-	1.00
glimmer	contig_1396	12	3417	4217	-	1.00
phanotate	contig_1396	12	3417	4217	-	1.00
prodigal	contig_1396	11	3417	4217	-	1.00
glimmer	contig_1396	13	4233	5042	-	1.00
phanotate	contig_1396	13	4233	5042	-	1.00
prodigal	contig_1396	12	4233	5042	-	1.00
glimmer	contig_1396	14	5047	5769	-	1.00
phanotate	contig_1396	14	5047	5769	-	1.00
prodigal	contig_1396	13	5047	5769	-	1.00
glimmer	contig_1396	15	5762	6025	-	1.00
phanotate	contig_1396	15	5762	6025	-	1.00
prodigal	contig_1396	14	5762	6025	-	1.00
glimmer	contig_1396	16	6025	6324	-	1.00
phanotate	contig_1396	16	6025	6324	-	1.00
prodigal	contig_1396	15	6025	6324	-	1.00
glimmer	contig_1396	17	6371	6517	-	1.00
phanotate	contig_1396	17	6371	6517	-	1.00
prodigal	contig_1396	16	6371	6517	-	1.00
phanotate	contig_1396	18	6520	6678	-	0.83
prodigal	contig_1396	17	6520	6678	-	0.83
prodigal	contig_1396	18	6749	6964	-	0.50
glimmer	contig_1396	18	6749	6991	-	0.50
phanotate	contig_1396	19	6749	7045	-	0.50
glimmer	contig_1396	19	7236	7613	+	0.83
prodigal	contig_1396	19	7236	7613	+	0.83
phanotate	contig_1396	20	7268	7456	-	0.33
phanotate	contig_1396	21	7447	7536	-	0.33
phanotate	contig_1396	22	7533	7745	-	0.83
prodigal	contig_1396	20	7533	7745	-	0.83
glimmer	contig_1396	20	7742	7969	-	1.00
phanotate	contig_1396	23	7742	7969	-	1.00
prodigal	contig_1396	21	7742	7969	-	1.00
phanotate	contig_1396	24	8062	8154	-	0.33
glimmer	contig_1396	21	8141	8518	+	1.00
phanotate	contig_1396	25	8141	8518	+	1.00
prodigal	contig_1396	22	8141	8518	+	1.00
glimmer	contig_1396	22	8508	8915	+	1.00
phanotate	contig_1396	26	8508	8915	+	1.00
prodigal	contig_1396	23	8508	8915	+	1.00
glimmer	contig_1396	23	8935	9372	+	1.00
phanotate	contig_1396	27	8935	9372	+	1.00
prodigal	contig_1396	24	8935	9372	+	1.00
glimmer	contig_1396	24	9435	9902	+	1.00
phanotate	contig_1396	28	9435	9902	+	1.00
prodigal	contig_1396	25	9435	9902	+	1.00
phanotate	contig_1396	29	9958	10077	+	0.33
glimmer	contig_1396	25	10089	11573	+	1.00
phanotate	contig_1396	30	10089	11573	+	1.00
prodigal	contig_1396	26	10089	11573	+	1.00
glimmer	contig_1396	26	11610	12764	+	1.00
phanotate	contig_1396	31	11610	12764	+	1.00
prodigal	contig_1396	27	11610	12764	+	1.00
phanotate	contig_1396	32	12844	13026	-	0.33
phanotate	contig_1396	33	13085	13444	-	0.83
prodigal	contig_1396	28	13085	13444	-	0.83
glimmer	contig_1396	27	13085	13510	-	0.50
phanotate	contig_1396	34	13598	13720	-	0.50
glimmer	contig_1396	28	13598	13747	-	0.50
glimmer	contig_1396	29	13728	14372	-	1.00
phanotate	contig_1396	35	13728	14372	-	1.00
prodigal	contig_1396	29	13728	14372	-	1.00
glimmer	contig_1396	30	14512	14874	-	1.00
phanotate	contig_1396	36	14512	14874	-	1.00
prodigal	contig_1396	30	14512	14874	-	1.00
prodigal	contig_1396	31	14911	15186	-	0.50
glimmer	contig_1396	31	14911	15234	-	0.83
phanotate	contig_1396	37	14911	15234	-	0.83
glimmer	contig_1396	32	15269	16066	-	1.00
phanotate	contig_1396	38	15269	16066	-	1.00
prodigal	contig_1396	32	15269	16066	-	1.00
glimmer	contig_1396	33	16053	16373	-	1.00
phanotate	contig_1396	39	16053	16373	-	1.00
prodigal	contig_1396	33	16053	16373	-	1.00
glimmer	contig_1396	34	16404	16634	-	1.00
phanotate	contig_1396	40	16404	16634	-	1.00
prodigal	contig_1396	34	16404	16634	-	1.00
glimmer	contig_1396	35	16647	17030	-	0.50
phanotate	contig_1396	41	16647	17114	-	0.83
prodigal	contig_1396	35	16647	17114	-	0.83
glimmer	contig_1396	36	17011	17151	-	0.33
glimmer	contig_1396	37	17166	17582	-	1.00
phanotate	contig_1396	42	17166	17582	-	1.00
prodigal	contig_1396	36	17166	17582	-	1.00
phanotate	contig_1396	43	17599	17706	-	0.33
glimmer	contig_1396	39	17693	17908	-	0.33
phanotate	contig_1396	44	17722	17826	-	0.33
phanotate	contig_1396	45	17856	18200	-	0.33
glimmer	contig_1396	38	17895	18041	+	0.83
prodigal	contig_1396	37	17895	18041	+	0.83
glimmer	contig_1396	40	18244	18582	+	1.00
phanotate	contig_1396	46	18244	18582	+	1.00
prodigal	contig_1396	38	18244	18582	+	1.00
glimmer	contig_1396	41	18599	19015	+	1.00
phanotate	contig_1396	47	18599	19015	+	1.00
prodigal	contig_1396	39	18599	19015	+	1.00
glimmer	contig_1396	42	19030	19170	+	0.33
phanotate	contig_1396	48	19067	19534	+	0.83
prodigal	contig_1396	40	19067	19534	+	0.83
glimmer	contig_1396	43	19151	19534	+	0.50
glimmer	contig_1396	44	19547	19777	+	1.00
phanotate	contig_1396	49	19547	19777	+	1.00
prodigal	contig_1396	41	19547	19777	+	1.00
glimmer	contig_1396	45	19808	20128	+	1.00
phanotate	contig_1396	50	19808	20128	+	1.00
prodigal	contig_1396	42	19808	20128	+	1.00
phanotate	contig_1396	51	20115	20336	+	0.83
prodigal	contig_1396	43	20115	20336	+	0.83

Gene-call Consensus Scores:
Caller glimmer average gene-call score: 0.86
Caller phanotate average gene-call score: 0.83
Caller prodigal average gene-call score: 0.93

***************Unique List
Unique gene call 1
  --  Gene No. 1, gene caller: phanotate, leftEnd: 2, rightEnd: 130, strand: +, length: 129, contig: contig_1396, protein: unknown, score1: 0.8333333333333333, score2: 0.0
  --  Gene No. 1, gene caller: prodigal, leftEnd: 2, rightEnd: 130, strand: +, length: 129, contig: contig_1396, protein: unknown, score1: 0.8333333333333333, score2: 0.0
Unique gene call 2
  --  Gene No. 2, gene caller: glimmer, leftEnd: 8, rightEnd: 130, strand: +, length: 123, contig: contig_1396, protein: unknown, score1: 0.5, score2: 0.0
Unique gene call 3
  --  Gene No. 3, gene caller: glimmer, leftEnd: 173, rightEnd: 493, strand: +, length: 321, contig: contig_1396, protein: unknown, score1: 1.0, score2: 0.0
  --  Gene No. 2, gene caller: phanotate, leftEnd: 173, rightEnd: 493, strand: +, length: 321, contig: contig_1396, protein: unknown, score1: 1.0, score2: 0.0
  --  Gene No. 2, gene caller: prodigal, leftEnd: 173, rightEnd: 493, strand: +, length: 321, contig: contig_1396, protein: unknown, score1: 1.0, score2: 0.0
Unique gene call 4
  --  Gene No. 4, gene caller: glimmer, leftEnd: 496, rightEnd: 936, strand: +, length: 441, contig: contig_1396, protein: unknown, score1: 1.0, score2: 0.0
  --  Gene No. 3, gene caller: phanotate, leftEnd: 496, rightEnd: 936, strand: +, length: 441, contig: contig_1396, protein: unknown, score1: 1.0, score2: 0.0
  --  Gene No. 3, gene caller: prodigal, leftEnd: 496, rightEnd: 936, strand: +, length: 441, contig: contig_1396, protein: unknown, score1: 1.0, score2: 0.0
Unique gene call 5
  --  Gene No. 5, gene caller: glimmer, leftEnd: 970, rightEnd: 1155, strand: +, length: 186, contig: contig_1396, protein: unknown, score1: 1.0, score2: 0.0
  --  Gene No. 4, gene caller: phanotate, leftEnd: 970, rightEnd: 1155, strand: +, length: 186, contig: contig_1396, protein: unknown, score1: 1.0, score2: 0.0
  --  Gene No. 4, gene caller: prodigal, leftEnd: 970, rightEnd: 1155, strand: +, length: 186, contig: contig_1396, protein: unknown, score1: 1.0, score2: 0.0
Unique gene call 6
  --  Gene No. 5, gene caller: phanotate, leftEnd: 1148, rightEnd: 1336, strand: -, length: 189, contig: contig_1396, protein: unknown, score1: 0.3333333333333333, score2: 0.0
Unique gene call 7
  --  Gene No. 6, gene caller: glimmer, leftEnd: 1443, rightEnd: 1748, strand: -, length: 306, contig: contig_1396, protein: unknown, score1: 1.0, score2: 0.0
  --  Gene No. 6, gene caller: phanotate, leftEnd: 1443, rightEnd: 1748, strand: -, length: 306, contig: contig_1396, protein: unknown, score1: 1.0, score2: 0.0
  --  Gene No. 5, gene caller: prodigal, leftEnd: 1443, rightEnd: 1748, strand: -, length: 306, contig: contig_1396, protein: unknown, score1: 1.0, score2: 0.0
Unique gene call 8
  --  Gene No. 7, gene caller: glimmer, leftEnd: 1782, rightEnd: 2222, strand: -, length: 441, contig: contig_1396, protein: unknown, score1: 1.0, score2: 0.0
  --  Gene No. 7, gene caller: phanotate, leftEnd: 1782, rightEnd: 2222, strand: -, length: 441, contig: contig_1396, protein: unknown, score1: 1.0, score2: 0.0
  --  Gene No. 6, gene caller: prodigal, leftEnd: 1782, rightEnd: 2222, strand: -, length: 441, contig: contig_1396, protein: unknown, score1: 1.0, score2: 0.0
Unique gene call 9
  --  Gene No. 8, gene caller: glimmer, leftEnd: 2225, rightEnd: 2545, strand: -, length: 321, contig: contig_1396, protein: unknown, score1: 1.0, score2: 0.0
  --  Gene No. 8, gene caller: phanotate, leftEnd: 2225, rightEnd: 2545, strand: -, length: 321, contig: contig_1396, protein: unknown, score1: 1.0, score2: 0.0
  --  Gene No. 7, gene caller: prodigal, leftEnd: 2225, rightEnd: 2545, strand: -, length: 321, contig: contig_1396, protein: unknown, score1: 1.0, score2: 0.0
Unique gene call 10
  --  Gene No. 9, gene caller: phanotate, leftEnd: 2588, rightEnd: 3037, strand: -, length: 450, contig: contig_1396, protein: unknown, score1: 0.8333333333333333, score2: 0.0
  --  Gene No. 8, gene caller: prodigal, leftEnd: 2588, rightEnd: 3037, strand: -, length: 450, contig: contig_1396, protein: unknown, score1: 0.8333333333333333, score2: 0.0
Unique gene call 11
  --  Gene No. 9, gene caller: glimmer, leftEnd: 2588, rightEnd: 3046, strand: -, length: 459, contig: contig_1396, protein: unknown, score1: 0.5, score2: 0.0
Unique gene call 12
  --  Gene No. 10, gene caller: glimmer, leftEnd: 3009, rightEnd: 3173, strand: -, length: 165, contig: contig_1396, protein: unknown, score1: 0.8333333333333333, score2: 0.0
  --  Gene No. 10, gene caller: phanotate, leftEnd: 3009, rightEnd: 3173, strand: -, length: 165, contig: contig_1396, protein: unknown, score1: 0.8333333333333333, score2: 0.0
Unique gene call 13
  --  Gene No. 9, gene caller: prodigal, leftEnd: 3009, rightEnd: 3233, strand: -, length: 225, contig: contig_1396, protein: unknown, score1: 0.5, score2: 0.0
Unique gene call 14
  --  Gene No. 11, gene caller: glimmer, leftEnd: 3187, rightEnd: 3405, strand: -, length: 219, contig: contig_1396, protein: unknown, score1: 1.0, score2: 0.0
  --  Gene No. 11, gene caller: phanotate, leftEnd: 3187, rightEnd: 3405, strand: -, length: 219, contig: contig_1396, protein: unknown, score1: 1.0, score2: 0.0
  --  Gene No. 10, gene caller: prodigal, leftEnd: 3187, rightEnd: 3405, strand: -, length: 219, contig: contig_1396, protein: unknown, score1: 1.0, score2: 0.0
Unique gene call 15
  --  Gene No. 12, gene caller: glimmer, leftEnd: 3417, rightEnd: 4217, strand: -, length: 801, contig: contig_1396, protein: unknown, score1: 1.0, score2: 0.0
  --  Gene No. 12, gene caller: phanotate, leftEnd: 3417, rightEnd: 4217, strand: -, length: 801, contig: contig_1396, protein: unknown, score1: 1.0, score2: 0.0
  --  Gene No. 11, gene caller: prodigal, leftEnd: 3417, rightEnd: 4217, strand: -, length: 801, contig: contig_1396, protein: unknown, score1: 1.0, score2: 0.0
Unique gene call 16
  --  Gene No. 13, gene caller: glimmer, leftEnd: 4233, rightEnd: 5042, strand: -, length: 810, contig: contig_1396, protein: unknown, score1: 1.0, score2: 0.0
  --  Gene No. 13, gene caller: phanotate, leftEnd: 4233, rightEnd: 5042, strand: -, length: 810, contig: contig_1396, protein: unknown, score1: 1.0, score2: 0.0
  --  Gene No. 12, gene caller: prodigal, leftEnd: 4233, rightEnd: 5042, strand: -, length: 810, contig: contig_1396, protein: unknown, score1: 1.0, score2: 0.0
Unique gene call 17
  --  Gene No. 14, gene caller: glimmer, leftEnd: 5047, rightEnd: 5769, strand: -, length: 723, contig: contig_1396, protein: unknown, score1: 1.0, score2: 0.0
  --  Gene No. 14, gene caller: phanotate, leftEnd: 5047, rightEnd: 5769, strand: -, length: 723, contig: contig_1396, protein: unknown, score1: 1.0, score2: 0.0
  --  Gene No. 13, gene caller: prodigal, leftEnd: 5047, rightEnd: 5769, strand: -, length: 723, contig: contig_1396, protein: unknown, score1: 1.0, score2: 0.0
Unique gene call 18
  --  Gene No. 15, gene caller: glimmer, leftEnd: 5762, rightEnd: 6025, strand: -, length: 264, contig: contig_1396, protein: unknown, score1: 1.0, score2: 0.0
  --  Gene No. 15, gene caller: phanotate, leftEnd: 5762, rightEnd: 6025, strand: -, length: 264, contig: contig_1396, protein: unknown, score1: 1.0, score2: 0.0
  --  Gene No. 14, gene caller: prodigal, leftEnd: 5762, rightEnd: 6025, strand: -, length: 264, contig: contig_1396, protein: unknown, score1: 1.0, score2: 0.0
Unique gene call 19
  --  Gene No. 16, gene caller: glimmer, leftEnd: 6025, rightEnd: 6324, strand: -, length: 300, contig: contig_1396, protein: unknown, score1: 1.0, score2: 0.0
  --  Gene No. 16, gene caller: phanotate, leftEnd: 6025, rightEnd: 6324, strand: -, length: 300, contig: contig_1396, protein: unknown, score1: 1.0, score2: 0.0
  --  Gene No. 15, gene caller: prodigal, leftEnd: 6025, rightEnd: 6324, strand: -, length: 300, contig: contig_1396, protein: unknown, score1: 1.0, score2: 0.0
Unique gene call 20
  --  Gene No. 17, gene caller: glimmer, leftEnd: 6371, rightEnd: 6517, strand: -, length: 147, contig: contig_1396, protein: unknown, score1: 1.0, score2: 0.0
  --  Gene No. 17, gene caller: phanotate, leftEnd: 6371, rightEnd: 6517, strand: -, length: 147, contig: contig_1396, protein: unknown, score1: 1.0, score2: 0.0
  --  Gene No. 16, gene caller: prodigal, leftEnd: 6371, rightEnd: 6517, strand: -, length: 147, contig: contig_1396, protein: unknown, score1: 1.0, score2: 0.0
Unique gene call 21
  --  Gene No. 18, gene caller: phanotate, leftEnd: 6520, rightEnd: 6678, strand: -, length: 159, contig: contig_1396, protein: unknown, score1: 0.8333333333333333, score2: 0.0
  --  Gene No. 17, gene caller: prodigal, leftEnd: 6520, rightEnd: 6678, strand: -, length: 159, contig: contig_1396, protein: unknown, score1: 0.8333333333333333, score2: 0.0
Unique gene call 22
  --  Gene No. 18, gene caller: prodigal, leftEnd: 6749, rightEnd: 6964, strand: -, length: 216, contig: contig_1396, protein: unknown, score1: 0.5, score2: 0.0
Unique gene call 23
  --  Gene No. 18, gene caller: glimmer, leftEnd: 6749, rightEnd: 6991, strand: -, length: 243, contig: contig_1396, protein: unknown, score1: 0.5, score2: 0.0
Unique gene call 24
  --  Gene No. 19, gene caller: phanotate, leftEnd: 6749, rightEnd: 7045, strand: -, length: 297, contig: contig_1396, protein: unknown, score1: 0.5, score2: 0.0
Unique gene call 25
  --  Gene No. 19, gene caller: glimmer, leftEnd: 7236, rightEnd: 7613, strand: +, length: 378, contig: contig_1396, protein: unknown, score1: 0.8333333333333333, score2: 0.0
  --  Gene No. 19, gene caller: prodigal, leftEnd: 7236, rightEnd: 7613, strand: +, length: 378, contig: contig_1396, protein: unknown, score1: 0.8333333333333333, score2: 0.0
Unique gene call 26
  --  Gene No. 20, gene caller: phanotate, leftEnd: 7268, rightEnd: 7456, strand: -, length: 189, contig: contig_1396, protein: unknown, score1: 0.3333333333333333, score2: 0.0
Unique gene call 27
  --  Gene No. 21, gene caller: phanotate, leftEnd: 7447, rightEnd: 7536, strand: -, length: 90, contig: contig_1396, protein: unknown, score1: 0.3333333333333333, score2: 0.0
Unique gene call 28
  --  Gene No. 22, gene caller: phanotate, leftEnd: 7533, rightEnd: 7745, strand: -, length: 213, contig: contig_1396, protein: unknown, score1: 0.8333333333333333, score2: 0.0
  --  Gene No. 20, gene caller: prodigal, leftEnd: 7533, rightEnd: 7745, strand: -, length: 213, contig: contig_1396, protein: unknown, score1: 0.8333333333333333, score2: 0.0
Unique gene call 29
  --  Gene No. 20, gene caller: glimmer, leftEnd: 7742, rightEnd: 7969, strand: -, length: 228, contig: contig_1396, protein: unknown, score1: 1.0, score2: 0.0
  --  Gene No. 23, gene caller: phanotate, leftEnd: 7742, rightEnd: 7969, strand: -, length: 228, contig: contig_1396, protein: unknown, score1: 1.0, score2: 0.0
  --  Gene No. 21, gene caller: prodigal, leftEnd: 7742, rightEnd: 7969, strand: -, length: 228, contig: contig_1396, protein: unknown, score1: 1.0, score2: 0.0
Unique gene call 30
  --  Gene No. 24, gene caller: phanotate, leftEnd: 8062, rightEnd: 8154, strand: -, length: 93, contig: contig_1396, protein: unknown, score1: 0.3333333333333333, score2: 0.0
Unique gene call 31
  --  Gene No. 21, gene caller: glimmer, leftEnd: 8141, rightEnd: 8518, strand: +, length: 378, contig: contig_1396, protein: unknown, score1: 1.0, score2: 0.0
  --  Gene No. 25, gene caller: phanotate, leftEnd: 8141, rightEnd: 8518, strand: +, length: 378, contig: contig_1396, protein: unknown, score1: 1.0, score2: 0.0
  --  Gene No. 22, gene caller: prodigal, leftEnd: 8141, rightEnd: 8518, strand: +, length: 378, contig: contig_1396, protein: unknown, score1: 1.0, score2: 0.0
Unique gene call 32
  --  Gene No. 22, gene caller: glimmer, leftEnd: 8508, rightEnd: 8915, strand: +, length: 408, contig: contig_1396, protein: unknown, score1: 1.0, score2: 0.0
  --  Gene No. 26, gene caller: phanotate, leftEnd: 8508, rightEnd: 8915, strand: +, length: 408, contig: contig_1396, protein: unknown, score1: 1.0, score2: 0.0
  --  Gene No. 23, gene caller: prodigal, leftEnd: 8508, rightEnd: 8915, strand: +, length: 408, contig: contig_1396, protein: unknown, score1: 1.0, score2: 0.0
Unique gene call 33
  --  Gene No. 23, gene caller: glimmer, leftEnd: 8935, rightEnd: 9372, strand: +, length: 438, contig: contig_1396, protein: unknown, score1: 1.0, score2: 0.0
  --  Gene No. 27, gene caller: phanotate, leftEnd: 8935, rightEnd: 9372, strand: +, length: 438, contig: contig_1396, protein: unknown, score1: 1.0, score2: 0.0
  --  Gene No. 24, gene caller: prodigal, leftEnd: 8935, rightEnd: 9372, strand: +, length: 438, contig: contig_1396, protein: unknown, score1: 1.0, score2: 0.0
Unique gene call 34
  --  Gene No. 24, gene caller: glimmer, leftEnd: 9435, rightEnd: 9902, strand: +, length: 468, contig: contig_1396, protein: unknown, score1: 1.0, score2: 0.0
  --  Gene No. 28, gene caller: phanotate, leftEnd: 9435, rightEnd: 9902, strand: +, length: 468, contig: contig_1396, protein: unknown, score1: 1.0, score2: 0.0
  --  Gene No. 25, gene caller: prodigal, leftEnd: 9435, rightEnd: 9902, strand: +, length: 468, contig: contig_1396, protein: unknown, score1: 1.0, score2: 0.0
Unique gene call 35
  --  Gene No. 29, gene caller: phanotate, leftEnd: 9958, rightEnd: 10077, strand: +, length: 120, contig: contig_1396, protein: unknown, score1: 0.3333333333333333, score2: 0.0
Unique gene call 36
  --  Gene No. 25, gene caller: glimmer, leftEnd: 10089, rightEnd: 11573, strand: +, length: 1485, contig: contig_1396, protein: unknown, score1: 1.0, score2: 0.0
  --  Gene No. 30, gene caller: phanotate, leftEnd: 10089, rightEnd: 11573, strand: +, length: 1485, contig: contig_1396, protein: unknown, score1: 1.0, score2: 0.0
  --  Gene No. 26, gene caller: prodigal, leftEnd: 10089, rightEnd: 11573, strand: +, length: 1485, contig: contig_1396, protein: unknown, score1: 1.0, score2: 0.0
Unique gene call 37
  --  Gene No. 26, gene caller: glimmer, leftEnd: 11610, rightEnd: 12764, strand: +, length: 1155, contig: contig_1396, protein: unknown, score1: 1.0, score2: 0.0
  --  Gene No. 31, gene caller: phanotate, leftEnd: 11610, rightEnd: 12764, strand: +, length: 1155, contig: contig_1396, protein: unknown, score1: 1.0, score2: 0.0
  --  Gene No. 27, gene caller: prodigal, leftEnd: 11610, rightEnd: 12764, strand: +, length: 1155, contig: contig_1396, protein: unknown, score1: 1.0, score2: 0.0
Unique gene call 38
  --  Gene No. 32, gene caller: phanotate, leftEnd: 12844, rightEnd: 13026, strand: -, length: 183, contig: contig_1396, protein: unknown, score1: 0.3333333333333333, score2: 0.0
Unique gene call 39
  --  Gene No. 33, gene caller: phanotate, leftEnd: 13085, rightEnd: 13444, strand: -, length: 360, contig: contig_1396, protein: unknown, score1: 0.8333333333333333, score2: 0.0
  --  Gene No. 28, gene caller: prodigal, leftEnd: 13085, rightEnd: 13444, strand: -, length: 360, contig: contig_1396, protein: unknown, score1: 0.8333333333333333, score2: 0.0
Unique gene call 40
  --  Gene No. 27, gene caller: glimmer, leftEnd: 13085, rightEnd: 13510, strand: -, length: 426, contig: contig_1396, protein: unknown, score1: 0.5, score2: 0.0
Unique gene call 41
  --  Gene No. 34, gene caller: phanotate, leftEnd: 13598, rightEnd: 13720, strand: -, length: 123, contig: contig_1396, protein: unknown, score1: 0.5, score2: 0.0
Unique gene call 42
  --  Gene No. 28, gene caller: glimmer, leftEnd: 13598, rightEnd: 13747, strand: -, length: 150, contig: contig_1396, protein: unknown, score1: 0.5, score2: 0.0
Unique gene call 43
  --  Gene No. 29, gene caller: glimmer, leftEnd: 13728, rightEnd: 14372, strand: -, length: 645, contig: contig_1396, protein: unknown, score1: 1.0, score2: 0.0
  --  Gene No. 35, gene caller: phanotate, leftEnd: 13728, rightEnd: 14372, strand: -, length: 645, contig: contig_1396, protein: unknown, score1: 1.0, score2: 0.0
  --  Gene No. 29, gene caller: prodigal, leftEnd: 13728, rightEnd: 14372, strand: -, length: 645, contig: contig_1396, protein: unknown, score1: 1.0, score2: 0.0
Unique gene call 44
  --  Gene No. 30, gene caller: glimmer, leftEnd: 14512, rightEnd: 14874, strand: -, length: 363, contig: contig_1396, protein: unknown, score1: 1.0, score2: 0.0
  --  Gene No. 36, gene caller: phanotate, leftEnd: 14512, rightEnd: 14874, strand: -, length: 363, contig: contig_1396, protein: unknown, score1: 1.0, score2: 0.0
  --  Gene No. 30, gene caller: prodigal, leftEnd: 14512, rightEnd: 14874, strand: -, length: 363, contig: contig_1396, protein: unknown, score1: 1.0, score2: 0.0
Unique gene call 45
  --  Gene No. 31, gene caller: prodigal, leftEnd: 14911, rightEnd: 15186, strand: -, length: 276, contig: contig_1396, protein: unknown, score1: 0.5, score2: 0.0
Unique gene call 46
  --  Gene No. 31, gene caller: glimmer, leftEnd: 14911, rightEnd: 15234, strand: -, length: 324, contig: contig_1396, protein: unknown, score1: 0.8333333333333333, score2: 0.0
  --  Gene No. 37, gene caller: phanotate, leftEnd: 14911, rightEnd: 15234, strand: -, length: 324, contig: contig_1396, protein: unknown, score1: 0.8333333333333333, score2: 0.0
Unique gene call 47
  --  Gene No. 32, gene caller: glimmer, leftEnd: 15269, rightEnd: 16066, strand: -, length: 798, contig: contig_1396, protein: unknown, score1: 1.0, score2: 0.0
  --  Gene No. 38, gene caller: phanotate, leftEnd: 15269, rightEnd: 16066, strand: -, length: 798, contig: contig_1396, protein: unknown, score1: 1.0, score2: 0.0
  --  Gene No. 32, gene caller: prodigal, leftEnd: 15269, rightEnd: 16066, strand: -, length: 798, contig: contig_1396, protein: unknown, score1: 1.0, score2: 0.0
Unique gene call 48
  --  Gene No. 33, gene caller: glimmer, leftEnd: 16053, rightEnd: 16373, strand: -, length: 321, contig: contig_1396, protein: unknown, score1: 1.0, score2: 0.0
  --  Gene No. 39, gene caller: phanotate, leftEnd: 16053, rightEnd: 16373, strand: -, length: 321, contig: contig_1396, protein: unknown, score1: 1.0, score2: 0.0
  --  Gene No. 33, gene caller: prodigal, leftEnd: 16053, rightEnd: 16373, strand: -, length: 321, contig: contig_1396, protein: unknown, score1: 1.0, score2: 0.0
Unique gene call 49
  --  Gene No. 34, gene caller: glimmer, leftEnd: 16404, rightEnd: 16634, strand: -, length: 231, contig: contig_1396, protein: unknown, score1: 1.0, score2: 0.0
  --  Gene No. 40, gene caller: phanotate, leftEnd: 16404, rightEnd: 16634, strand: -, length: 231, contig: contig_1396, protein: unknown, score1: 1.0, score2: 0.0
  --  Gene No. 34, gene caller: prodigal, leftEnd: 16404, rightEnd: 16634, strand: -, length: 231, contig: contig_1396, protein: unknown, score1: 1.0, score2: 0.0
Unique gene call 50
  --  Gene No. 35, gene caller: glimmer, leftEnd: 16647, rightEnd: 17030, strand: -, length: 384, contig: contig_1396, protein: unknown, score1: 0.5, score2: 0.0
Unique gene call 51
  --  Gene No. 41, gene caller: phanotate, leftEnd: 16647, rightEnd: 17114, strand: -, length: 468, contig: contig_1396, protein: unknown, score1: 0.8333333333333333, score2: 0.0
  --  Gene No. 35, gene caller: prodigal, leftEnd: 16647, rightEnd: 17114, strand: -, length: 468, contig: contig_1396, protein: unknown, score1: 0.8333333333333333, score2: 0.0
Unique gene call 52
  --  Gene No. 36, gene caller: glimmer, leftEnd: 17011, rightEnd: 17151, strand: -, length: 141, contig: contig_1396, protein: unknown, score1: 0.3333333333333333, score2: 0.0
Unique gene call 53
  --  Gene No. 37, gene caller: glimmer, leftEnd: 17166, rightEnd: 17582, strand: -, length: 417, contig: contig_1396, protein: unknown, score1: 1.0, score2: 0.0
  --  Gene No. 42, gene caller: phanotate, leftEnd: 17166, rightEnd: 17582, strand: -, length: 417, contig: contig_1396, protein: unknown, score1: 1.0, score2: 0.0
  --  Gene No. 36, gene caller: prodigal, leftEnd: 17166, rightEnd: 17582, strand: -, length: 417, contig: contig_1396, protein: unknown, score1: 1.0, score2: 0.0
Unique gene call 54
  --  Gene No. 43, gene caller: phanotate, leftEnd: 17599, rightEnd: 17706, strand: -, length: 108, contig: contig_1396, protein: unknown, score1: 0.3333333333333333, score2: 0.0
Unique gene call 55
  --  Gene No. 39, gene caller: glimmer, leftEnd: 17693, rightEnd: 17908, strand: -, length: 216, contig: contig_1396, protein: unknown, score1: 0.3333333333333333, score2: 0.0
Unique gene call 56
  --  Gene No. 44, gene caller: phanotate, leftEnd: 17722, rightEnd: 17826, strand: -, length: 105, contig: contig_1396, protein: unknown, score1: 0.3333333333333333, score2: 0.0
Unique gene call 57
  --  Gene No. 45, gene caller: phanotate, leftEnd: 17856, rightEnd: 18200, strand: -, length: 345, contig: contig_1396, protein: unknown, score1: 0.3333333333333333, score2: 0.0
Unique gene call 58
  --  Gene No. 38, gene caller: glimmer, leftEnd: 17895, rightEnd: 18041, strand: +, length: 147, contig: contig_1396, protein: unknown, score1: 0.8333333333333333, score2: 0.0
  --  Gene No. 37, gene caller: prodigal, leftEnd: 17895, rightEnd: 18041, strand: +, length: 147, contig: contig_1396, protein: unknown, score1: 0.8333333333333333, score2: 0.0
Unique gene call 59
  --  Gene No. 40, gene caller: glimmer, leftEnd: 18244, rightEnd: 18582, strand: +, length: 339, contig: contig_1396, protein: unknown, score1: 1.0, score2: 0.0
  --  Gene No. 46, gene caller: phanotate, leftEnd: 18244, rightEnd: 18582, strand: +, length: 339, contig: contig_1396, protein: unknown, score1: 1.0, score2: 0.0
  --  Gene No. 38, gene caller: prodigal, leftEnd: 18244, rightEnd: 18582, strand: +, length: 339, contig: contig_1396, protein: unknown, score1: 1.0, score2: 0.0
Unique gene call 60
  --  Gene No. 41, gene caller: glimmer, leftEnd: 18599, rightEnd: 19015, strand: +, length: 417, contig: contig_1396, protein: unknown, score1: 1.0, score2: 0.0
  --  Gene No. 47, gene caller: phanotate, leftEnd: 18599, rightEnd: 19015, strand: +, length: 417, contig: contig_1396, protein: unknown, score1: 1.0, score2: 0.0
  --  Gene No. 39, gene caller: prodigal, leftEnd: 18599, rightEnd: 19015, strand: +, length: 417, contig: contig_1396, protein: unknown, score1: 1.0, score2: 0.0
Unique gene call 61
  --  Gene No. 42, gene caller: glimmer, leftEnd: 19030, rightEnd: 19170, strand: +, length: 141, contig: contig_1396, protein: unknown, score1: 0.3333333333333333, score2: 0.0
Unique gene call 62
  --  Gene No. 48, gene caller: phanotate, leftEnd: 19067, rightEnd: 19534, strand: +, length: 468, contig: contig_1396, protein: unknown, score1: 0.8333333333333333, score2: 0.0
  --  Gene No. 40, gene caller: prodigal, leftEnd: 19067, rightEnd: 19534, strand: +, length: 468, contig: contig_1396, protein: unknown, score1: 0.8333333333333333, score2: 0.0
Unique gene call 63
  --  Gene No. 43, gene caller: glimmer, leftEnd: 19151, rightEnd: 19534, strand: +, length: 384, contig: contig_1396, protein: unknown, score1: 0.5, score2: 0.0
Unique gene call 64
  --  Gene No. 44, gene caller: glimmer, leftEnd: 19547, rightEnd: 19777, strand: +, length: 231, contig: contig_1396, protein: unknown, score1: 1.0, score2: 0.0
  --  Gene No. 49, gene caller: phanotate, leftEnd: 19547, rightEnd: 19777, strand: +, length: 231, contig: contig_1396, protein: unknown, score1: 1.0, score2: 0.0
  --  Gene No. 41, gene caller: prodigal, leftEnd: 19547, rightEnd: 19777, strand: +, length: 231, contig: contig_1396, protein: unknown, score1: 1.0, score2: 0.0
Unique gene call 65
  --  Gene No. 45, gene caller: glimmer, leftEnd: 19808, rightEnd: 20128, strand: +, length: 321, contig: contig_1396, protein: unknown, score1: 1.0, score2: 0.0
  --  Gene No. 50, gene caller: phanotate, leftEnd: 19808, rightEnd: 20128, strand: +, length: 321, contig: contig_1396, protein: unknown, score1: 1.0, score2: 0.0
  --  Gene No. 42, gene caller: prodigal, leftEnd: 19808, rightEnd: 20128, strand: +, length: 321, contig: contig_1396, protein: unknown, score1: 1.0, score2: 0.0
Unique gene call 66
  --  Gene No. 51, gene caller: phanotate, leftEnd: 20115, rightEnd: 20336, strand: +, length: 222, contig: contig_1396, protein: unknown, score1: 0.8333333333333333, score2: 0.0
  --  Gene No. 43, gene caller: prodigal, leftEnd: 20115, rightEnd: 20336, strand: +, length: 222, contig: contig_1396, protein: unknown, score1: 0.8333333333333333, score2: 0.0
Code complete at 2021-04-21 09:12:26.216754
