[16:42:28] This is prokka 1.14.6
[16:42:28] Written by Torsten Seemann <torsten.seemann@gmail.com>
[16:42:28] Homepage is https://github.com/tseemann/prokka
[16:42:28] Local time is Mon Aug  9 16:42:28 2021
[16:42:28] You are james
[16:42:28] Operating system is linux
[16:42:28] You have BioPerl 1.007002
[16:42:28] System has 12 cores.
[16:42:28] Will use maximum of 8 cores.
[16:42:28] Annotating as >>> Bacteria <<<
[16:42:28] Generating locus_tag from 'contig_1156.fasta' contents.
[16:42:28] Setting --locustag COIDEANG from MD5 c82dea70899bb28bd85fb80ed3e80374
[16:42:28] Creating new output folder: prokkacontig_1156
[16:42:28] Running: mkdir -p prokkacontig_1156
[16:42:28] Using filename prefix: contig_1156.XXX
[16:42:28] Setting HMMER_NCPU=1
[16:42:28] Writing log to: prokkacontig_1156/contig_1156.log
[16:42:28] Command: /home/james/miniconda3/envs/prokka/bin/prokka contig_1156.fasta --outdir prokkacontig_1156 --prefix contig_1156 --force
[16:42:28] Appending to PATH: /home/james/miniconda3/envs/prokka/bin
[16:42:28] Looking for 'aragorn' - found /home/james/miniconda3/envs/prokka/bin/aragorn
[16:42:28] Determined aragorn version is 001002 from 'ARAGORN v1.2.38 Dean Laslett'
[16:42:28] Looking for 'barrnap' - found /home/james/miniconda3/envs/prokka/bin/barrnap
[16:42:28] Determined barrnap version is 000009 from 'barrnap 0.9'
[16:42:28] Looking for 'blastp' - found /home/james/miniconda3/envs/prokka/bin/blastp
[16:42:28] Determined blastp version is 002012 from 'blastp: 2.12.0+'
[16:42:28] Looking for 'cmpress' - found /home/james/miniconda3/envs/prokka/bin/cmpress
[16:42:28] Determined cmpress version is 001001 from '# INFERNAL 1.1.4 (Dec 2020)'
[16:42:28] Looking for 'cmscan' - found /home/james/miniconda3/envs/prokka/bin/cmscan
[16:42:28] Determined cmscan version is 001001 from '# INFERNAL 1.1.4 (Dec 2020)'
[16:42:28] Looking for 'egrep' - found /bin/egrep
[16:42:28] Looking for 'find' - found /usr/bin/find
[16:42:28] Looking for 'grep' - found /bin/grep
[16:42:28] Looking for 'hmmpress' - found /home/james/miniconda3/envs/prokka/bin/hmmpress
[16:42:28] Determined hmmpress version is 003003 from '# HMMER 3.3.2 (Nov 2020); http://hmmer.org/'
[16:42:28] Looking for 'hmmscan' - found /home/james/miniconda3/envs/prokka/bin/hmmscan
[16:42:28] Determined hmmscan version is 003003 from '# HMMER 3.3.2 (Nov 2020); http://hmmer.org/'
[16:42:28] Looking for 'java' - found /home/james/miniconda3/envs/prokka/bin/java
[16:42:28] Looking for 'makeblastdb' - found /home/james/miniconda3/envs/prokka/bin/makeblastdb
[16:42:29] Determined makeblastdb version is 002012 from 'makeblastdb: 2.12.0+'
[16:42:29] Looking for 'minced' - found /home/james/miniconda3/envs/prokka/bin/minced
[16:42:29] Determined minced version is 004002 from 'minced 0.4.2'
[16:42:29] Looking for 'parallel' - found /home/james/miniconda3/envs/prokka/bin/parallel
[16:42:29] Determined parallel version is 20210622 from 'GNU parallel 20210622'
[16:42:29] Looking for 'prodigal' - found /home/james/miniconda3/envs/prokka/bin/prodigal
[16:42:29] Determined prodigal version is 002006 from 'Prodigal V2.6.3: February, 2016'
[16:42:29] Looking for 'prokka-genbank_to_fasta_db' - found /home/james/miniconda3/envs/prokka/bin/prokka-genbank_to_fasta_db
[16:42:29] Looking for 'sed' - found /bin/sed
[16:42:29] Looking for 'tbl2asn' - found /home/james/miniconda3/envs/prokka/bin/tbl2asn
[16:42:29] Determined tbl2asn version is 025007 from 'tbl2asn 25.7   arguments:'
[16:42:29] Using genetic code table 11.
[16:42:29] Loading and checking input file: contig_1156.fasta
[16:42:29] Wrote 1 contigs totalling 44976 bp.
[16:42:29] Predicting tRNAs and tmRNAs
[16:42:29] Running: aragorn -l -gc11  -w prokkacontig_1156\/contig_1156\.fna
[16:42:29] Found 0 tRNAs
[16:42:29] Predicting Ribosomal RNAs
[16:42:29] Running Barrnap with 8 threads
[16:42:29] Found 0 rRNAs
[16:42:29] Skipping ncRNA search, enable with --rfam if desired.
[16:42:29] Total of 0 tRNA + rRNA features
[16:42:29] Searching for CRISPR repeats
[16:42:29] Found 0 CRISPRs
[16:42:29] Predicting coding sequences
[16:42:29] Contigs total 44976 bp, so using meta mode
[16:42:29] Running: prodigal -i prokkacontig_1156\/contig_1156\.fna -c -m -g 11 -p meta -f sco -q
[16:42:29] Found 63 CDS
[16:42:29] Connecting features back to sequences
[16:42:29] Not using genus-specific database. Try --usegenus to enable it.
[16:42:29] Annotating CDS, please be patient.
[16:42:29] Will use 8 CPUs for similarity searching.
[16:42:29] There are still 63 unannotated CDS left (started with 63)
[16:42:29] Will use blast to search against /home/james/miniconda3/envs/prokka/db/kingdom/Bacteria/IS with 8 CPUs
[16:42:29] Running: cat prokkacontig_1156\/contig_1156\.IS\.tmp\.251320\.faa | parallel --gnu --plain -j 8 --block 832 --recstart '>' --pipe blastp -query - -db /home/james/miniconda3/envs/prokka/db/kingdom/Bacteria/IS -evalue 1e-30 -qcov_hsp_perc 90 -num_threads 1 -num_descriptions 1 -num_alignments 1 -seg no > prokkacontig_1156\/contig_1156\.IS\.tmp\.251320\.blast 2> /dev/null
[16:42:32] Deleting unwanted file: prokkacontig_1156/contig_1156.IS.tmp.251320.faa
[16:42:32] Deleting unwanted file: prokkacontig_1156/contig_1156.IS.tmp.251320.blast
[16:42:32] There are still 63 unannotated CDS left (started with 63)
[16:42:32] Will use blast to search against /home/james/miniconda3/envs/prokka/db/kingdom/Bacteria/AMR with 8 CPUs
[16:42:32] Running: cat prokkacontig_1156\/contig_1156\.AMR\.tmp\.251320\.faa | parallel --gnu --plain -j 8 --block 832 --recstart '>' --pipe blastp -query - -db /home/james/miniconda3/envs/prokka/db/kingdom/Bacteria/AMR -evalue 9.99999999999999e-301 -qcov_hsp_perc 90 -num_threads 1 -num_descriptions 1 -num_alignments 1 -seg no > prokkacontig_1156\/contig_1156\.AMR\.tmp\.251320\.blast 2> /dev/null
[16:42:33] Deleting unwanted file: prokkacontig_1156/contig_1156.AMR.tmp.251320.faa
[16:42:33] Deleting unwanted file: prokkacontig_1156/contig_1156.AMR.tmp.251320.blast
[16:42:33] There are still 63 unannotated CDS left (started with 63)
[16:42:33] Will use blast to search against /home/james/miniconda3/envs/prokka/db/kingdom/Bacteria/sprot with 8 CPUs
[16:42:33] Running: cat prokkacontig_1156\/contig_1156\.sprot\.tmp\.251320\.faa | parallel --gnu --plain -j 8 --block 832 --recstart '>' --pipe blastp -query - -db /home/james/miniconda3/envs/prokka/db/kingdom/Bacteria/sprot -evalue 1e-09 -qcov_hsp_perc 80 -num_threads 1 -num_descriptions 1 -num_alignments 1 -seg no > prokkacontig_1156\/contig_1156\.sprot\.tmp\.251320\.blast 2> /dev/null
[16:42:36] Deleting unwanted file: prokkacontig_1156/contig_1156.sprot.tmp.251320.faa
[16:42:36] Deleting unwanted file: prokkacontig_1156/contig_1156.sprot.tmp.251320.blast
[16:42:36] There are still 61 unannotated CDS left (started with 63)
[16:42:36] Will use hmmer3 to search against /home/james/miniconda3/envs/prokka/db/hmm/HAMAP.hmm with 8 CPUs
[16:42:36] Running: cat prokkacontig_1156\/contig_1156\.HAMAP\.hmm\.tmp\.251320\.faa | parallel --gnu --plain -j 8 --block 794 --recstart '>' --pipe hmmscan --noali --notextw --acc -E 1e-09 --cpu 1 /home/james/miniconda3/envs/prokka/db/hmm/HAMAP.hmm /dev/stdin > prokkacontig_1156\/contig_1156\.HAMAP\.hmm\.tmp\.251320\.hmmer3 2> /dev/null
[16:42:36] Deleting unwanted file: prokkacontig_1156/contig_1156.HAMAP.hmm.tmp.251320.faa
[16:42:36] Deleting unwanted file: prokkacontig_1156/contig_1156.HAMAP.hmm.tmp.251320.hmmer3
[16:42:36] Labelling remaining 60 proteins as 'hypothetical protein'
[16:42:36] Found 3 unique /gene codes.
[16:42:36] Fixed 0 colliding /gene names.
[16:42:36] Adding /locus_tag identifiers
[16:42:36] Assigned 63 locus_tags to CDS and RNA features.
[16:42:36] Writing outputs to prokkacontig_1156/
[16:42:36] Generating annotation statistics file
[16:42:36] Generating Genbank and Sequin files
[16:42:36] Running: tbl2asn -V b -a r10k -l paired-ends -M n -N 1 -y 'Annotated using prokka 1.14.6 from https://github.com/tseemann/prokka' -Z prokkacontig_1156\/contig_1156\.err -i prokkacontig_1156\/contig_1156\.fsa 2> /dev/null
[16:42:37] Deleting unwanted file: prokkacontig_1156/errorsummary.val
[16:42:37] Deleting unwanted file: prokkacontig_1156/contig_1156.dr
[16:42:37] Deleting unwanted file: prokkacontig_1156/contig_1156.fixedproducts
[16:42:37] Deleting unwanted file: prokkacontig_1156/contig_1156.ecn
[16:42:37] Deleting unwanted file: prokkacontig_1156/contig_1156.val
[16:42:37] Repairing broken .GBK output that tbl2asn produces...
[16:42:37] Running: sed 's/COORDINATES: profile/COORDINATES:profile/' < prokkacontig_1156\/contig_1156\.gbf > prokkacontig_1156\/contig_1156\.gbk
[16:42:37] Deleting unwanted file: prokkacontig_1156/contig_1156.gbf
[16:42:37] Output files:
[16:42:37] prokkacontig_1156/contig_1156.gbk
[16:42:37] prokkacontig_1156/contig_1156.gff
[16:42:37] prokkacontig_1156/contig_1156.fna
[16:42:37] prokkacontig_1156/contig_1156.txt
[16:42:37] prokkacontig_1156/contig_1156.fsa
[16:42:37] prokkacontig_1156/contig_1156.sqn
[16:42:37] prokkacontig_1156/contig_1156.faa
[16:42:37] prokkacontig_1156/contig_1156.err
[16:42:37] prokkacontig_1156/contig_1156.log
[16:42:37] prokkacontig_1156/contig_1156.ffn
[16:42:37] prokkacontig_1156/contig_1156.tsv
[16:42:37] prokkacontig_1156/contig_1156.tbl
[16:42:37] Annotation finished successfully.
[16:42:37] Walltime used: 0.15 minutes
[16:42:37] If you use this result please cite the Prokka paper:
[16:42:37] Seemann T (2014) Prokka: rapid prokaryotic genome annotation. Bioinformatics. 30(14):2068-9.
[16:42:37] Type 'prokka --citation' for more details.
[16:42:37] Share and enjoy!
