Discrepancy Report Results

Summary
DISC_PROTEIN_NAMES:All proteins have same name "hypothetical protein"
FATAL: MISSING_PROTEIN_ID:8 proteins have invalid IDs.
DISC_SOURCE_QUALS_ASNDISC:strain (all present, all unique)
DISC_SOURCE_QUALS_ASNDISC:taxname (all present, all unique)
DISC_FEATURE_COUNT:CDS: 8 present
DISC_COUNT_NUCLEOTIDES:1 nucleotide Bioseqs are present
FEATURE_LOCATION_CONFLICT:8 features have inconsistent gene locations.
DISC_QUALITY_SCORES:Quality scores are missing on all sequences.
ONCALLER_COMMENT_PRESENT:1 comment descriptors were found (all same)
MISSING_GENOMEASSEMBLY_COMMENTS:1 bioseqs are missing GenomeAssembly structured comments
MOLTYPE_NOT_MRNA:1 molecule types are not set as mRNA.
TECHNIQUE_NOT_TSA:1 technique are not set as TSA
MISSING_STRUCTURED_COMMENT:1 sequences do not include structured comments.
MISSING_PROJECT:9 sequences do not include project.
DISC_INCONSISTENT_MOLINFO_TECH:Molinfo Technique Report (some missing, all same)


Detailed Report

DiscRep_ALL:DISC_PROTEIN_NAMES::All proteins have same name "hypothetical protein"

FATAL: DiscRep_ALL:MISSING_PROTEIN_ID::8 proteins have invalid IDs.
prokkaMN855613/MN855613:MN855613_1 (length 106)
prokkaMN855613/MN855613:MN855613_2 (length 76)
prokkaMN855613/MN855613:MN855613_3 (length 127)
prokkaMN855613/MN855613:MN855613_4 (length 52)
prokkaMN855613/MN855613:MN855613_5 (length 137)
prokkaMN855613/MN855613:MN855613_6 (length 367)
prokkaMN855613/MN855613:MN855613_7 (length 386)
prokkaMN855613/MN855613:MN855613_8 (length 185)

DiscRep_ALL:DISC_SOURCE_QUALS_ASNDISC::strain (all present, all unique)
DiscRep_SUB:DISC_SOURCE_QUALS_ASNDISC::1 sources have unique values for strain
DiscRep_ALL:DISC_SOURCE_QUALS_ASNDISC::taxname (all present, all unique)
DiscRep_SUB:DISC_SOURCE_QUALS_ASNDISC::1 sources have unique values for taxname
DiscRep_ALL:DISC_FEATURE_COUNT::CDS: 8 present
DiscRep_ALL:DISC_COUNT_NUCLEOTIDES::1 nucleotide Bioseqs are present
prokkaMN855613/MN855613:MN855613 (length 5021)

DiscRep_ALL:FEATURE_LOCATION_CONFLICT::8 features have inconsistent gene locations.
DiscRep_SUB:FEATURE_LOCATION_CONFLICT::Coding region xref gene does not exist
prokkaMN855613/MN855613:CDS	hypothetical protein	MN855613:c972-652	IOKMAMEH_00001

DiscRep_SUB:FEATURE_LOCATION_CONFLICT::Coding region xref gene does not exist
prokkaMN855613/MN855613:CDS	hypothetical protein	MN855613:c1234-1004	IOKMAMEH_00002

DiscRep_SUB:FEATURE_LOCATION_CONFLICT::Coding region xref gene does not exist
prokkaMN855613/MN855613:CDS	hypothetical protein	MN855613:c1630-1247	IOKMAMEH_00003

DiscRep_SUB:FEATURE_LOCATION_CONFLICT::Coding region xref gene does not exist
prokkaMN855613/MN855613:CDS	hypothetical protein	MN855613:c1766-1608	IOKMAMEH_00004

DiscRep_SUB:FEATURE_LOCATION_CONFLICT::Coding region xref gene does not exist
prokkaMN855613/MN855613:CDS	hypothetical protein	MN855613:c2179-1766	IOKMAMEH_00005

DiscRep_SUB:FEATURE_LOCATION_CONFLICT::Coding region xref gene does not exist
prokkaMN855613/MN855613:CDS	hypothetical protein	MN855613:c3287-2184	IOKMAMEH_00006

DiscRep_SUB:FEATURE_LOCATION_CONFLICT::Coding region xref gene does not exist
prokkaMN855613/MN855613:CDS	hypothetical protein	MN855613:c4447-3287	IOKMAMEH_00007

DiscRep_SUB:FEATURE_LOCATION_CONFLICT::Coding region xref gene does not exist
prokkaMN855613/MN855613:CDS	hypothetical protein	MN855613:c5011-4454	IOKMAMEH_00008

DiscRep_ALL:DISC_QUALITY_SCORES::Quality scores are missing on all sequences.

DiscRep_ALL:ONCALLER_COMMENT_PRESENT::1 comment descriptors were found (all same)
prokkaMN855613/MN855613:MN855613:Annotated using prokka 1.14.6 from https://github.com/tseemann/prokka

DiscRep_ALL:MISSING_GENOMEASSEMBLY_COMMENTS::1 bioseqs are missing GenomeAssembly structured comments
prokkaMN855613/MN855613:MN855613 (length 5021)

DiscRep_ALL:MOLTYPE_NOT_MRNA::1 molecule types are not set as mRNA.
prokkaMN855613/MN855613:MN855613 (length 5021)

DiscRep_ALL:TECHNIQUE_NOT_TSA::1 technique are not set as TSA
prokkaMN855613/MN855613:MN855613 (length 5021)

DiscRep_ALL:MISSING_STRUCTURED_COMMENT::1 sequences do not include structured comments.
prokkaMN855613/MN855613:MN855613 (length 5021)

DiscRep_ALL:MISSING_PROJECT::9 sequences do not include project.
prokkaMN855613/MN855613:MN855613 (length 5021)
prokkaMN855613/MN855613:MN855613_1 (length 106)
prokkaMN855613/MN855613:MN855613_2 (length 76)
prokkaMN855613/MN855613:MN855613_3 (length 127)
prokkaMN855613/MN855613:MN855613_4 (length 52)
prokkaMN855613/MN855613:MN855613_5 (length 137)
prokkaMN855613/MN855613:MN855613_6 (length 367)
prokkaMN855613/MN855613:MN855613_7 (length 386)
prokkaMN855613/MN855613:MN855613_8 (length 185)

DiscRep_ALL:DISC_INCONSISTENT_MOLINFO_TECH::Molinfo Technique Report (some missing, all same)
DiscRep_SUB:DISC_INCONSISTENT_MOLINFO_TECH::technique (all missing)
DiscRep_SUB:DISC_INCONSISTENT_MOLINFO_TECH::1 Molinfos are missing field technique
prokkaMN855613/MN855613:MN855613 (length 5021)

