Opening log at 2021-04-21 09:22:59.878886
Iterating through fileSet at 2021-04-21 09:22:59.879322
fileSet is ['/home/james/Software/multiPhATE2/PipelineOutput/contig_2178/commoncore.cgc', '/home/james/Software/multiPhATE2/PipelineOutput/contig_2178/consensus.cgc', '/home/james/Software/multiPhATE2/PipelineOutput/contig_2178/glimmer.cgc', '/home/james/Software/multiPhATE2/PipelineOutput/contig_2178/phanotate.cgc', '/home/james/Software/multiPhATE2/PipelineOutput/contig_2178/prodigal.cgc', '/home/james/Software/multiPhATE2/PipelineOutput/contig_2178/superset.cgc']
Opening geneFile /home/james/Software/multiPhATE2/PipelineOutput/contig_2178/commoncore.cgc
Adding calls from geneFile /home/james/Software/multiPhATE2/PipelineOutput/contig_2178/commoncore.cgc
Appending call set  number of calls is: 0
Opening geneFile /home/james/Software/multiPhATE2/PipelineOutput/contig_2178/consensus.cgc
Adding calls from geneFile /home/james/Software/multiPhATE2/PipelineOutput/contig_2178/consensus.cgc
Appending call set  number of calls is: 0
Opening geneFile /home/james/Software/multiPhATE2/PipelineOutput/contig_2178/glimmer.cgc
Adding calls from geneFile /home/james/Software/multiPhATE2/PipelineOutput/contig_2178/glimmer.cgc
Appending call set  number of calls is: 4
Opening geneFile /home/james/Software/multiPhATE2/PipelineOutput/contig_2178/phanotate.cgc
Adding calls from geneFile /home/james/Software/multiPhATE2/PipelineOutput/contig_2178/phanotate.cgc
Appending call set  number of calls is: 7
Opening geneFile /home/james/Software/multiPhATE2/PipelineOutput/contig_2178/prodigal.cgc
Adding calls from geneFile /home/james/Software/multiPhATE2/PipelineOutput/contig_2178/prodigal.cgc
Appending call set  number of calls is: 7
Opening geneFile /home/james/Software/multiPhATE2/PipelineOutput/contig_2178/superset.cgc
Adding calls from geneFile /home/james/Software/multiPhATE2/PipelineOutput/contig_2178/superset.cgc
Appending call set  number of calls is: 0
All call sets have been added to caller list. Number of call sets in callerList: 6
callerList is   glimmer phanotate prodigal  
Total number of gene calls across callerList call sets is: 18
Sorting gene calls for each caller
Processing a callSet
Before sorting, Length of callerList for caller  is 0
After sorting, Length of callerList for caller  is 0
Processing a callSet
Before sorting, Length of callerList for caller  is 0
After sorting, Length of callerList for caller  is 0
Processing a callSet
Before sorting, Length of callerList for caller glimmer is 4
After sorting, Length of callerList for caller glimmer is 4
Processing a callSet
Before sorting, Length of callerList for caller phanotate is 7
After sorting, Length of callerList for caller phanotate is 7
Processing a callSet
Before sorting, Length of callerList for caller prodigal is 7
After sorting, Length of callerList for caller prodigal is 7
Processing a callSet
Before sorting, Length of callerList for caller  is 0
After sorting, Length of callerList for caller  is 0
callSet processing complete
Comparing across the call sets...
Merging the geneCall sets....
Final merged genes:

***************Merge List
1	Gene No. 1, gene caller: phanotate, leftEnd: 3, rightEnd: 356, strand: -, length: 354, contig: contig_2178, protein: unknown, score1: 1.0, score2: 0.0
2	Gene No. 1, gene caller: prodigal, leftEnd: 3, rightEnd: 356, strand: -, length: 354, contig: contig_2178, protein: unknown, score1: 1.0, score2: 0.0
3	Gene No. 2, gene caller: phanotate, leftEnd: 304, rightEnd: 456, strand: -, length: 153, contig: contig_2178, protein: unknown, score1: 1.0, score2: 0.0
4	Gene No. 2, gene caller: prodigal, leftEnd: 304, rightEnd: 456, strand: -, length: 153, contig: contig_2178, protein: unknown, score1: 1.0, score2: 0.0
5	Gene No. 1, gene caller: glimmer, leftEnd: 490, rightEnd: 930, strand: -, length: 441, contig: contig_2178, protein: unknown, score1: 1.0, score2: 0.0
6	Gene No. 3, gene caller: phanotate, leftEnd: 490, rightEnd: 930, strand: -, length: 441, contig: contig_2178, protein: unknown, score1: 1.0, score2: 0.0
7	Gene No. 3, gene caller: prodigal, leftEnd: 490, rightEnd: 930, strand: -, length: 441, contig: contig_2178, protein: unknown, score1: 1.0, score2: 0.0
8	Gene No. 2, gene caller: glimmer, leftEnd: 933, rightEnd: 1745, strand: -, length: 813, contig: contig_2178, protein: unknown, score1: 1.0, score2: 0.0
9	Gene No. 4, gene caller: phanotate, leftEnd: 933, rightEnd: 1745, strand: -, length: 813, contig: contig_2178, protein: unknown, score1: 1.0, score2: 0.0
10	Gene No. 4, gene caller: prodigal, leftEnd: 933, rightEnd: 1745, strand: -, length: 813, contig: contig_2178, protein: unknown, score1: 1.0, score2: 0.0
11	Gene No. 5, gene caller: phanotate, leftEnd: 1717, rightEnd: 1881, strand: -, length: 165, contig: contig_2178, protein: unknown, score1: 1.0, score2: 0.0
12	Gene No. 3, gene caller: glimmer, leftEnd: 1717, rightEnd: 1929, strand: -, length: 213, contig: contig_2178, protein: unknown, score1: 1.0, score2: 0.0
13	Gene No. 5, gene caller: prodigal, leftEnd: 1717, rightEnd: 1938, strand: -, length: 222, contig: contig_2178, protein: unknown, score1: 1.0, score2: 0.0
14	Gene No. 4, gene caller: glimmer, leftEnd: 1895, rightEnd: 2113, strand: -, length: 219, contig: contig_2178, protein: unknown, score1: 1.0, score2: 0.0
15	Gene No. 6, gene caller: phanotate, leftEnd: 1895, rightEnd: 2113, strand: -, length: 219, contig: contig_2178, protein: unknown, score1: 1.0, score2: 0.0
16	Gene No. 6, gene caller: prodigal, leftEnd: 1895, rightEnd: 2113, strand: -, length: 219, contig: contig_2178, protein: unknown, score1: 1.0, score2: 0.0
17	Gene No. 7, gene caller: phanotate, leftEnd: 2125, rightEnd: 2697, strand: -, length: 573, contig: contig_2178, protein: unknown, score1: 1.0, score2: 0.0
18	Gene No. 7, gene caller: prodigal, leftEnd: 2125, rightEnd: 2697, strand: -, length: 573, contig: contig_2178, protein: unknown, score1: 1.0, score2: 0.0
Comparing across geneCall sets....
Scoring gene calls....
Identifying common core...
This is the Common Core List:

***************Common Core
CC-gene 1	Gene No. 1, gene caller: All_callers, leftEnd: 490, rightEnd: 930, strand: -, length: 441, contig: contig_2178, protein: unknown, score1: 1.0, score2: 0.0
CC-gene 2	Gene No. 1, gene caller: All_callers, leftEnd: 933, rightEnd: 1745, strand: -, length: 813, contig: contig_2178, protein: unknown, score1: 1.0, score2: 0.0
CC-gene 3	Gene No. 1, gene caller: All_callers, leftEnd: 1895, rightEnd: 2113, strand: -, length: 219, contig: contig_2178, protein: unknown, score1: 1.0, score2: 0.0
Printing gene-call superset, consensus, and common_core in GFF and CGC formats
Printing report....
The following gene callers were considered: glimmer, phanotate, prodigal, The number of distinct gene calls over all gene callers is 9
The number of gene calls in common among all callers is 3
The number of unique (non-matching) gene calls is3
Caller glimmer produced 4 gene calls.
Caller glimmer gene-call length stats:  min: 213, max: 813, ave: 421.5
Caller phanotate produced 7 gene calls.
Caller phanotate gene-call length stats:  min: 153, max: 813, ave: 388.2857142857143
Caller prodigal produced 7 gene calls.
Caller prodigal gene-call length stats:  min: 153, max: 813, ave: 396.42857142857144

Gene-call Scores:
Caller	Contig	Gene No.	Left End	Right End	Strand	gcScore
phanotate	contig_2178	1	3	356	-	0.83
prodigal	contig_2178	1	3	356	-	0.83
phanotate	contig_2178	2	304	456	-	0.83
prodigal	contig_2178	2	304	456	-	0.83
glimmer	contig_2178	1	490	930	-	1.00
phanotate	contig_2178	3	490	930	-	1.00
prodigal	contig_2178	3	490	930	-	1.00
glimmer	contig_2178	2	933	1745	-	1.00
phanotate	contig_2178	4	933	1745	-	1.00
prodigal	contig_2178	4	933	1745	-	1.00
phanotate	contig_2178	5	1717	1881	-	0.50
glimmer	contig_2178	3	1717	1929	-	0.50
prodigal	contig_2178	5	1717	1938	-	0.50
glimmer	contig_2178	4	1895	2113	-	1.00
phanotate	contig_2178	6	1895	2113	-	1.00
prodigal	contig_2178	6	1895	2113	-	1.00
phanotate	contig_2178	7	2125	2697	-	0.83
prodigal	contig_2178	7	2125	2697	-	0.83

Gene-call Consensus Scores:
Caller glimmer average gene-call score: 0.88
Caller phanotate average gene-call score: 0.86
Caller prodigal average gene-call score: 0.86

***************Unique List
Unique gene call 1
  --  Gene No. 1, gene caller: phanotate, leftEnd: 3, rightEnd: 356, strand: -, length: 354, contig: contig_2178, protein: unknown, score1: 0.8333333333333333, score2: 0.0
  --  Gene No. 1, gene caller: prodigal, leftEnd: 3, rightEnd: 356, strand: -, length: 354, contig: contig_2178, protein: unknown, score1: 0.8333333333333333, score2: 0.0
Unique gene call 2
  --  Gene No. 2, gene caller: phanotate, leftEnd: 304, rightEnd: 456, strand: -, length: 153, contig: contig_2178, protein: unknown, score1: 0.8333333333333333, score2: 0.0
  --  Gene No. 2, gene caller: prodigal, leftEnd: 304, rightEnd: 456, strand: -, length: 153, contig: contig_2178, protein: unknown, score1: 0.8333333333333333, score2: 0.0
Unique gene call 3
  --  Gene No. 1, gene caller: glimmer, leftEnd: 490, rightEnd: 930, strand: -, length: 441, contig: contig_2178, protein: unknown, score1: 1.0, score2: 0.0
  --  Gene No. 3, gene caller: phanotate, leftEnd: 490, rightEnd: 930, strand: -, length: 441, contig: contig_2178, protein: unknown, score1: 1.0, score2: 0.0
  --  Gene No. 3, gene caller: prodigal, leftEnd: 490, rightEnd: 930, strand: -, length: 441, contig: contig_2178, protein: unknown, score1: 1.0, score2: 0.0
Unique gene call 4
  --  Gene No. 2, gene caller: glimmer, leftEnd: 933, rightEnd: 1745, strand: -, length: 813, contig: contig_2178, protein: unknown, score1: 1.0, score2: 0.0
  --  Gene No. 4, gene caller: phanotate, leftEnd: 933, rightEnd: 1745, strand: -, length: 813, contig: contig_2178, protein: unknown, score1: 1.0, score2: 0.0
  --  Gene No. 4, gene caller: prodigal, leftEnd: 933, rightEnd: 1745, strand: -, length: 813, contig: contig_2178, protein: unknown, score1: 1.0, score2: 0.0
Unique gene call 5
  --  Gene No. 5, gene caller: phanotate, leftEnd: 1717, rightEnd: 1881, strand: -, length: 165, contig: contig_2178, protein: unknown, score1: 0.5, score2: 0.0
Unique gene call 6
  --  Gene No. 3, gene caller: glimmer, leftEnd: 1717, rightEnd: 1929, strand: -, length: 213, contig: contig_2178, protein: unknown, score1: 0.5, score2: 0.0
Unique gene call 7
  --  Gene No. 5, gene caller: prodigal, leftEnd: 1717, rightEnd: 1938, strand: -, length: 222, contig: contig_2178, protein: unknown, score1: 0.5, score2: 0.0
Unique gene call 8
  --  Gene No. 4, gene caller: glimmer, leftEnd: 1895, rightEnd: 2113, strand: -, length: 219, contig: contig_2178, protein: unknown, score1: 1.0, score2: 0.0
  --  Gene No. 6, gene caller: phanotate, leftEnd: 1895, rightEnd: 2113, strand: -, length: 219, contig: contig_2178, protein: unknown, score1: 1.0, score2: 0.0
  --  Gene No. 6, gene caller: prodigal, leftEnd: 1895, rightEnd: 2113, strand: -, length: 219, contig: contig_2178, protein: unknown, score1: 1.0, score2: 0.0
Unique gene call 9
  --  Gene No. 7, gene caller: phanotate, leftEnd: 2125, rightEnd: 2697, strand: -, length: 573, contig: contig_2178, protein: unknown, score1: 0.8333333333333333, score2: 0.0
  --  Gene No. 7, gene caller: prodigal, leftEnd: 2125, rightEnd: 2697, strand: -, length: 573, contig: contig_2178, protein: unknown, score1: 0.8333333333333333, score2: 0.0
Code complete at 2021-04-21 09:22:59.888998
