Discrepancy Report Results

Summary
FATAL: MISSING_PROTEIN_ID:53 proteins have invalid IDs.
DISC_SOURCE_QUALS_ASNDISC:strain (all present, all unique)
DISC_SOURCE_QUALS_ASNDISC:taxname (all present, all unique)
DISC_FEATURE_COUNT:CDS: 53 present
DISC_COUNT_NUCLEOTIDES:1 nucleotide Bioseqs are present
FEATURE_LOCATION_CONFLICT:53 features have inconsistent gene locations.
DISC_QUALITY_SCORES:Quality scores are missing on all sequences.
ONCALLER_COMMENT_PRESENT:1 comment descriptors were found (all same)
MISSING_GENOMEASSEMBLY_COMMENTS:1 bioseqs are missing GenomeAssembly structured comments
MOLTYPE_NOT_MRNA:1 molecule types are not set as mRNA.
TECHNIQUE_NOT_TSA:1 technique are not set as TSA
MISSING_STRUCTURED_COMMENT:1 sequences do not include structured comments.
MISSING_PROJECT:54 sequences do not include project.
DISC_INCONSISTENT_MOLINFO_TECH:Molinfo Technique Report (some missing, all same)


Detailed Report

FATAL: DiscRep_ALL:MISSING_PROTEIN_ID::53 proteins have invalid IDs.
prokkacontig_830/contig_830:contig_830_1 (length 448)
prokkacontig_830/contig_830:contig_830_2 (length 287)
prokkacontig_830/contig_830:contig_830_3 (length 152)
prokkacontig_830/contig_830:contig_830_4 (length 290)
prokkacontig_830/contig_830:contig_830_5 (length 247)
prokkacontig_830/contig_830:contig_830_6 (length 81)
prokkacontig_830/contig_830:contig_830_7 (length 93)
prokkacontig_830/contig_830:contig_830_8 (length 253)
prokkacontig_830/contig_830:contig_830_9 (length 98)
prokkacontig_830/contig_830:contig_830_10 (length 187)
prokkacontig_830/contig_830:contig_830_11 (length 125)
prokkacontig_830/contig_830:contig_830_12 (length 188)
prokkacontig_830/contig_830:contig_830_13 (length 166)
prokkacontig_830/contig_830:contig_830_14 (length 165)
prokkacontig_830/contig_830:contig_830_15 (length 125)
prokkacontig_830/contig_830:contig_830_16 (length 188)
prokkacontig_830/contig_830:contig_830_17 (length 166)
prokkacontig_830/contig_830:contig_830_18 (length 165)
prokkacontig_830/contig_830:contig_830_19 (length 311)
prokkacontig_830/contig_830:contig_830_20 (length 447)
prokkacontig_830/contig_830:contig_830_21 (length 136)
prokkacontig_830/contig_830:contig_830_22 (length 100)
prokkacontig_830/contig_830:contig_830_23 (length 116)
prokkacontig_830/contig_830:contig_830_24 (length 214)
prokkacontig_830/contig_830:contig_830_25 (length 154)
prokkacontig_830/contig_830:contig_830_26 (length 423)
prokkacontig_830/contig_830:contig_830_27 (length 66)
prokkacontig_830/contig_830:contig_830_28 (length 86)
prokkacontig_830/contig_830:contig_830_29 (length 575)
prokkacontig_830/contig_830:contig_830_30 (length 264)
prokkacontig_830/contig_830:contig_830_31 (length 433)
prokkacontig_830/contig_830:contig_830_32 (length 533)
prokkacontig_830/contig_830:contig_830_33 (length 317)
prokkacontig_830/contig_830:contig_830_34 (length 385)
prokkacontig_830/contig_830:contig_830_35 (length 218)
prokkacontig_830/contig_830:contig_830_36 (length 296)
prokkacontig_830/contig_830:contig_830_37 (length 76)
prokkacontig_830/contig_830:contig_830_38 (length 777)
prokkacontig_830/contig_830:contig_830_39 (length 159)
prokkacontig_830/contig_830:contig_830_40 (length 66)
prokkacontig_830/contig_830:contig_830_41 (length 92)
prokkacontig_830/contig_830:contig_830_42 (length 69)
prokkacontig_830/contig_830:contig_830_43 (length 208)
prokkacontig_830/contig_830:contig_830_44 (length 193)
prokkacontig_830/contig_830:contig_830_45 (length 635)
prokkacontig_830/contig_830:contig_830_46 (length 626)
prokkacontig_830/contig_830:contig_830_47 (length 193)
prokkacontig_830/contig_830:contig_830_48 (length 208)
prokkacontig_830/contig_830:contig_830_49 (length 69)
prokkacontig_830/contig_830:contig_830_50 (length 92)
prokkacontig_830/contig_830:contig_830_51 (length 66)
prokkacontig_830/contig_830:contig_830_52 (length 159)
prokkacontig_830/contig_830:contig_830_53 (length 85)

DiscRep_ALL:DISC_SOURCE_QUALS_ASNDISC::strain (all present, all unique)
DiscRep_SUB:DISC_SOURCE_QUALS_ASNDISC::1 sources have unique values for strain
DiscRep_ALL:DISC_SOURCE_QUALS_ASNDISC::taxname (all present, all unique)
DiscRep_SUB:DISC_SOURCE_QUALS_ASNDISC::1 sources have unique values for taxname
DiscRep_ALL:DISC_FEATURE_COUNT::CDS: 53 present
DiscRep_ALL:DISC_COUNT_NUCLEOTIDES::1 nucleotide Bioseqs are present
prokkacontig_830/contig_830:contig_830 (length 41670)

DiscRep_ALL:FEATURE_LOCATION_CONFLICT::53 features have inconsistent gene locations.
DiscRep_SUB:FEATURE_LOCATION_CONFLICT::Coding region xref gene does not exist
prokkacontig_830/contig_830:CDS	hypothetical protein	contig_830:151-1497	MHMGHDDN_00001

DiscRep_SUB:FEATURE_LOCATION_CONFLICT::Coding region xref gene does not exist
prokkacontig_830/contig_830:CDS	hypothetical protein	contig_830:c2355-1492	MHMGHDDN_00002

DiscRep_SUB:FEATURE_LOCATION_CONFLICT::Coding region xref gene does not exist
prokkacontig_830/contig_830:CDS	hypothetical protein	contig_830:c2830-2372	MHMGHDDN_00003

DiscRep_SUB:FEATURE_LOCATION_CONFLICT::Coding region xref gene does not exist
prokkacontig_830/contig_830:CDS	hypothetical protein	contig_830:c3768-2896	MHMGHDDN_00004

DiscRep_SUB:FEATURE_LOCATION_CONFLICT::Coding region xref gene does not exist
prokkacontig_830/contig_830:CDS	hypothetical protein	contig_830:c4474-3731	MHMGHDDN_00005

DiscRep_SUB:FEATURE_LOCATION_CONFLICT::Coding region xref gene does not exist
prokkacontig_830/contig_830:CDS	hypothetical protein	contig_830:c4709-4464	MHMGHDDN_00006

DiscRep_SUB:FEATURE_LOCATION_CONFLICT::Coding region xref gene does not exist
prokkacontig_830/contig_830:CDS	DNA-binding protein HU	contig_830:c5116-4835	MHMGHDDN_00007

DiscRep_SUB:FEATURE_LOCATION_CONFLICT::Coding region xref gene does not exist
prokkacontig_830/contig_830:CDS	Nicotinamide riboside transporter PnuC	contig_830:c5982-5221	MHMGHDDN_00008

DiscRep_SUB:FEATURE_LOCATION_CONFLICT::Coding region xref gene does not exist
prokkacontig_830/contig_830:CDS	hypothetical protein	contig_830:6918-7214	MHMGHDDN_00009

DiscRep_SUB:FEATURE_LOCATION_CONFLICT::Coding region xref gene does not exist
prokkacontig_830/contig_830:CDS	hypothetical protein	contig_830:7252-7815	MHMGHDDN_00010

DiscRep_SUB:FEATURE_LOCATION_CONFLICT::Coding region xref gene does not exist
prokkacontig_830/contig_830:CDS	hypothetical protein	contig_830:7847-8224	MHMGHDDN_00011

DiscRep_SUB:FEATURE_LOCATION_CONFLICT::Coding region xref gene does not exist
prokkacontig_830/contig_830:CDS	hypothetical protein	contig_830:c8854-8288	MHMGHDDN_00012

DiscRep_SUB:FEATURE_LOCATION_CONFLICT::Coding region xref gene does not exist
prokkacontig_830/contig_830:CDS	hypothetical protein	contig_830:c9375-8875	MHMGHDDN_00013

DiscRep_SUB:FEATURE_LOCATION_CONFLICT::Coding region xref gene does not exist
prokkacontig_830/contig_830:CDS	hypothetical protein	contig_830:c9950-9453	MHMGHDDN_00014

DiscRep_SUB:FEATURE_LOCATION_CONFLICT::Coding region xref gene does not exist
prokkacontig_830/contig_830:CDS	hypothetical protein	contig_830:10175-10552	MHMGHDDN_00015

DiscRep_SUB:FEATURE_LOCATION_CONFLICT::Coding region xref gene does not exist
prokkacontig_830/contig_830:CDS	hypothetical protein	contig_830:c11182-10616	MHMGHDDN_00016

DiscRep_SUB:FEATURE_LOCATION_CONFLICT::Coding region xref gene does not exist
prokkacontig_830/contig_830:CDS	hypothetical protein	contig_830:c11703-11203	MHMGHDDN_00017

DiscRep_SUB:FEATURE_LOCATION_CONFLICT::Coding region xref gene does not exist
prokkacontig_830/contig_830:CDS	hypothetical protein	contig_830:c12278-11781	MHMGHDDN_00018

DiscRep_SUB:FEATURE_LOCATION_CONFLICT::Coding region xref gene does not exist
prokkacontig_830/contig_830:CDS	hypothetical protein	contig_830:c13278-12343	MHMGHDDN_00019

DiscRep_SUB:FEATURE_LOCATION_CONFLICT::Coding region xref gene does not exist
prokkacontig_830/contig_830:CDS	hypothetical protein	contig_830:c14868-13525	MHMGHDDN_00020

DiscRep_SUB:FEATURE_LOCATION_CONFLICT::Coding region xref gene does not exist
prokkacontig_830/contig_830:CDS	hypothetical protein	contig_830:c15286-14876	MHMGHDDN_00021

DiscRep_SUB:FEATURE_LOCATION_CONFLICT::Coding region xref gene does not exist
prokkacontig_830/contig_830:CDS	hypothetical protein	contig_830:c15589-15287	MHMGHDDN_00022

DiscRep_SUB:FEATURE_LOCATION_CONFLICT::Coding region xref gene does not exist
prokkacontig_830/contig_830:CDS	hypothetical protein	contig_830:15641-15991	MHMGHDDN_00023

DiscRep_SUB:FEATURE_LOCATION_CONFLICT::Coding region xref gene does not exist
prokkacontig_830/contig_830:CDS	hypothetical protein	contig_830:16194-16838	MHMGHDDN_00024

DiscRep_SUB:FEATURE_LOCATION_CONFLICT::Coding region xref gene does not exist
prokkacontig_830/contig_830:CDS	hypothetical protein	contig_830:17130-17594	MHMGHDDN_00025

DiscRep_SUB:FEATURE_LOCATION_CONFLICT::Coding region xref gene does not exist
prokkacontig_830/contig_830:CDS	IS200/IS605 family transposase ISMmu1	contig_830:17659-18930	MHMGHDDN_00026

DiscRep_SUB:FEATURE_LOCATION_CONFLICT::Coding region xref gene does not exist
prokkacontig_830/contig_830:CDS	hypothetical protein	contig_830:19231-19431	MHMGHDDN_00027

DiscRep_SUB:FEATURE_LOCATION_CONFLICT::Coding region xref gene does not exist
prokkacontig_830/contig_830:CDS	hypothetical protein	contig_830:19453-19713	MHMGHDDN_00028

DiscRep_SUB:FEATURE_LOCATION_CONFLICT::Coding region xref gene does not exist
prokkacontig_830/contig_830:CDS	hypothetical protein	contig_830:20478-22205	MHMGHDDN_00029

DiscRep_SUB:FEATURE_LOCATION_CONFLICT::Coding region xref gene does not exist
prokkacontig_830/contig_830:CDS	hypothetical protein	contig_830:22280-23074	MHMGHDDN_00030

DiscRep_SUB:FEATURE_LOCATION_CONFLICT::Coding region xref gene does not exist
prokkacontig_830/contig_830:CDS	hypothetical protein	contig_830:23081-24382	MHMGHDDN_00031

DiscRep_SUB:FEATURE_LOCATION_CONFLICT::Coding region xref gene does not exist
prokkacontig_830/contig_830:CDS	hypothetical protein	contig_830:24469-26070	MHMGHDDN_00032

DiscRep_SUB:FEATURE_LOCATION_CONFLICT::Coding region xref gene does not exist
prokkacontig_830/contig_830:CDS	hypothetical protein	contig_830:26173-27126	MHMGHDDN_00033

DiscRep_SUB:FEATURE_LOCATION_CONFLICT::Coding region xref gene does not exist
prokkacontig_830/contig_830:CDS	hypothetical protein	contig_830:27142-28299	MHMGHDDN_00034

DiscRep_SUB:FEATURE_LOCATION_CONFLICT::Coding region xref gene does not exist
prokkacontig_830/contig_830:CDS	hypothetical protein	contig_830:28306-28962	MHMGHDDN_00035

DiscRep_SUB:FEATURE_LOCATION_CONFLICT::Coding region xref gene does not exist
prokkacontig_830/contig_830:CDS	hypothetical protein	contig_830:28978-29868	MHMGHDDN_00036

DiscRep_SUB:FEATURE_LOCATION_CONFLICT::Coding region xref gene does not exist
prokkacontig_830/contig_830:CDS	hypothetical protein	contig_830:29884-30114	MHMGHDDN_00037

DiscRep_SUB:FEATURE_LOCATION_CONFLICT::Coding region xref gene does not exist
prokkacontig_830/contig_830:CDS	hypothetical protein	contig_830:30138-32471	MHMGHDDN_00038

DiscRep_SUB:FEATURE_LOCATION_CONFLICT::Coding region xref gene does not exist
prokkacontig_830/contig_830:CDS	hypothetical protein	contig_830:32486-32965	MHMGHDDN_00039

DiscRep_SUB:FEATURE_LOCATION_CONFLICT::Coding region xref gene does not exist
prokkacontig_830/contig_830:CDS	hypothetical protein	contig_830:33070-33270	MHMGHDDN_00040

DiscRep_SUB:FEATURE_LOCATION_CONFLICT::Coding region xref gene does not exist
prokkacontig_830/contig_830:CDS	hypothetical protein	contig_830:33260-33538	MHMGHDDN_00041

DiscRep_SUB:FEATURE_LOCATION_CONFLICT::Coding region xref gene does not exist
prokkacontig_830/contig_830:CDS	hypothetical protein	contig_830:33492-33701	MHMGHDDN_00042

DiscRep_SUB:FEATURE_LOCATION_CONFLICT::Coding region xref gene does not exist
prokkacontig_830/contig_830:CDS	hypothetical protein	contig_830:33858-34484	MHMGHDDN_00043

DiscRep_SUB:FEATURE_LOCATION_CONFLICT::Coding region xref gene does not exist
prokkacontig_830/contig_830:CDS	hypothetical protein	contig_830:34444-35025	MHMGHDDN_00044

DiscRep_SUB:FEATURE_LOCATION_CONFLICT::Coding region xref gene does not exist
prokkacontig_830/contig_830:CDS	hypothetical protein	contig_830:35047-36954	MHMGHDDN_00045

DiscRep_SUB:FEATURE_LOCATION_CONFLICT::Coding region xref gene does not exist
prokkacontig_830/contig_830:CDS	hypothetical protein	contig_830:c38831-36951	MHMGHDDN_00046

DiscRep_SUB:FEATURE_LOCATION_CONFLICT::Coding region xref gene does not exist
prokkacontig_830/contig_830:CDS	hypothetical protein	contig_830:c39434-38853	MHMGHDDN_00047

DiscRep_SUB:FEATURE_LOCATION_CONFLICT::Coding region xref gene does not exist
prokkacontig_830/contig_830:CDS	hypothetical protein	contig_830:c40020-39394	MHMGHDDN_00048

DiscRep_SUB:FEATURE_LOCATION_CONFLICT::Coding region xref gene does not exist
prokkacontig_830/contig_830:CDS	hypothetical protein	contig_830:c40386-40177	MHMGHDDN_00049

DiscRep_SUB:FEATURE_LOCATION_CONFLICT::Coding region xref gene does not exist
prokkacontig_830/contig_830:CDS	hypothetical protein	contig_830:c40618-40340	MHMGHDDN_00050

DiscRep_SUB:FEATURE_LOCATION_CONFLICT::Coding region xref gene does not exist
prokkacontig_830/contig_830:CDS	hypothetical protein	contig_830:c40808-40608	MHMGHDDN_00051

DiscRep_SUB:FEATURE_LOCATION_CONFLICT::Coding region xref gene does not exist
prokkacontig_830/contig_830:CDS	hypothetical protein	contig_830:c41392-40913	MHMGHDDN_00052

DiscRep_SUB:FEATURE_LOCATION_CONFLICT::Coding region xref gene does not exist
prokkacontig_830/contig_830:CDS	hypothetical protein	contig_830:c41664-41407	MHMGHDDN_00053

DiscRep_ALL:DISC_QUALITY_SCORES::Quality scores are missing on all sequences.

DiscRep_ALL:ONCALLER_COMMENT_PRESENT::1 comment descriptors were found (all same)
prokkacontig_830/contig_830:contig_830:Annotated using prokka 1.14.6 from https://github.com/tseemann/prokka

DiscRep_ALL:MISSING_GENOMEASSEMBLY_COMMENTS::1 bioseqs are missing GenomeAssembly structured comments
prokkacontig_830/contig_830:contig_830 (length 41670)

DiscRep_ALL:MOLTYPE_NOT_MRNA::1 molecule types are not set as mRNA.
prokkacontig_830/contig_830:contig_830 (length 41670)

DiscRep_ALL:TECHNIQUE_NOT_TSA::1 technique are not set as TSA
prokkacontig_830/contig_830:contig_830 (length 41670)

DiscRep_ALL:MISSING_STRUCTURED_COMMENT::1 sequences do not include structured comments.
prokkacontig_830/contig_830:contig_830 (length 41670)

DiscRep_ALL:MISSING_PROJECT::54 sequences do not include project.
prokkacontig_830/contig_830:contig_830 (length 41670)
prokkacontig_830/contig_830:contig_830_1 (length 448)
prokkacontig_830/contig_830:contig_830_2 (length 287)
prokkacontig_830/contig_830:contig_830_3 (length 152)
prokkacontig_830/contig_830:contig_830_4 (length 290)
prokkacontig_830/contig_830:contig_830_5 (length 247)
prokkacontig_830/contig_830:contig_830_6 (length 81)
prokkacontig_830/contig_830:contig_830_7 (length 93)
prokkacontig_830/contig_830:contig_830_8 (length 253)
prokkacontig_830/contig_830:contig_830_9 (length 98)
prokkacontig_830/contig_830:contig_830_10 (length 187)
prokkacontig_830/contig_830:contig_830_11 (length 125)
prokkacontig_830/contig_830:contig_830_12 (length 188)
prokkacontig_830/contig_830:contig_830_13 (length 166)
prokkacontig_830/contig_830:contig_830_14 (length 165)
prokkacontig_830/contig_830:contig_830_15 (length 125)
prokkacontig_830/contig_830:contig_830_16 (length 188)
prokkacontig_830/contig_830:contig_830_17 (length 166)
prokkacontig_830/contig_830:contig_830_18 (length 165)
prokkacontig_830/contig_830:contig_830_19 (length 311)
prokkacontig_830/contig_830:contig_830_20 (length 447)
prokkacontig_830/contig_830:contig_830_21 (length 136)
prokkacontig_830/contig_830:contig_830_22 (length 100)
prokkacontig_830/contig_830:contig_830_23 (length 116)
prokkacontig_830/contig_830:contig_830_24 (length 214)
prokkacontig_830/contig_830:contig_830_25 (length 154)
prokkacontig_830/contig_830:contig_830_26 (length 423)
prokkacontig_830/contig_830:contig_830_27 (length 66)
prokkacontig_830/contig_830:contig_830_28 (length 86)
prokkacontig_830/contig_830:contig_830_29 (length 575)
prokkacontig_830/contig_830:contig_830_30 (length 264)
prokkacontig_830/contig_830:contig_830_31 (length 433)
prokkacontig_830/contig_830:contig_830_32 (length 533)
prokkacontig_830/contig_830:contig_830_33 (length 317)
prokkacontig_830/contig_830:contig_830_34 (length 385)
prokkacontig_830/contig_830:contig_830_35 (length 218)
prokkacontig_830/contig_830:contig_830_36 (length 296)
prokkacontig_830/contig_830:contig_830_37 (length 76)
prokkacontig_830/contig_830:contig_830_38 (length 777)
prokkacontig_830/contig_830:contig_830_39 (length 159)
prokkacontig_830/contig_830:contig_830_40 (length 66)
prokkacontig_830/contig_830:contig_830_41 (length 92)
prokkacontig_830/contig_830:contig_830_42 (length 69)
prokkacontig_830/contig_830:contig_830_43 (length 208)
prokkacontig_830/contig_830:contig_830_44 (length 193)
prokkacontig_830/contig_830:contig_830_45 (length 635)
prokkacontig_830/contig_830:contig_830_46 (length 626)
prokkacontig_830/contig_830:contig_830_47 (length 193)
prokkacontig_830/contig_830:contig_830_48 (length 208)
prokkacontig_830/contig_830:contig_830_49 (length 69)
prokkacontig_830/contig_830:contig_830_50 (length 92)
prokkacontig_830/contig_830:contig_830_51 (length 66)
prokkacontig_830/contig_830:contig_830_52 (length 159)
prokkacontig_830/contig_830:contig_830_53 (length 85)

DiscRep_ALL:DISC_INCONSISTENT_MOLINFO_TECH::Molinfo Technique Report (some missing, all same)
DiscRep_SUB:DISC_INCONSISTENT_MOLINFO_TECH::technique (all missing)
DiscRep_SUB:DISC_INCONSISTENT_MOLINFO_TECH::1 Molinfos are missing field technique
prokkacontig_830/contig_830:contig_830 (length 41670)

