Opening log at 2021-04-21 09:45:08.132281
Iterating through fileSet at 2021-04-21 09:45:08.132409
fileSet is ['/home/james/Software/multiPhATE2/PipelineOutput/circular_pair_3188/commoncore.cgc', '/home/james/Software/multiPhATE2/PipelineOutput/circular_pair_3188/consensus.cgc', '/home/james/Software/multiPhATE2/PipelineOutput/circular_pair_3188/glimmer.cgc', '/home/james/Software/multiPhATE2/PipelineOutput/circular_pair_3188/phanotate.cgc', '/home/james/Software/multiPhATE2/PipelineOutput/circular_pair_3188/prodigal.cgc', '/home/james/Software/multiPhATE2/PipelineOutput/circular_pair_3188/superset.cgc']
Opening geneFile /home/james/Software/multiPhATE2/PipelineOutput/circular_pair_3188/commoncore.cgc
Adding calls from geneFile /home/james/Software/multiPhATE2/PipelineOutput/circular_pair_3188/commoncore.cgc
Appending call set  number of calls is: 0
Opening geneFile /home/james/Software/multiPhATE2/PipelineOutput/circular_pair_3188/consensus.cgc
Adding calls from geneFile /home/james/Software/multiPhATE2/PipelineOutput/circular_pair_3188/consensus.cgc
Appending call set  number of calls is: 0
Opening geneFile /home/james/Software/multiPhATE2/PipelineOutput/circular_pair_3188/glimmer.cgc
Adding calls from geneFile /home/james/Software/multiPhATE2/PipelineOutput/circular_pair_3188/glimmer.cgc
Appending call set  number of calls is: 12
Opening geneFile /home/james/Software/multiPhATE2/PipelineOutput/circular_pair_3188/phanotate.cgc
Adding calls from geneFile /home/james/Software/multiPhATE2/PipelineOutput/circular_pair_3188/phanotate.cgc
Appending call set  number of calls is: 18
Opening geneFile /home/james/Software/multiPhATE2/PipelineOutput/circular_pair_3188/prodigal.cgc
Adding calls from geneFile /home/james/Software/multiPhATE2/PipelineOutput/circular_pair_3188/prodigal.cgc
Appending call set  number of calls is: 13
Opening geneFile /home/james/Software/multiPhATE2/PipelineOutput/circular_pair_3188/superset.cgc
Adding calls from geneFile /home/james/Software/multiPhATE2/PipelineOutput/circular_pair_3188/superset.cgc
Appending call set  number of calls is: 0
All call sets have been added to caller list. Number of call sets in callerList: 6
callerList is   glimmer phanotate prodigal  
Total number of gene calls across callerList call sets is: 43
Sorting gene calls for each caller
Processing a callSet
Before sorting, Length of callerList for caller  is 0
After sorting, Length of callerList for caller  is 0
Processing a callSet
Before sorting, Length of callerList for caller  is 0
After sorting, Length of callerList for caller  is 0
Processing a callSet
Before sorting, Length of callerList for caller glimmer is 12
After sorting, Length of callerList for caller glimmer is 12
Processing a callSet
Before sorting, Length of callerList for caller phanotate is 18
After sorting, Length of callerList for caller phanotate is 18
Processing a callSet
Before sorting, Length of callerList for caller prodigal is 13
After sorting, Length of callerList for caller prodigal is 13
Processing a callSet
Before sorting, Length of callerList for caller  is 0
After sorting, Length of callerList for caller  is 0
callSet processing complete
Comparing across the call sets...
Merging the geneCall sets....
Final merged genes:

***************Merge List
1	Gene No. 1, gene caller: phanotate, leftEnd: 2, rightEnd: 358, strand: -, length: 357, contig: circular_pair_3188, protein: unknown, score1: 1.0, score2: 0.0
2	Gene No. 1, gene caller: prodigal, leftEnd: 2, rightEnd: 358, strand: -, length: 357, contig: circular_pair_3188, protein: unknown, score1: 1.0, score2: 0.0
3	Gene No. 1, gene caller: glimmer, leftEnd: 358, rightEnd: 1203, strand: -, length: 846, contig: circular_pair_3188, protein: unknown, score1: 1.0, score2: 0.0
4	Gene No. 2, gene caller: phanotate, leftEnd: 358, rightEnd: 1203, strand: -, length: 846, contig: circular_pair_3188, protein: unknown, score1: 1.0, score2: 0.0
5	Gene No. 2, gene caller: prodigal, leftEnd: 358, rightEnd: 1203, strand: -, length: 846, contig: circular_pair_3188, protein: unknown, score1: 1.0, score2: 0.0
6	Gene No. 3, gene caller: phanotate, leftEnd: 1203, rightEnd: 1313, strand: -, length: 111, contig: circular_pair_3188, protein: unknown, score1: 1.0, score2: 0.0
7	Gene No. 2, gene caller: glimmer, leftEnd: 1326, rightEnd: 2159, strand: -, length: 834, contig: circular_pair_3188, protein: unknown, score1: 1.0, score2: 0.0
8	Gene No. 4, gene caller: phanotate, leftEnd: 1326, rightEnd: 2159, strand: -, length: 834, contig: circular_pair_3188, protein: unknown, score1: 1.0, score2: 0.0
9	Gene No. 3, gene caller: prodigal, leftEnd: 1326, rightEnd: 2159, strand: -, length: 834, contig: circular_pair_3188, protein: unknown, score1: 1.0, score2: 0.0
10	Gene No. 3, gene caller: glimmer, leftEnd: 2174, rightEnd: 2533, strand: -, length: 360, contig: circular_pair_3188, protein: unknown, score1: 1.0, score2: 0.0
11	Gene No. 5, gene caller: phanotate, leftEnd: 2174, rightEnd: 2668, strand: -, length: 495, contig: circular_pair_3188, protein: unknown, score1: 1.0, score2: 0.0
12	Gene No. 4, gene caller: prodigal, leftEnd: 2174, rightEnd: 2668, strand: -, length: 495, contig: circular_pair_3188, protein: unknown, score1: 1.0, score2: 0.0
13	Gene No. 4, gene caller: glimmer, leftEnd: 2713, rightEnd: 2871, strand: -, length: 159, contig: circular_pair_3188, protein: unknown, score1: 1.0, score2: 0.0
14	Gene No. 6, gene caller: phanotate, leftEnd: 2713, rightEnd: 3114, strand: -, length: 402, contig: circular_pair_3188, protein: unknown, score1: 1.0, score2: 0.0
15	Gene No. 5, gene caller: prodigal, leftEnd: 2713, rightEnd: 3114, strand: -, length: 402, contig: circular_pair_3188, protein: unknown, score1: 1.0, score2: 0.0
16	Gene No. 5, gene caller: glimmer, leftEnd: 3124, rightEnd: 4626, strand: -, length: 1503, contig: circular_pair_3188, protein: unknown, score1: 1.0, score2: 0.0
17	Gene No. 7, gene caller: phanotate, leftEnd: 3124, rightEnd: 4626, strand: -, length: 1503, contig: circular_pair_3188, protein: unknown, score1: 1.0, score2: 0.0
18	Gene No. 6, gene caller: prodigal, leftEnd: 3124, rightEnd: 4626, strand: -, length: 1503, contig: circular_pair_3188, protein: unknown, score1: 1.0, score2: 0.0
19	Gene No. 8, gene caller: phanotate, leftEnd: 4626, rightEnd: 5054, strand: -, length: 429, contig: circular_pair_3188, protein: unknown, score1: 1.0, score2: 0.0
20	Gene No. 6, gene caller: glimmer, leftEnd: 4626, rightEnd: 5228, strand: -, length: 603, contig: circular_pair_3188, protein: unknown, score1: 1.0, score2: 0.0
21	Gene No. 7, gene caller: prodigal, leftEnd: 4626, rightEnd: 5228, strand: -, length: 603, contig: circular_pair_3188, protein: unknown, score1: 1.0, score2: 0.0
22	Gene No. 9, gene caller: phanotate, leftEnd: 5099, rightEnd: 5209, strand: -, length: 111, contig: circular_pair_3188, protein: unknown, score1: 1.0, score2: 0.0
23	Gene No. 7, gene caller: glimmer, leftEnd: 5209, rightEnd: 5472, strand: -, length: 264, contig: circular_pair_3188, protein: unknown, score1: 1.0, score2: 0.0
24	Gene No. 10, gene caller: phanotate, leftEnd: 5209, rightEnd: 5472, strand: -, length: 264, contig: circular_pair_3188, protein: unknown, score1: 1.0, score2: 0.0
25	Gene No. 11, gene caller: phanotate, leftEnd: 5472, rightEnd: 5582, strand: -, length: 111, contig: circular_pair_3188, protein: unknown, score1: 1.0, score2: 0.0
26	Gene No. 8, gene caller: glimmer, leftEnd: 5595, rightEnd: 5870, strand: -, length: 276, contig: circular_pair_3188, protein: unknown, score1: 1.0, score2: 0.0
27	Gene No. 12, gene caller: phanotate, leftEnd: 5595, rightEnd: 5870, strand: -, length: 276, contig: circular_pair_3188, protein: unknown, score1: 1.0, score2: 0.0
28	Gene No. 8, gene caller: prodigal, leftEnd: 5595, rightEnd: 5870, strand: -, length: 276, contig: circular_pair_3188, protein: unknown, score1: 1.0, score2: 0.0
29	Gene No. 9, gene caller: glimmer, leftEnd: 5848, rightEnd: 6429, strand: -, length: 582, contig: circular_pair_3188, protein: unknown, score1: 1.0, score2: 0.0
30	Gene No. 13, gene caller: phanotate, leftEnd: 5848, rightEnd: 6429, strand: -, length: 582, contig: circular_pair_3188, protein: unknown, score1: 1.0, score2: 0.0
31	Gene No. 9, gene caller: prodigal, leftEnd: 5848, rightEnd: 6429, strand: -, length: 582, contig: circular_pair_3188, protein: unknown, score1: 1.0, score2: 0.0
32	Gene No. 14, gene caller: phanotate, leftEnd: 6444, rightEnd: 6557, strand: -, length: 114, contig: circular_pair_3188, protein: unknown, score1: 1.0, score2: 0.0
33	Gene No. 10, gene caller: prodigal, leftEnd: 6444, rightEnd: 6557, strand: -, length: 114, contig: circular_pair_3188, protein: unknown, score1: 1.0, score2: 0.0
34	Gene No. 10, gene caller: glimmer, leftEnd: 6587, rightEnd: 6805, strand: -, length: 219, contig: circular_pair_3188, protein: unknown, score1: 1.0, score2: 0.0
35	Gene No. 15, gene caller: phanotate, leftEnd: 6587, rightEnd: 6940, strand: -, length: 354, contig: circular_pair_3188, protein: unknown, score1: 1.0, score2: 0.0
36	Gene No. 11, gene caller: prodigal, leftEnd: 6587, rightEnd: 6940, strand: -, length: 354, contig: circular_pair_3188, protein: unknown, score1: 1.0, score2: 0.0
37	Gene No. 11, gene caller: glimmer, leftEnd: 6985, rightEnd: 7143, strand: -, length: 159, contig: circular_pair_3188, protein: unknown, score1: 1.0, score2: 0.0
38	Gene No. 16, gene caller: phanotate, leftEnd: 6985, rightEnd: 7386, strand: -, length: 402, contig: circular_pair_3188, protein: unknown, score1: 1.0, score2: 0.0
39	Gene No. 12, gene caller: prodigal, leftEnd: 6985, rightEnd: 7386, strand: -, length: 402, contig: circular_pair_3188, protein: unknown, score1: 1.0, score2: 0.0
40	Gene No. 12, gene caller: glimmer, leftEnd: 7396, rightEnd: 8538, strand: -, length: 1143, contig: circular_pair_3188, protein: unknown, score1: 1.0, score2: 0.0
41	Gene No. 17, gene caller: phanotate, leftEnd: 7396, rightEnd: 8538, strand: -, length: 1143, contig: circular_pair_3188, protein: unknown, score1: 1.0, score2: 0.0
42	Gene No. 13, gene caller: prodigal, leftEnd: 7396, rightEnd: 8538, strand: -, length: 1143, contig: circular_pair_3188, protein: unknown, score1: 1.0, score2: 0.0
43	Gene No. 18, gene caller: phanotate, leftEnd: 8553, rightEnd: 8681, strand: +, length: 129, contig: circular_pair_3188, protein: unknown, score1: 1.0, score2: 0.0
Comparing across geneCall sets....
Scoring gene calls....
Identifying common core...
This is the Common Core List:

***************Common Core
CC-gene 1	Gene No. 1, gene caller: All_callers, leftEnd: 358, rightEnd: 1203, strand: -, length: 846, contig: circular_pair_3188, protein: unknown, score1: 1.0, score2: 0.0
CC-gene 2	Gene No. 1, gene caller: All_callers, leftEnd: 1326, rightEnd: 2159, strand: -, length: 834, contig: circular_pair_3188, protein: unknown, score1: 1.0, score2: 0.0
CC-gene 3	Gene No. 1, gene caller: All_callers, leftEnd: 3124, rightEnd: 4626, strand: -, length: 1503, contig: circular_pair_3188, protein: unknown, score1: 1.0, score2: 0.0
CC-gene 4	Gene No. 1, gene caller: All_callers, leftEnd: 5595, rightEnd: 5870, strand: -, length: 276, contig: circular_pair_3188, protein: unknown, score1: 1.0, score2: 0.0
CC-gene 5	Gene No. 1, gene caller: All_callers, leftEnd: 5848, rightEnd: 6429, strand: -, length: 582, contig: circular_pair_3188, protein: unknown, score1: 1.0, score2: 0.0
CC-gene 6	Gene No. 1, gene caller: All_callers, leftEnd: 7396, rightEnd: 8538, strand: -, length: 1143, contig: circular_pair_3188, protein: unknown, score1: 1.0, score2: 0.0
Printing gene-call superset, consensus, and common_core in GFF and CGC formats
Printing report....
The following gene callers were considered: glimmer, phanotate, prodigal, The number of distinct gene calls over all gene callers is 23
The number of gene calls in common among all callers is 6
The number of unique (non-matching) gene calls is9
Caller glimmer produced 12 gene calls.
Caller glimmer gene-call length stats:  min: 159, max: 1503, ave: 579.0
Caller phanotate produced 18 gene calls.
Caller phanotate gene-call length stats:  min: 111, max: 1503, ave: 470.1666666666667
Caller prodigal produced 13 gene calls.
Caller prodigal gene-call length stats:  min: 114, max: 1503, ave: 608.5384615384615

Gene-call Scores:
Caller	Contig	Gene No.	Left End	Right End	Strand	gcScore
phanotate	circular_pair_3188	1	2	358	-	0.83
prodigal	circular_pair_3188	1	2	358	-	0.83
glimmer	circular_pair_3188	1	358	1203	-	1.00
phanotate	circular_pair_3188	2	358	1203	-	1.00
prodigal	circular_pair_3188	2	358	1203	-	1.00
phanotate	circular_pair_3188	3	1203	1313	-	0.33
glimmer	circular_pair_3188	2	1326	2159	-	1.00
phanotate	circular_pair_3188	4	1326	2159	-	1.00
prodigal	circular_pair_3188	3	1326	2159	-	1.00
glimmer	circular_pair_3188	3	2174	2533	-	0.50
phanotate	circular_pair_3188	5	2174	2668	-	0.83
prodigal	circular_pair_3188	4	2174	2668	-	0.83
glimmer	circular_pair_3188	4	2713	2871	-	0.50
phanotate	circular_pair_3188	6	2713	3114	-	0.83
prodigal	circular_pair_3188	5	2713	3114	-	0.83
glimmer	circular_pair_3188	5	3124	4626	-	1.00
phanotate	circular_pair_3188	7	3124	4626	-	1.00
prodigal	circular_pair_3188	6	3124	4626	-	1.00
phanotate	circular_pair_3188	8	4626	5054	-	0.50
glimmer	circular_pair_3188	6	4626	5228	-	0.83
prodigal	circular_pair_3188	7	4626	5228	-	0.83
phanotate	circular_pair_3188	9	5099	5209	-	0.33
glimmer	circular_pair_3188	7	5209	5472	-	0.83
phanotate	circular_pair_3188	10	5209	5472	-	0.83
phanotate	circular_pair_3188	11	5472	5582	-	0.33
glimmer	circular_pair_3188	8	5595	5870	-	1.00
phanotate	circular_pair_3188	12	5595	5870	-	1.00
prodigal	circular_pair_3188	8	5595	5870	-	1.00
glimmer	circular_pair_3188	9	5848	6429	-	1.00
phanotate	circular_pair_3188	13	5848	6429	-	1.00
prodigal	circular_pair_3188	9	5848	6429	-	1.00
phanotate	circular_pair_3188	14	6444	6557	-	0.83
prodigal	circular_pair_3188	10	6444	6557	-	0.83
glimmer	circular_pair_3188	10	6587	6805	-	0.50
phanotate	circular_pair_3188	15	6587	6940	-	0.83
prodigal	circular_pair_3188	11	6587	6940	-	0.83
glimmer	circular_pair_3188	11	6985	7143	-	0.50
phanotate	circular_pair_3188	16	6985	7386	-	0.83
prodigal	circular_pair_3188	12	6985	7386	-	0.83
glimmer	circular_pair_3188	12	7396	8538	-	1.00
phanotate	circular_pair_3188	17	7396	8538	-	1.00
prodigal	circular_pair_3188	13	7396	8538	-	1.00
phanotate	circular_pair_3188	18	8553	8681	+	0.33

Gene-call Consensus Scores:
Caller glimmer average gene-call score: 0.81
Caller phanotate average gene-call score: 0.76
Caller prodigal average gene-call score: 0.91

***************Unique List
Unique gene call 1
  --  Gene No. 1, gene caller: phanotate, leftEnd: 2, rightEnd: 358, strand: -, length: 357, contig: circular_pair_3188, protein: unknown, score1: 0.8333333333333333, score2: 0.0
  --  Gene No. 1, gene caller: prodigal, leftEnd: 2, rightEnd: 358, strand: -, length: 357, contig: circular_pair_3188, protein: unknown, score1: 0.8333333333333333, score2: 0.0
Unique gene call 2
  --  Gene No. 1, gene caller: glimmer, leftEnd: 358, rightEnd: 1203, strand: -, length: 846, contig: circular_pair_3188, protein: unknown, score1: 1.0, score2: 0.0
  --  Gene No. 2, gene caller: phanotate, leftEnd: 358, rightEnd: 1203, strand: -, length: 846, contig: circular_pair_3188, protein: unknown, score1: 1.0, score2: 0.0
  --  Gene No. 2, gene caller: prodigal, leftEnd: 358, rightEnd: 1203, strand: -, length: 846, contig: circular_pair_3188, protein: unknown, score1: 1.0, score2: 0.0
Unique gene call 3
  --  Gene No. 3, gene caller: phanotate, leftEnd: 1203, rightEnd: 1313, strand: -, length: 111, contig: circular_pair_3188, protein: unknown, score1: 0.3333333333333333, score2: 0.0
Unique gene call 4
  --  Gene No. 2, gene caller: glimmer, leftEnd: 1326, rightEnd: 2159, strand: -, length: 834, contig: circular_pair_3188, protein: unknown, score1: 1.0, score2: 0.0
  --  Gene No. 4, gene caller: phanotate, leftEnd: 1326, rightEnd: 2159, strand: -, length: 834, contig: circular_pair_3188, protein: unknown, score1: 1.0, score2: 0.0
  --  Gene No. 3, gene caller: prodigal, leftEnd: 1326, rightEnd: 2159, strand: -, length: 834, contig: circular_pair_3188, protein: unknown, score1: 1.0, score2: 0.0
Unique gene call 5
  --  Gene No. 3, gene caller: glimmer, leftEnd: 2174, rightEnd: 2533, strand: -, length: 360, contig: circular_pair_3188, protein: unknown, score1: 0.5, score2: 0.0
Unique gene call 6
  --  Gene No. 5, gene caller: phanotate, leftEnd: 2174, rightEnd: 2668, strand: -, length: 495, contig: circular_pair_3188, protein: unknown, score1: 0.8333333333333333, score2: 0.0
  --  Gene No. 4, gene caller: prodigal, leftEnd: 2174, rightEnd: 2668, strand: -, length: 495, contig: circular_pair_3188, protein: unknown, score1: 0.8333333333333333, score2: 0.0
Unique gene call 7
  --  Gene No. 4, gene caller: glimmer, leftEnd: 2713, rightEnd: 2871, strand: -, length: 159, contig: circular_pair_3188, protein: unknown, score1: 0.5, score2: 0.0
Unique gene call 8
  --  Gene No. 6, gene caller: phanotate, leftEnd: 2713, rightEnd: 3114, strand: -, length: 402, contig: circular_pair_3188, protein: unknown, score1: 0.8333333333333333, score2: 0.0
  --  Gene No. 5, gene caller: prodigal, leftEnd: 2713, rightEnd: 3114, strand: -, length: 402, contig: circular_pair_3188, protein: unknown, score1: 0.8333333333333333, score2: 0.0
Unique gene call 9
  --  Gene No. 5, gene caller: glimmer, leftEnd: 3124, rightEnd: 4626, strand: -, length: 1503, contig: circular_pair_3188, protein: unknown, score1: 1.0, score2: 0.0
  --  Gene No. 7, gene caller: phanotate, leftEnd: 3124, rightEnd: 4626, strand: -, length: 1503, contig: circular_pair_3188, protein: unknown, score1: 1.0, score2: 0.0
  --  Gene No. 6, gene caller: prodigal, leftEnd: 3124, rightEnd: 4626, strand: -, length: 1503, contig: circular_pair_3188, protein: unknown, score1: 1.0, score2: 0.0
Unique gene call 10
  --  Gene No. 8, gene caller: phanotate, leftEnd: 4626, rightEnd: 5054, strand: -, length: 429, contig: circular_pair_3188, protein: unknown, score1: 0.5, score2: 0.0
Unique gene call 11
  --  Gene No. 6, gene caller: glimmer, leftEnd: 4626, rightEnd: 5228, strand: -, length: 603, contig: circular_pair_3188, protein: unknown, score1: 0.8333333333333333, score2: 0.0
  --  Gene No. 7, gene caller: prodigal, leftEnd: 4626, rightEnd: 5228, strand: -, length: 603, contig: circular_pair_3188, protein: unknown, score1: 0.8333333333333333, score2: 0.0
Unique gene call 12
  --  Gene No. 9, gene caller: phanotate, leftEnd: 5099, rightEnd: 5209, strand: -, length: 111, contig: circular_pair_3188, protein: unknown, score1: 0.3333333333333333, score2: 0.0
Unique gene call 13
  --  Gene No. 7, gene caller: glimmer, leftEnd: 5209, rightEnd: 5472, strand: -, length: 264, contig: circular_pair_3188, protein: unknown, score1: 0.8333333333333333, score2: 0.0
  --  Gene No. 10, gene caller: phanotate, leftEnd: 5209, rightEnd: 5472, strand: -, length: 264, contig: circular_pair_3188, protein: unknown, score1: 0.8333333333333333, score2: 0.0
Unique gene call 14
  --  Gene No. 11, gene caller: phanotate, leftEnd: 5472, rightEnd: 5582, strand: -, length: 111, contig: circular_pair_3188, protein: unknown, score1: 0.3333333333333333, score2: 0.0
Unique gene call 15
  --  Gene No. 8, gene caller: glimmer, leftEnd: 5595, rightEnd: 5870, strand: -, length: 276, contig: circular_pair_3188, protein: unknown, score1: 1.0, score2: 0.0
  --  Gene No. 12, gene caller: phanotate, leftEnd: 5595, rightEnd: 5870, strand: -, length: 276, contig: circular_pair_3188, protein: unknown, score1: 1.0, score2: 0.0
  --  Gene No. 8, gene caller: prodigal, leftEnd: 5595, rightEnd: 5870, strand: -, length: 276, contig: circular_pair_3188, protein: unknown, score1: 1.0, score2: 0.0
Unique gene call 16
  --  Gene No. 9, gene caller: glimmer, leftEnd: 5848, rightEnd: 6429, strand: -, length: 582, contig: circular_pair_3188, protein: unknown, score1: 1.0, score2: 0.0
  --  Gene No. 13, gene caller: phanotate, leftEnd: 5848, rightEnd: 6429, strand: -, length: 582, contig: circular_pair_3188, protein: unknown, score1: 1.0, score2: 0.0
  --  Gene No. 9, gene caller: prodigal, leftEnd: 5848, rightEnd: 6429, strand: -, length: 582, contig: circular_pair_3188, protein: unknown, score1: 1.0, score2: 0.0
Unique gene call 17
  --  Gene No. 14, gene caller: phanotate, leftEnd: 6444, rightEnd: 6557, strand: -, length: 114, contig: circular_pair_3188, protein: unknown, score1: 0.8333333333333333, score2: 0.0
  --  Gene No. 10, gene caller: prodigal, leftEnd: 6444, rightEnd: 6557, strand: -, length: 114, contig: circular_pair_3188, protein: unknown, score1: 0.8333333333333333, score2: 0.0
Unique gene call 18
  --  Gene No. 10, gene caller: glimmer, leftEnd: 6587, rightEnd: 6805, strand: -, length: 219, contig: circular_pair_3188, protein: unknown, score1: 0.5, score2: 0.0
Unique gene call 19
  --  Gene No. 15, gene caller: phanotate, leftEnd: 6587, rightEnd: 6940, strand: -, length: 354, contig: circular_pair_3188, protein: unknown, score1: 0.8333333333333333, score2: 0.0
  --  Gene No. 11, gene caller: prodigal, leftEnd: 6587, rightEnd: 6940, strand: -, length: 354, contig: circular_pair_3188, protein: unknown, score1: 0.8333333333333333, score2: 0.0
Unique gene call 20
  --  Gene No. 11, gene caller: glimmer, leftEnd: 6985, rightEnd: 7143, strand: -, length: 159, contig: circular_pair_3188, protein: unknown, score1: 0.5, score2: 0.0
Unique gene call 21
  --  Gene No. 16, gene caller: phanotate, leftEnd: 6985, rightEnd: 7386, strand: -, length: 402, contig: circular_pair_3188, protein: unknown, score1: 0.8333333333333333, score2: 0.0
  --  Gene No. 12, gene caller: prodigal, leftEnd: 6985, rightEnd: 7386, strand: -, length: 402, contig: circular_pair_3188, protein: unknown, score1: 0.8333333333333333, score2: 0.0
Unique gene call 22
  --  Gene No. 12, gene caller: glimmer, leftEnd: 7396, rightEnd: 8538, strand: -, length: 1143, contig: circular_pair_3188, protein: unknown, score1: 1.0, score2: 0.0
  --  Gene No. 17, gene caller: phanotate, leftEnd: 7396, rightEnd: 8538, strand: -, length: 1143, contig: circular_pair_3188, protein: unknown, score1: 1.0, score2: 0.0
  --  Gene No. 13, gene caller: prodigal, leftEnd: 7396, rightEnd: 8538, strand: -, length: 1143, contig: circular_pair_3188, protein: unknown, score1: 1.0, score2: 0.0
Unique gene call 23
  --  Gene No. 18, gene caller: phanotate, leftEnd: 8553, rightEnd: 8681, strand: +, length: 129, contig: circular_pair_3188, protein: unknown, score1: 0.3333333333333333, score2: 0.0
Code complete at 2021-04-21 09:45:08.139668
