Opening log at 2021-04-21 09:40:39.104840
Iterating through fileSet at 2021-04-21 09:40:39.105006
fileSet is ['/home/james/Software/multiPhATE2/PipelineOutput/contig_2929/commoncore.cgc', '/home/james/Software/multiPhATE2/PipelineOutput/contig_2929/consensus.cgc', '/home/james/Software/multiPhATE2/PipelineOutput/contig_2929/glimmer.cgc', '/home/james/Software/multiPhATE2/PipelineOutput/contig_2929/phanotate.cgc', '/home/james/Software/multiPhATE2/PipelineOutput/contig_2929/prodigal.cgc', '/home/james/Software/multiPhATE2/PipelineOutput/contig_2929/superset.cgc']
Opening geneFile /home/james/Software/multiPhATE2/PipelineOutput/contig_2929/commoncore.cgc
Adding calls from geneFile /home/james/Software/multiPhATE2/PipelineOutput/contig_2929/commoncore.cgc
Appending call set  number of calls is: 0
Opening geneFile /home/james/Software/multiPhATE2/PipelineOutput/contig_2929/consensus.cgc
Adding calls from geneFile /home/james/Software/multiPhATE2/PipelineOutput/contig_2929/consensus.cgc
Appending call set  number of calls is: 0
Opening geneFile /home/james/Software/multiPhATE2/PipelineOutput/contig_2929/glimmer.cgc
Adding calls from geneFile /home/james/Software/multiPhATE2/PipelineOutput/contig_2929/glimmer.cgc
Appending call set  number of calls is: 6
Opening geneFile /home/james/Software/multiPhATE2/PipelineOutput/contig_2929/phanotate.cgc
Adding calls from geneFile /home/james/Software/multiPhATE2/PipelineOutput/contig_2929/phanotate.cgc
Appending call set  number of calls is: 8
Opening geneFile /home/james/Software/multiPhATE2/PipelineOutput/contig_2929/prodigal.cgc
Adding calls from geneFile /home/james/Software/multiPhATE2/PipelineOutput/contig_2929/prodigal.cgc
Appending call set  number of calls is: 8
Opening geneFile /home/james/Software/multiPhATE2/PipelineOutput/contig_2929/superset.cgc
Adding calls from geneFile /home/james/Software/multiPhATE2/PipelineOutput/contig_2929/superset.cgc
Appending call set  number of calls is: 0
All call sets have been added to caller list. Number of call sets in callerList: 6
callerList is   glimmer phanotate prodigal  
Total number of gene calls across callerList call sets is: 22
Sorting gene calls for each caller
Processing a callSet
Before sorting, Length of callerList for caller  is 0
After sorting, Length of callerList for caller  is 0
Processing a callSet
Before sorting, Length of callerList for caller  is 0
After sorting, Length of callerList for caller  is 0
Processing a callSet
Before sorting, Length of callerList for caller glimmer is 6
After sorting, Length of callerList for caller glimmer is 6
Processing a callSet
Before sorting, Length of callerList for caller phanotate is 8
After sorting, Length of callerList for caller phanotate is 8
Processing a callSet
Before sorting, Length of callerList for caller prodigal is 8
After sorting, Length of callerList for caller prodigal is 8
Processing a callSet
Before sorting, Length of callerList for caller  is 0
After sorting, Length of callerList for caller  is 0
callSet processing complete
Comparing across the call sets...
Merging the geneCall sets....
Final merged genes:

***************Merge List
1	Gene No. 1, gene caller: prodigal, leftEnd: 3, rightEnd: 89, strand: -, length: 87, contig: contig_2929, protein: unknown, score1: 1.0, score2: 0.0
2	Gene No. 1, gene caller: phanotate, leftEnd: 3, rightEnd: 107, strand: -, length: 105, contig: contig_2929, protein: unknown, score1: 1.0, score2: 0.0
3	Gene No. 2, gene caller: prodigal, leftEnd: 91, rightEnd: 282, strand: -, length: 192, contig: contig_2929, protein: unknown, score1: 1.0, score2: 0.0
4	Gene No. 1, gene caller: glimmer, leftEnd: 91, rightEnd: 468, strand: -, length: 378, contig: contig_2929, protein: unknown, score1: 1.0, score2: 0.0
5	Gene No. 2, gene caller: phanotate, leftEnd: 91, rightEnd: 597, strand: -, length: 507, contig: contig_2929, protein: unknown, score1: 1.0, score2: 0.0
6	Gene No. 2, gene caller: glimmer, leftEnd: 603, rightEnd: 935, strand: -, length: 333, contig: contig_2929, protein: unknown, score1: 1.0, score2: 0.0
7	Gene No. 3, gene caller: phanotate, leftEnd: 603, rightEnd: 935, strand: -, length: 333, contig: contig_2929, protein: unknown, score1: 1.0, score2: 0.0
8	Gene No. 3, gene caller: prodigal, leftEnd: 603, rightEnd: 935, strand: -, length: 333, contig: contig_2929, protein: unknown, score1: 1.0, score2: 0.0
9	Gene No. 3, gene caller: glimmer, leftEnd: 937, rightEnd: 1668, strand: -, length: 732, contig: contig_2929, protein: unknown, score1: 1.0, score2: 0.0
10	Gene No. 4, gene caller: phanotate, leftEnd: 937, rightEnd: 1668, strand: -, length: 732, contig: contig_2929, protein: unknown, score1: 1.0, score2: 0.0
11	Gene No. 4, gene caller: prodigal, leftEnd: 937, rightEnd: 1668, strand: -, length: 732, contig: contig_2929, protein: unknown, score1: 1.0, score2: 0.0
12	Gene No. 5, gene caller: phanotate, leftEnd: 1670, rightEnd: 3265, strand: -, length: 1596, contig: contig_2929, protein: unknown, score1: 1.0, score2: 0.0
13	Gene No. 5, gene caller: prodigal, leftEnd: 1670, rightEnd: 3265, strand: -, length: 1596, contig: contig_2929, protein: unknown, score1: 1.0, score2: 0.0
14	Gene No. 4, gene caller: glimmer, leftEnd: 1670, rightEnd: 3268, strand: -, length: 1599, contig: contig_2929, protein: unknown, score1: 1.0, score2: 0.0
15	Gene No. 6, gene caller: glimmer, leftEnd: 3265, rightEnd: 3831, strand: -, length: 567, contig: contig_2929, protein: unknown, score1: 1.0, score2: 0.0
16	Gene No. 6, gene caller: prodigal, leftEnd: 3265, rightEnd: 4017, strand: -, length: 753, contig: contig_2929, protein: unknown, score1: 1.0, score2: 0.0
17	Gene No. 6, gene caller: phanotate, leftEnd: 3265, rightEnd: 4134, strand: -, length: 870, contig: contig_2929, protein: unknown, score1: 1.0, score2: 0.0
18	Gene No. 5, gene caller: glimmer, leftEnd: 3811, rightEnd: 4170, strand: +, length: 360, contig: contig_2929, protein: unknown, score1: 1.0, score2: 0.0
19	Gene No. 7, gene caller: prodigal, leftEnd: 4049, rightEnd: 4369, strand: -, length: 321, contig: contig_2929, protein: unknown, score1: 1.0, score2: 0.0
20	Gene No. 7, gene caller: phanotate, leftEnd: 4134, rightEnd: 4247, strand: -, length: 114, contig: contig_2929, protein: unknown, score1: 1.0, score2: 0.0
21	Gene No. 8, gene caller: phanotate, leftEnd: 4338, rightEnd: 4556, strand: -, length: 219, contig: contig_2929, protein: unknown, score1: 1.0, score2: 0.0
22	Gene No. 8, gene caller: prodigal, leftEnd: 4338, rightEnd: 4556, strand: -, length: 219, contig: contig_2929, protein: unknown, score1: 1.0, score2: 0.0
Comparing across geneCall sets....
Scoring gene calls....
Identifying common core...
This is the Common Core List:

***************Common Core
CC-gene 1	Gene No. 1, gene caller: All_callers, leftEnd: 603, rightEnd: 935, strand: -, length: 333, contig: contig_2929, protein: unknown, score1: 1.0, score2: 0.0
CC-gene 2	Gene No. 1, gene caller: All_callers, leftEnd: 937, rightEnd: 1668, strand: -, length: 732, contig: contig_2929, protein: unknown, score1: 1.0, score2: 0.0
Printing gene-call superset, consensus, and common_core in GFF and CGC formats
Printing report....
The following gene callers were considered: glimmer, phanotate, prodigal, The number of distinct gene calls over all gene callers is 16
The number of gene calls in common among all callers is 2
The number of unique (non-matching) gene calls is12
Caller glimmer produced 6 gene calls.
Caller glimmer gene-call length stats:  min: 333, max: 1599, ave: 661.5
Caller phanotate produced 8 gene calls.
Caller phanotate gene-call length stats:  min: 105, max: 1596, ave: 559.5
Caller prodigal produced 8 gene calls.
Caller prodigal gene-call length stats:  min: 87, max: 1596, ave: 529.125

Gene-call Scores:
Caller	Contig	Gene No.	Left End	Right End	Strand	gcScore
prodigal	contig_2929	1	3	89	-	0.50
phanotate	contig_2929	1	3	107	-	0.50
prodigal	contig_2929	2	91	282	-	0.50
glimmer	contig_2929	1	91	468	-	0.50
phanotate	contig_2929	2	91	597	-	0.50
glimmer	contig_2929	2	603	935	-	1.00
phanotate	contig_2929	3	603	935	-	1.00
prodigal	contig_2929	3	603	935	-	1.00
glimmer	contig_2929	3	937	1668	-	1.00
phanotate	contig_2929	4	937	1668	-	1.00
prodigal	contig_2929	4	937	1668	-	1.00
phanotate	contig_2929	5	1670	3265	-	0.83
prodigal	contig_2929	5	1670	3265	-	0.83
glimmer	contig_2929	4	1670	3268	-	0.50
glimmer	contig_2929	6	3265	3831	-	0.50
prodigal	contig_2929	6	3265	4017	-	0.50
phanotate	contig_2929	6	3265	4134	-	0.50
glimmer	contig_2929	5	3811	4170	+	0.33
prodigal	contig_2929	7	4049	4369	-	0.33
phanotate	contig_2929	7	4134	4247	-	0.33
phanotate	contig_2929	8	4338	4556	-	0.83
prodigal	contig_2929	8	4338	4556	-	0.83

Gene-call Consensus Scores:
Caller glimmer average gene-call score: 0.64
Caller phanotate average gene-call score: 0.69
Caller prodigal average gene-call score: 0.69

***************Unique List
Unique gene call 1
  --  Gene No. 1, gene caller: prodigal, leftEnd: 3, rightEnd: 89, strand: -, length: 87, contig: contig_2929, protein: unknown, score1: 0.5, score2: 0.0
Unique gene call 2
  --  Gene No. 1, gene caller: phanotate, leftEnd: 3, rightEnd: 107, strand: -, length: 105, contig: contig_2929, protein: unknown, score1: 0.5, score2: 0.0
Unique gene call 3
  --  Gene No. 2, gene caller: prodigal, leftEnd: 91, rightEnd: 282, strand: -, length: 192, contig: contig_2929, protein: unknown, score1: 0.5, score2: 0.0
Unique gene call 4
  --  Gene No. 1, gene caller: glimmer, leftEnd: 91, rightEnd: 468, strand: -, length: 378, contig: contig_2929, protein: unknown, score1: 0.5, score2: 0.0
Unique gene call 5
  --  Gene No. 2, gene caller: phanotate, leftEnd: 91, rightEnd: 597, strand: -, length: 507, contig: contig_2929, protein: unknown, score1: 0.5, score2: 0.0
Unique gene call 6
  --  Gene No. 2, gene caller: glimmer, leftEnd: 603, rightEnd: 935, strand: -, length: 333, contig: contig_2929, protein: unknown, score1: 1.0, score2: 0.0
  --  Gene No. 3, gene caller: phanotate, leftEnd: 603, rightEnd: 935, strand: -, length: 333, contig: contig_2929, protein: unknown, score1: 1.0, score2: 0.0
  --  Gene No. 3, gene caller: prodigal, leftEnd: 603, rightEnd: 935, strand: -, length: 333, contig: contig_2929, protein: unknown, score1: 1.0, score2: 0.0
Unique gene call 7
  --  Gene No. 3, gene caller: glimmer, leftEnd: 937, rightEnd: 1668, strand: -, length: 732, contig: contig_2929, protein: unknown, score1: 1.0, score2: 0.0
  --  Gene No. 4, gene caller: phanotate, leftEnd: 937, rightEnd: 1668, strand: -, length: 732, contig: contig_2929, protein: unknown, score1: 1.0, score2: 0.0
  --  Gene No. 4, gene caller: prodigal, leftEnd: 937, rightEnd: 1668, strand: -, length: 732, contig: contig_2929, protein: unknown, score1: 1.0, score2: 0.0
Unique gene call 8
  --  Gene No. 5, gene caller: phanotate, leftEnd: 1670, rightEnd: 3265, strand: -, length: 1596, contig: contig_2929, protein: unknown, score1: 0.8333333333333333, score2: 0.0
  --  Gene No. 5, gene caller: prodigal, leftEnd: 1670, rightEnd: 3265, strand: -, length: 1596, contig: contig_2929, protein: unknown, score1: 0.8333333333333333, score2: 0.0
Unique gene call 9
  --  Gene No. 4, gene caller: glimmer, leftEnd: 1670, rightEnd: 3268, strand: -, length: 1599, contig: contig_2929, protein: unknown, score1: 0.5, score2: 0.0
Unique gene call 10
  --  Gene No. 6, gene caller: glimmer, leftEnd: 3265, rightEnd: 3831, strand: -, length: 567, contig: contig_2929, protein: unknown, score1: 0.5, score2: 0.0
Unique gene call 11
  --  Gene No. 6, gene caller: prodigal, leftEnd: 3265, rightEnd: 4017, strand: -, length: 753, contig: contig_2929, protein: unknown, score1: 0.5, score2: 0.0
Unique gene call 12
  --  Gene No. 6, gene caller: phanotate, leftEnd: 3265, rightEnd: 4134, strand: -, length: 870, contig: contig_2929, protein: unknown, score1: 0.5, score2: 0.0
Unique gene call 13
  --  Gene No. 5, gene caller: glimmer, leftEnd: 3811, rightEnd: 4170, strand: +, length: 360, contig: contig_2929, protein: unknown, score1: 0.3333333333333333, score2: 0.0
Unique gene call 14
  --  Gene No. 7, gene caller: prodigal, leftEnd: 4049, rightEnd: 4369, strand: -, length: 321, contig: contig_2929, protein: unknown, score1: 0.3333333333333333, score2: 0.0
Unique gene call 15
  --  Gene No. 7, gene caller: phanotate, leftEnd: 4134, rightEnd: 4247, strand: -, length: 114, contig: contig_2929, protein: unknown, score1: 0.3333333333333333, score2: 0.0
Unique gene call 16
  --  Gene No. 8, gene caller: phanotate, leftEnd: 4338, rightEnd: 4556, strand: -, length: 219, contig: contig_2929, protein: unknown, score1: 0.8333333333333333, score2: 0.0
  --  Gene No. 8, gene caller: prodigal, leftEnd: 4338, rightEnd: 4556, strand: -, length: 219, contig: contig_2929, protein: unknown, score1: 0.8333333333333333, score2: 0.0
Code complete at 2021-04-21 09:40:39.109727
