Opening log at 2021-04-21 09:06:16.714314
Iterating through fileSet at 2021-04-21 09:06:16.714686
fileSet is ['/home/james/Software/multiPhATE2/PipelineOutput/contig_1338/commoncore.cgc', '/home/james/Software/multiPhATE2/PipelineOutput/contig_1338/consensus.cgc', '/home/james/Software/multiPhATE2/PipelineOutput/contig_1338/glimmer.cgc', '/home/james/Software/multiPhATE2/PipelineOutput/contig_1338/phanotate.cgc', '/home/james/Software/multiPhATE2/PipelineOutput/contig_1338/prodigal.cgc', '/home/james/Software/multiPhATE2/PipelineOutput/contig_1338/superset.cgc']
Opening geneFile /home/james/Software/multiPhATE2/PipelineOutput/contig_1338/commoncore.cgc
Adding calls from geneFile /home/james/Software/multiPhATE2/PipelineOutput/contig_1338/commoncore.cgc
Appending call set  number of calls is: 0
Opening geneFile /home/james/Software/multiPhATE2/PipelineOutput/contig_1338/consensus.cgc
Adding calls from geneFile /home/james/Software/multiPhATE2/PipelineOutput/contig_1338/consensus.cgc
Appending call set  number of calls is: 0
Opening geneFile /home/james/Software/multiPhATE2/PipelineOutput/contig_1338/glimmer.cgc
Adding calls from geneFile /home/james/Software/multiPhATE2/PipelineOutput/contig_1338/glimmer.cgc
Appending call set  number of calls is: 4
Opening geneFile /home/james/Software/multiPhATE2/PipelineOutput/contig_1338/phanotate.cgc
Adding calls from geneFile /home/james/Software/multiPhATE2/PipelineOutput/contig_1338/phanotate.cgc
Appending call set  number of calls is: 5
Opening geneFile /home/james/Software/multiPhATE2/PipelineOutput/contig_1338/prodigal.cgc
Adding calls from geneFile /home/james/Software/multiPhATE2/PipelineOutput/contig_1338/prodigal.cgc
Appending call set  number of calls is: 4
Opening geneFile /home/james/Software/multiPhATE2/PipelineOutput/contig_1338/superset.cgc
Adding calls from geneFile /home/james/Software/multiPhATE2/PipelineOutput/contig_1338/superset.cgc
Appending call set  number of calls is: 0
All call sets have been added to caller list. Number of call sets in callerList: 6
callerList is   glimmer phanotate prodigal  
Total number of gene calls across callerList call sets is: 13
Sorting gene calls for each caller
Processing a callSet
Before sorting, Length of callerList for caller  is 0
After sorting, Length of callerList for caller  is 0
Processing a callSet
Before sorting, Length of callerList for caller  is 0
After sorting, Length of callerList for caller  is 0
Processing a callSet
Before sorting, Length of callerList for caller glimmer is 4
After sorting, Length of callerList for caller glimmer is 4
Processing a callSet
Before sorting, Length of callerList for caller phanotate is 5
After sorting, Length of callerList for caller phanotate is 5
Processing a callSet
Before sorting, Length of callerList for caller prodigal is 4
After sorting, Length of callerList for caller prodigal is 4
Processing a callSet
Before sorting, Length of callerList for caller  is 0
After sorting, Length of callerList for caller  is 0
callSet processing complete
Comparing across the call sets...
Merging the geneCall sets....
Final merged genes:

***************Merge List
1	Gene No. 1, gene caller: glimmer, leftEnd: 164, rightEnd: 751, strand: -, length: 588, contig: contig_1338, protein: unknown, score1: 1.0, score2: 0.0
2	Gene No. 1, gene caller: phanotate, leftEnd: 164, rightEnd: 751, strand: -, length: 588, contig: contig_1338, protein: unknown, score1: 1.0, score2: 0.0
3	Gene No. 1, gene caller: prodigal, leftEnd: 164, rightEnd: 751, strand: -, length: 588, contig: contig_1338, protein: unknown, score1: 1.0, score2: 0.0
4	Gene No. 2, gene caller: glimmer, leftEnd: 929, rightEnd: 1456, strand: -, length: 528, contig: contig_1338, protein: unknown, score1: 1.0, score2: 0.0
5	Gene No. 2, gene caller: phanotate, leftEnd: 929, rightEnd: 1456, strand: -, length: 528, contig: contig_1338, protein: unknown, score1: 1.0, score2: 0.0
6	Gene No. 2, gene caller: prodigal, leftEnd: 929, rightEnd: 1456, strand: -, length: 528, contig: contig_1338, protein: unknown, score1: 1.0, score2: 0.0
7	Gene No. 3, gene caller: phanotate, leftEnd: 1465, rightEnd: 1569, strand: -, length: 105, contig: contig_1338, protein: unknown, score1: 1.0, score2: 0.0
8	Gene No. 3, gene caller: glimmer, leftEnd: 1639, rightEnd: 1839, strand: -, length: 201, contig: contig_1338, protein: unknown, score1: 1.0, score2: 0.0
9	Gene No. 4, gene caller: phanotate, leftEnd: 1639, rightEnd: 1839, strand: -, length: 201, contig: contig_1338, protein: unknown, score1: 1.0, score2: 0.0
10	Gene No. 3, gene caller: prodigal, leftEnd: 1639, rightEnd: 1839, strand: -, length: 201, contig: contig_1338, protein: unknown, score1: 1.0, score2: 0.0
11	Gene No. 4, gene caller: glimmer, leftEnd: 1821, rightEnd: 1958, strand: -, length: 138, contig: contig_1338, protein: unknown, score1: 1.0, score2: 0.0
12	Gene No. 5, gene caller: phanotate, leftEnd: 1821, rightEnd: 1958, strand: -, length: 138, contig: contig_1338, protein: unknown, score1: 1.0, score2: 0.0
13	Gene No. 4, gene caller: prodigal, leftEnd: 1821, rightEnd: 1961, strand: -, length: 141, contig: contig_1338, protein: unknown, score1: 1.0, score2: 0.0
Comparing across geneCall sets....
Scoring gene calls....
Identifying common core...
This is the Common Core List:

***************Common Core
CC-gene 1	Gene No. 1, gene caller: All_callers, leftEnd: 164, rightEnd: 751, strand: -, length: 588, contig: contig_1338, protein: unknown, score1: 1.0, score2: 0.0
CC-gene 2	Gene No. 1, gene caller: All_callers, leftEnd: 929, rightEnd: 1456, strand: -, length: 528, contig: contig_1338, protein: unknown, score1: 1.0, score2: 0.0
CC-gene 3	Gene No. 1, gene caller: All_callers, leftEnd: 1639, rightEnd: 1839, strand: -, length: 201, contig: contig_1338, protein: unknown, score1: 1.0, score2: 0.0
Printing gene-call superset, consensus, and common_core in GFF and CGC formats
Printing report....
The following gene callers were considered: glimmer, phanotate, prodigal, The number of distinct gene calls over all gene callers is 6
The number of gene calls in common among all callers is 3
The number of unique (non-matching) gene calls is2
Caller glimmer produced 4 gene calls.
Caller glimmer gene-call length stats:  min: 138, max: 588, ave: 363.75
Caller phanotate produced 5 gene calls.
Caller phanotate gene-call length stats:  min: 105, max: 588, ave: 312.0
Caller prodigal produced 4 gene calls.
Caller prodigal gene-call length stats:  min: 141, max: 588, ave: 364.5

Gene-call Scores:
Caller	Contig	Gene No.	Left End	Right End	Strand	gcScore
glimmer	contig_1338	1	164	751	-	1.00
phanotate	contig_1338	1	164	751	-	1.00
prodigal	contig_1338	1	164	751	-	1.00
glimmer	contig_1338	2	929	1456	-	1.00
phanotate	contig_1338	2	929	1456	-	1.00
prodigal	contig_1338	2	929	1456	-	1.00
phanotate	contig_1338	3	1465	1569	-	0.33
glimmer	contig_1338	3	1639	1839	-	1.00
phanotate	contig_1338	4	1639	1839	-	1.00
prodigal	contig_1338	3	1639	1839	-	1.00
glimmer	contig_1338	4	1821	1958	-	0.83
phanotate	contig_1338	5	1821	1958	-	0.83
prodigal	contig_1338	4	1821	1961	-	0.50

Gene-call Consensus Scores:
Caller glimmer average gene-call score: 0.96
Caller phanotate average gene-call score: 0.83
Caller prodigal average gene-call score: 0.88

***************Unique List
Unique gene call 1
  --  Gene No. 1, gene caller: glimmer, leftEnd: 164, rightEnd: 751, strand: -, length: 588, contig: contig_1338, protein: unknown, score1: 1.0, score2: 0.0
  --  Gene No. 1, gene caller: phanotate, leftEnd: 164, rightEnd: 751, strand: -, length: 588, contig: contig_1338, protein: unknown, score1: 1.0, score2: 0.0
  --  Gene No. 1, gene caller: prodigal, leftEnd: 164, rightEnd: 751, strand: -, length: 588, contig: contig_1338, protein: unknown, score1: 1.0, score2: 0.0
Unique gene call 2
  --  Gene No. 2, gene caller: glimmer, leftEnd: 929, rightEnd: 1456, strand: -, length: 528, contig: contig_1338, protein: unknown, score1: 1.0, score2: 0.0
  --  Gene No. 2, gene caller: phanotate, leftEnd: 929, rightEnd: 1456, strand: -, length: 528, contig: contig_1338, protein: unknown, score1: 1.0, score2: 0.0
  --  Gene No. 2, gene caller: prodigal, leftEnd: 929, rightEnd: 1456, strand: -, length: 528, contig: contig_1338, protein: unknown, score1: 1.0, score2: 0.0
Unique gene call 3
  --  Gene No. 3, gene caller: phanotate, leftEnd: 1465, rightEnd: 1569, strand: -, length: 105, contig: contig_1338, protein: unknown, score1: 0.3333333333333333, score2: 0.0
Unique gene call 4
  --  Gene No. 3, gene caller: glimmer, leftEnd: 1639, rightEnd: 1839, strand: -, length: 201, contig: contig_1338, protein: unknown, score1: 1.0, score2: 0.0
  --  Gene No. 4, gene caller: phanotate, leftEnd: 1639, rightEnd: 1839, strand: -, length: 201, contig: contig_1338, protein: unknown, score1: 1.0, score2: 0.0
  --  Gene No. 3, gene caller: prodigal, leftEnd: 1639, rightEnd: 1839, strand: -, length: 201, contig: contig_1338, protein: unknown, score1: 1.0, score2: 0.0
Unique gene call 5
  --  Gene No. 4, gene caller: glimmer, leftEnd: 1821, rightEnd: 1958, strand: -, length: 138, contig: contig_1338, protein: unknown, score1: 0.8333333333333333, score2: 0.0
  --  Gene No. 5, gene caller: phanotate, leftEnd: 1821, rightEnd: 1958, strand: -, length: 138, contig: contig_1338, protein: unknown, score1: 0.8333333333333333, score2: 0.0
Unique gene call 6
  --  Gene No. 4, gene caller: prodigal, leftEnd: 1821, rightEnd: 1961, strand: -, length: 141, contig: contig_1338, protein: unknown, score1: 0.5, score2: 0.0
Code complete at 2021-04-21 09:06:16.721879
