Opening log at 2021-04-21 09:39:41.857325
Iterating through fileSet at 2021-04-21 09:39:41.857487
fileSet is ['/home/james/Software/multiPhATE2/PipelineOutput/contig_770/commoncore.cgc', '/home/james/Software/multiPhATE2/PipelineOutput/contig_770/consensus.cgc', '/home/james/Software/multiPhATE2/PipelineOutput/contig_770/glimmer.cgc', '/home/james/Software/multiPhATE2/PipelineOutput/contig_770/phanotate.cgc', '/home/james/Software/multiPhATE2/PipelineOutput/contig_770/prodigal.cgc', '/home/james/Software/multiPhATE2/PipelineOutput/contig_770/superset.cgc']
Opening geneFile /home/james/Software/multiPhATE2/PipelineOutput/contig_770/commoncore.cgc
Adding calls from geneFile /home/james/Software/multiPhATE2/PipelineOutput/contig_770/commoncore.cgc
Appending call set  number of calls is: 0
Opening geneFile /home/james/Software/multiPhATE2/PipelineOutput/contig_770/consensus.cgc
Adding calls from geneFile /home/james/Software/multiPhATE2/PipelineOutput/contig_770/consensus.cgc
Appending call set  number of calls is: 0
Opening geneFile /home/james/Software/multiPhATE2/PipelineOutput/contig_770/glimmer.cgc
Adding calls from geneFile /home/james/Software/multiPhATE2/PipelineOutput/contig_770/glimmer.cgc
Appending call set  number of calls is: 7
Opening geneFile /home/james/Software/multiPhATE2/PipelineOutput/contig_770/phanotate.cgc
Adding calls from geneFile /home/james/Software/multiPhATE2/PipelineOutput/contig_770/phanotate.cgc
Appending call set  number of calls is: 10
Opening geneFile /home/james/Software/multiPhATE2/PipelineOutput/contig_770/prodigal.cgc
Adding calls from geneFile /home/james/Software/multiPhATE2/PipelineOutput/contig_770/prodigal.cgc
Appending call set  number of calls is: 9
Opening geneFile /home/james/Software/multiPhATE2/PipelineOutput/contig_770/superset.cgc
Adding calls from geneFile /home/james/Software/multiPhATE2/PipelineOutput/contig_770/superset.cgc
Appending call set  number of calls is: 0
All call sets have been added to caller list. Number of call sets in callerList: 6
callerList is   glimmer phanotate prodigal  
Total number of gene calls across callerList call sets is: 26
Sorting gene calls for each caller
Processing a callSet
Before sorting, Length of callerList for caller  is 0
After sorting, Length of callerList for caller  is 0
Processing a callSet
Before sorting, Length of callerList for caller  is 0
After sorting, Length of callerList for caller  is 0
Processing a callSet
Before sorting, Length of callerList for caller glimmer is 7
After sorting, Length of callerList for caller glimmer is 7
Processing a callSet
Before sorting, Length of callerList for caller phanotate is 10
After sorting, Length of callerList for caller phanotate is 10
Processing a callSet
Before sorting, Length of callerList for caller prodigal is 9
After sorting, Length of callerList for caller prodigal is 9
Processing a callSet
Before sorting, Length of callerList for caller  is 0
After sorting, Length of callerList for caller  is 0
callSet processing complete
Comparing across the call sets...
Merging the geneCall sets....
Final merged genes:

***************Merge List
1	Gene No. 1, gene caller: phanotate, leftEnd: 3, rightEnd: 896, strand: -, length: 894, contig: contig_770, protein: unknown, score1: 1.0, score2: 0.0
2	Gene No. 1, gene caller: prodigal, leftEnd: 3, rightEnd: 896, strand: -, length: 894, contig: contig_770, protein: unknown, score1: 1.0, score2: 0.0
3	Gene No. 1, gene caller: glimmer, leftEnd: 893, rightEnd: 1306, strand: -, length: 414, contig: contig_770, protein: unknown, score1: 1.0, score2: 0.0
4	Gene No. 2, gene caller: phanotate, leftEnd: 893, rightEnd: 1309, strand: -, length: 417, contig: contig_770, protein: unknown, score1: 1.0, score2: 0.0
5	Gene No. 2, gene caller: prodigal, leftEnd: 893, rightEnd: 1309, strand: -, length: 417, contig: contig_770, protein: unknown, score1: 1.0, score2: 0.0
6	Gene No. 3, gene caller: glimmer, leftEnd: 1311, rightEnd: 2411, strand: -, length: 1101, contig: contig_770, protein: unknown, score1: 1.0, score2: 0.0
7	Gene No. 3, gene caller: phanotate, leftEnd: 1311, rightEnd: 2639, strand: -, length: 1329, contig: contig_770, protein: unknown, score1: 1.0, score2: 0.0
8	Gene No. 3, gene caller: prodigal, leftEnd: 1311, rightEnd: 2639, strand: -, length: 1329, contig: contig_770, protein: unknown, score1: 1.0, score2: 0.0
9	Gene No. 2, gene caller: glimmer, leftEnd: 2506, rightEnd: 2823, strand: +, length: 318, contig: contig_770, protein: unknown, score1: 1.0, score2: 0.0
10	Gene No. 4, gene caller: phanotate, leftEnd: 2746, rightEnd: 3168, strand: -, length: 423, contig: contig_770, protein: unknown, score1: 1.0, score2: 0.0
11	Gene No. 4, gene caller: prodigal, leftEnd: 2746, rightEnd: 3168, strand: -, length: 423, contig: contig_770, protein: unknown, score1: 1.0, score2: 0.0
12	Gene No. 4, gene caller: glimmer, leftEnd: 3251, rightEnd: 3526, strand: -, length: 276, contig: contig_770, protein: unknown, score1: 1.0, score2: 0.0
13	Gene No. 5, gene caller: phanotate, leftEnd: 3251, rightEnd: 3526, strand: -, length: 276, contig: contig_770, protein: unknown, score1: 1.0, score2: 0.0
14	Gene No. 5, gene caller: prodigal, leftEnd: 3251, rightEnd: 3526, strand: -, length: 276, contig: contig_770, protein: unknown, score1: 1.0, score2: 0.0
15	Gene No. 5, gene caller: glimmer, leftEnd: 3535, rightEnd: 4563, strand: -, length: 1029, contig: contig_770, protein: unknown, score1: 1.0, score2: 0.0
16	Gene No. 6, gene caller: phanotate, leftEnd: 3535, rightEnd: 4563, strand: -, length: 1029, contig: contig_770, protein: unknown, score1: 1.0, score2: 0.0
17	Gene No. 6, gene caller: prodigal, leftEnd: 3535, rightEnd: 4563, strand: -, length: 1029, contig: contig_770, protein: unknown, score1: 1.0, score2: 0.0
18	Gene No. 7, gene caller: phanotate, leftEnd: 4556, rightEnd: 4657, strand: -, length: 102, contig: contig_770, protein: unknown, score1: 1.0, score2: 0.0
19	Gene No. 6, gene caller: glimmer, leftEnd: 4681, rightEnd: 4980, strand: -, length: 300, contig: contig_770, protein: unknown, score1: 1.0, score2: 0.0
20	Gene No. 8, gene caller: phanotate, leftEnd: 4681, rightEnd: 4980, strand: -, length: 300, contig: contig_770, protein: unknown, score1: 1.0, score2: 0.0
21	Gene No. 7, gene caller: prodigal, leftEnd: 4681, rightEnd: 4980, strand: -, length: 300, contig: contig_770, protein: unknown, score1: 1.0, score2: 0.0
22	Gene No. 7, gene caller: glimmer, leftEnd: 5044, rightEnd: 5556, strand: -, length: 513, contig: contig_770, protein: unknown, score1: 1.0, score2: 0.0
23	Gene No. 9, gene caller: phanotate, leftEnd: 5044, rightEnd: 5556, strand: -, length: 513, contig: contig_770, protein: unknown, score1: 1.0, score2: 0.0
24	Gene No. 8, gene caller: prodigal, leftEnd: 5044, rightEnd: 5556, strand: -, length: 513, contig: contig_770, protein: unknown, score1: 1.0, score2: 0.0
25	Gene No. 10, gene caller: phanotate, leftEnd: 5568, rightEnd: 5795, strand: -, length: 228, contig: contig_770, protein: unknown, score1: 1.0, score2: 0.0
26	Gene No. 9, gene caller: prodigal, leftEnd: 5568, rightEnd: 5795, strand: -, length: 228, contig: contig_770, protein: unknown, score1: 1.0, score2: 0.0
Comparing across geneCall sets....
Scoring gene calls....
Identifying common core...
This is the Common Core List:

***************Common Core
CC-gene 1	Gene No. 1, gene caller: All_callers, leftEnd: 3251, rightEnd: 3526, strand: -, length: 276, contig: contig_770, protein: unknown, score1: 1.0, score2: 0.0
CC-gene 2	Gene No. 1, gene caller: All_callers, leftEnd: 3535, rightEnd: 4563, strand: -, length: 1029, contig: contig_770, protein: unknown, score1: 1.0, score2: 0.0
CC-gene 3	Gene No. 1, gene caller: All_callers, leftEnd: 4681, rightEnd: 4980, strand: -, length: 300, contig: contig_770, protein: unknown, score1: 1.0, score2: 0.0
CC-gene 4	Gene No. 1, gene caller: All_callers, leftEnd: 5044, rightEnd: 5556, strand: -, length: 513, contig: contig_770, protein: unknown, score1: 1.0, score2: 0.0
Printing gene-call superset, consensus, and common_core in GFF and CGC formats
Printing report....
The following gene callers were considered: glimmer, phanotate, prodigal, The number of distinct gene calls over all gene callers is 13
The number of gene calls in common among all callers is 4
The number of unique (non-matching) gene calls is4
Caller glimmer produced 7 gene calls.
Caller glimmer gene-call length stats:  min: 276, max: 1101, ave: 564.4285714285714
Caller phanotate produced 10 gene calls.
Caller phanotate gene-call length stats:  min: 102, max: 1329, ave: 551.1
Caller prodigal produced 9 gene calls.
Caller prodigal gene-call length stats:  min: 228, max: 1329, ave: 601.0

Gene-call Scores:
Caller	Contig	Gene No.	Left End	Right End	Strand	gcScore
phanotate	contig_770	1	3	896	-	0.83
prodigal	contig_770	1	3	896	-	0.83
glimmer	contig_770	1	893	1306	-	0.50
phanotate	contig_770	2	893	1309	-	0.83
prodigal	contig_770	2	893	1309	-	0.83
glimmer	contig_770	3	1311	2411	-	0.50
phanotate	contig_770	3	1311	2639	-	0.83
prodigal	contig_770	3	1311	2639	-	0.83
glimmer	contig_770	2	2506	2823	+	0.33
phanotate	contig_770	4	2746	3168	-	0.83
prodigal	contig_770	4	2746	3168	-	0.83
glimmer	contig_770	4	3251	3526	-	1.00
phanotate	contig_770	5	3251	3526	-	1.00
prodigal	contig_770	5	3251	3526	-	1.00
glimmer	contig_770	5	3535	4563	-	1.00
phanotate	contig_770	6	3535	4563	-	1.00
prodigal	contig_770	6	3535	4563	-	1.00
phanotate	contig_770	7	4556	4657	-	0.33
glimmer	contig_770	6	4681	4980	-	1.00
phanotate	contig_770	8	4681	4980	-	1.00
prodigal	contig_770	7	4681	4980	-	1.00
glimmer	contig_770	7	5044	5556	-	1.00
phanotate	contig_770	9	5044	5556	-	1.00
prodigal	contig_770	8	5044	5556	-	1.00
phanotate	contig_770	10	5568	5795	-	0.83
prodigal	contig_770	9	5568	5795	-	0.83

Gene-call Consensus Scores:
Caller glimmer average gene-call score: 0.76
Caller phanotate average gene-call score: 0.85
Caller prodigal average gene-call score: 0.91

***************Unique List
Unique gene call 1
  --  Gene No. 1, gene caller: phanotate, leftEnd: 3, rightEnd: 896, strand: -, length: 894, contig: contig_770, protein: unknown, score1: 0.8333333333333333, score2: 0.0
  --  Gene No. 1, gene caller: prodigal, leftEnd: 3, rightEnd: 896, strand: -, length: 894, contig: contig_770, protein: unknown, score1: 0.8333333333333333, score2: 0.0
Unique gene call 2
  --  Gene No. 1, gene caller: glimmer, leftEnd: 893, rightEnd: 1306, strand: -, length: 414, contig: contig_770, protein: unknown, score1: 0.5, score2: 0.0
Unique gene call 3
  --  Gene No. 2, gene caller: phanotate, leftEnd: 893, rightEnd: 1309, strand: -, length: 417, contig: contig_770, protein: unknown, score1: 0.8333333333333333, score2: 0.0
  --  Gene No. 2, gene caller: prodigal, leftEnd: 893, rightEnd: 1309, strand: -, length: 417, contig: contig_770, protein: unknown, score1: 0.8333333333333333, score2: 0.0
Unique gene call 4
  --  Gene No. 3, gene caller: glimmer, leftEnd: 1311, rightEnd: 2411, strand: -, length: 1101, contig: contig_770, protein: unknown, score1: 0.5, score2: 0.0
Unique gene call 5
  --  Gene No. 3, gene caller: phanotate, leftEnd: 1311, rightEnd: 2639, strand: -, length: 1329, contig: contig_770, protein: unknown, score1: 0.8333333333333333, score2: 0.0
  --  Gene No. 3, gene caller: prodigal, leftEnd: 1311, rightEnd: 2639, strand: -, length: 1329, contig: contig_770, protein: unknown, score1: 0.8333333333333333, score2: 0.0
Unique gene call 6
  --  Gene No. 2, gene caller: glimmer, leftEnd: 2506, rightEnd: 2823, strand: +, length: 318, contig: contig_770, protein: unknown, score1: 0.3333333333333333, score2: 0.0
Unique gene call 7
  --  Gene No. 4, gene caller: phanotate, leftEnd: 2746, rightEnd: 3168, strand: -, length: 423, contig: contig_770, protein: unknown, score1: 0.8333333333333333, score2: 0.0
  --  Gene No. 4, gene caller: prodigal, leftEnd: 2746, rightEnd: 3168, strand: -, length: 423, contig: contig_770, protein: unknown, score1: 0.8333333333333333, score2: 0.0
Unique gene call 8
  --  Gene No. 4, gene caller: glimmer, leftEnd: 3251, rightEnd: 3526, strand: -, length: 276, contig: contig_770, protein: unknown, score1: 1.0, score2: 0.0
  --  Gene No. 5, gene caller: phanotate, leftEnd: 3251, rightEnd: 3526, strand: -, length: 276, contig: contig_770, protein: unknown, score1: 1.0, score2: 0.0
  --  Gene No. 5, gene caller: prodigal, leftEnd: 3251, rightEnd: 3526, strand: -, length: 276, contig: contig_770, protein: unknown, score1: 1.0, score2: 0.0
Unique gene call 9
  --  Gene No. 5, gene caller: glimmer, leftEnd: 3535, rightEnd: 4563, strand: -, length: 1029, contig: contig_770, protein: unknown, score1: 1.0, score2: 0.0
  --  Gene No. 6, gene caller: phanotate, leftEnd: 3535, rightEnd: 4563, strand: -, length: 1029, contig: contig_770, protein: unknown, score1: 1.0, score2: 0.0
  --  Gene No. 6, gene caller: prodigal, leftEnd: 3535, rightEnd: 4563, strand: -, length: 1029, contig: contig_770, protein: unknown, score1: 1.0, score2: 0.0
Unique gene call 10
  --  Gene No. 7, gene caller: phanotate, leftEnd: 4556, rightEnd: 4657, strand: -, length: 102, contig: contig_770, protein: unknown, score1: 0.3333333333333333, score2: 0.0
Unique gene call 11
  --  Gene No. 6, gene caller: glimmer, leftEnd: 4681, rightEnd: 4980, strand: -, length: 300, contig: contig_770, protein: unknown, score1: 1.0, score2: 0.0
  --  Gene No. 8, gene caller: phanotate, leftEnd: 4681, rightEnd: 4980, strand: -, length: 300, contig: contig_770, protein: unknown, score1: 1.0, score2: 0.0
  --  Gene No. 7, gene caller: prodigal, leftEnd: 4681, rightEnd: 4980, strand: -, length: 300, contig: contig_770, protein: unknown, score1: 1.0, score2: 0.0
Unique gene call 12
  --  Gene No. 7, gene caller: glimmer, leftEnd: 5044, rightEnd: 5556, strand: -, length: 513, contig: contig_770, protein: unknown, score1: 1.0, score2: 0.0
  --  Gene No. 9, gene caller: phanotate, leftEnd: 5044, rightEnd: 5556, strand: -, length: 513, contig: contig_770, protein: unknown, score1: 1.0, score2: 0.0
  --  Gene No. 8, gene caller: prodigal, leftEnd: 5044, rightEnd: 5556, strand: -, length: 513, contig: contig_770, protein: unknown, score1: 1.0, score2: 0.0
Unique gene call 13
  --  Gene No. 10, gene caller: phanotate, leftEnd: 5568, rightEnd: 5795, strand: -, length: 228, contig: contig_770, protein: unknown, score1: 0.8333333333333333, score2: 0.0
  --  Gene No. 9, gene caller: prodigal, leftEnd: 5568, rightEnd: 5795, strand: -, length: 228, contig: contig_770, protein: unknown, score1: 0.8333333333333333, score2: 0.0
Code complete at 2021-04-21 09:39:41.862549
