Discrepancy Report Results

Summary
FATAL: MISSING_PROTEIN_ID:21 proteins have invalid IDs.
DISC_SOURCE_QUALS_ASNDISC:strain (all present, all unique)
DISC_SOURCE_QUALS_ASNDISC:taxname (all present, all unique)
DISC_FEATURE_COUNT:CDS: 21 present
DISC_COUNT_NUCLEOTIDES:1 nucleotide Bioseqs are present
FEATURE_LOCATION_CONFLICT:21 features have inconsistent gene locations.
DISC_QUALITY_SCORES:Quality scores are missing on all sequences.
ONCALLER_COMMENT_PRESENT:1 comment descriptors were found (all same)
MISSING_GENOMEASSEMBLY_COMMENTS:1 bioseqs are missing GenomeAssembly structured comments
MOLTYPE_NOT_MRNA:1 molecule types are not set as mRNA.
TECHNIQUE_NOT_TSA:1 technique are not set as TSA
MISSING_STRUCTURED_COMMENT:1 sequences do not include structured comments.
MISSING_PROJECT:22 sequences do not include project.
DISC_INCONSISTENT_MOLINFO_TECH:Molinfo Technique Report (some missing, all same)


Detailed Report

FATAL: DiscRep_ALL:MISSING_PROTEIN_ID::21 proteins have invalid IDs.
prokkaMN856104/MN856104:MN856104_1 (length 62)
prokkaMN856104/MN856104:MN856104_2 (length 382)
prokkaMN856104/MN856104:MN856104_3 (length 184)
prokkaMN856104/MN856104:MN856104_4 (length 571)
prokkaMN856104/MN856104:MN856104_5 (length 100)
prokkaMN856104/MN856104:MN856104_6 (length 129)
prokkaMN856104/MN856104:MN856104_7 (length 56)
prokkaMN856104/MN856104:MN856104_8 (length 131)
prokkaMN856104/MN856104:MN856104_9 (length 92)
prokkaMN856104/MN856104:MN856104_10 (length 106)
prokkaMN856104/MN856104:MN856104_11 (length 181)
prokkaMN856104/MN856104:MN856104_12 (length 212)
prokkaMN856104/MN856104:MN856104_13 (length 74)
prokkaMN856104/MN856104:MN856104_14 (length 61)
prokkaMN856104/MN856104:MN856104_15 (length 119)
prokkaMN856104/MN856104:MN856104_16 (length 383)
prokkaMN856104/MN856104:MN856104_17 (length 498)
prokkaMN856104/MN856104:MN856104_18 (length 207)
prokkaMN856104/MN856104:MN856104_19 (length 135)
prokkaMN856104/MN856104:MN856104_20 (length 116)
prokkaMN856104/MN856104:MN856104_21 (length 69)

DiscRep_ALL:DISC_SOURCE_QUALS_ASNDISC::strain (all present, all unique)
DiscRep_SUB:DISC_SOURCE_QUALS_ASNDISC::1 sources have unique values for strain
DiscRep_ALL:DISC_SOURCE_QUALS_ASNDISC::taxname (all present, all unique)
DiscRep_SUB:DISC_SOURCE_QUALS_ASNDISC::1 sources have unique values for taxname
DiscRep_ALL:DISC_FEATURE_COUNT::CDS: 21 present
DiscRep_ALL:DISC_COUNT_NUCLEOTIDES::1 nucleotide Bioseqs are present
prokkaMN856104/MN856104:MN856104 (length 13086)

DiscRep_ALL:FEATURE_LOCATION_CONFLICT::21 features have inconsistent gene locations.
DiscRep_SUB:FEATURE_LOCATION_CONFLICT::Coding region xref gene does not exist
prokkaMN856104/MN856104:CDS	hypothetical protein	MN856104:13-201	KICDKOHH_00001

DiscRep_SUB:FEATURE_LOCATION_CONFLICT::Coding region xref gene does not exist
prokkaMN856104/MN856104:CDS	hypothetical protein	MN856104:191-1339	KICDKOHH_00002

DiscRep_SUB:FEATURE_LOCATION_CONFLICT::Coding region xref gene does not exist
prokkaMN856104/MN856104:CDS	hypothetical protein	MN856104:1332-1886	KICDKOHH_00003

DiscRep_SUB:FEATURE_LOCATION_CONFLICT::Coding region xref gene does not exist
prokkaMN856104/MN856104:CDS	hypothetical protein	MN856104:1902-3617	KICDKOHH_00004

DiscRep_SUB:FEATURE_LOCATION_CONFLICT::Coding region xref gene does not exist
prokkaMN856104/MN856104:CDS	hypothetical protein	MN856104:3639-3941	KICDKOHH_00005

DiscRep_SUB:FEATURE_LOCATION_CONFLICT::Coding region xref gene does not exist
prokkaMN856104/MN856104:CDS	hypothetical protein	MN856104:3952-4341	KICDKOHH_00006

DiscRep_SUB:FEATURE_LOCATION_CONFLICT::Coding region xref gene does not exist
prokkaMN856104/MN856104:CDS	hypothetical protein	MN856104:4334-4504	KICDKOHH_00007

DiscRep_SUB:FEATURE_LOCATION_CONFLICT::Coding region xref gene does not exist
prokkaMN856104/MN856104:CDS	hypothetical protein	MN856104:4464-4859	KICDKOHH_00008

DiscRep_SUB:FEATURE_LOCATION_CONFLICT::Coding region xref gene does not exist
prokkaMN856104/MN856104:CDS	hypothetical protein	MN856104:4872-5150	KICDKOHH_00009

DiscRep_SUB:FEATURE_LOCATION_CONFLICT::Coding region xref gene does not exist
prokkaMN856104/MN856104:CDS	hypothetical protein	MN856104:5192-5512	KICDKOHH_00010

DiscRep_SUB:FEATURE_LOCATION_CONFLICT::Coding region xref gene does not exist
prokkaMN856104/MN856104:CDS	hypothetical protein	MN856104:5512-6057	KICDKOHH_00011

DiscRep_SUB:FEATURE_LOCATION_CONFLICT::Coding region xref gene does not exist
prokkaMN856104/MN856104:CDS	hypothetical protein	MN856104:6150-6788	KICDKOHH_00012

DiscRep_SUB:FEATURE_LOCATION_CONFLICT::Coding region xref gene does not exist
prokkaMN856104/MN856104:CDS	hypothetical protein	MN856104:6992-7216	KICDKOHH_00013

DiscRep_SUB:FEATURE_LOCATION_CONFLICT::Coding region xref gene does not exist
prokkaMN856104/MN856104:CDS	hypothetical protein	MN856104:7204-7389	KICDKOHH_00014

DiscRep_SUB:FEATURE_LOCATION_CONFLICT::Coding region xref gene does not exist
prokkaMN856104/MN856104:CDS	hypothetical protein	MN856104:7451-7810	KICDKOHH_00015

DiscRep_SUB:FEATURE_LOCATION_CONFLICT::Coding region xref gene does not exist
prokkaMN856104/MN856104:CDS	Tyrosine recombinase XerC	MN856104:c9268-8117	KICDKOHH_00016

DiscRep_SUB:FEATURE_LOCATION_CONFLICT::Coding region xref gene does not exist
prokkaMN856104/MN856104:CDS	hypothetical protein	MN856104:c10876-9380	KICDKOHH_00017

DiscRep_SUB:FEATURE_LOCATION_CONFLICT::Coding region xref gene does not exist
prokkaMN856104/MN856104:CDS	hypothetical protein	MN856104:c11716-11093	KICDKOHH_00018

DiscRep_SUB:FEATURE_LOCATION_CONFLICT::Coding region xref gene does not exist
prokkaMN856104/MN856104:CDS	hypothetical protein	MN856104:c12188-11781	KICDKOHH_00019

DiscRep_SUB:FEATURE_LOCATION_CONFLICT::Coding region xref gene does not exist
prokkaMN856104/MN856104:CDS	hypothetical protein	MN856104:c12538-12188	KICDKOHH_00020

DiscRep_SUB:FEATURE_LOCATION_CONFLICT::Coding region xref gene does not exist
prokkaMN856104/MN856104:CDS	hypothetical protein	MN856104:12796-13005	KICDKOHH_00021

DiscRep_ALL:DISC_QUALITY_SCORES::Quality scores are missing on all sequences.

DiscRep_ALL:ONCALLER_COMMENT_PRESENT::1 comment descriptors were found (all same)
prokkaMN856104/MN856104:MN856104:Annotated using prokka 1.14.6 from https://github.com/tseemann/prokka

DiscRep_ALL:MISSING_GENOMEASSEMBLY_COMMENTS::1 bioseqs are missing GenomeAssembly structured comments
prokkaMN856104/MN856104:MN856104 (length 13086)

DiscRep_ALL:MOLTYPE_NOT_MRNA::1 molecule types are not set as mRNA.
prokkaMN856104/MN856104:MN856104 (length 13086)

DiscRep_ALL:TECHNIQUE_NOT_TSA::1 technique are not set as TSA
prokkaMN856104/MN856104:MN856104 (length 13086)

DiscRep_ALL:MISSING_STRUCTURED_COMMENT::1 sequences do not include structured comments.
prokkaMN856104/MN856104:MN856104 (length 13086)

DiscRep_ALL:MISSING_PROJECT::22 sequences do not include project.
prokkaMN856104/MN856104:MN856104 (length 13086)
prokkaMN856104/MN856104:MN856104_1 (length 62)
prokkaMN856104/MN856104:MN856104_2 (length 382)
prokkaMN856104/MN856104:MN856104_3 (length 184)
prokkaMN856104/MN856104:MN856104_4 (length 571)
prokkaMN856104/MN856104:MN856104_5 (length 100)
prokkaMN856104/MN856104:MN856104_6 (length 129)
prokkaMN856104/MN856104:MN856104_7 (length 56)
prokkaMN856104/MN856104:MN856104_8 (length 131)
prokkaMN856104/MN856104:MN856104_9 (length 92)
prokkaMN856104/MN856104:MN856104_10 (length 106)
prokkaMN856104/MN856104:MN856104_11 (length 181)
prokkaMN856104/MN856104:MN856104_12 (length 212)
prokkaMN856104/MN856104:MN856104_13 (length 74)
prokkaMN856104/MN856104:MN856104_14 (length 61)
prokkaMN856104/MN856104:MN856104_15 (length 119)
prokkaMN856104/MN856104:MN856104_16 (length 383)
prokkaMN856104/MN856104:MN856104_17 (length 498)
prokkaMN856104/MN856104:MN856104_18 (length 207)
prokkaMN856104/MN856104:MN856104_19 (length 135)
prokkaMN856104/MN856104:MN856104_20 (length 116)
prokkaMN856104/MN856104:MN856104_21 (length 69)

DiscRep_ALL:DISC_INCONSISTENT_MOLINFO_TECH::Molinfo Technique Report (some missing, all same)
DiscRep_SUB:DISC_INCONSISTENT_MOLINFO_TECH::technique (all missing)
DiscRep_SUB:DISC_INCONSISTENT_MOLINFO_TECH::1 Molinfos are missing field technique
prokkaMN856104/MN856104:MN856104 (length 13086)

