Opening log at 2021-04-21 09:04:10.243223
Iterating through fileSet at 2021-04-21 09:04:10.243490
fileSet is ['/home/james/Software/multiPhATE2/PipelineOutput/contig_1040/commoncore.cgc', '/home/james/Software/multiPhATE2/PipelineOutput/contig_1040/consensus.cgc', '/home/james/Software/multiPhATE2/PipelineOutput/contig_1040/glimmer.cgc', '/home/james/Software/multiPhATE2/PipelineOutput/contig_1040/phanotate.cgc', '/home/james/Software/multiPhATE2/PipelineOutput/contig_1040/prodigal.cgc', '/home/james/Software/multiPhATE2/PipelineOutput/contig_1040/superset.cgc']
Opening geneFile /home/james/Software/multiPhATE2/PipelineOutput/contig_1040/commoncore.cgc
Adding calls from geneFile /home/james/Software/multiPhATE2/PipelineOutput/contig_1040/commoncore.cgc
Appending call set  number of calls is: 0
Opening geneFile /home/james/Software/multiPhATE2/PipelineOutput/contig_1040/consensus.cgc
Adding calls from geneFile /home/james/Software/multiPhATE2/PipelineOutput/contig_1040/consensus.cgc
Appending call set  number of calls is: 0
Opening geneFile /home/james/Software/multiPhATE2/PipelineOutput/contig_1040/glimmer.cgc
Adding calls from geneFile /home/james/Software/multiPhATE2/PipelineOutput/contig_1040/glimmer.cgc
Appending call set  number of calls is: 10
Opening geneFile /home/james/Software/multiPhATE2/PipelineOutput/contig_1040/phanotate.cgc
Adding calls from geneFile /home/james/Software/multiPhATE2/PipelineOutput/contig_1040/phanotate.cgc
Appending call set  number of calls is: 14
Opening geneFile /home/james/Software/multiPhATE2/PipelineOutput/contig_1040/prodigal.cgc
Adding calls from geneFile /home/james/Software/multiPhATE2/PipelineOutput/contig_1040/prodigal.cgc
Appending call set  number of calls is: 12
Opening geneFile /home/james/Software/multiPhATE2/PipelineOutput/contig_1040/superset.cgc
Adding calls from geneFile /home/james/Software/multiPhATE2/PipelineOutput/contig_1040/superset.cgc
Appending call set  number of calls is: 0
All call sets have been added to caller list. Number of call sets in callerList: 6
callerList is   glimmer phanotate prodigal  
Total number of gene calls across callerList call sets is: 36
Sorting gene calls for each caller
Processing a callSet
Before sorting, Length of callerList for caller  is 0
After sorting, Length of callerList for caller  is 0
Processing a callSet
Before sorting, Length of callerList for caller  is 0
After sorting, Length of callerList for caller  is 0
Processing a callSet
Before sorting, Length of callerList for caller glimmer is 10
After sorting, Length of callerList for caller glimmer is 10
Processing a callSet
Before sorting, Length of callerList for caller phanotate is 14
After sorting, Length of callerList for caller phanotate is 14
Processing a callSet
Before sorting, Length of callerList for caller prodigal is 12
After sorting, Length of callerList for caller prodigal is 12
Processing a callSet
Before sorting, Length of callerList for caller  is 0
After sorting, Length of callerList for caller  is 0
callSet processing complete
Comparing across the call sets...
Merging the geneCall sets....
Final merged genes:

***************Merge List
1	Gene No. 1, gene caller: phanotate, leftEnd: 3, rightEnd: 1112, strand: +, length: 1110, contig: contig_1040, protein: unknown, score1: 1.0, score2: 0.0
2	Gene No. 1, gene caller: prodigal, leftEnd: 3, rightEnd: 1112, strand: +, length: 1110, contig: contig_1040, protein: unknown, score1: 1.0, score2: 0.0
3	Gene No. 2, gene caller: phanotate, leftEnd: 1182, rightEnd: 1292, strand: +, length: 111, contig: contig_1040, protein: unknown, score1: 1.0, score2: 0.0
4	Gene No. 3, gene caller: phanotate, leftEnd: 1399, rightEnd: 1758, strand: -, length: 360, contig: contig_1040, protein: unknown, score1: 1.0, score2: 0.0
5	Gene No. 2, gene caller: prodigal, leftEnd: 1399, rightEnd: 1758, strand: -, length: 360, contig: contig_1040, protein: unknown, score1: 1.0, score2: 0.0
6	Gene No. 2, gene caller: glimmer, leftEnd: 1399, rightEnd: 1815, strand: -, length: 417, contig: contig_1040, protein: unknown, score1: 1.0, score2: 0.0
7	Gene No. 3, gene caller: glimmer, leftEnd: 1881, rightEnd: 2168, strand: -, length: 288, contig: contig_1040, protein: unknown, score1: 1.0, score2: 0.0
8	Gene No. 4, gene caller: phanotate, leftEnd: 1881, rightEnd: 2168, strand: -, length: 288, contig: contig_1040, protein: unknown, score1: 1.0, score2: 0.0
9	Gene No. 3, gene caller: prodigal, leftEnd: 1881, rightEnd: 2198, strand: -, length: 318, contig: contig_1040, protein: unknown, score1: 1.0, score2: 0.0
10	Gene No. 4, gene caller: glimmer, leftEnd: 2173, rightEnd: 2466, strand: -, length: 294, contig: contig_1040, protein: unknown, score1: 1.0, score2: 0.0
11	Gene No. 5, gene caller: phanotate, leftEnd: 2173, rightEnd: 2466, strand: -, length: 294, contig: contig_1040, protein: unknown, score1: 1.0, score2: 0.0
12	Gene No. 4, gene caller: prodigal, leftEnd: 2173, rightEnd: 2466, strand: -, length: 294, contig: contig_1040, protein: unknown, score1: 1.0, score2: 0.0
13	Gene No. 5, gene caller: glimmer, leftEnd: 2533, rightEnd: 2712, strand: -, length: 180, contig: contig_1040, protein: unknown, score1: 1.0, score2: 0.0
14	Gene No. 6, gene caller: phanotate, leftEnd: 2533, rightEnd: 2712, strand: -, length: 180, contig: contig_1040, protein: unknown, score1: 1.0, score2: 0.0
15	Gene No. 5, gene caller: prodigal, leftEnd: 2533, rightEnd: 2712, strand: -, length: 180, contig: contig_1040, protein: unknown, score1: 1.0, score2: 0.0
16	Gene No. 6, gene caller: glimmer, leftEnd: 2724, rightEnd: 3137, strand: -, length: 414, contig: contig_1040, protein: unknown, score1: 1.0, score2: 0.0
17	Gene No. 7, gene caller: phanotate, leftEnd: 2724, rightEnd: 3137, strand: -, length: 414, contig: contig_1040, protein: unknown, score1: 1.0, score2: 0.0
18	Gene No. 6, gene caller: prodigal, leftEnd: 2724, rightEnd: 3137, strand: -, length: 414, contig: contig_1040, protein: unknown, score1: 1.0, score2: 0.0
19	Gene No. 7, gene caller: glimmer, leftEnd: 3521, rightEnd: 3934, strand: +, length: 414, contig: contig_1040, protein: unknown, score1: 1.0, score2: 0.0
20	Gene No. 8, gene caller: phanotate, leftEnd: 3521, rightEnd: 3934, strand: +, length: 414, contig: contig_1040, protein: unknown, score1: 1.0, score2: 0.0
21	Gene No. 7, gene caller: prodigal, leftEnd: 3521, rightEnd: 3934, strand: +, length: 414, contig: contig_1040, protein: unknown, score1: 1.0, score2: 0.0
22	Gene No. 9, gene caller: phanotate, leftEnd: 3946, rightEnd: 4053, strand: +, length: 108, contig: contig_1040, protein: unknown, score1: 1.0, score2: 0.0
23	Gene No. 8, gene caller: prodigal, leftEnd: 3946, rightEnd: 4053, strand: +, length: 108, contig: contig_1040, protein: unknown, score1: 1.0, score2: 0.0
24	Gene No. 8, gene caller: glimmer, leftEnd: 4191, rightEnd: 4484, strand: +, length: 294, contig: contig_1040, protein: unknown, score1: 1.0, score2: 0.0
25	Gene No. 10, gene caller: phanotate, leftEnd: 4191, rightEnd: 4484, strand: +, length: 294, contig: contig_1040, protein: unknown, score1: 1.0, score2: 0.0
26	Gene No. 9, gene caller: prodigal, leftEnd: 4191, rightEnd: 4484, strand: +, length: 294, contig: contig_1040, protein: unknown, score1: 1.0, score2: 0.0
27	Gene No. 10, gene caller: prodigal, leftEnd: 4459, rightEnd: 4776, strand: +, length: 318, contig: contig_1040, protein: unknown, score1: 1.0, score2: 0.0
28	Gene No. 9, gene caller: glimmer, leftEnd: 4489, rightEnd: 4776, strand: +, length: 288, contig: contig_1040, protein: unknown, score1: 1.0, score2: 0.0
29	Gene No. 11, gene caller: phanotate, leftEnd: 4489, rightEnd: 4776, strand: +, length: 288, contig: contig_1040, protein: unknown, score1: 1.0, score2: 0.0
30	Gene No. 10, gene caller: glimmer, leftEnd: 4842, rightEnd: 5258, strand: +, length: 417, contig: contig_1040, protein: unknown, score1: 1.0, score2: 0.0
31	Gene No. 12, gene caller: phanotate, leftEnd: 4899, rightEnd: 5258, strand: +, length: 360, contig: contig_1040, protein: unknown, score1: 1.0, score2: 0.0
32	Gene No. 11, gene caller: prodigal, leftEnd: 4899, rightEnd: 5258, strand: +, length: 360, contig: contig_1040, protein: unknown, score1: 1.0, score2: 0.0
33	Gene No. 13, gene caller: phanotate, leftEnd: 5365, rightEnd: 5475, strand: -, length: 111, contig: contig_1040, protein: unknown, score1: 1.0, score2: 0.0
34	Gene No. 11, gene caller: glimmer, leftEnd: 5545, rightEnd: 6450, strand: -, length: 906, contig: contig_1040, protein: unknown, score1: 1.0, score2: 0.0
35	Gene No. 14, gene caller: phanotate, leftEnd: 5545, rightEnd: 6657, strand: -, length: 1113, contig: contig_1040, protein: unknown, score1: 1.0, score2: 0.0
36	Gene No. 12, gene caller: prodigal, leftEnd: 5545, rightEnd: 6657, strand: -, length: 1113, contig: contig_1040, protein: unknown, score1: 1.0, score2: 0.0
Comparing across geneCall sets....
Scoring gene calls....
Identifying common core...
This is the Common Core List:

***************Common Core
CC-gene 1	Gene No. 1, gene caller: All_callers, leftEnd: 2173, rightEnd: 2466, strand: -, length: 294, contig: contig_1040, protein: unknown, score1: 1.0, score2: 0.0
CC-gene 2	Gene No. 1, gene caller: All_callers, leftEnd: 2533, rightEnd: 2712, strand: -, length: 180, contig: contig_1040, protein: unknown, score1: 1.0, score2: 0.0
CC-gene 3	Gene No. 1, gene caller: All_callers, leftEnd: 2724, rightEnd: 3137, strand: -, length: 414, contig: contig_1040, protein: unknown, score1: 1.0, score2: 0.0
CC-gene 4	Gene No. 1, gene caller: All_callers, leftEnd: 3521, rightEnd: 3934, strand: +, length: 414, contig: contig_1040, protein: unknown, score1: 1.0, score2: 0.0
CC-gene 5	Gene No. 1, gene caller: All_callers, leftEnd: 4191, rightEnd: 4484, strand: +, length: 294, contig: contig_1040, protein: unknown, score1: 1.0, score2: 0.0
Printing gene-call superset, consensus, and common_core in GFF and CGC formats
Printing report....
The following gene callers were considered: glimmer, phanotate, prodigal, The number of distinct gene calls over all gene callers is 19
The number of gene calls in common among all callers is 5
The number of unique (non-matching) gene calls is7
Caller glimmer produced 10 gene calls.
Caller glimmer gene-call length stats:  min: 180, max: 906, ave: 391.2
Caller phanotate produced 14 gene calls.
Caller phanotate gene-call length stats:  min: 108, max: 1113, ave: 388.92857142857144
Caller prodigal produced 12 gene calls.
Caller prodigal gene-call length stats:  min: 108, max: 1113, ave: 440.25

Gene-call Scores:
Caller	Contig	Gene No.	Left End	Right End	Strand	gcScore
phanotate	contig_1040	1	3	1112	+	0.83
prodigal	contig_1040	1	3	1112	+	0.83
phanotate	contig_1040	2	1182	1292	+	0.33
phanotate	contig_1040	3	1399	1758	-	0.83
prodigal	contig_1040	2	1399	1758	-	0.83
glimmer	contig_1040	2	1399	1815	-	0.50
glimmer	contig_1040	3	1881	2168	-	0.83
phanotate	contig_1040	4	1881	2168	-	0.83
prodigal	contig_1040	3	1881	2198	-	0.50
glimmer	contig_1040	4	2173	2466	-	1.00
phanotate	contig_1040	5	2173	2466	-	1.00
prodigal	contig_1040	4	2173	2466	-	1.00
glimmer	contig_1040	5	2533	2712	-	1.00
phanotate	contig_1040	6	2533	2712	-	1.00
prodigal	contig_1040	5	2533	2712	-	1.00
glimmer	contig_1040	6	2724	3137	-	1.00
phanotate	contig_1040	7	2724	3137	-	1.00
prodigal	contig_1040	6	2724	3137	-	1.00
glimmer	contig_1040	7	3521	3934	+	1.00
phanotate	contig_1040	8	3521	3934	+	1.00
prodigal	contig_1040	7	3521	3934	+	1.00
phanotate	contig_1040	9	3946	4053	+	0.83
prodigal	contig_1040	8	3946	4053	+	0.83
glimmer	contig_1040	8	4191	4484	+	1.00
phanotate	contig_1040	10	4191	4484	+	1.00
prodigal	contig_1040	9	4191	4484	+	1.00
prodigal	contig_1040	10	4459	4776	+	0.50
glimmer	contig_1040	9	4489	4776	+	0.83
phanotate	contig_1040	11	4489	4776	+	0.83
glimmer	contig_1040	10	4842	5258	+	0.50
phanotate	contig_1040	12	4899	5258	+	0.83
prodigal	contig_1040	11	4899	5258	+	0.83
phanotate	contig_1040	13	5365	5475	-	0.33
glimmer	contig_1040	11	5545	6450	-	0.50
phanotate	contig_1040	14	5545	6657	-	0.83
prodigal	contig_1040	12	5545	6657	-	0.83

Gene-call Consensus Scores:
Caller glimmer average gene-call score: 0.82
Caller phanotate average gene-call score: 0.82
Caller prodigal average gene-call score: 0.85

***************Unique List
Unique gene call 1
  --  Gene No. 1, gene caller: phanotate, leftEnd: 3, rightEnd: 1112, strand: +, length: 1110, contig: contig_1040, protein: unknown, score1: 0.8333333333333333, score2: 0.0
  --  Gene No. 1, gene caller: prodigal, leftEnd: 3, rightEnd: 1112, strand: +, length: 1110, contig: contig_1040, protein: unknown, score1: 0.8333333333333333, score2: 0.0
Unique gene call 2
  --  Gene No. 2, gene caller: phanotate, leftEnd: 1182, rightEnd: 1292, strand: +, length: 111, contig: contig_1040, protein: unknown, score1: 0.3333333333333333, score2: 0.0
Unique gene call 3
  --  Gene No. 3, gene caller: phanotate, leftEnd: 1399, rightEnd: 1758, strand: -, length: 360, contig: contig_1040, protein: unknown, score1: 0.8333333333333333, score2: 0.0
  --  Gene No. 2, gene caller: prodigal, leftEnd: 1399, rightEnd: 1758, strand: -, length: 360, contig: contig_1040, protein: unknown, score1: 0.8333333333333333, score2: 0.0
Unique gene call 4
  --  Gene No. 2, gene caller: glimmer, leftEnd: 1399, rightEnd: 1815, strand: -, length: 417, contig: contig_1040, protein: unknown, score1: 0.5, score2: 0.0
Unique gene call 5
  --  Gene No. 3, gene caller: glimmer, leftEnd: 1881, rightEnd: 2168, strand: -, length: 288, contig: contig_1040, protein: unknown, score1: 0.8333333333333333, score2: 0.0
  --  Gene No. 4, gene caller: phanotate, leftEnd: 1881, rightEnd: 2168, strand: -, length: 288, contig: contig_1040, protein: unknown, score1: 0.8333333333333333, score2: 0.0
Unique gene call 6
  --  Gene No. 3, gene caller: prodigal, leftEnd: 1881, rightEnd: 2198, strand: -, length: 318, contig: contig_1040, protein: unknown, score1: 0.5, score2: 0.0
Unique gene call 7
  --  Gene No. 4, gene caller: glimmer, leftEnd: 2173, rightEnd: 2466, strand: -, length: 294, contig: contig_1040, protein: unknown, score1: 1.0, score2: 0.0
  --  Gene No. 5, gene caller: phanotate, leftEnd: 2173, rightEnd: 2466, strand: -, length: 294, contig: contig_1040, protein: unknown, score1: 1.0, score2: 0.0
  --  Gene No. 4, gene caller: prodigal, leftEnd: 2173, rightEnd: 2466, strand: -, length: 294, contig: contig_1040, protein: unknown, score1: 1.0, score2: 0.0
Unique gene call 8
  --  Gene No. 5, gene caller: glimmer, leftEnd: 2533, rightEnd: 2712, strand: -, length: 180, contig: contig_1040, protein: unknown, score1: 1.0, score2: 0.0
  --  Gene No. 6, gene caller: phanotate, leftEnd: 2533, rightEnd: 2712, strand: -, length: 180, contig: contig_1040, protein: unknown, score1: 1.0, score2: 0.0
  --  Gene No. 5, gene caller: prodigal, leftEnd: 2533, rightEnd: 2712, strand: -, length: 180, contig: contig_1040, protein: unknown, score1: 1.0, score2: 0.0
Unique gene call 9
  --  Gene No. 6, gene caller: glimmer, leftEnd: 2724, rightEnd: 3137, strand: -, length: 414, contig: contig_1040, protein: unknown, score1: 1.0, score2: 0.0
  --  Gene No. 7, gene caller: phanotate, leftEnd: 2724, rightEnd: 3137, strand: -, length: 414, contig: contig_1040, protein: unknown, score1: 1.0, score2: 0.0
  --  Gene No. 6, gene caller: prodigal, leftEnd: 2724, rightEnd: 3137, strand: -, length: 414, contig: contig_1040, protein: unknown, score1: 1.0, score2: 0.0
Unique gene call 10
  --  Gene No. 7, gene caller: glimmer, leftEnd: 3521, rightEnd: 3934, strand: +, length: 414, contig: contig_1040, protein: unknown, score1: 1.0, score2: 0.0
  --  Gene No. 8, gene caller: phanotate, leftEnd: 3521, rightEnd: 3934, strand: +, length: 414, contig: contig_1040, protein: unknown, score1: 1.0, score2: 0.0
  --  Gene No. 7, gene caller: prodigal, leftEnd: 3521, rightEnd: 3934, strand: +, length: 414, contig: contig_1040, protein: unknown, score1: 1.0, score2: 0.0
Unique gene call 11
  --  Gene No. 9, gene caller: phanotate, leftEnd: 3946, rightEnd: 4053, strand: +, length: 108, contig: contig_1040, protein: unknown, score1: 0.8333333333333333, score2: 0.0
  --  Gene No. 8, gene caller: prodigal, leftEnd: 3946, rightEnd: 4053, strand: +, length: 108, contig: contig_1040, protein: unknown, score1: 0.8333333333333333, score2: 0.0
Unique gene call 12
  --  Gene No. 8, gene caller: glimmer, leftEnd: 4191, rightEnd: 4484, strand: +, length: 294, contig: contig_1040, protein: unknown, score1: 1.0, score2: 0.0
  --  Gene No. 10, gene caller: phanotate, leftEnd: 4191, rightEnd: 4484, strand: +, length: 294, contig: contig_1040, protein: unknown, score1: 1.0, score2: 0.0
  --  Gene No. 9, gene caller: prodigal, leftEnd: 4191, rightEnd: 4484, strand: +, length: 294, contig: contig_1040, protein: unknown, score1: 1.0, score2: 0.0
Unique gene call 13
  --  Gene No. 10, gene caller: prodigal, leftEnd: 4459, rightEnd: 4776, strand: +, length: 318, contig: contig_1040, protein: unknown, score1: 0.5, score2: 0.0
Unique gene call 14
  --  Gene No. 9, gene caller: glimmer, leftEnd: 4489, rightEnd: 4776, strand: +, length: 288, contig: contig_1040, protein: unknown, score1: 0.8333333333333333, score2: 0.0
  --  Gene No. 11, gene caller: phanotate, leftEnd: 4489, rightEnd: 4776, strand: +, length: 288, contig: contig_1040, protein: unknown, score1: 0.8333333333333333, score2: 0.0
Unique gene call 15
  --  Gene No. 10, gene caller: glimmer, leftEnd: 4842, rightEnd: 5258, strand: +, length: 417, contig: contig_1040, protein: unknown, score1: 0.5, score2: 0.0
Unique gene call 16
  --  Gene No. 12, gene caller: phanotate, leftEnd: 4899, rightEnd: 5258, strand: +, length: 360, contig: contig_1040, protein: unknown, score1: 0.8333333333333333, score2: 0.0
  --  Gene No. 11, gene caller: prodigal, leftEnd: 4899, rightEnd: 5258, strand: +, length: 360, contig: contig_1040, protein: unknown, score1: 0.8333333333333333, score2: 0.0
Unique gene call 17
  --  Gene No. 13, gene caller: phanotate, leftEnd: 5365, rightEnd: 5475, strand: -, length: 111, contig: contig_1040, protein: unknown, score1: 0.3333333333333333, score2: 0.0
Unique gene call 18
  --  Gene No. 11, gene caller: glimmer, leftEnd: 5545, rightEnd: 6450, strand: -, length: 906, contig: contig_1040, protein: unknown, score1: 0.5, score2: 0.0
Unique gene call 19
  --  Gene No. 14, gene caller: phanotate, leftEnd: 5545, rightEnd: 6657, strand: -, length: 1113, contig: contig_1040, protein: unknown, score1: 0.8333333333333333, score2: 0.0
  --  Gene No. 12, gene caller: prodigal, leftEnd: 5545, rightEnd: 6657, strand: -, length: 1113, contig: contig_1040, protein: unknown, score1: 0.8333333333333333, score2: 0.0
Code complete at 2021-04-21 09:04:10.252270
