Opening log at 2021-04-21 09:44:19.125776
Iterating through fileSet at 2021-04-21 09:44:19.125948
fileSet is ['/home/james/Software/multiPhATE2/PipelineOutput/circular_pair_3149/commoncore.cgc', '/home/james/Software/multiPhATE2/PipelineOutput/circular_pair_3149/consensus.cgc', '/home/james/Software/multiPhATE2/PipelineOutput/circular_pair_3149/glimmer.cgc', '/home/james/Software/multiPhATE2/PipelineOutput/circular_pair_3149/phanotate.cgc', '/home/james/Software/multiPhATE2/PipelineOutput/circular_pair_3149/prodigal.cgc', '/home/james/Software/multiPhATE2/PipelineOutput/circular_pair_3149/superset.cgc']
Opening geneFile /home/james/Software/multiPhATE2/PipelineOutput/circular_pair_3149/commoncore.cgc
Adding calls from geneFile /home/james/Software/multiPhATE2/PipelineOutput/circular_pair_3149/commoncore.cgc
Appending call set  number of calls is: 0
Opening geneFile /home/james/Software/multiPhATE2/PipelineOutput/circular_pair_3149/consensus.cgc
Adding calls from geneFile /home/james/Software/multiPhATE2/PipelineOutput/circular_pair_3149/consensus.cgc
Appending call set  number of calls is: 0
Opening geneFile /home/james/Software/multiPhATE2/PipelineOutput/circular_pair_3149/glimmer.cgc
Adding calls from geneFile /home/james/Software/multiPhATE2/PipelineOutput/circular_pair_3149/glimmer.cgc
Appending call set  number of calls is: 4
Opening geneFile /home/james/Software/multiPhATE2/PipelineOutput/circular_pair_3149/phanotate.cgc
Adding calls from geneFile /home/james/Software/multiPhATE2/PipelineOutput/circular_pair_3149/phanotate.cgc
Appending call set  number of calls is: 5
Opening geneFile /home/james/Software/multiPhATE2/PipelineOutput/circular_pair_3149/prodigal.cgc
Adding calls from geneFile /home/james/Software/multiPhATE2/PipelineOutput/circular_pair_3149/prodigal.cgc
Appending call set  number of calls is: 5
Opening geneFile /home/james/Software/multiPhATE2/PipelineOutput/circular_pair_3149/superset.cgc
Adding calls from geneFile /home/james/Software/multiPhATE2/PipelineOutput/circular_pair_3149/superset.cgc
Appending call set  number of calls is: 0
All call sets have been added to caller list. Number of call sets in callerList: 6
callerList is   glimmer phanotate prodigal  
Total number of gene calls across callerList call sets is: 14
Sorting gene calls for each caller
Processing a callSet
Before sorting, Length of callerList for caller  is 0
After sorting, Length of callerList for caller  is 0
Processing a callSet
Before sorting, Length of callerList for caller  is 0
After sorting, Length of callerList for caller  is 0
Processing a callSet
Before sorting, Length of callerList for caller glimmer is 4
After sorting, Length of callerList for caller glimmer is 4
Processing a callSet
Before sorting, Length of callerList for caller phanotate is 5
After sorting, Length of callerList for caller phanotate is 5
Processing a callSet
Before sorting, Length of callerList for caller prodigal is 5
After sorting, Length of callerList for caller prodigal is 5
Processing a callSet
Before sorting, Length of callerList for caller  is 0
After sorting, Length of callerList for caller  is 0
callSet processing complete
Comparing across the call sets...
Merging the geneCall sets....
Final merged genes:

***************Merge List
1	Gene No. 1, gene caller: phanotate, leftEnd: 1, rightEnd: 1017, strand: -, length: 1017, contig: circular_pair_3149, protein: unknown, score1: 1.0, score2: 0.0
2	Gene No. 1, gene caller: prodigal, leftEnd: 1, rightEnd: 1017, strand: -, length: 1017, contig: circular_pair_3149, protein: unknown, score1: 1.0, score2: 0.0
3	Gene No. 1, gene caller: glimmer, leftEnd: 1078, rightEnd: 1392, strand: -, length: 315, contig: circular_pair_3149, protein: unknown, score1: 1.0, score2: 0.0
4	Gene No. 2, gene caller: phanotate, leftEnd: 1078, rightEnd: 1392, strand: -, length: 315, contig: circular_pair_3149, protein: unknown, score1: 1.0, score2: 0.0
5	Gene No. 2, gene caller: prodigal, leftEnd: 1078, rightEnd: 1392, strand: -, length: 315, contig: circular_pair_3149, protein: unknown, score1: 1.0, score2: 0.0
6	Gene No. 3, gene caller: phanotate, leftEnd: 1394, rightEnd: 2071, strand: -, length: 678, contig: circular_pair_3149, protein: unknown, score1: 1.0, score2: 0.0
7	Gene No. 2, gene caller: glimmer, leftEnd: 1394, rightEnd: 2191, strand: -, length: 798, contig: circular_pair_3149, protein: unknown, score1: 1.0, score2: 0.0
8	Gene No. 3, gene caller: prodigal, leftEnd: 1394, rightEnd: 2191, strand: -, length: 798, contig: circular_pair_3149, protein: unknown, score1: 1.0, score2: 0.0
9	Gene No. 3, gene caller: glimmer, leftEnd: 2178, rightEnd: 2780, strand: -, length: 603, contig: circular_pair_3149, protein: unknown, score1: 1.0, score2: 0.0
10	Gene No. 4, gene caller: phanotate, leftEnd: 2178, rightEnd: 2780, strand: -, length: 603, contig: circular_pair_3149, protein: unknown, score1: 1.0, score2: 0.0
11	Gene No. 4, gene caller: prodigal, leftEnd: 2178, rightEnd: 2780, strand: -, length: 603, contig: circular_pair_3149, protein: unknown, score1: 1.0, score2: 0.0
12	Gene No. 4, gene caller: glimmer, leftEnd: 2777, rightEnd: 3298, strand: -, length: 522, contig: circular_pair_3149, protein: unknown, score1: 1.0, score2: 0.0
13	Gene No. 5, gene caller: phanotate, leftEnd: 2777, rightEnd: 3418, strand: -, length: 642, contig: circular_pair_3149, protein: unknown, score1: 1.0, score2: 0.0
14	Gene No. 5, gene caller: prodigal, leftEnd: 2777, rightEnd: 3418, strand: -, length: 642, contig: circular_pair_3149, protein: unknown, score1: 1.0, score2: 0.0
Comparing across geneCall sets....
Scoring gene calls....
Identifying common core...
This is the Common Core List:

***************Common Core
CC-gene 1	Gene No. 1, gene caller: All_callers, leftEnd: 1078, rightEnd: 1392, strand: -, length: 315, contig: circular_pair_3149, protein: unknown, score1: 1.0, score2: 0.0
CC-gene 2	Gene No. 1, gene caller: All_callers, leftEnd: 2178, rightEnd: 2780, strand: -, length: 603, contig: circular_pair_3149, protein: unknown, score1: 1.0, score2: 0.0
Printing gene-call superset, consensus, and common_core in GFF and CGC formats
Printing report....
The following gene callers were considered: glimmer, phanotate, prodigal, The number of distinct gene calls over all gene callers is 7
The number of gene calls in common among all callers is 2
The number of unique (non-matching) gene calls is2
Caller glimmer produced 4 gene calls.
Caller glimmer gene-call length stats:  min: 315, max: 798, ave: 559.5
Caller phanotate produced 5 gene calls.
Caller phanotate gene-call length stats:  min: 315, max: 1017, ave: 651.0
Caller prodigal produced 5 gene calls.
Caller prodigal gene-call length stats:  min: 315, max: 1017, ave: 675.0

Gene-call Scores:
Caller	Contig	Gene No.	Left End	Right End	Strand	gcScore
phanotate	circular_pair_3149	1	1	1017	-	0.83
prodigal	circular_pair_3149	1	1	1017	-	0.83
glimmer	circular_pair_3149	1	1078	1392	-	1.00
phanotate	circular_pair_3149	2	1078	1392	-	1.00
prodigal	circular_pair_3149	2	1078	1392	-	1.00
phanotate	circular_pair_3149	3	1394	2071	-	0.50
glimmer	circular_pair_3149	2	1394	2191	-	0.83
prodigal	circular_pair_3149	3	1394	2191	-	0.83
glimmer	circular_pair_3149	3	2178	2780	-	1.00
phanotate	circular_pair_3149	4	2178	2780	-	1.00
prodigal	circular_pair_3149	4	2178	2780	-	1.00
glimmer	circular_pair_3149	4	2777	3298	-	0.50
phanotate	circular_pair_3149	5	2777	3418	-	0.83
prodigal	circular_pair_3149	5	2777	3418	-	0.83

Gene-call Consensus Scores:
Caller glimmer average gene-call score: 0.83
Caller phanotate average gene-call score: 0.83
Caller prodigal average gene-call score: 0.90

***************Unique List
Unique gene call 1
  --  Gene No. 1, gene caller: phanotate, leftEnd: 1, rightEnd: 1017, strand: -, length: 1017, contig: circular_pair_3149, protein: unknown, score1: 0.8333333333333333, score2: 0.0
  --  Gene No. 1, gene caller: prodigal, leftEnd: 1, rightEnd: 1017, strand: -, length: 1017, contig: circular_pair_3149, protein: unknown, score1: 0.8333333333333333, score2: 0.0
Unique gene call 2
  --  Gene No. 1, gene caller: glimmer, leftEnd: 1078, rightEnd: 1392, strand: -, length: 315, contig: circular_pair_3149, protein: unknown, score1: 1.0, score2: 0.0
  --  Gene No. 2, gene caller: phanotate, leftEnd: 1078, rightEnd: 1392, strand: -, length: 315, contig: circular_pair_3149, protein: unknown, score1: 1.0, score2: 0.0
  --  Gene No. 2, gene caller: prodigal, leftEnd: 1078, rightEnd: 1392, strand: -, length: 315, contig: circular_pair_3149, protein: unknown, score1: 1.0, score2: 0.0
Unique gene call 3
  --  Gene No. 3, gene caller: phanotate, leftEnd: 1394, rightEnd: 2071, strand: -, length: 678, contig: circular_pair_3149, protein: unknown, score1: 0.5, score2: 0.0
Unique gene call 4
  --  Gene No. 2, gene caller: glimmer, leftEnd: 1394, rightEnd: 2191, strand: -, length: 798, contig: circular_pair_3149, protein: unknown, score1: 0.8333333333333333, score2: 0.0
  --  Gene No. 3, gene caller: prodigal, leftEnd: 1394, rightEnd: 2191, strand: -, length: 798, contig: circular_pair_3149, protein: unknown, score1: 0.8333333333333333, score2: 0.0
Unique gene call 5
  --  Gene No. 3, gene caller: glimmer, leftEnd: 2178, rightEnd: 2780, strand: -, length: 603, contig: circular_pair_3149, protein: unknown, score1: 1.0, score2: 0.0
  --  Gene No. 4, gene caller: phanotate, leftEnd: 2178, rightEnd: 2780, strand: -, length: 603, contig: circular_pair_3149, protein: unknown, score1: 1.0, score2: 0.0
  --  Gene No. 4, gene caller: prodigal, leftEnd: 2178, rightEnd: 2780, strand: -, length: 603, contig: circular_pair_3149, protein: unknown, score1: 1.0, score2: 0.0
Unique gene call 6
  --  Gene No. 4, gene caller: glimmer, leftEnd: 2777, rightEnd: 3298, strand: -, length: 522, contig: circular_pair_3149, protein: unknown, score1: 0.5, score2: 0.0
Unique gene call 7
  --  Gene No. 5, gene caller: phanotate, leftEnd: 2777, rightEnd: 3418, strand: -, length: 642, contig: circular_pair_3149, protein: unknown, score1: 0.8333333333333333, score2: 0.0
  --  Gene No. 5, gene caller: prodigal, leftEnd: 2777, rightEnd: 3418, strand: -, length: 642, contig: circular_pair_3149, protein: unknown, score1: 0.8333333333333333, score2: 0.0
Code complete at 2021-04-21 09:44:19.129540
