[12:15:03] This is prokka 1.14.6
[12:15:03] Written by Torsten Seemann <torsten.seemann@gmail.com>
[12:15:03] Homepage is https://github.com/tseemann/prokka
[12:15:03] Local time is Mon Aug 23 12:15:03 2021
[12:15:03] You are james
[12:15:03] Operating system is linux
[12:15:03] You have BioPerl 1.007002
[12:15:03] System has 12 cores.
[12:15:03] Will use maximum of 8 cores.
[12:15:03] Annotating as >>> Bacteria <<<
[12:15:03] Generating locus_tag from 'MN856090_reorder.fasta' contents.
[12:15:03] Setting --locustag FBLCBNJG from MD5 fb5cb7308766959618cc9f3e67f192ba
[12:15:03] Creating new output folder: prokkaMN856090_reorder
[12:15:03] Running: mkdir -p prokkaMN856090_reorder
[12:15:03] Using filename prefix: MN856090_reorder.XXX
[12:15:03] Setting HMMER_NCPU=1
[12:15:03] Writing log to: prokkaMN856090_reorder/MN856090_reorder.log
[12:15:03] Command: /home/james/miniconda3/envs/prokka/bin/prokka MN856090_reorder.fasta --outdir prokkaMN856090_reorder --prefix MN856090_reorder --force
[12:15:03] Appending to PATH: /home/james/miniconda3/envs/prokka/bin
[12:15:03] Looking for 'aragorn' - found /home/james/miniconda3/envs/prokka/bin/aragorn
[12:15:03] Determined aragorn version is 001002 from 'ARAGORN v1.2.38 Dean Laslett'
[12:15:03] Looking for 'barrnap' - found /home/james/miniconda3/envs/prokka/bin/barrnap
[12:15:03] Determined barrnap version is 000009 from 'barrnap 0.9'
[12:15:03] Looking for 'blastp' - found /home/james/miniconda3/envs/prokka/bin/blastp
[12:15:04] Determined blastp version is 002012 from 'blastp: 2.12.0+'
[12:15:04] Looking for 'cmpress' - found /home/james/miniconda3/envs/prokka/bin/cmpress
[12:15:04] Determined cmpress version is 001001 from '# INFERNAL 1.1.4 (Dec 2020)'
[12:15:04] Looking for 'cmscan' - found /home/james/miniconda3/envs/prokka/bin/cmscan
[12:15:04] Determined cmscan version is 001001 from '# INFERNAL 1.1.4 (Dec 2020)'
[12:15:04] Looking for 'egrep' - found /bin/egrep
[12:15:04] Looking for 'find' - found /usr/bin/find
[12:15:04] Looking for 'grep' - found /bin/grep
[12:15:04] Looking for 'hmmpress' - found /home/james/miniconda3/envs/prokka/bin/hmmpress
[12:15:04] Determined hmmpress version is 003003 from '# HMMER 3.3.2 (Nov 2020); http://hmmer.org/'
[12:15:04] Looking for 'hmmscan' - found /home/james/miniconda3/envs/prokka/bin/hmmscan
[12:15:04] Determined hmmscan version is 003003 from '# HMMER 3.3.2 (Nov 2020); http://hmmer.org/'
[12:15:04] Looking for 'java' - found /home/james/miniconda3/envs/prokka/bin/java
[12:15:04] Looking for 'makeblastdb' - found /home/james/miniconda3/envs/prokka/bin/makeblastdb
[12:15:04] Determined makeblastdb version is 002012 from 'makeblastdb: 2.12.0+'
[12:15:04] Looking for 'minced' - found /home/james/miniconda3/envs/prokka/bin/minced
[12:15:04] Determined minced version is 004002 from 'minced 0.4.2'
[12:15:04] Looking for 'parallel' - found /home/james/miniconda3/envs/prokka/bin/parallel
[12:15:04] Determined parallel version is 20210622 from 'GNU parallel 20210622'
[12:15:04] Looking for 'prodigal' - found /home/james/miniconda3/envs/prokka/bin/prodigal
[12:15:04] Determined prodigal version is 002006 from 'Prodigal V2.6.3: February, 2016'
[12:15:04] Looking for 'prokka-genbank_to_fasta_db' - found /home/james/miniconda3/envs/prokka/bin/prokka-genbank_to_fasta_db
[12:15:04] Looking for 'sed' - found /bin/sed
[12:15:04] Looking for 'tbl2asn' - found /home/james/miniconda3/envs/prokka/bin/tbl2asn
[12:15:04] Determined tbl2asn version is 025007 from 'tbl2asn 25.7   arguments:'
[12:15:04] Using genetic code table 11.
[12:15:04] Loading and checking input file: MN856090_reorder.fasta
[12:15:04] Wrote 1 contigs totalling 31866 bp.
[12:15:04] Predicting tRNAs and tmRNAs
[12:15:04] Running: aragorn -l -gc11  -w prokkaMN856090_reorder\/MN856090_reorder\.fna
[12:15:04] Found 0 tRNAs
[12:15:04] Predicting Ribosomal RNAs
[12:15:04] Running Barrnap with 8 threads
[12:15:04] Found 0 rRNAs
[12:15:04] Skipping ncRNA search, enable with --rfam if desired.
[12:15:04] Total of 0 tRNA + rRNA features
[12:15:04] Searching for CRISPR repeats
[12:15:05] Found 0 CRISPRs
[12:15:05] Predicting coding sequences
[12:15:05] Contigs total 31866 bp, so using meta mode
[12:15:05] Running: prodigal -i prokkaMN856090_reorder\/MN856090_reorder\.fna -c -m -g 11 -p meta -f sco -q
[12:15:05] Found 50 CDS
[12:15:05] Connecting features back to sequences
[12:15:05] Not using genus-specific database. Try --usegenus to enable it.
[12:15:05] Annotating CDS, please be patient.
[12:15:05] Will use 8 CPUs for similarity searching.
[12:15:05] There are still 50 unannotated CDS left (started with 50)
[12:15:05] Will use blast to search against /home/james/miniconda3/envs/prokka/db/kingdom/Bacteria/IS with 8 CPUs
[12:15:05] Running: cat prokkaMN856090_reorder\/MN856090_reorder\.IS\.tmp\.59351\.faa | parallel --gnu --plain -j 8 --block 612 --recstart '>' --pipe blastp -query - -db /home/james/miniconda3/envs/prokka/db/kingdom/Bacteria/IS -evalue 1e-30 -qcov_hsp_perc 90 -num_threads 1 -num_descriptions 1 -num_alignments 1 -seg no > prokkaMN856090_reorder\/MN856090_reorder\.IS\.tmp\.59351\.blast 2> /dev/null
[12:15:06] Deleting unwanted file: prokkaMN856090_reorder/MN856090_reorder.IS.tmp.59351.faa
[12:15:06] Deleting unwanted file: prokkaMN856090_reorder/MN856090_reorder.IS.tmp.59351.blast
[12:15:06] There are still 50 unannotated CDS left (started with 50)
[12:15:06] Will use blast to search against /home/james/miniconda3/envs/prokka/db/kingdom/Bacteria/AMR with 8 CPUs
[12:15:06] Running: cat prokkaMN856090_reorder\/MN856090_reorder\.AMR\.tmp\.59351\.faa | parallel --gnu --plain -j 8 --block 612 --recstart '>' --pipe blastp -query - -db /home/james/miniconda3/envs/prokka/db/kingdom/Bacteria/AMR -evalue 9.99999999999999e-301 -qcov_hsp_perc 90 -num_threads 1 -num_descriptions 1 -num_alignments 1 -seg no > prokkaMN856090_reorder\/MN856090_reorder\.AMR\.tmp\.59351\.blast 2> /dev/null
[12:15:07] Deleting unwanted file: prokkaMN856090_reorder/MN856090_reorder.AMR.tmp.59351.faa
[12:15:07] Deleting unwanted file: prokkaMN856090_reorder/MN856090_reorder.AMR.tmp.59351.blast
[12:15:07] There are still 50 unannotated CDS left (started with 50)
[12:15:07] Will use blast to search against /home/james/miniconda3/envs/prokka/db/kingdom/Bacteria/sprot with 8 CPUs
[12:15:07] Running: cat prokkaMN856090_reorder\/MN856090_reorder\.sprot\.tmp\.59351\.faa | parallel --gnu --plain -j 8 --block 612 --recstart '>' --pipe blastp -query - -db /home/james/miniconda3/envs/prokka/db/kingdom/Bacteria/sprot -evalue 1e-09 -qcov_hsp_perc 80 -num_threads 1 -num_descriptions 1 -num_alignments 1 -seg no > prokkaMN856090_reorder\/MN856090_reorder\.sprot\.tmp\.59351\.blast 2> /dev/null
[12:15:09] Modify product: Uncharacterized protein HI_1410 => putative protein
[12:15:09] Cleaned 1 /product names
[12:15:09] Deleting unwanted file: prokkaMN856090_reorder/MN856090_reorder.sprot.tmp.59351.faa
[12:15:09] Deleting unwanted file: prokkaMN856090_reorder/MN856090_reorder.sprot.tmp.59351.blast
[12:15:09] There are still 49 unannotated CDS left (started with 50)
[12:15:09] Will use hmmer3 to search against /home/james/miniconda3/envs/prokka/db/hmm/HAMAP.hmm with 8 CPUs
[12:15:09] Running: cat prokkaMN856090_reorder\/MN856090_reorder\.HAMAP\.hmm\.tmp\.59351\.faa | parallel --gnu --plain -j 8 --block 585 --recstart '>' --pipe hmmscan --noali --notextw --acc -E 1e-09 --cpu 1 /home/james/miniconda3/envs/prokka/db/hmm/HAMAP.hmm /dev/stdin > prokkaMN856090_reorder\/MN856090_reorder\.HAMAP\.hmm\.tmp\.59351\.hmmer3 2> /dev/null
[12:15:10] Deleting unwanted file: prokkaMN856090_reorder/MN856090_reorder.HAMAP.hmm.tmp.59351.faa
[12:15:10] Deleting unwanted file: prokkaMN856090_reorder/MN856090_reorder.HAMAP.hmm.tmp.59351.hmmer3
[12:15:10] Labelling remaining 48 proteins as 'hypothetical protein'
[12:15:10] Found 0 unique /gene codes.
[12:15:10] Fixed 0 colliding /gene names.
[12:15:10] Adding /locus_tag identifiers
[12:15:10] Assigned 50 locus_tags to CDS and RNA features.
[12:15:10] Writing outputs to prokkaMN856090_reorder/
[12:15:10] Generating annotation statistics file
[12:15:10] Generating Genbank and Sequin files
[12:15:10] Running: tbl2asn -V b -a r10k -l paired-ends -M n -N 1 -y 'Annotated using prokka 1.14.6 from https://github.com/tseemann/prokka' -Z prokkaMN856090_reorder\/MN856090_reorder\.err -i prokkaMN856090_reorder\/MN856090_reorder\.fsa 2> /dev/null
[12:15:10] Deleting unwanted file: prokkaMN856090_reorder/errorsummary.val
[12:15:10] Deleting unwanted file: prokkaMN856090_reorder/MN856090_reorder.dr
[12:15:10] Deleting unwanted file: prokkaMN856090_reorder/MN856090_reorder.fixedproducts
[12:15:10] Deleting unwanted file: prokkaMN856090_reorder/MN856090_reorder.ecn
[12:15:10] Deleting unwanted file: prokkaMN856090_reorder/MN856090_reorder.val
[12:15:10] Repairing broken .GBK output that tbl2asn produces...
[12:15:10] Running: sed 's/COORDINATES: profile/COORDINATES:profile/' < prokkaMN856090_reorder\/MN856090_reorder\.gbf > prokkaMN856090_reorder\/MN856090_reorder\.gbk
[12:15:10] Deleting unwanted file: prokkaMN856090_reorder/MN856090_reorder.gbf
[12:15:10] Output files:
[12:15:10] prokkaMN856090_reorder/MN856090_reorder.gbk
[12:15:10] prokkaMN856090_reorder/MN856090_reorder.fsa
[12:15:10] prokkaMN856090_reorder/MN856090_reorder.fna
[12:15:10] prokkaMN856090_reorder/MN856090_reorder.tbl
[12:15:10] prokkaMN856090_reorder/MN856090_reorder.faa
[12:15:10] prokkaMN856090_reorder/MN856090_reorder.tsv
[12:15:10] prokkaMN856090_reorder/MN856090_reorder.sqn
[12:15:10] prokkaMN856090_reorder/MN856090_reorder.txt
[12:15:10] prokkaMN856090_reorder/MN856090_reorder.err
[12:15:10] prokkaMN856090_reorder/MN856090_reorder.gff
[12:15:10] prokkaMN856090_reorder/MN856090_reorder.ffn
[12:15:10] prokkaMN856090_reorder/MN856090_reorder.log
[12:15:10] Annotation finished successfully.
[12:15:10] Walltime used: 0.12 minutes
[12:15:10] If you use this result please cite the Prokka paper:
[12:15:10] Seemann T (2014) Prokka: rapid prokaryotic genome annotation. Bioinformatics. 30(14):2068-9.
[12:15:10] Type 'prokka --citation' for more details.
[12:15:10] Share and enjoy!
