Discrepancy Report Results

Summary
FATAL: MISSING_PROTEIN_ID:53 proteins have invalid IDs.
DISC_SOURCE_QUALS_ASNDISC:strain (all present, all unique)
DISC_SOURCE_QUALS_ASNDISC:taxname (all present, all unique)
DISC_FEATURE_COUNT:CDS: 53 present
DISC_COUNT_NUCLEOTIDES:1 nucleotide Bioseqs are present
FEATURE_LOCATION_CONFLICT:53 features have inconsistent gene locations.
DISC_QUALITY_SCORES:Quality scores are missing on all sequences.
ONCALLER_COMMENT_PRESENT:1 comment descriptors were found (all same)
MISSING_GENOMEASSEMBLY_COMMENTS:1 bioseqs are missing GenomeAssembly structured comments
MOLTYPE_NOT_MRNA:1 molecule types are not set as mRNA.
TECHNIQUE_NOT_TSA:1 technique are not set as TSA
MISSING_STRUCTURED_COMMENT:1 sequences do not include structured comments.
MISSING_PROJECT:54 sequences do not include project.
DISC_INCONSISTENT_MOLINFO_TECH:Molinfo Technique Report (some missing, all same)


Detailed Report

FATAL: DiscRep_ALL:MISSING_PROTEIN_ID::53 proteins have invalid IDs.
prokkaMN856090/MN856090:MN856090_1 (length 66)
prokkaMN856090/MN856090:MN856090_2 (length 63)
prokkaMN856090/MN856090:MN856090_3 (length 73)
prokkaMN856090/MN856090:MN856090_4 (length 727)
prokkaMN856090/MN856090:MN856090_5 (length 428)
prokkaMN856090/MN856090:MN856090_6 (length 65)
prokkaMN856090/MN856090:MN856090_7 (length 140)
prokkaMN856090/MN856090:MN856090_8 (length 134)
prokkaMN856090/MN856090:MN856090_9 (length 112)
prokkaMN856090/MN856090:MN856090_10 (length 156)
prokkaMN856090/MN856090:MN856090_11 (length 83)
prokkaMN856090/MN856090:MN856090_12 (length 98)
prokkaMN856090/MN856090:MN856090_13 (length 105)
prokkaMN856090/MN856090:MN856090_14 (length 227)
prokkaMN856090/MN856090:MN856090_15 (length 100)
prokkaMN856090/MN856090:MN856090_16 (length 117)
prokkaMN856090/MN856090:MN856090_17 (length 125)
prokkaMN856090/MN856090:MN856090_18 (length 56)
prokkaMN856090/MN856090:MN856090_19 (length 98)
prokkaMN856090/MN856090:MN856090_20 (length 196)
prokkaMN856090/MN856090:MN856090_21 (length 99)
prokkaMN856090/MN856090:MN856090_22 (length 199)
prokkaMN856090/MN856090:MN856090_23 (length 126)
prokkaMN856090/MN856090:MN856090_24 (length 122)
prokkaMN856090/MN856090:MN856090_25 (length 290)
prokkaMN856090/MN856090:MN856090_26 (length 62)
prokkaMN856090/MN856090:MN856090_27 (length 97)
prokkaMN856090/MN856090:MN856090_28 (length 59)
prokkaMN856090/MN856090:MN856090_29 (length 147)
prokkaMN856090/MN856090:MN856090_30 (length 92)
prokkaMN856090/MN856090:MN856090_31 (length 135)
prokkaMN856090/MN856090:MN856090_32 (length 77)
prokkaMN856090/MN856090:MN856090_33 (length 85)
prokkaMN856090/MN856090:MN856090_34 (length 88)
prokkaMN856090/MN856090:MN856090_35 (length 109)
prokkaMN856090/MN856090:MN856090_36 (length 117)
prokkaMN856090/MN856090:MN856090_37 (length 97)
prokkaMN856090/MN856090:MN856090_38 (length 136)
prokkaMN856090/MN856090:MN856090_39 (length 125)
prokkaMN856090/MN856090:MN856090_40 (length 117)
prokkaMN856090/MN856090:MN856090_41 (length 400)
prokkaMN856090/MN856090:MN856090_42 (length 314)
prokkaMN856090/MN856090:MN856090_43 (length 196)
prokkaMN856090/MN856090:MN856090_44 (length 368)
prokkaMN856090/MN856090:MN856090_45 (length 309)
prokkaMN856090/MN856090:MN856090_46 (length 955)
prokkaMN856090/MN856090:MN856090_47 (length 117)
prokkaMN856090/MN856090:MN856090_48 (length 130)
prokkaMN856090/MN856090:MN856090_49 (length 204)
prokkaMN856090/MN856090:MN856090_50 (length 153)
prokkaMN856090/MN856090:MN856090_51 (length 112)
prokkaMN856090/MN856090:MN856090_52 (length 127)
prokkaMN856090/MN856090:MN856090_53 (length 231)

DiscRep_ALL:DISC_SOURCE_QUALS_ASNDISC::strain (all present, all unique)
DiscRep_SUB:DISC_SOURCE_QUALS_ASNDISC::1 sources have unique values for strain
DiscRep_ALL:DISC_SOURCE_QUALS_ASNDISC::taxname (all present, all unique)
DiscRep_SUB:DISC_SOURCE_QUALS_ASNDISC::1 sources have unique values for taxname
DiscRep_ALL:DISC_FEATURE_COUNT::CDS: 53 present
DiscRep_ALL:DISC_COUNT_NUCLEOTIDES::1 nucleotide Bioseqs are present
prokkaMN856090/MN856090:MN856090 (length 31866)

DiscRep_ALL:FEATURE_LOCATION_CONFLICT::53 features have inconsistent gene locations.
DiscRep_SUB:FEATURE_LOCATION_CONFLICT::Coding region xref gene does not exist
prokkaMN856090/MN856090:CDS	hypothetical protein	MN856090:718-918	JFJCDBHI_00001

DiscRep_SUB:FEATURE_LOCATION_CONFLICT::Coding region xref gene does not exist
prokkaMN856090/MN856090:CDS	hypothetical protein	MN856090:979-1170	JFJCDBHI_00002

DiscRep_SUB:FEATURE_LOCATION_CONFLICT::Coding region xref gene does not exist
prokkaMN856090/MN856090:CDS	hypothetical protein	MN856090:1339-1560	JFJCDBHI_00003

DiscRep_SUB:FEATURE_LOCATION_CONFLICT::Coding region xref gene does not exist
prokkaMN856090/MN856090:CDS	hypothetical protein	MN856090:c4286-2103	JFJCDBHI_00004

DiscRep_SUB:FEATURE_LOCATION_CONFLICT::Coding region xref gene does not exist
prokkaMN856090/MN856090:CDS	hypothetical protein	MN856090:c5719-4433	JFJCDBHI_00005

DiscRep_SUB:FEATURE_LOCATION_CONFLICT::Coding region xref gene does not exist
prokkaMN856090/MN856090:CDS	hypothetical protein	MN856090:c5855-5658	JFJCDBHI_00006

DiscRep_SUB:FEATURE_LOCATION_CONFLICT::Coding region xref gene does not exist
prokkaMN856090/MN856090:CDS	hypothetical protein	MN856090:c6349-5927	JFJCDBHI_00007

DiscRep_SUB:FEATURE_LOCATION_CONFLICT::Coding region xref gene does not exist
prokkaMN856090/MN856090:CDS	hypothetical protein	MN856090:c6824-6420	JFJCDBHI_00008

DiscRep_SUB:FEATURE_LOCATION_CONFLICT::Coding region xref gene does not exist
prokkaMN856090/MN856090:CDS	hypothetical protein	MN856090:c7278-6940	JFJCDBHI_00009

DiscRep_SUB:FEATURE_LOCATION_CONFLICT::Coding region xref gene does not exist
prokkaMN856090/MN856090:CDS	hypothetical protein	MN856090:c7729-7259	JFJCDBHI_00010

DiscRep_SUB:FEATURE_LOCATION_CONFLICT::Coding region xref gene does not exist
prokkaMN856090/MN856090:CDS	hypothetical protein	MN856090:c7973-7722	JFJCDBHI_00011

DiscRep_SUB:FEATURE_LOCATION_CONFLICT::Coding region xref gene does not exist
prokkaMN856090/MN856090:CDS	hypothetical protein	MN856090:c8262-7966	JFJCDBHI_00012

DiscRep_SUB:FEATURE_LOCATION_CONFLICT::Coding region xref gene does not exist
prokkaMN856090/MN856090:CDS	hypothetical protein	MN856090:c8576-8259	JFJCDBHI_00013

DiscRep_SUB:FEATURE_LOCATION_CONFLICT::Coding region xref gene does not exist
prokkaMN856090/MN856090:CDS	hypothetical protein	MN856090:c9252-8569	JFJCDBHI_00014

DiscRep_SUB:FEATURE_LOCATION_CONFLICT::Coding region xref gene does not exist
prokkaMN856090/MN856090:CDS	hypothetical protein	MN856090:c9615-9313	JFJCDBHI_00015

DiscRep_SUB:FEATURE_LOCATION_CONFLICT::Coding region xref gene does not exist
prokkaMN856090/MN856090:CDS	hypothetical protein	MN856090:c10119-9766	JFJCDBHI_00016

DiscRep_SUB:FEATURE_LOCATION_CONFLICT::Coding region xref gene does not exist
prokkaMN856090/MN856090:CDS	hypothetical protein	MN856090:c10585-10208	JFJCDBHI_00017

DiscRep_SUB:FEATURE_LOCATION_CONFLICT::Coding region xref gene does not exist
prokkaMN856090/MN856090:CDS	hypothetical protein	MN856090:c10816-10646	JFJCDBHI_00018

DiscRep_SUB:FEATURE_LOCATION_CONFLICT::Coding region xref gene does not exist
prokkaMN856090/MN856090:CDS	hypothetical protein	MN856090:c11123-10827	JFJCDBHI_00019

DiscRep_SUB:FEATURE_LOCATION_CONFLICT::Coding region xref gene does not exist
prokkaMN856090/MN856090:CDS	hypothetical protein	MN856090:c11710-11120	JFJCDBHI_00020

DiscRep_SUB:FEATURE_LOCATION_CONFLICT::Coding region xref gene does not exist
prokkaMN856090/MN856090:CDS	hypothetical protein	MN856090:c12020-11721	JFJCDBHI_00021

DiscRep_SUB:FEATURE_LOCATION_CONFLICT::Coding region xref gene does not exist
prokkaMN856090/MN856090:CDS	hypothetical protein	MN856090:c12616-12017	JFJCDBHI_00022

DiscRep_SUB:FEATURE_LOCATION_CONFLICT::Coding region xref gene does not exist
prokkaMN856090/MN856090:CDS	hypothetical protein	MN856090:c12980-12600	JFJCDBHI_00023

DiscRep_SUB:FEATURE_LOCATION_CONFLICT::Coding region xref gene does not exist
prokkaMN856090/MN856090:CDS	Single-stranded DNA-binding protein	MN856090:c13374-13006	JFJCDBHI_00024

DiscRep_SUB:FEATURE_LOCATION_CONFLICT::Coding region xref gene does not exist
prokkaMN856090/MN856090:CDS	hypothetical protein	MN856090:14221-15093	JFJCDBHI_00025

DiscRep_SUB:FEATURE_LOCATION_CONFLICT::Coding region xref gene does not exist
prokkaMN856090/MN856090:CDS	hypothetical protein	MN856090:15096-15284	JFJCDBHI_00026

DiscRep_SUB:FEATURE_LOCATION_CONFLICT::Coding region xref gene does not exist
prokkaMN856090/MN856090:CDS	hypothetical protein	MN856090:15617-15910	JFJCDBHI_00027

DiscRep_SUB:FEATURE_LOCATION_CONFLICT::Coding region xref gene does not exist
prokkaMN856090/MN856090:CDS	hypothetical protein	MN856090:15977-16156	JFJCDBHI_00028

DiscRep_SUB:FEATURE_LOCATION_CONFLICT::Coding region xref gene does not exist
prokkaMN856090/MN856090:CDS	hypothetical protein	MN856090:16185-16628	JFJCDBHI_00029

DiscRep_SUB:FEATURE_LOCATION_CONFLICT::Coding region xref gene does not exist
prokkaMN856090/MN856090:CDS	hypothetical protein	MN856090:16638-16916	JFJCDBHI_00030

DiscRep_SUB:FEATURE_LOCATION_CONFLICT::Coding region xref gene does not exist
prokkaMN856090/MN856090:CDS	hypothetical protein	MN856090:16909-17316	JFJCDBHI_00031

DiscRep_SUB:FEATURE_LOCATION_CONFLICT::Coding region xref gene does not exist
prokkaMN856090/MN856090:CDS	hypothetical protein	MN856090:17328-17561	JFJCDBHI_00032

DiscRep_SUB:FEATURE_LOCATION_CONFLICT::Coding region xref gene does not exist
prokkaMN856090/MN856090:CDS	hypothetical protein	MN856090:17554-17811	JFJCDBHI_00033

DiscRep_SUB:FEATURE_LOCATION_CONFLICT::Coding region xref gene does not exist
prokkaMN856090/MN856090:CDS	hypothetical protein	MN856090:17792-18058	JFJCDBHI_00034

DiscRep_SUB:FEATURE_LOCATION_CONFLICT::Coding region xref gene does not exist
prokkaMN856090/MN856090:CDS	hypothetical protein	MN856090:18006-18335	JFJCDBHI_00035

DiscRep_SUB:FEATURE_LOCATION_CONFLICT::Coding region xref gene does not exist
prokkaMN856090/MN856090:CDS	hypothetical protein	MN856090:18328-18681	JFJCDBHI_00036

DiscRep_SUB:FEATURE_LOCATION_CONFLICT::Coding region xref gene does not exist
prokkaMN856090/MN856090:CDS	hypothetical protein	MN856090:18656-18949	JFJCDBHI_00037

DiscRep_SUB:FEATURE_LOCATION_CONFLICT::Coding region xref gene does not exist
prokkaMN856090/MN856090:CDS	hypothetical protein	MN856090:18933-19343	JFJCDBHI_00038

DiscRep_SUB:FEATURE_LOCATION_CONFLICT::Coding region xref gene does not exist
prokkaMN856090/MN856090:CDS	hypothetical protein	MN856090:19353-19730	JFJCDBHI_00039

DiscRep_SUB:FEATURE_LOCATION_CONFLICT::Coding region xref gene does not exist
prokkaMN856090/MN856090:CDS	hypothetical protein	MN856090:c20181-19828	JFJCDBHI_00040

DiscRep_SUB:FEATURE_LOCATION_CONFLICT::Coding region xref gene does not exist
prokkaMN856090/MN856090:CDS	hypothetical protein	MN856090:c21396-20194	JFJCDBHI_00041

DiscRep_SUB:FEATURE_LOCATION_CONFLICT::Coding region xref gene does not exist
prokkaMN856090/MN856090:CDS	hypothetical protein	MN856090:c22688-21744	JFJCDBHI_00042

DiscRep_SUB:FEATURE_LOCATION_CONFLICT::Coding region xref gene does not exist
prokkaMN856090/MN856090:CDS	hypothetical protein	MN856090:c23295-22705	JFJCDBHI_00043

DiscRep_SUB:FEATURE_LOCATION_CONFLICT::Coding region xref gene does not exist
prokkaMN856090/MN856090:CDS	hypothetical protein	MN856090:c24499-23393	JFJCDBHI_00044

DiscRep_SUB:FEATURE_LOCATION_CONFLICT::Coding region xref gene does not exist
prokkaMN856090/MN856090:CDS	hypothetical protein	MN856090:c25425-24496	JFJCDBHI_00045

DiscRep_SUB:FEATURE_LOCATION_CONFLICT::Coding region xref gene does not exist
prokkaMN856090/MN856090:CDS	hypothetical protein	MN856090:c28302-25435	JFJCDBHI_00046

DiscRep_SUB:FEATURE_LOCATION_CONFLICT::Coding region xref gene does not exist
prokkaMN856090/MN856090:CDS	hypothetical protein	MN856090:c28660-28307	JFJCDBHI_00047

DiscRep_SUB:FEATURE_LOCATION_CONFLICT::Coding region xref gene does not exist
prokkaMN856090/MN856090:CDS	hypothetical protein	MN856090:c29060-28668	JFJCDBHI_00048

DiscRep_SUB:FEATURE_LOCATION_CONFLICT::Coding region xref gene does not exist
prokkaMN856090/MN856090:CDS	hypothetical protein	MN856090:c29693-29079	JFJCDBHI_00049

DiscRep_SUB:FEATURE_LOCATION_CONFLICT::Coding region xref gene does not exist
prokkaMN856090/MN856090:CDS	hypothetical protein	MN856090:c30216-29755	JFJCDBHI_00050

DiscRep_SUB:FEATURE_LOCATION_CONFLICT::Coding region xref gene does not exist
prokkaMN856090/MN856090:CDS	hypothetical protein	MN856090:c30563-30225	JFJCDBHI_00051

DiscRep_SUB:FEATURE_LOCATION_CONFLICT::Coding region xref gene does not exist
prokkaMN856090/MN856090:CDS	hypothetical protein	MN856090:c30943-30560	JFJCDBHI_00052

DiscRep_SUB:FEATURE_LOCATION_CONFLICT::Coding region xref gene does not exist
prokkaMN856090/MN856090:CDS	hypothetical protein	MN856090:c31616-30921	JFJCDBHI_00053

DiscRep_ALL:DISC_QUALITY_SCORES::Quality scores are missing on all sequences.

DiscRep_ALL:ONCALLER_COMMENT_PRESENT::1 comment descriptors were found (all same)
prokkaMN856090/MN856090:MN856090:Annotated using prokka 1.14.6 from https://github.com/tseemann/prokka

DiscRep_ALL:MISSING_GENOMEASSEMBLY_COMMENTS::1 bioseqs are missing GenomeAssembly structured comments
prokkaMN856090/MN856090:MN856090 (length 31866)

DiscRep_ALL:MOLTYPE_NOT_MRNA::1 molecule types are not set as mRNA.
prokkaMN856090/MN856090:MN856090 (length 31866)

DiscRep_ALL:TECHNIQUE_NOT_TSA::1 technique are not set as TSA
prokkaMN856090/MN856090:MN856090 (length 31866)

DiscRep_ALL:MISSING_STRUCTURED_COMMENT::1 sequences do not include structured comments.
prokkaMN856090/MN856090:MN856090 (length 31866)

DiscRep_ALL:MISSING_PROJECT::54 sequences do not include project.
prokkaMN856090/MN856090:MN856090 (length 31866)
prokkaMN856090/MN856090:MN856090_1 (length 66)
prokkaMN856090/MN856090:MN856090_2 (length 63)
prokkaMN856090/MN856090:MN856090_3 (length 73)
prokkaMN856090/MN856090:MN856090_4 (length 727)
prokkaMN856090/MN856090:MN856090_5 (length 428)
prokkaMN856090/MN856090:MN856090_6 (length 65)
prokkaMN856090/MN856090:MN856090_7 (length 140)
prokkaMN856090/MN856090:MN856090_8 (length 134)
prokkaMN856090/MN856090:MN856090_9 (length 112)
prokkaMN856090/MN856090:MN856090_10 (length 156)
prokkaMN856090/MN856090:MN856090_11 (length 83)
prokkaMN856090/MN856090:MN856090_12 (length 98)
prokkaMN856090/MN856090:MN856090_13 (length 105)
prokkaMN856090/MN856090:MN856090_14 (length 227)
prokkaMN856090/MN856090:MN856090_15 (length 100)
prokkaMN856090/MN856090:MN856090_16 (length 117)
prokkaMN856090/MN856090:MN856090_17 (length 125)
prokkaMN856090/MN856090:MN856090_18 (length 56)
prokkaMN856090/MN856090:MN856090_19 (length 98)
prokkaMN856090/MN856090:MN856090_20 (length 196)
prokkaMN856090/MN856090:MN856090_21 (length 99)
prokkaMN856090/MN856090:MN856090_22 (length 199)
prokkaMN856090/MN856090:MN856090_23 (length 126)
prokkaMN856090/MN856090:MN856090_24 (length 122)
prokkaMN856090/MN856090:MN856090_25 (length 290)
prokkaMN856090/MN856090:MN856090_26 (length 62)
prokkaMN856090/MN856090:MN856090_27 (length 97)
prokkaMN856090/MN856090:MN856090_28 (length 59)
prokkaMN856090/MN856090:MN856090_29 (length 147)
prokkaMN856090/MN856090:MN856090_30 (length 92)
prokkaMN856090/MN856090:MN856090_31 (length 135)
prokkaMN856090/MN856090:MN856090_32 (length 77)
prokkaMN856090/MN856090:MN856090_33 (length 85)
prokkaMN856090/MN856090:MN856090_34 (length 88)
prokkaMN856090/MN856090:MN856090_35 (length 109)
prokkaMN856090/MN856090:MN856090_36 (length 117)
prokkaMN856090/MN856090:MN856090_37 (length 97)
prokkaMN856090/MN856090:MN856090_38 (length 136)
prokkaMN856090/MN856090:MN856090_39 (length 125)
prokkaMN856090/MN856090:MN856090_40 (length 117)
prokkaMN856090/MN856090:MN856090_41 (length 400)
prokkaMN856090/MN856090:MN856090_42 (length 314)
prokkaMN856090/MN856090:MN856090_43 (length 196)
prokkaMN856090/MN856090:MN856090_44 (length 368)
prokkaMN856090/MN856090:MN856090_45 (length 309)
prokkaMN856090/MN856090:MN856090_46 (length 955)
prokkaMN856090/MN856090:MN856090_47 (length 117)
prokkaMN856090/MN856090:MN856090_48 (length 130)
prokkaMN856090/MN856090:MN856090_49 (length 204)
prokkaMN856090/MN856090:MN856090_50 (length 153)
prokkaMN856090/MN856090:MN856090_51 (length 112)
prokkaMN856090/MN856090:MN856090_52 (length 127)
prokkaMN856090/MN856090:MN856090_53 (length 231)

DiscRep_ALL:DISC_INCONSISTENT_MOLINFO_TECH::Molinfo Technique Report (some missing, all same)
DiscRep_SUB:DISC_INCONSISTENT_MOLINFO_TECH::technique (all missing)
DiscRep_SUB:DISC_INCONSISTENT_MOLINFO_TECH::1 Molinfos are missing field technique
prokkaMN856090/MN856090:MN856090 (length 31866)

