Opening log at 2021-04-21 09:28:32.586627
Iterating through fileSet at 2021-04-21 09:28:32.586933
fileSet is ['/home/james/Software/multiPhATE2/PipelineOutput/contig_2025/commoncore.cgc', '/home/james/Software/multiPhATE2/PipelineOutput/contig_2025/consensus.cgc', '/home/james/Software/multiPhATE2/PipelineOutput/contig_2025/glimmer.cgc', '/home/james/Software/multiPhATE2/PipelineOutput/contig_2025/phanotate.cgc', '/home/james/Software/multiPhATE2/PipelineOutput/contig_2025/prodigal.cgc', '/home/james/Software/multiPhATE2/PipelineOutput/contig_2025/superset.cgc']
Opening geneFile /home/james/Software/multiPhATE2/PipelineOutput/contig_2025/commoncore.cgc
Adding calls from geneFile /home/james/Software/multiPhATE2/PipelineOutput/contig_2025/commoncore.cgc
Appending call set  number of calls is: 0
Opening geneFile /home/james/Software/multiPhATE2/PipelineOutput/contig_2025/consensus.cgc
Adding calls from geneFile /home/james/Software/multiPhATE2/PipelineOutput/contig_2025/consensus.cgc
Appending call set  number of calls is: 0
Opening geneFile /home/james/Software/multiPhATE2/PipelineOutput/contig_2025/glimmer.cgc
Adding calls from geneFile /home/james/Software/multiPhATE2/PipelineOutput/contig_2025/glimmer.cgc
Appending call set  number of calls is: 16
Opening geneFile /home/james/Software/multiPhATE2/PipelineOutput/contig_2025/phanotate.cgc
Adding calls from geneFile /home/james/Software/multiPhATE2/PipelineOutput/contig_2025/phanotate.cgc
Appending call set  number of calls is: 28
Opening geneFile /home/james/Software/multiPhATE2/PipelineOutput/contig_2025/prodigal.cgc
Adding calls from geneFile /home/james/Software/multiPhATE2/PipelineOutput/contig_2025/prodigal.cgc
Appending call set  number of calls is: 17
Opening geneFile /home/james/Software/multiPhATE2/PipelineOutput/contig_2025/superset.cgc
Adding calls from geneFile /home/james/Software/multiPhATE2/PipelineOutput/contig_2025/superset.cgc
Appending call set  number of calls is: 0
All call sets have been added to caller list. Number of call sets in callerList: 6
callerList is   glimmer phanotate prodigal  
Total number of gene calls across callerList call sets is: 61
Sorting gene calls for each caller
Processing a callSet
Before sorting, Length of callerList for caller  is 0
After sorting, Length of callerList for caller  is 0
Processing a callSet
Before sorting, Length of callerList for caller  is 0
After sorting, Length of callerList for caller  is 0
Processing a callSet
Before sorting, Length of callerList for caller glimmer is 16
After sorting, Length of callerList for caller glimmer is 16
Processing a callSet
Before sorting, Length of callerList for caller phanotate is 28
After sorting, Length of callerList for caller phanotate is 28
Processing a callSet
Before sorting, Length of callerList for caller prodigal is 17
After sorting, Length of callerList for caller prodigal is 17
Processing a callSet
Before sorting, Length of callerList for caller  is 0
After sorting, Length of callerList for caller  is 0
callSet processing complete
Comparing across the call sets...
Merging the geneCall sets....
Final merged genes:

***************Merge List
1	Gene No. 1, gene caller: prodigal, leftEnd: 3, rightEnd: 227, strand: +, length: 225, contig: contig_2025, protein: unknown, score1: 1.0, score2: 0.0
2	Gene No. 1, gene caller: glimmer, leftEnd: 15, rightEnd: 227, strand: +, length: 213, contig: contig_2025, protein: unknown, score1: 1.0, score2: 0.0
3	Gene No. 1, gene caller: phanotate, leftEnd: 15, rightEnd: 227, strand: +, length: 213, contig: contig_2025, protein: unknown, score1: 1.0, score2: 0.0
4	Gene No. 2, gene caller: glimmer, leftEnd: 273, rightEnd: 440, strand: +, length: 168, contig: contig_2025, protein: unknown, score1: 1.0, score2: 0.0
5	Gene No. 2, gene caller: phanotate, leftEnd: 273, rightEnd: 440, strand: +, length: 168, contig: contig_2025, protein: unknown, score1: 1.0, score2: 0.0
6	Gene No. 2, gene caller: prodigal, leftEnd: 273, rightEnd: 440, strand: +, length: 168, contig: contig_2025, protein: unknown, score1: 1.0, score2: 0.0
7	Gene No. 3, gene caller: glimmer, leftEnd: 452, rightEnd: 877, strand: +, length: 426, contig: contig_2025, protein: unknown, score1: 1.0, score2: 0.0
8	Gene No. 3, gene caller: phanotate, leftEnd: 452, rightEnd: 877, strand: +, length: 426, contig: contig_2025, protein: unknown, score1: 1.0, score2: 0.0
9	Gene No. 3, gene caller: prodigal, leftEnd: 452, rightEnd: 877, strand: +, length: 426, contig: contig_2025, protein: unknown, score1: 1.0, score2: 0.0
10	Gene No. 4, gene caller: glimmer, leftEnd: 888, rightEnd: 1631, strand: +, length: 744, contig: contig_2025, protein: unknown, score1: 1.0, score2: 0.0
11	Gene No. 4, gene caller: phanotate, leftEnd: 888, rightEnd: 1631, strand: +, length: 744, contig: contig_2025, protein: unknown, score1: 1.0, score2: 0.0
12	Gene No. 4, gene caller: prodigal, leftEnd: 888, rightEnd: 1631, strand: +, length: 744, contig: contig_2025, protein: unknown, score1: 1.0, score2: 0.0
13	Gene No. 5, gene caller: glimmer, leftEnd: 1645, rightEnd: 1830, strand: +, length: 186, contig: contig_2025, protein: unknown, score1: 1.0, score2: 0.0
14	Gene No. 5, gene caller: phanotate, leftEnd: 1645, rightEnd: 1830, strand: +, length: 186, contig: contig_2025, protein: unknown, score1: 1.0, score2: 0.0
15	Gene No. 5, gene caller: prodigal, leftEnd: 1645, rightEnd: 1830, strand: +, length: 186, contig: contig_2025, protein: unknown, score1: 1.0, score2: 0.0
16	Gene No. 6, gene caller: phanotate, leftEnd: 2029, rightEnd: 2211, strand: +, length: 183, contig: contig_2025, protein: unknown, score1: 1.0, score2: 0.0
17	Gene No. 6, gene caller: glimmer, leftEnd: 2284, rightEnd: 2646, strand: +, length: 363, contig: contig_2025, protein: unknown, score1: 1.0, score2: 0.0
18	Gene No. 7, gene caller: phanotate, leftEnd: 2284, rightEnd: 2646, strand: +, length: 363, contig: contig_2025, protein: unknown, score1: 1.0, score2: 0.0
19	Gene No. 6, gene caller: prodigal, leftEnd: 2284, rightEnd: 2646, strand: +, length: 363, contig: contig_2025, protein: unknown, score1: 1.0, score2: 0.0
20	Gene No. 7, gene caller: glimmer, leftEnd: 2719, rightEnd: 3291, strand: +, length: 573, contig: contig_2025, protein: unknown, score1: 1.0, score2: 0.0
21	Gene No. 8, gene caller: phanotate, leftEnd: 2719, rightEnd: 3291, strand: +, length: 573, contig: contig_2025, protein: unknown, score1: 1.0, score2: 0.0
22	Gene No. 7, gene caller: prodigal, leftEnd: 2719, rightEnd: 3291, strand: +, length: 573, contig: contig_2025, protein: unknown, score1: 1.0, score2: 0.0
23	Gene No. 8, gene caller: glimmer, leftEnd: 3374, rightEnd: 3706, strand: -, length: 333, contig: contig_2025, protein: unknown, score1: 1.0, score2: 0.0
24	Gene No. 9, gene caller: phanotate, leftEnd: 3374, rightEnd: 3706, strand: -, length: 333, contig: contig_2025, protein: unknown, score1: 1.0, score2: 0.0
25	Gene No. 8, gene caller: prodigal, leftEnd: 3374, rightEnd: 3706, strand: -, length: 333, contig: contig_2025, protein: unknown, score1: 1.0, score2: 0.0
26	Gene No. 9, gene caller: glimmer, leftEnd: 3710, rightEnd: 4567, strand: -, length: 858, contig: contig_2025, protein: unknown, score1: 1.0, score2: 0.0
27	Gene No. 10, gene caller: phanotate, leftEnd: 3710, rightEnd: 4567, strand: -, length: 858, contig: contig_2025, protein: unknown, score1: 1.0, score2: 0.0
28	Gene No. 9, gene caller: prodigal, leftEnd: 3710, rightEnd: 4567, strand: -, length: 858, contig: contig_2025, protein: unknown, score1: 1.0, score2: 0.0
29	Gene No. 11, gene caller: phanotate, leftEnd: 4616, rightEnd: 4705, strand: +, length: 90, contig: contig_2025, protein: unknown, score1: 1.0, score2: 0.0
30	Gene No. 12, gene caller: phanotate, leftEnd: 4780, rightEnd: 4914, strand: -, length: 135, contig: contig_2025, protein: unknown, score1: 1.0, score2: 0.0
31	Gene No. 13, gene caller: phanotate, leftEnd: 4963, rightEnd: 5061, strand: +, length: 99, contig: contig_2025, protein: unknown, score1: 1.0, score2: 0.0
32	Gene No. 14, gene caller: phanotate, leftEnd: 5238, rightEnd: 5390, strand: -, length: 153, contig: contig_2025, protein: unknown, score1: 1.0, score2: 0.0
33	Gene No. 15, gene caller: phanotate, leftEnd: 5392, rightEnd: 5484, strand: -, length: 93, contig: contig_2025, protein: unknown, score1: 1.0, score2: 0.0
34	Gene No. 16, gene caller: phanotate, leftEnd: 5539, rightEnd: 5688, strand: -, length: 150, contig: contig_2025, protein: unknown, score1: 1.0, score2: 0.0
35	Gene No. 10, gene caller: glimmer, leftEnd: 5750, rightEnd: 5959, strand: +, length: 210, contig: contig_2025, protein: unknown, score1: 1.0, score2: 0.0
36	Gene No. 17, gene caller: phanotate, leftEnd: 5750, rightEnd: 5959, strand: +, length: 210, contig: contig_2025, protein: unknown, score1: 1.0, score2: 0.0
37	Gene No. 10, gene caller: prodigal, leftEnd: 5750, rightEnd: 5959, strand: +, length: 210, contig: contig_2025, protein: unknown, score1: 1.0, score2: 0.0
38	Gene No. 18, gene caller: phanotate, leftEnd: 6124, rightEnd: 6237, strand: -, length: 114, contig: contig_2025, protein: unknown, score1: 1.0, score2: 0.0
39	Gene No. 11, gene caller: glimmer, leftEnd: 6357, rightEnd: 6743, strand: -, length: 387, contig: contig_2025, protein: unknown, score1: 1.0, score2: 0.0
40	Gene No. 19, gene caller: phanotate, leftEnd: 6357, rightEnd: 6743, strand: -, length: 387, contig: contig_2025, protein: unknown, score1: 1.0, score2: 0.0
41	Gene No. 11, gene caller: prodigal, leftEnd: 6357, rightEnd: 6743, strand: -, length: 387, contig: contig_2025, protein: unknown, score1: 1.0, score2: 0.0
42	Gene No. 20, gene caller: phanotate, leftEnd: 6901, rightEnd: 7035, strand: -, length: 135, contig: contig_2025, protein: unknown, score1: 1.0, score2: 0.0
43	Gene No. 21, gene caller: phanotate, leftEnd: 7060, rightEnd: 7155, strand: -, length: 96, contig: contig_2025, protein: unknown, score1: 1.0, score2: 0.0
44	Gene No. 12, gene caller: glimmer, leftEnd: 7176, rightEnd: 7931, strand: -, length: 756, contig: contig_2025, protein: unknown, score1: 1.0, score2: 0.0
45	Gene No. 22, gene caller: phanotate, leftEnd: 7176, rightEnd: 7931, strand: -, length: 756, contig: contig_2025, protein: unknown, score1: 1.0, score2: 0.0
46	Gene No. 12, gene caller: prodigal, leftEnd: 7176, rightEnd: 7931, strand: -, length: 756, contig: contig_2025, protein: unknown, score1: 1.0, score2: 0.0
47	Gene No. 13, gene caller: glimmer, leftEnd: 7945, rightEnd: 8166, strand: -, length: 222, contig: contig_2025, protein: unknown, score1: 1.0, score2: 0.0
48	Gene No. 23, gene caller: phanotate, leftEnd: 7945, rightEnd: 8166, strand: -, length: 222, contig: contig_2025, protein: unknown, score1: 1.0, score2: 0.0
49	Gene No. 13, gene caller: prodigal, leftEnd: 7945, rightEnd: 8166, strand: -, length: 222, contig: contig_2025, protein: unknown, score1: 1.0, score2: 0.0
50	Gene No. 14, gene caller: glimmer, leftEnd: 8166, rightEnd: 8405, strand: -, length: 240, contig: contig_2025, protein: unknown, score1: 1.0, score2: 0.0
51	Gene No. 24, gene caller: phanotate, leftEnd: 8166, rightEnd: 8444, strand: -, length: 279, contig: contig_2025, protein: unknown, score1: 1.0, score2: 0.0
52	Gene No. 14, gene caller: prodigal, leftEnd: 8166, rightEnd: 8537, strand: -, length: 372, contig: contig_2025, protein: unknown, score1: 1.0, score2: 0.0
53	Gene No. 25, gene caller: phanotate, leftEnd: 8449, rightEnd: 8583, strand: -, length: 135, contig: contig_2025, protein: unknown, score1: 1.0, score2: 0.0
54	Gene No. 15, gene caller: glimmer, leftEnd: 8602, rightEnd: 8754, strand: -, length: 153, contig: contig_2025, protein: unknown, score1: 1.0, score2: 0.0
55	Gene No. 26, gene caller: phanotate, leftEnd: 8602, rightEnd: 8754, strand: -, length: 153, contig: contig_2025, protein: unknown, score1: 1.0, score2: 0.0
56	Gene No. 15, gene caller: prodigal, leftEnd: 8602, rightEnd: 8754, strand: -, length: 153, contig: contig_2025, protein: unknown, score1: 1.0, score2: 0.0
57	Gene No. 16, gene caller: glimmer, leftEnd: 8754, rightEnd: 9092, strand: -, length: 339, contig: contig_2025, protein: unknown, score1: 1.0, score2: 0.0
58	Gene No. 27, gene caller: phanotate, leftEnd: 8754, rightEnd: 9092, strand: -, length: 339, contig: contig_2025, protein: unknown, score1: 1.0, score2: 0.0
59	Gene No. 16, gene caller: prodigal, leftEnd: 8754, rightEnd: 9092, strand: -, length: 339, contig: contig_2025, protein: unknown, score1: 1.0, score2: 0.0
60	Gene No. 28, gene caller: phanotate, leftEnd: 9111, rightEnd: 9293, strand: -, length: 183, contig: contig_2025, protein: unknown, score1: 1.0, score2: 0.0
61	Gene No. 17, gene caller: prodigal, leftEnd: 9111, rightEnd: 9293, strand: -, length: 183, contig: contig_2025, protein: unknown, score1: 1.0, score2: 0.0
Comparing across geneCall sets....
Scoring gene calls....
Identifying common core...
This is the Common Core List:

***************Common Core
CC-gene 1	Gene No. 1, gene caller: All_callers, leftEnd: 273, rightEnd: 440, strand: +, length: 168, contig: contig_2025, protein: unknown, score1: 1.0, score2: 0.0
CC-gene 2	Gene No. 1, gene caller: All_callers, leftEnd: 452, rightEnd: 877, strand: +, length: 426, contig: contig_2025, protein: unknown, score1: 1.0, score2: 0.0
CC-gene 3	Gene No. 1, gene caller: All_callers, leftEnd: 888, rightEnd: 1631, strand: +, length: 744, contig: contig_2025, protein: unknown, score1: 1.0, score2: 0.0
CC-gene 4	Gene No. 1, gene caller: All_callers, leftEnd: 1645, rightEnd: 1830, strand: +, length: 186, contig: contig_2025, protein: unknown, score1: 1.0, score2: 0.0
CC-gene 5	Gene No. 1, gene caller: All_callers, leftEnd: 2284, rightEnd: 2646, strand: +, length: 363, contig: contig_2025, protein: unknown, score1: 1.0, score2: 0.0
CC-gene 6	Gene No. 1, gene caller: All_callers, leftEnd: 2719, rightEnd: 3291, strand: +, length: 573, contig: contig_2025, protein: unknown, score1: 1.0, score2: 0.0
CC-gene 7	Gene No. 1, gene caller: All_callers, leftEnd: 3374, rightEnd: 3706, strand: -, length: 333, contig: contig_2025, protein: unknown, score1: 1.0, score2: 0.0
CC-gene 8	Gene No. 1, gene caller: All_callers, leftEnd: 3710, rightEnd: 4567, strand: -, length: 858, contig: contig_2025, protein: unknown, score1: 1.0, score2: 0.0
CC-gene 9	Gene No. 1, gene caller: All_callers, leftEnd: 5750, rightEnd: 5959, strand: +, length: 210, contig: contig_2025, protein: unknown, score1: 1.0, score2: 0.0
CC-gene 10	Gene No. 1, gene caller: All_callers, leftEnd: 6357, rightEnd: 6743, strand: -, length: 387, contig: contig_2025, protein: unknown, score1: 1.0, score2: 0.0
CC-gene 11	Gene No. 1, gene caller: All_callers, leftEnd: 7176, rightEnd: 7931, strand: -, length: 756, contig: contig_2025, protein: unknown, score1: 1.0, score2: 0.0
CC-gene 12	Gene No. 1, gene caller: All_callers, leftEnd: 7945, rightEnd: 8166, strand: -, length: 222, contig: contig_2025, protein: unknown, score1: 1.0, score2: 0.0
CC-gene 13	Gene No. 1, gene caller: All_callers, leftEnd: 8602, rightEnd: 8754, strand: -, length: 153, contig: contig_2025, protein: unknown, score1: 1.0, score2: 0.0
CC-gene 14	Gene No. 1, gene caller: All_callers, leftEnd: 8754, rightEnd: 9092, strand: -, length: 339, contig: contig_2025, protein: unknown, score1: 1.0, score2: 0.0
Printing gene-call superset, consensus, and common_core in GFF and CGC formats
Printing report....
The following gene callers were considered: glimmer, phanotate, prodigal, The number of distinct gene calls over all gene callers is 31
The number of gene calls in common among all callers is 14
The number of unique (non-matching) gene calls is15
Caller glimmer produced 16 gene calls.
Caller glimmer gene-call length stats:  min: 153, max: 858, ave: 385.6875
Caller phanotate produced 28 gene calls.
Caller phanotate gene-call length stats:  min: 90, max: 858, ave: 277.7142857142857
Caller prodigal produced 17 gene calls.
Caller prodigal gene-call length stats:  min: 153, max: 858, ave: 382.2352941176471

Gene-call Scores:
Caller	Contig	Gene No.	Left End	Right End	Strand	gcScore
prodigal	contig_2025	1	3	227	+	0.50
glimmer	contig_2025	1	15	227	+	0.83
phanotate	contig_2025	1	15	227	+	0.83
glimmer	contig_2025	2	273	440	+	1.00
phanotate	contig_2025	2	273	440	+	1.00
prodigal	contig_2025	2	273	440	+	1.00
glimmer	contig_2025	3	452	877	+	1.00
phanotate	contig_2025	3	452	877	+	1.00
prodigal	contig_2025	3	452	877	+	1.00
glimmer	contig_2025	4	888	1631	+	1.00
phanotate	contig_2025	4	888	1631	+	1.00
prodigal	contig_2025	4	888	1631	+	1.00
glimmer	contig_2025	5	1645	1830	+	1.00
phanotate	contig_2025	5	1645	1830	+	1.00
prodigal	contig_2025	5	1645	1830	+	1.00
phanotate	contig_2025	6	2029	2211	+	0.33
glimmer	contig_2025	6	2284	2646	+	1.00
phanotate	contig_2025	7	2284	2646	+	1.00
prodigal	contig_2025	6	2284	2646	+	1.00
glimmer	contig_2025	7	2719	3291	+	1.00
phanotate	contig_2025	8	2719	3291	+	1.00
prodigal	contig_2025	7	2719	3291	+	1.00
glimmer	contig_2025	8	3374	3706	-	1.00
phanotate	contig_2025	9	3374	3706	-	1.00
prodigal	contig_2025	8	3374	3706	-	1.00
glimmer	contig_2025	9	3710	4567	-	1.00
phanotate	contig_2025	10	3710	4567	-	1.00
prodigal	contig_2025	9	3710	4567	-	1.00
phanotate	contig_2025	11	4616	4705	+	0.33
phanotate	contig_2025	12	4780	4914	-	0.33
phanotate	contig_2025	13	4963	5061	+	0.33
phanotate	contig_2025	14	5238	5390	-	0.33
phanotate	contig_2025	15	5392	5484	-	0.33
phanotate	contig_2025	16	5539	5688	-	0.33
glimmer	contig_2025	10	5750	5959	+	1.00
phanotate	contig_2025	17	5750	5959	+	1.00
prodigal	contig_2025	10	5750	5959	+	1.00
phanotate	contig_2025	18	6124	6237	-	0.33
glimmer	contig_2025	11	6357	6743	-	1.00
phanotate	contig_2025	19	6357	6743	-	1.00
prodigal	contig_2025	11	6357	6743	-	1.00
phanotate	contig_2025	20	6901	7035	-	0.33
phanotate	contig_2025	21	7060	7155	-	0.33
glimmer	contig_2025	12	7176	7931	-	1.00
phanotate	contig_2025	22	7176	7931	-	1.00
prodigal	contig_2025	12	7176	7931	-	1.00
glimmer	contig_2025	13	7945	8166	-	1.00
phanotate	contig_2025	23	7945	8166	-	1.00
prodigal	contig_2025	13	7945	8166	-	1.00
glimmer	contig_2025	14	8166	8405	-	0.50
phanotate	contig_2025	24	8166	8444	-	0.50
prodigal	contig_2025	14	8166	8537	-	0.50
phanotate	contig_2025	25	8449	8583	-	0.33
glimmer	contig_2025	15	8602	8754	-	1.00
phanotate	contig_2025	26	8602	8754	-	1.00
prodigal	contig_2025	15	8602	8754	-	1.00
glimmer	contig_2025	16	8754	9092	-	1.00
phanotate	contig_2025	27	8754	9092	-	1.00
prodigal	contig_2025	16	8754	9092	-	1.00
phanotate	contig_2025	28	9111	9293	-	0.83
prodigal	contig_2025	17	9111	9293	-	0.83

Gene-call Consensus Scores:
Caller glimmer average gene-call score: 0.96
Caller phanotate average gene-call score: 0.71
Caller prodigal average gene-call score: 0.93

***************Unique List
Unique gene call 1
  --  Gene No. 1, gene caller: prodigal, leftEnd: 3, rightEnd: 227, strand: +, length: 225, contig: contig_2025, protein: unknown, score1: 0.5, score2: 0.0
Unique gene call 2
  --  Gene No. 1, gene caller: glimmer, leftEnd: 15, rightEnd: 227, strand: +, length: 213, contig: contig_2025, protein: unknown, score1: 0.8333333333333333, score2: 0.0
  --  Gene No. 1, gene caller: phanotate, leftEnd: 15, rightEnd: 227, strand: +, length: 213, contig: contig_2025, protein: unknown, score1: 0.8333333333333333, score2: 0.0
Unique gene call 3
  --  Gene No. 2, gene caller: glimmer, leftEnd: 273, rightEnd: 440, strand: +, length: 168, contig: contig_2025, protein: unknown, score1: 1.0, score2: 0.0
  --  Gene No. 2, gene caller: phanotate, leftEnd: 273, rightEnd: 440, strand: +, length: 168, contig: contig_2025, protein: unknown, score1: 1.0, score2: 0.0
  --  Gene No. 2, gene caller: prodigal, leftEnd: 273, rightEnd: 440, strand: +, length: 168, contig: contig_2025, protein: unknown, score1: 1.0, score2: 0.0
Unique gene call 4
  --  Gene No. 3, gene caller: glimmer, leftEnd: 452, rightEnd: 877, strand: +, length: 426, contig: contig_2025, protein: unknown, score1: 1.0, score2: 0.0
  --  Gene No. 3, gene caller: phanotate, leftEnd: 452, rightEnd: 877, strand: +, length: 426, contig: contig_2025, protein: unknown, score1: 1.0, score2: 0.0
  --  Gene No. 3, gene caller: prodigal, leftEnd: 452, rightEnd: 877, strand: +, length: 426, contig: contig_2025, protein: unknown, score1: 1.0, score2: 0.0
Unique gene call 5
  --  Gene No. 4, gene caller: glimmer, leftEnd: 888, rightEnd: 1631, strand: +, length: 744, contig: contig_2025, protein: unknown, score1: 1.0, score2: 0.0
  --  Gene No. 4, gene caller: phanotate, leftEnd: 888, rightEnd: 1631, strand: +, length: 744, contig: contig_2025, protein: unknown, score1: 1.0, score2: 0.0
  --  Gene No. 4, gene caller: prodigal, leftEnd: 888, rightEnd: 1631, strand: +, length: 744, contig: contig_2025, protein: unknown, score1: 1.0, score2: 0.0
Unique gene call 6
  --  Gene No. 5, gene caller: glimmer, leftEnd: 1645, rightEnd: 1830, strand: +, length: 186, contig: contig_2025, protein: unknown, score1: 1.0, score2: 0.0
  --  Gene No. 5, gene caller: phanotate, leftEnd: 1645, rightEnd: 1830, strand: +, length: 186, contig: contig_2025, protein: unknown, score1: 1.0, score2: 0.0
  --  Gene No. 5, gene caller: prodigal, leftEnd: 1645, rightEnd: 1830, strand: +, length: 186, contig: contig_2025, protein: unknown, score1: 1.0, score2: 0.0
Unique gene call 7
  --  Gene No. 6, gene caller: phanotate, leftEnd: 2029, rightEnd: 2211, strand: +, length: 183, contig: contig_2025, protein: unknown, score1: 0.3333333333333333, score2: 0.0
Unique gene call 8
  --  Gene No. 6, gene caller: glimmer, leftEnd: 2284, rightEnd: 2646, strand: +, length: 363, contig: contig_2025, protein: unknown, score1: 1.0, score2: 0.0
  --  Gene No. 7, gene caller: phanotate, leftEnd: 2284, rightEnd: 2646, strand: +, length: 363, contig: contig_2025, protein: unknown, score1: 1.0, score2: 0.0
  --  Gene No. 6, gene caller: prodigal, leftEnd: 2284, rightEnd: 2646, strand: +, length: 363, contig: contig_2025, protein: unknown, score1: 1.0, score2: 0.0
Unique gene call 9
  --  Gene No. 7, gene caller: glimmer, leftEnd: 2719, rightEnd: 3291, strand: +, length: 573, contig: contig_2025, protein: unknown, score1: 1.0, score2: 0.0
  --  Gene No. 8, gene caller: phanotate, leftEnd: 2719, rightEnd: 3291, strand: +, length: 573, contig: contig_2025, protein: unknown, score1: 1.0, score2: 0.0
  --  Gene No. 7, gene caller: prodigal, leftEnd: 2719, rightEnd: 3291, strand: +, length: 573, contig: contig_2025, protein: unknown, score1: 1.0, score2: 0.0
Unique gene call 10
  --  Gene No. 8, gene caller: glimmer, leftEnd: 3374, rightEnd: 3706, strand: -, length: 333, contig: contig_2025, protein: unknown, score1: 1.0, score2: 0.0
  --  Gene No. 9, gene caller: phanotate, leftEnd: 3374, rightEnd: 3706, strand: -, length: 333, contig: contig_2025, protein: unknown, score1: 1.0, score2: 0.0
  --  Gene No. 8, gene caller: prodigal, leftEnd: 3374, rightEnd: 3706, strand: -, length: 333, contig: contig_2025, protein: unknown, score1: 1.0, score2: 0.0
Unique gene call 11
  --  Gene No. 9, gene caller: glimmer, leftEnd: 3710, rightEnd: 4567, strand: -, length: 858, contig: contig_2025, protein: unknown, score1: 1.0, score2: 0.0
  --  Gene No. 10, gene caller: phanotate, leftEnd: 3710, rightEnd: 4567, strand: -, length: 858, contig: contig_2025, protein: unknown, score1: 1.0, score2: 0.0
  --  Gene No. 9, gene caller: prodigal, leftEnd: 3710, rightEnd: 4567, strand: -, length: 858, contig: contig_2025, protein: unknown, score1: 1.0, score2: 0.0
Unique gene call 12
  --  Gene No. 11, gene caller: phanotate, leftEnd: 4616, rightEnd: 4705, strand: +, length: 90, contig: contig_2025, protein: unknown, score1: 0.3333333333333333, score2: 0.0
Unique gene call 13
  --  Gene No. 12, gene caller: phanotate, leftEnd: 4780, rightEnd: 4914, strand: -, length: 135, contig: contig_2025, protein: unknown, score1: 0.3333333333333333, score2: 0.0
Unique gene call 14
  --  Gene No. 13, gene caller: phanotate, leftEnd: 4963, rightEnd: 5061, strand: +, length: 99, contig: contig_2025, protein: unknown, score1: 0.3333333333333333, score2: 0.0
Unique gene call 15
  --  Gene No. 14, gene caller: phanotate, leftEnd: 5238, rightEnd: 5390, strand: -, length: 153, contig: contig_2025, protein: unknown, score1: 0.3333333333333333, score2: 0.0
Unique gene call 16
  --  Gene No. 15, gene caller: phanotate, leftEnd: 5392, rightEnd: 5484, strand: -, length: 93, contig: contig_2025, protein: unknown, score1: 0.3333333333333333, score2: 0.0
Unique gene call 17
  --  Gene No. 16, gene caller: phanotate, leftEnd: 5539, rightEnd: 5688, strand: -, length: 150, contig: contig_2025, protein: unknown, score1: 0.3333333333333333, score2: 0.0
Unique gene call 18
  --  Gene No. 10, gene caller: glimmer, leftEnd: 5750, rightEnd: 5959, strand: +, length: 210, contig: contig_2025, protein: unknown, score1: 1.0, score2: 0.0
  --  Gene No. 17, gene caller: phanotate, leftEnd: 5750, rightEnd: 5959, strand: +, length: 210, contig: contig_2025, protein: unknown, score1: 1.0, score2: 0.0
  --  Gene No. 10, gene caller: prodigal, leftEnd: 5750, rightEnd: 5959, strand: +, length: 210, contig: contig_2025, protein: unknown, score1: 1.0, score2: 0.0
Unique gene call 19
  --  Gene No. 18, gene caller: phanotate, leftEnd: 6124, rightEnd: 6237, strand: -, length: 114, contig: contig_2025, protein: unknown, score1: 0.3333333333333333, score2: 0.0
Unique gene call 20
  --  Gene No. 11, gene caller: glimmer, leftEnd: 6357, rightEnd: 6743, strand: -, length: 387, contig: contig_2025, protein: unknown, score1: 1.0, score2: 0.0
  --  Gene No. 19, gene caller: phanotate, leftEnd: 6357, rightEnd: 6743, strand: -, length: 387, contig: contig_2025, protein: unknown, score1: 1.0, score2: 0.0
  --  Gene No. 11, gene caller: prodigal, leftEnd: 6357, rightEnd: 6743, strand: -, length: 387, contig: contig_2025, protein: unknown, score1: 1.0, score2: 0.0
Unique gene call 21
  --  Gene No. 20, gene caller: phanotate, leftEnd: 6901, rightEnd: 7035, strand: -, length: 135, contig: contig_2025, protein: unknown, score1: 0.3333333333333333, score2: 0.0
Unique gene call 22
  --  Gene No. 21, gene caller: phanotate, leftEnd: 7060, rightEnd: 7155, strand: -, length: 96, contig: contig_2025, protein: unknown, score1: 0.3333333333333333, score2: 0.0
Unique gene call 23
  --  Gene No. 12, gene caller: glimmer, leftEnd: 7176, rightEnd: 7931, strand: -, length: 756, contig: contig_2025, protein: unknown, score1: 1.0, score2: 0.0
  --  Gene No. 22, gene caller: phanotate, leftEnd: 7176, rightEnd: 7931, strand: -, length: 756, contig: contig_2025, protein: unknown, score1: 1.0, score2: 0.0
  --  Gene No. 12, gene caller: prodigal, leftEnd: 7176, rightEnd: 7931, strand: -, length: 756, contig: contig_2025, protein: unknown, score1: 1.0, score2: 0.0
Unique gene call 24
  --  Gene No. 13, gene caller: glimmer, leftEnd: 7945, rightEnd: 8166, strand: -, length: 222, contig: contig_2025, protein: unknown, score1: 1.0, score2: 0.0
  --  Gene No. 23, gene caller: phanotate, leftEnd: 7945, rightEnd: 8166, strand: -, length: 222, contig: contig_2025, protein: unknown, score1: 1.0, score2: 0.0
  --  Gene No. 13, gene caller: prodigal, leftEnd: 7945, rightEnd: 8166, strand: -, length: 222, contig: contig_2025, protein: unknown, score1: 1.0, score2: 0.0
Unique gene call 25
  --  Gene No. 14, gene caller: glimmer, leftEnd: 8166, rightEnd: 8405, strand: -, length: 240, contig: contig_2025, protein: unknown, score1: 0.5, score2: 0.0
Unique gene call 26
  --  Gene No. 24, gene caller: phanotate, leftEnd: 8166, rightEnd: 8444, strand: -, length: 279, contig: contig_2025, protein: unknown, score1: 0.5, score2: 0.0
Unique gene call 27
  --  Gene No. 14, gene caller: prodigal, leftEnd: 8166, rightEnd: 8537, strand: -, length: 372, contig: contig_2025, protein: unknown, score1: 0.5, score2: 0.0
Unique gene call 28
  --  Gene No. 25, gene caller: phanotate, leftEnd: 8449, rightEnd: 8583, strand: -, length: 135, contig: contig_2025, protein: unknown, score1: 0.3333333333333333, score2: 0.0
Unique gene call 29
  --  Gene No. 15, gene caller: glimmer, leftEnd: 8602, rightEnd: 8754, strand: -, length: 153, contig: contig_2025, protein: unknown, score1: 1.0, score2: 0.0
  --  Gene No. 26, gene caller: phanotate, leftEnd: 8602, rightEnd: 8754, strand: -, length: 153, contig: contig_2025, protein: unknown, score1: 1.0, score2: 0.0
  --  Gene No. 15, gene caller: prodigal, leftEnd: 8602, rightEnd: 8754, strand: -, length: 153, contig: contig_2025, protein: unknown, score1: 1.0, score2: 0.0
Unique gene call 30
  --  Gene No. 16, gene caller: glimmer, leftEnd: 8754, rightEnd: 9092, strand: -, length: 339, contig: contig_2025, protein: unknown, score1: 1.0, score2: 0.0
  --  Gene No. 27, gene caller: phanotate, leftEnd: 8754, rightEnd: 9092, strand: -, length: 339, contig: contig_2025, protein: unknown, score1: 1.0, score2: 0.0
  --  Gene No. 16, gene caller: prodigal, leftEnd: 8754, rightEnd: 9092, strand: -, length: 339, contig: contig_2025, protein: unknown, score1: 1.0, score2: 0.0
Unique gene call 31
  --  Gene No. 28, gene caller: phanotate, leftEnd: 9111, rightEnd: 9293, strand: -, length: 183, contig: contig_2025, protein: unknown, score1: 0.8333333333333333, score2: 0.0
  --  Gene No. 17, gene caller: prodigal, leftEnd: 9111, rightEnd: 9293, strand: -, length: 183, contig: contig_2025, protein: unknown, score1: 0.8333333333333333, score2: 0.0
Code complete at 2021-04-21 09:28:32.603948
