Discrepancy Report Results

Summary
FATAL: MISSING_PROTEIN_ID:99 proteins have invalid IDs.
DISC_SOURCE_QUALS_ASNDISC:strain (all present, all unique)
DISC_SOURCE_QUALS_ASNDISC:taxname (all present, all unique)
DISC_FEATURE_COUNT:CDS: 99 present
DISC_COUNT_NUCLEOTIDES:1 nucleotide Bioseqs are present
FEATURE_LOCATION_CONFLICT:99 features have inconsistent gene locations.
OVERLAPPING_CDS:2 coding regions overlap another coding region with a similar or identical name.
DISC_QUALITY_SCORES:Quality scores are missing on all sequences.
ONCALLER_COMMENT_PRESENT:1 comment descriptors were found (all same)
SHORT_PROT_SEQUENCES:1 protein sequences are shorter than 50 aa.
MISSING_GENOMEASSEMBLY_COMMENTS:1 bioseqs are missing GenomeAssembly structured comments
MOLTYPE_NOT_MRNA:1 molecule types are not set as mRNA.
TECHNIQUE_NOT_TSA:1 technique are not set as TSA
MISSING_STRUCTURED_COMMENT:1 sequences do not include structured comments.
MISSING_PROJECT:100 sequences do not include project.
DISC_INCONSISTENT_MOLINFO_TECH:Molinfo Technique Report (some missing, all same)
DISC_GAPS:1 sequences contain gaps


Detailed Report

FATAL: DiscRep_ALL:MISSING_PROTEIN_ID::99 proteins have invalid IDs.
prokkascaffold_828/scaffold_828:scaffold_828_1 (length 58)
prokkascaffold_828/scaffold_828:scaffold_828_2 (length 222)
prokkascaffold_828/scaffold_828:scaffold_828_3 (length 100)
prokkascaffold_828/scaffold_828:scaffold_828_4 (length 80)
prokkascaffold_828/scaffold_828:scaffold_828_5 (length 89)
prokkascaffold_828/scaffold_828:scaffold_828_6 (length 50)
prokkascaffold_828/scaffold_828:scaffold_828_7 (length 152)
prokkascaffold_828/scaffold_828:scaffold_828_8 (length 91)
prokkascaffold_828/scaffold_828:scaffold_828_9 (length 214)
prokkascaffold_828/scaffold_828:scaffold_828_10 (length 67)
prokkascaffold_828/scaffold_828:scaffold_828_11 (length 99)
prokkascaffold_828/scaffold_828:scaffold_828_12 (length 245)
prokkascaffold_828/scaffold_828:scaffold_828_13 (length 218)
prokkascaffold_828/scaffold_828:scaffold_828_14 (length 124)
prokkascaffold_828/scaffold_828:scaffold_828_15 (length 95)
prokkascaffold_828/scaffold_828:scaffold_828_16 (length 114)
prokkascaffold_828/scaffold_828:scaffold_828_17 (length 147)
prokkascaffold_828/scaffold_828:scaffold_828_18 (length 99)
prokkascaffold_828/scaffold_828:scaffold_828_19 (length 117)
prokkascaffold_828/scaffold_828:scaffold_828_20 (length 117)
prokkascaffold_828/scaffold_828:scaffold_828_21 (length 62)
prokkascaffold_828/scaffold_828:scaffold_828_22 (length 181)
prokkascaffold_828/scaffold_828:scaffold_828_23 (length 53)
prokkascaffold_828/scaffold_828:scaffold_828_24 (length 107)
prokkascaffold_828/scaffold_828:scaffold_828_25 (length 108)
prokkascaffold_828/scaffold_828:scaffold_828_26 (length 146)
prokkascaffold_828/scaffold_828:scaffold_828_27 (length 119)
prokkascaffold_828/scaffold_828:scaffold_828_28 (length 733)
prokkascaffold_828/scaffold_828:scaffold_828_29 (length 168)
prokkascaffold_828/scaffold_828:scaffold_828_30 (length 106)
prokkascaffold_828/scaffold_828:scaffold_828_31 (length 156)
prokkascaffold_828/scaffold_828:scaffold_828_32 (length 408)
prokkascaffold_828/scaffold_828:scaffold_828_33 (length 422)
prokkascaffold_828/scaffold_828:scaffold_828_34 (length 279)
prokkascaffold_828/scaffold_828:scaffold_828_35 (length 378)
prokkascaffold_828/scaffold_828:scaffold_828_36 (length 166)
prokkascaffold_828/scaffold_828:scaffold_828_37 (length 318)
prokkascaffold_828/scaffold_828:scaffold_828_38 (length 125)
prokkascaffold_828/scaffold_828:scaffold_828_39 (length 166)
prokkascaffold_828/scaffold_828:scaffold_828_40 (length 108)
prokkascaffold_828/scaffold_828:scaffold_828_41 (length 154)
prokkascaffold_828/scaffold_828:scaffold_828_42 (length 503)
prokkascaffold_828/scaffold_828:scaffold_828_43 (length 143)
prokkascaffold_828/scaffold_828:scaffold_828_44 (length 138)
prokkascaffold_828/scaffold_828:scaffold_828_45 (length 477)
prokkascaffold_828/scaffold_828:scaffold_828_46 (length 84)
prokkascaffold_828/scaffold_828:scaffold_828_47 (length 108)
prokkascaffold_828/scaffold_828:scaffold_828_48 (length 157)
prokkascaffold_828/scaffold_828:scaffold_828_49 (length 89)
prokkascaffold_828/scaffold_828:scaffold_828_50 (length 61)
prokkascaffold_828/scaffold_828:scaffold_828_51 (length 177)
prokkascaffold_828/scaffold_828:scaffold_828_52 (length 132)
prokkascaffold_828/scaffold_828:scaffold_828_53 (length 113)
prokkascaffold_828/scaffold_828:scaffold_828_54 (length 108)
prokkascaffold_828/scaffold_828:scaffold_828_55 (length 250)
prokkascaffold_828/scaffold_828:scaffold_828_56 (length 234)
prokkascaffold_828/scaffold_828:scaffold_828_57 (length 190)
prokkascaffold_828/scaffold_828:scaffold_828_58 (length 145)
prokkascaffold_828/scaffold_828:scaffold_828_59 (length 60)
prokkascaffold_828/scaffold_828:scaffold_828_60 (length 87)
prokkascaffold_828/scaffold_828:scaffold_828_61 (length 143)
prokkascaffold_828/scaffold_828:scaffold_828_62 (length 121)
prokkascaffold_828/scaffold_828:scaffold_828_63 (length 267)
prokkascaffold_828/scaffold_828:scaffold_828_64 (length 78)
prokkascaffold_828/scaffold_828:scaffold_828_65 (length 217)
prokkascaffold_828/scaffold_828:scaffold_828_66 (length 517)
prokkascaffold_828/scaffold_828:scaffold_828_67 (length 150)
prokkascaffold_828/scaffold_828:scaffold_828_68 (length 81)
prokkascaffold_828/scaffold_828:scaffold_828_69 (length 155)
prokkascaffold_828/scaffold_828:scaffold_828_70 (length 390)
prokkascaffold_828/scaffold_828:scaffold_828_71 (length 70)
prokkascaffold_828/scaffold_828:scaffold_828_72 (length 41)
prokkascaffold_828/scaffold_828:scaffold_828_73 (length 266)
prokkascaffold_828/scaffold_828:scaffold_828_74 (length 272)
prokkascaffold_828/scaffold_828:scaffold_828_75 (length 114)
prokkascaffold_828/scaffold_828:scaffold_828_76 (length 96)
prokkascaffold_828/scaffold_828:scaffold_828_77 (length 96)
prokkascaffold_828/scaffold_828:scaffold_828_78 (length 114)
prokkascaffold_828/scaffold_828:scaffold_828_79 (length 272)
prokkascaffold_828/scaffold_828:scaffold_828_80 (length 51)
prokkascaffold_828/scaffold_828:scaffold_828_81 (length 189)
prokkascaffold_828/scaffold_828:scaffold_828_82 (length 124)
prokkascaffold_828/scaffold_828:scaffold_828_83 (length 291)
prokkascaffold_828/scaffold_828:scaffold_828_84 (length 88)
prokkascaffold_828/scaffold_828:scaffold_828_85 (length 119)
prokkascaffold_828/scaffold_828:scaffold_828_86 (length 84)
prokkascaffold_828/scaffold_828:scaffold_828_87 (length 63)
prokkascaffold_828/scaffold_828:scaffold_828_88 (length 93)
prokkascaffold_828/scaffold_828:scaffold_828_89 (length 119)
prokkascaffold_828/scaffold_828:scaffold_828_90 (length 124)
prokkascaffold_828/scaffold_828:scaffold_828_91 (length 73)
prokkascaffold_828/scaffold_828:scaffold_828_92 (length 74)
prokkascaffold_828/scaffold_828:scaffold_828_93 (length 340)
prokkascaffold_828/scaffold_828:scaffold_828_94 (length 81)
prokkascaffold_828/scaffold_828:scaffold_828_95 (length 203)
prokkascaffold_828/scaffold_828:scaffold_828_96 (length 420)
prokkascaffold_828/scaffold_828:scaffold_828_97 (length 941)
prokkascaffold_828/scaffold_828:scaffold_828_98 (length 76)
prokkascaffold_828/scaffold_828:scaffold_828_99 (length 107)

DiscRep_ALL:DISC_SOURCE_QUALS_ASNDISC::strain (all present, all unique)
DiscRep_SUB:DISC_SOURCE_QUALS_ASNDISC::1 sources have unique values for strain
DiscRep_ALL:DISC_SOURCE_QUALS_ASNDISC::taxname (all present, all unique)
DiscRep_SUB:DISC_SOURCE_QUALS_ASNDISC::1 sources have unique values for taxname
DiscRep_ALL:DISC_FEATURE_COUNT::CDS: 99 present
DiscRep_ALL:DISC_COUNT_NUCLEOTIDES::1 nucleotide Bioseqs are present
prokkascaffold_828/scaffold_828:scaffold_828 (length 60140, 100 gap)

DiscRep_ALL:FEATURE_LOCATION_CONFLICT::99 features have inconsistent gene locations.
DiscRep_SUB:FEATURE_LOCATION_CONFLICT::Coding region xref gene does not exist
prokkascaffold_828/scaffold_828:CDS	hypothetical protein	scaffold_828:c187-11	EIHECHFF_00001

DiscRep_SUB:FEATURE_LOCATION_CONFLICT::Coding region xref gene does not exist
prokkascaffold_828/scaffold_828:CDS	hypothetical protein	scaffold_828:c856-188	EIHECHFF_00002

DiscRep_SUB:FEATURE_LOCATION_CONFLICT::Coding region xref gene does not exist
prokkascaffold_828/scaffold_828:CDS	hypothetical protein	scaffold_828:c1151-849	EIHECHFF_00003

DiscRep_SUB:FEATURE_LOCATION_CONFLICT::Coding region xref gene does not exist
prokkascaffold_828/scaffold_828:CDS	hypothetical protein	scaffold_828:c1383-1141	EIHECHFF_00004

DiscRep_SUB:FEATURE_LOCATION_CONFLICT::Coding region xref gene does not exist
prokkascaffold_828/scaffold_828:CDS	hypothetical protein	scaffold_828:c1725-1456	EIHECHFF_00005

DiscRep_SUB:FEATURE_LOCATION_CONFLICT::Coding region xref gene does not exist
prokkascaffold_828/scaffold_828:CDS	hypothetical protein	scaffold_828:1889-2041	EIHECHFF_00006

DiscRep_SUB:FEATURE_LOCATION_CONFLICT::Coding region xref gene does not exist
prokkascaffold_828/scaffold_828:CDS	hypothetical protein	scaffold_828:2051-2509	EIHECHFF_00007

DiscRep_SUB:FEATURE_LOCATION_CONFLICT::Coding region xref gene does not exist
prokkascaffold_828/scaffold_828:CDS	hypothetical protein	scaffold_828:c3325-3050	EIHECHFF_00008

DiscRep_SUB:FEATURE_LOCATION_CONFLICT::Coding region xref gene does not exist
prokkascaffold_828/scaffold_828:CDS	putative HTH-type transcriptional regulator	scaffold_828:c4408-3764	EIHECHFF_00009

DiscRep_SUB:FEATURE_LOCATION_CONFLICT::Coding region xref gene does not exist
prokkascaffold_828/scaffold_828:CDS	hypothetical protein	scaffold_828:4521-4724	EIHECHFF_00010

DiscRep_SUB:FEATURE_LOCATION_CONFLICT::Coding region xref gene does not exist
prokkascaffold_828/scaffold_828:CDS	hypothetical protein	scaffold_828:4731-5030	EIHECHFF_00011

DiscRep_SUB:FEATURE_LOCATION_CONFLICT::Coding region xref gene does not exist
prokkascaffold_828/scaffold_828:CDS	hypothetical protein	scaffold_828:5027-5764	EIHECHFF_00012

DiscRep_SUB:FEATURE_LOCATION_CONFLICT::Coding region xref gene does not exist
prokkascaffold_828/scaffold_828:CDS	hypothetical protein	scaffold_828:5767-6423	EIHECHFF_00013

DiscRep_SUB:FEATURE_LOCATION_CONFLICT::Coding region xref gene does not exist
prokkascaffold_828/scaffold_828:CDS	hypothetical protein	scaffold_828:6407-6781	EIHECHFF_00014

DiscRep_SUB:FEATURE_LOCATION_CONFLICT::Coding region xref gene does not exist
prokkascaffold_828/scaffold_828:CDS	hypothetical protein	scaffold_828:6804-7091	EIHECHFF_00015

DiscRep_SUB:FEATURE_LOCATION_CONFLICT::Coding region xref gene does not exist
prokkascaffold_828/scaffold_828:CDS	hypothetical protein	scaffold_828:7155-7499	EIHECHFF_00016

DiscRep_SUB:FEATURE_LOCATION_CONFLICT::Coding region xref gene does not exist
prokkascaffold_828/scaffold_828:CDS	hypothetical protein	scaffold_828:7506-7949	EIHECHFF_00017

DiscRep_SUB:FEATURE_LOCATION_CONFLICT::Coding region xref gene does not exist
prokkascaffold_828/scaffold_828:CDS	hypothetical protein	scaffold_828:7949-8248	EIHECHFF_00018

DiscRep_SUB:FEATURE_LOCATION_CONFLICT::Coding region xref gene does not exist
prokkascaffold_828/scaffold_828:CDS	Crossover junction endodeoxyribonuclease RusA	scaffold_828:8245-8598	EIHECHFF_00019

DiscRep_SUB:FEATURE_LOCATION_CONFLICT::Coding region xref gene does not exist
prokkascaffold_828/scaffold_828:CDS	hypothetical protein	scaffold_828:8598-8951	EIHECHFF_00020

DiscRep_SUB:FEATURE_LOCATION_CONFLICT::Coding region xref gene does not exist
prokkascaffold_828/scaffold_828:CDS	hypothetical protein	scaffold_828:c9252-9064	EIHECHFF_00021

DiscRep_SUB:FEATURE_LOCATION_CONFLICT::Coding region xref gene does not exist
prokkascaffold_828/scaffold_828:CDS	Extracellular deoxyribonuclease	scaffold_828:9532-10077	EIHECHFF_00022

DiscRep_SUB:FEATURE_LOCATION_CONFLICT::Coding region xref gene does not exist
prokkascaffold_828/scaffold_828:CDS	Extracellular deoxyribonuclease	scaffold_828:10067-10228	EIHECHFF_00023

DiscRep_SUB:FEATURE_LOCATION_CONFLICT::Coding region xref gene does not exist
prokkascaffold_828/scaffold_828:CDS	hypothetical protein	scaffold_828:10478-10801	EIHECHFF_00024

DiscRep_SUB:FEATURE_LOCATION_CONFLICT::Coding region xref gene does not exist
prokkascaffold_828/scaffold_828:CDS	hypothetical protein	scaffold_828:10801-11127	EIHECHFF_00025

DiscRep_SUB:FEATURE_LOCATION_CONFLICT::Coding region xref gene does not exist
prokkascaffold_828/scaffold_828:CDS	hypothetical protein	scaffold_828:11124-11564	EIHECHFF_00026

DiscRep_SUB:FEATURE_LOCATION_CONFLICT::Coding region xref gene does not exist
prokkascaffold_828/scaffold_828:CDS	hypothetical protein	scaffold_828:11677-12036	EIHECHFF_00027

DiscRep_SUB:FEATURE_LOCATION_CONFLICT::Coding region xref gene does not exist
prokkascaffold_828/scaffold_828:CDS	hypothetical protein	scaffold_828:12364-14565	EIHECHFF_00028

DiscRep_SUB:FEATURE_LOCATION_CONFLICT::Coding region xref gene does not exist
prokkascaffold_828/scaffold_828:CDS	hypothetical protein	scaffold_828:14776-15282	EIHECHFF_00029

DiscRep_SUB:FEATURE_LOCATION_CONFLICT::Coding region xref gene does not exist
prokkascaffold_828/scaffold_828:CDS	hypothetical protein	scaffold_828:16193-16513	EIHECHFF_00030

DiscRep_SUB:FEATURE_LOCATION_CONFLICT::Coding region xref gene does not exist
prokkascaffold_828/scaffold_828:CDS	hypothetical protein	scaffold_828:16575-17045	EIHECHFF_00031

DiscRep_SUB:FEATURE_LOCATION_CONFLICT::Coding region xref gene does not exist
prokkascaffold_828/scaffold_828:CDS	hypothetical protein	scaffold_828:17051-18277	EIHECHFF_00032

DiscRep_SUB:FEATURE_LOCATION_CONFLICT::Coding region xref gene does not exist
prokkascaffold_828/scaffold_828:CDS	hypothetical protein	scaffold_828:18274-19542	EIHECHFF_00033

DiscRep_SUB:FEATURE_LOCATION_CONFLICT::Coding region xref gene does not exist
prokkascaffold_828/scaffold_828:CDS	hypothetical protein	scaffold_828:19499-20338	EIHECHFF_00034

DiscRep_SUB:FEATURE_LOCATION_CONFLICT::Coding region xref gene does not exist
prokkascaffold_828/scaffold_828:CDS	hypothetical protein	scaffold_828:20410-21546	EIHECHFF_00035

DiscRep_SUB:FEATURE_LOCATION_CONFLICT::Coding region xref gene does not exist
prokkascaffold_828/scaffold_828:CDS	hypothetical protein	scaffold_828:21546-22046	EIHECHFF_00036

DiscRep_SUB:FEATURE_LOCATION_CONFLICT::Coding region xref gene does not exist
prokkascaffold_828/scaffold_828:CDS	hypothetical protein	scaffold_828:22046-23002	EIHECHFF_00037

DiscRep_SUB:FEATURE_LOCATION_CONFLICT::Coding region xref gene does not exist
prokkascaffold_828/scaffold_828:CDS	hypothetical protein	scaffold_828:23019-23396	EIHECHFF_00038

DiscRep_SUB:FEATURE_LOCATION_CONFLICT::Coding region xref gene does not exist
prokkascaffold_828/scaffold_828:CDS	hypothetical protein	scaffold_828:23393-23893	EIHECHFF_00039

DiscRep_SUB:FEATURE_LOCATION_CONFLICT::Coding region xref gene does not exist
prokkascaffold_828/scaffold_828:CDS	hypothetical protein	scaffold_828:23890-24216	EIHECHFF_00040

DiscRep_SUB:FEATURE_LOCATION_CONFLICT::Coding region xref gene does not exist
prokkascaffold_828/scaffold_828:CDS	hypothetical protein	scaffold_828:24170-24634	EIHECHFF_00041

DiscRep_SUB:FEATURE_LOCATION_CONFLICT::Coding region xref gene does not exist
prokkascaffold_828/scaffold_828:CDS	hypothetical protein	scaffold_828:24637-26148	EIHECHFF_00042

DiscRep_SUB:FEATURE_LOCATION_CONFLICT::Coding region xref gene does not exist
prokkascaffold_828/scaffold_828:CDS	hypothetical protein	scaffold_828:26155-26586	EIHECHFF_00043

DiscRep_SUB:FEATURE_LOCATION_CONFLICT::Coding region xref gene does not exist
prokkascaffold_828/scaffold_828:CDS	hypothetical protein	scaffold_828:26586-27002	EIHECHFF_00044

DiscRep_SUB:FEATURE_LOCATION_CONFLICT::Coding region xref gene does not exist
prokkascaffold_828/scaffold_828:CDS	hypothetical protein	scaffold_828:27147-28580	EIHECHFF_00045

DiscRep_SUB:FEATURE_LOCATION_CONFLICT::Coding region xref gene does not exist
prokkascaffold_828/scaffold_828:CDS	hypothetical protein	scaffold_828:28789-29043	EIHECHFF_00046

DiscRep_SUB:FEATURE_LOCATION_CONFLICT::Coding region xref gene does not exist
prokkascaffold_828/scaffold_828:CDS	hypothetical protein	scaffold_828:29043-29369	EIHECHFF_00047

DiscRep_SUB:FEATURE_LOCATION_CONFLICT::Coding region xref gene does not exist
prokkascaffold_828/scaffold_828:CDS	hypothetical protein	scaffold_828:29314-29787	EIHECHFF_00048

DiscRep_SUB:FEATURE_LOCATION_CONFLICT::Coding region xref gene does not exist
prokkascaffold_828/scaffold_828:CDS	hypothetical protein	scaffold_828:29890-30159	EIHECHFF_00049

DiscRep_SUB:FEATURE_LOCATION_CONFLICT::Coding region xref gene does not exist
prokkascaffold_828/scaffold_828:CDS	hypothetical protein	scaffold_828:c30366-30181	EIHECHFF_00050

DiscRep_SUB:FEATURE_LOCATION_CONFLICT::Coding region xref gene does not exist
prokkascaffold_828/scaffold_828:CDS	hypothetical protein	scaffold_828:c30892-30359	EIHECHFF_00051

DiscRep_SUB:FEATURE_LOCATION_CONFLICT::Coding region xref gene does not exist
prokkascaffold_828/scaffold_828:CDS	hypothetical protein	scaffold_828:c31336-30938	EIHECHFF_00052

DiscRep_SUB:FEATURE_LOCATION_CONFLICT::Coding region xref gene does not exist
prokkascaffold_828/scaffold_828:CDS	hypothetical protein	scaffold_828:c32074-31733	EIHECHFF_00053

DiscRep_SUB:FEATURE_LOCATION_CONFLICT::Coding region xref gene does not exist
prokkascaffold_828/scaffold_828:CDS	hypothetical protein	scaffold_828:32314-32640	EIHECHFF_00054

DiscRep_SUB:FEATURE_LOCATION_CONFLICT::Coding region xref gene does not exist
prokkascaffold_828/scaffold_828:CDS	hypothetical protein	scaffold_828:32597-33349	EIHECHFF_00055

DiscRep_SUB:FEATURE_LOCATION_CONFLICT::Coding region xref gene does not exist
prokkascaffold_828/scaffold_828:CDS	hypothetical protein	scaffold_828:33394-34098	EIHECHFF_00056

DiscRep_SUB:FEATURE_LOCATION_CONFLICT::Coding region xref gene does not exist
prokkascaffold_828/scaffold_828:CDS	hypothetical protein	scaffold_828:c34687-34115	EIHECHFF_00057

DiscRep_SUB:FEATURE_LOCATION_CONFLICT::Coding region xref gene does not exist
prokkascaffold_828/scaffold_828:CDS	hypothetical protein	scaffold_828:c35228-34791	EIHECHFF_00058

DiscRep_SUB:FEATURE_LOCATION_CONFLICT::Coding region xref gene does not exist
prokkascaffold_828/scaffold_828:CDS	hypothetical protein	scaffold_828:c35433-35251	EIHECHFF_00059

DiscRep_SUB:FEATURE_LOCATION_CONFLICT::Coding region xref gene does not exist
prokkascaffold_828/scaffold_828:CDS	hypothetical protein	scaffold_828:35506-35769	EIHECHFF_00060

DiscRep_SUB:FEATURE_LOCATION_CONFLICT::Coding region xref gene does not exist
prokkascaffold_828/scaffold_828:CDS	hypothetical protein	scaffold_828:35744-36175	EIHECHFF_00061

DiscRep_SUB:FEATURE_LOCATION_CONFLICT::Coding region xref gene does not exist
prokkascaffold_828/scaffold_828:CDS	hypothetical protein	scaffold_828:36172-36537	EIHECHFF_00062

DiscRep_SUB:FEATURE_LOCATION_CONFLICT::Coding region xref gene does not exist
prokkascaffold_828/scaffold_828:CDS	hypothetical protein	scaffold_828:36518-37321	EIHECHFF_00063

DiscRep_SUB:FEATURE_LOCATION_CONFLICT::Coding region xref gene does not exist
prokkascaffold_828/scaffold_828:CDS	hypothetical protein	scaffold_828:37399-37635	EIHECHFF_00064

DiscRep_SUB:FEATURE_LOCATION_CONFLICT::Coding region xref gene does not exist
prokkascaffold_828/scaffold_828:CDS	hypothetical protein	scaffold_828:37628-38281	EIHECHFF_00065

DiscRep_SUB:FEATURE_LOCATION_CONFLICT::Coding region xref gene does not exist
prokkascaffold_828/scaffold_828:CDS	hypothetical protein	scaffold_828:38281-39834	EIHECHFF_00066

DiscRep_SUB:FEATURE_LOCATION_CONFLICT::Coding region xref gene does not exist
prokkascaffold_828/scaffold_828:CDS	Prophage tail fiber assembly protein TfaE	scaffold_828:39849-40301	EIHECHFF_00067

DiscRep_SUB:FEATURE_LOCATION_CONFLICT::Coding region xref gene does not exist
prokkascaffold_828/scaffold_828:CDS	hypothetical protein	scaffold_828:c40678-40433	EIHECHFF_00068

DiscRep_SUB:FEATURE_LOCATION_CONFLICT::Coding region xref gene does not exist
prokkascaffold_828/scaffold_828:CDS	hypothetical protein	scaffold_828:40757-41224	EIHECHFF_00069

DiscRep_SUB:FEATURE_LOCATION_CONFLICT::Coding region xref gene does not exist
prokkascaffold_828/scaffold_828:CDS	Prophage integrase IntS	scaffold_828:41527-42699	EIHECHFF_00070

DiscRep_SUB:FEATURE_LOCATION_CONFLICT::Coding region xref gene does not exist
prokkascaffold_828/scaffold_828:CDS	hypothetical protein	scaffold_828:c42900-42688	EIHECHFF_00071

DiscRep_SUB:FEATURE_LOCATION_CONFLICT::Coding region xref gene does not exist
prokkascaffold_828/scaffold_828:CDS	hypothetical protein	scaffold_828:c43442-43317	EIHECHFF_00072

DiscRep_SUB:FEATURE_LOCATION_CONFLICT::Coding region xref gene does not exist
prokkascaffold_828/scaffold_828:CDS	Protein RecT	scaffold_828:c44284-43484	EIHECHFF_00073

DiscRep_SUB:FEATURE_LOCATION_CONFLICT::Coding region xref gene does not exist
prokkascaffold_828/scaffold_828:CDS	Exodeoxyribonuclease 8	scaffold_828:c45095-44277	EIHECHFF_00074

DiscRep_SUB:FEATURE_LOCATION_CONFLICT::Coding region xref gene does not exist
prokkascaffold_828/scaffold_828:CDS	hypothetical protein	scaffold_828:c45442-45098	EIHECHFF_00075

DiscRep_SUB:FEATURE_LOCATION_CONFLICT::Coding region xref gene does not exist
prokkascaffold_828/scaffold_828:CDS	hypothetical protein	scaffold_828:c45921-45631	EIHECHFF_00076

DiscRep_SUB:FEATURE_LOCATION_CONFLICT::Coding region xref gene does not exist
prokkascaffold_828/scaffold_828:CDS	hypothetical protein	scaffold_828:46404-46694	EIHECHFF_00077

DiscRep_SUB:FEATURE_LOCATION_CONFLICT::Coding region xref gene does not exist
prokkascaffold_828/scaffold_828:CDS	hypothetical protein	scaffold_828:46890-47234	EIHECHFF_00078

DiscRep_SUB:FEATURE_LOCATION_CONFLICT::Coding region xref gene does not exist
prokkascaffold_828/scaffold_828:CDS	Exodeoxyribonuclease 8	scaffold_828:47237-48055	EIHECHFF_00079

DiscRep_SUB:FEATURE_LOCATION_CONFLICT::Coding region xref gene does not exist
prokkascaffold_828/scaffold_828:CDS	hypothetical protein	scaffold_828:c48253-48098	EIHECHFF_00080

DiscRep_SUB:FEATURE_LOCATION_CONFLICT::Coding region xref gene does not exist
prokkascaffold_828/scaffold_828:CDS	Protein RecT	scaffold_828:48280-48849	EIHECHFF_00081

DiscRep_SUB:FEATURE_LOCATION_CONFLICT::Coding region xref gene does not exist
prokkascaffold_828/scaffold_828:CDS	Single-stranded DNA-binding protein	scaffold_828:48866-49240	EIHECHFF_00082

DiscRep_SUB:FEATURE_LOCATION_CONFLICT::Coding region xref gene does not exist
prokkascaffold_828/scaffold_828:CDS	hypothetical protein	scaffold_828:49382-50257	EIHECHFF_00083

DiscRep_SUB:FEATURE_LOCATION_CONFLICT::Coding region xref gene does not exist
prokkascaffold_828/scaffold_828:CDS	hypothetical protein	scaffold_828:50372-50638	EIHECHFF_00084

DiscRep_SUB:FEATURE_LOCATION_CONFLICT::Coding region xref gene does not exist
prokkascaffold_828/scaffold_828:CDS	hypothetical protein	scaffold_828:50937-51296	EIHECHFF_00085

DiscRep_SUB:FEATURE_LOCATION_CONFLICT::Coding region xref gene does not exist
prokkascaffold_828/scaffold_828:CDS	hypothetical protein	scaffold_828:51281-51535	EIHECHFF_00086

DiscRep_SUB:FEATURE_LOCATION_CONFLICT::Coding region xref gene does not exist
prokkascaffold_828/scaffold_828:CDS	hypothetical protein	scaffold_828:51538-51729	EIHECHFF_00087

DiscRep_SUB:FEATURE_LOCATION_CONFLICT::Coding region xref gene does not exist
prokkascaffold_828/scaffold_828:CDS	hypothetical protein	scaffold_828:51757-52038	EIHECHFF_00088

DiscRep_SUB:FEATURE_LOCATION_CONFLICT::Coding region xref gene does not exist
prokkascaffold_828/scaffold_828:CDS	hypothetical protein	scaffold_828:52028-52387	EIHECHFF_00089

DiscRep_SUB:FEATURE_LOCATION_CONFLICT::Coding region xref gene does not exist
prokkascaffold_828/scaffold_828:CDS	hypothetical protein	scaffold_828:52399-52773	EIHECHFF_00090

DiscRep_SUB:FEATURE_LOCATION_CONFLICT::Coding region xref gene does not exist
prokkascaffold_828/scaffold_828:CDS	LexA repressor	scaffold_828:52871-53092	EIHECHFF_00091

DiscRep_SUB:FEATURE_LOCATION_CONFLICT::Coding region xref gene does not exist
prokkascaffold_828/scaffold_828:CDS	hypothetical protein	scaffold_828:53095-53319	EIHECHFF_00092

DiscRep_SUB:FEATURE_LOCATION_CONFLICT::Coding region xref gene does not exist
prokkascaffold_828/scaffold_828:CDS	hypothetical protein	scaffold_828:53303-54325	EIHECHFF_00093

DiscRep_SUB:FEATURE_LOCATION_CONFLICT::Coding region xref gene does not exist
prokkascaffold_828/scaffold_828:CDS	hypothetical protein	scaffold_828:54668-54913	EIHECHFF_00094

DiscRep_SUB:FEATURE_LOCATION_CONFLICT::Coding region xref gene does not exist
prokkascaffold_828/scaffold_828:CDS	Prophage tail fiber assembly protein TfaE	scaffold_828:c55493-54882	EIHECHFF_00095

DiscRep_SUB:FEATURE_LOCATION_CONFLICT::Coding region xref gene does not exist
prokkascaffold_828/scaffold_828:CDS	hypothetical protein	scaffold_828:c56767-55505	EIHECHFF_00096

DiscRep_SUB:FEATURE_LOCATION_CONFLICT::Coding region xref gene does not exist
prokkascaffold_828/scaffold_828:CDS	Chromosome partition protein Smc	scaffold_828:c59636-56811	EIHECHFF_00097

DiscRep_SUB:FEATURE_LOCATION_CONFLICT::Coding region xref gene does not exist
prokkascaffold_828/scaffold_828:CDS	hypothetical protein	scaffold_828:c59814-59584	EIHECHFF_00098

DiscRep_SUB:FEATURE_LOCATION_CONFLICT::Coding region xref gene does not exist
prokkascaffold_828/scaffold_828:CDS	hypothetical protein	scaffold_828:c60124-59801	EIHECHFF_00099

DiscRep_ALL:OVERLAPPING_CDS::2 coding regions overlap another coding region with a similar or identical name.
DiscRep_SUB:OVERLAPPING_CDS::2 coding regions overlap another coding region with a similar or identical name that do not have the appropriate note text
prokkascaffold_828/scaffold_828:CDS	Extracellular deoxyribonuclease	scaffold_828:9532-10077	EIHECHFF_00022
prokkascaffold_828/scaffold_828:CDS	Extracellular deoxyribonuclease	scaffold_828:10067-10228	EIHECHFF_00023

DiscRep_ALL:DISC_QUALITY_SCORES::Quality scores are missing on all sequences.

DiscRep_ALL:ONCALLER_COMMENT_PRESENT::1 comment descriptors were found (all same)
prokkascaffold_828/scaffold_828:scaffold_828:Annotated using prokka 1.14.6 from https://github.com/tseemann/prokka

DiscRep_ALL:SHORT_PROT_SEQUENCES::1 protein sequences are shorter than 50 aa.
prokkascaffold_828/scaffold_828:scaffold_828_72 (length 41)

DiscRep_ALL:MISSING_GENOMEASSEMBLY_COMMENTS::1 bioseqs are missing GenomeAssembly structured comments
prokkascaffold_828/scaffold_828:scaffold_828 (length 60140, 100 gap)

DiscRep_ALL:MOLTYPE_NOT_MRNA::1 molecule types are not set as mRNA.
prokkascaffold_828/scaffold_828:scaffold_828 (length 60140, 100 gap)

DiscRep_ALL:TECHNIQUE_NOT_TSA::1 technique are not set as TSA
prokkascaffold_828/scaffold_828:scaffold_828 (length 60140, 100 gap)

DiscRep_ALL:MISSING_STRUCTURED_COMMENT::1 sequences do not include structured comments.
prokkascaffold_828/scaffold_828:scaffold_828 (length 60140, 100 gap)

DiscRep_ALL:MISSING_PROJECT::100 sequences do not include project.
prokkascaffold_828/scaffold_828:scaffold_828 (length 60140, 100 gap)
prokkascaffold_828/scaffold_828:scaffold_828_1 (length 58)
prokkascaffold_828/scaffold_828:scaffold_828_2 (length 222)
prokkascaffold_828/scaffold_828:scaffold_828_3 (length 100)
prokkascaffold_828/scaffold_828:scaffold_828_4 (length 80)
prokkascaffold_828/scaffold_828:scaffold_828_5 (length 89)
prokkascaffold_828/scaffold_828:scaffold_828_6 (length 50)
prokkascaffold_828/scaffold_828:scaffold_828_7 (length 152)
prokkascaffold_828/scaffold_828:scaffold_828_8 (length 91)
prokkascaffold_828/scaffold_828:scaffold_828_9 (length 214)
prokkascaffold_828/scaffold_828:scaffold_828_10 (length 67)
prokkascaffold_828/scaffold_828:scaffold_828_11 (length 99)
prokkascaffold_828/scaffold_828:scaffold_828_12 (length 245)
prokkascaffold_828/scaffold_828:scaffold_828_13 (length 218)
prokkascaffold_828/scaffold_828:scaffold_828_14 (length 124)
prokkascaffold_828/scaffold_828:scaffold_828_15 (length 95)
prokkascaffold_828/scaffold_828:scaffold_828_16 (length 114)
prokkascaffold_828/scaffold_828:scaffold_828_17 (length 147)
prokkascaffold_828/scaffold_828:scaffold_828_18 (length 99)
prokkascaffold_828/scaffold_828:scaffold_828_19 (length 117)
prokkascaffold_828/scaffold_828:scaffold_828_20 (length 117)
prokkascaffold_828/scaffold_828:scaffold_828_21 (length 62)
prokkascaffold_828/scaffold_828:scaffold_828_22 (length 181)
prokkascaffold_828/scaffold_828:scaffold_828_23 (length 53)
prokkascaffold_828/scaffold_828:scaffold_828_24 (length 107)
prokkascaffold_828/scaffold_828:scaffold_828_25 (length 108)
prokkascaffold_828/scaffold_828:scaffold_828_26 (length 146)
prokkascaffold_828/scaffold_828:scaffold_828_27 (length 119)
prokkascaffold_828/scaffold_828:scaffold_828_28 (length 733)
prokkascaffold_828/scaffold_828:scaffold_828_29 (length 168)
prokkascaffold_828/scaffold_828:scaffold_828_30 (length 106)
prokkascaffold_828/scaffold_828:scaffold_828_31 (length 156)
prokkascaffold_828/scaffold_828:scaffold_828_32 (length 408)
prokkascaffold_828/scaffold_828:scaffold_828_33 (length 422)
prokkascaffold_828/scaffold_828:scaffold_828_34 (length 279)
prokkascaffold_828/scaffold_828:scaffold_828_35 (length 378)
prokkascaffold_828/scaffold_828:scaffold_828_36 (length 166)
prokkascaffold_828/scaffold_828:scaffold_828_37 (length 318)
prokkascaffold_828/scaffold_828:scaffold_828_38 (length 125)
prokkascaffold_828/scaffold_828:scaffold_828_39 (length 166)
prokkascaffold_828/scaffold_828:scaffold_828_40 (length 108)
prokkascaffold_828/scaffold_828:scaffold_828_41 (length 154)
prokkascaffold_828/scaffold_828:scaffold_828_42 (length 503)
prokkascaffold_828/scaffold_828:scaffold_828_43 (length 143)
prokkascaffold_828/scaffold_828:scaffold_828_44 (length 138)
prokkascaffold_828/scaffold_828:scaffold_828_45 (length 477)
prokkascaffold_828/scaffold_828:scaffold_828_46 (length 84)
prokkascaffold_828/scaffold_828:scaffold_828_47 (length 108)
prokkascaffold_828/scaffold_828:scaffold_828_48 (length 157)
prokkascaffold_828/scaffold_828:scaffold_828_49 (length 89)
prokkascaffold_828/scaffold_828:scaffold_828_50 (length 61)
prokkascaffold_828/scaffold_828:scaffold_828_51 (length 177)
prokkascaffold_828/scaffold_828:scaffold_828_52 (length 132)
prokkascaffold_828/scaffold_828:scaffold_828_53 (length 113)
prokkascaffold_828/scaffold_828:scaffold_828_54 (length 108)
prokkascaffold_828/scaffold_828:scaffold_828_55 (length 250)
prokkascaffold_828/scaffold_828:scaffold_828_56 (length 234)
prokkascaffold_828/scaffold_828:scaffold_828_57 (length 190)
prokkascaffold_828/scaffold_828:scaffold_828_58 (length 145)
prokkascaffold_828/scaffold_828:scaffold_828_59 (length 60)
prokkascaffold_828/scaffold_828:scaffold_828_60 (length 87)
prokkascaffold_828/scaffold_828:scaffold_828_61 (length 143)
prokkascaffold_828/scaffold_828:scaffold_828_62 (length 121)
prokkascaffold_828/scaffold_828:scaffold_828_63 (length 267)
prokkascaffold_828/scaffold_828:scaffold_828_64 (length 78)
prokkascaffold_828/scaffold_828:scaffold_828_65 (length 217)
prokkascaffold_828/scaffold_828:scaffold_828_66 (length 517)
prokkascaffold_828/scaffold_828:scaffold_828_67 (length 150)
prokkascaffold_828/scaffold_828:scaffold_828_68 (length 81)
prokkascaffold_828/scaffold_828:scaffold_828_69 (length 155)
prokkascaffold_828/scaffold_828:scaffold_828_70 (length 390)
prokkascaffold_828/scaffold_828:scaffold_828_71 (length 70)
prokkascaffold_828/scaffold_828:scaffold_828_72 (length 41)
prokkascaffold_828/scaffold_828:scaffold_828_73 (length 266)
prokkascaffold_828/scaffold_828:scaffold_828_74 (length 272)
prokkascaffold_828/scaffold_828:scaffold_828_75 (length 114)
prokkascaffold_828/scaffold_828:scaffold_828_76 (length 96)
prokkascaffold_828/scaffold_828:scaffold_828_77 (length 96)
prokkascaffold_828/scaffold_828:scaffold_828_78 (length 114)
prokkascaffold_828/scaffold_828:scaffold_828_79 (length 272)
prokkascaffold_828/scaffold_828:scaffold_828_80 (length 51)
prokkascaffold_828/scaffold_828:scaffold_828_81 (length 189)
prokkascaffold_828/scaffold_828:scaffold_828_82 (length 124)
prokkascaffold_828/scaffold_828:scaffold_828_83 (length 291)
prokkascaffold_828/scaffold_828:scaffold_828_84 (length 88)
prokkascaffold_828/scaffold_828:scaffold_828_85 (length 119)
prokkascaffold_828/scaffold_828:scaffold_828_86 (length 84)
prokkascaffold_828/scaffold_828:scaffold_828_87 (length 63)
prokkascaffold_828/scaffold_828:scaffold_828_88 (length 93)
prokkascaffold_828/scaffold_828:scaffold_828_89 (length 119)
prokkascaffold_828/scaffold_828:scaffold_828_90 (length 124)
prokkascaffold_828/scaffold_828:scaffold_828_91 (length 73)
prokkascaffold_828/scaffold_828:scaffold_828_92 (length 74)
prokkascaffold_828/scaffold_828:scaffold_828_93 (length 340)
prokkascaffold_828/scaffold_828:scaffold_828_94 (length 81)
prokkascaffold_828/scaffold_828:scaffold_828_95 (length 203)
prokkascaffold_828/scaffold_828:scaffold_828_96 (length 420)
prokkascaffold_828/scaffold_828:scaffold_828_97 (length 941)
prokkascaffold_828/scaffold_828:scaffold_828_98 (length 76)
prokkascaffold_828/scaffold_828:scaffold_828_99 (length 107)

DiscRep_ALL:DISC_INCONSISTENT_MOLINFO_TECH::Molinfo Technique Report (some missing, all same)
DiscRep_SUB:DISC_INCONSISTENT_MOLINFO_TECH::technique (all missing)
DiscRep_SUB:DISC_INCONSISTENT_MOLINFO_TECH::1 Molinfos are missing field technique
prokkascaffold_828/scaffold_828:scaffold_828 (length 60140, 100 gap)

DiscRep_ALL:DISC_GAPS::1 sequences contain gaps
prokkascaffold_828/scaffold_828:scaffold_828 (length 60140, 100 gap)

