[16:38:24] This is prokka 1.14.6
[16:38:24] Written by Torsten Seemann <torsten.seemann@gmail.com>
[16:38:24] Homepage is https://github.com/tseemann/prokka
[16:38:24] Local time is Mon Aug  9 16:38:24 2021
[16:38:24] You are james
[16:38:24] Operating system is linux
[16:38:24] You have BioPerl 1.007002
[16:38:24] System has 12 cores.
[16:38:24] Will use maximum of 8 cores.
[16:38:24] Annotating as >>> Bacteria <<<
[16:38:24] Generating locus_tag from 'JAAOBB010000121.1.fasta' contents.
[16:38:24] Setting --locustag CGGJGBJK from MD5 c0030b34d2604f998573bf64d19d0beb
[16:38:24] Creating new output folder: prokkaJAAOBB010000121.1
[16:38:24] Running: mkdir -p prokkaJAAOBB010000121\.1
[16:38:24] Using filename prefix: JAAOBB010000121.1.XXX
[16:38:24] Setting HMMER_NCPU=1
[16:38:24] Writing log to: prokkaJAAOBB010000121.1/JAAOBB010000121.1.log
[16:38:24] Command: /home/james/miniconda3/envs/prokka/bin/prokka JAAOBB010000121.1.fasta --outdir prokkaJAAOBB010000121.1 --prefix JAAOBB010000121.1 --force
[16:38:24] Appending to PATH: /home/james/miniconda3/envs/prokka/bin
[16:38:24] Looking for 'aragorn' - found /home/james/miniconda3/envs/prokka/bin/aragorn
[16:38:24] Determined aragorn version is 001002 from 'ARAGORN v1.2.38 Dean Laslett'
[16:38:24] Looking for 'barrnap' - found /home/james/miniconda3/envs/prokka/bin/barrnap
[16:38:24] Determined barrnap version is 000009 from 'barrnap 0.9'
[16:38:24] Looking for 'blastp' - found /home/james/miniconda3/envs/prokka/bin/blastp
[16:38:24] Determined blastp version is 002012 from 'blastp: 2.12.0+'
[16:38:24] Looking for 'cmpress' - found /home/james/miniconda3/envs/prokka/bin/cmpress
[16:38:24] Determined cmpress version is 001001 from '# INFERNAL 1.1.4 (Dec 2020)'
[16:38:24] Looking for 'cmscan' - found /home/james/miniconda3/envs/prokka/bin/cmscan
[16:38:24] Determined cmscan version is 001001 from '# INFERNAL 1.1.4 (Dec 2020)'
[16:38:24] Looking for 'egrep' - found /bin/egrep
[16:38:24] Looking for 'find' - found /usr/bin/find
[16:38:24] Looking for 'grep' - found /bin/grep
[16:38:24] Looking for 'hmmpress' - found /home/james/miniconda3/envs/prokka/bin/hmmpress
[16:38:24] Determined hmmpress version is 003003 from '# HMMER 3.3.2 (Nov 2020); http://hmmer.org/'
[16:38:24] Looking for 'hmmscan' - found /home/james/miniconda3/envs/prokka/bin/hmmscan
[16:38:24] Determined hmmscan version is 003003 from '# HMMER 3.3.2 (Nov 2020); http://hmmer.org/'
[16:38:24] Looking for 'java' - found /home/james/miniconda3/envs/prokka/bin/java
[16:38:24] Looking for 'makeblastdb' - found /home/james/miniconda3/envs/prokka/bin/makeblastdb
[16:38:25] Determined makeblastdb version is 002012 from 'makeblastdb: 2.12.0+'
[16:38:25] Looking for 'minced' - found /home/james/miniconda3/envs/prokka/bin/minced
[16:38:25] Determined minced version is 004002 from 'minced 0.4.2'
[16:38:25] Looking for 'parallel' - found /home/james/miniconda3/envs/prokka/bin/parallel
[16:38:25] Determined parallel version is 20210622 from 'GNU parallel 20210622'
[16:38:25] Looking for 'prodigal' - found /home/james/miniconda3/envs/prokka/bin/prodigal
[16:38:25] Determined prodigal version is 002006 from 'Prodigal V2.6.3: February, 2016'
[16:38:25] Looking for 'prokka-genbank_to_fasta_db' - found /home/james/miniconda3/envs/prokka/bin/prokka-genbank_to_fasta_db
[16:38:25] Looking for 'sed' - found /bin/sed
[16:38:25] Looking for 'tbl2asn' - found /home/james/miniconda3/envs/prokka/bin/tbl2asn
[16:38:25] Determined tbl2asn version is 025007 from 'tbl2asn 25.7   arguments:'
[16:38:25] Using genetic code table 11.
[16:38:25] Loading and checking input file: JAAOBB010000121.1.fasta
[16:38:25] Wrote 1 contigs totalling 19099 bp.
[16:38:25] Predicting tRNAs and tmRNAs
[16:38:25] Running: aragorn -l -gc11  -w prokkaJAAOBB010000121\.1\/JAAOBB010000121\.1\.fna
[16:38:25] Found 0 tRNAs
[16:38:25] Predicting Ribosomal RNAs
[16:38:25] Running Barrnap with 8 threads
[16:38:25] Found 0 rRNAs
[16:38:25] Skipping ncRNA search, enable with --rfam if desired.
[16:38:25] Total of 0 tRNA + rRNA features
[16:38:25] Searching for CRISPR repeats
[16:38:25] Found 0 CRISPRs
[16:38:25] Predicting coding sequences
[16:38:25] Contigs total 19099 bp, so using meta mode
[16:38:25] Running: prodigal -i prokkaJAAOBB010000121\.1\/JAAOBB010000121\.1\.fna -c -m -g 11 -p meta -f sco -q
[16:38:25] Found 26 CDS
[16:38:25] Connecting features back to sequences
[16:38:25] Not using genus-specific database. Try --usegenus to enable it.
[16:38:25] Annotating CDS, please be patient.
[16:38:25] Will use 8 CPUs for similarity searching.
[16:38:25] There are still 26 unannotated CDS left (started with 26)
[16:38:25] Will use blast to search against /home/james/miniconda3/envs/prokka/db/kingdom/Bacteria/IS with 8 CPUs
[16:38:25] Running: cat prokkaJAAOBB010000121\.1\/JAAOBB010000121\.1\.IS\.tmp\.228364\.faa | parallel --gnu --plain -j 8 --block 381 --recstart '>' --pipe blastp -query - -db /home/james/miniconda3/envs/prokka/db/kingdom/Bacteria/IS -evalue 1e-30 -qcov_hsp_perc 90 -num_threads 1 -num_descriptions 1 -num_alignments 1 -seg no > prokkaJAAOBB010000121\.1\/JAAOBB010000121\.1\.IS\.tmp\.228364\.blast 2> /dev/null
[16:38:26] Deleting unwanted file: prokkaJAAOBB010000121.1/JAAOBB010000121.1.IS.tmp.228364.faa
[16:38:26] Deleting unwanted file: prokkaJAAOBB010000121.1/JAAOBB010000121.1.IS.tmp.228364.blast
[16:38:26] There are still 26 unannotated CDS left (started with 26)
[16:38:26] Will use blast to search against /home/james/miniconda3/envs/prokka/db/kingdom/Bacteria/AMR with 8 CPUs
[16:38:26] Running: cat prokkaJAAOBB010000121\.1\/JAAOBB010000121\.1\.AMR\.tmp\.228364\.faa | parallel --gnu --plain -j 8 --block 381 --recstart '>' --pipe blastp -query - -db /home/james/miniconda3/envs/prokka/db/kingdom/Bacteria/AMR -evalue 9.99999999999999e-301 -qcov_hsp_perc 90 -num_threads 1 -num_descriptions 1 -num_alignments 1 -seg no > prokkaJAAOBB010000121\.1\/JAAOBB010000121\.1\.AMR\.tmp\.228364\.blast 2> /dev/null
[16:38:28] Deleting unwanted file: prokkaJAAOBB010000121.1/JAAOBB010000121.1.AMR.tmp.228364.faa
[16:38:28] Deleting unwanted file: prokkaJAAOBB010000121.1/JAAOBB010000121.1.AMR.tmp.228364.blast
[16:38:28] There are still 26 unannotated CDS left (started with 26)
[16:38:28] Will use blast to search against /home/james/miniconda3/envs/prokka/db/kingdom/Bacteria/sprot with 8 CPUs
[16:38:28] Running: cat prokkaJAAOBB010000121\.1\/JAAOBB010000121\.1\.sprot\.tmp\.228364\.faa | parallel --gnu --plain -j 8 --block 381 --recstart '>' --pipe blastp -query - -db /home/james/miniconda3/envs/prokka/db/kingdom/Bacteria/sprot -evalue 1e-09 -qcov_hsp_perc 80 -num_threads 1 -num_descriptions 1 -num_alignments 1 -seg no > prokkaJAAOBB010000121\.1\/JAAOBB010000121\.1\.sprot\.tmp\.228364\.blast 2> /dev/null
[16:38:29] Deleting unwanted file: prokkaJAAOBB010000121.1/JAAOBB010000121.1.sprot.tmp.228364.faa
[16:38:29] Deleting unwanted file: prokkaJAAOBB010000121.1/JAAOBB010000121.1.sprot.tmp.228364.blast
[16:38:29] There are still 26 unannotated CDS left (started with 26)
[16:38:29] Will use hmmer3 to search against /home/james/miniconda3/envs/prokka/db/hmm/HAMAP.hmm with 8 CPUs
[16:38:29] Running: cat prokkaJAAOBB010000121\.1\/JAAOBB010000121\.1\.HAMAP\.hmm\.tmp\.228364\.faa | parallel --gnu --plain -j 8 --block 381 --recstart '>' --pipe hmmscan --noali --notextw --acc -E 1e-09 --cpu 1 /home/james/miniconda3/envs/prokka/db/hmm/HAMAP.hmm /dev/stdin > prokkaJAAOBB010000121\.1\/JAAOBB010000121\.1\.HAMAP\.hmm\.tmp\.228364\.hmmer3 2> /dev/null
[16:38:30] Deleting unwanted file: prokkaJAAOBB010000121.1/JAAOBB010000121.1.HAMAP.hmm.tmp.228364.faa
[16:38:30] Deleting unwanted file: prokkaJAAOBB010000121.1/JAAOBB010000121.1.HAMAP.hmm.tmp.228364.hmmer3
[16:38:30] Labelling remaining 26 proteins as 'hypothetical protein'
[16:38:30] Found 0 unique /gene codes.
[16:38:30] Fixed 0 colliding /gene names.
[16:38:30] Adding /locus_tag identifiers
[16:38:30] Assigned 26 locus_tags to CDS and RNA features.
[16:38:30] Writing outputs to prokkaJAAOBB010000121.1/
[16:38:30] Generating annotation statistics file
[16:38:30] Generating Genbank and Sequin files
[16:38:30] Running: tbl2asn -V b -a r10k -l paired-ends -M n -N 1 -y 'Annotated using prokka 1.14.6 from https://github.com/tseemann/prokka' -Z prokkaJAAOBB010000121\.1\/JAAOBB010000121\.1\.err -i prokkaJAAOBB010000121\.1\/JAAOBB010000121\.1\.fsa 2> /dev/null
[16:38:30] Deleting unwanted file: prokkaJAAOBB010000121.1/errorsummary.val
[16:38:30] Deleting unwanted file: prokkaJAAOBB010000121.1/JAAOBB010000121.1.dr
[16:38:30] Deleting unwanted file: prokkaJAAOBB010000121.1/JAAOBB010000121.1.fixedproducts
[16:38:30] Deleting unwanted file: prokkaJAAOBB010000121.1/JAAOBB010000121.1.ecn
[16:38:30] Deleting unwanted file: prokkaJAAOBB010000121.1/JAAOBB010000121.1.val
[16:38:30] Repairing broken .GBK output that tbl2asn produces...
[16:38:30] Running: sed 's/COORDINATES: profile/COORDINATES:profile/' < prokkaJAAOBB010000121\.1\/JAAOBB010000121\.1\.gbf > prokkaJAAOBB010000121\.1\/JAAOBB010000121\.1\.gbk
[16:38:30] Deleting unwanted file: prokkaJAAOBB010000121.1/JAAOBB010000121.1.gbf
[16:38:30] Output files:
[16:38:30] prokkaJAAOBB010000121.1/JAAOBB010000121.1.tsv
[16:38:30] prokkaJAAOBB010000121.1/JAAOBB010000121.1.gbk
[16:38:30] prokkaJAAOBB010000121.1/JAAOBB010000121.1.fsa
[16:38:30] prokkaJAAOBB010000121.1/JAAOBB010000121.1.err
[16:38:30] prokkaJAAOBB010000121.1/JAAOBB010000121.1.gff
[16:38:30] prokkaJAAOBB010000121.1/JAAOBB010000121.1.txt
[16:38:30] prokkaJAAOBB010000121.1/JAAOBB010000121.1.log
[16:38:30] prokkaJAAOBB010000121.1/JAAOBB010000121.1.faa
[16:38:30] prokkaJAAOBB010000121.1/JAAOBB010000121.1.ffn
[16:38:30] prokkaJAAOBB010000121.1/JAAOBB010000121.1.tbl
[16:38:30] prokkaJAAOBB010000121.1/JAAOBB010000121.1.fna
[16:38:30] prokkaJAAOBB010000121.1/JAAOBB010000121.1.sqn
[16:38:30] Annotation finished successfully.
[16:38:30] Walltime used: 0.10 minutes
[16:38:30] If you use this result please cite the Prokka paper:
[16:38:30] Seemann T (2014) Prokka: rapid prokaryotic genome annotation. Bioinformatics. 30(14):2068-9.
[16:38:30] Type 'prokka --citation' for more details.
[16:38:30] Thank you, come again.
