Opening log at 2021-04-21 09:53:45.339046
Iterating through fileSet at 2021-04-21 09:53:45.339173
fileSet is ['/home/james/Software/multiPhATE2/PipelineOutput/circular_read_240/commoncore.cgc', '/home/james/Software/multiPhATE2/PipelineOutput/circular_read_240/consensus.cgc', '/home/james/Software/multiPhATE2/PipelineOutput/circular_read_240/glimmer.cgc', '/home/james/Software/multiPhATE2/PipelineOutput/circular_read_240/phanotate.cgc', '/home/james/Software/multiPhATE2/PipelineOutput/circular_read_240/prodigal.cgc', '/home/james/Software/multiPhATE2/PipelineOutput/circular_read_240/superset.cgc']
Opening geneFile /home/james/Software/multiPhATE2/PipelineOutput/circular_read_240/commoncore.cgc
Adding calls from geneFile /home/james/Software/multiPhATE2/PipelineOutput/circular_read_240/commoncore.cgc
Appending call set  number of calls is: 0
Opening geneFile /home/james/Software/multiPhATE2/PipelineOutput/circular_read_240/consensus.cgc
Adding calls from geneFile /home/james/Software/multiPhATE2/PipelineOutput/circular_read_240/consensus.cgc
Appending call set  number of calls is: 0
Opening geneFile /home/james/Software/multiPhATE2/PipelineOutput/circular_read_240/glimmer.cgc
Adding calls from geneFile /home/james/Software/multiPhATE2/PipelineOutput/circular_read_240/glimmer.cgc
Appending call set  number of calls is: 15
Opening geneFile /home/james/Software/multiPhATE2/PipelineOutput/circular_read_240/phanotate.cgc
Adding calls from geneFile /home/james/Software/multiPhATE2/PipelineOutput/circular_read_240/phanotate.cgc
Appending call set  number of calls is: 19
Opening geneFile /home/james/Software/multiPhATE2/PipelineOutput/circular_read_240/prodigal.cgc
Adding calls from geneFile /home/james/Software/multiPhATE2/PipelineOutput/circular_read_240/prodigal.cgc
Appending call set  number of calls is: 17
Opening geneFile /home/james/Software/multiPhATE2/PipelineOutput/circular_read_240/superset.cgc
Adding calls from geneFile /home/james/Software/multiPhATE2/PipelineOutput/circular_read_240/superset.cgc
Appending call set  number of calls is: 0
All call sets have been added to caller list. Number of call sets in callerList: 6
callerList is   glimmer phanotate prodigal  
Total number of gene calls across callerList call sets is: 51
Sorting gene calls for each caller
Processing a callSet
Before sorting, Length of callerList for caller  is 0
After sorting, Length of callerList for caller  is 0
Processing a callSet
Before sorting, Length of callerList for caller  is 0
After sorting, Length of callerList for caller  is 0
Processing a callSet
Before sorting, Length of callerList for caller glimmer is 15
After sorting, Length of callerList for caller glimmer is 15
Processing a callSet
Before sorting, Length of callerList for caller phanotate is 19
After sorting, Length of callerList for caller phanotate is 19
Processing a callSet
Before sorting, Length of callerList for caller prodigal is 17
After sorting, Length of callerList for caller prodigal is 17
Processing a callSet
Before sorting, Length of callerList for caller  is 0
After sorting, Length of callerList for caller  is 0
callSet processing complete
Comparing across the call sets...
Merging the geneCall sets....
Final merged genes:

***************Merge List
1	Gene No. 1, gene caller: phanotate, leftEnd: 1, rightEnd: 150, strand: -, length: 150, contig: circular_read_240, protein: unknown, score1: 1.0, score2: 0.0
2	Gene No. 1, gene caller: prodigal, leftEnd: 1, rightEnd: 150, strand: -, length: 150, contig: circular_read_240, protein: unknown, score1: 1.0, score2: 0.0
3	Gene No. 1, gene caller: glimmer, leftEnd: 164, rightEnd: 766, strand: -, length: 603, contig: circular_read_240, protein: unknown, score1: 1.0, score2: 0.0
4	Gene No. 2, gene caller: phanotate, leftEnd: 164, rightEnd: 766, strand: -, length: 603, contig: circular_read_240, protein: unknown, score1: 1.0, score2: 0.0
5	Gene No. 2, gene caller: prodigal, leftEnd: 164, rightEnd: 766, strand: -, length: 603, contig: circular_read_240, protein: unknown, score1: 1.0, score2: 0.0
6	Gene No. 3, gene caller: prodigal, leftEnd: 898, rightEnd: 1542, strand: +, length: 645, contig: circular_read_240, protein: unknown, score1: 1.0, score2: 0.0
7	Gene No. 2, gene caller: glimmer, leftEnd: 940, rightEnd: 1542, strand: +, length: 603, contig: circular_read_240, protein: unknown, score1: 1.0, score2: 0.0
8	Gene No. 3, gene caller: phanotate, leftEnd: 940, rightEnd: 1542, strand: +, length: 603, contig: circular_read_240, protein: unknown, score1: 1.0, score2: 0.0
9	Gene No. 3, gene caller: glimmer, leftEnd: 1556, rightEnd: 2014, strand: +, length: 459, contig: circular_read_240, protein: unknown, score1: 1.0, score2: 0.0
10	Gene No. 4, gene caller: phanotate, leftEnd: 1556, rightEnd: 2014, strand: +, length: 459, contig: circular_read_240, protein: unknown, score1: 1.0, score2: 0.0
11	Gene No. 4, gene caller: prodigal, leftEnd: 1556, rightEnd: 2014, strand: +, length: 459, contig: circular_read_240, protein: unknown, score1: 1.0, score2: 0.0
12	Gene No. 4, gene caller: glimmer, leftEnd: 2011, rightEnd: 2277, strand: -, length: 267, contig: circular_read_240, protein: unknown, score1: 1.0, score2: 0.0
13	Gene No. 5, gene caller: phanotate, leftEnd: 2027, rightEnd: 2317, strand: +, length: 291, contig: circular_read_240, protein: unknown, score1: 1.0, score2: 0.0
14	Gene No. 5, gene caller: prodigal, leftEnd: 2027, rightEnd: 2317, strand: +, length: 291, contig: circular_read_240, protein: unknown, score1: 1.0, score2: 0.0
15	Gene No. 5, gene caller: glimmer, leftEnd: 2317, rightEnd: 2676, strand: +, length: 360, contig: circular_read_240, protein: unknown, score1: 1.0, score2: 0.0
16	Gene No. 6, gene caller: phanotate, leftEnd: 2317, rightEnd: 2676, strand: +, length: 360, contig: circular_read_240, protein: unknown, score1: 1.0, score2: 0.0
17	Gene No. 6, gene caller: prodigal, leftEnd: 2317, rightEnd: 2676, strand: +, length: 360, contig: circular_read_240, protein: unknown, score1: 1.0, score2: 0.0
18	Gene No. 7, gene caller: prodigal, leftEnd: 2648, rightEnd: 3007, strand: +, length: 360, contig: circular_read_240, protein: unknown, score1: 1.0, score2: 0.0
19	Gene No. 6, gene caller: glimmer, leftEnd: 2669, rightEnd: 3007, strand: +, length: 339, contig: circular_read_240, protein: unknown, score1: 1.0, score2: 0.0
20	Gene No. 7, gene caller: phanotate, leftEnd: 2669, rightEnd: 3007, strand: +, length: 339, contig: circular_read_240, protein: unknown, score1: 1.0, score2: 0.0
21	Gene No. 8, gene caller: phanotate, leftEnd: 3009, rightEnd: 3173, strand: +, length: 165, contig: circular_read_240, protein: unknown, score1: 1.0, score2: 0.0
22	Gene No. 7, gene caller: glimmer, leftEnd: 3151, rightEnd: 3408, strand: +, length: 258, contig: circular_read_240, protein: unknown, score1: 1.0, score2: 0.0
23	Gene No. 9, gene caller: phanotate, leftEnd: 3151, rightEnd: 3408, strand: +, length: 258, contig: circular_read_240, protein: unknown, score1: 1.0, score2: 0.0
24	Gene No. 8, gene caller: prodigal, leftEnd: 3151, rightEnd: 3408, strand: +, length: 258, contig: circular_read_240, protein: unknown, score1: 1.0, score2: 0.0
25	Gene No. 8, gene caller: glimmer, leftEnd: 3385, rightEnd: 3582, strand: -, length: 198, contig: circular_read_240, protein: unknown, score1: 1.0, score2: 0.0
26	Gene No. 9, gene caller: prodigal, leftEnd: 3385, rightEnd: 3582, strand: -, length: 198, contig: circular_read_240, protein: unknown, score1: 1.0, score2: 0.0
27	Gene No. 10, gene caller: phanotate, leftEnd: 3459, rightEnd: 3599, strand: +, length: 141, contig: circular_read_240, protein: unknown, score1: 1.0, score2: 0.0
28	Gene No. 9, gene caller: glimmer, leftEnd: 3602, rightEnd: 5125, strand: +, length: 1524, contig: circular_read_240, protein: unknown, score1: 1.0, score2: 0.0
29	Gene No. 11, gene caller: phanotate, leftEnd: 3602, rightEnd: 5125, strand: +, length: 1524, contig: circular_read_240, protein: unknown, score1: 1.0, score2: 0.0
30	Gene No. 10, gene caller: prodigal, leftEnd: 3602, rightEnd: 5125, strand: +, length: 1524, contig: circular_read_240, protein: unknown, score1: 1.0, score2: 0.0
31	Gene No. 10, gene caller: glimmer, leftEnd: 5122, rightEnd: 6777, strand: -, length: 1656, contig: circular_read_240, protein: unknown, score1: 1.0, score2: 0.0
32	Gene No. 12, gene caller: phanotate, leftEnd: 5122, rightEnd: 6777, strand: -, length: 1656, contig: circular_read_240, protein: unknown, score1: 1.0, score2: 0.0
33	Gene No. 11, gene caller: prodigal, leftEnd: 5122, rightEnd: 6777, strand: -, length: 1656, contig: circular_read_240, protein: unknown, score1: 1.0, score2: 0.0
34	Gene No. 13, gene caller: phanotate, leftEnd: 6780, rightEnd: 6920, strand: -, length: 141, contig: circular_read_240, protein: unknown, score1: 1.0, score2: 0.0
35	Gene No. 11, gene caller: glimmer, leftEnd: 6797, rightEnd: 6994, strand: +, length: 198, contig: circular_read_240, protein: unknown, score1: 1.0, score2: 0.0
36	Gene No. 12, gene caller: prodigal, leftEnd: 6797, rightEnd: 6994, strand: +, length: 198, contig: circular_read_240, protein: unknown, score1: 1.0, score2: 0.0
37	Gene No. 12, gene caller: glimmer, leftEnd: 6971, rightEnd: 7228, strand: -, length: 258, contig: circular_read_240, protein: unknown, score1: 1.0, score2: 0.0
38	Gene No. 14, gene caller: phanotate, leftEnd: 6971, rightEnd: 7228, strand: -, length: 258, contig: circular_read_240, protein: unknown, score1: 1.0, score2: 0.0
39	Gene No. 13, gene caller: prodigal, leftEnd: 6971, rightEnd: 7228, strand: -, length: 258, contig: circular_read_240, protein: unknown, score1: 1.0, score2: 0.0
40	Gene No. 15, gene caller: phanotate, leftEnd: 7206, rightEnd: 7370, strand: -, length: 165, contig: circular_read_240, protein: unknown, score1: 1.0, score2: 0.0
41	Gene No. 13, gene caller: glimmer, leftEnd: 7372, rightEnd: 7710, strand: -, length: 339, contig: circular_read_240, protein: unknown, score1: 1.0, score2: 0.0
42	Gene No. 16, gene caller: phanotate, leftEnd: 7372, rightEnd: 7710, strand: -, length: 339, contig: circular_read_240, protein: unknown, score1: 1.0, score2: 0.0
43	Gene No. 14, gene caller: prodigal, leftEnd: 7372, rightEnd: 7731, strand: -, length: 360, contig: circular_read_240, protein: unknown, score1: 1.0, score2: 0.0
44	Gene No. 14, gene caller: glimmer, leftEnd: 7703, rightEnd: 8062, strand: -, length: 360, contig: circular_read_240, protein: unknown, score1: 1.0, score2: 0.0
45	Gene No. 17, gene caller: phanotate, leftEnd: 7703, rightEnd: 8062, strand: -, length: 360, contig: circular_read_240, protein: unknown, score1: 1.0, score2: 0.0
46	Gene No. 15, gene caller: prodigal, leftEnd: 7703, rightEnd: 8062, strand: -, length: 360, contig: circular_read_240, protein: unknown, score1: 1.0, score2: 0.0
47	Gene No. 18, gene caller: phanotate, leftEnd: 8062, rightEnd: 8352, strand: -, length: 291, contig: circular_read_240, protein: unknown, score1: 1.0, score2: 0.0
48	Gene No. 16, gene caller: prodigal, leftEnd: 8062, rightEnd: 8352, strand: -, length: 291, contig: circular_read_240, protein: unknown, score1: 1.0, score2: 0.0
49	Gene No. 15, gene caller: glimmer, leftEnd: 8102, rightEnd: 8368, strand: +, length: 267, contig: circular_read_240, protein: unknown, score1: 1.0, score2: 0.0
50	Gene No. 19, gene caller: phanotate, leftEnd: 8365, rightEnd: 8622, strand: -, length: 258, contig: circular_read_240, protein: unknown, score1: 1.0, score2: 0.0
51	Gene No. 17, gene caller: prodigal, leftEnd: 8365, rightEnd: 8622, strand: -, length: 258, contig: circular_read_240, protein: unknown, score1: 1.0, score2: 0.0
Comparing across geneCall sets....
Scoring gene calls....
Identifying common core...
This is the Common Core List:

***************Common Core
CC-gene 1	Gene No. 1, gene caller: All_callers, leftEnd: 164, rightEnd: 766, strand: -, length: 603, contig: circular_read_240, protein: unknown, score1: 1.0, score2: 0.0
CC-gene 2	Gene No. 1, gene caller: All_callers, leftEnd: 1556, rightEnd: 2014, strand: +, length: 459, contig: circular_read_240, protein: unknown, score1: 1.0, score2: 0.0
CC-gene 3	Gene No. 1, gene caller: All_callers, leftEnd: 2317, rightEnd: 2676, strand: +, length: 360, contig: circular_read_240, protein: unknown, score1: 1.0, score2: 0.0
CC-gene 4	Gene No. 1, gene caller: All_callers, leftEnd: 3151, rightEnd: 3408, strand: +, length: 258, contig: circular_read_240, protein: unknown, score1: 1.0, score2: 0.0
CC-gene 5	Gene No. 1, gene caller: All_callers, leftEnd: 3602, rightEnd: 5125, strand: +, length: 1524, contig: circular_read_240, protein: unknown, score1: 1.0, score2: 0.0
CC-gene 6	Gene No. 1, gene caller: All_callers, leftEnd: 5122, rightEnd: 6777, strand: -, length: 1656, contig: circular_read_240, protein: unknown, score1: 1.0, score2: 0.0
CC-gene 7	Gene No. 1, gene caller: All_callers, leftEnd: 6971, rightEnd: 7228, strand: -, length: 258, contig: circular_read_240, protein: unknown, score1: 1.0, score2: 0.0
CC-gene 8	Gene No. 1, gene caller: All_callers, leftEnd: 7703, rightEnd: 8062, strand: -, length: 360, contig: circular_read_240, protein: unknown, score1: 1.0, score2: 0.0
Printing gene-call superset, consensus, and common_core in GFF and CGC formats
Printing report....
The following gene callers were considered: glimmer, phanotate, prodigal, The number of distinct gene calls over all gene callers is 26
The number of gene calls in common among all callers is 8
The number of unique (non-matching) gene calls is9
Caller glimmer produced 15 gene calls.
Caller glimmer gene-call length stats:  min: 198, max: 1656, ave: 512.6
Caller phanotate produced 19 gene calls.
Caller phanotate gene-call length stats:  min: 141, max: 1656, ave: 440.05263157894734
Caller prodigal produced 17 gene calls.
Caller prodigal gene-call length stats:  min: 150, max: 1656, ave: 484.05882352941177

Gene-call Scores:
Caller	Contig	Gene No.	Left End	Right End	Strand	gcScore
phanotate	circular_read_240	1	1	150	-	0.83
prodigal	circular_read_240	1	1	150	-	0.83
glimmer	circular_read_240	1	164	766	-	1.00
phanotate	circular_read_240	2	164	766	-	1.00
prodigal	circular_read_240	2	164	766	-	1.00
prodigal	circular_read_240	3	898	1542	+	0.50
glimmer	circular_read_240	2	940	1542	+	0.83
phanotate	circular_read_240	3	940	1542	+	0.83
glimmer	circular_read_240	3	1556	2014	+	1.00
phanotate	circular_read_240	4	1556	2014	+	1.00
prodigal	circular_read_240	4	1556	2014	+	1.00
glimmer	circular_read_240	4	2011	2277	-	0.33
phanotate	circular_read_240	5	2027	2317	+	0.83
prodigal	circular_read_240	5	2027	2317	+	0.83
glimmer	circular_read_240	5	2317	2676	+	1.00
phanotate	circular_read_240	6	2317	2676	+	1.00
prodigal	circular_read_240	6	2317	2676	+	1.00
prodigal	circular_read_240	7	2648	3007	+	0.50
glimmer	circular_read_240	6	2669	3007	+	0.83
phanotate	circular_read_240	7	2669	3007	+	0.83
phanotate	circular_read_240	8	3009	3173	+	0.33
glimmer	circular_read_240	7	3151	3408	+	1.00
phanotate	circular_read_240	9	3151	3408	+	1.00
prodigal	circular_read_240	8	3151	3408	+	1.00
glimmer	circular_read_240	8	3385	3582	-	0.83
prodigal	circular_read_240	9	3385	3582	-	0.83
phanotate	circular_read_240	10	3459	3599	+	0.33
glimmer	circular_read_240	9	3602	5125	+	1.00
phanotate	circular_read_240	11	3602	5125	+	1.00
prodigal	circular_read_240	10	3602	5125	+	1.00
glimmer	circular_read_240	10	5122	6777	-	1.00
phanotate	circular_read_240	12	5122	6777	-	1.00
prodigal	circular_read_240	11	5122	6777	-	1.00
phanotate	circular_read_240	13	6780	6920	-	0.33
glimmer	circular_read_240	11	6797	6994	+	0.83
prodigal	circular_read_240	12	6797	6994	+	0.83
glimmer	circular_read_240	12	6971	7228	-	1.00
phanotate	circular_read_240	14	6971	7228	-	1.00
prodigal	circular_read_240	13	6971	7228	-	1.00
phanotate	circular_read_240	15	7206	7370	-	0.33
glimmer	circular_read_240	13	7372	7710	-	0.83
phanotate	circular_read_240	16	7372	7710	-	0.83
prodigal	circular_read_240	14	7372	7731	-	0.50
glimmer	circular_read_240	14	7703	8062	-	1.00
phanotate	circular_read_240	17	7703	8062	-	1.00
prodigal	circular_read_240	15	7703	8062	-	1.00
phanotate	circular_read_240	18	8062	8352	-	0.83
prodigal	circular_read_240	16	8062	8352	-	0.83
glimmer	circular_read_240	15	8102	8368	+	0.33
phanotate	circular_read_240	19	8365	8622	-	0.83
prodigal	circular_read_240	17	8365	8622	-	0.83

Gene-call Consensus Scores:
Caller glimmer average gene-call score: 0.86
Caller phanotate average gene-call score: 0.80
Caller prodigal average gene-call score: 0.85

***************Unique List
Unique gene call 1
  --  Gene No. 1, gene caller: phanotate, leftEnd: 1, rightEnd: 150, strand: -, length: 150, contig: circular_read_240, protein: unknown, score1: 0.8333333333333333, score2: 0.0
  --  Gene No. 1, gene caller: prodigal, leftEnd: 1, rightEnd: 150, strand: -, length: 150, contig: circular_read_240, protein: unknown, score1: 0.8333333333333333, score2: 0.0
Unique gene call 2
  --  Gene No. 1, gene caller: glimmer, leftEnd: 164, rightEnd: 766, strand: -, length: 603, contig: circular_read_240, protein: unknown, score1: 1.0, score2: 0.0
  --  Gene No. 2, gene caller: phanotate, leftEnd: 164, rightEnd: 766, strand: -, length: 603, contig: circular_read_240, protein: unknown, score1: 1.0, score2: 0.0
  --  Gene No. 2, gene caller: prodigal, leftEnd: 164, rightEnd: 766, strand: -, length: 603, contig: circular_read_240, protein: unknown, score1: 1.0, score2: 0.0
Unique gene call 3
  --  Gene No. 3, gene caller: prodigal, leftEnd: 898, rightEnd: 1542, strand: +, length: 645, contig: circular_read_240, protein: unknown, score1: 0.5, score2: 0.0
Unique gene call 4
  --  Gene No. 2, gene caller: glimmer, leftEnd: 940, rightEnd: 1542, strand: +, length: 603, contig: circular_read_240, protein: unknown, score1: 0.8333333333333333, score2: 0.0
  --  Gene No. 3, gene caller: phanotate, leftEnd: 940, rightEnd: 1542, strand: +, length: 603, contig: circular_read_240, protein: unknown, score1: 0.8333333333333333, score2: 0.0
Unique gene call 5
  --  Gene No. 3, gene caller: glimmer, leftEnd: 1556, rightEnd: 2014, strand: +, length: 459, contig: circular_read_240, protein: unknown, score1: 1.0, score2: 0.0
  --  Gene No. 4, gene caller: phanotate, leftEnd: 1556, rightEnd: 2014, strand: +, length: 459, contig: circular_read_240, protein: unknown, score1: 1.0, score2: 0.0
  --  Gene No. 4, gene caller: prodigal, leftEnd: 1556, rightEnd: 2014, strand: +, length: 459, contig: circular_read_240, protein: unknown, score1: 1.0, score2: 0.0
Unique gene call 6
  --  Gene No. 4, gene caller: glimmer, leftEnd: 2011, rightEnd: 2277, strand: -, length: 267, contig: circular_read_240, protein: unknown, score1: 0.3333333333333333, score2: 0.0
Unique gene call 7
  --  Gene No. 5, gene caller: phanotate, leftEnd: 2027, rightEnd: 2317, strand: +, length: 291, contig: circular_read_240, protein: unknown, score1: 0.8333333333333333, score2: 0.0
  --  Gene No. 5, gene caller: prodigal, leftEnd: 2027, rightEnd: 2317, strand: +, length: 291, contig: circular_read_240, protein: unknown, score1: 0.8333333333333333, score2: 0.0
Unique gene call 8
  --  Gene No. 5, gene caller: glimmer, leftEnd: 2317, rightEnd: 2676, strand: +, length: 360, contig: circular_read_240, protein: unknown, score1: 1.0, score2: 0.0
  --  Gene No. 6, gene caller: phanotate, leftEnd: 2317, rightEnd: 2676, strand: +, length: 360, contig: circular_read_240, protein: unknown, score1: 1.0, score2: 0.0
  --  Gene No. 6, gene caller: prodigal, leftEnd: 2317, rightEnd: 2676, strand: +, length: 360, contig: circular_read_240, protein: unknown, score1: 1.0, score2: 0.0
Unique gene call 9
  --  Gene No. 7, gene caller: prodigal, leftEnd: 2648, rightEnd: 3007, strand: +, length: 360, contig: circular_read_240, protein: unknown, score1: 0.5, score2: 0.0
Unique gene call 10
  --  Gene No. 6, gene caller: glimmer, leftEnd: 2669, rightEnd: 3007, strand: +, length: 339, contig: circular_read_240, protein: unknown, score1: 0.8333333333333333, score2: 0.0
  --  Gene No. 7, gene caller: phanotate, leftEnd: 2669, rightEnd: 3007, strand: +, length: 339, contig: circular_read_240, protein: unknown, score1: 0.8333333333333333, score2: 0.0
Unique gene call 11
  --  Gene No. 8, gene caller: phanotate, leftEnd: 3009, rightEnd: 3173, strand: +, length: 165, contig: circular_read_240, protein: unknown, score1: 0.3333333333333333, score2: 0.0
Unique gene call 12
  --  Gene No. 7, gene caller: glimmer, leftEnd: 3151, rightEnd: 3408, strand: +, length: 258, contig: circular_read_240, protein: unknown, score1: 1.0, score2: 0.0
  --  Gene No. 9, gene caller: phanotate, leftEnd: 3151, rightEnd: 3408, strand: +, length: 258, contig: circular_read_240, protein: unknown, score1: 1.0, score2: 0.0
  --  Gene No. 8, gene caller: prodigal, leftEnd: 3151, rightEnd: 3408, strand: +, length: 258, contig: circular_read_240, protein: unknown, score1: 1.0, score2: 0.0
Unique gene call 13
  --  Gene No. 8, gene caller: glimmer, leftEnd: 3385, rightEnd: 3582, strand: -, length: 198, contig: circular_read_240, protein: unknown, score1: 0.8333333333333333, score2: 0.0
  --  Gene No. 9, gene caller: prodigal, leftEnd: 3385, rightEnd: 3582, strand: -, length: 198, contig: circular_read_240, protein: unknown, score1: 0.8333333333333333, score2: 0.0
Unique gene call 14
  --  Gene No. 10, gene caller: phanotate, leftEnd: 3459, rightEnd: 3599, strand: +, length: 141, contig: circular_read_240, protein: unknown, score1: 0.3333333333333333, score2: 0.0
Unique gene call 15
  --  Gene No. 9, gene caller: glimmer, leftEnd: 3602, rightEnd: 5125, strand: +, length: 1524, contig: circular_read_240, protein: unknown, score1: 1.0, score2: 0.0
  --  Gene No. 11, gene caller: phanotate, leftEnd: 3602, rightEnd: 5125, strand: +, length: 1524, contig: circular_read_240, protein: unknown, score1: 1.0, score2: 0.0
  --  Gene No. 10, gene caller: prodigal, leftEnd: 3602, rightEnd: 5125, strand: +, length: 1524, contig: circular_read_240, protein: unknown, score1: 1.0, score2: 0.0
Unique gene call 16
  --  Gene No. 10, gene caller: glimmer, leftEnd: 5122, rightEnd: 6777, strand: -, length: 1656, contig: circular_read_240, protein: unknown, score1: 1.0, score2: 0.0
  --  Gene No. 12, gene caller: phanotate, leftEnd: 5122, rightEnd: 6777, strand: -, length: 1656, contig: circular_read_240, protein: unknown, score1: 1.0, score2: 0.0
  --  Gene No. 11, gene caller: prodigal, leftEnd: 5122, rightEnd: 6777, strand: -, length: 1656, contig: circular_read_240, protein: unknown, score1: 1.0, score2: 0.0
Unique gene call 17
  --  Gene No. 13, gene caller: phanotate, leftEnd: 6780, rightEnd: 6920, strand: -, length: 141, contig: circular_read_240, protein: unknown, score1: 0.3333333333333333, score2: 0.0
Unique gene call 18
  --  Gene No. 11, gene caller: glimmer, leftEnd: 6797, rightEnd: 6994, strand: +, length: 198, contig: circular_read_240, protein: unknown, score1: 0.8333333333333333, score2: 0.0
  --  Gene No. 12, gene caller: prodigal, leftEnd: 6797, rightEnd: 6994, strand: +, length: 198, contig: circular_read_240, protein: unknown, score1: 0.8333333333333333, score2: 0.0
Unique gene call 19
  --  Gene No. 12, gene caller: glimmer, leftEnd: 6971, rightEnd: 7228, strand: -, length: 258, contig: circular_read_240, protein: unknown, score1: 1.0, score2: 0.0
  --  Gene No. 14, gene caller: phanotate, leftEnd: 6971, rightEnd: 7228, strand: -, length: 258, contig: circular_read_240, protein: unknown, score1: 1.0, score2: 0.0
  --  Gene No. 13, gene caller: prodigal, leftEnd: 6971, rightEnd: 7228, strand: -, length: 258, contig: circular_read_240, protein: unknown, score1: 1.0, score2: 0.0
Unique gene call 20
  --  Gene No. 15, gene caller: phanotate, leftEnd: 7206, rightEnd: 7370, strand: -, length: 165, contig: circular_read_240, protein: unknown, score1: 0.3333333333333333, score2: 0.0
Unique gene call 21
  --  Gene No. 13, gene caller: glimmer, leftEnd: 7372, rightEnd: 7710, strand: -, length: 339, contig: circular_read_240, protein: unknown, score1: 0.8333333333333333, score2: 0.0
  --  Gene No. 16, gene caller: phanotate, leftEnd: 7372, rightEnd: 7710, strand: -, length: 339, contig: circular_read_240, protein: unknown, score1: 0.8333333333333333, score2: 0.0
Unique gene call 22
  --  Gene No. 14, gene caller: prodigal, leftEnd: 7372, rightEnd: 7731, strand: -, length: 360, contig: circular_read_240, protein: unknown, score1: 0.5, score2: 0.0
Unique gene call 23
  --  Gene No. 14, gene caller: glimmer, leftEnd: 7703, rightEnd: 8062, strand: -, length: 360, contig: circular_read_240, protein: unknown, score1: 1.0, score2: 0.0
  --  Gene No. 17, gene caller: phanotate, leftEnd: 7703, rightEnd: 8062, strand: -, length: 360, contig: circular_read_240, protein: unknown, score1: 1.0, score2: 0.0
  --  Gene No. 15, gene caller: prodigal, leftEnd: 7703, rightEnd: 8062, strand: -, length: 360, contig: circular_read_240, protein: unknown, score1: 1.0, score2: 0.0
Unique gene call 24
  --  Gene No. 18, gene caller: phanotate, leftEnd: 8062, rightEnd: 8352, strand: -, length: 291, contig: circular_read_240, protein: unknown, score1: 0.8333333333333333, score2: 0.0
  --  Gene No. 16, gene caller: prodigal, leftEnd: 8062, rightEnd: 8352, strand: -, length: 291, contig: circular_read_240, protein: unknown, score1: 0.8333333333333333, score2: 0.0
Unique gene call 25
  --  Gene No. 15, gene caller: glimmer, leftEnd: 8102, rightEnd: 8368, strand: +, length: 267, contig: circular_read_240, protein: unknown, score1: 0.3333333333333333, score2: 0.0
Unique gene call 26
  --  Gene No. 19, gene caller: phanotate, leftEnd: 8365, rightEnd: 8622, strand: -, length: 258, contig: circular_read_240, protein: unknown, score1: 0.8333333333333333, score2: 0.0
  --  Gene No. 17, gene caller: prodigal, leftEnd: 8365, rightEnd: 8622, strand: -, length: 258, contig: circular_read_240, protein: unknown, score1: 0.8333333333333333, score2: 0.0
Code complete at 2021-04-21 09:53:45.345797
