Discrepancy Report Results

Summary
DISC_PROTEIN_NAMES:All proteins have same name "hypothetical protein"
FATAL: MISSING_PROTEIN_ID:48 proteins have invalid IDs.
DISC_SOURCE_QUALS_ASNDISC:strain (all present, all unique)
DISC_SOURCE_QUALS_ASNDISC:taxname (all present, all unique)
DISC_FEATURE_COUNT:CDS: 48 present
DISC_COUNT_NUCLEOTIDES:1 nucleotide Bioseqs are present
FEATURE_LOCATION_CONFLICT:48 features have inconsistent gene locations.
DISC_QUALITY_SCORES:Quality scores are missing on all sequences.
ONCALLER_COMMENT_PRESENT:1 comment descriptors were found (all same)
SHORT_PROT_SEQUENCES:6 protein sequences are shorter than 50 aa.
MISSING_GENOMEASSEMBLY_COMMENTS:1 bioseqs are missing GenomeAssembly structured comments
MOLTYPE_NOT_MRNA:1 molecule types are not set as mRNA.
TECHNIQUE_NOT_TSA:1 technique are not set as TSA
MISSING_STRUCTURED_COMMENT:1 sequences do not include structured comments.
MISSING_PROJECT:49 sequences do not include project.
DISC_INCONSISTENT_MOLINFO_TECH:Molinfo Technique Report (some missing, all same)


Detailed Report

DiscRep_ALL:DISC_PROTEIN_NAMES::All proteins have same name "hypothetical protein"

FATAL: DiscRep_ALL:MISSING_PROTEIN_ID::48 proteins have invalid IDs.
prokkacontig_2536/contig_2536:contig_2536_1 (length 173)
prokkacontig_2536/contig_2536:contig_2536_2 (length 92)
prokkacontig_2536/contig_2536:contig_2536_3 (length 201)
prokkacontig_2536/contig_2536:contig_2536_4 (length 93)
prokkacontig_2536/contig_2536:contig_2536_5 (length 47)
prokkacontig_2536/contig_2536:contig_2536_6 (length 131)
prokkacontig_2536/contig_2536:contig_2536_7 (length 43)
prokkacontig_2536/contig_2536:contig_2536_8 (length 139)
prokkacontig_2536/contig_2536:contig_2536_9 (length 121)
prokkacontig_2536/contig_2536:contig_2536_10 (length 96)
prokkacontig_2536/contig_2536:contig_2536_11 (length 62)
prokkacontig_2536/contig_2536:contig_2536_12 (length 85)
prokkacontig_2536/contig_2536:contig_2536_13 (length 114)
prokkacontig_2536/contig_2536:contig_2536_14 (length 131)
prokkacontig_2536/contig_2536:contig_2536_15 (length 47)
prokkacontig_2536/contig_2536:contig_2536_16 (length 93)
prokkacontig_2536/contig_2536:contig_2536_17 (length 201)
prokkacontig_2536/contig_2536:contig_2536_18 (length 92)
prokkacontig_2536/contig_2536:contig_2536_19 (length 410)
prokkacontig_2536/contig_2536:contig_2536_20 (length 564)
prokkacontig_2536/contig_2536:contig_2536_21 (length 199)
prokkacontig_2536/contig_2536:contig_2536_22 (length 86)
prokkacontig_2536/contig_2536:contig_2536_23 (length 101)
prokkacontig_2536/contig_2536:contig_2536_24 (length 64)
prokkacontig_2536/contig_2536:contig_2536_25 (length 141)
prokkacontig_2536/contig_2536:contig_2536_26 (length 153)
prokkacontig_2536/contig_2536:contig_2536_27 (length 130)
prokkacontig_2536/contig_2536:contig_2536_28 (length 266)
prokkacontig_2536/contig_2536:contig_2536_29 (length 219)
prokkacontig_2536/contig_2536:contig_2536_30 (length 69)
prokkacontig_2536/contig_2536:contig_2536_31 (length 415)
prokkacontig_2536/contig_2536:contig_2536_32 (length 410)
prokkacontig_2536/contig_2536:contig_2536_33 (length 92)
prokkacontig_2536/contig_2536:contig_2536_34 (length 201)
prokkacontig_2536/contig_2536:contig_2536_35 (length 93)
prokkacontig_2536/contig_2536:contig_2536_36 (length 47)
prokkacontig_2536/contig_2536:contig_2536_37 (length 59)
prokkacontig_2536/contig_2536:contig_2536_38 (length 43)
prokkacontig_2536/contig_2536:contig_2536_39 (length 85)
prokkacontig_2536/contig_2536:contig_2536_40 (length 98)
prokkacontig_2536/contig_2536:contig_2536_41 (length 52)
prokkacontig_2536/contig_2536:contig_2536_42 (length 78)
prokkacontig_2536/contig_2536:contig_2536_43 (length 81)
prokkacontig_2536/contig_2536:contig_2536_44 (length 131)
prokkacontig_2536/contig_2536:contig_2536_45 (length 47)
prokkacontig_2536/contig_2536:contig_2536_46 (length 93)
prokkacontig_2536/contig_2536:contig_2536_47 (length 201)
prokkacontig_2536/contig_2536:contig_2536_48 (length 92)

DiscRep_ALL:DISC_SOURCE_QUALS_ASNDISC::strain (all present, all unique)
DiscRep_SUB:DISC_SOURCE_QUALS_ASNDISC::1 sources have unique values for strain
DiscRep_ALL:DISC_SOURCE_QUALS_ASNDISC::taxname (all present, all unique)
DiscRep_SUB:DISC_SOURCE_QUALS_ASNDISC::1 sources have unique values for taxname
DiscRep_ALL:DISC_FEATURE_COUNT::CDS: 48 present
DiscRep_ALL:DISC_COUNT_NUCLEOTIDES::1 nucleotide Bioseqs are present
prokkacontig_2536/contig_2536:contig_2536 (length 28829)

DiscRep_ALL:FEATURE_LOCATION_CONFLICT::48 features have inconsistent gene locations.
DiscRep_SUB:FEATURE_LOCATION_CONFLICT::Coding region xref gene does not exist
prokkacontig_2536/contig_2536:CDS	hypothetical protein	contig_2536:476-997	EHNIGCJK_00001

DiscRep_SUB:FEATURE_LOCATION_CONFLICT::Coding region xref gene does not exist
prokkacontig_2536/contig_2536:CDS	hypothetical protein	contig_2536:994-1272	EHNIGCJK_00002

DiscRep_SUB:FEATURE_LOCATION_CONFLICT::Coding region xref gene does not exist
prokkacontig_2536/contig_2536:CDS	hypothetical protein	contig_2536:1288-1893	EHNIGCJK_00003

DiscRep_SUB:FEATURE_LOCATION_CONFLICT::Coding region xref gene does not exist
prokkacontig_2536/contig_2536:CDS	hypothetical protein	contig_2536:1896-2177	EHNIGCJK_00004

DiscRep_SUB:FEATURE_LOCATION_CONFLICT::Coding region xref gene does not exist
prokkacontig_2536/contig_2536:CDS	hypothetical protein	contig_2536:2192-2335	EHNIGCJK_00005

DiscRep_SUB:FEATURE_LOCATION_CONFLICT::Coding region xref gene does not exist
prokkacontig_2536/contig_2536:CDS	hypothetical protein	contig_2536:2354-2749	EHNIGCJK_00006

DiscRep_SUB:FEATURE_LOCATION_CONFLICT::Coding region xref gene does not exist
prokkacontig_2536/contig_2536:CDS	hypothetical protein	contig_2536:2739-2870	EHNIGCJK_00007

DiscRep_SUB:FEATURE_LOCATION_CONFLICT::Coding region xref gene does not exist
prokkacontig_2536/contig_2536:CDS	hypothetical protein	contig_2536:3152-3571	EHNIGCJK_00008

DiscRep_SUB:FEATURE_LOCATION_CONFLICT::Coding region xref gene does not exist
prokkacontig_2536/contig_2536:CDS	hypothetical protein	contig_2536:c4466-4101	EHNIGCJK_00009

DiscRep_SUB:FEATURE_LOCATION_CONFLICT::Coding region xref gene does not exist
prokkacontig_2536/contig_2536:CDS	hypothetical protein	contig_2536:4944-5234	EHNIGCJK_00010

DiscRep_SUB:FEATURE_LOCATION_CONFLICT::Coding region xref gene does not exist
prokkacontig_2536/contig_2536:CDS	hypothetical protein	contig_2536:5912-6100	EHNIGCJK_00011

DiscRep_SUB:FEATURE_LOCATION_CONFLICT::Coding region xref gene does not exist
prokkacontig_2536/contig_2536:CDS	hypothetical protein	contig_2536:c7055-6798	EHNIGCJK_00012

DiscRep_SUB:FEATURE_LOCATION_CONFLICT::Coding region xref gene does not exist
prokkacontig_2536/contig_2536:CDS	hypothetical protein	contig_2536:c7595-7251	EHNIGCJK_00013

DiscRep_SUB:FEATURE_LOCATION_CONFLICT::Coding region xref gene does not exist
prokkacontig_2536/contig_2536:CDS	hypothetical protein	contig_2536:c7980-7585	EHNIGCJK_00014

DiscRep_SUB:FEATURE_LOCATION_CONFLICT::Coding region xref gene does not exist
prokkacontig_2536/contig_2536:CDS	hypothetical protein	contig_2536:c8142-7999	EHNIGCJK_00015

DiscRep_SUB:FEATURE_LOCATION_CONFLICT::Coding region xref gene does not exist
prokkacontig_2536/contig_2536:CDS	hypothetical protein	contig_2536:c8438-8157	EHNIGCJK_00016

DiscRep_SUB:FEATURE_LOCATION_CONFLICT::Coding region xref gene does not exist
prokkacontig_2536/contig_2536:CDS	hypothetical protein	contig_2536:c9046-8441	EHNIGCJK_00017

DiscRep_SUB:FEATURE_LOCATION_CONFLICT::Coding region xref gene does not exist
prokkacontig_2536/contig_2536:CDS	hypothetical protein	contig_2536:c9340-9062	EHNIGCJK_00018

DiscRep_SUB:FEATURE_LOCATION_CONFLICT::Coding region xref gene does not exist
prokkacontig_2536/contig_2536:CDS	hypothetical protein	contig_2536:c10569-9337	EHNIGCJK_00019

DiscRep_SUB:FEATURE_LOCATION_CONFLICT::Coding region xref gene does not exist
prokkacontig_2536/contig_2536:CDS	hypothetical protein	contig_2536:c12263-10569	EHNIGCJK_00020

DiscRep_SUB:FEATURE_LOCATION_CONFLICT::Coding region xref gene does not exist
prokkacontig_2536/contig_2536:CDS	hypothetical protein	contig_2536:c12967-12368	EHNIGCJK_00021

DiscRep_SUB:FEATURE_LOCATION_CONFLICT::Coding region xref gene does not exist
prokkacontig_2536/contig_2536:CDS	hypothetical protein	contig_2536:c13349-13089	EHNIGCJK_00022

DiscRep_SUB:FEATURE_LOCATION_CONFLICT::Coding region xref gene does not exist
prokkacontig_2536/contig_2536:CDS	hypothetical protein	contig_2536:c13666-13361	EHNIGCJK_00023

DiscRep_SUB:FEATURE_LOCATION_CONFLICT::Coding region xref gene does not exist
prokkacontig_2536/contig_2536:CDS	hypothetical protein	contig_2536:c13906-13712	EHNIGCJK_00024

DiscRep_SUB:FEATURE_LOCATION_CONFLICT::Coding region xref gene does not exist
prokkacontig_2536/contig_2536:CDS	hypothetical protein	contig_2536:13991-14416	EHNIGCJK_00025

DiscRep_SUB:FEATURE_LOCATION_CONFLICT::Coding region xref gene does not exist
prokkacontig_2536/contig_2536:CDS	hypothetical protein	contig_2536:14421-14882	EHNIGCJK_00026

DiscRep_SUB:FEATURE_LOCATION_CONFLICT::Coding region xref gene does not exist
prokkacontig_2536/contig_2536:CDS	hypothetical protein	contig_2536:14872-15264	EHNIGCJK_00027

DiscRep_SUB:FEATURE_LOCATION_CONFLICT::Coding region xref gene does not exist
prokkacontig_2536/contig_2536:CDS	hypothetical protein	contig_2536:15343-16143	EHNIGCJK_00028

DiscRep_SUB:FEATURE_LOCATION_CONFLICT::Coding region xref gene does not exist
prokkacontig_2536/contig_2536:CDS	hypothetical protein	contig_2536:16296-16955	EHNIGCJK_00029

DiscRep_SUB:FEATURE_LOCATION_CONFLICT::Coding region xref gene does not exist
prokkacontig_2536/contig_2536:CDS	hypothetical protein	contig_2536:17651-17860	EHNIGCJK_00030

DiscRep_SUB:FEATURE_LOCATION_CONFLICT::Coding region xref gene does not exist
prokkacontig_2536/contig_2536:CDS	hypothetical protein	contig_2536:17953-19200	EHNIGCJK_00031

DiscRep_SUB:FEATURE_LOCATION_CONFLICT::Coding region xref gene does not exist
prokkacontig_2536/contig_2536:CDS	hypothetical protein	contig_2536:19200-20432	EHNIGCJK_00032

DiscRep_SUB:FEATURE_LOCATION_CONFLICT::Coding region xref gene does not exist
prokkacontig_2536/contig_2536:CDS	hypothetical protein	contig_2536:20429-20707	EHNIGCJK_00033

DiscRep_SUB:FEATURE_LOCATION_CONFLICT::Coding region xref gene does not exist
prokkacontig_2536/contig_2536:CDS	hypothetical protein	contig_2536:20723-21328	EHNIGCJK_00034

DiscRep_SUB:FEATURE_LOCATION_CONFLICT::Coding region xref gene does not exist
prokkacontig_2536/contig_2536:CDS	hypothetical protein	contig_2536:21331-21612	EHNIGCJK_00035

DiscRep_SUB:FEATURE_LOCATION_CONFLICT::Coding region xref gene does not exist
prokkacontig_2536/contig_2536:CDS	hypothetical protein	contig_2536:21627-21770	EHNIGCJK_00036

DiscRep_SUB:FEATURE_LOCATION_CONFLICT::Coding region xref gene does not exist
prokkacontig_2536/contig_2536:CDS	hypothetical protein	contig_2536:21789-21968	EHNIGCJK_00037

DiscRep_SUB:FEATURE_LOCATION_CONFLICT::Coding region xref gene does not exist
prokkacontig_2536/contig_2536:CDS	hypothetical protein	contig_2536:22174-22305	EHNIGCJK_00038

DiscRep_SUB:FEATURE_LOCATION_CONFLICT::Coding region xref gene does not exist
prokkacontig_2536/contig_2536:CDS	hypothetical protein	contig_2536:c23893-23636	EHNIGCJK_00039

DiscRep_SUB:FEATURE_LOCATION_CONFLICT::Coding region xref gene does not exist
prokkacontig_2536/contig_2536:CDS	hypothetical protein	contig_2536:c24375-24079	EHNIGCJK_00040

DiscRep_SUB:FEATURE_LOCATION_CONFLICT::Coding region xref gene does not exist
prokkacontig_2536/contig_2536:CDS	hypothetical protein	contig_2536:c24693-24535	EHNIGCJK_00041

DiscRep_SUB:FEATURE_LOCATION_CONFLICT::Coding region xref gene does not exist
prokkacontig_2536/contig_2536:CDS	hypothetical protein	contig_2536:c26609-26373	EHNIGCJK_00042

DiscRep_SUB:FEATURE_LOCATION_CONFLICT::Coding region xref gene does not exist
prokkacontig_2536/contig_2536:CDS	hypothetical protein	contig_2536:c27025-26780	EHNIGCJK_00043

DiscRep_SUB:FEATURE_LOCATION_CONFLICT::Coding region xref gene does not exist
prokkacontig_2536/contig_2536:CDS	hypothetical protein	contig_2536:c27410-27015	EHNIGCJK_00044

DiscRep_SUB:FEATURE_LOCATION_CONFLICT::Coding region xref gene does not exist
prokkacontig_2536/contig_2536:CDS	hypothetical protein	contig_2536:c27572-27429	EHNIGCJK_00045

DiscRep_SUB:FEATURE_LOCATION_CONFLICT::Coding region xref gene does not exist
prokkacontig_2536/contig_2536:CDS	hypothetical protein	contig_2536:c27868-27587	EHNIGCJK_00046

DiscRep_SUB:FEATURE_LOCATION_CONFLICT::Coding region xref gene does not exist
prokkacontig_2536/contig_2536:CDS	hypothetical protein	contig_2536:c28476-27871	EHNIGCJK_00047

DiscRep_SUB:FEATURE_LOCATION_CONFLICT::Coding region xref gene does not exist
prokkacontig_2536/contig_2536:CDS	hypothetical protein	contig_2536:c28770-28492	EHNIGCJK_00048

DiscRep_ALL:DISC_QUALITY_SCORES::Quality scores are missing on all sequences.

DiscRep_ALL:ONCALLER_COMMENT_PRESENT::1 comment descriptors were found (all same)
prokkacontig_2536/contig_2536:contig_2536:Annotated using prokka 1.14.6 from https://github.com/tseemann/prokka

DiscRep_ALL:SHORT_PROT_SEQUENCES::6 protein sequences are shorter than 50 aa.
prokkacontig_2536/contig_2536:contig_2536_5 (length 47)
prokkacontig_2536/contig_2536:contig_2536_7 (length 43)
prokkacontig_2536/contig_2536:contig_2536_15 (length 47)
prokkacontig_2536/contig_2536:contig_2536_36 (length 47)
prokkacontig_2536/contig_2536:contig_2536_38 (length 43)
prokkacontig_2536/contig_2536:contig_2536_45 (length 47)

DiscRep_ALL:MISSING_GENOMEASSEMBLY_COMMENTS::1 bioseqs are missing GenomeAssembly structured comments
prokkacontig_2536/contig_2536:contig_2536 (length 28829)

DiscRep_ALL:MOLTYPE_NOT_MRNA::1 molecule types are not set as mRNA.
prokkacontig_2536/contig_2536:contig_2536 (length 28829)

DiscRep_ALL:TECHNIQUE_NOT_TSA::1 technique are not set as TSA
prokkacontig_2536/contig_2536:contig_2536 (length 28829)

DiscRep_ALL:MISSING_STRUCTURED_COMMENT::1 sequences do not include structured comments.
prokkacontig_2536/contig_2536:contig_2536 (length 28829)

DiscRep_ALL:MISSING_PROJECT::49 sequences do not include project.
prokkacontig_2536/contig_2536:contig_2536 (length 28829)
prokkacontig_2536/contig_2536:contig_2536_1 (length 173)
prokkacontig_2536/contig_2536:contig_2536_2 (length 92)
prokkacontig_2536/contig_2536:contig_2536_3 (length 201)
prokkacontig_2536/contig_2536:contig_2536_4 (length 93)
prokkacontig_2536/contig_2536:contig_2536_5 (length 47)
prokkacontig_2536/contig_2536:contig_2536_6 (length 131)
prokkacontig_2536/contig_2536:contig_2536_7 (length 43)
prokkacontig_2536/contig_2536:contig_2536_8 (length 139)
prokkacontig_2536/contig_2536:contig_2536_9 (length 121)
prokkacontig_2536/contig_2536:contig_2536_10 (length 96)
prokkacontig_2536/contig_2536:contig_2536_11 (length 62)
prokkacontig_2536/contig_2536:contig_2536_12 (length 85)
prokkacontig_2536/contig_2536:contig_2536_13 (length 114)
prokkacontig_2536/contig_2536:contig_2536_14 (length 131)
prokkacontig_2536/contig_2536:contig_2536_15 (length 47)
prokkacontig_2536/contig_2536:contig_2536_16 (length 93)
prokkacontig_2536/contig_2536:contig_2536_17 (length 201)
prokkacontig_2536/contig_2536:contig_2536_18 (length 92)
prokkacontig_2536/contig_2536:contig_2536_19 (length 410)
prokkacontig_2536/contig_2536:contig_2536_20 (length 564)
prokkacontig_2536/contig_2536:contig_2536_21 (length 199)
prokkacontig_2536/contig_2536:contig_2536_22 (length 86)
prokkacontig_2536/contig_2536:contig_2536_23 (length 101)
prokkacontig_2536/contig_2536:contig_2536_24 (length 64)
prokkacontig_2536/contig_2536:contig_2536_25 (length 141)
prokkacontig_2536/contig_2536:contig_2536_26 (length 153)
prokkacontig_2536/contig_2536:contig_2536_27 (length 130)
prokkacontig_2536/contig_2536:contig_2536_28 (length 266)
prokkacontig_2536/contig_2536:contig_2536_29 (length 219)
prokkacontig_2536/contig_2536:contig_2536_30 (length 69)
prokkacontig_2536/contig_2536:contig_2536_31 (length 415)
prokkacontig_2536/contig_2536:contig_2536_32 (length 410)
prokkacontig_2536/contig_2536:contig_2536_33 (length 92)
prokkacontig_2536/contig_2536:contig_2536_34 (length 201)
prokkacontig_2536/contig_2536:contig_2536_35 (length 93)
prokkacontig_2536/contig_2536:contig_2536_36 (length 47)
prokkacontig_2536/contig_2536:contig_2536_37 (length 59)
prokkacontig_2536/contig_2536:contig_2536_38 (length 43)
prokkacontig_2536/contig_2536:contig_2536_39 (length 85)
prokkacontig_2536/contig_2536:contig_2536_40 (length 98)
prokkacontig_2536/contig_2536:contig_2536_41 (length 52)
prokkacontig_2536/contig_2536:contig_2536_42 (length 78)
prokkacontig_2536/contig_2536:contig_2536_43 (length 81)
prokkacontig_2536/contig_2536:contig_2536_44 (length 131)
prokkacontig_2536/contig_2536:contig_2536_45 (length 47)
prokkacontig_2536/contig_2536:contig_2536_46 (length 93)
prokkacontig_2536/contig_2536:contig_2536_47 (length 201)
prokkacontig_2536/contig_2536:contig_2536_48 (length 92)

DiscRep_ALL:DISC_INCONSISTENT_MOLINFO_TECH::Molinfo Technique Report (some missing, all same)
DiscRep_SUB:DISC_INCONSISTENT_MOLINFO_TECH::technique (all missing)
DiscRep_SUB:DISC_INCONSISTENT_MOLINFO_TECH::1 Molinfos are missing field technique
prokkacontig_2536/contig_2536:contig_2536 (length 28829)

