Opening log at 2021-04-21 09:31:30.945922
Iterating through fileSet at 2021-04-21 09:31:30.946087
fileSet is ['/home/james/Software/multiPhATE2/PipelineOutput/contig_2060/commoncore.cgc', '/home/james/Software/multiPhATE2/PipelineOutput/contig_2060/consensus.cgc', '/home/james/Software/multiPhATE2/PipelineOutput/contig_2060/glimmer.cgc', '/home/james/Software/multiPhATE2/PipelineOutput/contig_2060/phanotate.cgc', '/home/james/Software/multiPhATE2/PipelineOutput/contig_2060/prodigal.cgc', '/home/james/Software/multiPhATE2/PipelineOutput/contig_2060/superset.cgc']
Opening geneFile /home/james/Software/multiPhATE2/PipelineOutput/contig_2060/commoncore.cgc
Adding calls from geneFile /home/james/Software/multiPhATE2/PipelineOutput/contig_2060/commoncore.cgc
Appending call set  number of calls is: 0
Opening geneFile /home/james/Software/multiPhATE2/PipelineOutput/contig_2060/consensus.cgc
Adding calls from geneFile /home/james/Software/multiPhATE2/PipelineOutput/contig_2060/consensus.cgc
Appending call set  number of calls is: 0
Opening geneFile /home/james/Software/multiPhATE2/PipelineOutput/contig_2060/glimmer.cgc
Adding calls from geneFile /home/james/Software/multiPhATE2/PipelineOutput/contig_2060/glimmer.cgc
Appending call set  number of calls is: 6
Opening geneFile /home/james/Software/multiPhATE2/PipelineOutput/contig_2060/phanotate.cgc
Adding calls from geneFile /home/james/Software/multiPhATE2/PipelineOutput/contig_2060/phanotate.cgc
Appending call set  number of calls is: 9
Opening geneFile /home/james/Software/multiPhATE2/PipelineOutput/contig_2060/prodigal.cgc
Adding calls from geneFile /home/james/Software/multiPhATE2/PipelineOutput/contig_2060/prodigal.cgc
Appending call set  number of calls is: 7
Opening geneFile /home/james/Software/multiPhATE2/PipelineOutput/contig_2060/superset.cgc
Adding calls from geneFile /home/james/Software/multiPhATE2/PipelineOutput/contig_2060/superset.cgc
Appending call set  number of calls is: 0
All call sets have been added to caller list. Number of call sets in callerList: 6
callerList is   glimmer phanotate prodigal  
Total number of gene calls across callerList call sets is: 22
Sorting gene calls for each caller
Processing a callSet
Before sorting, Length of callerList for caller  is 0
After sorting, Length of callerList for caller  is 0
Processing a callSet
Before sorting, Length of callerList for caller  is 0
After sorting, Length of callerList for caller  is 0
Processing a callSet
Before sorting, Length of callerList for caller glimmer is 6
After sorting, Length of callerList for caller glimmer is 6
Processing a callSet
Before sorting, Length of callerList for caller phanotate is 9
After sorting, Length of callerList for caller phanotate is 9
Processing a callSet
Before sorting, Length of callerList for caller prodigal is 7
After sorting, Length of callerList for caller prodigal is 7
Processing a callSet
Before sorting, Length of callerList for caller  is 0
After sorting, Length of callerList for caller  is 0
callSet processing complete
Comparing across the call sets...
Merging the geneCall sets....
Final merged genes:

***************Merge List
1	Gene No. 1, gene caller: phanotate, leftEnd: 1, rightEnd: 276, strand: -, length: 276, contig: contig_2060, protein: unknown, score1: 1.0, score2: 0.0
2	Gene No. 1, gene caller: prodigal, leftEnd: 1, rightEnd: 276, strand: -, length: 276, contig: contig_2060, protein: unknown, score1: 1.0, score2: 0.0
3	Gene No. 2, gene caller: phanotate, leftEnd: 367, rightEnd: 837, strand: -, length: 471, contig: contig_2060, protein: unknown, score1: 1.0, score2: 0.0
4	Gene No. 2, gene caller: prodigal, leftEnd: 367, rightEnd: 837, strand: -, length: 471, contig: contig_2060, protein: unknown, score1: 1.0, score2: 0.0
5	Gene No. 1, gene caller: glimmer, leftEnd: 367, rightEnd: 867, strand: -, length: 501, contig: contig_2060, protein: unknown, score1: 1.0, score2: 0.0
6	Gene No. 3, gene caller: phanotate, leftEnd: 941, rightEnd: 1453, strand: -, length: 513, contig: contig_2060, protein: unknown, score1: 1.0, score2: 0.0
7	Gene No. 3, gene caller: prodigal, leftEnd: 941, rightEnd: 1453, strand: -, length: 513, contig: contig_2060, protein: unknown, score1: 1.0, score2: 0.0
8	Gene No. 2, gene caller: glimmer, leftEnd: 941, rightEnd: 1474, strand: -, length: 534, contig: contig_2060, protein: unknown, score1: 1.0, score2: 0.0
9	Gene No. 3, gene caller: glimmer, leftEnd: 1526, rightEnd: 1873, strand: -, length: 348, contig: contig_2060, protein: unknown, score1: 1.0, score2: 0.0
10	Gene No. 4, gene caller: phanotate, leftEnd: 1526, rightEnd: 1873, strand: -, length: 348, contig: contig_2060, protein: unknown, score1: 1.0, score2: 0.0
11	Gene No. 4, gene caller: prodigal, leftEnd: 1526, rightEnd: 1873, strand: -, length: 348, contig: contig_2060, protein: unknown, score1: 1.0, score2: 0.0
12	Gene No. 4, gene caller: glimmer, leftEnd: 1889, rightEnd: 2419, strand: -, length: 531, contig: contig_2060, protein: unknown, score1: 1.0, score2: 0.0
13	Gene No. 5, gene caller: phanotate, leftEnd: 1889, rightEnd: 2419, strand: -, length: 531, contig: contig_2060, protein: unknown, score1: 1.0, score2: 0.0
14	Gene No. 5, gene caller: prodigal, leftEnd: 1889, rightEnd: 2419, strand: -, length: 531, contig: contig_2060, protein: unknown, score1: 1.0, score2: 0.0
15	Gene No. 5, gene caller: glimmer, leftEnd: 2400, rightEnd: 2675, strand: -, length: 276, contig: contig_2060, protein: unknown, score1: 1.0, score2: 0.0
16	Gene No. 6, gene caller: phanotate, leftEnd: 2400, rightEnd: 2675, strand: -, length: 276, contig: contig_2060, protein: unknown, score1: 1.0, score2: 0.0
17	Gene No. 6, gene caller: prodigal, leftEnd: 2400, rightEnd: 2675, strand: -, length: 276, contig: contig_2060, protein: unknown, score1: 1.0, score2: 0.0
18	Gene No. 6, gene caller: glimmer, leftEnd: 2662, rightEnd: 2841, strand: -, length: 180, contig: contig_2060, protein: unknown, score1: 1.0, score2: 0.0
19	Gene No. 7, gene caller: phanotate, leftEnd: 2662, rightEnd: 2841, strand: -, length: 180, contig: contig_2060, protein: unknown, score1: 1.0, score2: 0.0
20	Gene No. 8, gene caller: phanotate, leftEnd: 3144, rightEnd: 3281, strand: -, length: 138, contig: contig_2060, protein: unknown, score1: 1.0, score2: 0.0
21	Gene No. 9, gene caller: phanotate, leftEnd: 3317, rightEnd: 3496, strand: -, length: 180, contig: contig_2060, protein: unknown, score1: 1.0, score2: 0.0
22	Gene No. 7, gene caller: prodigal, leftEnd: 3317, rightEnd: 3496, strand: -, length: 180, contig: contig_2060, protein: unknown, score1: 1.0, score2: 0.0
Comparing across geneCall sets....
Scoring gene calls....
Identifying common core...
This is the Common Core List:

***************Common Core
CC-gene 1	Gene No. 1, gene caller: All_callers, leftEnd: 1526, rightEnd: 1873, strand: -, length: 348, contig: contig_2060, protein: unknown, score1: 1.0, score2: 0.0
CC-gene 2	Gene No. 1, gene caller: All_callers, leftEnd: 1889, rightEnd: 2419, strand: -, length: 531, contig: contig_2060, protein: unknown, score1: 1.0, score2: 0.0
CC-gene 3	Gene No. 1, gene caller: All_callers, leftEnd: 2400, rightEnd: 2675, strand: -, length: 276, contig: contig_2060, protein: unknown, score1: 1.0, score2: 0.0
Printing gene-call superset, consensus, and common_core in GFF and CGC formats
Printing report....
The following gene callers were considered: glimmer, phanotate, prodigal, The number of distinct gene calls over all gene callers is 11
The number of gene calls in common among all callers is 3
The number of unique (non-matching) gene calls is3
Caller glimmer produced 6 gene calls.
Caller glimmer gene-call length stats:  min: 180, max: 534, ave: 395.0
Caller phanotate produced 9 gene calls.
Caller phanotate gene-call length stats:  min: 138, max: 531, ave: 323.6666666666667
Caller prodigal produced 7 gene calls.
Caller prodigal gene-call length stats:  min: 180, max: 531, ave: 370.7142857142857

Gene-call Scores:
Caller	Contig	Gene No.	Left End	Right End	Strand	gcScore
phanotate	contig_2060	1	1	276	-	0.83
prodigal	contig_2060	1	1	276	-	0.83
phanotate	contig_2060	2	367	837	-	0.83
prodigal	contig_2060	2	367	837	-	0.83
glimmer	contig_2060	1	367	867	-	0.50
phanotate	contig_2060	3	941	1453	-	0.83
prodigal	contig_2060	3	941	1453	-	0.83
glimmer	contig_2060	2	941	1474	-	0.50
glimmer	contig_2060	3	1526	1873	-	1.00
phanotate	contig_2060	4	1526	1873	-	1.00
prodigal	contig_2060	4	1526	1873	-	1.00
glimmer	contig_2060	4	1889	2419	-	1.00
phanotate	contig_2060	5	1889	2419	-	1.00
prodigal	contig_2060	5	1889	2419	-	1.00
glimmer	contig_2060	5	2400	2675	-	1.00
phanotate	contig_2060	6	2400	2675	-	1.00
prodigal	contig_2060	6	2400	2675	-	1.00
glimmer	contig_2060	6	2662	2841	-	0.83
phanotate	contig_2060	7	2662	2841	-	0.83
phanotate	contig_2060	8	3144	3281	-	0.33
phanotate	contig_2060	9	3317	3496	-	0.83
prodigal	contig_2060	7	3317	3496	-	0.83

Gene-call Consensus Scores:
Caller glimmer average gene-call score: 0.81
Caller phanotate average gene-call score: 0.83
Caller prodigal average gene-call score: 0.90

***************Unique List
Unique gene call 1
  --  Gene No. 1, gene caller: phanotate, leftEnd: 1, rightEnd: 276, strand: -, length: 276, contig: contig_2060, protein: unknown, score1: 0.8333333333333333, score2: 0.0
  --  Gene No. 1, gene caller: prodigal, leftEnd: 1, rightEnd: 276, strand: -, length: 276, contig: contig_2060, protein: unknown, score1: 0.8333333333333333, score2: 0.0
Unique gene call 2
  --  Gene No. 2, gene caller: phanotate, leftEnd: 367, rightEnd: 837, strand: -, length: 471, contig: contig_2060, protein: unknown, score1: 0.8333333333333333, score2: 0.0
  --  Gene No. 2, gene caller: prodigal, leftEnd: 367, rightEnd: 837, strand: -, length: 471, contig: contig_2060, protein: unknown, score1: 0.8333333333333333, score2: 0.0
Unique gene call 3
  --  Gene No. 1, gene caller: glimmer, leftEnd: 367, rightEnd: 867, strand: -, length: 501, contig: contig_2060, protein: unknown, score1: 0.5, score2: 0.0
Unique gene call 4
  --  Gene No. 3, gene caller: phanotate, leftEnd: 941, rightEnd: 1453, strand: -, length: 513, contig: contig_2060, protein: unknown, score1: 0.8333333333333333, score2: 0.0
  --  Gene No. 3, gene caller: prodigal, leftEnd: 941, rightEnd: 1453, strand: -, length: 513, contig: contig_2060, protein: unknown, score1: 0.8333333333333333, score2: 0.0
Unique gene call 5
  --  Gene No. 2, gene caller: glimmer, leftEnd: 941, rightEnd: 1474, strand: -, length: 534, contig: contig_2060, protein: unknown, score1: 0.5, score2: 0.0
Unique gene call 6
  --  Gene No. 3, gene caller: glimmer, leftEnd: 1526, rightEnd: 1873, strand: -, length: 348, contig: contig_2060, protein: unknown, score1: 1.0, score2: 0.0
  --  Gene No. 4, gene caller: phanotate, leftEnd: 1526, rightEnd: 1873, strand: -, length: 348, contig: contig_2060, protein: unknown, score1: 1.0, score2: 0.0
  --  Gene No. 4, gene caller: prodigal, leftEnd: 1526, rightEnd: 1873, strand: -, length: 348, contig: contig_2060, protein: unknown, score1: 1.0, score2: 0.0
Unique gene call 7
  --  Gene No. 4, gene caller: glimmer, leftEnd: 1889, rightEnd: 2419, strand: -, length: 531, contig: contig_2060, protein: unknown, score1: 1.0, score2: 0.0
  --  Gene No. 5, gene caller: phanotate, leftEnd: 1889, rightEnd: 2419, strand: -, length: 531, contig: contig_2060, protein: unknown, score1: 1.0, score2: 0.0
  --  Gene No. 5, gene caller: prodigal, leftEnd: 1889, rightEnd: 2419, strand: -, length: 531, contig: contig_2060, protein: unknown, score1: 1.0, score2: 0.0
Unique gene call 8
  --  Gene No. 5, gene caller: glimmer, leftEnd: 2400, rightEnd: 2675, strand: -, length: 276, contig: contig_2060, protein: unknown, score1: 1.0, score2: 0.0
  --  Gene No. 6, gene caller: phanotate, leftEnd: 2400, rightEnd: 2675, strand: -, length: 276, contig: contig_2060, protein: unknown, score1: 1.0, score2: 0.0
  --  Gene No. 6, gene caller: prodigal, leftEnd: 2400, rightEnd: 2675, strand: -, length: 276, contig: contig_2060, protein: unknown, score1: 1.0, score2: 0.0
Unique gene call 9
  --  Gene No. 6, gene caller: glimmer, leftEnd: 2662, rightEnd: 2841, strand: -, length: 180, contig: contig_2060, protein: unknown, score1: 0.8333333333333333, score2: 0.0
  --  Gene No. 7, gene caller: phanotate, leftEnd: 2662, rightEnd: 2841, strand: -, length: 180, contig: contig_2060, protein: unknown, score1: 0.8333333333333333, score2: 0.0
Unique gene call 10
  --  Gene No. 8, gene caller: phanotate, leftEnd: 3144, rightEnd: 3281, strand: -, length: 138, contig: contig_2060, protein: unknown, score1: 0.3333333333333333, score2: 0.0
Unique gene call 11
  --  Gene No. 9, gene caller: phanotate, leftEnd: 3317, rightEnd: 3496, strand: -, length: 180, contig: contig_2060, protein: unknown, score1: 0.8333333333333333, score2: 0.0
  --  Gene No. 7, gene caller: prodigal, leftEnd: 3317, rightEnd: 3496, strand: -, length: 180, contig: contig_2060, protein: unknown, score1: 0.8333333333333333, score2: 0.0
Code complete at 2021-04-21 09:31:30.950499
