Opening log at 2021-04-21 09:04:00.366528
Iterating through fileSet at 2021-04-21 09:04:00.366906
fileSet is ['/home/james/Software/multiPhATE2/PipelineOutput/contig_1032/commoncore.cgc', '/home/james/Software/multiPhATE2/PipelineOutput/contig_1032/consensus.cgc', '/home/james/Software/multiPhATE2/PipelineOutput/contig_1032/glimmer.cgc', '/home/james/Software/multiPhATE2/PipelineOutput/contig_1032/phanotate.cgc', '/home/james/Software/multiPhATE2/PipelineOutput/contig_1032/prodigal.cgc', '/home/james/Software/multiPhATE2/PipelineOutput/contig_1032/superset.cgc']
Opening geneFile /home/james/Software/multiPhATE2/PipelineOutput/contig_1032/commoncore.cgc
Adding calls from geneFile /home/james/Software/multiPhATE2/PipelineOutput/contig_1032/commoncore.cgc
Appending call set  number of calls is: 0
Opening geneFile /home/james/Software/multiPhATE2/PipelineOutput/contig_1032/consensus.cgc
Adding calls from geneFile /home/james/Software/multiPhATE2/PipelineOutput/contig_1032/consensus.cgc
Appending call set  number of calls is: 0
Opening geneFile /home/james/Software/multiPhATE2/PipelineOutput/contig_1032/glimmer.cgc
Adding calls from geneFile /home/james/Software/multiPhATE2/PipelineOutput/contig_1032/glimmer.cgc
Appending call set  number of calls is: 2
Opening geneFile /home/james/Software/multiPhATE2/PipelineOutput/contig_1032/phanotate.cgc
Adding calls from geneFile /home/james/Software/multiPhATE2/PipelineOutput/contig_1032/phanotate.cgc
Appending call set  number of calls is: 5
Opening geneFile /home/james/Software/multiPhATE2/PipelineOutput/contig_1032/prodigal.cgc
Adding calls from geneFile /home/james/Software/multiPhATE2/PipelineOutput/contig_1032/prodigal.cgc
Appending call set  number of calls is: 5
Opening geneFile /home/james/Software/multiPhATE2/PipelineOutput/contig_1032/superset.cgc
Adding calls from geneFile /home/james/Software/multiPhATE2/PipelineOutput/contig_1032/superset.cgc
Appending call set  number of calls is: 0
All call sets have been added to caller list. Number of call sets in callerList: 6
callerList is   glimmer phanotate prodigal  
Total number of gene calls across callerList call sets is: 12
Sorting gene calls for each caller
Processing a callSet
Before sorting, Length of callerList for caller  is 0
After sorting, Length of callerList for caller  is 0
Processing a callSet
Before sorting, Length of callerList for caller  is 0
After sorting, Length of callerList for caller  is 0
Processing a callSet
Before sorting, Length of callerList for caller glimmer is 2
After sorting, Length of callerList for caller glimmer is 2
Processing a callSet
Before sorting, Length of callerList for caller phanotate is 5
After sorting, Length of callerList for caller phanotate is 5
Processing a callSet
Before sorting, Length of callerList for caller prodigal is 5
After sorting, Length of callerList for caller prodigal is 5
Processing a callSet
Before sorting, Length of callerList for caller  is 0
After sorting, Length of callerList for caller  is 0
callSet processing complete
Comparing across the call sets...
Merging the geneCall sets....
Final merged genes:

***************Merge List
1	Gene No. 1, gene caller: phanotate, leftEnd: 3, rightEnd: 536, strand: +, length: 534, contig: contig_1032, protein: unknown, score1: 1.0, score2: 0.0
2	Gene No. 1, gene caller: prodigal, leftEnd: 3, rightEnd: 536, strand: +, length: 534, contig: contig_1032, protein: unknown, score1: 1.0, score2: 0.0
3	Gene No. 2, gene caller: glimmer, leftEnd: 533, rightEnd: 982, strand: +, length: 450, contig: contig_1032, protein: unknown, score1: 1.0, score2: 0.0
4	Gene No. 2, gene caller: phanotate, leftEnd: 533, rightEnd: 982, strand: +, length: 450, contig: contig_1032, protein: unknown, score1: 1.0, score2: 0.0
5	Gene No. 2, gene caller: prodigal, leftEnd: 533, rightEnd: 982, strand: +, length: 450, contig: contig_1032, protein: unknown, score1: 1.0, score2: 0.0
6	Gene No. 3, gene caller: phanotate, leftEnd: 993, rightEnd: 1160, strand: +, length: 168, contig: contig_1032, protein: unknown, score1: 1.0, score2: 0.0
7	Gene No. 3, gene caller: prodigal, leftEnd: 993, rightEnd: 1160, strand: +, length: 168, contig: contig_1032, protein: unknown, score1: 1.0, score2: 0.0
8	Gene No. 3, gene caller: glimmer, leftEnd: 1289, rightEnd: 1693, strand: +, length: 405, contig: contig_1032, protein: unknown, score1: 1.0, score2: 0.0
9	Gene No. 4, gene caller: phanotate, leftEnd: 1289, rightEnd: 1693, strand: +, length: 405, contig: contig_1032, protein: unknown, score1: 1.0, score2: 0.0
10	Gene No. 4, gene caller: prodigal, leftEnd: 1289, rightEnd: 1693, strand: +, length: 405, contig: contig_1032, protein: unknown, score1: 1.0, score2: 0.0
11	Gene No. 5, gene caller: phanotate, leftEnd: 1799, rightEnd: 2203, strand: +, length: 405, contig: contig_1032, protein: unknown, score1: 1.0, score2: 0.0
12	Gene No. 5, gene caller: prodigal, leftEnd: 1841, rightEnd: 2203, strand: +, length: 363, contig: contig_1032, protein: unknown, score1: 1.0, score2: 0.0
Comparing across geneCall sets....
Scoring gene calls....
Identifying common core...
This is the Common Core List:

***************Common Core
CC-gene 1	Gene No. 1, gene caller: All_callers, leftEnd: 533, rightEnd: 982, strand: +, length: 450, contig: contig_1032, protein: unknown, score1: 1.0, score2: 0.0
CC-gene 2	Gene No. 1, gene caller: All_callers, leftEnd: 1289, rightEnd: 1693, strand: +, length: 405, contig: contig_1032, protein: unknown, score1: 1.0, score2: 0.0
Printing gene-call superset, consensus, and common_core in GFF and CGC formats
Printing report....
The following gene callers were considered: glimmer, phanotate, prodigal, The number of distinct gene calls over all gene callers is 6
The number of gene calls in common among all callers is 2
The number of unique (non-matching) gene calls is2
Caller glimmer produced 2 gene calls.
Caller glimmer gene-call length stats:  min: 405, max: 450, ave: 427.5
Caller phanotate produced 5 gene calls.
Caller phanotate gene-call length stats:  min: 168, max: 534, ave: 392.4
Caller prodigal produced 5 gene calls.
Caller prodigal gene-call length stats:  min: 168, max: 534, ave: 384.0

Gene-call Scores:
Caller	Contig	Gene No.	Left End	Right End	Strand	gcScore
phanotate	contig_1032	1	3	536	+	0.83
prodigal	contig_1032	1	3	536	+	0.83
glimmer	contig_1032	2	533	982	+	1.00
phanotate	contig_1032	2	533	982	+	1.00
prodigal	contig_1032	2	533	982	+	1.00
phanotate	contig_1032	3	993	1160	+	0.83
prodigal	contig_1032	3	993	1160	+	0.83
glimmer	contig_1032	3	1289	1693	+	1.00
phanotate	contig_1032	4	1289	1693	+	1.00
prodigal	contig_1032	4	1289	1693	+	1.00
phanotate	contig_1032	5	1799	2203	+	0.50
prodigal	contig_1032	5	1841	2203	+	0.50

Gene-call Consensus Scores:
Caller glimmer average gene-call score: 1.00
Caller phanotate average gene-call score: 0.83
Caller prodigal average gene-call score: 0.83

***************Unique List
Unique gene call 1
  --  Gene No. 1, gene caller: phanotate, leftEnd: 3, rightEnd: 536, strand: +, length: 534, contig: contig_1032, protein: unknown, score1: 0.8333333333333333, score2: 0.0
  --  Gene No. 1, gene caller: prodigal, leftEnd: 3, rightEnd: 536, strand: +, length: 534, contig: contig_1032, protein: unknown, score1: 0.8333333333333333, score2: 0.0
Unique gene call 2
  --  Gene No. 2, gene caller: glimmer, leftEnd: 533, rightEnd: 982, strand: +, length: 450, contig: contig_1032, protein: unknown, score1: 1.0, score2: 0.0
  --  Gene No. 2, gene caller: phanotate, leftEnd: 533, rightEnd: 982, strand: +, length: 450, contig: contig_1032, protein: unknown, score1: 1.0, score2: 0.0
  --  Gene No. 2, gene caller: prodigal, leftEnd: 533, rightEnd: 982, strand: +, length: 450, contig: contig_1032, protein: unknown, score1: 1.0, score2: 0.0
Unique gene call 3
  --  Gene No. 3, gene caller: phanotate, leftEnd: 993, rightEnd: 1160, strand: +, length: 168, contig: contig_1032, protein: unknown, score1: 0.8333333333333333, score2: 0.0
  --  Gene No. 3, gene caller: prodigal, leftEnd: 993, rightEnd: 1160, strand: +, length: 168, contig: contig_1032, protein: unknown, score1: 0.8333333333333333, score2: 0.0
Unique gene call 4
  --  Gene No. 3, gene caller: glimmer, leftEnd: 1289, rightEnd: 1693, strand: +, length: 405, contig: contig_1032, protein: unknown, score1: 1.0, score2: 0.0
  --  Gene No. 4, gene caller: phanotate, leftEnd: 1289, rightEnd: 1693, strand: +, length: 405, contig: contig_1032, protein: unknown, score1: 1.0, score2: 0.0
  --  Gene No. 4, gene caller: prodigal, leftEnd: 1289, rightEnd: 1693, strand: +, length: 405, contig: contig_1032, protein: unknown, score1: 1.0, score2: 0.0
Unique gene call 5
  --  Gene No. 5, gene caller: phanotate, leftEnd: 1799, rightEnd: 2203, strand: +, length: 405, contig: contig_1032, protein: unknown, score1: 0.5, score2: 0.0
Unique gene call 6
  --  Gene No. 5, gene caller: prodigal, leftEnd: 1841, rightEnd: 2203, strand: +, length: 363, contig: contig_1032, protein: unknown, score1: 0.5, score2: 0.0
Code complete at 2021-04-21 09:04:00.373855
