Opening log at 2021-04-21 09:10:51.314579
Iterating through fileSet at 2021-04-21 09:10:51.314942
fileSet is ['/home/james/Software/multiPhATE2/PipelineOutput/contig_1702/commoncore.cgc', '/home/james/Software/multiPhATE2/PipelineOutput/contig_1702/consensus.cgc', '/home/james/Software/multiPhATE2/PipelineOutput/contig_1702/glimmer.cgc', '/home/james/Software/multiPhATE2/PipelineOutput/contig_1702/phanotate.cgc', '/home/james/Software/multiPhATE2/PipelineOutput/contig_1702/prodigal.cgc', '/home/james/Software/multiPhATE2/PipelineOutput/contig_1702/superset.cgc']
Opening geneFile /home/james/Software/multiPhATE2/PipelineOutput/contig_1702/commoncore.cgc
Adding calls from geneFile /home/james/Software/multiPhATE2/PipelineOutput/contig_1702/commoncore.cgc
Appending call set  number of calls is: 0
Opening geneFile /home/james/Software/multiPhATE2/PipelineOutput/contig_1702/consensus.cgc
Adding calls from geneFile /home/james/Software/multiPhATE2/PipelineOutput/contig_1702/consensus.cgc
Appending call set  number of calls is: 0
Opening geneFile /home/james/Software/multiPhATE2/PipelineOutput/contig_1702/glimmer.cgc
Adding calls from geneFile /home/james/Software/multiPhATE2/PipelineOutput/contig_1702/glimmer.cgc
Appending call set  number of calls is: 8
Opening geneFile /home/james/Software/multiPhATE2/PipelineOutput/contig_1702/phanotate.cgc
Adding calls from geneFile /home/james/Software/multiPhATE2/PipelineOutput/contig_1702/phanotate.cgc
Appending call set  number of calls is: 13
Opening geneFile /home/james/Software/multiPhATE2/PipelineOutput/contig_1702/prodigal.cgc
Adding calls from geneFile /home/james/Software/multiPhATE2/PipelineOutput/contig_1702/prodigal.cgc
Appending call set  number of calls is: 8
Opening geneFile /home/james/Software/multiPhATE2/PipelineOutput/contig_1702/superset.cgc
Adding calls from geneFile /home/james/Software/multiPhATE2/PipelineOutput/contig_1702/superset.cgc
Appending call set  number of calls is: 0
All call sets have been added to caller list. Number of call sets in callerList: 6
callerList is   glimmer phanotate prodigal  
Total number of gene calls across callerList call sets is: 29
Sorting gene calls for each caller
Processing a callSet
Before sorting, Length of callerList for caller  is 0
After sorting, Length of callerList for caller  is 0
Processing a callSet
Before sorting, Length of callerList for caller  is 0
After sorting, Length of callerList for caller  is 0
Processing a callSet
Before sorting, Length of callerList for caller glimmer is 8
After sorting, Length of callerList for caller glimmer is 8
Processing a callSet
Before sorting, Length of callerList for caller phanotate is 13
After sorting, Length of callerList for caller phanotate is 13
Processing a callSet
Before sorting, Length of callerList for caller prodigal is 8
After sorting, Length of callerList for caller prodigal is 8
Processing a callSet
Before sorting, Length of callerList for caller  is 0
After sorting, Length of callerList for caller  is 0
callSet processing complete
Comparing across the call sets...
Merging the geneCall sets....
Final merged genes:

***************Merge List
1	Gene No. 1, gene caller: phanotate, leftEnd: 1, rightEnd: 129, strand: +, length: 129, contig: contig_1702, protein: unknown, score1: 1.0, score2: 0.0
2	Gene No. 2, gene caller: phanotate, leftEnd: 182, rightEnd: 280, strand: +, length: 99, contig: contig_1702, protein: unknown, score1: 1.0, score2: 0.0
3	Gene No. 3, gene caller: phanotate, leftEnd: 311, rightEnd: 436, strand: -, length: 126, contig: contig_1702, protein: unknown, score1: 1.0, score2: 0.0
4	Gene No. 1, gene caller: glimmer, leftEnd: 585, rightEnd: 992, strand: +, length: 408, contig: contig_1702, protein: unknown, score1: 1.0, score2: 0.0
5	Gene No. 4, gene caller: phanotate, leftEnd: 585, rightEnd: 992, strand: +, length: 408, contig: contig_1702, protein: unknown, score1: 1.0, score2: 0.0
6	Gene No. 1, gene caller: prodigal, leftEnd: 585, rightEnd: 992, strand: +, length: 408, contig: contig_1702, protein: unknown, score1: 1.0, score2: 0.0
7	Gene No. 5, gene caller: phanotate, leftEnd: 1053, rightEnd: 1568, strand: +, length: 516, contig: contig_1702, protein: unknown, score1: 1.0, score2: 0.0
8	Gene No. 2, gene caller: glimmer, leftEnd: 1056, rightEnd: 1568, strand: +, length: 513, contig: contig_1702, protein: unknown, score1: 1.0, score2: 0.0
9	Gene No. 2, gene caller: prodigal, leftEnd: 1056, rightEnd: 1568, strand: +, length: 513, contig: contig_1702, protein: unknown, score1: 1.0, score2: 0.0
10	Gene No. 6, gene caller: phanotate, leftEnd: 1576, rightEnd: 1677, strand: +, length: 102, contig: contig_1702, protein: unknown, score1: 1.0, score2: 0.0
11	Gene No. 3, gene caller: glimmer, leftEnd: 1692, rightEnd: 2774, strand: +, length: 1083, contig: contig_1702, protein: unknown, score1: 1.0, score2: 0.0
12	Gene No. 7, gene caller: phanotate, leftEnd: 1692, rightEnd: 2774, strand: +, length: 1083, contig: contig_1702, protein: unknown, score1: 1.0, score2: 0.0
13	Gene No. 3, gene caller: prodigal, leftEnd: 1692, rightEnd: 2774, strand: +, length: 1083, contig: contig_1702, protein: unknown, score1: 1.0, score2: 0.0
14	Gene No. 8, gene caller: phanotate, leftEnd: 2878, rightEnd: 2970, strand: -, length: 93, contig: contig_1702, protein: unknown, score1: 1.0, score2: 0.0
15	Gene No. 4, gene caller: glimmer, leftEnd: 2997, rightEnd: 4010, strand: -, length: 1014, contig: contig_1702, protein: unknown, score1: 1.0, score2: 0.0
16	Gene No. 9, gene caller: phanotate, leftEnd: 2997, rightEnd: 4010, strand: -, length: 1014, contig: contig_1702, protein: unknown, score1: 1.0, score2: 0.0
17	Gene No. 4, gene caller: prodigal, leftEnd: 2997, rightEnd: 4010, strand: -, length: 1014, contig: contig_1702, protein: unknown, score1: 1.0, score2: 0.0
18	Gene No. 5, gene caller: glimmer, leftEnd: 4090, rightEnd: 4887, strand: -, length: 798, contig: contig_1702, protein: unknown, score1: 1.0, score2: 0.0
19	Gene No. 10, gene caller: phanotate, leftEnd: 4090, rightEnd: 4887, strand: -, length: 798, contig: contig_1702, protein: unknown, score1: 1.0, score2: 0.0
20	Gene No. 5, gene caller: prodigal, leftEnd: 4090, rightEnd: 4887, strand: -, length: 798, contig: contig_1702, protein: unknown, score1: 1.0, score2: 0.0
21	Gene No. 6, gene caller: glimmer, leftEnd: 4874, rightEnd: 5194, strand: -, length: 321, contig: contig_1702, protein: unknown, score1: 1.0, score2: 0.0
22	Gene No. 11, gene caller: phanotate, leftEnd: 4874, rightEnd: 5194, strand: -, length: 321, contig: contig_1702, protein: unknown, score1: 1.0, score2: 0.0
23	Gene No. 6, gene caller: prodigal, leftEnd: 4874, rightEnd: 5194, strand: -, length: 321, contig: contig_1702, protein: unknown, score1: 1.0, score2: 0.0
24	Gene No. 7, gene caller: glimmer, leftEnd: 5223, rightEnd: 5453, strand: -, length: 231, contig: contig_1702, protein: unknown, score1: 1.0, score2: 0.0
25	Gene No. 12, gene caller: phanotate, leftEnd: 5223, rightEnd: 5453, strand: -, length: 231, contig: contig_1702, protein: unknown, score1: 1.0, score2: 0.0
26	Gene No. 7, gene caller: prodigal, leftEnd: 5223, rightEnd: 5453, strand: -, length: 231, contig: contig_1702, protein: unknown, score1: 1.0, score2: 0.0
27	Gene No. 8, gene caller: glimmer, leftEnd: 5466, rightEnd: 5849, strand: -, length: 384, contig: contig_1702, protein: unknown, score1: 1.0, score2: 0.0
28	Gene No. 13, gene caller: phanotate, leftEnd: 5466, rightEnd: 5849, strand: -, length: 384, contig: contig_1702, protein: unknown, score1: 1.0, score2: 0.0
29	Gene No. 8, gene caller: prodigal, leftEnd: 5466, rightEnd: 5849, strand: -, length: 384, contig: contig_1702, protein: unknown, score1: 1.0, score2: 0.0
Comparing across geneCall sets....
Scoring gene calls....
Identifying common core...
This is the Common Core List:

***************Common Core
CC-gene 1	Gene No. 1, gene caller: All_callers, leftEnd: 585, rightEnd: 992, strand: +, length: 408, contig: contig_1702, protein: unknown, score1: 1.0, score2: 0.0
CC-gene 2	Gene No. 1, gene caller: All_callers, leftEnd: 1692, rightEnd: 2774, strand: +, length: 1083, contig: contig_1702, protein: unknown, score1: 1.0, score2: 0.0
CC-gene 3	Gene No. 1, gene caller: All_callers, leftEnd: 2997, rightEnd: 4010, strand: -, length: 1014, contig: contig_1702, protein: unknown, score1: 1.0, score2: 0.0
CC-gene 4	Gene No. 1, gene caller: All_callers, leftEnd: 4090, rightEnd: 4887, strand: -, length: 798, contig: contig_1702, protein: unknown, score1: 1.0, score2: 0.0
CC-gene 5	Gene No. 1, gene caller: All_callers, leftEnd: 4874, rightEnd: 5194, strand: -, length: 321, contig: contig_1702, protein: unknown, score1: 1.0, score2: 0.0
CC-gene 6	Gene No. 1, gene caller: All_callers, leftEnd: 5223, rightEnd: 5453, strand: -, length: 231, contig: contig_1702, protein: unknown, score1: 1.0, score2: 0.0
CC-gene 7	Gene No. 1, gene caller: All_callers, leftEnd: 5466, rightEnd: 5849, strand: -, length: 384, contig: contig_1702, protein: unknown, score1: 1.0, score2: 0.0
Printing gene-call superset, consensus, and common_core in GFF and CGC formats
Printing report....
The following gene callers were considered: glimmer, phanotate, prodigal, The number of distinct gene calls over all gene callers is 14
The number of gene calls in common among all callers is 7
The number of unique (non-matching) gene calls is6
Caller glimmer produced 8 gene calls.
Caller glimmer gene-call length stats:  min: 231, max: 1083, ave: 594.0
Caller phanotate produced 13 gene calls.
Caller phanotate gene-call length stats:  min: 93, max: 1083, ave: 408.0
Caller prodigal produced 8 gene calls.
Caller prodigal gene-call length stats:  min: 231, max: 1083, ave: 594.0

Gene-call Scores:
Caller	Contig	Gene No.	Left End	Right End	Strand	gcScore
phanotate	contig_1702	1	1	129	+	0.33
phanotate	contig_1702	2	182	280	+	0.33
phanotate	contig_1702	3	311	436	-	0.33
glimmer	contig_1702	1	585	992	+	1.00
phanotate	contig_1702	4	585	992	+	1.00
prodigal	contig_1702	1	585	992	+	1.00
phanotate	contig_1702	5	1053	1568	+	0.50
glimmer	contig_1702	2	1056	1568	+	0.83
prodigal	contig_1702	2	1056	1568	+	0.83
phanotate	contig_1702	6	1576	1677	+	0.33
glimmer	contig_1702	3	1692	2774	+	1.00
phanotate	contig_1702	7	1692	2774	+	1.00
prodigal	contig_1702	3	1692	2774	+	1.00
phanotate	contig_1702	8	2878	2970	-	0.33
glimmer	contig_1702	4	2997	4010	-	1.00
phanotate	contig_1702	9	2997	4010	-	1.00
prodigal	contig_1702	4	2997	4010	-	1.00
glimmer	contig_1702	5	4090	4887	-	1.00
phanotate	contig_1702	10	4090	4887	-	1.00
prodigal	contig_1702	5	4090	4887	-	1.00
glimmer	contig_1702	6	4874	5194	-	1.00
phanotate	contig_1702	11	4874	5194	-	1.00
prodigal	contig_1702	6	4874	5194	-	1.00
glimmer	contig_1702	7	5223	5453	-	1.00
phanotate	contig_1702	12	5223	5453	-	1.00
prodigal	contig_1702	7	5223	5453	-	1.00
glimmer	contig_1702	8	5466	5849	-	1.00
phanotate	contig_1702	13	5466	5849	-	1.00
prodigal	contig_1702	8	5466	5849	-	1.00

Gene-call Consensus Scores:
Caller glimmer average gene-call score: 0.98
Caller phanotate average gene-call score: 0.71
Caller prodigal average gene-call score: 0.98

***************Unique List
Unique gene call 1
  --  Gene No. 1, gene caller: phanotate, leftEnd: 1, rightEnd: 129, strand: +, length: 129, contig: contig_1702, protein: unknown, score1: 0.3333333333333333, score2: 0.0
Unique gene call 2
  --  Gene No. 2, gene caller: phanotate, leftEnd: 182, rightEnd: 280, strand: +, length: 99, contig: contig_1702, protein: unknown, score1: 0.3333333333333333, score2: 0.0
Unique gene call 3
  --  Gene No. 3, gene caller: phanotate, leftEnd: 311, rightEnd: 436, strand: -, length: 126, contig: contig_1702, protein: unknown, score1: 0.3333333333333333, score2: 0.0
Unique gene call 4
  --  Gene No. 1, gene caller: glimmer, leftEnd: 585, rightEnd: 992, strand: +, length: 408, contig: contig_1702, protein: unknown, score1: 1.0, score2: 0.0
  --  Gene No. 4, gene caller: phanotate, leftEnd: 585, rightEnd: 992, strand: +, length: 408, contig: contig_1702, protein: unknown, score1: 1.0, score2: 0.0
  --  Gene No. 1, gene caller: prodigal, leftEnd: 585, rightEnd: 992, strand: +, length: 408, contig: contig_1702, protein: unknown, score1: 1.0, score2: 0.0
Unique gene call 5
  --  Gene No. 5, gene caller: phanotate, leftEnd: 1053, rightEnd: 1568, strand: +, length: 516, contig: contig_1702, protein: unknown, score1: 0.5, score2: 0.0
Unique gene call 6
  --  Gene No. 2, gene caller: glimmer, leftEnd: 1056, rightEnd: 1568, strand: +, length: 513, contig: contig_1702, protein: unknown, score1: 0.8333333333333333, score2: 0.0
  --  Gene No. 2, gene caller: prodigal, leftEnd: 1056, rightEnd: 1568, strand: +, length: 513, contig: contig_1702, protein: unknown, score1: 0.8333333333333333, score2: 0.0
Unique gene call 7
  --  Gene No. 6, gene caller: phanotate, leftEnd: 1576, rightEnd: 1677, strand: +, length: 102, contig: contig_1702, protein: unknown, score1: 0.3333333333333333, score2: 0.0
Unique gene call 8
  --  Gene No. 3, gene caller: glimmer, leftEnd: 1692, rightEnd: 2774, strand: +, length: 1083, contig: contig_1702, protein: unknown, score1: 1.0, score2: 0.0
  --  Gene No. 7, gene caller: phanotate, leftEnd: 1692, rightEnd: 2774, strand: +, length: 1083, contig: contig_1702, protein: unknown, score1: 1.0, score2: 0.0
  --  Gene No. 3, gene caller: prodigal, leftEnd: 1692, rightEnd: 2774, strand: +, length: 1083, contig: contig_1702, protein: unknown, score1: 1.0, score2: 0.0
Unique gene call 9
  --  Gene No. 8, gene caller: phanotate, leftEnd: 2878, rightEnd: 2970, strand: -, length: 93, contig: contig_1702, protein: unknown, score1: 0.3333333333333333, score2: 0.0
Unique gene call 10
  --  Gene No. 4, gene caller: glimmer, leftEnd: 2997, rightEnd: 4010, strand: -, length: 1014, contig: contig_1702, protein: unknown, score1: 1.0, score2: 0.0
  --  Gene No. 9, gene caller: phanotate, leftEnd: 2997, rightEnd: 4010, strand: -, length: 1014, contig: contig_1702, protein: unknown, score1: 1.0, score2: 0.0
  --  Gene No. 4, gene caller: prodigal, leftEnd: 2997, rightEnd: 4010, strand: -, length: 1014, contig: contig_1702, protein: unknown, score1: 1.0, score2: 0.0
Unique gene call 11
  --  Gene No. 5, gene caller: glimmer, leftEnd: 4090, rightEnd: 4887, strand: -, length: 798, contig: contig_1702, protein: unknown, score1: 1.0, score2: 0.0
  --  Gene No. 10, gene caller: phanotate, leftEnd: 4090, rightEnd: 4887, strand: -, length: 798, contig: contig_1702, protein: unknown, score1: 1.0, score2: 0.0
  --  Gene No. 5, gene caller: prodigal, leftEnd: 4090, rightEnd: 4887, strand: -, length: 798, contig: contig_1702, protein: unknown, score1: 1.0, score2: 0.0
Unique gene call 12
  --  Gene No. 6, gene caller: glimmer, leftEnd: 4874, rightEnd: 5194, strand: -, length: 321, contig: contig_1702, protein: unknown, score1: 1.0, score2: 0.0
  --  Gene No. 11, gene caller: phanotate, leftEnd: 4874, rightEnd: 5194, strand: -, length: 321, contig: contig_1702, protein: unknown, score1: 1.0, score2: 0.0
  --  Gene No. 6, gene caller: prodigal, leftEnd: 4874, rightEnd: 5194, strand: -, length: 321, contig: contig_1702, protein: unknown, score1: 1.0, score2: 0.0
Unique gene call 13
  --  Gene No. 7, gene caller: glimmer, leftEnd: 5223, rightEnd: 5453, strand: -, length: 231, contig: contig_1702, protein: unknown, score1: 1.0, score2: 0.0
  --  Gene No. 12, gene caller: phanotate, leftEnd: 5223, rightEnd: 5453, strand: -, length: 231, contig: contig_1702, protein: unknown, score1: 1.0, score2: 0.0
  --  Gene No. 7, gene caller: prodigal, leftEnd: 5223, rightEnd: 5453, strand: -, length: 231, contig: contig_1702, protein: unknown, score1: 1.0, score2: 0.0
Unique gene call 14
  --  Gene No. 8, gene caller: glimmer, leftEnd: 5466, rightEnd: 5849, strand: -, length: 384, contig: contig_1702, protein: unknown, score1: 1.0, score2: 0.0
  --  Gene No. 13, gene caller: phanotate, leftEnd: 5466, rightEnd: 5849, strand: -, length: 384, contig: contig_1702, protein: unknown, score1: 1.0, score2: 0.0
  --  Gene No. 8, gene caller: prodigal, leftEnd: 5466, rightEnd: 5849, strand: -, length: 384, contig: contig_1702, protein: unknown, score1: 1.0, score2: 0.0
Code complete at 2021-04-21 09:10:51.327235
