Discrepancy Report Results

Summary
DISC_PROTEIN_NAMES:All proteins have same name "hypothetical protein"
FATAL: MISSING_PROTEIN_ID:8 proteins have invalid IDs.
DISC_SOURCE_QUALS_ASNDISC:strain (all present, all unique)
DISC_SOURCE_QUALS_ASNDISC:taxname (all present, all unique)
DISC_FEATURE_COUNT:CDS: 8 present
DISC_COUNT_NUCLEOTIDES:1 nucleotide Bioseqs are present
FEATURE_LOCATION_CONFLICT:8 features have inconsistent gene locations.
DISC_QUALITY_SCORES:Quality scores are missing on all sequences.
ONCALLER_COMMENT_PRESENT:1 comment descriptors were found (all same)
MISSING_GENOMEASSEMBLY_COMMENTS:1 bioseqs are missing GenomeAssembly structured comments
MOLTYPE_NOT_MRNA:1 molecule types are not set as mRNA.
TECHNIQUE_NOT_TSA:1 technique are not set as TSA
MISSING_STRUCTURED_COMMENT:1 sequences do not include structured comments.
MISSING_PROJECT:9 sequences do not include project.
DISC_INCONSISTENT_MOLINFO_TECH:Molinfo Technique Report (some missing, all same)


Detailed Report

DiscRep_ALL:DISC_PROTEIN_NAMES::All proteins have same name "hypothetical protein"

FATAL: DiscRep_ALL:MISSING_PROTEIN_ID::8 proteins have invalid IDs.
prokkaMN856076/MN856076:MN856076_1 (length 698)
prokkaMN856076/MN856076:MN856076_2 (length 133)
prokkaMN856076/MN856076:MN856076_3 (length 130)
prokkaMN856076/MN856076:MN856076_4 (length 155)
prokkaMN856076/MN856076:MN856076_5 (length 76)
prokkaMN856076/MN856076:MN856076_6 (length 106)
prokkaMN856076/MN856076:MN856076_7 (length 265)
prokkaMN856076/MN856076:MN856076_8 (length 177)

DiscRep_ALL:DISC_SOURCE_QUALS_ASNDISC::strain (all present, all unique)
DiscRep_SUB:DISC_SOURCE_QUALS_ASNDISC::1 sources have unique values for strain
DiscRep_ALL:DISC_SOURCE_QUALS_ASNDISC::taxname (all present, all unique)
DiscRep_SUB:DISC_SOURCE_QUALS_ASNDISC::1 sources have unique values for taxname
DiscRep_ALL:DISC_FEATURE_COUNT::CDS: 8 present
DiscRep_ALL:DISC_COUNT_NUCLEOTIDES::1 nucleotide Bioseqs are present
prokkaMN856076/MN856076:MN856076 (length 5804)

DiscRep_ALL:FEATURE_LOCATION_CONFLICT::8 features have inconsistent gene locations.
DiscRep_SUB:FEATURE_LOCATION_CONFLICT::Coding region xref gene does not exist
prokkaMN856076/MN856076:CDS	hypothetical protein	MN856076:243-2339	AEMIEFML_00001

DiscRep_SUB:FEATURE_LOCATION_CONFLICT::Coding region xref gene does not exist
prokkaMN856076/MN856076:CDS	hypothetical protein	MN856076:2354-2755	AEMIEFML_00002

DiscRep_SUB:FEATURE_LOCATION_CONFLICT::Coding region xref gene does not exist
prokkaMN856076/MN856076:CDS	hypothetical protein	MN856076:2770-3162	AEMIEFML_00003

DiscRep_SUB:FEATURE_LOCATION_CONFLICT::Coding region xref gene does not exist
prokkaMN856076/MN856076:CDS	hypothetical protein	MN856076:3214-3681	AEMIEFML_00004

DiscRep_SUB:FEATURE_LOCATION_CONFLICT::Coding region xref gene does not exist
prokkaMN856076/MN856076:CDS	hypothetical protein	MN856076:3694-3924	AEMIEFML_00005

DiscRep_SUB:FEATURE_LOCATION_CONFLICT::Coding region xref gene does not exist
prokkaMN856076/MN856076:CDS	hypothetical protein	MN856076:3956-4276	AEMIEFML_00006

DiscRep_SUB:FEATURE_LOCATION_CONFLICT::Coding region xref gene does not exist
prokkaMN856076/MN856076:CDS	hypothetical protein	MN856076:4263-5060	AEMIEFML_00007

DiscRep_SUB:FEATURE_LOCATION_CONFLICT::Coding region xref gene does not exist
prokkaMN856076/MN856076:CDS	hypothetical protein	MN856076:5224-5757	AEMIEFML_00008

DiscRep_ALL:DISC_QUALITY_SCORES::Quality scores are missing on all sequences.

DiscRep_ALL:ONCALLER_COMMENT_PRESENT::1 comment descriptors were found (all same)
prokkaMN856076/MN856076:MN856076:Annotated using prokka 1.14.6 from https://github.com/tseemann/prokka

DiscRep_ALL:MISSING_GENOMEASSEMBLY_COMMENTS::1 bioseqs are missing GenomeAssembly structured comments
prokkaMN856076/MN856076:MN856076 (length 5804)

DiscRep_ALL:MOLTYPE_NOT_MRNA::1 molecule types are not set as mRNA.
prokkaMN856076/MN856076:MN856076 (length 5804)

DiscRep_ALL:TECHNIQUE_NOT_TSA::1 technique are not set as TSA
prokkaMN856076/MN856076:MN856076 (length 5804)

DiscRep_ALL:MISSING_STRUCTURED_COMMENT::1 sequences do not include structured comments.
prokkaMN856076/MN856076:MN856076 (length 5804)

DiscRep_ALL:MISSING_PROJECT::9 sequences do not include project.
prokkaMN856076/MN856076:MN856076 (length 5804)
prokkaMN856076/MN856076:MN856076_1 (length 698)
prokkaMN856076/MN856076:MN856076_2 (length 133)
prokkaMN856076/MN856076:MN856076_3 (length 130)
prokkaMN856076/MN856076:MN856076_4 (length 155)
prokkaMN856076/MN856076:MN856076_5 (length 76)
prokkaMN856076/MN856076:MN856076_6 (length 106)
prokkaMN856076/MN856076:MN856076_7 (length 265)
prokkaMN856076/MN856076:MN856076_8 (length 177)

DiscRep_ALL:DISC_INCONSISTENT_MOLINFO_TECH::Molinfo Technique Report (some missing, all same)
DiscRep_SUB:DISC_INCONSISTENT_MOLINFO_TECH::technique (all missing)
DiscRep_SUB:DISC_INCONSISTENT_MOLINFO_TECH::1 Molinfos are missing field technique
prokkaMN856076/MN856076:MN856076 (length 5804)

