Opening log at 2021-04-21 09:30:07.988599
Iterating through fileSet at 2021-04-21 09:30:07.988772
fileSet is ['/home/james/Software/multiPhATE2/PipelineOutput/contig_2052/commoncore.cgc', '/home/james/Software/multiPhATE2/PipelineOutput/contig_2052/consensus.cgc', '/home/james/Software/multiPhATE2/PipelineOutput/contig_2052/glimmer.cgc', '/home/james/Software/multiPhATE2/PipelineOutput/contig_2052/phanotate.cgc', '/home/james/Software/multiPhATE2/PipelineOutput/contig_2052/prodigal.cgc', '/home/james/Software/multiPhATE2/PipelineOutput/contig_2052/superset.cgc']
Opening geneFile /home/james/Software/multiPhATE2/PipelineOutput/contig_2052/commoncore.cgc
Adding calls from geneFile /home/james/Software/multiPhATE2/PipelineOutput/contig_2052/commoncore.cgc
Appending call set  number of calls is: 0
Opening geneFile /home/james/Software/multiPhATE2/PipelineOutput/contig_2052/consensus.cgc
Adding calls from geneFile /home/james/Software/multiPhATE2/PipelineOutput/contig_2052/consensus.cgc
Appending call set  number of calls is: 0
Opening geneFile /home/james/Software/multiPhATE2/PipelineOutput/contig_2052/glimmer.cgc
Adding calls from geneFile /home/james/Software/multiPhATE2/PipelineOutput/contig_2052/glimmer.cgc
Appending call set  number of calls is: 25
Opening geneFile /home/james/Software/multiPhATE2/PipelineOutput/contig_2052/phanotate.cgc
Adding calls from geneFile /home/james/Software/multiPhATE2/PipelineOutput/contig_2052/phanotate.cgc
Appending call set  number of calls is: 26
Opening geneFile /home/james/Software/multiPhATE2/PipelineOutput/contig_2052/prodigal.cgc
Adding calls from geneFile /home/james/Software/multiPhATE2/PipelineOutput/contig_2052/prodigal.cgc
Appending call set  number of calls is: 27
Opening geneFile /home/james/Software/multiPhATE2/PipelineOutput/contig_2052/superset.cgc
Adding calls from geneFile /home/james/Software/multiPhATE2/PipelineOutput/contig_2052/superset.cgc
Appending call set  number of calls is: 0
All call sets have been added to caller list. Number of call sets in callerList: 6
callerList is   glimmer phanotate prodigal  
Total number of gene calls across callerList call sets is: 78
Sorting gene calls for each caller
Processing a callSet
Before sorting, Length of callerList for caller  is 0
After sorting, Length of callerList for caller  is 0
Processing a callSet
Before sorting, Length of callerList for caller  is 0
After sorting, Length of callerList for caller  is 0
Processing a callSet
Before sorting, Length of callerList for caller glimmer is 25
After sorting, Length of callerList for caller glimmer is 25
Processing a callSet
Before sorting, Length of callerList for caller phanotate is 26
After sorting, Length of callerList for caller phanotate is 26
Processing a callSet
Before sorting, Length of callerList for caller prodigal is 27
After sorting, Length of callerList for caller prodigal is 27
Processing a callSet
Before sorting, Length of callerList for caller  is 0
After sorting, Length of callerList for caller  is 0
callSet processing complete
Comparing across the call sets...
Merging the geneCall sets....
Final merged genes:

***************Merge List
1	Gene No. 1, gene caller: phanotate, leftEnd: 2, rightEnd: 121, strand: -, length: 120, contig: contig_2052, protein: unknown, score1: 1.0, score2: 0.0
2	Gene No. 1, gene caller: prodigal, leftEnd: 2, rightEnd: 121, strand: -, length: 120, contig: contig_2052, protein: unknown, score1: 1.0, score2: 0.0
3	Gene No. 1, gene caller: glimmer, leftEnd: 118, rightEnd: 729, strand: -, length: 612, contig: contig_2052, protein: unknown, score1: 1.0, score2: 0.0
4	Gene No. 2, gene caller: phanotate, leftEnd: 118, rightEnd: 729, strand: -, length: 612, contig: contig_2052, protein: unknown, score1: 1.0, score2: 0.0
5	Gene No. 2, gene caller: prodigal, leftEnd: 118, rightEnd: 729, strand: -, length: 612, contig: contig_2052, protein: unknown, score1: 1.0, score2: 0.0
6	Gene No. 2, gene caller: glimmer, leftEnd: 729, rightEnd: 3818, strand: -, length: 3090, contig: contig_2052, protein: unknown, score1: 1.0, score2: 0.0
7	Gene No. 3, gene caller: phanotate, leftEnd: 729, rightEnd: 3818, strand: -, length: 3090, contig: contig_2052, protein: unknown, score1: 1.0, score2: 0.0
8	Gene No. 3, gene caller: prodigal, leftEnd: 729, rightEnd: 3818, strand: -, length: 3090, contig: contig_2052, protein: unknown, score1: 1.0, score2: 0.0
9	Gene No. 4, gene caller: phanotate, leftEnd: 3852, rightEnd: 4364, strand: +, length: 513, contig: contig_2052, protein: unknown, score1: 1.0, score2: 0.0
10	Gene No. 4, gene caller: prodigal, leftEnd: 3852, rightEnd: 4364, strand: +, length: 513, contig: contig_2052, protein: unknown, score1: 1.0, score2: 0.0
11	Gene No. 3, gene caller: glimmer, leftEnd: 3963, rightEnd: 4364, strand: +, length: 402, contig: contig_2052, protein: unknown, score1: 1.0, score2: 0.0
12	Gene No. 4, gene caller: glimmer, leftEnd: 4387, rightEnd: 4815, strand: -, length: 429, contig: contig_2052, protein: unknown, score1: 1.0, score2: 0.0
13	Gene No. 5, gene caller: prodigal, leftEnd: 4387, rightEnd: 4836, strand: -, length: 450, contig: contig_2052, protein: unknown, score1: 1.0, score2: 0.0
14	Gene No. 5, gene caller: phanotate, leftEnd: 4387, rightEnd: 4839, strand: -, length: 453, contig: contig_2052, protein: unknown, score1: 1.0, score2: 0.0
15	Gene No. 5, gene caller: glimmer, leftEnd: 4904, rightEnd: 5038, strand: -, length: 135, contig: contig_2052, protein: unknown, score1: 1.0, score2: 0.0
16	Gene No. 6, gene caller: phanotate, leftEnd: 4904, rightEnd: 5062, strand: -, length: 159, contig: contig_2052, protein: unknown, score1: 1.0, score2: 0.0
17	Gene No. 6, gene caller: prodigal, leftEnd: 4904, rightEnd: 5092, strand: -, length: 189, contig: contig_2052, protein: unknown, score1: 1.0, score2: 0.0
18	Gene No. 6, gene caller: glimmer, leftEnd: 5092, rightEnd: 5517, strand: -, length: 426, contig: contig_2052, protein: unknown, score1: 1.0, score2: 0.0
19	Gene No. 7, gene caller: phanotate, leftEnd: 5092, rightEnd: 5517, strand: -, length: 426, contig: contig_2052, protein: unknown, score1: 1.0, score2: 0.0
20	Gene No. 7, gene caller: prodigal, leftEnd: 5092, rightEnd: 5517, strand: -, length: 426, contig: contig_2052, protein: unknown, score1: 1.0, score2: 0.0
21	Gene No. 8, gene caller: glimmer, leftEnd: 5507, rightEnd: 5953, strand: -, length: 447, contig: contig_2052, protein: unknown, score1: 1.0, score2: 0.0
22	Gene No. 8, gene caller: phanotate, leftEnd: 5507, rightEnd: 5953, strand: -, length: 447, contig: contig_2052, protein: unknown, score1: 1.0, score2: 0.0
23	Gene No. 8, gene caller: prodigal, leftEnd: 5507, rightEnd: 5953, strand: -, length: 447, contig: contig_2052, protein: unknown, score1: 1.0, score2: 0.0
24	Gene No. 7, gene caller: glimmer, leftEnd: 5920, rightEnd: 6033, strand: +, length: 114, contig: contig_2052, protein: unknown, score1: 1.0, score2: 0.0
25	Gene No. 9, gene caller: glimmer, leftEnd: 6049, rightEnd: 6456, strand: -, length: 408, contig: contig_2052, protein: unknown, score1: 1.0, score2: 0.0
26	Gene No. 9, gene caller: phanotate, leftEnd: 6049, rightEnd: 6456, strand: -, length: 408, contig: contig_2052, protein: unknown, score1: 1.0, score2: 0.0
27	Gene No. 9, gene caller: prodigal, leftEnd: 6049, rightEnd: 6456, strand: -, length: 408, contig: contig_2052, protein: unknown, score1: 1.0, score2: 0.0
28	Gene No. 10, gene caller: prodigal, leftEnd: 6453, rightEnd: 6911, strand: -, length: 459, contig: contig_2052, protein: unknown, score1: 1.0, score2: 0.0
29	Gene No. 10, gene caller: glimmer, leftEnd: 6453, rightEnd: 6983, strand: -, length: 531, contig: contig_2052, protein: unknown, score1: 1.0, score2: 0.0
30	Gene No. 10, gene caller: phanotate, leftEnd: 6453, rightEnd: 6983, strand: -, length: 531, contig: contig_2052, protein: unknown, score1: 1.0, score2: 0.0
31	Gene No. 11, gene caller: prodigal, leftEnd: 6896, rightEnd: 7078, strand: -, length: 183, contig: contig_2052, protein: unknown, score1: 1.0, score2: 0.0
32	Gene No. 11, gene caller: glimmer, leftEnd: 7087, rightEnd: 7449, strand: -, length: 363, contig: contig_2052, protein: unknown, score1: 1.0, score2: 0.0
33	Gene No. 11, gene caller: phanotate, leftEnd: 7087, rightEnd: 7449, strand: -, length: 363, contig: contig_2052, protein: unknown, score1: 1.0, score2: 0.0
34	Gene No. 12, gene caller: prodigal, leftEnd: 7087, rightEnd: 7449, strand: -, length: 363, contig: contig_2052, protein: unknown, score1: 1.0, score2: 0.0
35	Gene No. 12, gene caller: phanotate, leftEnd: 7446, rightEnd: 8000, strand: -, length: 555, contig: contig_2052, protein: unknown, score1: 1.0, score2: 0.0
36	Gene No. 13, gene caller: prodigal, leftEnd: 7446, rightEnd: 8006, strand: -, length: 561, contig: contig_2052, protein: unknown, score1: 1.0, score2: 0.0
37	Gene No. 12, gene caller: glimmer, leftEnd: 7446, rightEnd: 8015, strand: -, length: 570, contig: contig_2052, protein: unknown, score1: 1.0, score2: 0.0
38	Gene No. 13, gene caller: glimmer, leftEnd: 8008, rightEnd: 8187, strand: -, length: 180, contig: contig_2052, protein: unknown, score1: 1.0, score2: 0.0
39	Gene No. 13, gene caller: phanotate, leftEnd: 8008, rightEnd: 8187, strand: -, length: 180, contig: contig_2052, protein: unknown, score1: 1.0, score2: 0.0
40	Gene No. 14, gene caller: prodigal, leftEnd: 8008, rightEnd: 8187, strand: -, length: 180, contig: contig_2052, protein: unknown, score1: 1.0, score2: 0.0
41	Gene No. 14, gene caller: phanotate, leftEnd: 8238, rightEnd: 8579, strand: -, length: 342, contig: contig_2052, protein: unknown, score1: 1.0, score2: 0.0
42	Gene No. 15, gene caller: prodigal, leftEnd: 8238, rightEnd: 8579, strand: -, length: 342, contig: contig_2052, protein: unknown, score1: 1.0, score2: 0.0
43	Gene No. 14, gene caller: glimmer, leftEnd: 8238, rightEnd: 8612, strand: -, length: 375, contig: contig_2052, protein: unknown, score1: 1.0, score2: 0.0
44	Gene No. 15, gene caller: glimmer, leftEnd: 8615, rightEnd: 9184, strand: +, length: 570, contig: contig_2052, protein: unknown, score1: 1.0, score2: 0.0
45	Gene No. 16, gene caller: prodigal, leftEnd: 8624, rightEnd: 9184, strand: +, length: 561, contig: contig_2052, protein: unknown, score1: 1.0, score2: 0.0
46	Gene No. 15, gene caller: phanotate, leftEnd: 8630, rightEnd: 9184, strand: +, length: 555, contig: contig_2052, protein: unknown, score1: 1.0, score2: 0.0
47	Gene No. 16, gene caller: glimmer, leftEnd: 9181, rightEnd: 9543, strand: +, length: 363, contig: contig_2052, protein: unknown, score1: 1.0, score2: 0.0
48	Gene No. 16, gene caller: phanotate, leftEnd: 9181, rightEnd: 9543, strand: +, length: 363, contig: contig_2052, protein: unknown, score1: 1.0, score2: 0.0
49	Gene No. 17, gene caller: prodigal, leftEnd: 9181, rightEnd: 9543, strand: +, length: 363, contig: contig_2052, protein: unknown, score1: 1.0, score2: 0.0
50	Gene No. 17, gene caller: phanotate, leftEnd: 9552, rightEnd: 9734, strand: +, length: 183, contig: contig_2052, protein: unknown, score1: 1.0, score2: 0.0
51	Gene No. 18, gene caller: prodigal, leftEnd: 9552, rightEnd: 9734, strand: +, length: 183, contig: contig_2052, protein: unknown, score1: 1.0, score2: 0.0
52	Gene No. 17, gene caller: glimmer, leftEnd: 9647, rightEnd: 10177, strand: +, length: 531, contig: contig_2052, protein: unknown, score1: 1.0, score2: 0.0
53	Gene No. 18, gene caller: phanotate, leftEnd: 9719, rightEnd: 10177, strand: +, length: 459, contig: contig_2052, protein: unknown, score1: 1.0, score2: 0.0
54	Gene No. 19, gene caller: prodigal, leftEnd: 9719, rightEnd: 10177, strand: +, length: 459, contig: contig_2052, protein: unknown, score1: 1.0, score2: 0.0
55	Gene No. 18, gene caller: glimmer, leftEnd: 10174, rightEnd: 10581, strand: +, length: 408, contig: contig_2052, protein: unknown, score1: 1.0, score2: 0.0
56	Gene No. 19, gene caller: phanotate, leftEnd: 10174, rightEnd: 10581, strand: +, length: 408, contig: contig_2052, protein: unknown, score1: 1.0, score2: 0.0
57	Gene No. 20, gene caller: prodigal, leftEnd: 10174, rightEnd: 10581, strand: +, length: 408, contig: contig_2052, protein: unknown, score1: 1.0, score2: 0.0
58	Gene No. 19, gene caller: glimmer, leftEnd: 10649, rightEnd: 11122, strand: +, length: 474, contig: contig_2052, protein: unknown, score1: 1.0, score2: 0.0
59	Gene No. 20, gene caller: phanotate, leftEnd: 10649, rightEnd: 11122, strand: +, length: 474, contig: contig_2052, protein: unknown, score1: 1.0, score2: 0.0
60	Gene No. 21, gene caller: prodigal, leftEnd: 10649, rightEnd: 11122, strand: +, length: 474, contig: contig_2052, protein: unknown, score1: 1.0, score2: 0.0
61	Gene No. 20, gene caller: glimmer, leftEnd: 11112, rightEnd: 11537, strand: +, length: 426, contig: contig_2052, protein: unknown, score1: 1.0, score2: 0.0
62	Gene No. 21, gene caller: phanotate, leftEnd: 11112, rightEnd: 11537, strand: +, length: 426, contig: contig_2052, protein: unknown, score1: 1.0, score2: 0.0
63	Gene No. 22, gene caller: prodigal, leftEnd: 11112, rightEnd: 11537, strand: +, length: 426, contig: contig_2052, protein: unknown, score1: 1.0, score2: 0.0
64	Gene No. 23, gene caller: prodigal, leftEnd: 11537, rightEnd: 11725, strand: +, length: 189, contig: contig_2052, protein: unknown, score1: 1.0, score2: 0.0
65	Gene No. 22, gene caller: phanotate, leftEnd: 11567, rightEnd: 11725, strand: +, length: 159, contig: contig_2052, protein: unknown, score1: 1.0, score2: 0.0
66	Gene No. 21, gene caller: glimmer, leftEnd: 11591, rightEnd: 11725, strand: +, length: 135, contig: contig_2052, protein: unknown, score1: 1.0, score2: 0.0
67	Gene No. 23, gene caller: phanotate, leftEnd: 11790, rightEnd: 12242, strand: +, length: 453, contig: contig_2052, protein: unknown, score1: 1.0, score2: 0.0
68	Gene No. 24, gene caller: prodigal, leftEnd: 11793, rightEnd: 12242, strand: +, length: 450, contig: contig_2052, protein: unknown, score1: 1.0, score2: 0.0
69	Gene No. 22, gene caller: glimmer, leftEnd: 11814, rightEnd: 12242, strand: +, length: 429, contig: contig_2052, protein: unknown, score1: 1.0, score2: 0.0
70	Gene No. 23, gene caller: glimmer, leftEnd: 12265, rightEnd: 12666, strand: -, length: 402, contig: contig_2052, protein: unknown, score1: 1.0, score2: 0.0
71	Gene No. 24, gene caller: phanotate, leftEnd: 12265, rightEnd: 12777, strand: -, length: 513, contig: contig_2052, protein: unknown, score1: 1.0, score2: 0.0
72	Gene No. 25, gene caller: prodigal, leftEnd: 12265, rightEnd: 12777, strand: -, length: 513, contig: contig_2052, protein: unknown, score1: 1.0, score2: 0.0
73	Gene No. 24, gene caller: glimmer, leftEnd: 12811, rightEnd: 15900, strand: +, length: 3090, contig: contig_2052, protein: unknown, score1: 1.0, score2: 0.0
74	Gene No. 25, gene caller: phanotate, leftEnd: 12811, rightEnd: 15900, strand: +, length: 3090, contig: contig_2052, protein: unknown, score1: 1.0, score2: 0.0
75	Gene No. 26, gene caller: prodigal, leftEnd: 12811, rightEnd: 15900, strand: +, length: 3090, contig: contig_2052, protein: unknown, score1: 1.0, score2: 0.0
76	Gene No. 25, gene caller: glimmer, leftEnd: 15900, rightEnd: 16511, strand: +, length: 612, contig: contig_2052, protein: unknown, score1: 1.0, score2: 0.0
77	Gene No. 26, gene caller: phanotate, leftEnd: 15900, rightEnd: 16511, strand: +, length: 612, contig: contig_2052, protein: unknown, score1: 1.0, score2: 0.0
78	Gene No. 27, gene caller: prodigal, leftEnd: 15900, rightEnd: 16511, strand: +, length: 612, contig: contig_2052, protein: unknown, score1: 1.0, score2: 0.0
Comparing across geneCall sets....
Scoring gene calls....
Identifying common core...
This is the Common Core List:

***************Common Core
CC-gene 1	Gene No. 1, gene caller: All_callers, leftEnd: 118, rightEnd: 729, strand: -, length: 612, contig: contig_2052, protein: unknown, score1: 1.0, score2: 0.0
CC-gene 2	Gene No. 1, gene caller: All_callers, leftEnd: 729, rightEnd: 3818, strand: -, length: 3090, contig: contig_2052, protein: unknown, score1: 1.0, score2: 0.0
CC-gene 3	Gene No. 1, gene caller: All_callers, leftEnd: 5092, rightEnd: 5517, strand: -, length: 426, contig: contig_2052, protein: unknown, score1: 1.0, score2: 0.0
CC-gene 4	Gene No. 1, gene caller: All_callers, leftEnd: 5507, rightEnd: 5953, strand: -, length: 447, contig: contig_2052, protein: unknown, score1: 1.0, score2: 0.0
CC-gene 5	Gene No. 1, gene caller: All_callers, leftEnd: 6049, rightEnd: 6456, strand: -, length: 408, contig: contig_2052, protein: unknown, score1: 1.0, score2: 0.0
CC-gene 6	Gene No. 1, gene caller: All_callers, leftEnd: 7087, rightEnd: 7449, strand: -, length: 363, contig: contig_2052, protein: unknown, score1: 1.0, score2: 0.0
CC-gene 7	Gene No. 1, gene caller: All_callers, leftEnd: 8008, rightEnd: 8187, strand: -, length: 180, contig: contig_2052, protein: unknown, score1: 1.0, score2: 0.0
CC-gene 8	Gene No. 1, gene caller: All_callers, leftEnd: 9181, rightEnd: 9543, strand: +, length: 363, contig: contig_2052, protein: unknown, score1: 1.0, score2: 0.0
CC-gene 9	Gene No. 1, gene caller: All_callers, leftEnd: 10174, rightEnd: 10581, strand: +, length: 408, contig: contig_2052, protein: unknown, score1: 1.0, score2: 0.0
CC-gene 10	Gene No. 1, gene caller: All_callers, leftEnd: 10649, rightEnd: 11122, strand: +, length: 474, contig: contig_2052, protein: unknown, score1: 1.0, score2: 0.0
CC-gene 11	Gene No. 1, gene caller: All_callers, leftEnd: 11112, rightEnd: 11537, strand: +, length: 426, contig: contig_2052, protein: unknown, score1: 1.0, score2: 0.0
CC-gene 12	Gene No. 1, gene caller: All_callers, leftEnd: 12811, rightEnd: 15900, strand: +, length: 3090, contig: contig_2052, protein: unknown, score1: 1.0, score2: 0.0
CC-gene 13	Gene No. 1, gene caller: All_callers, leftEnd: 15900, rightEnd: 16511, strand: +, length: 612, contig: contig_2052, protein: unknown, score1: 1.0, score2: 0.0
Printing gene-call superset, consensus, and common_core in GFF and CGC formats
Printing report....
The following gene callers were considered: glimmer, phanotate, prodigal, The number of distinct gene calls over all gene callers is 45
The number of gene calls in common among all callers is 13
The number of unique (non-matching) gene calls is25
Caller glimmer produced 25 gene calls.
Caller glimmer gene-call length stats:  min: 114, max: 3090, ave: 620.88
Caller phanotate produced 26 gene calls.
Caller phanotate gene-call length stats:  min: 120, max: 3090, ave: 611.3076923076923
Caller prodigal produced 27 gene calls.
Caller prodigal gene-call length stats:  min: 120, max: 3090, ave: 595.2222222222222

Gene-call Scores:
Caller	Contig	Gene No.	Left End	Right End	Strand	gcScore
phanotate	contig_2052	1	2	121	-	0.83
prodigal	contig_2052	1	2	121	-	0.83
glimmer	contig_2052	1	118	729	-	1.00
phanotate	contig_2052	2	118	729	-	1.00
prodigal	contig_2052	2	118	729	-	1.00
glimmer	contig_2052	2	729	3818	-	1.00
phanotate	contig_2052	3	729	3818	-	1.00
prodigal	contig_2052	3	729	3818	-	1.00
phanotate	contig_2052	4	3852	4364	+	0.83
prodigal	contig_2052	4	3852	4364	+	0.83
glimmer	contig_2052	3	3963	4364	+	0.50
glimmer	contig_2052	4	4387	4815	-	0.50
prodigal	contig_2052	5	4387	4836	-	0.50
phanotate	contig_2052	5	4387	4839	-	0.50
glimmer	contig_2052	5	4904	5038	-	0.50
phanotate	contig_2052	6	4904	5062	-	0.50
prodigal	contig_2052	6	4904	5092	-	0.50
glimmer	contig_2052	6	5092	5517	-	1.00
phanotate	contig_2052	7	5092	5517	-	1.00
prodigal	contig_2052	7	5092	5517	-	1.00
glimmer	contig_2052	8	5507	5953	-	1.00
phanotate	contig_2052	8	5507	5953	-	1.00
prodigal	contig_2052	8	5507	5953	-	1.00
glimmer	contig_2052	7	5920	6033	+	0.33
glimmer	contig_2052	9	6049	6456	-	1.00
phanotate	contig_2052	9	6049	6456	-	1.00
prodigal	contig_2052	9	6049	6456	-	1.00
prodigal	contig_2052	10	6453	6911	-	0.50
glimmer	contig_2052	10	6453	6983	-	0.83
phanotate	contig_2052	10	6453	6983	-	0.83
prodigal	contig_2052	11	6896	7078	-	0.33
glimmer	contig_2052	11	7087	7449	-	1.00
phanotate	contig_2052	11	7087	7449	-	1.00
prodigal	contig_2052	12	7087	7449	-	1.00
phanotate	contig_2052	12	7446	8000	-	0.50
prodigal	contig_2052	13	7446	8006	-	0.50
glimmer	contig_2052	12	7446	8015	-	0.50
glimmer	contig_2052	13	8008	8187	-	1.00
phanotate	contig_2052	13	8008	8187	-	1.00
prodigal	contig_2052	14	8008	8187	-	1.00
phanotate	contig_2052	14	8238	8579	-	0.83
prodigal	contig_2052	15	8238	8579	-	0.83
glimmer	contig_2052	14	8238	8612	-	0.50
glimmer	contig_2052	15	8615	9184	+	0.50
prodigal	contig_2052	16	8624	9184	+	0.50
phanotate	contig_2052	15	8630	9184	+	0.50
glimmer	contig_2052	16	9181	9543	+	1.00
phanotate	contig_2052	16	9181	9543	+	1.00
prodigal	contig_2052	17	9181	9543	+	1.00
phanotate	contig_2052	17	9552	9734	+	0.83
prodigal	contig_2052	18	9552	9734	+	0.83
glimmer	contig_2052	17	9647	10177	+	0.50
phanotate	contig_2052	18	9719	10177	+	0.83
prodigal	contig_2052	19	9719	10177	+	0.83
glimmer	contig_2052	18	10174	10581	+	1.00
phanotate	contig_2052	19	10174	10581	+	1.00
prodigal	contig_2052	20	10174	10581	+	1.00
glimmer	contig_2052	19	10649	11122	+	1.00
phanotate	contig_2052	20	10649	11122	+	1.00
prodigal	contig_2052	21	10649	11122	+	1.00
glimmer	contig_2052	20	11112	11537	+	1.00
phanotate	contig_2052	21	11112	11537	+	1.00
prodigal	contig_2052	22	11112	11537	+	1.00
prodigal	contig_2052	23	11537	11725	+	0.50
phanotate	contig_2052	22	11567	11725	+	0.50
glimmer	contig_2052	21	11591	11725	+	0.50
phanotate	contig_2052	23	11790	12242	+	0.50
prodigal	contig_2052	24	11793	12242	+	0.50
glimmer	contig_2052	22	11814	12242	+	0.50
glimmer	contig_2052	23	12265	12666	-	0.50
phanotate	contig_2052	24	12265	12777	-	0.83
prodigal	contig_2052	25	12265	12777	-	0.83
glimmer	contig_2052	24	12811	15900	+	1.00
phanotate	contig_2052	25	12811	15900	+	1.00
prodigal	contig_2052	26	12811	15900	+	1.00
glimmer	contig_2052	25	15900	16511	+	1.00
phanotate	contig_2052	26	15900	16511	+	1.00
prodigal	contig_2052	27	15900	16511	+	1.00

Gene-call Consensus Scores:
Caller glimmer average gene-call score: 0.77
Caller phanotate average gene-call score: 0.84
Caller prodigal average gene-call score: 0.81

***************Unique List
Unique gene call 1
  --  Gene No. 1, gene caller: phanotate, leftEnd: 2, rightEnd: 121, strand: -, length: 120, contig: contig_2052, protein: unknown, score1: 0.8333333333333333, score2: 0.0
  --  Gene No. 1, gene caller: prodigal, leftEnd: 2, rightEnd: 121, strand: -, length: 120, contig: contig_2052, protein: unknown, score1: 0.8333333333333333, score2: 0.0
Unique gene call 2
  --  Gene No. 1, gene caller: glimmer, leftEnd: 118, rightEnd: 729, strand: -, length: 612, contig: contig_2052, protein: unknown, score1: 1.0, score2: 0.0
  --  Gene No. 2, gene caller: phanotate, leftEnd: 118, rightEnd: 729, strand: -, length: 612, contig: contig_2052, protein: unknown, score1: 1.0, score2: 0.0
  --  Gene No. 2, gene caller: prodigal, leftEnd: 118, rightEnd: 729, strand: -, length: 612, contig: contig_2052, protein: unknown, score1: 1.0, score2: 0.0
Unique gene call 3
  --  Gene No. 2, gene caller: glimmer, leftEnd: 729, rightEnd: 3818, strand: -, length: 3090, contig: contig_2052, protein: unknown, score1: 1.0, score2: 0.0
  --  Gene No. 3, gene caller: phanotate, leftEnd: 729, rightEnd: 3818, strand: -, length: 3090, contig: contig_2052, protein: unknown, score1: 1.0, score2: 0.0
  --  Gene No. 3, gene caller: prodigal, leftEnd: 729, rightEnd: 3818, strand: -, length: 3090, contig: contig_2052, protein: unknown, score1: 1.0, score2: 0.0
Unique gene call 4
  --  Gene No. 4, gene caller: phanotate, leftEnd: 3852, rightEnd: 4364, strand: +, length: 513, contig: contig_2052, protein: unknown, score1: 0.8333333333333333, score2: 0.0
  --  Gene No. 4, gene caller: prodigal, leftEnd: 3852, rightEnd: 4364, strand: +, length: 513, contig: contig_2052, protein: unknown, score1: 0.8333333333333333, score2: 0.0
Unique gene call 5
  --  Gene No. 3, gene caller: glimmer, leftEnd: 3963, rightEnd: 4364, strand: +, length: 402, contig: contig_2052, protein: unknown, score1: 0.5, score2: 0.0
Unique gene call 6
  --  Gene No. 4, gene caller: glimmer, leftEnd: 4387, rightEnd: 4815, strand: -, length: 429, contig: contig_2052, protein: unknown, score1: 0.5, score2: 0.0
Unique gene call 7
  --  Gene No. 5, gene caller: prodigal, leftEnd: 4387, rightEnd: 4836, strand: -, length: 450, contig: contig_2052, protein: unknown, score1: 0.5, score2: 0.0
Unique gene call 8
  --  Gene No. 5, gene caller: phanotate, leftEnd: 4387, rightEnd: 4839, strand: -, length: 453, contig: contig_2052, protein: unknown, score1: 0.5, score2: 0.0
Unique gene call 9
  --  Gene No. 5, gene caller: glimmer, leftEnd: 4904, rightEnd: 5038, strand: -, length: 135, contig: contig_2052, protein: unknown, score1: 0.5, score2: 0.0
Unique gene call 10
  --  Gene No. 6, gene caller: phanotate, leftEnd: 4904, rightEnd: 5062, strand: -, length: 159, contig: contig_2052, protein: unknown, score1: 0.5, score2: 0.0
Unique gene call 11
  --  Gene No. 6, gene caller: prodigal, leftEnd: 4904, rightEnd: 5092, strand: -, length: 189, contig: contig_2052, protein: unknown, score1: 0.5, score2: 0.0
Unique gene call 12
  --  Gene No. 6, gene caller: glimmer, leftEnd: 5092, rightEnd: 5517, strand: -, length: 426, contig: contig_2052, protein: unknown, score1: 1.0, score2: 0.0
  --  Gene No. 7, gene caller: phanotate, leftEnd: 5092, rightEnd: 5517, strand: -, length: 426, contig: contig_2052, protein: unknown, score1: 1.0, score2: 0.0
  --  Gene No. 7, gene caller: prodigal, leftEnd: 5092, rightEnd: 5517, strand: -, length: 426, contig: contig_2052, protein: unknown, score1: 1.0, score2: 0.0
Unique gene call 13
  --  Gene No. 8, gene caller: glimmer, leftEnd: 5507, rightEnd: 5953, strand: -, length: 447, contig: contig_2052, protein: unknown, score1: 1.0, score2: 0.0
  --  Gene No. 8, gene caller: phanotate, leftEnd: 5507, rightEnd: 5953, strand: -, length: 447, contig: contig_2052, protein: unknown, score1: 1.0, score2: 0.0
  --  Gene No. 8, gene caller: prodigal, leftEnd: 5507, rightEnd: 5953, strand: -, length: 447, contig: contig_2052, protein: unknown, score1: 1.0, score2: 0.0
Unique gene call 14
  --  Gene No. 7, gene caller: glimmer, leftEnd: 5920, rightEnd: 6033, strand: +, length: 114, contig: contig_2052, protein: unknown, score1: 0.3333333333333333, score2: 0.0
Unique gene call 15
  --  Gene No. 9, gene caller: glimmer, leftEnd: 6049, rightEnd: 6456, strand: -, length: 408, contig: contig_2052, protein: unknown, score1: 1.0, score2: 0.0
  --  Gene No. 9, gene caller: phanotate, leftEnd: 6049, rightEnd: 6456, strand: -, length: 408, contig: contig_2052, protein: unknown, score1: 1.0, score2: 0.0
  --  Gene No. 9, gene caller: prodigal, leftEnd: 6049, rightEnd: 6456, strand: -, length: 408, contig: contig_2052, protein: unknown, score1: 1.0, score2: 0.0
Unique gene call 16
  --  Gene No. 10, gene caller: prodigal, leftEnd: 6453, rightEnd: 6911, strand: -, length: 459, contig: contig_2052, protein: unknown, score1: 0.5, score2: 0.0
Unique gene call 17
  --  Gene No. 10, gene caller: glimmer, leftEnd: 6453, rightEnd: 6983, strand: -, length: 531, contig: contig_2052, protein: unknown, score1: 0.8333333333333333, score2: 0.0
  --  Gene No. 10, gene caller: phanotate, leftEnd: 6453, rightEnd: 6983, strand: -, length: 531, contig: contig_2052, protein: unknown, score1: 0.8333333333333333, score2: 0.0
Unique gene call 18
  --  Gene No. 11, gene caller: prodigal, leftEnd: 6896, rightEnd: 7078, strand: -, length: 183, contig: contig_2052, protein: unknown, score1: 0.3333333333333333, score2: 0.0
Unique gene call 19
  --  Gene No. 11, gene caller: glimmer, leftEnd: 7087, rightEnd: 7449, strand: -, length: 363, contig: contig_2052, protein: unknown, score1: 1.0, score2: 0.0
  --  Gene No. 11, gene caller: phanotate, leftEnd: 7087, rightEnd: 7449, strand: -, length: 363, contig: contig_2052, protein: unknown, score1: 1.0, score2: 0.0
  --  Gene No. 12, gene caller: prodigal, leftEnd: 7087, rightEnd: 7449, strand: -, length: 363, contig: contig_2052, protein: unknown, score1: 1.0, score2: 0.0
Unique gene call 20
  --  Gene No. 12, gene caller: phanotate, leftEnd: 7446, rightEnd: 8000, strand: -, length: 555, contig: contig_2052, protein: unknown, score1: 0.5, score2: 0.0
Unique gene call 21
  --  Gene No. 13, gene caller: prodigal, leftEnd: 7446, rightEnd: 8006, strand: -, length: 561, contig: contig_2052, protein: unknown, score1: 0.5, score2: 0.0
Unique gene call 22
  --  Gene No. 12, gene caller: glimmer, leftEnd: 7446, rightEnd: 8015, strand: -, length: 570, contig: contig_2052, protein: unknown, score1: 0.5, score2: 0.0
Unique gene call 23
  --  Gene No. 13, gene caller: glimmer, leftEnd: 8008, rightEnd: 8187, strand: -, length: 180, contig: contig_2052, protein: unknown, score1: 1.0, score2: 0.0
  --  Gene No. 13, gene caller: phanotate, leftEnd: 8008, rightEnd: 8187, strand: -, length: 180, contig: contig_2052, protein: unknown, score1: 1.0, score2: 0.0
  --  Gene No. 14, gene caller: prodigal, leftEnd: 8008, rightEnd: 8187, strand: -, length: 180, contig: contig_2052, protein: unknown, score1: 1.0, score2: 0.0
Unique gene call 24
  --  Gene No. 14, gene caller: phanotate, leftEnd: 8238, rightEnd: 8579, strand: -, length: 342, contig: contig_2052, protein: unknown, score1: 0.8333333333333333, score2: 0.0
  --  Gene No. 15, gene caller: prodigal, leftEnd: 8238, rightEnd: 8579, strand: -, length: 342, contig: contig_2052, protein: unknown, score1: 0.8333333333333333, score2: 0.0
Unique gene call 25
  --  Gene No. 14, gene caller: glimmer, leftEnd: 8238, rightEnd: 8612, strand: -, length: 375, contig: contig_2052, protein: unknown, score1: 0.5, score2: 0.0
Unique gene call 26
  --  Gene No. 15, gene caller: glimmer, leftEnd: 8615, rightEnd: 9184, strand: +, length: 570, contig: contig_2052, protein: unknown, score1: 0.5, score2: 0.0
Unique gene call 27
  --  Gene No. 16, gene caller: prodigal, leftEnd: 8624, rightEnd: 9184, strand: +, length: 561, contig: contig_2052, protein: unknown, score1: 0.5, score2: 0.0
Unique gene call 28
  --  Gene No. 15, gene caller: phanotate, leftEnd: 8630, rightEnd: 9184, strand: +, length: 555, contig: contig_2052, protein: unknown, score1: 0.5, score2: 0.0
Unique gene call 29
  --  Gene No. 16, gene caller: glimmer, leftEnd: 9181, rightEnd: 9543, strand: +, length: 363, contig: contig_2052, protein: unknown, score1: 1.0, score2: 0.0
  --  Gene No. 16, gene caller: phanotate, leftEnd: 9181, rightEnd: 9543, strand: +, length: 363, contig: contig_2052, protein: unknown, score1: 1.0, score2: 0.0
  --  Gene No. 17, gene caller: prodigal, leftEnd: 9181, rightEnd: 9543, strand: +, length: 363, contig: contig_2052, protein: unknown, score1: 1.0, score2: 0.0
Unique gene call 30
  --  Gene No. 17, gene caller: phanotate, leftEnd: 9552, rightEnd: 9734, strand: +, length: 183, contig: contig_2052, protein: unknown, score1: 0.8333333333333333, score2: 0.0
  --  Gene No. 18, gene caller: prodigal, leftEnd: 9552, rightEnd: 9734, strand: +, length: 183, contig: contig_2052, protein: unknown, score1: 0.8333333333333333, score2: 0.0
Unique gene call 31
  --  Gene No. 17, gene caller: glimmer, leftEnd: 9647, rightEnd: 10177, strand: +, length: 531, contig: contig_2052, protein: unknown, score1: 0.5, score2: 0.0
Unique gene call 32
  --  Gene No. 18, gene caller: phanotate, leftEnd: 9719, rightEnd: 10177, strand: +, length: 459, contig: contig_2052, protein: unknown, score1: 0.8333333333333333, score2: 0.0
  --  Gene No. 19, gene caller: prodigal, leftEnd: 9719, rightEnd: 10177, strand: +, length: 459, contig: contig_2052, protein: unknown, score1: 0.8333333333333333, score2: 0.0
Unique gene call 33
  --  Gene No. 18, gene caller: glimmer, leftEnd: 10174, rightEnd: 10581, strand: +, length: 408, contig: contig_2052, protein: unknown, score1: 1.0, score2: 0.0
  --  Gene No. 19, gene caller: phanotate, leftEnd: 10174, rightEnd: 10581, strand: +, length: 408, contig: contig_2052, protein: unknown, score1: 1.0, score2: 0.0
  --  Gene No. 20, gene caller: prodigal, leftEnd: 10174, rightEnd: 10581, strand: +, length: 408, contig: contig_2052, protein: unknown, score1: 1.0, score2: 0.0
Unique gene call 34
  --  Gene No. 19, gene caller: glimmer, leftEnd: 10649, rightEnd: 11122, strand: +, length: 474, contig: contig_2052, protein: unknown, score1: 1.0, score2: 0.0
  --  Gene No. 20, gene caller: phanotate, leftEnd: 10649, rightEnd: 11122, strand: +, length: 474, contig: contig_2052, protein: unknown, score1: 1.0, score2: 0.0
  --  Gene No. 21, gene caller: prodigal, leftEnd: 10649, rightEnd: 11122, strand: +, length: 474, contig: contig_2052, protein: unknown, score1: 1.0, score2: 0.0
Unique gene call 35
  --  Gene No. 20, gene caller: glimmer, leftEnd: 11112, rightEnd: 11537, strand: +, length: 426, contig: contig_2052, protein: unknown, score1: 1.0, score2: 0.0
  --  Gene No. 21, gene caller: phanotate, leftEnd: 11112, rightEnd: 11537, strand: +, length: 426, contig: contig_2052, protein: unknown, score1: 1.0, score2: 0.0
  --  Gene No. 22, gene caller: prodigal, leftEnd: 11112, rightEnd: 11537, strand: +, length: 426, contig: contig_2052, protein: unknown, score1: 1.0, score2: 0.0
Unique gene call 36
  --  Gene No. 23, gene caller: prodigal, leftEnd: 11537, rightEnd: 11725, strand: +, length: 189, contig: contig_2052, protein: unknown, score1: 0.5, score2: 0.0
Unique gene call 37
  --  Gene No. 22, gene caller: phanotate, leftEnd: 11567, rightEnd: 11725, strand: +, length: 159, contig: contig_2052, protein: unknown, score1: 0.5, score2: 0.0
Unique gene call 38
  --  Gene No. 21, gene caller: glimmer, leftEnd: 11591, rightEnd: 11725, strand: +, length: 135, contig: contig_2052, protein: unknown, score1: 0.5, score2: 0.0
Unique gene call 39
  --  Gene No. 23, gene caller: phanotate, leftEnd: 11790, rightEnd: 12242, strand: +, length: 453, contig: contig_2052, protein: unknown, score1: 0.5, score2: 0.0
Unique gene call 40
  --  Gene No. 24, gene caller: prodigal, leftEnd: 11793, rightEnd: 12242, strand: +, length: 450, contig: contig_2052, protein: unknown, score1: 0.5, score2: 0.0
Unique gene call 41
  --  Gene No. 22, gene caller: glimmer, leftEnd: 11814, rightEnd: 12242, strand: +, length: 429, contig: contig_2052, protein: unknown, score1: 0.5, score2: 0.0
Unique gene call 42
  --  Gene No. 23, gene caller: glimmer, leftEnd: 12265, rightEnd: 12666, strand: -, length: 402, contig: contig_2052, protein: unknown, score1: 0.5, score2: 0.0
Unique gene call 43
  --  Gene No. 24, gene caller: phanotate, leftEnd: 12265, rightEnd: 12777, strand: -, length: 513, contig: contig_2052, protein: unknown, score1: 0.8333333333333333, score2: 0.0
  --  Gene No. 25, gene caller: prodigal, leftEnd: 12265, rightEnd: 12777, strand: -, length: 513, contig: contig_2052, protein: unknown, score1: 0.8333333333333333, score2: 0.0
Unique gene call 44
  --  Gene No. 24, gene caller: glimmer, leftEnd: 12811, rightEnd: 15900, strand: +, length: 3090, contig: contig_2052, protein: unknown, score1: 1.0, score2: 0.0
  --  Gene No. 25, gene caller: phanotate, leftEnd: 12811, rightEnd: 15900, strand: +, length: 3090, contig: contig_2052, protein: unknown, score1: 1.0, score2: 0.0
  --  Gene No. 26, gene caller: prodigal, leftEnd: 12811, rightEnd: 15900, strand: +, length: 3090, contig: contig_2052, protein: unknown, score1: 1.0, score2: 0.0
Unique gene call 45
  --  Gene No. 25, gene caller: glimmer, leftEnd: 15900, rightEnd: 16511, strand: +, length: 612, contig: contig_2052, protein: unknown, score1: 1.0, score2: 0.0
  --  Gene No. 26, gene caller: phanotate, leftEnd: 15900, rightEnd: 16511, strand: +, length: 612, contig: contig_2052, protein: unknown, score1: 1.0, score2: 0.0
  --  Gene No. 27, gene caller: prodigal, leftEnd: 15900, rightEnd: 16511, strand: +, length: 612, contig: contig_2052, protein: unknown, score1: 1.0, score2: 0.0
Code complete at 2021-04-21 09:30:08.002045
