Opening log at 2021-04-21 09:31:44.790216
Iterating through fileSet at 2021-04-21 09:31:44.790386
fileSet is ['/home/james/Software/multiPhATE2/PipelineOutput/contig_2064/commoncore.cgc', '/home/james/Software/multiPhATE2/PipelineOutput/contig_2064/consensus.cgc', '/home/james/Software/multiPhATE2/PipelineOutput/contig_2064/glimmer.cgc', '/home/james/Software/multiPhATE2/PipelineOutput/contig_2064/phanotate.cgc', '/home/james/Software/multiPhATE2/PipelineOutput/contig_2064/prodigal.cgc', '/home/james/Software/multiPhATE2/PipelineOutput/contig_2064/superset.cgc']
Opening geneFile /home/james/Software/multiPhATE2/PipelineOutput/contig_2064/commoncore.cgc
Adding calls from geneFile /home/james/Software/multiPhATE2/PipelineOutput/contig_2064/commoncore.cgc
Appending call set  number of calls is: 0
Opening geneFile /home/james/Software/multiPhATE2/PipelineOutput/contig_2064/consensus.cgc
Adding calls from geneFile /home/james/Software/multiPhATE2/PipelineOutput/contig_2064/consensus.cgc
Appending call set  number of calls is: 0
Opening geneFile /home/james/Software/multiPhATE2/PipelineOutput/contig_2064/glimmer.cgc
Adding calls from geneFile /home/james/Software/multiPhATE2/PipelineOutput/contig_2064/glimmer.cgc
Appending call set  number of calls is: 25
Opening geneFile /home/james/Software/multiPhATE2/PipelineOutput/contig_2064/phanotate.cgc
Adding calls from geneFile /home/james/Software/multiPhATE2/PipelineOutput/contig_2064/phanotate.cgc
Appending call set  number of calls is: 30
Opening geneFile /home/james/Software/multiPhATE2/PipelineOutput/contig_2064/prodigal.cgc
Adding calls from geneFile /home/james/Software/multiPhATE2/PipelineOutput/contig_2064/prodigal.cgc
Appending call set  number of calls is: 22
Opening geneFile /home/james/Software/multiPhATE2/PipelineOutput/contig_2064/superset.cgc
Adding calls from geneFile /home/james/Software/multiPhATE2/PipelineOutput/contig_2064/superset.cgc
Appending call set  number of calls is: 0
All call sets have been added to caller list. Number of call sets in callerList: 6
callerList is   glimmer phanotate prodigal  
Total number of gene calls across callerList call sets is: 77
Sorting gene calls for each caller
Processing a callSet
Before sorting, Length of callerList for caller  is 0
After sorting, Length of callerList for caller  is 0
Processing a callSet
Before sorting, Length of callerList for caller  is 0
After sorting, Length of callerList for caller  is 0
Processing a callSet
Before sorting, Length of callerList for caller glimmer is 25
After sorting, Length of callerList for caller glimmer is 25
Processing a callSet
Before sorting, Length of callerList for caller phanotate is 30
After sorting, Length of callerList for caller phanotate is 30
Processing a callSet
Before sorting, Length of callerList for caller prodigal is 22
After sorting, Length of callerList for caller prodigal is 22
Processing a callSet
Before sorting, Length of callerList for caller  is 0
After sorting, Length of callerList for caller  is 0
callSet processing complete
Comparing across the call sets...
Merging the geneCall sets....
Final merged genes:

***************Merge List
1	Gene No. 1, gene caller: phanotate, leftEnd: 1, rightEnd: 468, strand: -, length: 468, contig: contig_2064, protein: unknown, score1: 1.0, score2: 0.0
2	Gene No. 1, gene caller: prodigal, leftEnd: 1, rightEnd: 468, strand: -, length: 468, contig: contig_2064, protein: unknown, score1: 1.0, score2: 0.0
3	Gene No. 2, gene caller: phanotate, leftEnd: 445, rightEnd: 561, strand: +, length: 117, contig: contig_2064, protein: unknown, score1: 1.0, score2: 0.0
4	Gene No. 2, gene caller: glimmer, leftEnd: 644, rightEnd: 922, strand: -, length: 279, contig: contig_2064, protein: unknown, score1: 1.0, score2: 0.0
5	Gene No. 3, gene caller: phanotate, leftEnd: 644, rightEnd: 922, strand: -, length: 279, contig: contig_2064, protein: unknown, score1: 1.0, score2: 0.0
6	Gene No. 2, gene caller: prodigal, leftEnd: 644, rightEnd: 922, strand: -, length: 279, contig: contig_2064, protein: unknown, score1: 1.0, score2: 0.0
7	Gene No. 3, gene caller: glimmer, leftEnd: 954, rightEnd: 1310, strand: -, length: 357, contig: contig_2064, protein: unknown, score1: 1.0, score2: 0.0
8	Gene No. 4, gene caller: phanotate, leftEnd: 954, rightEnd: 1313, strand: -, length: 360, contig: contig_2064, protein: unknown, score1: 1.0, score2: 0.0
9	Gene No. 3, gene caller: prodigal, leftEnd: 954, rightEnd: 1313, strand: -, length: 360, contig: contig_2064, protein: unknown, score1: 1.0, score2: 0.0
10	Gene No. 5, gene caller: phanotate, leftEnd: 1517, rightEnd: 1612, strand: +, length: 96, contig: contig_2064, protein: unknown, score1: 1.0, score2: 0.0
11	Gene No. 4, gene caller: glimmer, leftEnd: 1607, rightEnd: 1813, strand: -, length: 207, contig: contig_2064, protein: unknown, score1: 1.0, score2: 0.0
12	Gene No. 6, gene caller: phanotate, leftEnd: 1607, rightEnd: 1813, strand: -, length: 207, contig: contig_2064, protein: unknown, score1: 1.0, score2: 0.0
13	Gene No. 4, gene caller: prodigal, leftEnd: 1607, rightEnd: 1813, strand: -, length: 207, contig: contig_2064, protein: unknown, score1: 1.0, score2: 0.0
14	Gene No. 5, gene caller: glimmer, leftEnd: 1924, rightEnd: 2760, strand: -, length: 837, contig: contig_2064, protein: unknown, score1: 1.0, score2: 0.0
15	Gene No. 7, gene caller: phanotate, leftEnd: 1924, rightEnd: 2760, strand: -, length: 837, contig: contig_2064, protein: unknown, score1: 1.0, score2: 0.0
16	Gene No. 5, gene caller: prodigal, leftEnd: 1924, rightEnd: 2760, strand: -, length: 837, contig: contig_2064, protein: unknown, score1: 1.0, score2: 0.0
17	Gene No. 6, gene caller: glimmer, leftEnd: 2795, rightEnd: 2929, strand: -, length: 135, contig: contig_2064, protein: unknown, score1: 1.0, score2: 0.0
18	Gene No. 8, gene caller: phanotate, leftEnd: 2842, rightEnd: 2958, strand: -, length: 117, contig: contig_2064, protein: unknown, score1: 1.0, score2: 0.0
19	Gene No. 7, gene caller: glimmer, leftEnd: 3011, rightEnd: 3817, strand: -, length: 807, contig: contig_2064, protein: unknown, score1: 1.0, score2: 0.0
20	Gene No. 9, gene caller: phanotate, leftEnd: 3011, rightEnd: 3817, strand: -, length: 807, contig: contig_2064, protein: unknown, score1: 1.0, score2: 0.0
21	Gene No. 6, gene caller: prodigal, leftEnd: 3011, rightEnd: 3817, strand: -, length: 807, contig: contig_2064, protein: unknown, score1: 1.0, score2: 0.0
22	Gene No. 9, gene caller: glimmer, leftEnd: 3909, rightEnd: 5213, strand: -, length: 1305, contig: contig_2064, protein: unknown, score1: 1.0, score2: 0.0
23	Gene No. 10, gene caller: phanotate, leftEnd: 3909, rightEnd: 5282, strand: -, length: 1374, contig: contig_2064, protein: unknown, score1: 1.0, score2: 0.0
24	Gene No. 7, gene caller: prodigal, leftEnd: 3909, rightEnd: 5282, strand: -, length: 1374, contig: contig_2064, protein: unknown, score1: 1.0, score2: 0.0
25	Gene No. 8, gene caller: glimmer, leftEnd: 5258, rightEnd: 5371, strand: +, length: 114, contig: contig_2064, protein: unknown, score1: 1.0, score2: 0.0
26	Gene No. 11, gene caller: phanotate, leftEnd: 5258, rightEnd: 5371, strand: +, length: 114, contig: contig_2064, protein: unknown, score1: 1.0, score2: 0.0
27	Gene No. 10, gene caller: glimmer, leftEnd: 5373, rightEnd: 5687, strand: +, length: 315, contig: contig_2064, protein: unknown, score1: 1.0, score2: 0.0
28	Gene No. 12, gene caller: phanotate, leftEnd: 5373, rightEnd: 5687, strand: +, length: 315, contig: contig_2064, protein: unknown, score1: 1.0, score2: 0.0
29	Gene No. 8, gene caller: prodigal, leftEnd: 5373, rightEnd: 5687, strand: +, length: 315, contig: contig_2064, protein: unknown, score1: 1.0, score2: 0.0
30	Gene No. 11, gene caller: glimmer, leftEnd: 5748, rightEnd: 7970, strand: +, length: 2223, contig: contig_2064, protein: unknown, score1: 1.0, score2: 0.0
31	Gene No. 13, gene caller: phanotate, leftEnd: 5748, rightEnd: 7970, strand: +, length: 2223, contig: contig_2064, protein: unknown, score1: 1.0, score2: 0.0
32	Gene No. 9, gene caller: prodigal, leftEnd: 5748, rightEnd: 7970, strand: +, length: 2223, contig: contig_2064, protein: unknown, score1: 1.0, score2: 0.0
33	Gene No. 14, gene caller: phanotate, leftEnd: 8020, rightEnd: 8139, strand: +, length: 120, contig: contig_2064, protein: unknown, score1: 1.0, score2: 0.0
34	Gene No. 12, gene caller: glimmer, leftEnd: 8052, rightEnd: 8186, strand: +, length: 135, contig: contig_2064, protein: unknown, score1: 1.0, score2: 0.0
35	Gene No. 13, gene caller: glimmer, leftEnd: 8221, rightEnd: 9018, strand: +, length: 798, contig: contig_2064, protein: unknown, score1: 1.0, score2: 0.0
36	Gene No. 15, gene caller: phanotate, leftEnd: 8221, rightEnd: 9018, strand: +, length: 798, contig: contig_2064, protein: unknown, score1: 1.0, score2: 0.0
37	Gene No. 10, gene caller: prodigal, leftEnd: 8221, rightEnd: 9018, strand: +, length: 798, contig: contig_2064, protein: unknown, score1: 1.0, score2: 0.0
38	Gene No. 14, gene caller: glimmer, leftEnd: 9169, rightEnd: 10158, strand: +, length: 990, contig: contig_2064, protein: unknown, score1: 1.0, score2: 0.0
39	Gene No. 16, gene caller: phanotate, leftEnd: 9169, rightEnd: 10158, strand: +, length: 990, contig: contig_2064, protein: unknown, score1: 1.0, score2: 0.0
40	Gene No. 11, gene caller: prodigal, leftEnd: 9169, rightEnd: 10158, strand: +, length: 990, contig: contig_2064, protein: unknown, score1: 1.0, score2: 0.0
41	Gene No. 15, gene caller: glimmer, leftEnd: 10217, rightEnd: 10675, strand: +, length: 459, contig: contig_2064, protein: unknown, score1: 1.0, score2: 0.0
42	Gene No. 17, gene caller: phanotate, leftEnd: 10217, rightEnd: 10675, strand: +, length: 459, contig: contig_2064, protein: unknown, score1: 1.0, score2: 0.0
43	Gene No. 12, gene caller: prodigal, leftEnd: 10217, rightEnd: 10675, strand: +, length: 459, contig: contig_2064, protein: unknown, score1: 1.0, score2: 0.0
44	Gene No. 16, gene caller: glimmer, leftEnd: 10677, rightEnd: 10931, strand: +, length: 255, contig: contig_2064, protein: unknown, score1: 1.0, score2: 0.0
45	Gene No. 18, gene caller: phanotate, leftEnd: 10677, rightEnd: 10931, strand: +, length: 255, contig: contig_2064, protein: unknown, score1: 1.0, score2: 0.0
46	Gene No. 13, gene caller: prodigal, leftEnd: 10677, rightEnd: 10931, strand: +, length: 255, contig: contig_2064, protein: unknown, score1: 1.0, score2: 0.0
47	Gene No. 19, gene caller: phanotate, leftEnd: 10924, rightEnd: 11025, strand: +, length: 102, contig: contig_2064, protein: unknown, score1: 1.0, score2: 0.0
48	Gene No. 17, gene caller: glimmer, leftEnd: 11012, rightEnd: 11779, strand: +, length: 768, contig: contig_2064, protein: unknown, score1: 1.0, score2: 0.0
49	Gene No. 20, gene caller: phanotate, leftEnd: 11012, rightEnd: 11779, strand: +, length: 768, contig: contig_2064, protein: unknown, score1: 1.0, score2: 0.0
50	Gene No. 14, gene caller: prodigal, leftEnd: 11012, rightEnd: 11779, strand: +, length: 768, contig: contig_2064, protein: unknown, score1: 1.0, score2: 0.0
51	Gene No. 21, gene caller: phanotate, leftEnd: 11878, rightEnd: 12033, strand: +, length: 156, contig: contig_2064, protein: unknown, score1: 1.0, score2: 0.0
52	Gene No. 18, gene caller: glimmer, leftEnd: 11893, rightEnd: 12033, strand: +, length: 141, contig: contig_2064, protein: unknown, score1: 1.0, score2: 0.0
53	Gene No. 19, gene caller: glimmer, leftEnd: 12057, rightEnd: 12755, strand: +, length: 699, contig: contig_2064, protein: unknown, score1: 1.0, score2: 0.0
54	Gene No. 22, gene caller: phanotate, leftEnd: 12057, rightEnd: 12755, strand: +, length: 699, contig: contig_2064, protein: unknown, score1: 1.0, score2: 0.0
55	Gene No. 15, gene caller: prodigal, leftEnd: 12057, rightEnd: 12755, strand: +, length: 699, contig: contig_2064, protein: unknown, score1: 1.0, score2: 0.0
56	Gene No. 23, gene caller: phanotate, leftEnd: 12724, rightEnd: 13317, strand: +, length: 594, contig: contig_2064, protein: unknown, score1: 1.0, score2: 0.0
57	Gene No. 16, gene caller: prodigal, leftEnd: 12724, rightEnd: 13317, strand: +, length: 594, contig: contig_2064, protein: unknown, score1: 1.0, score2: 0.0
58	Gene No. 20, gene caller: glimmer, leftEnd: 12844, rightEnd: 13317, strand: +, length: 474, contig: contig_2064, protein: unknown, score1: 1.0, score2: 0.0
59	Gene No. 24, gene caller: phanotate, leftEnd: 13295, rightEnd: 13387, strand: +, length: 93, contig: contig_2064, protein: unknown, score1: 1.0, score2: 0.0
60	Gene No. 25, gene caller: phanotate, leftEnd: 13437, rightEnd: 13715, strand: +, length: 279, contig: contig_2064, protein: unknown, score1: 1.0, score2: 0.0
61	Gene No. 17, gene caller: prodigal, leftEnd: 13437, rightEnd: 13715, strand: +, length: 279, contig: contig_2064, protein: unknown, score1: 1.0, score2: 0.0
62	Gene No. 21, gene caller: glimmer, leftEnd: 13440, rightEnd: 13715, strand: +, length: 276, contig: contig_2064, protein: unknown, score1: 1.0, score2: 0.0
63	Gene No. 22, gene caller: glimmer, leftEnd: 13725, rightEnd: 13949, strand: +, length: 225, contig: contig_2064, protein: unknown, score1: 1.0, score2: 0.0
64	Gene No. 26, gene caller: phanotate, leftEnd: 13725, rightEnd: 13949, strand: +, length: 225, contig: contig_2064, protein: unknown, score1: 1.0, score2: 0.0
65	Gene No. 18, gene caller: prodigal, leftEnd: 13725, rightEnd: 13949, strand: +, length: 225, contig: contig_2064, protein: unknown, score1: 1.0, score2: 0.0
66	Gene No. 23, gene caller: glimmer, leftEnd: 13958, rightEnd: 14347, strand: +, length: 390, contig: contig_2064, protein: unknown, score1: 1.0, score2: 0.0
67	Gene No. 27, gene caller: phanotate, leftEnd: 13958, rightEnd: 14347, strand: +, length: 390, contig: contig_2064, protein: unknown, score1: 1.0, score2: 0.0
68	Gene No. 19, gene caller: prodigal, leftEnd: 13958, rightEnd: 14347, strand: +, length: 390, contig: contig_2064, protein: unknown, score1: 1.0, score2: 0.0
69	Gene No. 24, gene caller: glimmer, leftEnd: 14355, rightEnd: 14768, strand: +, length: 414, contig: contig_2064, protein: unknown, score1: 1.0, score2: 0.0
70	Gene No. 28, gene caller: phanotate, leftEnd: 14454, rightEnd: 14768, strand: +, length: 315, contig: contig_2064, protein: unknown, score1: 1.0, score2: 0.0
71	Gene No. 20, gene caller: prodigal, leftEnd: 14454, rightEnd: 14768, strand: +, length: 315, contig: contig_2064, protein: unknown, score1: 1.0, score2: 0.0
72	Gene No. 29, gene caller: phanotate, leftEnd: 14737, rightEnd: 15099, strand: +, length: 363, contig: contig_2064, protein: unknown, score1: 1.0, score2: 0.0
73	Gene No. 21, gene caller: prodigal, leftEnd: 14737, rightEnd: 15099, strand: +, length: 363, contig: contig_2064, protein: unknown, score1: 1.0, score2: 0.0
74	Gene No. 25, gene caller: glimmer, leftEnd: 14740, rightEnd: 15099, strand: +, length: 360, contig: contig_2064, protein: unknown, score1: 1.0, score2: 0.0
75	Gene No. 26, gene caller: glimmer, leftEnd: 15103, rightEnd: 15258, strand: -, length: 156, contig: contig_2064, protein: unknown, score1: 1.0, score2: 0.0
76	Gene No. 30, gene caller: phanotate, leftEnd: 15197, rightEnd: 15505, strand: +, length: 309, contig: contig_2064, protein: unknown, score1: 1.0, score2: 0.0
77	Gene No. 22, gene caller: prodigal, leftEnd: 15197, rightEnd: 15505, strand: +, length: 309, contig: contig_2064, protein: unknown, score1: 1.0, score2: 0.0
Comparing across geneCall sets....
Scoring gene calls....
Identifying common core...
This is the Common Core List:

***************Common Core
CC-gene 1	Gene No. 1, gene caller: All_callers, leftEnd: 644, rightEnd: 922, strand: -, length: 279, contig: contig_2064, protein: unknown, score1: 1.0, score2: 0.0
CC-gene 2	Gene No. 1, gene caller: All_callers, leftEnd: 1607, rightEnd: 1813, strand: -, length: 207, contig: contig_2064, protein: unknown, score1: 1.0, score2: 0.0
CC-gene 3	Gene No. 1, gene caller: All_callers, leftEnd: 1924, rightEnd: 2760, strand: -, length: 837, contig: contig_2064, protein: unknown, score1: 1.0, score2: 0.0
CC-gene 4	Gene No. 1, gene caller: All_callers, leftEnd: 3011, rightEnd: 3817, strand: -, length: 807, contig: contig_2064, protein: unknown, score1: 1.0, score2: 0.0
CC-gene 5	Gene No. 1, gene caller: All_callers, leftEnd: 5373, rightEnd: 5687, strand: +, length: 315, contig: contig_2064, protein: unknown, score1: 1.0, score2: 0.0
CC-gene 6	Gene No. 1, gene caller: All_callers, leftEnd: 5748, rightEnd: 7970, strand: +, length: 2223, contig: contig_2064, protein: unknown, score1: 1.0, score2: 0.0
CC-gene 7	Gene No. 1, gene caller: All_callers, leftEnd: 8221, rightEnd: 9018, strand: +, length: 798, contig: contig_2064, protein: unknown, score1: 1.0, score2: 0.0
CC-gene 8	Gene No. 1, gene caller: All_callers, leftEnd: 9169, rightEnd: 10158, strand: +, length: 990, contig: contig_2064, protein: unknown, score1: 1.0, score2: 0.0
CC-gene 9	Gene No. 1, gene caller: All_callers, leftEnd: 10217, rightEnd: 10675, strand: +, length: 459, contig: contig_2064, protein: unknown, score1: 1.0, score2: 0.0
CC-gene 10	Gene No. 1, gene caller: All_callers, leftEnd: 10677, rightEnd: 10931, strand: +, length: 255, contig: contig_2064, protein: unknown, score1: 1.0, score2: 0.0
CC-gene 11	Gene No. 1, gene caller: All_callers, leftEnd: 11012, rightEnd: 11779, strand: +, length: 768, contig: contig_2064, protein: unknown, score1: 1.0, score2: 0.0
CC-gene 12	Gene No. 1, gene caller: All_callers, leftEnd: 12057, rightEnd: 12755, strand: +, length: 699, contig: contig_2064, protein: unknown, score1: 1.0, score2: 0.0
CC-gene 13	Gene No. 1, gene caller: All_callers, leftEnd: 13725, rightEnd: 13949, strand: +, length: 225, contig: contig_2064, protein: unknown, score1: 1.0, score2: 0.0
CC-gene 14	Gene No. 1, gene caller: All_callers, leftEnd: 13958, rightEnd: 14347, strand: +, length: 390, contig: contig_2064, protein: unknown, score1: 1.0, score2: 0.0
Printing gene-call superset, consensus, and common_core in GFF and CGC formats
Printing report....
The following gene callers were considered: glimmer, phanotate, prodigal, The number of distinct gene calls over all gene callers is 40
The number of gene calls in common among all callers is 14
The number of unique (non-matching) gene calls is17
Caller glimmer produced 25 gene calls.
Caller glimmer gene-call length stats:  min: 114, max: 2223, ave: 524.76
Caller phanotate produced 30 gene calls.
Caller phanotate gene-call length stats:  min: 93, max: 2223, ave: 474.3
Caller prodigal produced 22 gene calls.
Caller prodigal gene-call length stats:  min: 207, max: 2223, ave: 605.1818181818181

Gene-call Scores:
Caller	Contig	Gene No.	Left End	Right End	Strand	gcScore
phanotate	contig_2064	1	1	468	-	0.83
prodigal	contig_2064	1	1	468	-	0.83
phanotate	contig_2064	2	445	561	+	0.33
glimmer	contig_2064	2	644	922	-	1.00
phanotate	contig_2064	3	644	922	-	1.00
prodigal	contig_2064	2	644	922	-	1.00
glimmer	contig_2064	3	954	1310	-	0.50
phanotate	contig_2064	4	954	1313	-	0.83
prodigal	contig_2064	3	954	1313	-	0.83
phanotate	contig_2064	5	1517	1612	+	0.33
glimmer	contig_2064	4	1607	1813	-	1.00
phanotate	contig_2064	6	1607	1813	-	1.00
prodigal	contig_2064	4	1607	1813	-	1.00
glimmer	contig_2064	5	1924	2760	-	1.00
phanotate	contig_2064	7	1924	2760	-	1.00
prodigal	contig_2064	5	1924	2760	-	1.00
glimmer	contig_2064	6	2795	2929	-	0.33
phanotate	contig_2064	8	2842	2958	-	0.33
glimmer	contig_2064	7	3011	3817	-	1.00
phanotate	contig_2064	9	3011	3817	-	1.00
prodigal	contig_2064	6	3011	3817	-	1.00
glimmer	contig_2064	9	3909	5213	-	0.50
phanotate	contig_2064	10	3909	5282	-	0.83
prodigal	contig_2064	7	3909	5282	-	0.83
glimmer	contig_2064	8	5258	5371	+	0.83
phanotate	contig_2064	11	5258	5371	+	0.83
glimmer	contig_2064	10	5373	5687	+	1.00
phanotate	contig_2064	12	5373	5687	+	1.00
prodigal	contig_2064	8	5373	5687	+	1.00
glimmer	contig_2064	11	5748	7970	+	1.00
phanotate	contig_2064	13	5748	7970	+	1.00
prodigal	contig_2064	9	5748	7970	+	1.00
phanotate	contig_2064	14	8020	8139	+	0.33
glimmer	contig_2064	12	8052	8186	+	0.33
glimmer	contig_2064	13	8221	9018	+	1.00
phanotate	contig_2064	15	8221	9018	+	1.00
prodigal	contig_2064	10	8221	9018	+	1.00
glimmer	contig_2064	14	9169	10158	+	1.00
phanotate	contig_2064	16	9169	10158	+	1.00
prodigal	contig_2064	11	9169	10158	+	1.00
glimmer	contig_2064	15	10217	10675	+	1.00
phanotate	contig_2064	17	10217	10675	+	1.00
prodigal	contig_2064	12	10217	10675	+	1.00
glimmer	contig_2064	16	10677	10931	+	1.00
phanotate	contig_2064	18	10677	10931	+	1.00
prodigal	contig_2064	13	10677	10931	+	1.00
phanotate	contig_2064	19	10924	11025	+	0.33
glimmer	contig_2064	17	11012	11779	+	1.00
phanotate	contig_2064	20	11012	11779	+	1.00
prodigal	contig_2064	14	11012	11779	+	1.00
phanotate	contig_2064	21	11878	12033	+	0.50
glimmer	contig_2064	18	11893	12033	+	0.50
glimmer	contig_2064	19	12057	12755	+	1.00
phanotate	contig_2064	22	12057	12755	+	1.00
prodigal	contig_2064	15	12057	12755	+	1.00
phanotate	contig_2064	23	12724	13317	+	0.83
prodigal	contig_2064	16	12724	13317	+	0.83
glimmer	contig_2064	20	12844	13317	+	0.50
phanotate	contig_2064	24	13295	13387	+	0.33
phanotate	contig_2064	25	13437	13715	+	0.83
prodigal	contig_2064	17	13437	13715	+	0.83
glimmer	contig_2064	21	13440	13715	+	0.50
glimmer	contig_2064	22	13725	13949	+	1.00
phanotate	contig_2064	26	13725	13949	+	1.00
prodigal	contig_2064	18	13725	13949	+	1.00
glimmer	contig_2064	23	13958	14347	+	1.00
phanotate	contig_2064	27	13958	14347	+	1.00
prodigal	contig_2064	19	13958	14347	+	1.00
glimmer	contig_2064	24	14355	14768	+	0.50
phanotate	contig_2064	28	14454	14768	+	0.83
prodigal	contig_2064	20	14454	14768	+	0.83
phanotate	contig_2064	29	14737	15099	+	0.83
prodigal	contig_2064	21	14737	15099	+	0.83
glimmer	contig_2064	25	14740	15099	+	0.50
glimmer	contig_2064	26	15103	15258	-	0.33
phanotate	contig_2064	30	15197	15505	+	0.83
prodigal	contig_2064	22	15197	15505	+	0.83

Gene-call Consensus Scores:
Caller glimmer average gene-call score: 0.77
Caller phanotate average gene-call score: 0.80
Caller prodigal average gene-call score: 0.94

***************Unique List
Unique gene call 1
  --  Gene No. 1, gene caller: phanotate, leftEnd: 1, rightEnd: 468, strand: -, length: 468, contig: contig_2064, protein: unknown, score1: 0.8333333333333333, score2: 0.0
  --  Gene No. 1, gene caller: prodigal, leftEnd: 1, rightEnd: 468, strand: -, length: 468, contig: contig_2064, protein: unknown, score1: 0.8333333333333333, score2: 0.0
Unique gene call 2
  --  Gene No. 2, gene caller: phanotate, leftEnd: 445, rightEnd: 561, strand: +, length: 117, contig: contig_2064, protein: unknown, score1: 0.3333333333333333, score2: 0.0
Unique gene call 3
  --  Gene No. 2, gene caller: glimmer, leftEnd: 644, rightEnd: 922, strand: -, length: 279, contig: contig_2064, protein: unknown, score1: 1.0, score2: 0.0
  --  Gene No. 3, gene caller: phanotate, leftEnd: 644, rightEnd: 922, strand: -, length: 279, contig: contig_2064, protein: unknown, score1: 1.0, score2: 0.0
  --  Gene No. 2, gene caller: prodigal, leftEnd: 644, rightEnd: 922, strand: -, length: 279, contig: contig_2064, protein: unknown, score1: 1.0, score2: 0.0
Unique gene call 4
  --  Gene No. 3, gene caller: glimmer, leftEnd: 954, rightEnd: 1310, strand: -, length: 357, contig: contig_2064, protein: unknown, score1: 0.5, score2: 0.0
Unique gene call 5
  --  Gene No. 4, gene caller: phanotate, leftEnd: 954, rightEnd: 1313, strand: -, length: 360, contig: contig_2064, protein: unknown, score1: 0.8333333333333333, score2: 0.0
  --  Gene No. 3, gene caller: prodigal, leftEnd: 954, rightEnd: 1313, strand: -, length: 360, contig: contig_2064, protein: unknown, score1: 0.8333333333333333, score2: 0.0
Unique gene call 6
  --  Gene No. 5, gene caller: phanotate, leftEnd: 1517, rightEnd: 1612, strand: +, length: 96, contig: contig_2064, protein: unknown, score1: 0.3333333333333333, score2: 0.0
Unique gene call 7
  --  Gene No. 4, gene caller: glimmer, leftEnd: 1607, rightEnd: 1813, strand: -, length: 207, contig: contig_2064, protein: unknown, score1: 1.0, score2: 0.0
  --  Gene No. 6, gene caller: phanotate, leftEnd: 1607, rightEnd: 1813, strand: -, length: 207, contig: contig_2064, protein: unknown, score1: 1.0, score2: 0.0
  --  Gene No. 4, gene caller: prodigal, leftEnd: 1607, rightEnd: 1813, strand: -, length: 207, contig: contig_2064, protein: unknown, score1: 1.0, score2: 0.0
Unique gene call 8
  --  Gene No. 5, gene caller: glimmer, leftEnd: 1924, rightEnd: 2760, strand: -, length: 837, contig: contig_2064, protein: unknown, score1: 1.0, score2: 0.0
  --  Gene No. 7, gene caller: phanotate, leftEnd: 1924, rightEnd: 2760, strand: -, length: 837, contig: contig_2064, protein: unknown, score1: 1.0, score2: 0.0
  --  Gene No. 5, gene caller: prodigal, leftEnd: 1924, rightEnd: 2760, strand: -, length: 837, contig: contig_2064, protein: unknown, score1: 1.0, score2: 0.0
Unique gene call 9
  --  Gene No. 6, gene caller: glimmer, leftEnd: 2795, rightEnd: 2929, strand: -, length: 135, contig: contig_2064, protein: unknown, score1: 0.3333333333333333, score2: 0.0
Unique gene call 10
  --  Gene No. 8, gene caller: phanotate, leftEnd: 2842, rightEnd: 2958, strand: -, length: 117, contig: contig_2064, protein: unknown, score1: 0.3333333333333333, score2: 0.0
Unique gene call 11
  --  Gene No. 7, gene caller: glimmer, leftEnd: 3011, rightEnd: 3817, strand: -, length: 807, contig: contig_2064, protein: unknown, score1: 1.0, score2: 0.0
  --  Gene No. 9, gene caller: phanotate, leftEnd: 3011, rightEnd: 3817, strand: -, length: 807, contig: contig_2064, protein: unknown, score1: 1.0, score2: 0.0
  --  Gene No. 6, gene caller: prodigal, leftEnd: 3011, rightEnd: 3817, strand: -, length: 807, contig: contig_2064, protein: unknown, score1: 1.0, score2: 0.0
Unique gene call 12
  --  Gene No. 9, gene caller: glimmer, leftEnd: 3909, rightEnd: 5213, strand: -, length: 1305, contig: contig_2064, protein: unknown, score1: 0.5, score2: 0.0
Unique gene call 13
  --  Gene No. 10, gene caller: phanotate, leftEnd: 3909, rightEnd: 5282, strand: -, length: 1374, contig: contig_2064, protein: unknown, score1: 0.8333333333333333, score2: 0.0
  --  Gene No. 7, gene caller: prodigal, leftEnd: 3909, rightEnd: 5282, strand: -, length: 1374, contig: contig_2064, protein: unknown, score1: 0.8333333333333333, score2: 0.0
Unique gene call 14
  --  Gene No. 8, gene caller: glimmer, leftEnd: 5258, rightEnd: 5371, strand: +, length: 114, contig: contig_2064, protein: unknown, score1: 0.8333333333333333, score2: 0.0
  --  Gene No. 11, gene caller: phanotate, leftEnd: 5258, rightEnd: 5371, strand: +, length: 114, contig: contig_2064, protein: unknown, score1: 0.8333333333333333, score2: 0.0
Unique gene call 15
  --  Gene No. 10, gene caller: glimmer, leftEnd: 5373, rightEnd: 5687, strand: +, length: 315, contig: contig_2064, protein: unknown, score1: 1.0, score2: 0.0
  --  Gene No. 12, gene caller: phanotate, leftEnd: 5373, rightEnd: 5687, strand: +, length: 315, contig: contig_2064, protein: unknown, score1: 1.0, score2: 0.0
  --  Gene No. 8, gene caller: prodigal, leftEnd: 5373, rightEnd: 5687, strand: +, length: 315, contig: contig_2064, protein: unknown, score1: 1.0, score2: 0.0
Unique gene call 16
  --  Gene No. 11, gene caller: glimmer, leftEnd: 5748, rightEnd: 7970, strand: +, length: 2223, contig: contig_2064, protein: unknown, score1: 1.0, score2: 0.0
  --  Gene No. 13, gene caller: phanotate, leftEnd: 5748, rightEnd: 7970, strand: +, length: 2223, contig: contig_2064, protein: unknown, score1: 1.0, score2: 0.0
  --  Gene No. 9, gene caller: prodigal, leftEnd: 5748, rightEnd: 7970, strand: +, length: 2223, contig: contig_2064, protein: unknown, score1: 1.0, score2: 0.0
Unique gene call 17
  --  Gene No. 14, gene caller: phanotate, leftEnd: 8020, rightEnd: 8139, strand: +, length: 120, contig: contig_2064, protein: unknown, score1: 0.3333333333333333, score2: 0.0
Unique gene call 18
  --  Gene No. 12, gene caller: glimmer, leftEnd: 8052, rightEnd: 8186, strand: +, length: 135, contig: contig_2064, protein: unknown, score1: 0.3333333333333333, score2: 0.0
Unique gene call 19
  --  Gene No. 13, gene caller: glimmer, leftEnd: 8221, rightEnd: 9018, strand: +, length: 798, contig: contig_2064, protein: unknown, score1: 1.0, score2: 0.0
  --  Gene No. 15, gene caller: phanotate, leftEnd: 8221, rightEnd: 9018, strand: +, length: 798, contig: contig_2064, protein: unknown, score1: 1.0, score2: 0.0
  --  Gene No. 10, gene caller: prodigal, leftEnd: 8221, rightEnd: 9018, strand: +, length: 798, contig: contig_2064, protein: unknown, score1: 1.0, score2: 0.0
Unique gene call 20
  --  Gene No. 14, gene caller: glimmer, leftEnd: 9169, rightEnd: 10158, strand: +, length: 990, contig: contig_2064, protein: unknown, score1: 1.0, score2: 0.0
  --  Gene No. 16, gene caller: phanotate, leftEnd: 9169, rightEnd: 10158, strand: +, length: 990, contig: contig_2064, protein: unknown, score1: 1.0, score2: 0.0
  --  Gene No. 11, gene caller: prodigal, leftEnd: 9169, rightEnd: 10158, strand: +, length: 990, contig: contig_2064, protein: unknown, score1: 1.0, score2: 0.0
Unique gene call 21
  --  Gene No. 15, gene caller: glimmer, leftEnd: 10217, rightEnd: 10675, strand: +, length: 459, contig: contig_2064, protein: unknown, score1: 1.0, score2: 0.0
  --  Gene No. 17, gene caller: phanotate, leftEnd: 10217, rightEnd: 10675, strand: +, length: 459, contig: contig_2064, protein: unknown, score1: 1.0, score2: 0.0
  --  Gene No. 12, gene caller: prodigal, leftEnd: 10217, rightEnd: 10675, strand: +, length: 459, contig: contig_2064, protein: unknown, score1: 1.0, score2: 0.0
Unique gene call 22
  --  Gene No. 16, gene caller: glimmer, leftEnd: 10677, rightEnd: 10931, strand: +, length: 255, contig: contig_2064, protein: unknown, score1: 1.0, score2: 0.0
  --  Gene No. 18, gene caller: phanotate, leftEnd: 10677, rightEnd: 10931, strand: +, length: 255, contig: contig_2064, protein: unknown, score1: 1.0, score2: 0.0
  --  Gene No. 13, gene caller: prodigal, leftEnd: 10677, rightEnd: 10931, strand: +, length: 255, contig: contig_2064, protein: unknown, score1: 1.0, score2: 0.0
Unique gene call 23
  --  Gene No. 19, gene caller: phanotate, leftEnd: 10924, rightEnd: 11025, strand: +, length: 102, contig: contig_2064, protein: unknown, score1: 0.3333333333333333, score2: 0.0
Unique gene call 24
  --  Gene No. 17, gene caller: glimmer, leftEnd: 11012, rightEnd: 11779, strand: +, length: 768, contig: contig_2064, protein: unknown, score1: 1.0, score2: 0.0
  --  Gene No. 20, gene caller: phanotate, leftEnd: 11012, rightEnd: 11779, strand: +, length: 768, contig: contig_2064, protein: unknown, score1: 1.0, score2: 0.0
  --  Gene No. 14, gene caller: prodigal, leftEnd: 11012, rightEnd: 11779, strand: +, length: 768, contig: contig_2064, protein: unknown, score1: 1.0, score2: 0.0
Unique gene call 25
  --  Gene No. 21, gene caller: phanotate, leftEnd: 11878, rightEnd: 12033, strand: +, length: 156, contig: contig_2064, protein: unknown, score1: 0.5, score2: 0.0
Unique gene call 26
  --  Gene No. 18, gene caller: glimmer, leftEnd: 11893, rightEnd: 12033, strand: +, length: 141, contig: contig_2064, protein: unknown, score1: 0.5, score2: 0.0
Unique gene call 27
  --  Gene No. 19, gene caller: glimmer, leftEnd: 12057, rightEnd: 12755, strand: +, length: 699, contig: contig_2064, protein: unknown, score1: 1.0, score2: 0.0
  --  Gene No. 22, gene caller: phanotate, leftEnd: 12057, rightEnd: 12755, strand: +, length: 699, contig: contig_2064, protein: unknown, score1: 1.0, score2: 0.0
  --  Gene No. 15, gene caller: prodigal, leftEnd: 12057, rightEnd: 12755, strand: +, length: 699, contig: contig_2064, protein: unknown, score1: 1.0, score2: 0.0
Unique gene call 28
  --  Gene No. 23, gene caller: phanotate, leftEnd: 12724, rightEnd: 13317, strand: +, length: 594, contig: contig_2064, protein: unknown, score1: 0.8333333333333333, score2: 0.0
  --  Gene No. 16, gene caller: prodigal, leftEnd: 12724, rightEnd: 13317, strand: +, length: 594, contig: contig_2064, protein: unknown, score1: 0.8333333333333333, score2: 0.0
Unique gene call 29
  --  Gene No. 20, gene caller: glimmer, leftEnd: 12844, rightEnd: 13317, strand: +, length: 474, contig: contig_2064, protein: unknown, score1: 0.5, score2: 0.0
Unique gene call 30
  --  Gene No. 24, gene caller: phanotate, leftEnd: 13295, rightEnd: 13387, strand: +, length: 93, contig: contig_2064, protein: unknown, score1: 0.3333333333333333, score2: 0.0
Unique gene call 31
  --  Gene No. 25, gene caller: phanotate, leftEnd: 13437, rightEnd: 13715, strand: +, length: 279, contig: contig_2064, protein: unknown, score1: 0.8333333333333333, score2: 0.0
  --  Gene No. 17, gene caller: prodigal, leftEnd: 13437, rightEnd: 13715, strand: +, length: 279, contig: contig_2064, protein: unknown, score1: 0.8333333333333333, score2: 0.0
Unique gene call 32
  --  Gene No. 21, gene caller: glimmer, leftEnd: 13440, rightEnd: 13715, strand: +, length: 276, contig: contig_2064, protein: unknown, score1: 0.5, score2: 0.0
Unique gene call 33
  --  Gene No. 22, gene caller: glimmer, leftEnd: 13725, rightEnd: 13949, strand: +, length: 225, contig: contig_2064, protein: unknown, score1: 1.0, score2: 0.0
  --  Gene No. 26, gene caller: phanotate, leftEnd: 13725, rightEnd: 13949, strand: +, length: 225, contig: contig_2064, protein: unknown, score1: 1.0, score2: 0.0
  --  Gene No. 18, gene caller: prodigal, leftEnd: 13725, rightEnd: 13949, strand: +, length: 225, contig: contig_2064, protein: unknown, score1: 1.0, score2: 0.0
Unique gene call 34
  --  Gene No. 23, gene caller: glimmer, leftEnd: 13958, rightEnd: 14347, strand: +, length: 390, contig: contig_2064, protein: unknown, score1: 1.0, score2: 0.0
  --  Gene No. 27, gene caller: phanotate, leftEnd: 13958, rightEnd: 14347, strand: +, length: 390, contig: contig_2064, protein: unknown, score1: 1.0, score2: 0.0
  --  Gene No. 19, gene caller: prodigal, leftEnd: 13958, rightEnd: 14347, strand: +, length: 390, contig: contig_2064, protein: unknown, score1: 1.0, score2: 0.0
Unique gene call 35
  --  Gene No. 24, gene caller: glimmer, leftEnd: 14355, rightEnd: 14768, strand: +, length: 414, contig: contig_2064, protein: unknown, score1: 0.5, score2: 0.0
Unique gene call 36
  --  Gene No. 28, gene caller: phanotate, leftEnd: 14454, rightEnd: 14768, strand: +, length: 315, contig: contig_2064, protein: unknown, score1: 0.8333333333333333, score2: 0.0
  --  Gene No. 20, gene caller: prodigal, leftEnd: 14454, rightEnd: 14768, strand: +, length: 315, contig: contig_2064, protein: unknown, score1: 0.8333333333333333, score2: 0.0
Unique gene call 37
  --  Gene No. 29, gene caller: phanotate, leftEnd: 14737, rightEnd: 15099, strand: +, length: 363, contig: contig_2064, protein: unknown, score1: 0.8333333333333333, score2: 0.0
  --  Gene No. 21, gene caller: prodigal, leftEnd: 14737, rightEnd: 15099, strand: +, length: 363, contig: contig_2064, protein: unknown, score1: 0.8333333333333333, score2: 0.0
Unique gene call 38
  --  Gene No. 25, gene caller: glimmer, leftEnd: 14740, rightEnd: 15099, strand: +, length: 360, contig: contig_2064, protein: unknown, score1: 0.5, score2: 0.0
Unique gene call 39
  --  Gene No. 26, gene caller: glimmer, leftEnd: 15103, rightEnd: 15258, strand: -, length: 156, contig: contig_2064, protein: unknown, score1: 0.3333333333333333, score2: 0.0
Unique gene call 40
  --  Gene No. 30, gene caller: phanotate, leftEnd: 15197, rightEnd: 15505, strand: +, length: 309, contig: contig_2064, protein: unknown, score1: 0.8333333333333333, score2: 0.0
  --  Gene No. 22, gene caller: prodigal, leftEnd: 15197, rightEnd: 15505, strand: +, length: 309, contig: contig_2064, protein: unknown, score1: 0.8333333333333333, score2: 0.0
Code complete at 2021-04-21 09:31:44.798871
