Opening log at 2021-04-21 09:53:55.963340
Iterating through fileSet at 2021-04-21 09:53:55.963487
fileSet is ['/home/james/Software/multiPhATE2/PipelineOutput/circular_read_243/commoncore.cgc', '/home/james/Software/multiPhATE2/PipelineOutput/circular_read_243/consensus.cgc', '/home/james/Software/multiPhATE2/PipelineOutput/circular_read_243/glimmer.cgc', '/home/james/Software/multiPhATE2/PipelineOutput/circular_read_243/phanotate.cgc', '/home/james/Software/multiPhATE2/PipelineOutput/circular_read_243/prodigal.cgc', '/home/james/Software/multiPhATE2/PipelineOutput/circular_read_243/superset.cgc']
Opening geneFile /home/james/Software/multiPhATE2/PipelineOutput/circular_read_243/commoncore.cgc
Adding calls from geneFile /home/james/Software/multiPhATE2/PipelineOutput/circular_read_243/commoncore.cgc
Appending call set  number of calls is: 0
Opening geneFile /home/james/Software/multiPhATE2/PipelineOutput/circular_read_243/consensus.cgc
Adding calls from geneFile /home/james/Software/multiPhATE2/PipelineOutput/circular_read_243/consensus.cgc
Appending call set  number of calls is: 0
Opening geneFile /home/james/Software/multiPhATE2/PipelineOutput/circular_read_243/glimmer.cgc
Adding calls from geneFile /home/james/Software/multiPhATE2/PipelineOutput/circular_read_243/glimmer.cgc
Appending call set  number of calls is: 4
Opening geneFile /home/james/Software/multiPhATE2/PipelineOutput/circular_read_243/phanotate.cgc
Adding calls from geneFile /home/james/Software/multiPhATE2/PipelineOutput/circular_read_243/phanotate.cgc
Appending call set  number of calls is: 7
Opening geneFile /home/james/Software/multiPhATE2/PipelineOutput/circular_read_243/prodigal.cgc
Adding calls from geneFile /home/james/Software/multiPhATE2/PipelineOutput/circular_read_243/prodigal.cgc
Appending call set  number of calls is: 4
Opening geneFile /home/james/Software/multiPhATE2/PipelineOutput/circular_read_243/superset.cgc
Adding calls from geneFile /home/james/Software/multiPhATE2/PipelineOutput/circular_read_243/superset.cgc
Appending call set  number of calls is: 0
All call sets have been added to caller list. Number of call sets in callerList: 6
callerList is   glimmer phanotate prodigal  
Total number of gene calls across callerList call sets is: 15
Sorting gene calls for each caller
Processing a callSet
Before sorting, Length of callerList for caller  is 0
After sorting, Length of callerList for caller  is 0
Processing a callSet
Before sorting, Length of callerList for caller  is 0
After sorting, Length of callerList for caller  is 0
Processing a callSet
Before sorting, Length of callerList for caller glimmer is 4
After sorting, Length of callerList for caller glimmer is 4
Processing a callSet
Before sorting, Length of callerList for caller phanotate is 7
After sorting, Length of callerList for caller phanotate is 7
Processing a callSet
Before sorting, Length of callerList for caller prodigal is 4
After sorting, Length of callerList for caller prodigal is 4
Processing a callSet
Before sorting, Length of callerList for caller  is 0
After sorting, Length of callerList for caller  is 0
callSet processing complete
Comparing across the call sets...
Merging the geneCall sets....
Final merged genes:

***************Merge List
1	Gene No. 1, gene caller: glimmer, leftEnd: 17, rightEnd: 913, strand: -, length: 897, contig: circular_read_243, protein: unknown, score1: 1.0, score2: 0.0
2	Gene No. 1, gene caller: phanotate, leftEnd: 17, rightEnd: 1138, strand: -, length: 1122, contig: circular_read_243, protein: unknown, score1: 1.0, score2: 0.0
3	Gene No. 1, gene caller: prodigal, leftEnd: 17, rightEnd: 1138, strand: -, length: 1122, contig: circular_read_243, protein: unknown, score1: 1.0, score2: 0.0
4	Gene No. 2, gene caller: prodigal, leftEnd: 1128, rightEnd: 1448, strand: -, length: 321, contig: circular_read_243, protein: unknown, score1: 1.0, score2: 0.0
5	Gene No. 2, gene caller: glimmer, leftEnd: 1128, rightEnd: 1463, strand: -, length: 336, contig: circular_read_243, protein: unknown, score1: 1.0, score2: 0.0
6	Gene No. 2, gene caller: phanotate, leftEnd: 1128, rightEnd: 1463, strand: -, length: 336, contig: circular_read_243, protein: unknown, score1: 1.0, score2: 0.0
7	Gene No. 3, gene caller: phanotate, leftEnd: 1460, rightEnd: 1615, strand: -, length: 156, contig: circular_read_243, protein: unknown, score1: 1.0, score2: 0.0
8	Gene No. 4, gene caller: phanotate, leftEnd: 1703, rightEnd: 1915, strand: -, length: 213, contig: circular_read_243, protein: unknown, score1: 1.0, score2: 0.0
9	Gene No. 5, gene caller: phanotate, leftEnd: 1922, rightEnd: 2068, strand: +, length: 147, contig: circular_read_243, protein: unknown, score1: 1.0, score2: 0.0
10	Gene No. 3, gene caller: glimmer, leftEnd: 2001, rightEnd: 2573, strand: +, length: 573, contig: circular_read_243, protein: unknown, score1: 1.0, score2: 0.0
11	Gene No. 3, gene caller: prodigal, leftEnd: 2001, rightEnd: 2573, strand: +, length: 573, contig: circular_read_243, protein: unknown, score1: 1.0, score2: 0.0
12	Gene No. 6, gene caller: phanotate, leftEnd: 2115, rightEnd: 2573, strand: +, length: 459, contig: circular_read_243, protein: unknown, score1: 1.0, score2: 0.0
13	Gene No. 4, gene caller: glimmer, leftEnd: 2634, rightEnd: 2999, strand: -, length: 366, contig: circular_read_243, protein: unknown, score1: 1.0, score2: 0.0
14	Gene No. 7, gene caller: phanotate, leftEnd: 2634, rightEnd: 3083, strand: -, length: 450, contig: circular_read_243, protein: unknown, score1: 1.0, score2: 0.0
15	Gene No. 4, gene caller: prodigal, leftEnd: 2634, rightEnd: 3083, strand: -, length: 450, contig: circular_read_243, protein: unknown, score1: 1.0, score2: 0.0
Comparing across geneCall sets....
Scoring gene calls....
Identifying common core...
This is the Common Core List:

***************Common Core
Printing gene-call superset, consensus, and common_core in GFF and CGC formats
Printing report....
The following gene callers were considered: glimmer, phanotate, prodigal, The number of distinct gene calls over all gene callers is 11
The number of gene calls in common among all callers is 0
The number of unique (non-matching) gene calls is7
Caller glimmer produced 4 gene calls.
Caller glimmer gene-call length stats:  min: 336, max: 897, ave: 543.0
Caller phanotate produced 7 gene calls.
Caller phanotate gene-call length stats:  min: 147, max: 1122, ave: 411.85714285714283
Caller prodigal produced 4 gene calls.
Caller prodigal gene-call length stats:  min: 321, max: 1122, ave: 616.5

Gene-call Scores:
Caller	Contig	Gene No.	Left End	Right End	Strand	gcScore
glimmer	circular_read_243	1	17	913	-	0.50
phanotate	circular_read_243	1	17	1138	-	0.83
prodigal	circular_read_243	1	17	1138	-	0.83
prodigal	circular_read_243	2	1128	1448	-	0.50
glimmer	circular_read_243	2	1128	1463	-	0.83
phanotate	circular_read_243	2	1128	1463	-	0.83
phanotate	circular_read_243	3	1460	1615	-	0.33
phanotate	circular_read_243	4	1703	1915	-	0.33
phanotate	circular_read_243	5	1922	2068	+	0.33
glimmer	circular_read_243	3	2001	2573	+	0.83
prodigal	circular_read_243	3	2001	2573	+	0.83
phanotate	circular_read_243	6	2115	2573	+	0.50
glimmer	circular_read_243	4	2634	2999	-	0.50
phanotate	circular_read_243	7	2634	3083	-	0.83
prodigal	circular_read_243	4	2634	3083	-	0.83

Gene-call Consensus Scores:
Caller glimmer average gene-call score: 0.67
Caller phanotate average gene-call score: 0.57
Caller prodigal average gene-call score: 0.75

***************Unique List
Unique gene call 1
  --  Gene No. 1, gene caller: glimmer, leftEnd: 17, rightEnd: 913, strand: -, length: 897, contig: circular_read_243, protein: unknown, score1: 0.5, score2: 0.0
Unique gene call 2
  --  Gene No. 1, gene caller: phanotate, leftEnd: 17, rightEnd: 1138, strand: -, length: 1122, contig: circular_read_243, protein: unknown, score1: 0.8333333333333333, score2: 0.0
  --  Gene No. 1, gene caller: prodigal, leftEnd: 17, rightEnd: 1138, strand: -, length: 1122, contig: circular_read_243, protein: unknown, score1: 0.8333333333333333, score2: 0.0
Unique gene call 3
  --  Gene No. 2, gene caller: prodigal, leftEnd: 1128, rightEnd: 1448, strand: -, length: 321, contig: circular_read_243, protein: unknown, score1: 0.5, score2: 0.0
Unique gene call 4
  --  Gene No. 2, gene caller: glimmer, leftEnd: 1128, rightEnd: 1463, strand: -, length: 336, contig: circular_read_243, protein: unknown, score1: 0.8333333333333333, score2: 0.0
  --  Gene No. 2, gene caller: phanotate, leftEnd: 1128, rightEnd: 1463, strand: -, length: 336, contig: circular_read_243, protein: unknown, score1: 0.8333333333333333, score2: 0.0
Unique gene call 5
  --  Gene No. 3, gene caller: phanotate, leftEnd: 1460, rightEnd: 1615, strand: -, length: 156, contig: circular_read_243, protein: unknown, score1: 0.3333333333333333, score2: 0.0
Unique gene call 6
  --  Gene No. 4, gene caller: phanotate, leftEnd: 1703, rightEnd: 1915, strand: -, length: 213, contig: circular_read_243, protein: unknown, score1: 0.3333333333333333, score2: 0.0
Unique gene call 7
  --  Gene No. 5, gene caller: phanotate, leftEnd: 1922, rightEnd: 2068, strand: +, length: 147, contig: circular_read_243, protein: unknown, score1: 0.3333333333333333, score2: 0.0
Unique gene call 8
  --  Gene No. 3, gene caller: glimmer, leftEnd: 2001, rightEnd: 2573, strand: +, length: 573, contig: circular_read_243, protein: unknown, score1: 0.8333333333333333, score2: 0.0
  --  Gene No. 3, gene caller: prodigal, leftEnd: 2001, rightEnd: 2573, strand: +, length: 573, contig: circular_read_243, protein: unknown, score1: 0.8333333333333333, score2: 0.0
Unique gene call 9
  --  Gene No. 6, gene caller: phanotate, leftEnd: 2115, rightEnd: 2573, strand: +, length: 459, contig: circular_read_243, protein: unknown, score1: 0.5, score2: 0.0
Unique gene call 10
  --  Gene No. 4, gene caller: glimmer, leftEnd: 2634, rightEnd: 2999, strand: -, length: 366, contig: circular_read_243, protein: unknown, score1: 0.5, score2: 0.0
Unique gene call 11
  --  Gene No. 7, gene caller: phanotate, leftEnd: 2634, rightEnd: 3083, strand: -, length: 450, contig: circular_read_243, protein: unknown, score1: 0.8333333333333333, score2: 0.0
  --  Gene No. 4, gene caller: prodigal, leftEnd: 2634, rightEnd: 3083, strand: -, length: 450, contig: circular_read_243, protein: unknown, score1: 0.8333333333333333, score2: 0.0
Code complete at 2021-04-21 09:53:55.966658
