Opening log at 2021-04-21 09:06:11.544140
Iterating through fileSet at 2021-04-21 09:06:11.544419
fileSet is ['/home/james/Software/multiPhATE2/PipelineOutput/contig_1834/commoncore.cgc', '/home/james/Software/multiPhATE2/PipelineOutput/contig_1834/consensus.cgc', '/home/james/Software/multiPhATE2/PipelineOutput/contig_1834/glimmer.cgc', '/home/james/Software/multiPhATE2/PipelineOutput/contig_1834/phanotate.cgc', '/home/james/Software/multiPhATE2/PipelineOutput/contig_1834/prodigal.cgc', '/home/james/Software/multiPhATE2/PipelineOutput/contig_1834/superset.cgc']
Opening geneFile /home/james/Software/multiPhATE2/PipelineOutput/contig_1834/commoncore.cgc
Adding calls from geneFile /home/james/Software/multiPhATE2/PipelineOutput/contig_1834/commoncore.cgc
Appending call set  number of calls is: 0
Opening geneFile /home/james/Software/multiPhATE2/PipelineOutput/contig_1834/consensus.cgc
Adding calls from geneFile /home/james/Software/multiPhATE2/PipelineOutput/contig_1834/consensus.cgc
Appending call set  number of calls is: 0
Opening geneFile /home/james/Software/multiPhATE2/PipelineOutput/contig_1834/glimmer.cgc
Adding calls from geneFile /home/james/Software/multiPhATE2/PipelineOutput/contig_1834/glimmer.cgc
Appending call set  number of calls is: 32
Opening geneFile /home/james/Software/multiPhATE2/PipelineOutput/contig_1834/phanotate.cgc
Adding calls from geneFile /home/james/Software/multiPhATE2/PipelineOutput/contig_1834/phanotate.cgc
Appending call set  number of calls is: 40
Opening geneFile /home/james/Software/multiPhATE2/PipelineOutput/contig_1834/prodigal.cgc
Adding calls from geneFile /home/james/Software/multiPhATE2/PipelineOutput/contig_1834/prodigal.cgc
Appending call set  number of calls is: 33
Opening geneFile /home/james/Software/multiPhATE2/PipelineOutput/contig_1834/superset.cgc
Adding calls from geneFile /home/james/Software/multiPhATE2/PipelineOutput/contig_1834/superset.cgc
Appending call set  number of calls is: 0
All call sets have been added to caller list. Number of call sets in callerList: 6
callerList is   glimmer phanotate prodigal  
Total number of gene calls across callerList call sets is: 105
Sorting gene calls for each caller
Processing a callSet
Before sorting, Length of callerList for caller  is 0
After sorting, Length of callerList for caller  is 0
Processing a callSet
Before sorting, Length of callerList for caller  is 0
After sorting, Length of callerList for caller  is 0
Processing a callSet
Before sorting, Length of callerList for caller glimmer is 32
After sorting, Length of callerList for caller glimmer is 32
Processing a callSet
Before sorting, Length of callerList for caller phanotate is 40
After sorting, Length of callerList for caller phanotate is 40
Processing a callSet
Before sorting, Length of callerList for caller prodigal is 33
After sorting, Length of callerList for caller prodigal is 33
Processing a callSet
Before sorting, Length of callerList for caller  is 0
After sorting, Length of callerList for caller  is 0
callSet processing complete
Comparing across the call sets...
Merging the geneCall sets....
Final merged genes:

***************Merge List
1	Gene No. 1, gene caller: glimmer, leftEnd: 51, rightEnd: 419, strand: -, length: 369, contig: contig_1834, protein: unknown, score1: 1.0, score2: 0.0
2	Gene No. 1, gene caller: phanotate, leftEnd: 51, rightEnd: 419, strand: -, length: 369, contig: contig_1834, protein: unknown, score1: 1.0, score2: 0.0
3	Gene No. 1, gene caller: prodigal, leftEnd: 51, rightEnd: 419, strand: -, length: 369, contig: contig_1834, protein: unknown, score1: 1.0, score2: 0.0
4	Gene No. 2, gene caller: glimmer, leftEnd: 728, rightEnd: 1090, strand: -, length: 363, contig: contig_1834, protein: unknown, score1: 1.0, score2: 0.0
5	Gene No. 2, gene caller: phanotate, leftEnd: 728, rightEnd: 1090, strand: -, length: 363, contig: contig_1834, protein: unknown, score1: 1.0, score2: 0.0
6	Gene No. 2, gene caller: prodigal, leftEnd: 728, rightEnd: 1090, strand: -, length: 363, contig: contig_1834, protein: unknown, score1: 1.0, score2: 0.0
7	Gene No. 3, gene caller: phanotate, leftEnd: 1313, rightEnd: 1432, strand: -, length: 120, contig: contig_1834, protein: unknown, score1: 1.0, score2: 0.0
8	Gene No. 4, gene caller: phanotate, leftEnd: 1679, rightEnd: 1771, strand: -, length: 93, contig: contig_1834, protein: unknown, score1: 1.0, score2: 0.0
9	Gene No. 3, gene caller: glimmer, leftEnd: 1713, rightEnd: 1928, strand: +, length: 216, contig: contig_1834, protein: unknown, score1: 1.0, score2: 0.0
10	Gene No. 5, gene caller: phanotate, leftEnd: 1713, rightEnd: 1928, strand: +, length: 216, contig: contig_1834, protein: unknown, score1: 1.0, score2: 0.0
11	Gene No. 3, gene caller: prodigal, leftEnd: 1713, rightEnd: 1928, strand: +, length: 216, contig: contig_1834, protein: unknown, score1: 1.0, score2: 0.0
12	Gene No. 4, gene caller: glimmer, leftEnd: 1935, rightEnd: 2120, strand: +, length: 186, contig: contig_1834, protein: unknown, score1: 1.0, score2: 0.0
13	Gene No. 6, gene caller: phanotate, leftEnd: 1935, rightEnd: 2120, strand: +, length: 186, contig: contig_1834, protein: unknown, score1: 1.0, score2: 0.0
14	Gene No. 4, gene caller: prodigal, leftEnd: 1935, rightEnd: 2120, strand: +, length: 186, contig: contig_1834, protein: unknown, score1: 1.0, score2: 0.0
15	Gene No. 5, gene caller: glimmer, leftEnd: 2071, rightEnd: 2289, strand: -, length: 219, contig: contig_1834, protein: unknown, score1: 1.0, score2: 0.0
16	Gene No. 7, gene caller: phanotate, leftEnd: 2071, rightEnd: 2289, strand: -, length: 219, contig: contig_1834, protein: unknown, score1: 1.0, score2: 0.0
17	Gene No. 5, gene caller: prodigal, leftEnd: 2071, rightEnd: 2289, strand: -, length: 219, contig: contig_1834, protein: unknown, score1: 1.0, score2: 0.0
18	Gene No. 6, gene caller: glimmer, leftEnd: 2426, rightEnd: 2767, strand: +, length: 342, contig: contig_1834, protein: unknown, score1: 1.0, score2: 0.0
19	Gene No. 8, gene caller: phanotate, leftEnd: 2426, rightEnd: 2767, strand: +, length: 342, contig: contig_1834, protein: unknown, score1: 1.0, score2: 0.0
20	Gene No. 6, gene caller: prodigal, leftEnd: 2426, rightEnd: 2767, strand: +, length: 342, contig: contig_1834, protein: unknown, score1: 1.0, score2: 0.0
21	Gene No. 7, gene caller: glimmer, leftEnd: 2783, rightEnd: 3346, strand: +, length: 564, contig: contig_1834, protein: unknown, score1: 1.0, score2: 0.0
22	Gene No. 9, gene caller: phanotate, leftEnd: 2783, rightEnd: 3346, strand: +, length: 564, contig: contig_1834, protein: unknown, score1: 1.0, score2: 0.0
23	Gene No. 7, gene caller: prodigal, leftEnd: 2783, rightEnd: 3346, strand: +, length: 564, contig: contig_1834, protein: unknown, score1: 1.0, score2: 0.0
24	Gene No. 10, gene caller: phanotate, leftEnd: 3365, rightEnd: 3478, strand: -, length: 114, contig: contig_1834, protein: unknown, score1: 1.0, score2: 0.0
25	Gene No. 8, gene caller: glimmer, leftEnd: 3417, rightEnd: 3608, strand: -, length: 192, contig: contig_1834, protein: unknown, score1: 1.0, score2: 0.0
26	Gene No. 11, gene caller: phanotate, leftEnd: 3532, rightEnd: 3636, strand: -, length: 105, contig: contig_1834, protein: unknown, score1: 1.0, score2: 0.0
27	Gene No. 12, gene caller: phanotate, leftEnd: 3675, rightEnd: 3944, strand: -, length: 270, contig: contig_1834, protein: unknown, score1: 1.0, score2: 0.0
28	Gene No. 8, gene caller: prodigal, leftEnd: 3727, rightEnd: 3936, strand: +, length: 210, contig: contig_1834, protein: unknown, score1: 1.0, score2: 0.0
29	Gene No. 9, gene caller: glimmer, leftEnd: 3992, rightEnd: 4174, strand: +, length: 183, contig: contig_1834, protein: unknown, score1: 1.0, score2: 0.0
30	Gene No. 13, gene caller: phanotate, leftEnd: 3992, rightEnd: 4174, strand: +, length: 183, contig: contig_1834, protein: unknown, score1: 1.0, score2: 0.0
31	Gene No. 9, gene caller: prodigal, leftEnd: 3992, rightEnd: 4174, strand: +, length: 183, contig: contig_1834, protein: unknown, score1: 1.0, score2: 0.0
32	Gene No. 10, gene caller: glimmer, leftEnd: 4249, rightEnd: 4473, strand: +, length: 225, contig: contig_1834, protein: unknown, score1: 1.0, score2: 0.0
33	Gene No. 14, gene caller: phanotate, leftEnd: 4249, rightEnd: 4473, strand: +, length: 225, contig: contig_1834, protein: unknown, score1: 1.0, score2: 0.0
34	Gene No. 10, gene caller: prodigal, leftEnd: 4249, rightEnd: 4473, strand: +, length: 225, contig: contig_1834, protein: unknown, score1: 1.0, score2: 0.0
35	Gene No. 11, gene caller: glimmer, leftEnd: 4483, rightEnd: 4755, strand: +, length: 273, contig: contig_1834, protein: unknown, score1: 1.0, score2: 0.0
36	Gene No. 15, gene caller: phanotate, leftEnd: 4483, rightEnd: 4755, strand: +, length: 273, contig: contig_1834, protein: unknown, score1: 1.0, score2: 0.0
37	Gene No. 11, gene caller: prodigal, leftEnd: 4483, rightEnd: 4755, strand: +, length: 273, contig: contig_1834, protein: unknown, score1: 1.0, score2: 0.0
38	Gene No. 12, gene caller: glimmer, leftEnd: 4739, rightEnd: 5461, strand: +, length: 723, contig: contig_1834, protein: unknown, score1: 1.0, score2: 0.0
39	Gene No. 16, gene caller: phanotate, leftEnd: 4739, rightEnd: 5461, strand: +, length: 723, contig: contig_1834, protein: unknown, score1: 1.0, score2: 0.0
40	Gene No. 12, gene caller: prodigal, leftEnd: 4739, rightEnd: 5461, strand: +, length: 723, contig: contig_1834, protein: unknown, score1: 1.0, score2: 0.0
41	Gene No. 13, gene caller: glimmer, leftEnd: 5458, rightEnd: 5652, strand: +, length: 195, contig: contig_1834, protein: unknown, score1: 1.0, score2: 0.0
42	Gene No. 17, gene caller: phanotate, leftEnd: 5458, rightEnd: 5652, strand: +, length: 195, contig: contig_1834, protein: unknown, score1: 1.0, score2: 0.0
43	Gene No. 13, gene caller: prodigal, leftEnd: 5458, rightEnd: 5652, strand: +, length: 195, contig: contig_1834, protein: unknown, score1: 1.0, score2: 0.0
44	Gene No. 14, gene caller: glimmer, leftEnd: 5655, rightEnd: 7040, strand: +, length: 1386, contig: contig_1834, protein: unknown, score1: 1.0, score2: 0.0
45	Gene No. 18, gene caller: phanotate, leftEnd: 5655, rightEnd: 7040, strand: +, length: 1386, contig: contig_1834, protein: unknown, score1: 1.0, score2: 0.0
46	Gene No. 14, gene caller: prodigal, leftEnd: 5655, rightEnd: 7040, strand: +, length: 1386, contig: contig_1834, protein: unknown, score1: 1.0, score2: 0.0
47	Gene No. 15, gene caller: glimmer, leftEnd: 7037, rightEnd: 7645, strand: +, length: 609, contig: contig_1834, protein: unknown, score1: 1.0, score2: 0.0
48	Gene No. 19, gene caller: phanotate, leftEnd: 7037, rightEnd: 7645, strand: +, length: 609, contig: contig_1834, protein: unknown, score1: 1.0, score2: 0.0
49	Gene No. 15, gene caller: prodigal, leftEnd: 7037, rightEnd: 7645, strand: +, length: 609, contig: contig_1834, protein: unknown, score1: 1.0, score2: 0.0
50	Gene No. 16, gene caller: glimmer, leftEnd: 7635, rightEnd: 7754, strand: +, length: 120, contig: contig_1834, protein: unknown, score1: 1.0, score2: 0.0
51	Gene No. 20, gene caller: phanotate, leftEnd: 7645, rightEnd: 7770, strand: +, length: 126, contig: contig_1834, protein: unknown, score1: 1.0, score2: 0.0
52	Gene No. 16, gene caller: prodigal, leftEnd: 7645, rightEnd: 7770, strand: +, length: 126, contig: contig_1834, protein: unknown, score1: 1.0, score2: 0.0
53	Gene No. 17, gene caller: glimmer, leftEnd: 7771, rightEnd: 8016, strand: +, length: 246, contig: contig_1834, protein: unknown, score1: 1.0, score2: 0.0
54	Gene No. 21, gene caller: phanotate, leftEnd: 7771, rightEnd: 8016, strand: +, length: 246, contig: contig_1834, protein: unknown, score1: 1.0, score2: 0.0
55	Gene No. 17, gene caller: prodigal, leftEnd: 7771, rightEnd: 8016, strand: +, length: 246, contig: contig_1834, protein: unknown, score1: 1.0, score2: 0.0
56	Gene No. 18, gene caller: glimmer, leftEnd: 8016, rightEnd: 8303, strand: +, length: 288, contig: contig_1834, protein: unknown, score1: 1.0, score2: 0.0
57	Gene No. 22, gene caller: phanotate, leftEnd: 8016, rightEnd: 8303, strand: +, length: 288, contig: contig_1834, protein: unknown, score1: 1.0, score2: 0.0
58	Gene No. 18, gene caller: prodigal, leftEnd: 8016, rightEnd: 8303, strand: +, length: 288, contig: contig_1834, protein: unknown, score1: 1.0, score2: 0.0
59	Gene No. 19, gene caller: glimmer, leftEnd: 8446, rightEnd: 9558, strand: +, length: 1113, contig: contig_1834, protein: unknown, score1: 1.0, score2: 0.0
60	Gene No. 23, gene caller: phanotate, leftEnd: 8446, rightEnd: 9558, strand: +, length: 1113, contig: contig_1834, protein: unknown, score1: 1.0, score2: 0.0
61	Gene No. 19, gene caller: prodigal, leftEnd: 8446, rightEnd: 9558, strand: +, length: 1113, contig: contig_1834, protein: unknown, score1: 1.0, score2: 0.0
62	Gene No. 24, gene caller: phanotate, leftEnd: 9574, rightEnd: 9666, strand: +, length: 93, contig: contig_1834, protein: unknown, score1: 1.0, score2: 0.0
63	Gene No. 25, gene caller: phanotate, leftEnd: 9669, rightEnd: 9770, strand: +, length: 102, contig: contig_1834, protein: unknown, score1: 1.0, score2: 0.0
64	Gene No. 26, gene caller: phanotate, leftEnd: 9767, rightEnd: 10126, strand: -, length: 360, contig: contig_1834, protein: unknown, score1: 1.0, score2: 0.0
65	Gene No. 20, gene caller: prodigal, leftEnd: 9767, rightEnd: 10126, strand: -, length: 360, contig: contig_1834, protein: unknown, score1: 1.0, score2: 0.0
66	Gene No. 20, gene caller: glimmer, leftEnd: 9767, rightEnd: 10135, strand: -, length: 369, contig: contig_1834, protein: unknown, score1: 1.0, score2: 0.0
67	Gene No. 21, gene caller: glimmer, leftEnd: 10263, rightEnd: 10550, strand: -, length: 288, contig: contig_1834, protein: unknown, score1: 1.0, score2: 0.0
68	Gene No. 27, gene caller: phanotate, leftEnd: 10263, rightEnd: 10550, strand: -, length: 288, contig: contig_1834, protein: unknown, score1: 1.0, score2: 0.0
69	Gene No. 21, gene caller: prodigal, leftEnd: 10263, rightEnd: 10550, strand: -, length: 288, contig: contig_1834, protein: unknown, score1: 1.0, score2: 0.0
70	Gene No. 22, gene caller: glimmer, leftEnd: 10556, rightEnd: 10849, strand: -, length: 294, contig: contig_1834, protein: unknown, score1: 1.0, score2: 0.0
71	Gene No. 28, gene caller: phanotate, leftEnd: 10556, rightEnd: 10849, strand: -, length: 294, contig: contig_1834, protein: unknown, score1: 1.0, score2: 0.0
72	Gene No. 22, gene caller: prodigal, leftEnd: 10556, rightEnd: 10849, strand: -, length: 294, contig: contig_1834, protein: unknown, score1: 1.0, score2: 0.0
73	Gene No. 23, gene caller: glimmer, leftEnd: 10913, rightEnd: 11092, strand: -, length: 180, contig: contig_1834, protein: unknown, score1: 1.0, score2: 0.0
74	Gene No. 29, gene caller: phanotate, leftEnd: 10913, rightEnd: 11092, strand: -, length: 180, contig: contig_1834, protein: unknown, score1: 1.0, score2: 0.0
75	Gene No. 23, gene caller: prodigal, leftEnd: 10913, rightEnd: 11092, strand: -, length: 180, contig: contig_1834, protein: unknown, score1: 1.0, score2: 0.0
76	Gene No. 24, gene caller: glimmer, leftEnd: 11106, rightEnd: 11522, strand: -, length: 417, contig: contig_1834, protein: unknown, score1: 1.0, score2: 0.0
77	Gene No. 30, gene caller: phanotate, leftEnd: 11106, rightEnd: 11522, strand: -, length: 417, contig: contig_1834, protein: unknown, score1: 1.0, score2: 0.0
78	Gene No. 24, gene caller: prodigal, leftEnd: 11106, rightEnd: 11522, strand: -, length: 417, contig: contig_1834, protein: unknown, score1: 1.0, score2: 0.0
79	Gene No. 31, gene caller: phanotate, leftEnd: 11627, rightEnd: 11755, strand: -, length: 129, contig: contig_1834, protein: unknown, score1: 1.0, score2: 0.0
80	Gene No. 25, gene caller: glimmer, leftEnd: 11733, rightEnd: 12395, strand: -, length: 663, contig: contig_1834, protein: unknown, score1: 1.0, score2: 0.0
81	Gene No. 32, gene caller: phanotate, leftEnd: 11733, rightEnd: 12395, strand: -, length: 663, contig: contig_1834, protein: unknown, score1: 1.0, score2: 0.0
82	Gene No. 25, gene caller: prodigal, leftEnd: 11733, rightEnd: 12395, strand: -, length: 663, contig: contig_1834, protein: unknown, score1: 1.0, score2: 0.0
83	Gene No. 26, gene caller: glimmer, leftEnd: 12478, rightEnd: 13275, strand: -, length: 798, contig: contig_1834, protein: unknown, score1: 1.0, score2: 0.0
84	Gene No. 33, gene caller: phanotate, leftEnd: 12478, rightEnd: 13275, strand: -, length: 798, contig: contig_1834, protein: unknown, score1: 1.0, score2: 0.0
85	Gene No. 26, gene caller: prodigal, leftEnd: 12478, rightEnd: 13275, strand: -, length: 798, contig: contig_1834, protein: unknown, score1: 1.0, score2: 0.0
86	Gene No. 27, gene caller: glimmer, leftEnd: 13262, rightEnd: 13582, strand: -, length: 321, contig: contig_1834, protein: unknown, score1: 1.0, score2: 0.0
87	Gene No. 34, gene caller: phanotate, leftEnd: 13262, rightEnd: 13582, strand: -, length: 321, contig: contig_1834, protein: unknown, score1: 1.0, score2: 0.0
88	Gene No. 27, gene caller: prodigal, leftEnd: 13262, rightEnd: 13582, strand: -, length: 321, contig: contig_1834, protein: unknown, score1: 1.0, score2: 0.0
89	Gene No. 28, gene caller: glimmer, leftEnd: 13613, rightEnd: 13843, strand: -, length: 231, contig: contig_1834, protein: unknown, score1: 1.0, score2: 0.0
90	Gene No. 35, gene caller: phanotate, leftEnd: 13613, rightEnd: 13843, strand: -, length: 231, contig: contig_1834, protein: unknown, score1: 1.0, score2: 0.0
91	Gene No. 28, gene caller: prodigal, leftEnd: 13613, rightEnd: 13843, strand: -, length: 231, contig: contig_1834, protein: unknown, score1: 1.0, score2: 0.0
92	Gene No. 29, gene caller: glimmer, leftEnd: 13856, rightEnd: 14239, strand: -, length: 384, contig: contig_1834, protein: unknown, score1: 1.0, score2: 0.0
93	Gene No. 36, gene caller: phanotate, leftEnd: 13856, rightEnd: 14245, strand: -, length: 390, contig: contig_1834, protein: unknown, score1: 1.0, score2: 0.0
94	Gene No. 29, gene caller: prodigal, leftEnd: 13856, rightEnd: 14245, strand: -, length: 390, contig: contig_1834, protein: unknown, score1: 1.0, score2: 0.0
95	Gene No. 30, gene caller: glimmer, leftEnd: 14217, rightEnd: 14366, strand: -, length: 150, contig: contig_1834, protein: unknown, score1: 1.0, score2: 0.0
96	Gene No. 37, gene caller: phanotate, leftEnd: 14217, rightEnd: 14375, strand: -, length: 159, contig: contig_1834, protein: unknown, score1: 1.0, score2: 0.0
97	Gene No. 30, gene caller: prodigal, leftEnd: 14217, rightEnd: 14375, strand: -, length: 159, contig: contig_1834, protein: unknown, score1: 1.0, score2: 0.0
98	Gene No. 31, gene caller: glimmer, leftEnd: 14375, rightEnd: 14767, strand: -, length: 393, contig: contig_1834, protein: unknown, score1: 1.0, score2: 0.0
99	Gene No. 38, gene caller: phanotate, leftEnd: 14375, rightEnd: 14767, strand: -, length: 393, contig: contig_1834, protein: unknown, score1: 1.0, score2: 0.0
100	Gene No. 31, gene caller: prodigal, leftEnd: 14375, rightEnd: 14767, strand: -, length: 393, contig: contig_1834, protein: unknown, score1: 1.0, score2: 0.0
101	Gene No. 32, gene caller: glimmer, leftEnd: 14803, rightEnd: 15057, strand: -, length: 255, contig: contig_1834, protein: unknown, score1: 1.0, score2: 0.0
102	Gene No. 39, gene caller: phanotate, leftEnd: 14803, rightEnd: 15057, strand: -, length: 255, contig: contig_1834, protein: unknown, score1: 1.0, score2: 0.0
103	Gene No. 32, gene caller: prodigal, leftEnd: 14803, rightEnd: 15057, strand: -, length: 255, contig: contig_1834, protein: unknown, score1: 1.0, score2: 0.0
104	Gene No. 40, gene caller: phanotate, leftEnd: 15051, rightEnd: 15209, strand: -, length: 159, contig: contig_1834, protein: unknown, score1: 1.0, score2: 0.0
105	Gene No. 33, gene caller: prodigal, leftEnd: 15051, rightEnd: 15209, strand: -, length: 159, contig: contig_1834, protein: unknown, score1: 1.0, score2: 0.0
Comparing across geneCall sets....
Scoring gene calls....
Identifying common core...
This is the Common Core List:

***************Common Core
CC-gene 1	Gene No. 1, gene caller: All_callers, leftEnd: 51, rightEnd: 419, strand: -, length: 369, contig: contig_1834, protein: unknown, score1: 1.0, score2: 0.0
CC-gene 2	Gene No. 1, gene caller: All_callers, leftEnd: 728, rightEnd: 1090, strand: -, length: 363, contig: contig_1834, protein: unknown, score1: 1.0, score2: 0.0
CC-gene 3	Gene No. 1, gene caller: All_callers, leftEnd: 1713, rightEnd: 1928, strand: +, length: 216, contig: contig_1834, protein: unknown, score1: 1.0, score2: 0.0
CC-gene 4	Gene No. 1, gene caller: All_callers, leftEnd: 1935, rightEnd: 2120, strand: +, length: 186, contig: contig_1834, protein: unknown, score1: 1.0, score2: 0.0
CC-gene 5	Gene No. 1, gene caller: All_callers, leftEnd: 2071, rightEnd: 2289, strand: -, length: 219, contig: contig_1834, protein: unknown, score1: 1.0, score2: 0.0
CC-gene 6	Gene No. 1, gene caller: All_callers, leftEnd: 2426, rightEnd: 2767, strand: +, length: 342, contig: contig_1834, protein: unknown, score1: 1.0, score2: 0.0
CC-gene 7	Gene No. 1, gene caller: All_callers, leftEnd: 2783, rightEnd: 3346, strand: +, length: 564, contig: contig_1834, protein: unknown, score1: 1.0, score2: 0.0
CC-gene 8	Gene No. 1, gene caller: All_callers, leftEnd: 3992, rightEnd: 4174, strand: +, length: 183, contig: contig_1834, protein: unknown, score1: 1.0, score2: 0.0
CC-gene 9	Gene No. 1, gene caller: All_callers, leftEnd: 4249, rightEnd: 4473, strand: +, length: 225, contig: contig_1834, protein: unknown, score1: 1.0, score2: 0.0
CC-gene 10	Gene No. 1, gene caller: All_callers, leftEnd: 4483, rightEnd: 4755, strand: +, length: 273, contig: contig_1834, protein: unknown, score1: 1.0, score2: 0.0
CC-gene 11	Gene No. 1, gene caller: All_callers, leftEnd: 4739, rightEnd: 5461, strand: +, length: 723, contig: contig_1834, protein: unknown, score1: 1.0, score2: 0.0
CC-gene 12	Gene No. 1, gene caller: All_callers, leftEnd: 5458, rightEnd: 5652, strand: +, length: 195, contig: contig_1834, protein: unknown, score1: 1.0, score2: 0.0
CC-gene 13	Gene No. 1, gene caller: All_callers, leftEnd: 5655, rightEnd: 7040, strand: +, length: 1386, contig: contig_1834, protein: unknown, score1: 1.0, score2: 0.0
CC-gene 14	Gene No. 1, gene caller: All_callers, leftEnd: 7037, rightEnd: 7645, strand: +, length: 609, contig: contig_1834, protein: unknown, score1: 1.0, score2: 0.0
CC-gene 15	Gene No. 1, gene caller: All_callers, leftEnd: 7771, rightEnd: 8016, strand: +, length: 246, contig: contig_1834, protein: unknown, score1: 1.0, score2: 0.0
CC-gene 16	Gene No. 1, gene caller: All_callers, leftEnd: 8016, rightEnd: 8303, strand: +, length: 288, contig: contig_1834, protein: unknown, score1: 1.0, score2: 0.0
CC-gene 17	Gene No. 1, gene caller: All_callers, leftEnd: 8446, rightEnd: 9558, strand: +, length: 1113, contig: contig_1834, protein: unknown, score1: 1.0, score2: 0.0
CC-gene 18	Gene No. 1, gene caller: All_callers, leftEnd: 10263, rightEnd: 10550, strand: -, length: 288, contig: contig_1834, protein: unknown, score1: 1.0, score2: 0.0
CC-gene 19	Gene No. 1, gene caller: All_callers, leftEnd: 10556, rightEnd: 10849, strand: -, length: 294, contig: contig_1834, protein: unknown, score1: 1.0, score2: 0.0
CC-gene 20	Gene No. 1, gene caller: All_callers, leftEnd: 10913, rightEnd: 11092, strand: -, length: 180, contig: contig_1834, protein: unknown, score1: 1.0, score2: 0.0
CC-gene 21	Gene No. 1, gene caller: All_callers, leftEnd: 11106, rightEnd: 11522, strand: -, length: 417, contig: contig_1834, protein: unknown, score1: 1.0, score2: 0.0
CC-gene 22	Gene No. 1, gene caller: All_callers, leftEnd: 11733, rightEnd: 12395, strand: -, length: 663, contig: contig_1834, protein: unknown, score1: 1.0, score2: 0.0
CC-gene 23	Gene No. 1, gene caller: All_callers, leftEnd: 12478, rightEnd: 13275, strand: -, length: 798, contig: contig_1834, protein: unknown, score1: 1.0, score2: 0.0
CC-gene 24	Gene No. 1, gene caller: All_callers, leftEnd: 13262, rightEnd: 13582, strand: -, length: 321, contig: contig_1834, protein: unknown, score1: 1.0, score2: 0.0
CC-gene 25	Gene No. 1, gene caller: All_callers, leftEnd: 13613, rightEnd: 13843, strand: -, length: 231, contig: contig_1834, protein: unknown, score1: 1.0, score2: 0.0
CC-gene 26	Gene No. 1, gene caller: All_callers, leftEnd: 14375, rightEnd: 14767, strand: -, length: 393, contig: contig_1834, protein: unknown, score1: 1.0, score2: 0.0
CC-gene 27	Gene No. 1, gene caller: All_callers, leftEnd: 14803, rightEnd: 15057, strand: -, length: 255, contig: contig_1834, protein: unknown, score1: 1.0, score2: 0.0
Printing gene-call superset, consensus, and common_core in GFF and CGC formats
Printing report....
The following gene callers were considered: glimmer, phanotate, prodigal, The number of distinct gene calls over all gene callers is 46
The number of gene calls in common among all callers is 27
The number of unique (non-matching) gene calls is14
Caller glimmer produced 32 gene calls.
Caller glimmer gene-call length stats:  min: 120, max: 1386, ave: 392.34375
Caller phanotate produced 40 gene calls.
Caller phanotate gene-call length stats:  min: 93, max: 1386, ave: 339.0
Caller prodigal produced 33 gene calls.
Caller prodigal gene-call length stats:  min: 126, max: 1386, ave: 386.1818181818182

Gene-call Scores:
Caller	Contig	Gene No.	Left End	Right End	Strand	gcScore
glimmer	contig_1834	1	51	419	-	1.00
phanotate	contig_1834	1	51	419	-	1.00
prodigal	contig_1834	1	51	419	-	1.00
glimmer	contig_1834	2	728	1090	-	1.00
phanotate	contig_1834	2	728	1090	-	1.00
prodigal	contig_1834	2	728	1090	-	1.00
phanotate	contig_1834	3	1313	1432	-	0.33
phanotate	contig_1834	4	1679	1771	-	0.33
glimmer	contig_1834	3	1713	1928	+	1.00
phanotate	contig_1834	5	1713	1928	+	1.00
prodigal	contig_1834	3	1713	1928	+	1.00
glimmer	contig_1834	4	1935	2120	+	1.00
phanotate	contig_1834	6	1935	2120	+	1.00
prodigal	contig_1834	4	1935	2120	+	1.00
glimmer	contig_1834	5	2071	2289	-	1.00
phanotate	contig_1834	7	2071	2289	-	1.00
prodigal	contig_1834	5	2071	2289	-	1.00
glimmer	contig_1834	6	2426	2767	+	1.00
phanotate	contig_1834	8	2426	2767	+	1.00
prodigal	contig_1834	6	2426	2767	+	1.00
glimmer	contig_1834	7	2783	3346	+	1.00
phanotate	contig_1834	9	2783	3346	+	1.00
prodigal	contig_1834	7	2783	3346	+	1.00
phanotate	contig_1834	10	3365	3478	-	0.33
glimmer	contig_1834	8	3417	3608	-	0.33
phanotate	contig_1834	11	3532	3636	-	0.33
phanotate	contig_1834	12	3675	3944	-	0.33
prodigal	contig_1834	8	3727	3936	+	0.33
glimmer	contig_1834	9	3992	4174	+	1.00
phanotate	contig_1834	13	3992	4174	+	1.00
prodigal	contig_1834	9	3992	4174	+	1.00
glimmer	contig_1834	10	4249	4473	+	1.00
phanotate	contig_1834	14	4249	4473	+	1.00
prodigal	contig_1834	10	4249	4473	+	1.00
glimmer	contig_1834	11	4483	4755	+	1.00
phanotate	contig_1834	15	4483	4755	+	1.00
prodigal	contig_1834	11	4483	4755	+	1.00
glimmer	contig_1834	12	4739	5461	+	1.00
phanotate	contig_1834	16	4739	5461	+	1.00
prodigal	contig_1834	12	4739	5461	+	1.00
glimmer	contig_1834	13	5458	5652	+	1.00
phanotate	contig_1834	17	5458	5652	+	1.00
prodigal	contig_1834	13	5458	5652	+	1.00
glimmer	contig_1834	14	5655	7040	+	1.00
phanotate	contig_1834	18	5655	7040	+	1.00
prodigal	contig_1834	14	5655	7040	+	1.00
glimmer	contig_1834	15	7037	7645	+	1.00
phanotate	contig_1834	19	7037	7645	+	1.00
prodigal	contig_1834	15	7037	7645	+	1.00
glimmer	contig_1834	16	7635	7754	+	0.33
phanotate	contig_1834	20	7645	7770	+	0.83
prodigal	contig_1834	16	7645	7770	+	0.83
glimmer	contig_1834	17	7771	8016	+	1.00
phanotate	contig_1834	21	7771	8016	+	1.00
prodigal	contig_1834	17	7771	8016	+	1.00
glimmer	contig_1834	18	8016	8303	+	1.00
phanotate	contig_1834	22	8016	8303	+	1.00
prodigal	contig_1834	18	8016	8303	+	1.00
glimmer	contig_1834	19	8446	9558	+	1.00
phanotate	contig_1834	23	8446	9558	+	1.00
prodigal	contig_1834	19	8446	9558	+	1.00
phanotate	contig_1834	24	9574	9666	+	0.33
phanotate	contig_1834	25	9669	9770	+	0.33
phanotate	contig_1834	26	9767	10126	-	0.83
prodigal	contig_1834	20	9767	10126	-	0.83
glimmer	contig_1834	20	9767	10135	-	0.50
glimmer	contig_1834	21	10263	10550	-	1.00
phanotate	contig_1834	27	10263	10550	-	1.00
prodigal	contig_1834	21	10263	10550	-	1.00
glimmer	contig_1834	22	10556	10849	-	1.00
phanotate	contig_1834	28	10556	10849	-	1.00
prodigal	contig_1834	22	10556	10849	-	1.00
glimmer	contig_1834	23	10913	11092	-	1.00
phanotate	contig_1834	29	10913	11092	-	1.00
prodigal	contig_1834	23	10913	11092	-	1.00
glimmer	contig_1834	24	11106	11522	-	1.00
phanotate	contig_1834	30	11106	11522	-	1.00
prodigal	contig_1834	24	11106	11522	-	1.00
phanotate	contig_1834	31	11627	11755	-	0.33
glimmer	contig_1834	25	11733	12395	-	1.00
phanotate	contig_1834	32	11733	12395	-	1.00
prodigal	contig_1834	25	11733	12395	-	1.00
glimmer	contig_1834	26	12478	13275	-	1.00
phanotate	contig_1834	33	12478	13275	-	1.00
prodigal	contig_1834	26	12478	13275	-	1.00
glimmer	contig_1834	27	13262	13582	-	1.00
phanotate	contig_1834	34	13262	13582	-	1.00
prodigal	contig_1834	27	13262	13582	-	1.00
glimmer	contig_1834	28	13613	13843	-	1.00
phanotate	contig_1834	35	13613	13843	-	1.00
prodigal	contig_1834	28	13613	13843	-	1.00
glimmer	contig_1834	29	13856	14239	-	0.50
phanotate	contig_1834	36	13856	14245	-	0.83
prodigal	contig_1834	29	13856	14245	-	0.83
glimmer	contig_1834	30	14217	14366	-	0.50
phanotate	contig_1834	37	14217	14375	-	0.83
prodigal	contig_1834	30	14217	14375	-	0.83
glimmer	contig_1834	31	14375	14767	-	1.00
phanotate	contig_1834	38	14375	14767	-	1.00
prodigal	contig_1834	31	14375	14767	-	1.00
glimmer	contig_1834	32	14803	15057	-	1.00
phanotate	contig_1834	39	14803	15057	-	1.00
prodigal	contig_1834	32	14803	15057	-	1.00
phanotate	contig_1834	40	15051	15209	-	0.83
prodigal	contig_1834	33	15051	15209	-	0.83

Gene-call Consensus Scores:
Caller glimmer average gene-call score: 0.91
Caller phanotate average gene-call score: 0.85
Caller prodigal average gene-call score: 0.95

***************Unique List
Unique gene call 1
  --  Gene No. 1, gene caller: glimmer, leftEnd: 51, rightEnd: 419, strand: -, length: 369, contig: contig_1834, protein: unknown, score1: 1.0, score2: 0.0
  --  Gene No. 1, gene caller: phanotate, leftEnd: 51, rightEnd: 419, strand: -, length: 369, contig: contig_1834, protein: unknown, score1: 1.0, score2: 0.0
  --  Gene No. 1, gene caller: prodigal, leftEnd: 51, rightEnd: 419, strand: -, length: 369, contig: contig_1834, protein: unknown, score1: 1.0, score2: 0.0
Unique gene call 2
  --  Gene No. 2, gene caller: glimmer, leftEnd: 728, rightEnd: 1090, strand: -, length: 363, contig: contig_1834, protein: unknown, score1: 1.0, score2: 0.0
  --  Gene No. 2, gene caller: phanotate, leftEnd: 728, rightEnd: 1090, strand: -, length: 363, contig: contig_1834, protein: unknown, score1: 1.0, score2: 0.0
  --  Gene No. 2, gene caller: prodigal, leftEnd: 728, rightEnd: 1090, strand: -, length: 363, contig: contig_1834, protein: unknown, score1: 1.0, score2: 0.0
Unique gene call 3
  --  Gene No. 3, gene caller: phanotate, leftEnd: 1313, rightEnd: 1432, strand: -, length: 120, contig: contig_1834, protein: unknown, score1: 0.3333333333333333, score2: 0.0
Unique gene call 4
  --  Gene No. 4, gene caller: phanotate, leftEnd: 1679, rightEnd: 1771, strand: -, length: 93, contig: contig_1834, protein: unknown, score1: 0.3333333333333333, score2: 0.0
Unique gene call 5
  --  Gene No. 3, gene caller: glimmer, leftEnd: 1713, rightEnd: 1928, strand: +, length: 216, contig: contig_1834, protein: unknown, score1: 1.0, score2: 0.0
  --  Gene No. 5, gene caller: phanotate, leftEnd: 1713, rightEnd: 1928, strand: +, length: 216, contig: contig_1834, protein: unknown, score1: 1.0, score2: 0.0
  --  Gene No. 3, gene caller: prodigal, leftEnd: 1713, rightEnd: 1928, strand: +, length: 216, contig: contig_1834, protein: unknown, score1: 1.0, score2: 0.0
Unique gene call 6
  --  Gene No. 4, gene caller: glimmer, leftEnd: 1935, rightEnd: 2120, strand: +, length: 186, contig: contig_1834, protein: unknown, score1: 1.0, score2: 0.0
  --  Gene No. 6, gene caller: phanotate, leftEnd: 1935, rightEnd: 2120, strand: +, length: 186, contig: contig_1834, protein: unknown, score1: 1.0, score2: 0.0
  --  Gene No. 4, gene caller: prodigal, leftEnd: 1935, rightEnd: 2120, strand: +, length: 186, contig: contig_1834, protein: unknown, score1: 1.0, score2: 0.0
Unique gene call 7
  --  Gene No. 5, gene caller: glimmer, leftEnd: 2071, rightEnd: 2289, strand: -, length: 219, contig: contig_1834, protein: unknown, score1: 1.0, score2: 0.0
  --  Gene No. 7, gene caller: phanotate, leftEnd: 2071, rightEnd: 2289, strand: -, length: 219, contig: contig_1834, protein: unknown, score1: 1.0, score2: 0.0
  --  Gene No. 5, gene caller: prodigal, leftEnd: 2071, rightEnd: 2289, strand: -, length: 219, contig: contig_1834, protein: unknown, score1: 1.0, score2: 0.0
Unique gene call 8
  --  Gene No. 6, gene caller: glimmer, leftEnd: 2426, rightEnd: 2767, strand: +, length: 342, contig: contig_1834, protein: unknown, score1: 1.0, score2: 0.0
  --  Gene No. 8, gene caller: phanotate, leftEnd: 2426, rightEnd: 2767, strand: +, length: 342, contig: contig_1834, protein: unknown, score1: 1.0, score2: 0.0
  --  Gene No. 6, gene caller: prodigal, leftEnd: 2426, rightEnd: 2767, strand: +, length: 342, contig: contig_1834, protein: unknown, score1: 1.0, score2: 0.0
Unique gene call 9
  --  Gene No. 7, gene caller: glimmer, leftEnd: 2783, rightEnd: 3346, strand: +, length: 564, contig: contig_1834, protein: unknown, score1: 1.0, score2: 0.0
  --  Gene No. 9, gene caller: phanotate, leftEnd: 2783, rightEnd: 3346, strand: +, length: 564, contig: contig_1834, protein: unknown, score1: 1.0, score2: 0.0
  --  Gene No. 7, gene caller: prodigal, leftEnd: 2783, rightEnd: 3346, strand: +, length: 564, contig: contig_1834, protein: unknown, score1: 1.0, score2: 0.0
Unique gene call 10
  --  Gene No. 10, gene caller: phanotate, leftEnd: 3365, rightEnd: 3478, strand: -, length: 114, contig: contig_1834, protein: unknown, score1: 0.3333333333333333, score2: 0.0
Unique gene call 11
  --  Gene No. 8, gene caller: glimmer, leftEnd: 3417, rightEnd: 3608, strand: -, length: 192, contig: contig_1834, protein: unknown, score1: 0.3333333333333333, score2: 0.0
Unique gene call 12
  --  Gene No. 11, gene caller: phanotate, leftEnd: 3532, rightEnd: 3636, strand: -, length: 105, contig: contig_1834, protein: unknown, score1: 0.3333333333333333, score2: 0.0
Unique gene call 13
  --  Gene No. 12, gene caller: phanotate, leftEnd: 3675, rightEnd: 3944, strand: -, length: 270, contig: contig_1834, protein: unknown, score1: 0.3333333333333333, score2: 0.0
Unique gene call 14
  --  Gene No. 8, gene caller: prodigal, leftEnd: 3727, rightEnd: 3936, strand: +, length: 210, contig: contig_1834, protein: unknown, score1: 0.3333333333333333, score2: 0.0
Unique gene call 15
  --  Gene No. 9, gene caller: glimmer, leftEnd: 3992, rightEnd: 4174, strand: +, length: 183, contig: contig_1834, protein: unknown, score1: 1.0, score2: 0.0
  --  Gene No. 13, gene caller: phanotate, leftEnd: 3992, rightEnd: 4174, strand: +, length: 183, contig: contig_1834, protein: unknown, score1: 1.0, score2: 0.0
  --  Gene No. 9, gene caller: prodigal, leftEnd: 3992, rightEnd: 4174, strand: +, length: 183, contig: contig_1834, protein: unknown, score1: 1.0, score2: 0.0
Unique gene call 16
  --  Gene No. 10, gene caller: glimmer, leftEnd: 4249, rightEnd: 4473, strand: +, length: 225, contig: contig_1834, protein: unknown, score1: 1.0, score2: 0.0
  --  Gene No. 14, gene caller: phanotate, leftEnd: 4249, rightEnd: 4473, strand: +, length: 225, contig: contig_1834, protein: unknown, score1: 1.0, score2: 0.0
  --  Gene No. 10, gene caller: prodigal, leftEnd: 4249, rightEnd: 4473, strand: +, length: 225, contig: contig_1834, protein: unknown, score1: 1.0, score2: 0.0
Unique gene call 17
  --  Gene No. 11, gene caller: glimmer, leftEnd: 4483, rightEnd: 4755, strand: +, length: 273, contig: contig_1834, protein: unknown, score1: 1.0, score2: 0.0
  --  Gene No. 15, gene caller: phanotate, leftEnd: 4483, rightEnd: 4755, strand: +, length: 273, contig: contig_1834, protein: unknown, score1: 1.0, score2: 0.0
  --  Gene No. 11, gene caller: prodigal, leftEnd: 4483, rightEnd: 4755, strand: +, length: 273, contig: contig_1834, protein: unknown, score1: 1.0, score2: 0.0
Unique gene call 18
  --  Gene No. 12, gene caller: glimmer, leftEnd: 4739, rightEnd: 5461, strand: +, length: 723, contig: contig_1834, protein: unknown, score1: 1.0, score2: 0.0
  --  Gene No. 16, gene caller: phanotate, leftEnd: 4739, rightEnd: 5461, strand: +, length: 723, contig: contig_1834, protein: unknown, score1: 1.0, score2: 0.0
  --  Gene No. 12, gene caller: prodigal, leftEnd: 4739, rightEnd: 5461, strand: +, length: 723, contig: contig_1834, protein: unknown, score1: 1.0, score2: 0.0
Unique gene call 19
  --  Gene No. 13, gene caller: glimmer, leftEnd: 5458, rightEnd: 5652, strand: +, length: 195, contig: contig_1834, protein: unknown, score1: 1.0, score2: 0.0
  --  Gene No. 17, gene caller: phanotate, leftEnd: 5458, rightEnd: 5652, strand: +, length: 195, contig: contig_1834, protein: unknown, score1: 1.0, score2: 0.0
  --  Gene No. 13, gene caller: prodigal, leftEnd: 5458, rightEnd: 5652, strand: +, length: 195, contig: contig_1834, protein: unknown, score1: 1.0, score2: 0.0
Unique gene call 20
  --  Gene No. 14, gene caller: glimmer, leftEnd: 5655, rightEnd: 7040, strand: +, length: 1386, contig: contig_1834, protein: unknown, score1: 1.0, score2: 0.0
  --  Gene No. 18, gene caller: phanotate, leftEnd: 5655, rightEnd: 7040, strand: +, length: 1386, contig: contig_1834, protein: unknown, score1: 1.0, score2: 0.0
  --  Gene No. 14, gene caller: prodigal, leftEnd: 5655, rightEnd: 7040, strand: +, length: 1386, contig: contig_1834, protein: unknown, score1: 1.0, score2: 0.0
Unique gene call 21
  --  Gene No. 15, gene caller: glimmer, leftEnd: 7037, rightEnd: 7645, strand: +, length: 609, contig: contig_1834, protein: unknown, score1: 1.0, score2: 0.0
  --  Gene No. 19, gene caller: phanotate, leftEnd: 7037, rightEnd: 7645, strand: +, length: 609, contig: contig_1834, protein: unknown, score1: 1.0, score2: 0.0
  --  Gene No. 15, gene caller: prodigal, leftEnd: 7037, rightEnd: 7645, strand: +, length: 609, contig: contig_1834, protein: unknown, score1: 1.0, score2: 0.0
Unique gene call 22
  --  Gene No. 16, gene caller: glimmer, leftEnd: 7635, rightEnd: 7754, strand: +, length: 120, contig: contig_1834, protein: unknown, score1: 0.3333333333333333, score2: 0.0
Unique gene call 23
  --  Gene No. 20, gene caller: phanotate, leftEnd: 7645, rightEnd: 7770, strand: +, length: 126, contig: contig_1834, protein: unknown, score1: 0.8333333333333333, score2: 0.0
  --  Gene No. 16, gene caller: prodigal, leftEnd: 7645, rightEnd: 7770, strand: +, length: 126, contig: contig_1834, protein: unknown, score1: 0.8333333333333333, score2: 0.0
Unique gene call 24
  --  Gene No. 17, gene caller: glimmer, leftEnd: 7771, rightEnd: 8016, strand: +, length: 246, contig: contig_1834, protein: unknown, score1: 1.0, score2: 0.0
  --  Gene No. 21, gene caller: phanotate, leftEnd: 7771, rightEnd: 8016, strand: +, length: 246, contig: contig_1834, protein: unknown, score1: 1.0, score2: 0.0
  --  Gene No. 17, gene caller: prodigal, leftEnd: 7771, rightEnd: 8016, strand: +, length: 246, contig: contig_1834, protein: unknown, score1: 1.0, score2: 0.0
Unique gene call 25
  --  Gene No. 18, gene caller: glimmer, leftEnd: 8016, rightEnd: 8303, strand: +, length: 288, contig: contig_1834, protein: unknown, score1: 1.0, score2: 0.0
  --  Gene No. 22, gene caller: phanotate, leftEnd: 8016, rightEnd: 8303, strand: +, length: 288, contig: contig_1834, protein: unknown, score1: 1.0, score2: 0.0
  --  Gene No. 18, gene caller: prodigal, leftEnd: 8016, rightEnd: 8303, strand: +, length: 288, contig: contig_1834, protein: unknown, score1: 1.0, score2: 0.0
Unique gene call 26
  --  Gene No. 19, gene caller: glimmer, leftEnd: 8446, rightEnd: 9558, strand: +, length: 1113, contig: contig_1834, protein: unknown, score1: 1.0, score2: 0.0
  --  Gene No. 23, gene caller: phanotate, leftEnd: 8446, rightEnd: 9558, strand: +, length: 1113, contig: contig_1834, protein: unknown, score1: 1.0, score2: 0.0
  --  Gene No. 19, gene caller: prodigal, leftEnd: 8446, rightEnd: 9558, strand: +, length: 1113, contig: contig_1834, protein: unknown, score1: 1.0, score2: 0.0
Unique gene call 27
  --  Gene No. 24, gene caller: phanotate, leftEnd: 9574, rightEnd: 9666, strand: +, length: 93, contig: contig_1834, protein: unknown, score1: 0.3333333333333333, score2: 0.0
Unique gene call 28
  --  Gene No. 25, gene caller: phanotate, leftEnd: 9669, rightEnd: 9770, strand: +, length: 102, contig: contig_1834, protein: unknown, score1: 0.3333333333333333, score2: 0.0
Unique gene call 29
  --  Gene No. 26, gene caller: phanotate, leftEnd: 9767, rightEnd: 10126, strand: -, length: 360, contig: contig_1834, protein: unknown, score1: 0.8333333333333333, score2: 0.0
  --  Gene No. 20, gene caller: prodigal, leftEnd: 9767, rightEnd: 10126, strand: -, length: 360, contig: contig_1834, protein: unknown, score1: 0.8333333333333333, score2: 0.0
Unique gene call 30
  --  Gene No. 20, gene caller: glimmer, leftEnd: 9767, rightEnd: 10135, strand: -, length: 369, contig: contig_1834, protein: unknown, score1: 0.5, score2: 0.0
Unique gene call 31
  --  Gene No. 21, gene caller: glimmer, leftEnd: 10263, rightEnd: 10550, strand: -, length: 288, contig: contig_1834, protein: unknown, score1: 1.0, score2: 0.0
  --  Gene No. 27, gene caller: phanotate, leftEnd: 10263, rightEnd: 10550, strand: -, length: 288, contig: contig_1834, protein: unknown, score1: 1.0, score2: 0.0
  --  Gene No. 21, gene caller: prodigal, leftEnd: 10263, rightEnd: 10550, strand: -, length: 288, contig: contig_1834, protein: unknown, score1: 1.0, score2: 0.0
Unique gene call 32
  --  Gene No. 22, gene caller: glimmer, leftEnd: 10556, rightEnd: 10849, strand: -, length: 294, contig: contig_1834, protein: unknown, score1: 1.0, score2: 0.0
  --  Gene No. 28, gene caller: phanotate, leftEnd: 10556, rightEnd: 10849, strand: -, length: 294, contig: contig_1834, protein: unknown, score1: 1.0, score2: 0.0
  --  Gene No. 22, gene caller: prodigal, leftEnd: 10556, rightEnd: 10849, strand: -, length: 294, contig: contig_1834, protein: unknown, score1: 1.0, score2: 0.0
Unique gene call 33
  --  Gene No. 23, gene caller: glimmer, leftEnd: 10913, rightEnd: 11092, strand: -, length: 180, contig: contig_1834, protein: unknown, score1: 1.0, score2: 0.0
  --  Gene No. 29, gene caller: phanotate, leftEnd: 10913, rightEnd: 11092, strand: -, length: 180, contig: contig_1834, protein: unknown, score1: 1.0, score2: 0.0
  --  Gene No. 23, gene caller: prodigal, leftEnd: 10913, rightEnd: 11092, strand: -, length: 180, contig: contig_1834, protein: unknown, score1: 1.0, score2: 0.0
Unique gene call 34
  --  Gene No. 24, gene caller: glimmer, leftEnd: 11106, rightEnd: 11522, strand: -, length: 417, contig: contig_1834, protein: unknown, score1: 1.0, score2: 0.0
  --  Gene No. 30, gene caller: phanotate, leftEnd: 11106, rightEnd: 11522, strand: -, length: 417, contig: contig_1834, protein: unknown, score1: 1.0, score2: 0.0
  --  Gene No. 24, gene caller: prodigal, leftEnd: 11106, rightEnd: 11522, strand: -, length: 417, contig: contig_1834, protein: unknown, score1: 1.0, score2: 0.0
Unique gene call 35
  --  Gene No. 31, gene caller: phanotate, leftEnd: 11627, rightEnd: 11755, strand: -, length: 129, contig: contig_1834, protein: unknown, score1: 0.3333333333333333, score2: 0.0
Unique gene call 36
  --  Gene No. 25, gene caller: glimmer, leftEnd: 11733, rightEnd: 12395, strand: -, length: 663, contig: contig_1834, protein: unknown, score1: 1.0, score2: 0.0
  --  Gene No. 32, gene caller: phanotate, leftEnd: 11733, rightEnd: 12395, strand: -, length: 663, contig: contig_1834, protein: unknown, score1: 1.0, score2: 0.0
  --  Gene No. 25, gene caller: prodigal, leftEnd: 11733, rightEnd: 12395, strand: -, length: 663, contig: contig_1834, protein: unknown, score1: 1.0, score2: 0.0
Unique gene call 37
  --  Gene No. 26, gene caller: glimmer, leftEnd: 12478, rightEnd: 13275, strand: -, length: 798, contig: contig_1834, protein: unknown, score1: 1.0, score2: 0.0
  --  Gene No. 33, gene caller: phanotate, leftEnd: 12478, rightEnd: 13275, strand: -, length: 798, contig: contig_1834, protein: unknown, score1: 1.0, score2: 0.0
  --  Gene No. 26, gene caller: prodigal, leftEnd: 12478, rightEnd: 13275, strand: -, length: 798, contig: contig_1834, protein: unknown, score1: 1.0, score2: 0.0
Unique gene call 38
  --  Gene No. 27, gene caller: glimmer, leftEnd: 13262, rightEnd: 13582, strand: -, length: 321, contig: contig_1834, protein: unknown, score1: 1.0, score2: 0.0
  --  Gene No. 34, gene caller: phanotate, leftEnd: 13262, rightEnd: 13582, strand: -, length: 321, contig: contig_1834, protein: unknown, score1: 1.0, score2: 0.0
  --  Gene No. 27, gene caller: prodigal, leftEnd: 13262, rightEnd: 13582, strand: -, length: 321, contig: contig_1834, protein: unknown, score1: 1.0, score2: 0.0
Unique gene call 39
  --  Gene No. 28, gene caller: glimmer, leftEnd: 13613, rightEnd: 13843, strand: -, length: 231, contig: contig_1834, protein: unknown, score1: 1.0, score2: 0.0
  --  Gene No. 35, gene caller: phanotate, leftEnd: 13613, rightEnd: 13843, strand: -, length: 231, contig: contig_1834, protein: unknown, score1: 1.0, score2: 0.0
  --  Gene No. 28, gene caller: prodigal, leftEnd: 13613, rightEnd: 13843, strand: -, length: 231, contig: contig_1834, protein: unknown, score1: 1.0, score2: 0.0
Unique gene call 40
  --  Gene No. 29, gene caller: glimmer, leftEnd: 13856, rightEnd: 14239, strand: -, length: 384, contig: contig_1834, protein: unknown, score1: 0.5, score2: 0.0
Unique gene call 41
  --  Gene No. 36, gene caller: phanotate, leftEnd: 13856, rightEnd: 14245, strand: -, length: 390, contig: contig_1834, protein: unknown, score1: 0.8333333333333333, score2: 0.0
  --  Gene No. 29, gene caller: prodigal, leftEnd: 13856, rightEnd: 14245, strand: -, length: 390, contig: contig_1834, protein: unknown, score1: 0.8333333333333333, score2: 0.0
Unique gene call 42
  --  Gene No. 30, gene caller: glimmer, leftEnd: 14217, rightEnd: 14366, strand: -, length: 150, contig: contig_1834, protein: unknown, score1: 0.5, score2: 0.0
Unique gene call 43
  --  Gene No. 37, gene caller: phanotate, leftEnd: 14217, rightEnd: 14375, strand: -, length: 159, contig: contig_1834, protein: unknown, score1: 0.8333333333333333, score2: 0.0
  --  Gene No. 30, gene caller: prodigal, leftEnd: 14217, rightEnd: 14375, strand: -, length: 159, contig: contig_1834, protein: unknown, score1: 0.8333333333333333, score2: 0.0
Unique gene call 44
  --  Gene No. 31, gene caller: glimmer, leftEnd: 14375, rightEnd: 14767, strand: -, length: 393, contig: contig_1834, protein: unknown, score1: 1.0, score2: 0.0
  --  Gene No. 38, gene caller: phanotate, leftEnd: 14375, rightEnd: 14767, strand: -, length: 393, contig: contig_1834, protein: unknown, score1: 1.0, score2: 0.0
  --  Gene No. 31, gene caller: prodigal, leftEnd: 14375, rightEnd: 14767, strand: -, length: 393, contig: contig_1834, protein: unknown, score1: 1.0, score2: 0.0
Unique gene call 45
  --  Gene No. 32, gene caller: glimmer, leftEnd: 14803, rightEnd: 15057, strand: -, length: 255, contig: contig_1834, protein: unknown, score1: 1.0, score2: 0.0
  --  Gene No. 39, gene caller: phanotate, leftEnd: 14803, rightEnd: 15057, strand: -, length: 255, contig: contig_1834, protein: unknown, score1: 1.0, score2: 0.0
  --  Gene No. 32, gene caller: prodigal, leftEnd: 14803, rightEnd: 15057, strand: -, length: 255, contig: contig_1834, protein: unknown, score1: 1.0, score2: 0.0
Unique gene call 46
  --  Gene No. 40, gene caller: phanotate, leftEnd: 15051, rightEnd: 15209, strand: -, length: 159, contig: contig_1834, protein: unknown, score1: 0.8333333333333333, score2: 0.0
  --  Gene No. 33, gene caller: prodigal, leftEnd: 15051, rightEnd: 15209, strand: -, length: 159, contig: contig_1834, protein: unknown, score1: 0.8333333333333333, score2: 0.0
Code complete at 2021-04-21 09:06:11.566056
