Opening log at 2021-04-21 09:23:58.215691
Iterating through fileSet at 2021-04-21 09:23:58.216000
fileSet is ['/home/james/Software/multiPhATE2/PipelineOutput/contig_2002/commoncore.cgc', '/home/james/Software/multiPhATE2/PipelineOutput/contig_2002/consensus.cgc', '/home/james/Software/multiPhATE2/PipelineOutput/contig_2002/glimmer.cgc', '/home/james/Software/multiPhATE2/PipelineOutput/contig_2002/phanotate.cgc', '/home/james/Software/multiPhATE2/PipelineOutput/contig_2002/prodigal.cgc', '/home/james/Software/multiPhATE2/PipelineOutput/contig_2002/superset.cgc']
Opening geneFile /home/james/Software/multiPhATE2/PipelineOutput/contig_2002/commoncore.cgc
Adding calls from geneFile /home/james/Software/multiPhATE2/PipelineOutput/contig_2002/commoncore.cgc
Appending call set  number of calls is: 0
Opening geneFile /home/james/Software/multiPhATE2/PipelineOutput/contig_2002/consensus.cgc
Adding calls from geneFile /home/james/Software/multiPhATE2/PipelineOutput/contig_2002/consensus.cgc
Appending call set  number of calls is: 0
Opening geneFile /home/james/Software/multiPhATE2/PipelineOutput/contig_2002/glimmer.cgc
Adding calls from geneFile /home/james/Software/multiPhATE2/PipelineOutput/contig_2002/glimmer.cgc
Appending call set  number of calls is: 12
Opening geneFile /home/james/Software/multiPhATE2/PipelineOutput/contig_2002/phanotate.cgc
Adding calls from geneFile /home/james/Software/multiPhATE2/PipelineOutput/contig_2002/phanotate.cgc
Appending call set  number of calls is: 16
Opening geneFile /home/james/Software/multiPhATE2/PipelineOutput/contig_2002/prodigal.cgc
Adding calls from geneFile /home/james/Software/multiPhATE2/PipelineOutput/contig_2002/prodigal.cgc
Appending call set  number of calls is: 12
Opening geneFile /home/james/Software/multiPhATE2/PipelineOutput/contig_2002/superset.cgc
Adding calls from geneFile /home/james/Software/multiPhATE2/PipelineOutput/contig_2002/superset.cgc
Appending call set  number of calls is: 0
All call sets have been added to caller list. Number of call sets in callerList: 6
callerList is   glimmer phanotate prodigal  
Total number of gene calls across callerList call sets is: 40
Sorting gene calls for each caller
Processing a callSet
Before sorting, Length of callerList for caller  is 0
After sorting, Length of callerList for caller  is 0
Processing a callSet
Before sorting, Length of callerList for caller  is 0
After sorting, Length of callerList for caller  is 0
Processing a callSet
Before sorting, Length of callerList for caller glimmer is 12
After sorting, Length of callerList for caller glimmer is 12
Processing a callSet
Before sorting, Length of callerList for caller phanotate is 16
After sorting, Length of callerList for caller phanotate is 16
Processing a callSet
Before sorting, Length of callerList for caller prodigal is 12
After sorting, Length of callerList for caller prodigal is 12
Processing a callSet
Before sorting, Length of callerList for caller  is 0
After sorting, Length of callerList for caller  is 0
callSet processing complete
Comparing across the call sets...
Merging the geneCall sets....
Final merged genes:

***************Merge List
1	Gene No. 1, gene caller: phanotate, leftEnd: 44, rightEnd: 154, strand: +, length: 111, contig: contig_2002, protein: unknown, score1: 1.0, score2: 0.0
2	Gene No. 1, gene caller: glimmer, leftEnd: 741, rightEnd: 1160, strand: +, length: 420, contig: contig_2002, protein: unknown, score1: 1.0, score2: 0.0
3	Gene No. 1, gene caller: prodigal, leftEnd: 741, rightEnd: 1160, strand: +, length: 420, contig: contig_2002, protein: unknown, score1: 1.0, score2: 0.0
4	Gene No. 2, gene caller: phanotate, leftEnd: 750, rightEnd: 1160, strand: +, length: 411, contig: contig_2002, protein: unknown, score1: 1.0, score2: 0.0
5	Gene No. 2, gene caller: glimmer, leftEnd: 1160, rightEnd: 1849, strand: +, length: 690, contig: contig_2002, protein: unknown, score1: 1.0, score2: 0.0
6	Gene No. 3, gene caller: phanotate, leftEnd: 1160, rightEnd: 1849, strand: +, length: 690, contig: contig_2002, protein: unknown, score1: 1.0, score2: 0.0
7	Gene No. 2, gene caller: prodigal, leftEnd: 1160, rightEnd: 1849, strand: +, length: 690, contig: contig_2002, protein: unknown, score1: 1.0, score2: 0.0
8	Gene No. 3, gene caller: glimmer, leftEnd: 1850, rightEnd: 2275, strand: +, length: 426, contig: contig_2002, protein: unknown, score1: 1.0, score2: 0.0
9	Gene No. 4, gene caller: phanotate, leftEnd: 1850, rightEnd: 2275, strand: +, length: 426, contig: contig_2002, protein: unknown, score1: 1.0, score2: 0.0
10	Gene No. 3, gene caller: prodigal, leftEnd: 1850, rightEnd: 2275, strand: +, length: 426, contig: contig_2002, protein: unknown, score1: 1.0, score2: 0.0
11	Gene No. 4, gene caller: glimmer, leftEnd: 2295, rightEnd: 2714, strand: -, length: 420, contig: contig_2002, protein: unknown, score1: 1.0, score2: 0.0
12	Gene No. 5, gene caller: phanotate, leftEnd: 2295, rightEnd: 2714, strand: -, length: 420, contig: contig_2002, protein: unknown, score1: 1.0, score2: 0.0
13	Gene No. 4, gene caller: prodigal, leftEnd: 2295, rightEnd: 2714, strand: -, length: 420, contig: contig_2002, protein: unknown, score1: 1.0, score2: 0.0
14	Gene No. 5, gene caller: glimmer, leftEnd: 2729, rightEnd: 3403, strand: -, length: 675, contig: contig_2002, protein: unknown, score1: 1.0, score2: 0.0
15	Gene No. 6, gene caller: phanotate, leftEnd: 2729, rightEnd: 3403, strand: -, length: 675, contig: contig_2002, protein: unknown, score1: 1.0, score2: 0.0
16	Gene No. 5, gene caller: prodigal, leftEnd: 2729, rightEnd: 3403, strand: -, length: 675, contig: contig_2002, protein: unknown, score1: 1.0, score2: 0.0
17	Gene No. 7, gene caller: phanotate, leftEnd: 3473, rightEnd: 3586, strand: -, length: 114, contig: contig_2002, protein: unknown, score1: 1.0, score2: 0.0
18	Gene No. 8, gene caller: phanotate, leftEnd: 3578, rightEnd: 3688, strand: +, length: 111, contig: contig_2002, protein: unknown, score1: 1.0, score2: 0.0
19	Gene No. 6, gene caller: glimmer, leftEnd: 3781, rightEnd: 4584, strand: +, length: 804, contig: contig_2002, protein: unknown, score1: 1.0, score2: 0.0
20	Gene No. 9, gene caller: phanotate, leftEnd: 3781, rightEnd: 4584, strand: +, length: 804, contig: contig_2002, protein: unknown, score1: 1.0, score2: 0.0
21	Gene No. 6, gene caller: prodigal, leftEnd: 3781, rightEnd: 4584, strand: +, length: 804, contig: contig_2002, protein: unknown, score1: 1.0, score2: 0.0
22	Gene No. 7, gene caller: glimmer, leftEnd: 4599, rightEnd: 5018, strand: +, length: 420, contig: contig_2002, protein: unknown, score1: 1.0, score2: 0.0
23	Gene No. 7, gene caller: prodigal, leftEnd: 4599, rightEnd: 5018, strand: +, length: 420, contig: contig_2002, protein: unknown, score1: 1.0, score2: 0.0
24	Gene No. 10, gene caller: phanotate, leftEnd: 4608, rightEnd: 5018, strand: +, length: 411, contig: contig_2002, protein: unknown, score1: 1.0, score2: 0.0
25	Gene No. 8, gene caller: glimmer, leftEnd: 5018, rightEnd: 5707, strand: +, length: 690, contig: contig_2002, protein: unknown, score1: 1.0, score2: 0.0
26	Gene No. 11, gene caller: phanotate, leftEnd: 5018, rightEnd: 5707, strand: +, length: 690, contig: contig_2002, protein: unknown, score1: 1.0, score2: 0.0
27	Gene No. 8, gene caller: prodigal, leftEnd: 5018, rightEnd: 5707, strand: +, length: 690, contig: contig_2002, protein: unknown, score1: 1.0, score2: 0.0
28	Gene No. 9, gene caller: glimmer, leftEnd: 5708, rightEnd: 6133, strand: +, length: 426, contig: contig_2002, protein: unknown, score1: 1.0, score2: 0.0
29	Gene No. 12, gene caller: phanotate, leftEnd: 5708, rightEnd: 6133, strand: +, length: 426, contig: contig_2002, protein: unknown, score1: 1.0, score2: 0.0
30	Gene No. 9, gene caller: prodigal, leftEnd: 5708, rightEnd: 6133, strand: +, length: 426, contig: contig_2002, protein: unknown, score1: 1.0, score2: 0.0
31	Gene No. 10, gene caller: glimmer, leftEnd: 6153, rightEnd: 6572, strand: -, length: 420, contig: contig_2002, protein: unknown, score1: 1.0, score2: 0.0
32	Gene No. 13, gene caller: phanotate, leftEnd: 6153, rightEnd: 6572, strand: -, length: 420, contig: contig_2002, protein: unknown, score1: 1.0, score2: 0.0
33	Gene No. 10, gene caller: prodigal, leftEnd: 6153, rightEnd: 6572, strand: -, length: 420, contig: contig_2002, protein: unknown, score1: 1.0, score2: 0.0
34	Gene No. 11, gene caller: glimmer, leftEnd: 6587, rightEnd: 7261, strand: -, length: 675, contig: contig_2002, protein: unknown, score1: 1.0, score2: 0.0
35	Gene No. 14, gene caller: phanotate, leftEnd: 6587, rightEnd: 7261, strand: -, length: 675, contig: contig_2002, protein: unknown, score1: 1.0, score2: 0.0
36	Gene No. 11, gene caller: prodigal, leftEnd: 6587, rightEnd: 7261, strand: -, length: 675, contig: contig_2002, protein: unknown, score1: 1.0, score2: 0.0
37	Gene No. 12, gene caller: glimmer, leftEnd: 7283, rightEnd: 7540, strand: +, length: 258, contig: contig_2002, protein: unknown, score1: 1.0, score2: 0.0
38	Gene No. 15, gene caller: phanotate, leftEnd: 7283, rightEnd: 7540, strand: +, length: 258, contig: contig_2002, protein: unknown, score1: 1.0, score2: 0.0
39	Gene No. 12, gene caller: prodigal, leftEnd: 7283, rightEnd: 7540, strand: +, length: 258, contig: contig_2002, protein: unknown, score1: 1.0, score2: 0.0
40	Gene No. 16, gene caller: phanotate, leftEnd: 7667, rightEnd: 7759, strand: +, length: 93, contig: contig_2002, protein: unknown, score1: 1.0, score2: 0.0
Comparing across geneCall sets....
Scoring gene calls....
Identifying common core...
This is the Common Core List:

***************Common Core
CC-gene 1	Gene No. 1, gene caller: All_callers, leftEnd: 1160, rightEnd: 1849, strand: +, length: 690, contig: contig_2002, protein: unknown, score1: 1.0, score2: 0.0
CC-gene 2	Gene No. 1, gene caller: All_callers, leftEnd: 1850, rightEnd: 2275, strand: +, length: 426, contig: contig_2002, protein: unknown, score1: 1.0, score2: 0.0
CC-gene 3	Gene No. 1, gene caller: All_callers, leftEnd: 2295, rightEnd: 2714, strand: -, length: 420, contig: contig_2002, protein: unknown, score1: 1.0, score2: 0.0
CC-gene 4	Gene No. 1, gene caller: All_callers, leftEnd: 2729, rightEnd: 3403, strand: -, length: 675, contig: contig_2002, protein: unknown, score1: 1.0, score2: 0.0
CC-gene 5	Gene No. 1, gene caller: All_callers, leftEnd: 3781, rightEnd: 4584, strand: +, length: 804, contig: contig_2002, protein: unknown, score1: 1.0, score2: 0.0
CC-gene 6	Gene No. 1, gene caller: All_callers, leftEnd: 5018, rightEnd: 5707, strand: +, length: 690, contig: contig_2002, protein: unknown, score1: 1.0, score2: 0.0
CC-gene 7	Gene No. 1, gene caller: All_callers, leftEnd: 5708, rightEnd: 6133, strand: +, length: 426, contig: contig_2002, protein: unknown, score1: 1.0, score2: 0.0
CC-gene 8	Gene No. 1, gene caller: All_callers, leftEnd: 6153, rightEnd: 6572, strand: -, length: 420, contig: contig_2002, protein: unknown, score1: 1.0, score2: 0.0
CC-gene 9	Gene No. 1, gene caller: All_callers, leftEnd: 6587, rightEnd: 7261, strand: -, length: 675, contig: contig_2002, protein: unknown, score1: 1.0, score2: 0.0
CC-gene 10	Gene No. 1, gene caller: All_callers, leftEnd: 7283, rightEnd: 7540, strand: +, length: 258, contig: contig_2002, protein: unknown, score1: 1.0, score2: 0.0
Printing gene-call superset, consensus, and common_core in GFF and CGC formats
Printing report....
The following gene callers were considered: glimmer, phanotate, prodigal, The number of distinct gene calls over all gene callers is 18
The number of gene calls in common among all callers is 10
The number of unique (non-matching) gene calls is6
Caller glimmer produced 12 gene calls.
Caller glimmer gene-call length stats:  min: 258, max: 804, ave: 527.0
Caller phanotate produced 16 gene calls.
Caller phanotate gene-call length stats:  min: 93, max: 804, ave: 420.9375
Caller prodigal produced 12 gene calls.
Caller prodigal gene-call length stats:  min: 258, max: 804, ave: 527.0

Gene-call Scores:
Caller	Contig	Gene No.	Left End	Right End	Strand	gcScore
phanotate	contig_2002	1	44	154	+	0.33
glimmer	contig_2002	1	741	1160	+	0.83
prodigal	contig_2002	1	741	1160	+	0.83
phanotate	contig_2002	2	750	1160	+	0.50
glimmer	contig_2002	2	1160	1849	+	1.00
phanotate	contig_2002	3	1160	1849	+	1.00
prodigal	contig_2002	2	1160	1849	+	1.00
glimmer	contig_2002	3	1850	2275	+	1.00
phanotate	contig_2002	4	1850	2275	+	1.00
prodigal	contig_2002	3	1850	2275	+	1.00
glimmer	contig_2002	4	2295	2714	-	1.00
phanotate	contig_2002	5	2295	2714	-	1.00
prodigal	contig_2002	4	2295	2714	-	1.00
glimmer	contig_2002	5	2729	3403	-	1.00
phanotate	contig_2002	6	2729	3403	-	1.00
prodigal	contig_2002	5	2729	3403	-	1.00
phanotate	contig_2002	7	3473	3586	-	0.33
phanotate	contig_2002	8	3578	3688	+	0.33
glimmer	contig_2002	6	3781	4584	+	1.00
phanotate	contig_2002	9	3781	4584	+	1.00
prodigal	contig_2002	6	3781	4584	+	1.00
glimmer	contig_2002	7	4599	5018	+	0.83
prodigal	contig_2002	7	4599	5018	+	0.83
phanotate	contig_2002	10	4608	5018	+	0.50
glimmer	contig_2002	8	5018	5707	+	1.00
phanotate	contig_2002	11	5018	5707	+	1.00
prodigal	contig_2002	8	5018	5707	+	1.00
glimmer	contig_2002	9	5708	6133	+	1.00
phanotate	contig_2002	12	5708	6133	+	1.00
prodigal	contig_2002	9	5708	6133	+	1.00
glimmer	contig_2002	10	6153	6572	-	1.00
phanotate	contig_2002	13	6153	6572	-	1.00
prodigal	contig_2002	10	6153	6572	-	1.00
glimmer	contig_2002	11	6587	7261	-	1.00
phanotate	contig_2002	14	6587	7261	-	1.00
prodigal	contig_2002	11	6587	7261	-	1.00
glimmer	contig_2002	12	7283	7540	+	1.00
phanotate	contig_2002	15	7283	7540	+	1.00
prodigal	contig_2002	12	7283	7540	+	1.00
phanotate	contig_2002	16	7667	7759	+	0.33

Gene-call Consensus Scores:
Caller glimmer average gene-call score: 0.97
Caller phanotate average gene-call score: 0.77
Caller prodigal average gene-call score: 0.97

***************Unique List
Unique gene call 1
  --  Gene No. 1, gene caller: phanotate, leftEnd: 44, rightEnd: 154, strand: +, length: 111, contig: contig_2002, protein: unknown, score1: 0.3333333333333333, score2: 0.0
Unique gene call 2
  --  Gene No. 1, gene caller: glimmer, leftEnd: 741, rightEnd: 1160, strand: +, length: 420, contig: contig_2002, protein: unknown, score1: 0.8333333333333333, score2: 0.0
  --  Gene No. 1, gene caller: prodigal, leftEnd: 741, rightEnd: 1160, strand: +, length: 420, contig: contig_2002, protein: unknown, score1: 0.8333333333333333, score2: 0.0
Unique gene call 3
  --  Gene No. 2, gene caller: phanotate, leftEnd: 750, rightEnd: 1160, strand: +, length: 411, contig: contig_2002, protein: unknown, score1: 0.5, score2: 0.0
Unique gene call 4
  --  Gene No. 2, gene caller: glimmer, leftEnd: 1160, rightEnd: 1849, strand: +, length: 690, contig: contig_2002, protein: unknown, score1: 1.0, score2: 0.0
  --  Gene No. 3, gene caller: phanotate, leftEnd: 1160, rightEnd: 1849, strand: +, length: 690, contig: contig_2002, protein: unknown, score1: 1.0, score2: 0.0
  --  Gene No. 2, gene caller: prodigal, leftEnd: 1160, rightEnd: 1849, strand: +, length: 690, contig: contig_2002, protein: unknown, score1: 1.0, score2: 0.0
Unique gene call 5
  --  Gene No. 3, gene caller: glimmer, leftEnd: 1850, rightEnd: 2275, strand: +, length: 426, contig: contig_2002, protein: unknown, score1: 1.0, score2: 0.0
  --  Gene No. 4, gene caller: phanotate, leftEnd: 1850, rightEnd: 2275, strand: +, length: 426, contig: contig_2002, protein: unknown, score1: 1.0, score2: 0.0
  --  Gene No. 3, gene caller: prodigal, leftEnd: 1850, rightEnd: 2275, strand: +, length: 426, contig: contig_2002, protein: unknown, score1: 1.0, score2: 0.0
Unique gene call 6
  --  Gene No. 4, gene caller: glimmer, leftEnd: 2295, rightEnd: 2714, strand: -, length: 420, contig: contig_2002, protein: unknown, score1: 1.0, score2: 0.0
  --  Gene No. 5, gene caller: phanotate, leftEnd: 2295, rightEnd: 2714, strand: -, length: 420, contig: contig_2002, protein: unknown, score1: 1.0, score2: 0.0
  --  Gene No. 4, gene caller: prodigal, leftEnd: 2295, rightEnd: 2714, strand: -, length: 420, contig: contig_2002, protein: unknown, score1: 1.0, score2: 0.0
Unique gene call 7
  --  Gene No. 5, gene caller: glimmer, leftEnd: 2729, rightEnd: 3403, strand: -, length: 675, contig: contig_2002, protein: unknown, score1: 1.0, score2: 0.0
  --  Gene No. 6, gene caller: phanotate, leftEnd: 2729, rightEnd: 3403, strand: -, length: 675, contig: contig_2002, protein: unknown, score1: 1.0, score2: 0.0
  --  Gene No. 5, gene caller: prodigal, leftEnd: 2729, rightEnd: 3403, strand: -, length: 675, contig: contig_2002, protein: unknown, score1: 1.0, score2: 0.0
Unique gene call 8
  --  Gene No. 7, gene caller: phanotate, leftEnd: 3473, rightEnd: 3586, strand: -, length: 114, contig: contig_2002, protein: unknown, score1: 0.3333333333333333, score2: 0.0
Unique gene call 9
  --  Gene No. 8, gene caller: phanotate, leftEnd: 3578, rightEnd: 3688, strand: +, length: 111, contig: contig_2002, protein: unknown, score1: 0.3333333333333333, score2: 0.0
Unique gene call 10
  --  Gene No. 6, gene caller: glimmer, leftEnd: 3781, rightEnd: 4584, strand: +, length: 804, contig: contig_2002, protein: unknown, score1: 1.0, score2: 0.0
  --  Gene No. 9, gene caller: phanotate, leftEnd: 3781, rightEnd: 4584, strand: +, length: 804, contig: contig_2002, protein: unknown, score1: 1.0, score2: 0.0
  --  Gene No. 6, gene caller: prodigal, leftEnd: 3781, rightEnd: 4584, strand: +, length: 804, contig: contig_2002, protein: unknown, score1: 1.0, score2: 0.0
Unique gene call 11
  --  Gene No. 7, gene caller: glimmer, leftEnd: 4599, rightEnd: 5018, strand: +, length: 420, contig: contig_2002, protein: unknown, score1: 0.8333333333333333, score2: 0.0
  --  Gene No. 7, gene caller: prodigal, leftEnd: 4599, rightEnd: 5018, strand: +, length: 420, contig: contig_2002, protein: unknown, score1: 0.8333333333333333, score2: 0.0
Unique gene call 12
  --  Gene No. 10, gene caller: phanotate, leftEnd: 4608, rightEnd: 5018, strand: +, length: 411, contig: contig_2002, protein: unknown, score1: 0.5, score2: 0.0
Unique gene call 13
  --  Gene No. 8, gene caller: glimmer, leftEnd: 5018, rightEnd: 5707, strand: +, length: 690, contig: contig_2002, protein: unknown, score1: 1.0, score2: 0.0
  --  Gene No. 11, gene caller: phanotate, leftEnd: 5018, rightEnd: 5707, strand: +, length: 690, contig: contig_2002, protein: unknown, score1: 1.0, score2: 0.0
  --  Gene No. 8, gene caller: prodigal, leftEnd: 5018, rightEnd: 5707, strand: +, length: 690, contig: contig_2002, protein: unknown, score1: 1.0, score2: 0.0
Unique gene call 14
  --  Gene No. 9, gene caller: glimmer, leftEnd: 5708, rightEnd: 6133, strand: +, length: 426, contig: contig_2002, protein: unknown, score1: 1.0, score2: 0.0
  --  Gene No. 12, gene caller: phanotate, leftEnd: 5708, rightEnd: 6133, strand: +, length: 426, contig: contig_2002, protein: unknown, score1: 1.0, score2: 0.0
  --  Gene No. 9, gene caller: prodigal, leftEnd: 5708, rightEnd: 6133, strand: +, length: 426, contig: contig_2002, protein: unknown, score1: 1.0, score2: 0.0
Unique gene call 15
  --  Gene No. 10, gene caller: glimmer, leftEnd: 6153, rightEnd: 6572, strand: -, length: 420, contig: contig_2002, protein: unknown, score1: 1.0, score2: 0.0
  --  Gene No. 13, gene caller: phanotate, leftEnd: 6153, rightEnd: 6572, strand: -, length: 420, contig: contig_2002, protein: unknown, score1: 1.0, score2: 0.0
  --  Gene No. 10, gene caller: prodigal, leftEnd: 6153, rightEnd: 6572, strand: -, length: 420, contig: contig_2002, protein: unknown, score1: 1.0, score2: 0.0
Unique gene call 16
  --  Gene No. 11, gene caller: glimmer, leftEnd: 6587, rightEnd: 7261, strand: -, length: 675, contig: contig_2002, protein: unknown, score1: 1.0, score2: 0.0
  --  Gene No. 14, gene caller: phanotate, leftEnd: 6587, rightEnd: 7261, strand: -, length: 675, contig: contig_2002, protein: unknown, score1: 1.0, score2: 0.0
  --  Gene No. 11, gene caller: prodigal, leftEnd: 6587, rightEnd: 7261, strand: -, length: 675, contig: contig_2002, protein: unknown, score1: 1.0, score2: 0.0
Unique gene call 17
  --  Gene No. 12, gene caller: glimmer, leftEnd: 7283, rightEnd: 7540, strand: +, length: 258, contig: contig_2002, protein: unknown, score1: 1.0, score2: 0.0
  --  Gene No. 15, gene caller: phanotate, leftEnd: 7283, rightEnd: 7540, strand: +, length: 258, contig: contig_2002, protein: unknown, score1: 1.0, score2: 0.0
  --  Gene No. 12, gene caller: prodigal, leftEnd: 7283, rightEnd: 7540, strand: +, length: 258, contig: contig_2002, protein: unknown, score1: 1.0, score2: 0.0
Unique gene call 18
  --  Gene No. 16, gene caller: phanotate, leftEnd: 7667, rightEnd: 7759, strand: +, length: 93, contig: contig_2002, protein: unknown, score1: 0.3333333333333333, score2: 0.0
Code complete at 2021-04-21 09:23:58.227866
