Opening log at 2021-04-21 09:23:27.794135
Iterating through fileSet at 2021-04-21 09:23:27.794397
fileSet is ['/home/james/Software/multiPhATE2/PipelineOutput/contig_1502/commoncore.cgc', '/home/james/Software/multiPhATE2/PipelineOutput/contig_1502/consensus.cgc', '/home/james/Software/multiPhATE2/PipelineOutput/contig_1502/glimmer.cgc', '/home/james/Software/multiPhATE2/PipelineOutput/contig_1502/phanotate.cgc', '/home/james/Software/multiPhATE2/PipelineOutput/contig_1502/prodigal.cgc', '/home/james/Software/multiPhATE2/PipelineOutput/contig_1502/superset.cgc']
Opening geneFile /home/james/Software/multiPhATE2/PipelineOutput/contig_1502/commoncore.cgc
Adding calls from geneFile /home/james/Software/multiPhATE2/PipelineOutput/contig_1502/commoncore.cgc
Appending call set  number of calls is: 0
Opening geneFile /home/james/Software/multiPhATE2/PipelineOutput/contig_1502/consensus.cgc
Adding calls from geneFile /home/james/Software/multiPhATE2/PipelineOutput/contig_1502/consensus.cgc
Appending call set  number of calls is: 0
Opening geneFile /home/james/Software/multiPhATE2/PipelineOutput/contig_1502/glimmer.cgc
Adding calls from geneFile /home/james/Software/multiPhATE2/PipelineOutput/contig_1502/glimmer.cgc
Appending call set  number of calls is: 6
Opening geneFile /home/james/Software/multiPhATE2/PipelineOutput/contig_1502/phanotate.cgc
Adding calls from geneFile /home/james/Software/multiPhATE2/PipelineOutput/contig_1502/phanotate.cgc
Appending call set  number of calls is: 11
Opening geneFile /home/james/Software/multiPhATE2/PipelineOutput/contig_1502/prodigal.cgc
Adding calls from geneFile /home/james/Software/multiPhATE2/PipelineOutput/contig_1502/prodigal.cgc
Appending call set  number of calls is: 7
Opening geneFile /home/james/Software/multiPhATE2/PipelineOutput/contig_1502/superset.cgc
Adding calls from geneFile /home/james/Software/multiPhATE2/PipelineOutput/contig_1502/superset.cgc
Appending call set  number of calls is: 0
All call sets have been added to caller list. Number of call sets in callerList: 6
callerList is   glimmer phanotate prodigal  
Total number of gene calls across callerList call sets is: 24
Sorting gene calls for each caller
Processing a callSet
Before sorting, Length of callerList for caller  is 0
After sorting, Length of callerList for caller  is 0
Processing a callSet
Before sorting, Length of callerList for caller  is 0
After sorting, Length of callerList for caller  is 0
Processing a callSet
Before sorting, Length of callerList for caller glimmer is 6
After sorting, Length of callerList for caller glimmer is 6
Processing a callSet
Before sorting, Length of callerList for caller phanotate is 11
After sorting, Length of callerList for caller phanotate is 11
Processing a callSet
Before sorting, Length of callerList for caller prodigal is 7
After sorting, Length of callerList for caller prodigal is 7
Processing a callSet
Before sorting, Length of callerList for caller  is 0
After sorting, Length of callerList for caller  is 0
callSet processing complete
Comparing across the call sets...
Merging the geneCall sets....
Final merged genes:

***************Merge List
1	Gene No. 1, gene caller: phanotate, leftEnd: 2, rightEnd: 142, strand: +, length: 141, contig: contig_1502, protein: unknown, score1: 1.0, score2: 0.0
2	Gene No. 2, gene caller: phanotate, leftEnd: 199, rightEnd: 723, strand: +, length: 525, contig: contig_1502, protein: unknown, score1: 1.0, score2: 0.0
3	Gene No. 1, gene caller: prodigal, leftEnd: 199, rightEnd: 723, strand: +, length: 525, contig: contig_1502, protein: unknown, score1: 1.0, score2: 0.0
4	Gene No. 2, gene caller: glimmer, leftEnd: 208, rightEnd: 723, strand: +, length: 516, contig: contig_1502, protein: unknown, score1: 1.0, score2: 0.0
5	Gene No. 3, gene caller: phanotate, leftEnd: 710, rightEnd: 1027, strand: +, length: 318, contig: contig_1502, protein: unknown, score1: 1.0, score2: 0.0
6	Gene No. 3, gene caller: glimmer, leftEnd: 800, rightEnd: 1027, strand: +, length: 228, contig: contig_1502, protein: unknown, score1: 1.0, score2: 0.0
7	Gene No. 2, gene caller: prodigal, leftEnd: 800, rightEnd: 1027, strand: +, length: 228, contig: contig_1502, protein: unknown, score1: 1.0, score2: 0.0
8	Gene No. 4, gene caller: phanotate, leftEnd: 1027, rightEnd: 1149, strand: +, length: 123, contig: contig_1502, protein: unknown, score1: 1.0, score2: 0.0
9	Gene No. 5, gene caller: phanotate, leftEnd: 1224, rightEnd: 1328, strand: -, length: 105, contig: contig_1502, protein: unknown, score1: 1.0, score2: 0.0
10	Gene No. 4, gene caller: glimmer, leftEnd: 1464, rightEnd: 1577, strand: -, length: 114, contig: contig_1502, protein: unknown, score1: 1.0, score2: 0.0
11	Gene No. 6, gene caller: phanotate, leftEnd: 1464, rightEnd: 1577, strand: -, length: 114, contig: contig_1502, protein: unknown, score1: 1.0, score2: 0.0
12	Gene No. 5, gene caller: glimmer, leftEnd: 1669, rightEnd: 2913, strand: +, length: 1245, contig: contig_1502, protein: unknown, score1: 1.0, score2: 0.0
13	Gene No. 7, gene caller: phanotate, leftEnd: 1669, rightEnd: 2913, strand: +, length: 1245, contig: contig_1502, protein: unknown, score1: 1.0, score2: 0.0
14	Gene No. 3, gene caller: prodigal, leftEnd: 1669, rightEnd: 2913, strand: +, length: 1245, contig: contig_1502, protein: unknown, score1: 1.0, score2: 0.0
15	Gene No. 6, gene caller: glimmer, leftEnd: 2929, rightEnd: 3237, strand: +, length: 309, contig: contig_1502, protein: unknown, score1: 1.0, score2: 0.0
16	Gene No. 8, gene caller: phanotate, leftEnd: 2929, rightEnd: 3237, strand: +, length: 309, contig: contig_1502, protein: unknown, score1: 1.0, score2: 0.0
17	Gene No. 4, gene caller: prodigal, leftEnd: 2929, rightEnd: 3237, strand: +, length: 309, contig: contig_1502, protein: unknown, score1: 1.0, score2: 0.0
18	Gene No. 9, gene caller: phanotate, leftEnd: 3384, rightEnd: 3542, strand: +, length: 159, contig: contig_1502, protein: unknown, score1: 1.0, score2: 0.0
19	Gene No. 5, gene caller: prodigal, leftEnd: 3384, rightEnd: 3542, strand: +, length: 159, contig: contig_1502, protein: unknown, score1: 1.0, score2: 0.0
20	Gene No. 7, gene caller: glimmer, leftEnd: 3603, rightEnd: 4178, strand: +, length: 576, contig: contig_1502, protein: unknown, score1: 1.0, score2: 0.0
21	Gene No. 10, gene caller: phanotate, leftEnd: 3603, rightEnd: 4178, strand: +, length: 576, contig: contig_1502, protein: unknown, score1: 1.0, score2: 0.0
22	Gene No. 6, gene caller: prodigal, leftEnd: 3603, rightEnd: 4178, strand: +, length: 576, contig: contig_1502, protein: unknown, score1: 1.0, score2: 0.0
23	Gene No. 11, gene caller: phanotate, leftEnd: 4191, rightEnd: 4493, strand: +, length: 303, contig: contig_1502, protein: unknown, score1: 1.0, score2: 0.0
24	Gene No. 7, gene caller: prodigal, leftEnd: 4191, rightEnd: 4493, strand: +, length: 303, contig: contig_1502, protein: unknown, score1: 1.0, score2: 0.0
Comparing across geneCall sets....
Scoring gene calls....
Identifying common core...
This is the Common Core List:

***************Common Core
CC-gene 1	Gene No. 1, gene caller: All_callers, leftEnd: 1669, rightEnd: 2913, strand: +, length: 1245, contig: contig_1502, protein: unknown, score1: 1.0, score2: 0.0
CC-gene 2	Gene No. 1, gene caller: All_callers, leftEnd: 2929, rightEnd: 3237, strand: +, length: 309, contig: contig_1502, protein: unknown, score1: 1.0, score2: 0.0
CC-gene 3	Gene No. 1, gene caller: All_callers, leftEnd: 3603, rightEnd: 4178, strand: +, length: 576, contig: contig_1502, protein: unknown, score1: 1.0, score2: 0.0
Printing gene-call superset, consensus, and common_core in GFF and CGC formats
Printing report....
The following gene callers were considered: glimmer, phanotate, prodigal, The number of distinct gene calls over all gene callers is 13
The number of gene calls in common among all callers is 3
The number of unique (non-matching) gene calls is5
Caller glimmer produced 6 gene calls.
Caller glimmer gene-call length stats:  min: 114, max: 1245, ave: 498.0
Caller phanotate produced 11 gene calls.
Caller phanotate gene-call length stats:  min: 105, max: 1245, ave: 356.1818181818182
Caller prodigal produced 7 gene calls.
Caller prodigal gene-call length stats:  min: 159, max: 1245, ave: 477.85714285714283

Gene-call Scores:
Caller	Contig	Gene No.	Left End	Right End	Strand	gcScore
phanotate	contig_1502	1	2	142	+	0.33
phanotate	contig_1502	2	199	723	+	0.83
prodigal	contig_1502	1	199	723	+	0.83
glimmer	contig_1502	2	208	723	+	0.50
phanotate	contig_1502	3	710	1027	+	0.50
glimmer	contig_1502	3	800	1027	+	0.83
prodigal	contig_1502	2	800	1027	+	0.83
phanotate	contig_1502	4	1027	1149	+	0.33
phanotate	contig_1502	5	1224	1328	-	0.33
glimmer	contig_1502	4	1464	1577	-	0.83
phanotate	contig_1502	6	1464	1577	-	0.83
glimmer	contig_1502	5	1669	2913	+	1.00
phanotate	contig_1502	7	1669	2913	+	1.00
prodigal	contig_1502	3	1669	2913	+	1.00
glimmer	contig_1502	6	2929	3237	+	1.00
phanotate	contig_1502	8	2929	3237	+	1.00
prodigal	contig_1502	4	2929	3237	+	1.00
phanotate	contig_1502	9	3384	3542	+	0.83
prodigal	contig_1502	5	3384	3542	+	0.83
glimmer	contig_1502	7	3603	4178	+	1.00
phanotate	contig_1502	10	3603	4178	+	1.00
prodigal	contig_1502	6	3603	4178	+	1.00
phanotate	contig_1502	11	4191	4493	+	0.83
prodigal	contig_1502	7	4191	4493	+	0.83

Gene-call Consensus Scores:
Caller glimmer average gene-call score: 0.86
Caller phanotate average gene-call score: 0.71
Caller prodigal average gene-call score: 0.90

***************Unique List
Unique gene call 1
  --  Gene No. 1, gene caller: phanotate, leftEnd: 2, rightEnd: 142, strand: +, length: 141, contig: contig_1502, protein: unknown, score1: 0.3333333333333333, score2: 0.0
Unique gene call 2
  --  Gene No. 2, gene caller: phanotate, leftEnd: 199, rightEnd: 723, strand: +, length: 525, contig: contig_1502, protein: unknown, score1: 0.8333333333333333, score2: 0.0
  --  Gene No. 1, gene caller: prodigal, leftEnd: 199, rightEnd: 723, strand: +, length: 525, contig: contig_1502, protein: unknown, score1: 0.8333333333333333, score2: 0.0
Unique gene call 3
  --  Gene No. 2, gene caller: glimmer, leftEnd: 208, rightEnd: 723, strand: +, length: 516, contig: contig_1502, protein: unknown, score1: 0.5, score2: 0.0
Unique gene call 4
  --  Gene No. 3, gene caller: phanotate, leftEnd: 710, rightEnd: 1027, strand: +, length: 318, contig: contig_1502, protein: unknown, score1: 0.5, score2: 0.0
Unique gene call 5
  --  Gene No. 3, gene caller: glimmer, leftEnd: 800, rightEnd: 1027, strand: +, length: 228, contig: contig_1502, protein: unknown, score1: 0.8333333333333333, score2: 0.0
  --  Gene No. 2, gene caller: prodigal, leftEnd: 800, rightEnd: 1027, strand: +, length: 228, contig: contig_1502, protein: unknown, score1: 0.8333333333333333, score2: 0.0
Unique gene call 6
  --  Gene No. 4, gene caller: phanotate, leftEnd: 1027, rightEnd: 1149, strand: +, length: 123, contig: contig_1502, protein: unknown, score1: 0.3333333333333333, score2: 0.0
Unique gene call 7
  --  Gene No. 5, gene caller: phanotate, leftEnd: 1224, rightEnd: 1328, strand: -, length: 105, contig: contig_1502, protein: unknown, score1: 0.3333333333333333, score2: 0.0
Unique gene call 8
  --  Gene No. 4, gene caller: glimmer, leftEnd: 1464, rightEnd: 1577, strand: -, length: 114, contig: contig_1502, protein: unknown, score1: 0.8333333333333333, score2: 0.0
  --  Gene No. 6, gene caller: phanotate, leftEnd: 1464, rightEnd: 1577, strand: -, length: 114, contig: contig_1502, protein: unknown, score1: 0.8333333333333333, score2: 0.0
Unique gene call 9
  --  Gene No. 5, gene caller: glimmer, leftEnd: 1669, rightEnd: 2913, strand: +, length: 1245, contig: contig_1502, protein: unknown, score1: 1.0, score2: 0.0
  --  Gene No. 7, gene caller: phanotate, leftEnd: 1669, rightEnd: 2913, strand: +, length: 1245, contig: contig_1502, protein: unknown, score1: 1.0, score2: 0.0
  --  Gene No. 3, gene caller: prodigal, leftEnd: 1669, rightEnd: 2913, strand: +, length: 1245, contig: contig_1502, protein: unknown, score1: 1.0, score2: 0.0
Unique gene call 10
  --  Gene No. 6, gene caller: glimmer, leftEnd: 2929, rightEnd: 3237, strand: +, length: 309, contig: contig_1502, protein: unknown, score1: 1.0, score2: 0.0
  --  Gene No. 8, gene caller: phanotate, leftEnd: 2929, rightEnd: 3237, strand: +, length: 309, contig: contig_1502, protein: unknown, score1: 1.0, score2: 0.0
  --  Gene No. 4, gene caller: prodigal, leftEnd: 2929, rightEnd: 3237, strand: +, length: 309, contig: contig_1502, protein: unknown, score1: 1.0, score2: 0.0
Unique gene call 11
  --  Gene No. 9, gene caller: phanotate, leftEnd: 3384, rightEnd: 3542, strand: +, length: 159, contig: contig_1502, protein: unknown, score1: 0.8333333333333333, score2: 0.0
  --  Gene No. 5, gene caller: prodigal, leftEnd: 3384, rightEnd: 3542, strand: +, length: 159, contig: contig_1502, protein: unknown, score1: 0.8333333333333333, score2: 0.0
Unique gene call 12
  --  Gene No. 7, gene caller: glimmer, leftEnd: 3603, rightEnd: 4178, strand: +, length: 576, contig: contig_1502, protein: unknown, score1: 1.0, score2: 0.0
  --  Gene No. 10, gene caller: phanotate, leftEnd: 3603, rightEnd: 4178, strand: +, length: 576, contig: contig_1502, protein: unknown, score1: 1.0, score2: 0.0
  --  Gene No. 6, gene caller: prodigal, leftEnd: 3603, rightEnd: 4178, strand: +, length: 576, contig: contig_1502, protein: unknown, score1: 1.0, score2: 0.0
Unique gene call 13
  --  Gene No. 11, gene caller: phanotate, leftEnd: 4191, rightEnd: 4493, strand: +, length: 303, contig: contig_1502, protein: unknown, score1: 0.8333333333333333, score2: 0.0
  --  Gene No. 7, gene caller: prodigal, leftEnd: 4191, rightEnd: 4493, strand: +, length: 303, contig: contig_1502, protein: unknown, score1: 0.8333333333333333, score2: 0.0
Code complete at 2021-04-21 09:23:27.801241
