Opening log at 2021-04-21 09:32:06.750071
Iterating through fileSet at 2021-04-21 09:32:06.750240
fileSet is ['/home/james/Software/multiPhATE2/PipelineOutput/contig_1238/commoncore.cgc', '/home/james/Software/multiPhATE2/PipelineOutput/contig_1238/consensus.cgc', '/home/james/Software/multiPhATE2/PipelineOutput/contig_1238/glimmer.cgc', '/home/james/Software/multiPhATE2/PipelineOutput/contig_1238/phanotate.cgc', '/home/james/Software/multiPhATE2/PipelineOutput/contig_1238/prodigal.cgc', '/home/james/Software/multiPhATE2/PipelineOutput/contig_1238/superset.cgc']
Opening geneFile /home/james/Software/multiPhATE2/PipelineOutput/contig_1238/commoncore.cgc
Adding calls from geneFile /home/james/Software/multiPhATE2/PipelineOutput/contig_1238/commoncore.cgc
Appending call set  number of calls is: 0
Opening geneFile /home/james/Software/multiPhATE2/PipelineOutput/contig_1238/consensus.cgc
Adding calls from geneFile /home/james/Software/multiPhATE2/PipelineOutput/contig_1238/consensus.cgc
Appending call set  number of calls is: 0
Opening geneFile /home/james/Software/multiPhATE2/PipelineOutput/contig_1238/glimmer.cgc
Adding calls from geneFile /home/james/Software/multiPhATE2/PipelineOutput/contig_1238/glimmer.cgc
Appending call set  number of calls is: 5
Opening geneFile /home/james/Software/multiPhATE2/PipelineOutput/contig_1238/phanotate.cgc
Adding calls from geneFile /home/james/Software/multiPhATE2/PipelineOutput/contig_1238/phanotate.cgc
Appending call set  number of calls is: 14
Opening geneFile /home/james/Software/multiPhATE2/PipelineOutput/contig_1238/prodigal.cgc
Adding calls from geneFile /home/james/Software/multiPhATE2/PipelineOutput/contig_1238/prodigal.cgc
Appending call set  number of calls is: 11
Opening geneFile /home/james/Software/multiPhATE2/PipelineOutput/contig_1238/superset.cgc
Adding calls from geneFile /home/james/Software/multiPhATE2/PipelineOutput/contig_1238/superset.cgc
Appending call set  number of calls is: 0
All call sets have been added to caller list. Number of call sets in callerList: 6
callerList is   glimmer phanotate prodigal  
Total number of gene calls across callerList call sets is: 30
Sorting gene calls for each caller
Processing a callSet
Before sorting, Length of callerList for caller  is 0
After sorting, Length of callerList for caller  is 0
Processing a callSet
Before sorting, Length of callerList for caller  is 0
After sorting, Length of callerList for caller  is 0
Processing a callSet
Before sorting, Length of callerList for caller glimmer is 5
After sorting, Length of callerList for caller glimmer is 5
Processing a callSet
Before sorting, Length of callerList for caller phanotate is 14
After sorting, Length of callerList for caller phanotate is 14
Processing a callSet
Before sorting, Length of callerList for caller prodigal is 11
After sorting, Length of callerList for caller prodigal is 11
Processing a callSet
Before sorting, Length of callerList for caller  is 0
After sorting, Length of callerList for caller  is 0
callSet processing complete
Comparing across the call sets...
Merging the geneCall sets....
Final merged genes:

***************Merge List
1	Gene No. 1, gene caller: phanotate, leftEnd: 602, rightEnd: 1042, strand: -, length: 441, contig: contig_1238, protein: unknown, score1: 1.0, score2: 0.0
2	Gene No. 1, gene caller: glimmer, leftEnd: 602, rightEnd: 1057, strand: -, length: 456, contig: contig_1238, protein: unknown, score1: 1.0, score2: 0.0
3	Gene No. 1, gene caller: prodigal, leftEnd: 602, rightEnd: 1057, strand: -, length: 456, contig: contig_1238, protein: unknown, score1: 1.0, score2: 0.0
4	Gene No. 2, gene caller: phanotate, leftEnd: 996, rightEnd: 1169, strand: -, length: 174, contig: contig_1238, protein: unknown, score1: 1.0, score2: 0.0
5	Gene No. 2, gene caller: prodigal, leftEnd: 996, rightEnd: 1169, strand: -, length: 174, contig: contig_1238, protein: unknown, score1: 1.0, score2: 0.0
6	Gene No. 3, gene caller: phanotate, leftEnd: 1211, rightEnd: 1300, strand: -, length: 90, contig: contig_1238, protein: unknown, score1: 1.0, score2: 0.0
7	Gene No. 4, gene caller: phanotate, leftEnd: 1318, rightEnd: 1488, strand: -, length: 171, contig: contig_1238, protein: unknown, score1: 1.0, score2: 0.0
8	Gene No. 3, gene caller: prodigal, leftEnd: 1397, rightEnd: 1648, strand: +, length: 252, contig: contig_1238, protein: unknown, score1: 1.0, score2: 0.0
9	Gene No. 5, gene caller: phanotate, leftEnd: 1466, rightEnd: 1600, strand: -, length: 135, contig: contig_1238, protein: unknown, score1: 1.0, score2: 0.0
10	Gene No. 6, gene caller: phanotate, leftEnd: 1738, rightEnd: 1989, strand: -, length: 252, contig: contig_1238, protein: unknown, score1: 1.0, score2: 0.0
11	Gene No. 4, gene caller: prodigal, leftEnd: 1754, rightEnd: 1921, strand: +, length: 168, contig: contig_1238, protein: unknown, score1: 1.0, score2: 0.0
12	Gene No. 7, gene caller: phanotate, leftEnd: 2132, rightEnd: 2251, strand: -, length: 120, contig: contig_1238, protein: unknown, score1: 1.0, score2: 0.0
13	Gene No. 8, gene caller: phanotate, leftEnd: 2347, rightEnd: 2613, strand: -, length: 267, contig: contig_1238, protein: unknown, score1: 1.0, score2: 0.0
14	Gene No. 5, gene caller: prodigal, leftEnd: 2347, rightEnd: 2613, strand: -, length: 267, contig: contig_1238, protein: unknown, score1: 1.0, score2: 0.0
15	Gene No. 2, gene caller: glimmer, leftEnd: 2347, rightEnd: 2619, strand: -, length: 273, contig: contig_1238, protein: unknown, score1: 1.0, score2: 0.0
16	Gene No. 9, gene caller: phanotate, leftEnd: 2625, rightEnd: 3095, strand: -, length: 471, contig: contig_1238, protein: unknown, score1: 1.0, score2: 0.0
17	Gene No. 6, gene caller: prodigal, leftEnd: 2625, rightEnd: 3095, strand: -, length: 471, contig: contig_1238, protein: unknown, score1: 1.0, score2: 0.0
18	Gene No. 3, gene caller: glimmer, leftEnd: 3096, rightEnd: 3710, strand: -, length: 615, contig: contig_1238, protein: unknown, score1: 1.0, score2: 0.0
19	Gene No. 10, gene caller: phanotate, leftEnd: 3096, rightEnd: 3710, strand: -, length: 615, contig: contig_1238, protein: unknown, score1: 1.0, score2: 0.0
20	Gene No. 7, gene caller: prodigal, leftEnd: 3096, rightEnd: 3710, strand: -, length: 615, contig: contig_1238, protein: unknown, score1: 1.0, score2: 0.0
21	Gene No. 8, gene caller: prodigal, leftEnd: 3694, rightEnd: 4464, strand: -, length: 771, contig: contig_1238, protein: unknown, score1: 1.0, score2: 0.0
22	Gene No. 4, gene caller: glimmer, leftEnd: 3694, rightEnd: 4491, strand: -, length: 798, contig: contig_1238, protein: unknown, score1: 1.0, score2: 0.0
23	Gene No. 11, gene caller: phanotate, leftEnd: 3694, rightEnd: 4491, strand: -, length: 798, contig: contig_1238, protein: unknown, score1: 1.0, score2: 0.0
24	Gene No. 12, gene caller: phanotate, leftEnd: 4554, rightEnd: 4958, strand: -, length: 405, contig: contig_1238, protein: unknown, score1: 1.0, score2: 0.0
25	Gene No. 9, gene caller: prodigal, leftEnd: 4554, rightEnd: 4958, strand: -, length: 405, contig: contig_1238, protein: unknown, score1: 1.0, score2: 0.0
26	Gene No. 13, gene caller: phanotate, leftEnd: 4977, rightEnd: 5096, strand: -, length: 120, contig: contig_1238, protein: unknown, score1: 1.0, score2: 0.0
27	Gene No. 10, gene caller: prodigal, leftEnd: 4977, rightEnd: 5102, strand: -, length: 126, contig: contig_1238, protein: unknown, score1: 1.0, score2: 0.0
28	Gene No. 5, gene caller: glimmer, leftEnd: 5099, rightEnd: 5272, strand: -, length: 174, contig: contig_1238, protein: unknown, score1: 1.0, score2: 0.0
29	Gene No. 14, gene caller: phanotate, leftEnd: 5099, rightEnd: 5281, strand: -, length: 183, contig: contig_1238, protein: unknown, score1: 1.0, score2: 0.0
30	Gene No. 11, gene caller: prodigal, leftEnd: 5099, rightEnd: 5281, strand: -, length: 183, contig: contig_1238, protein: unknown, score1: 1.0, score2: 0.0
Comparing across geneCall sets....
Scoring gene calls....
Identifying common core...
This is the Common Core List:

***************Common Core
CC-gene 1	Gene No. 1, gene caller: All_callers, leftEnd: 3096, rightEnd: 3710, strand: -, length: 615, contig: contig_1238, protein: unknown, score1: 1.0, score2: 0.0
Printing gene-call superset, consensus, and common_core in GFF and CGC formats
Printing report....
The following gene callers were considered: glimmer, phanotate, prodigal, The number of distinct gene calls over all gene callers is 21
The number of gene calls in common among all callers is 1
The number of unique (non-matching) gene calls is13
Caller glimmer produced 5 gene calls.
Caller glimmer gene-call length stats:  min: 174, max: 798, ave: 463.2
Caller phanotate produced 14 gene calls.
Caller phanotate gene-call length stats:  min: 90, max: 798, ave: 303.0
Caller prodigal produced 11 gene calls.
Caller prodigal gene-call length stats:  min: 126, max: 771, ave: 353.45454545454544

Gene-call Scores:
Caller	Contig	Gene No.	Left End	Right End	Strand	gcScore
phanotate	contig_1238	1	602	1042	-	0.50
glimmer	contig_1238	1	602	1057	-	0.83
prodigal	contig_1238	1	602	1057	-	0.83
phanotate	contig_1238	2	996	1169	-	0.83
prodigal	contig_1238	2	996	1169	-	0.83
phanotate	contig_1238	3	1211	1300	-	0.33
phanotate	contig_1238	4	1318	1488	-	0.33
prodigal	contig_1238	3	1397	1648	+	0.33
phanotate	contig_1238	5	1466	1600	-	0.33
phanotate	contig_1238	6	1738	1989	-	0.33
prodigal	contig_1238	4	1754	1921	+	0.33
phanotate	contig_1238	7	2132	2251	-	0.33
phanotate	contig_1238	8	2347	2613	-	0.83
prodigal	contig_1238	5	2347	2613	-	0.83
glimmer	contig_1238	2	2347	2619	-	0.50
phanotate	contig_1238	9	2625	3095	-	0.83
prodigal	contig_1238	6	2625	3095	-	0.83
glimmer	contig_1238	3	3096	3710	-	1.00
phanotate	contig_1238	10	3096	3710	-	1.00
prodigal	contig_1238	7	3096	3710	-	1.00
prodigal	contig_1238	8	3694	4464	-	0.50
glimmer	contig_1238	4	3694	4491	-	0.83
phanotate	contig_1238	11	3694	4491	-	0.83
phanotate	contig_1238	12	4554	4958	-	0.83
prodigal	contig_1238	9	4554	4958	-	0.83
phanotate	contig_1238	13	4977	5096	-	0.50
prodigal	contig_1238	10	4977	5102	-	0.50
glimmer	contig_1238	5	5099	5272	-	0.50
phanotate	contig_1238	14	5099	5281	-	0.83
prodigal	contig_1238	11	5099	5281	-	0.83

Gene-call Consensus Scores:
Caller glimmer average gene-call score: 0.73
Caller phanotate average gene-call score: 0.62
Caller prodigal average gene-call score: 0.70

***************Unique List
Unique gene call 1
  --  Gene No. 1, gene caller: phanotate, leftEnd: 602, rightEnd: 1042, strand: -, length: 441, contig: contig_1238, protein: unknown, score1: 0.5, score2: 0.0
Unique gene call 2
  --  Gene No. 1, gene caller: glimmer, leftEnd: 602, rightEnd: 1057, strand: -, length: 456, contig: contig_1238, protein: unknown, score1: 0.8333333333333333, score2: 0.0
  --  Gene No. 1, gene caller: prodigal, leftEnd: 602, rightEnd: 1057, strand: -, length: 456, contig: contig_1238, protein: unknown, score1: 0.8333333333333333, score2: 0.0
Unique gene call 3
  --  Gene No. 2, gene caller: phanotate, leftEnd: 996, rightEnd: 1169, strand: -, length: 174, contig: contig_1238, protein: unknown, score1: 0.8333333333333333, score2: 0.0
  --  Gene No. 2, gene caller: prodigal, leftEnd: 996, rightEnd: 1169, strand: -, length: 174, contig: contig_1238, protein: unknown, score1: 0.8333333333333333, score2: 0.0
Unique gene call 4
  --  Gene No. 3, gene caller: phanotate, leftEnd: 1211, rightEnd: 1300, strand: -, length: 90, contig: contig_1238, protein: unknown, score1: 0.3333333333333333, score2: 0.0
Unique gene call 5
  --  Gene No. 4, gene caller: phanotate, leftEnd: 1318, rightEnd: 1488, strand: -, length: 171, contig: contig_1238, protein: unknown, score1: 0.3333333333333333, score2: 0.0
Unique gene call 6
  --  Gene No. 3, gene caller: prodigal, leftEnd: 1397, rightEnd: 1648, strand: +, length: 252, contig: contig_1238, protein: unknown, score1: 0.3333333333333333, score2: 0.0
Unique gene call 7
  --  Gene No. 5, gene caller: phanotate, leftEnd: 1466, rightEnd: 1600, strand: -, length: 135, contig: contig_1238, protein: unknown, score1: 0.3333333333333333, score2: 0.0
Unique gene call 8
  --  Gene No. 6, gene caller: phanotate, leftEnd: 1738, rightEnd: 1989, strand: -, length: 252, contig: contig_1238, protein: unknown, score1: 0.3333333333333333, score2: 0.0
Unique gene call 9
  --  Gene No. 4, gene caller: prodigal, leftEnd: 1754, rightEnd: 1921, strand: +, length: 168, contig: contig_1238, protein: unknown, score1: 0.3333333333333333, score2: 0.0
Unique gene call 10
  --  Gene No. 7, gene caller: phanotate, leftEnd: 2132, rightEnd: 2251, strand: -, length: 120, contig: contig_1238, protein: unknown, score1: 0.3333333333333333, score2: 0.0
Unique gene call 11
  --  Gene No. 8, gene caller: phanotate, leftEnd: 2347, rightEnd: 2613, strand: -, length: 267, contig: contig_1238, protein: unknown, score1: 0.8333333333333333, score2: 0.0
  --  Gene No. 5, gene caller: prodigal, leftEnd: 2347, rightEnd: 2613, strand: -, length: 267, contig: contig_1238, protein: unknown, score1: 0.8333333333333333, score2: 0.0
Unique gene call 12
  --  Gene No. 2, gene caller: glimmer, leftEnd: 2347, rightEnd: 2619, strand: -, length: 273, contig: contig_1238, protein: unknown, score1: 0.5, score2: 0.0
Unique gene call 13
  --  Gene No. 9, gene caller: phanotate, leftEnd: 2625, rightEnd: 3095, strand: -, length: 471, contig: contig_1238, protein: unknown, score1: 0.8333333333333333, score2: 0.0
  --  Gene No. 6, gene caller: prodigal, leftEnd: 2625, rightEnd: 3095, strand: -, length: 471, contig: contig_1238, protein: unknown, score1: 0.8333333333333333, score2: 0.0
Unique gene call 14
  --  Gene No. 3, gene caller: glimmer, leftEnd: 3096, rightEnd: 3710, strand: -, length: 615, contig: contig_1238, protein: unknown, score1: 1.0, score2: 0.0
  --  Gene No. 10, gene caller: phanotate, leftEnd: 3096, rightEnd: 3710, strand: -, length: 615, contig: contig_1238, protein: unknown, score1: 1.0, score2: 0.0
  --  Gene No. 7, gene caller: prodigal, leftEnd: 3096, rightEnd: 3710, strand: -, length: 615, contig: contig_1238, protein: unknown, score1: 1.0, score2: 0.0
Unique gene call 15
  --  Gene No. 8, gene caller: prodigal, leftEnd: 3694, rightEnd: 4464, strand: -, length: 771, contig: contig_1238, protein: unknown, score1: 0.5, score2: 0.0
Unique gene call 16
  --  Gene No. 4, gene caller: glimmer, leftEnd: 3694, rightEnd: 4491, strand: -, length: 798, contig: contig_1238, protein: unknown, score1: 0.8333333333333333, score2: 0.0
  --  Gene No. 11, gene caller: phanotate, leftEnd: 3694, rightEnd: 4491, strand: -, length: 798, contig: contig_1238, protein: unknown, score1: 0.8333333333333333, score2: 0.0
Unique gene call 17
  --  Gene No. 12, gene caller: phanotate, leftEnd: 4554, rightEnd: 4958, strand: -, length: 405, contig: contig_1238, protein: unknown, score1: 0.8333333333333333, score2: 0.0
  --  Gene No. 9, gene caller: prodigal, leftEnd: 4554, rightEnd: 4958, strand: -, length: 405, contig: contig_1238, protein: unknown, score1: 0.8333333333333333, score2: 0.0
Unique gene call 18
  --  Gene No. 13, gene caller: phanotate, leftEnd: 4977, rightEnd: 5096, strand: -, length: 120, contig: contig_1238, protein: unknown, score1: 0.5, score2: 0.0
Unique gene call 19
  --  Gene No. 10, gene caller: prodigal, leftEnd: 4977, rightEnd: 5102, strand: -, length: 126, contig: contig_1238, protein: unknown, score1: 0.5, score2: 0.0
Unique gene call 20
  --  Gene No. 5, gene caller: glimmer, leftEnd: 5099, rightEnd: 5272, strand: -, length: 174, contig: contig_1238, protein: unknown, score1: 0.5, score2: 0.0
Unique gene call 21
  --  Gene No. 14, gene caller: phanotate, leftEnd: 5099, rightEnd: 5281, strand: -, length: 183, contig: contig_1238, protein: unknown, score1: 0.8333333333333333, score2: 0.0
  --  Gene No. 11, gene caller: prodigal, leftEnd: 5099, rightEnd: 5281, strand: -, length: 183, contig: contig_1238, protein: unknown, score1: 0.8333333333333333, score2: 0.0
Code complete at 2021-04-21 09:32:06.755853
