Opening log at 2021-04-21 09:38:28.287017
Iterating through fileSet at 2021-04-21 09:38:28.287191
fileSet is ['/home/james/Software/multiPhATE2/PipelineOutput/contig_2887/commoncore.cgc', '/home/james/Software/multiPhATE2/PipelineOutput/contig_2887/consensus.cgc', '/home/james/Software/multiPhATE2/PipelineOutput/contig_2887/glimmer.cgc', '/home/james/Software/multiPhATE2/PipelineOutput/contig_2887/phanotate.cgc', '/home/james/Software/multiPhATE2/PipelineOutput/contig_2887/prodigal.cgc', '/home/james/Software/multiPhATE2/PipelineOutput/contig_2887/superset.cgc']
Opening geneFile /home/james/Software/multiPhATE2/PipelineOutput/contig_2887/commoncore.cgc
Adding calls from geneFile /home/james/Software/multiPhATE2/PipelineOutput/contig_2887/commoncore.cgc
Appending call set  number of calls is: 0
Opening geneFile /home/james/Software/multiPhATE2/PipelineOutput/contig_2887/consensus.cgc
Adding calls from geneFile /home/james/Software/multiPhATE2/PipelineOutput/contig_2887/consensus.cgc
Appending call set  number of calls is: 0
Opening geneFile /home/james/Software/multiPhATE2/PipelineOutput/contig_2887/glimmer.cgc
Adding calls from geneFile /home/james/Software/multiPhATE2/PipelineOutput/contig_2887/glimmer.cgc
Appending call set  number of calls is: 19
Opening geneFile /home/james/Software/multiPhATE2/PipelineOutput/contig_2887/phanotate.cgc
Adding calls from geneFile /home/james/Software/multiPhATE2/PipelineOutput/contig_2887/phanotate.cgc
Appending call set  number of calls is: 26
Opening geneFile /home/james/Software/multiPhATE2/PipelineOutput/contig_2887/prodigal.cgc
Adding calls from geneFile /home/james/Software/multiPhATE2/PipelineOutput/contig_2887/prodigal.cgc
Appending call set  number of calls is: 17
Opening geneFile /home/james/Software/multiPhATE2/PipelineOutput/contig_2887/superset.cgc
Adding calls from geneFile /home/james/Software/multiPhATE2/PipelineOutput/contig_2887/superset.cgc
Appending call set  number of calls is: 0
All call sets have been added to caller list. Number of call sets in callerList: 6
callerList is   glimmer phanotate prodigal  
Total number of gene calls across callerList call sets is: 62
Sorting gene calls for each caller
Processing a callSet
Before sorting, Length of callerList for caller  is 0
After sorting, Length of callerList for caller  is 0
Processing a callSet
Before sorting, Length of callerList for caller  is 0
After sorting, Length of callerList for caller  is 0
Processing a callSet
Before sorting, Length of callerList for caller glimmer is 19
After sorting, Length of callerList for caller glimmer is 19
Processing a callSet
Before sorting, Length of callerList for caller phanotate is 26
After sorting, Length of callerList for caller phanotate is 26
Processing a callSet
Before sorting, Length of callerList for caller prodigal is 17
After sorting, Length of callerList for caller prodigal is 17
Processing a callSet
Before sorting, Length of callerList for caller  is 0
After sorting, Length of callerList for caller  is 0
callSet processing complete
Comparing across the call sets...
Merging the geneCall sets....
Final merged genes:

***************Merge List
1	Gene No. 1, gene caller: phanotate, leftEnd: 1, rightEnd: 231, strand: -, length: 231, contig: contig_2887, protein: unknown, score1: 1.0, score2: 0.0
2	Gene No. 1, gene caller: prodigal, leftEnd: 1, rightEnd: 231, strand: -, length: 231, contig: contig_2887, protein: unknown, score1: 1.0, score2: 0.0
3	Gene No. 1, gene caller: glimmer, leftEnd: 233, rightEnd: 460, strand: -, length: 228, contig: contig_2887, protein: unknown, score1: 1.0, score2: 0.0
4	Gene No. 2, gene caller: phanotate, leftEnd: 233, rightEnd: 460, strand: -, length: 228, contig: contig_2887, protein: unknown, score1: 1.0, score2: 0.0
5	Gene No. 2, gene caller: prodigal, leftEnd: 233, rightEnd: 460, strand: -, length: 228, contig: contig_2887, protein: unknown, score1: 1.0, score2: 0.0
6	Gene No. 2, gene caller: glimmer, leftEnd: 460, rightEnd: 684, strand: -, length: 225, contig: contig_2887, protein: unknown, score1: 1.0, score2: 0.0
7	Gene No. 3, gene caller: phanotate, leftEnd: 460, rightEnd: 684, strand: -, length: 225, contig: contig_2887, protein: unknown, score1: 1.0, score2: 0.0
8	Gene No. 3, gene caller: prodigal, leftEnd: 460, rightEnd: 684, strand: -, length: 225, contig: contig_2887, protein: unknown, score1: 1.0, score2: 0.0
9	Gene No. 3, gene caller: glimmer, leftEnd: 688, rightEnd: 2790, strand: -, length: 2103, contig: contig_2887, protein: unknown, score1: 1.0, score2: 0.0
10	Gene No. 4, gene caller: phanotate, leftEnd: 688, rightEnd: 2790, strand: -, length: 2103, contig: contig_2887, protein: unknown, score1: 1.0, score2: 0.0
11	Gene No. 4, gene caller: prodigal, leftEnd: 688, rightEnd: 2790, strand: -, length: 2103, contig: contig_2887, protein: unknown, score1: 1.0, score2: 0.0
12	Gene No. 5, gene caller: phanotate, leftEnd: 2768, rightEnd: 3094, strand: -, length: 327, contig: contig_2887, protein: unknown, score1: 1.0, score2: 0.0
13	Gene No. 5, gene caller: prodigal, leftEnd: 2768, rightEnd: 3094, strand: -, length: 327, contig: contig_2887, protein: unknown, score1: 1.0, score2: 0.0
14	Gene No. 4, gene caller: glimmer, leftEnd: 2768, rightEnd: 3142, strand: -, length: 375, contig: contig_2887, protein: unknown, score1: 1.0, score2: 0.0
15	Gene No. 5, gene caller: glimmer, leftEnd: 3164, rightEnd: 3739, strand: -, length: 576, contig: contig_2887, protein: unknown, score1: 1.0, score2: 0.0
16	Gene No. 6, gene caller: phanotate, leftEnd: 3164, rightEnd: 3745, strand: -, length: 582, contig: contig_2887, protein: unknown, score1: 1.0, score2: 0.0
17	Gene No. 6, gene caller: prodigal, leftEnd: 3164, rightEnd: 3745, strand: -, length: 582, contig: contig_2887, protein: unknown, score1: 1.0, score2: 0.0
18	Gene No. 6, gene caller: glimmer, leftEnd: 3748, rightEnd: 4986, strand: -, length: 1239, contig: contig_2887, protein: unknown, score1: 1.0, score2: 0.0
19	Gene No. 7, gene caller: phanotate, leftEnd: 3748, rightEnd: 4986, strand: -, length: 1239, contig: contig_2887, protein: unknown, score1: 1.0, score2: 0.0
20	Gene No. 7, gene caller: prodigal, leftEnd: 3748, rightEnd: 4986, strand: -, length: 1239, contig: contig_2887, protein: unknown, score1: 1.0, score2: 0.0
21	Gene No. 7, gene caller: glimmer, leftEnd: 4996, rightEnd: 5406, strand: -, length: 411, contig: contig_2887, protein: unknown, score1: 1.0, score2: 0.0
22	Gene No. 8, gene caller: phanotate, leftEnd: 4996, rightEnd: 5427, strand: -, length: 432, contig: contig_2887, protein: unknown, score1: 1.0, score2: 0.0
23	Gene No. 8, gene caller: prodigal, leftEnd: 4996, rightEnd: 5427, strand: -, length: 432, contig: contig_2887, protein: unknown, score1: 1.0, score2: 0.0
24	Gene No. 9, gene caller: phanotate, leftEnd: 5393, rightEnd: 5698, strand: -, length: 306, contig: contig_2887, protein: unknown, score1: 1.0, score2: 0.0
25	Gene No. 8, gene caller: glimmer, leftEnd: 5431, rightEnd: 5580, strand: -, length: 150, contig: contig_2887, protein: unknown, score1: 1.0, score2: 0.0
26	Gene No. 9, gene caller: glimmer, leftEnd: 5787, rightEnd: 6131, strand: -, length: 345, contig: contig_2887, protein: unknown, score1: 1.0, score2: 0.0
27	Gene No. 10, gene caller: phanotate, leftEnd: 5787, rightEnd: 6131, strand: -, length: 345, contig: contig_2887, protein: unknown, score1: 1.0, score2: 0.0
28	Gene No. 9, gene caller: prodigal, leftEnd: 5787, rightEnd: 6131, strand: -, length: 345, contig: contig_2887, protein: unknown, score1: 1.0, score2: 0.0
29	Gene No. 10, gene caller: glimmer, leftEnd: 6136, rightEnd: 6366, strand: -, length: 231, contig: contig_2887, protein: unknown, score1: 1.0, score2: 0.0
30	Gene No. 11, gene caller: phanotate, leftEnd: 6136, rightEnd: 6366, strand: -, length: 231, contig: contig_2887, protein: unknown, score1: 1.0, score2: 0.0
31	Gene No. 12, gene caller: phanotate, leftEnd: 6399, rightEnd: 6491, strand: -, length: 93, contig: contig_2887, protein: unknown, score1: 1.0, score2: 0.0
32	Gene No. 11, gene caller: glimmer, leftEnd: 6577, rightEnd: 6732, strand: -, length: 156, contig: contig_2887, protein: unknown, score1: 1.0, score2: 0.0
33	Gene No. 13, gene caller: phanotate, leftEnd: 6577, rightEnd: 6732, strand: -, length: 156, contig: contig_2887, protein: unknown, score1: 1.0, score2: 0.0
34	Gene No. 12, gene caller: glimmer, leftEnd: 6767, rightEnd: 7309, strand: -, length: 543, contig: contig_2887, protein: unknown, score1: 1.0, score2: 0.0
35	Gene No. 14, gene caller: phanotate, leftEnd: 6767, rightEnd: 7309, strand: -, length: 543, contig: contig_2887, protein: unknown, score1: 1.0, score2: 0.0
36	Gene No. 10, gene caller: prodigal, leftEnd: 6767, rightEnd: 7309, strand: -, length: 543, contig: contig_2887, protein: unknown, score1: 1.0, score2: 0.0
37	Gene No. 15, gene caller: phanotate, leftEnd: 7326, rightEnd: 7424, strand: +, length: 99, contig: contig_2887, protein: unknown, score1: 1.0, score2: 0.0
38	Gene No. 16, gene caller: phanotate, leftEnd: 7405, rightEnd: 7500, strand: +, length: 96, contig: contig_2887, protein: unknown, score1: 1.0, score2: 0.0
39	Gene No. 13, gene caller: glimmer, leftEnd: 7505, rightEnd: 7747, strand: +, length: 243, contig: contig_2887, protein: unknown, score1: 1.0, score2: 0.0
40	Gene No. 17, gene caller: phanotate, leftEnd: 7505, rightEnd: 7747, strand: +, length: 243, contig: contig_2887, protein: unknown, score1: 1.0, score2: 0.0
41	Gene No. 11, gene caller: prodigal, leftEnd: 7505, rightEnd: 7747, strand: +, length: 243, contig: contig_2887, protein: unknown, score1: 1.0, score2: 0.0
42	Gene No. 14, gene caller: glimmer, leftEnd: 7778, rightEnd: 7975, strand: -, length: 198, contig: contig_2887, protein: unknown, score1: 1.0, score2: 0.0
43	Gene No. 18, gene caller: phanotate, leftEnd: 7778, rightEnd: 7975, strand: -, length: 198, contig: contig_2887, protein: unknown, score1: 1.0, score2: 0.0
44	Gene No. 12, gene caller: prodigal, leftEnd: 7778, rightEnd: 7975, strand: -, length: 198, contig: contig_2887, protein: unknown, score1: 1.0, score2: 0.0
45	Gene No. 19, gene caller: phanotate, leftEnd: 8003, rightEnd: 8173, strand: +, length: 171, contig: contig_2887, protein: unknown, score1: 1.0, score2: 0.0
46	Gene No. 20, gene caller: phanotate, leftEnd: 8303, rightEnd: 8629, strand: -, length: 327, contig: contig_2887, protein: unknown, score1: 1.0, score2: 0.0
47	Gene No. 15, gene caller: glimmer, leftEnd: 8303, rightEnd: 8770, strand: -, length: 468, contig: contig_2887, protein: unknown, score1: 1.0, score2: 0.0
48	Gene No. 13, gene caller: prodigal, leftEnd: 8303, rightEnd: 8770, strand: -, length: 468, contig: contig_2887, protein: unknown, score1: 1.0, score2: 0.0
49	Gene No. 21, gene caller: phanotate, leftEnd: 8620, rightEnd: 8745, strand: -, length: 126, contig: contig_2887, protein: unknown, score1: 1.0, score2: 0.0
50	Gene No. 16, gene caller: glimmer, leftEnd: 8808, rightEnd: 10451, strand: -, length: 1644, contig: contig_2887, protein: unknown, score1: 1.0, score2: 0.0
51	Gene No. 22, gene caller: phanotate, leftEnd: 8808, rightEnd: 10451, strand: -, length: 1644, contig: contig_2887, protein: unknown, score1: 1.0, score2: 0.0
52	Gene No. 14, gene caller: prodigal, leftEnd: 8808, rightEnd: 10451, strand: -, length: 1644, contig: contig_2887, protein: unknown, score1: 1.0, score2: 0.0
53	Gene No. 17, gene caller: glimmer, leftEnd: 10453, rightEnd: 10653, strand: -, length: 201, contig: contig_2887, protein: unknown, score1: 1.0, score2: 0.0
54	Gene No. 23, gene caller: phanotate, leftEnd: 10453, rightEnd: 10653, strand: -, length: 201, contig: contig_2887, protein: unknown, score1: 1.0, score2: 0.0
55	Gene No. 18, gene caller: glimmer, leftEnd: 10768, rightEnd: 11433, strand: +, length: 666, contig: contig_2887, protein: unknown, score1: 1.0, score2: 0.0
56	Gene No. 24, gene caller: phanotate, leftEnd: 10783, rightEnd: 11433, strand: +, length: 651, contig: contig_2887, protein: unknown, score1: 1.0, score2: 0.0
57	Gene No. 15, gene caller: prodigal, leftEnd: 10783, rightEnd: 11433, strand: +, length: 651, contig: contig_2887, protein: unknown, score1: 1.0, score2: 0.0
58	Gene No. 19, gene caller: glimmer, leftEnd: 11417, rightEnd: 11758, strand: +, length: 342, contig: contig_2887, protein: unknown, score1: 1.0, score2: 0.0
59	Gene No. 25, gene caller: phanotate, leftEnd: 11417, rightEnd: 11758, strand: +, length: 342, contig: contig_2887, protein: unknown, score1: 1.0, score2: 0.0
60	Gene No. 16, gene caller: prodigal, leftEnd: 11417, rightEnd: 11758, strand: +, length: 342, contig: contig_2887, protein: unknown, score1: 1.0, score2: 0.0
61	Gene No. 26, gene caller: phanotate, leftEnd: 12026, rightEnd: 12211, strand: -, length: 186, contig: contig_2887, protein: unknown, score1: 1.0, score2: 0.0
62	Gene No. 17, gene caller: prodigal, leftEnd: 12132, rightEnd: 12212, strand: +, length: 81, contig: contig_2887, protein: unknown, score1: 1.0, score2: 0.0
Comparing across geneCall sets....
Scoring gene calls....
Identifying common core...
This is the Common Core List:

***************Common Core
CC-gene 1	Gene No. 1, gene caller: All_callers, leftEnd: 233, rightEnd: 460, strand: -, length: 228, contig: contig_2887, protein: unknown, score1: 1.0, score2: 0.0
CC-gene 2	Gene No. 1, gene caller: All_callers, leftEnd: 460, rightEnd: 684, strand: -, length: 225, contig: contig_2887, protein: unknown, score1: 1.0, score2: 0.0
CC-gene 3	Gene No. 1, gene caller: All_callers, leftEnd: 688, rightEnd: 2790, strand: -, length: 2103, contig: contig_2887, protein: unknown, score1: 1.0, score2: 0.0
CC-gene 4	Gene No. 1, gene caller: All_callers, leftEnd: 3748, rightEnd: 4986, strand: -, length: 1239, contig: contig_2887, protein: unknown, score1: 1.0, score2: 0.0
CC-gene 5	Gene No. 1, gene caller: All_callers, leftEnd: 5787, rightEnd: 6131, strand: -, length: 345, contig: contig_2887, protein: unknown, score1: 1.0, score2: 0.0
CC-gene 6	Gene No. 1, gene caller: All_callers, leftEnd: 6767, rightEnd: 7309, strand: -, length: 543, contig: contig_2887, protein: unknown, score1: 1.0, score2: 0.0
CC-gene 7	Gene No. 1, gene caller: All_callers, leftEnd: 7505, rightEnd: 7747, strand: +, length: 243, contig: contig_2887, protein: unknown, score1: 1.0, score2: 0.0
CC-gene 8	Gene No. 1, gene caller: All_callers, leftEnd: 7778, rightEnd: 7975, strand: -, length: 198, contig: contig_2887, protein: unknown, score1: 1.0, score2: 0.0
CC-gene 9	Gene No. 1, gene caller: All_callers, leftEnd: 8808, rightEnd: 10451, strand: -, length: 1644, contig: contig_2887, protein: unknown, score1: 1.0, score2: 0.0
CC-gene 10	Gene No. 1, gene caller: All_callers, leftEnd: 11417, rightEnd: 11758, strand: +, length: 342, contig: contig_2887, protein: unknown, score1: 1.0, score2: 0.0
Printing gene-call superset, consensus, and common_core in GFF and CGC formats
Printing report....
The following gene callers were considered: glimmer, phanotate, prodigal, The number of distinct gene calls over all gene callers is 33
The number of gene calls in common among all callers is 10
The number of unique (non-matching) gene calls is14
Caller glimmer produced 19 gene calls.
Caller glimmer gene-call length stats:  min: 150, max: 2103, ave: 544.421052631579
Caller phanotate produced 26 gene calls.
Caller phanotate gene-call length stats:  min: 93, max: 2103, ave: 435.5769230769231
Caller prodigal produced 17 gene calls.
Caller prodigal gene-call length stats:  min: 81, max: 2103, ave: 581.2941176470588

Gene-call Scores:
Caller	Contig	Gene No.	Left End	Right End	Strand	gcScore
phanotate	contig_2887	1	1	231	-	0.83
prodigal	contig_2887	1	1	231	-	0.83
glimmer	contig_2887	1	233	460	-	1.00
phanotate	contig_2887	2	233	460	-	1.00
prodigal	contig_2887	2	233	460	-	1.00
glimmer	contig_2887	2	460	684	-	1.00
phanotate	contig_2887	3	460	684	-	1.00
prodigal	contig_2887	3	460	684	-	1.00
glimmer	contig_2887	3	688	2790	-	1.00
phanotate	contig_2887	4	688	2790	-	1.00
prodigal	contig_2887	4	688	2790	-	1.00
phanotate	contig_2887	5	2768	3094	-	0.83
prodigal	contig_2887	5	2768	3094	-	0.83
glimmer	contig_2887	4	2768	3142	-	0.50
glimmer	contig_2887	5	3164	3739	-	0.50
phanotate	contig_2887	6	3164	3745	-	0.83
prodigal	contig_2887	6	3164	3745	-	0.83
glimmer	contig_2887	6	3748	4986	-	1.00
phanotate	contig_2887	7	3748	4986	-	1.00
prodigal	contig_2887	7	3748	4986	-	1.00
glimmer	contig_2887	7	4996	5406	-	0.50
phanotate	contig_2887	8	4996	5427	-	0.83
prodigal	contig_2887	8	4996	5427	-	0.83
phanotate	contig_2887	9	5393	5698	-	0.33
glimmer	contig_2887	8	5431	5580	-	0.33
glimmer	contig_2887	9	5787	6131	-	1.00
phanotate	contig_2887	10	5787	6131	-	1.00
prodigal	contig_2887	9	5787	6131	-	1.00
glimmer	contig_2887	10	6136	6366	-	0.83
phanotate	contig_2887	11	6136	6366	-	0.83
phanotate	contig_2887	12	6399	6491	-	0.33
glimmer	contig_2887	11	6577	6732	-	0.83
phanotate	contig_2887	13	6577	6732	-	0.83
glimmer	contig_2887	12	6767	7309	-	1.00
phanotate	contig_2887	14	6767	7309	-	1.00
prodigal	contig_2887	10	6767	7309	-	1.00
phanotate	contig_2887	15	7326	7424	+	0.33
phanotate	contig_2887	16	7405	7500	+	0.33
glimmer	contig_2887	13	7505	7747	+	1.00
phanotate	contig_2887	17	7505	7747	+	1.00
prodigal	contig_2887	11	7505	7747	+	1.00
glimmer	contig_2887	14	7778	7975	-	1.00
phanotate	contig_2887	18	7778	7975	-	1.00
prodigal	contig_2887	12	7778	7975	-	1.00
phanotate	contig_2887	19	8003	8173	+	0.33
phanotate	contig_2887	20	8303	8629	-	0.50
glimmer	contig_2887	15	8303	8770	-	0.83
prodigal	contig_2887	13	8303	8770	-	0.83
phanotate	contig_2887	21	8620	8745	-	0.33
glimmer	contig_2887	16	8808	10451	-	1.00
phanotate	contig_2887	22	8808	10451	-	1.00
prodigal	contig_2887	14	8808	10451	-	1.00
glimmer	contig_2887	17	10453	10653	-	0.83
phanotate	contig_2887	23	10453	10653	-	0.83
glimmer	contig_2887	18	10768	11433	+	0.50
phanotate	contig_2887	24	10783	11433	+	0.83
prodigal	contig_2887	15	10783	11433	+	0.83
glimmer	contig_2887	19	11417	11758	+	1.00
phanotate	contig_2887	25	11417	11758	+	1.00
prodigal	contig_2887	16	11417	11758	+	1.00
phanotate	contig_2887	26	12026	12211	-	0.33
prodigal	contig_2887	17	12132	12212	+	0.33

Gene-call Consensus Scores:
Caller glimmer average gene-call score: 0.82
Caller phanotate average gene-call score: 0.75
Caller prodigal average gene-call score: 0.90

***************Unique List
Unique gene call 1
  --  Gene No. 1, gene caller: phanotate, leftEnd: 1, rightEnd: 231, strand: -, length: 231, contig: contig_2887, protein: unknown, score1: 0.8333333333333333, score2: 0.0
  --  Gene No. 1, gene caller: prodigal, leftEnd: 1, rightEnd: 231, strand: -, length: 231, contig: contig_2887, protein: unknown, score1: 0.8333333333333333, score2: 0.0
Unique gene call 2
  --  Gene No. 1, gene caller: glimmer, leftEnd: 233, rightEnd: 460, strand: -, length: 228, contig: contig_2887, protein: unknown, score1: 1.0, score2: 0.0
  --  Gene No. 2, gene caller: phanotate, leftEnd: 233, rightEnd: 460, strand: -, length: 228, contig: contig_2887, protein: unknown, score1: 1.0, score2: 0.0
  --  Gene No. 2, gene caller: prodigal, leftEnd: 233, rightEnd: 460, strand: -, length: 228, contig: contig_2887, protein: unknown, score1: 1.0, score2: 0.0
Unique gene call 3
  --  Gene No. 2, gene caller: glimmer, leftEnd: 460, rightEnd: 684, strand: -, length: 225, contig: contig_2887, protein: unknown, score1: 1.0, score2: 0.0
  --  Gene No. 3, gene caller: phanotate, leftEnd: 460, rightEnd: 684, strand: -, length: 225, contig: contig_2887, protein: unknown, score1: 1.0, score2: 0.0
  --  Gene No. 3, gene caller: prodigal, leftEnd: 460, rightEnd: 684, strand: -, length: 225, contig: contig_2887, protein: unknown, score1: 1.0, score2: 0.0
Unique gene call 4
  --  Gene No. 3, gene caller: glimmer, leftEnd: 688, rightEnd: 2790, strand: -, length: 2103, contig: contig_2887, protein: unknown, score1: 1.0, score2: 0.0
  --  Gene No. 4, gene caller: phanotate, leftEnd: 688, rightEnd: 2790, strand: -, length: 2103, contig: contig_2887, protein: unknown, score1: 1.0, score2: 0.0
  --  Gene No. 4, gene caller: prodigal, leftEnd: 688, rightEnd: 2790, strand: -, length: 2103, contig: contig_2887, protein: unknown, score1: 1.0, score2: 0.0
Unique gene call 5
  --  Gene No. 5, gene caller: phanotate, leftEnd: 2768, rightEnd: 3094, strand: -, length: 327, contig: contig_2887, protein: unknown, score1: 0.8333333333333333, score2: 0.0
  --  Gene No. 5, gene caller: prodigal, leftEnd: 2768, rightEnd: 3094, strand: -, length: 327, contig: contig_2887, protein: unknown, score1: 0.8333333333333333, score2: 0.0
Unique gene call 6
  --  Gene No. 4, gene caller: glimmer, leftEnd: 2768, rightEnd: 3142, strand: -, length: 375, contig: contig_2887, protein: unknown, score1: 0.5, score2: 0.0
Unique gene call 7
  --  Gene No. 5, gene caller: glimmer, leftEnd: 3164, rightEnd: 3739, strand: -, length: 576, contig: contig_2887, protein: unknown, score1: 0.5, score2: 0.0
Unique gene call 8
  --  Gene No. 6, gene caller: phanotate, leftEnd: 3164, rightEnd: 3745, strand: -, length: 582, contig: contig_2887, protein: unknown, score1: 0.8333333333333333, score2: 0.0
  --  Gene No. 6, gene caller: prodigal, leftEnd: 3164, rightEnd: 3745, strand: -, length: 582, contig: contig_2887, protein: unknown, score1: 0.8333333333333333, score2: 0.0
Unique gene call 9
  --  Gene No. 6, gene caller: glimmer, leftEnd: 3748, rightEnd: 4986, strand: -, length: 1239, contig: contig_2887, protein: unknown, score1: 1.0, score2: 0.0
  --  Gene No. 7, gene caller: phanotate, leftEnd: 3748, rightEnd: 4986, strand: -, length: 1239, contig: contig_2887, protein: unknown, score1: 1.0, score2: 0.0
  --  Gene No. 7, gene caller: prodigal, leftEnd: 3748, rightEnd: 4986, strand: -, length: 1239, contig: contig_2887, protein: unknown, score1: 1.0, score2: 0.0
Unique gene call 10
  --  Gene No. 7, gene caller: glimmer, leftEnd: 4996, rightEnd: 5406, strand: -, length: 411, contig: contig_2887, protein: unknown, score1: 0.5, score2: 0.0
Unique gene call 11
  --  Gene No. 8, gene caller: phanotate, leftEnd: 4996, rightEnd: 5427, strand: -, length: 432, contig: contig_2887, protein: unknown, score1: 0.8333333333333333, score2: 0.0
  --  Gene No. 8, gene caller: prodigal, leftEnd: 4996, rightEnd: 5427, strand: -, length: 432, contig: contig_2887, protein: unknown, score1: 0.8333333333333333, score2: 0.0
Unique gene call 12
  --  Gene No. 9, gene caller: phanotate, leftEnd: 5393, rightEnd: 5698, strand: -, length: 306, contig: contig_2887, protein: unknown, score1: 0.3333333333333333, score2: 0.0
Unique gene call 13
  --  Gene No. 8, gene caller: glimmer, leftEnd: 5431, rightEnd: 5580, strand: -, length: 150, contig: contig_2887, protein: unknown, score1: 0.3333333333333333, score2: 0.0
Unique gene call 14
  --  Gene No. 9, gene caller: glimmer, leftEnd: 5787, rightEnd: 6131, strand: -, length: 345, contig: contig_2887, protein: unknown, score1: 1.0, score2: 0.0
  --  Gene No. 10, gene caller: phanotate, leftEnd: 5787, rightEnd: 6131, strand: -, length: 345, contig: contig_2887, protein: unknown, score1: 1.0, score2: 0.0
  --  Gene No. 9, gene caller: prodigal, leftEnd: 5787, rightEnd: 6131, strand: -, length: 345, contig: contig_2887, protein: unknown, score1: 1.0, score2: 0.0
Unique gene call 15
  --  Gene No. 10, gene caller: glimmer, leftEnd: 6136, rightEnd: 6366, strand: -, length: 231, contig: contig_2887, protein: unknown, score1: 0.8333333333333333, score2: 0.0
  --  Gene No. 11, gene caller: phanotate, leftEnd: 6136, rightEnd: 6366, strand: -, length: 231, contig: contig_2887, protein: unknown, score1: 0.8333333333333333, score2: 0.0
Unique gene call 16
  --  Gene No. 12, gene caller: phanotate, leftEnd: 6399, rightEnd: 6491, strand: -, length: 93, contig: contig_2887, protein: unknown, score1: 0.3333333333333333, score2: 0.0
Unique gene call 17
  --  Gene No. 11, gene caller: glimmer, leftEnd: 6577, rightEnd: 6732, strand: -, length: 156, contig: contig_2887, protein: unknown, score1: 0.8333333333333333, score2: 0.0
  --  Gene No. 13, gene caller: phanotate, leftEnd: 6577, rightEnd: 6732, strand: -, length: 156, contig: contig_2887, protein: unknown, score1: 0.8333333333333333, score2: 0.0
Unique gene call 18
  --  Gene No. 12, gene caller: glimmer, leftEnd: 6767, rightEnd: 7309, strand: -, length: 543, contig: contig_2887, protein: unknown, score1: 1.0, score2: 0.0
  --  Gene No. 14, gene caller: phanotate, leftEnd: 6767, rightEnd: 7309, strand: -, length: 543, contig: contig_2887, protein: unknown, score1: 1.0, score2: 0.0
  --  Gene No. 10, gene caller: prodigal, leftEnd: 6767, rightEnd: 7309, strand: -, length: 543, contig: contig_2887, protein: unknown, score1: 1.0, score2: 0.0
Unique gene call 19
  --  Gene No. 15, gene caller: phanotate, leftEnd: 7326, rightEnd: 7424, strand: +, length: 99, contig: contig_2887, protein: unknown, score1: 0.3333333333333333, score2: 0.0
Unique gene call 20
  --  Gene No. 16, gene caller: phanotate, leftEnd: 7405, rightEnd: 7500, strand: +, length: 96, contig: contig_2887, protein: unknown, score1: 0.3333333333333333, score2: 0.0
Unique gene call 21
  --  Gene No. 13, gene caller: glimmer, leftEnd: 7505, rightEnd: 7747, strand: +, length: 243, contig: contig_2887, protein: unknown, score1: 1.0, score2: 0.0
  --  Gene No. 17, gene caller: phanotate, leftEnd: 7505, rightEnd: 7747, strand: +, length: 243, contig: contig_2887, protein: unknown, score1: 1.0, score2: 0.0
  --  Gene No. 11, gene caller: prodigal, leftEnd: 7505, rightEnd: 7747, strand: +, length: 243, contig: contig_2887, protein: unknown, score1: 1.0, score2: 0.0
Unique gene call 22
  --  Gene No. 14, gene caller: glimmer, leftEnd: 7778, rightEnd: 7975, strand: -, length: 198, contig: contig_2887, protein: unknown, score1: 1.0, score2: 0.0
  --  Gene No. 18, gene caller: phanotate, leftEnd: 7778, rightEnd: 7975, strand: -, length: 198, contig: contig_2887, protein: unknown, score1: 1.0, score2: 0.0
  --  Gene No. 12, gene caller: prodigal, leftEnd: 7778, rightEnd: 7975, strand: -, length: 198, contig: contig_2887, protein: unknown, score1: 1.0, score2: 0.0
Unique gene call 23
  --  Gene No. 19, gene caller: phanotate, leftEnd: 8003, rightEnd: 8173, strand: +, length: 171, contig: contig_2887, protein: unknown, score1: 0.3333333333333333, score2: 0.0
Unique gene call 24
  --  Gene No. 20, gene caller: phanotate, leftEnd: 8303, rightEnd: 8629, strand: -, length: 327, contig: contig_2887, protein: unknown, score1: 0.5, score2: 0.0
Unique gene call 25
  --  Gene No. 15, gene caller: glimmer, leftEnd: 8303, rightEnd: 8770, strand: -, length: 468, contig: contig_2887, protein: unknown, score1: 0.8333333333333333, score2: 0.0
  --  Gene No. 13, gene caller: prodigal, leftEnd: 8303, rightEnd: 8770, strand: -, length: 468, contig: contig_2887, protein: unknown, score1: 0.8333333333333333, score2: 0.0
Unique gene call 26
  --  Gene No. 21, gene caller: phanotate, leftEnd: 8620, rightEnd: 8745, strand: -, length: 126, contig: contig_2887, protein: unknown, score1: 0.3333333333333333, score2: 0.0
Unique gene call 27
  --  Gene No. 16, gene caller: glimmer, leftEnd: 8808, rightEnd: 10451, strand: -, length: 1644, contig: contig_2887, protein: unknown, score1: 1.0, score2: 0.0
  --  Gene No. 22, gene caller: phanotate, leftEnd: 8808, rightEnd: 10451, strand: -, length: 1644, contig: contig_2887, protein: unknown, score1: 1.0, score2: 0.0
  --  Gene No. 14, gene caller: prodigal, leftEnd: 8808, rightEnd: 10451, strand: -, length: 1644, contig: contig_2887, protein: unknown, score1: 1.0, score2: 0.0
Unique gene call 28
  --  Gene No. 17, gene caller: glimmer, leftEnd: 10453, rightEnd: 10653, strand: -, length: 201, contig: contig_2887, protein: unknown, score1: 0.8333333333333333, score2: 0.0
  --  Gene No. 23, gene caller: phanotate, leftEnd: 10453, rightEnd: 10653, strand: -, length: 201, contig: contig_2887, protein: unknown, score1: 0.8333333333333333, score2: 0.0
Unique gene call 29
  --  Gene No. 18, gene caller: glimmer, leftEnd: 10768, rightEnd: 11433, strand: +, length: 666, contig: contig_2887, protein: unknown, score1: 0.5, score2: 0.0
Unique gene call 30
  --  Gene No. 24, gene caller: phanotate, leftEnd: 10783, rightEnd: 11433, strand: +, length: 651, contig: contig_2887, protein: unknown, score1: 0.8333333333333333, score2: 0.0
  --  Gene No. 15, gene caller: prodigal, leftEnd: 10783, rightEnd: 11433, strand: +, length: 651, contig: contig_2887, protein: unknown, score1: 0.8333333333333333, score2: 0.0
Unique gene call 31
  --  Gene No. 19, gene caller: glimmer, leftEnd: 11417, rightEnd: 11758, strand: +, length: 342, contig: contig_2887, protein: unknown, score1: 1.0, score2: 0.0
  --  Gene No. 25, gene caller: phanotate, leftEnd: 11417, rightEnd: 11758, strand: +, length: 342, contig: contig_2887, protein: unknown, score1: 1.0, score2: 0.0
  --  Gene No. 16, gene caller: prodigal, leftEnd: 11417, rightEnd: 11758, strand: +, length: 342, contig: contig_2887, protein: unknown, score1: 1.0, score2: 0.0
Unique gene call 32
  --  Gene No. 26, gene caller: phanotate, leftEnd: 12026, rightEnd: 12211, strand: -, length: 186, contig: contig_2887, protein: unknown, score1: 0.3333333333333333, score2: 0.0
Unique gene call 33
  --  Gene No. 17, gene caller: prodigal, leftEnd: 12132, rightEnd: 12212, strand: +, length: 81, contig: contig_2887, protein: unknown, score1: 0.3333333333333333, score2: 0.0
Code complete at 2021-04-21 09:38:28.297885
