Opening log at 2021-04-21 09:34:16.657574
Iterating through fileSet at 2021-04-21 09:34:16.657698
fileSet is ['/home/james/Software/multiPhATE2/PipelineOutput/contig_2094/commoncore.cgc', '/home/james/Software/multiPhATE2/PipelineOutput/contig_2094/consensus.cgc', '/home/james/Software/multiPhATE2/PipelineOutput/contig_2094/glimmer.cgc', '/home/james/Software/multiPhATE2/PipelineOutput/contig_2094/phanotate.cgc', '/home/james/Software/multiPhATE2/PipelineOutput/contig_2094/prodigal.cgc', '/home/james/Software/multiPhATE2/PipelineOutput/contig_2094/superset.cgc']
Opening geneFile /home/james/Software/multiPhATE2/PipelineOutput/contig_2094/commoncore.cgc
Adding calls from geneFile /home/james/Software/multiPhATE2/PipelineOutput/contig_2094/commoncore.cgc
Appending call set  number of calls is: 0
Opening geneFile /home/james/Software/multiPhATE2/PipelineOutput/contig_2094/consensus.cgc
Adding calls from geneFile /home/james/Software/multiPhATE2/PipelineOutput/contig_2094/consensus.cgc
Appending call set  number of calls is: 0
Opening geneFile /home/james/Software/multiPhATE2/PipelineOutput/contig_2094/glimmer.cgc
Adding calls from geneFile /home/james/Software/multiPhATE2/PipelineOutput/contig_2094/glimmer.cgc
Appending call set  number of calls is: 32
Opening geneFile /home/james/Software/multiPhATE2/PipelineOutput/contig_2094/phanotate.cgc
Adding calls from geneFile /home/james/Software/multiPhATE2/PipelineOutput/contig_2094/phanotate.cgc
Appending call set  number of calls is: 45
Opening geneFile /home/james/Software/multiPhATE2/PipelineOutput/contig_2094/prodigal.cgc
Adding calls from geneFile /home/james/Software/multiPhATE2/PipelineOutput/contig_2094/prodigal.cgc
Appending call set  number of calls is: 32
Opening geneFile /home/james/Software/multiPhATE2/PipelineOutput/contig_2094/superset.cgc
Adding calls from geneFile /home/james/Software/multiPhATE2/PipelineOutput/contig_2094/superset.cgc
Appending call set  number of calls is: 0
All call sets have been added to caller list. Number of call sets in callerList: 6
callerList is   glimmer phanotate prodigal  
Total number of gene calls across callerList call sets is: 109
Sorting gene calls for each caller
Processing a callSet
Before sorting, Length of callerList for caller  is 0
After sorting, Length of callerList for caller  is 0
Processing a callSet
Before sorting, Length of callerList for caller  is 0
After sorting, Length of callerList for caller  is 0
Processing a callSet
Before sorting, Length of callerList for caller glimmer is 32
After sorting, Length of callerList for caller glimmer is 32
Processing a callSet
Before sorting, Length of callerList for caller phanotate is 45
After sorting, Length of callerList for caller phanotate is 45
Processing a callSet
Before sorting, Length of callerList for caller prodigal is 32
After sorting, Length of callerList for caller prodigal is 32
Processing a callSet
Before sorting, Length of callerList for caller  is 0
After sorting, Length of callerList for caller  is 0
callSet processing complete
Comparing across the call sets...
Merging the geneCall sets....
Final merged genes:

***************Merge List
1	Gene No. 1, gene caller: phanotate, leftEnd: 177, rightEnd: 278, strand: -, length: 102, contig: contig_2094, protein: unknown, score1: 1.0, score2: 0.0
2	Gene No. 2, gene caller: phanotate, leftEnd: 410, rightEnd: 580, strand: +, length: 171, contig: contig_2094, protein: unknown, score1: 1.0, score2: 0.0
3	Gene No. 3, gene caller: phanotate, leftEnd: 743, rightEnd: 853, strand: -, length: 111, contig: contig_2094, protein: unknown, score1: 1.0, score2: 0.0
4	Gene No. 1, gene caller: glimmer, leftEnd: 795, rightEnd: 908, strand: +, length: 114, contig: contig_2094, protein: unknown, score1: 1.0, score2: 0.0
5	Gene No. 4, gene caller: phanotate, leftEnd: 1005, rightEnd: 1094, strand: -, length: 90, contig: contig_2094, protein: unknown, score1: 1.0, score2: 0.0
6	Gene No. 5, gene caller: phanotate, leftEnd: 1094, rightEnd: 1195, strand: -, length: 102, contig: contig_2094, protein: unknown, score1: 1.0, score2: 0.0
7	Gene No. 6, gene caller: phanotate, leftEnd: 1253, rightEnd: 1438, strand: -, length: 186, contig: contig_2094, protein: unknown, score1: 1.0, score2: 0.0
8	Gene No. 1, gene caller: prodigal, leftEnd: 1330, rightEnd: 1446, strand: +, length: 117, contig: contig_2094, protein: unknown, score1: 1.0, score2: 0.0
9	Gene No. 7, gene caller: phanotate, leftEnd: 1465, rightEnd: 1599, strand: -, length: 135, contig: contig_2094, protein: unknown, score1: 1.0, score2: 0.0
10	Gene No. 8, gene caller: phanotate, leftEnd: 1607, rightEnd: 1726, strand: -, length: 120, contig: contig_2094, protein: unknown, score1: 1.0, score2: 0.0
11	Gene No. 2, gene caller: glimmer, leftEnd: 1733, rightEnd: 2842, strand: +, length: 1110, contig: contig_2094, protein: unknown, score1: 1.0, score2: 0.0
12	Gene No. 9, gene caller: phanotate, leftEnd: 1733, rightEnd: 2842, strand: +, length: 1110, contig: contig_2094, protein: unknown, score1: 1.0, score2: 0.0
13	Gene No. 2, gene caller: prodigal, leftEnd: 1733, rightEnd: 2842, strand: +, length: 1110, contig: contig_2094, protein: unknown, score1: 1.0, score2: 0.0
14	Gene No. 3, gene caller: glimmer, leftEnd: 2844, rightEnd: 4727, strand: +, length: 1884, contig: contig_2094, protein: unknown, score1: 1.0, score2: 0.0
15	Gene No. 10, gene caller: phanotate, leftEnd: 2844, rightEnd: 4727, strand: +, length: 1884, contig: contig_2094, protein: unknown, score1: 1.0, score2: 0.0
16	Gene No. 3, gene caller: prodigal, leftEnd: 2844, rightEnd: 4727, strand: +, length: 1884, contig: contig_2094, protein: unknown, score1: 1.0, score2: 0.0
17	Gene No. 4, gene caller: glimmer, leftEnd: 4735, rightEnd: 5163, strand: +, length: 429, contig: contig_2094, protein: unknown, score1: 1.0, score2: 0.0
18	Gene No. 11, gene caller: phanotate, leftEnd: 4735, rightEnd: 5163, strand: +, length: 429, contig: contig_2094, protein: unknown, score1: 1.0, score2: 0.0
19	Gene No. 4, gene caller: prodigal, leftEnd: 4735, rightEnd: 5163, strand: +, length: 429, contig: contig_2094, protein: unknown, score1: 1.0, score2: 0.0
20	Gene No. 5, gene caller: glimmer, leftEnd: 5138, rightEnd: 5356, strand: +, length: 219, contig: contig_2094, protein: unknown, score1: 1.0, score2: 0.0
21	Gene No. 12, gene caller: phanotate, leftEnd: 5138, rightEnd: 5356, strand: +, length: 219, contig: contig_2094, protein: unknown, score1: 1.0, score2: 0.0
22	Gene No. 5, gene caller: prodigal, leftEnd: 5138, rightEnd: 5356, strand: +, length: 219, contig: contig_2094, protein: unknown, score1: 1.0, score2: 0.0
23	Gene No. 6, gene caller: glimmer, leftEnd: 5346, rightEnd: 6431, strand: +, length: 1086, contig: contig_2094, protein: unknown, score1: 1.0, score2: 0.0
24	Gene No. 13, gene caller: phanotate, leftEnd: 5346, rightEnd: 6431, strand: +, length: 1086, contig: contig_2094, protein: unknown, score1: 1.0, score2: 0.0
25	Gene No. 6, gene caller: prodigal, leftEnd: 5346, rightEnd: 6431, strand: +, length: 1086, contig: contig_2094, protein: unknown, score1: 1.0, score2: 0.0
26	Gene No. 7, gene caller: glimmer, leftEnd: 6413, rightEnd: 6850, strand: +, length: 438, contig: contig_2094, protein: unknown, score1: 1.0, score2: 0.0
27	Gene No. 7, gene caller: prodigal, leftEnd: 6413, rightEnd: 6850, strand: +, length: 438, contig: contig_2094, protein: unknown, score1: 1.0, score2: 0.0
28	Gene No. 14, gene caller: phanotate, leftEnd: 6479, rightEnd: 6850, strand: +, length: 372, contig: contig_2094, protein: unknown, score1: 1.0, score2: 0.0
29	Gene No. 8, gene caller: glimmer, leftEnd: 6843, rightEnd: 7403, strand: +, length: 561, contig: contig_2094, protein: unknown, score1: 1.0, score2: 0.0
30	Gene No. 15, gene caller: phanotate, leftEnd: 6843, rightEnd: 7403, strand: +, length: 561, contig: contig_2094, protein: unknown, score1: 1.0, score2: 0.0
31	Gene No. 8, gene caller: prodigal, leftEnd: 6843, rightEnd: 7403, strand: +, length: 561, contig: contig_2094, protein: unknown, score1: 1.0, score2: 0.0
32	Gene No. 9, gene caller: glimmer, leftEnd: 7407, rightEnd: 8060, strand: +, length: 654, contig: contig_2094, protein: unknown, score1: 1.0, score2: 0.0
33	Gene No. 16, gene caller: phanotate, leftEnd: 7407, rightEnd: 8060, strand: +, length: 654, contig: contig_2094, protein: unknown, score1: 1.0, score2: 0.0
34	Gene No. 9, gene caller: prodigal, leftEnd: 7407, rightEnd: 8060, strand: +, length: 654, contig: contig_2094, protein: unknown, score1: 1.0, score2: 0.0
35	Gene No. 10, gene caller: glimmer, leftEnd: 8057, rightEnd: 8716, strand: +, length: 660, contig: contig_2094, protein: unknown, score1: 1.0, score2: 0.0
36	Gene No. 17, gene caller: phanotate, leftEnd: 8057, rightEnd: 8716, strand: +, length: 660, contig: contig_2094, protein: unknown, score1: 1.0, score2: 0.0
37	Gene No. 10, gene caller: prodigal, leftEnd: 8057, rightEnd: 8716, strand: +, length: 660, contig: contig_2094, protein: unknown, score1: 1.0, score2: 0.0
38	Gene No. 18, gene caller: phanotate, leftEnd: 8649, rightEnd: 9143, strand: +, length: 495, contig: contig_2094, protein: unknown, score1: 1.0, score2: 0.0
39	Gene No. 11, gene caller: prodigal, leftEnd: 8769, rightEnd: 9143, strand: +, length: 375, contig: contig_2094, protein: unknown, score1: 1.0, score2: 0.0
40	Gene No. 11, gene caller: glimmer, leftEnd: 9080, rightEnd: 9661, strand: -, length: 582, contig: contig_2094, protein: unknown, score1: 1.0, score2: 0.0
41	Gene No. 19, gene caller: phanotate, leftEnd: 9080, rightEnd: 9661, strand: -, length: 582, contig: contig_2094, protein: unknown, score1: 1.0, score2: 0.0
42	Gene No. 12, gene caller: prodigal, leftEnd: 9080, rightEnd: 9661, strand: -, length: 582, contig: contig_2094, protein: unknown, score1: 1.0, score2: 0.0
43	Gene No. 12, gene caller: glimmer, leftEnd: 9651, rightEnd: 10271, strand: -, length: 621, contig: contig_2094, protein: unknown, score1: 1.0, score2: 0.0
44	Gene No. 20, gene caller: phanotate, leftEnd: 9651, rightEnd: 10271, strand: -, length: 621, contig: contig_2094, protein: unknown, score1: 1.0, score2: 0.0
45	Gene No. 13, gene caller: prodigal, leftEnd: 9651, rightEnd: 10271, strand: -, length: 621, contig: contig_2094, protein: unknown, score1: 1.0, score2: 0.0
46	Gene No. 21, gene caller: phanotate, leftEnd: 10279, rightEnd: 10371, strand: -, length: 93, contig: contig_2094, protein: unknown, score1: 1.0, score2: 0.0
47	Gene No. 13, gene caller: glimmer, leftEnd: 10279, rightEnd: 10407, strand: -, length: 129, contig: contig_2094, protein: unknown, score1: 1.0, score2: 0.0
48	Gene No. 14, gene caller: glimmer, leftEnd: 10385, rightEnd: 11206, strand: +, length: 822, contig: contig_2094, protein: unknown, score1: 1.0, score2: 0.0
49	Gene No. 22, gene caller: phanotate, leftEnd: 10385, rightEnd: 11206, strand: +, length: 822, contig: contig_2094, protein: unknown, score1: 1.0, score2: 0.0
50	Gene No. 14, gene caller: prodigal, leftEnd: 10385, rightEnd: 11206, strand: +, length: 822, contig: contig_2094, protein: unknown, score1: 1.0, score2: 0.0
51	Gene No. 15, gene caller: glimmer, leftEnd: 11214, rightEnd: 11834, strand: +, length: 621, contig: contig_2094, protein: unknown, score1: 1.0, score2: 0.0
52	Gene No. 23, gene caller: phanotate, leftEnd: 11214, rightEnd: 11834, strand: +, length: 621, contig: contig_2094, protein: unknown, score1: 1.0, score2: 0.0
53	Gene No. 15, gene caller: prodigal, leftEnd: 11214, rightEnd: 11834, strand: +, length: 621, contig: contig_2094, protein: unknown, score1: 1.0, score2: 0.0
54	Gene No. 16, gene caller: glimmer, leftEnd: 11824, rightEnd: 12375, strand: +, length: 552, contig: contig_2094, protein: unknown, score1: 1.0, score2: 0.0
55	Gene No. 24, gene caller: phanotate, leftEnd: 11824, rightEnd: 12375, strand: +, length: 552, contig: contig_2094, protein: unknown, score1: 1.0, score2: 0.0
56	Gene No. 16, gene caller: prodigal, leftEnd: 11824, rightEnd: 12375, strand: +, length: 552, contig: contig_2094, protein: unknown, score1: 1.0, score2: 0.0
57	Gene No. 17, gene caller: glimmer, leftEnd: 12383, rightEnd: 12670, strand: -, length: 288, contig: contig_2094, protein: unknown, score1: 1.0, score2: 0.0
58	Gene No. 25, gene caller: phanotate, leftEnd: 12383, rightEnd: 12670, strand: -, length: 288, contig: contig_2094, protein: unknown, score1: 1.0, score2: 0.0
59	Gene No. 17, gene caller: prodigal, leftEnd: 12383, rightEnd: 12670, strand: -, length: 288, contig: contig_2094, protein: unknown, score1: 1.0, score2: 0.0
60	Gene No. 18, gene caller: glimmer, leftEnd: 12810, rightEnd: 12953, strand: -, length: 144, contig: contig_2094, protein: unknown, score1: 1.0, score2: 0.0
61	Gene No. 26, gene caller: phanotate, leftEnd: 12810, rightEnd: 12953, strand: -, length: 144, contig: contig_2094, protein: unknown, score1: 1.0, score2: 0.0
62	Gene No. 18, gene caller: prodigal, leftEnd: 12810, rightEnd: 12953, strand: -, length: 144, contig: contig_2094, protein: unknown, score1: 1.0, score2: 0.0
63	Gene No. 27, gene caller: phanotate, leftEnd: 13059, rightEnd: 13148, strand: +, length: 90, contig: contig_2094, protein: unknown, score1: 1.0, score2: 0.0
64	Gene No. 19, gene caller: glimmer, leftEnd: 13198, rightEnd: 13404, strand: -, length: 207, contig: contig_2094, protein: unknown, score1: 1.0, score2: 0.0
65	Gene No. 28, gene caller: phanotate, leftEnd: 13198, rightEnd: 13404, strand: -, length: 207, contig: contig_2094, protein: unknown, score1: 1.0, score2: 0.0
66	Gene No. 19, gene caller: prodigal, leftEnd: 13198, rightEnd: 13404, strand: -, length: 207, contig: contig_2094, protein: unknown, score1: 1.0, score2: 0.0
67	Gene No. 20, gene caller: glimmer, leftEnd: 13401, rightEnd: 13976, strand: -, length: 576, contig: contig_2094, protein: unknown, score1: 1.0, score2: 0.0
68	Gene No. 29, gene caller: phanotate, leftEnd: 13401, rightEnd: 13976, strand: -, length: 576, contig: contig_2094, protein: unknown, score1: 1.0, score2: 0.0
69	Gene No. 20, gene caller: prodigal, leftEnd: 13401, rightEnd: 13976, strand: -, length: 576, contig: contig_2094, protein: unknown, score1: 1.0, score2: 0.0
70	Gene No. 30, gene caller: phanotate, leftEnd: 13951, rightEnd: 14055, strand: -, length: 105, contig: contig_2094, protein: unknown, score1: 1.0, score2: 0.0
71	Gene No. 21, gene caller: prodigal, leftEnd: 13951, rightEnd: 14055, strand: -, length: 105, contig: contig_2094, protein: unknown, score1: 1.0, score2: 0.0
72	Gene No. 21, gene caller: glimmer, leftEnd: 14059, rightEnd: 14370, strand: -, length: 312, contig: contig_2094, protein: unknown, score1: 1.0, score2: 0.0
73	Gene No. 31, gene caller: phanotate, leftEnd: 14059, rightEnd: 14370, strand: -, length: 312, contig: contig_2094, protein: unknown, score1: 1.0, score2: 0.0
74	Gene No. 22, gene caller: prodigal, leftEnd: 14059, rightEnd: 14370, strand: -, length: 312, contig: contig_2094, protein: unknown, score1: 1.0, score2: 0.0
75	Gene No. 22, gene caller: glimmer, leftEnd: 14345, rightEnd: 14620, strand: -, length: 276, contig: contig_2094, protein: unknown, score1: 1.0, score2: 0.0
76	Gene No. 32, gene caller: phanotate, leftEnd: 14345, rightEnd: 14620, strand: -, length: 276, contig: contig_2094, protein: unknown, score1: 1.0, score2: 0.0
77	Gene No. 23, gene caller: prodigal, leftEnd: 14345, rightEnd: 14620, strand: -, length: 276, contig: contig_2094, protein: unknown, score1: 1.0, score2: 0.0
78	Gene No. 33, gene caller: phanotate, leftEnd: 14613, rightEnd: 14984, strand: -, length: 372, contig: contig_2094, protein: unknown, score1: 1.0, score2: 0.0
79	Gene No. 23, gene caller: glimmer, leftEnd: 14613, rightEnd: 15050, strand: -, length: 438, contig: contig_2094, protein: unknown, score1: 1.0, score2: 0.0
80	Gene No. 24, gene caller: prodigal, leftEnd: 14613, rightEnd: 15050, strand: -, length: 438, contig: contig_2094, protein: unknown, score1: 1.0, score2: 0.0
81	Gene No. 24, gene caller: glimmer, leftEnd: 15032, rightEnd: 16117, strand: -, length: 1086, contig: contig_2094, protein: unknown, score1: 1.0, score2: 0.0
82	Gene No. 34, gene caller: phanotate, leftEnd: 15032, rightEnd: 16117, strand: -, length: 1086, contig: contig_2094, protein: unknown, score1: 1.0, score2: 0.0
83	Gene No. 25, gene caller: prodigal, leftEnd: 15032, rightEnd: 16117, strand: -, length: 1086, contig: contig_2094, protein: unknown, score1: 1.0, score2: 0.0
84	Gene No. 35, gene caller: phanotate, leftEnd: 16099, rightEnd: 16320, strand: -, length: 222, contig: contig_2094, protein: unknown, score1: 1.0, score2: 0.0
85	Gene No. 25, gene caller: glimmer, leftEnd: 16099, rightEnd: 16341, strand: -, length: 243, contig: contig_2094, protein: unknown, score1: 1.0, score2: 0.0
86	Gene No. 26, gene caller: prodigal, leftEnd: 16099, rightEnd: 16341, strand: -, length: 243, contig: contig_2094, protein: unknown, score1: 1.0, score2: 0.0
87	Gene No. 26, gene caller: glimmer, leftEnd: 16322, rightEnd: 16441, strand: -, length: 120, contig: contig_2094, protein: unknown, score1: 1.0, score2: 0.0
88	Gene No. 36, gene caller: phanotate, leftEnd: 16322, rightEnd: 16441, strand: -, length: 120, contig: contig_2094, protein: unknown, score1: 1.0, score2: 0.0
89	Gene No. 37, gene caller: phanotate, leftEnd: 16843, rightEnd: 16944, strand: -, length: 102, contig: contig_2094, protein: unknown, score1: 1.0, score2: 0.0
90	Gene No. 27, gene caller: glimmer, leftEnd: 16963, rightEnd: 17178, strand: -, length: 216, contig: contig_2094, protein: unknown, score1: 1.0, score2: 0.0
91	Gene No. 38, gene caller: phanotate, leftEnd: 16963, rightEnd: 17178, strand: -, length: 216, contig: contig_2094, protein: unknown, score1: 1.0, score2: 0.0
92	Gene No. 27, gene caller: prodigal, leftEnd: 16963, rightEnd: 17178, strand: -, length: 216, contig: contig_2094, protein: unknown, score1: 1.0, score2: 0.0
93	Gene No. 39, gene caller: phanotate, leftEnd: 17172, rightEnd: 17279, strand: -, length: 108, contig: contig_2094, protein: unknown, score1: 1.0, score2: 0.0
94	Gene No. 40, gene caller: phanotate, leftEnd: 17410, rightEnd: 17502, strand: +, length: 93, contig: contig_2094, protein: unknown, score1: 1.0, score2: 0.0
95	Gene No. 28, gene caller: glimmer, leftEnd: 17521, rightEnd: 18756, strand: -, length: 1236, contig: contig_2094, protein: unknown, score1: 1.0, score2: 0.0
96	Gene No. 41, gene caller: phanotate, leftEnd: 17521, rightEnd: 18756, strand: -, length: 1236, contig: contig_2094, protein: unknown, score1: 1.0, score2: 0.0
97	Gene No. 28, gene caller: prodigal, leftEnd: 17521, rightEnd: 18756, strand: -, length: 1236, contig: contig_2094, protein: unknown, score1: 1.0, score2: 0.0
98	Gene No. 29, gene caller: glimmer, leftEnd: 18758, rightEnd: 19867, strand: -, length: 1110, contig: contig_2094, protein: unknown, score1: 1.0, score2: 0.0
99	Gene No. 42, gene caller: phanotate, leftEnd: 18758, rightEnd: 19867, strand: -, length: 1110, contig: contig_2094, protein: unknown, score1: 1.0, score2: 0.0
100	Gene No. 29, gene caller: prodigal, leftEnd: 18758, rightEnd: 19867, strand: -, length: 1110, contig: contig_2094, protein: unknown, score1: 1.0, score2: 0.0
101	Gene No. 30, gene caller: glimmer, leftEnd: 19864, rightEnd: 20028, strand: -, length: 165, contig: contig_2094, protein: unknown, score1: 1.0, score2: 0.0
102	Gene No. 43, gene caller: phanotate, leftEnd: 19864, rightEnd: 20028, strand: -, length: 165, contig: contig_2094, protein: unknown, score1: 1.0, score2: 0.0
103	Gene No. 30, gene caller: prodigal, leftEnd: 19864, rightEnd: 20028, strand: -, length: 165, contig: contig_2094, protein: unknown, score1: 1.0, score2: 0.0
104	Gene No. 31, gene caller: prodigal, leftEnd: 20128, rightEnd: 21048, strand: -, length: 921, contig: contig_2094, protein: unknown, score1: 1.0, score2: 0.0
105	Gene No. 31, gene caller: glimmer, leftEnd: 20128, rightEnd: 21072, strand: -, length: 945, contig: contig_2094, protein: unknown, score1: 1.0, score2: 0.0
106	Gene No. 44, gene caller: phanotate, leftEnd: 20128, rightEnd: 21072, strand: -, length: 945, contig: contig_2094, protein: unknown, score1: 1.0, score2: 0.0
107	Gene No. 32, gene caller: glimmer, leftEnd: 21240, rightEnd: 21359, strand: -, length: 120, contig: contig_2094, protein: unknown, score1: 1.0, score2: 0.0
108	Gene No. 32, gene caller: prodigal, leftEnd: 21240, rightEnd: 21389, strand: -, length: 150, contig: contig_2094, protein: unknown, score1: 1.0, score2: 0.0
109	Gene No. 45, gene caller: phanotate, leftEnd: 21240, rightEnd: 21413, strand: -, length: 174, contig: contig_2094, protein: unknown, score1: 1.0, score2: 0.0
Comparing across geneCall sets....
Scoring gene calls....
Identifying common core...
This is the Common Core List:

***************Common Core
CC-gene 1	Gene No. 1, gene caller: All_callers, leftEnd: 1733, rightEnd: 2842, strand: +, length: 1110, contig: contig_2094, protein: unknown, score1: 1.0, score2: 0.0
CC-gene 2	Gene No. 1, gene caller: All_callers, leftEnd: 2844, rightEnd: 4727, strand: +, length: 1884, contig: contig_2094, protein: unknown, score1: 1.0, score2: 0.0
CC-gene 3	Gene No. 1, gene caller: All_callers, leftEnd: 4735, rightEnd: 5163, strand: +, length: 429, contig: contig_2094, protein: unknown, score1: 1.0, score2: 0.0
CC-gene 4	Gene No. 1, gene caller: All_callers, leftEnd: 5138, rightEnd: 5356, strand: +, length: 219, contig: contig_2094, protein: unknown, score1: 1.0, score2: 0.0
CC-gene 5	Gene No. 1, gene caller: All_callers, leftEnd: 5346, rightEnd: 6431, strand: +, length: 1086, contig: contig_2094, protein: unknown, score1: 1.0, score2: 0.0
CC-gene 6	Gene No. 1, gene caller: All_callers, leftEnd: 6843, rightEnd: 7403, strand: +, length: 561, contig: contig_2094, protein: unknown, score1: 1.0, score2: 0.0
CC-gene 7	Gene No. 1, gene caller: All_callers, leftEnd: 7407, rightEnd: 8060, strand: +, length: 654, contig: contig_2094, protein: unknown, score1: 1.0, score2: 0.0
CC-gene 8	Gene No. 1, gene caller: All_callers, leftEnd: 8057, rightEnd: 8716, strand: +, length: 660, contig: contig_2094, protein: unknown, score1: 1.0, score2: 0.0
CC-gene 9	Gene No. 1, gene caller: All_callers, leftEnd: 9080, rightEnd: 9661, strand: -, length: 582, contig: contig_2094, protein: unknown, score1: 1.0, score2: 0.0
CC-gene 10	Gene No. 1, gene caller: All_callers, leftEnd: 9651, rightEnd: 10271, strand: -, length: 621, contig: contig_2094, protein: unknown, score1: 1.0, score2: 0.0
CC-gene 11	Gene No. 1, gene caller: All_callers, leftEnd: 10385, rightEnd: 11206, strand: +, length: 822, contig: contig_2094, protein: unknown, score1: 1.0, score2: 0.0
CC-gene 12	Gene No. 1, gene caller: All_callers, leftEnd: 11214, rightEnd: 11834, strand: +, length: 621, contig: contig_2094, protein: unknown, score1: 1.0, score2: 0.0
CC-gene 13	Gene No. 1, gene caller: All_callers, leftEnd: 11824, rightEnd: 12375, strand: +, length: 552, contig: contig_2094, protein: unknown, score1: 1.0, score2: 0.0
CC-gene 14	Gene No. 1, gene caller: All_callers, leftEnd: 12383, rightEnd: 12670, strand: -, length: 288, contig: contig_2094, protein: unknown, score1: 1.0, score2: 0.0
CC-gene 15	Gene No. 1, gene caller: All_callers, leftEnd: 12810, rightEnd: 12953, strand: -, length: 144, contig: contig_2094, protein: unknown, score1: 1.0, score2: 0.0
CC-gene 16	Gene No. 1, gene caller: All_callers, leftEnd: 13198, rightEnd: 13404, strand: -, length: 207, contig: contig_2094, protein: unknown, score1: 1.0, score2: 0.0
CC-gene 17	Gene No. 1, gene caller: All_callers, leftEnd: 13401, rightEnd: 13976, strand: -, length: 576, contig: contig_2094, protein: unknown, score1: 1.0, score2: 0.0
CC-gene 18	Gene No. 1, gene caller: All_callers, leftEnd: 14059, rightEnd: 14370, strand: -, length: 312, contig: contig_2094, protein: unknown, score1: 1.0, score2: 0.0
CC-gene 19	Gene No. 1, gene caller: All_callers, leftEnd: 14345, rightEnd: 14620, strand: -, length: 276, contig: contig_2094, protein: unknown, score1: 1.0, score2: 0.0
CC-gene 20	Gene No. 1, gene caller: All_callers, leftEnd: 15032, rightEnd: 16117, strand: -, length: 1086, contig: contig_2094, protein: unknown, score1: 1.0, score2: 0.0
CC-gene 21	Gene No. 1, gene caller: All_callers, leftEnd: 16963, rightEnd: 17178, strand: -, length: 216, contig: contig_2094, protein: unknown, score1: 1.0, score2: 0.0
CC-gene 22	Gene No. 1, gene caller: All_callers, leftEnd: 17521, rightEnd: 18756, strand: -, length: 1236, contig: contig_2094, protein: unknown, score1: 1.0, score2: 0.0
CC-gene 23	Gene No. 1, gene caller: All_callers, leftEnd: 18758, rightEnd: 19867, strand: -, length: 1110, contig: contig_2094, protein: unknown, score1: 1.0, score2: 0.0
CC-gene 24	Gene No. 1, gene caller: All_callers, leftEnd: 19864, rightEnd: 20028, strand: -, length: 165, contig: contig_2094, protein: unknown, score1: 1.0, score2: 0.0
Printing gene-call superset, consensus, and common_core in GFF and CGC formats
Printing report....
The following gene callers were considered: glimmer, phanotate, prodigal, The number of distinct gene calls over all gene callers is 55
The number of gene calls in common among all callers is 24
The number of unique (non-matching) gene calls is25
Caller glimmer produced 32 gene calls.
Caller glimmer gene-call length stats:  min: 114, max: 1884, ave: 561.375
Caller phanotate produced 45 gene calls.
Caller phanotate gene-call length stats:  min: 90, max: 1884, ave: 438.3333333333333
Caller prodigal produced 32 gene calls.
Caller prodigal gene-call length stats:  min: 105, max: 1884, ave: 568.875

Gene-call Scores:
Caller	Contig	Gene No.	Left End	Right End	Strand	gcScore
phanotate	contig_2094	1	177	278	-	0.33
phanotate	contig_2094	2	410	580	+	0.33
phanotate	contig_2094	3	743	853	-	0.33
glimmer	contig_2094	1	795	908	+	0.33
phanotate	contig_2094	4	1005	1094	-	0.33
phanotate	contig_2094	5	1094	1195	-	0.33
phanotate	contig_2094	6	1253	1438	-	0.33
prodigal	contig_2094	1	1330	1446	+	0.33
phanotate	contig_2094	7	1465	1599	-	0.33
phanotate	contig_2094	8	1607	1726	-	0.33
glimmer	contig_2094	2	1733	2842	+	1.00
phanotate	contig_2094	9	1733	2842	+	1.00
prodigal	contig_2094	2	1733	2842	+	1.00
glimmer	contig_2094	3	2844	4727	+	1.00
phanotate	contig_2094	10	2844	4727	+	1.00
prodigal	contig_2094	3	2844	4727	+	1.00
glimmer	contig_2094	4	4735	5163	+	1.00
phanotate	contig_2094	11	4735	5163	+	1.00
prodigal	contig_2094	4	4735	5163	+	1.00
glimmer	contig_2094	5	5138	5356	+	1.00
phanotate	contig_2094	12	5138	5356	+	1.00
prodigal	contig_2094	5	5138	5356	+	1.00
glimmer	contig_2094	6	5346	6431	+	1.00
phanotate	contig_2094	13	5346	6431	+	1.00
prodigal	contig_2094	6	5346	6431	+	1.00
glimmer	contig_2094	7	6413	6850	+	0.83
prodigal	contig_2094	7	6413	6850	+	0.83
phanotate	contig_2094	14	6479	6850	+	0.50
glimmer	contig_2094	8	6843	7403	+	1.00
phanotate	contig_2094	15	6843	7403	+	1.00
prodigal	contig_2094	8	6843	7403	+	1.00
glimmer	contig_2094	9	7407	8060	+	1.00
phanotate	contig_2094	16	7407	8060	+	1.00
prodigal	contig_2094	9	7407	8060	+	1.00
glimmer	contig_2094	10	8057	8716	+	1.00
phanotate	contig_2094	17	8057	8716	+	1.00
prodigal	contig_2094	10	8057	8716	+	1.00
phanotate	contig_2094	18	8649	9143	+	0.50
prodigal	contig_2094	11	8769	9143	+	0.50
glimmer	contig_2094	11	9080	9661	-	1.00
phanotate	contig_2094	19	9080	9661	-	1.00
prodigal	contig_2094	12	9080	9661	-	1.00
glimmer	contig_2094	12	9651	10271	-	1.00
phanotate	contig_2094	20	9651	10271	-	1.00
prodigal	contig_2094	13	9651	10271	-	1.00
phanotate	contig_2094	21	10279	10371	-	0.50
glimmer	contig_2094	13	10279	10407	-	0.50
glimmer	contig_2094	14	10385	11206	+	1.00
phanotate	contig_2094	22	10385	11206	+	1.00
prodigal	contig_2094	14	10385	11206	+	1.00
glimmer	contig_2094	15	11214	11834	+	1.00
phanotate	contig_2094	23	11214	11834	+	1.00
prodigal	contig_2094	15	11214	11834	+	1.00
glimmer	contig_2094	16	11824	12375	+	1.00
phanotate	contig_2094	24	11824	12375	+	1.00
prodigal	contig_2094	16	11824	12375	+	1.00
glimmer	contig_2094	17	12383	12670	-	1.00
phanotate	contig_2094	25	12383	12670	-	1.00
prodigal	contig_2094	17	12383	12670	-	1.00
glimmer	contig_2094	18	12810	12953	-	1.00
phanotate	contig_2094	26	12810	12953	-	1.00
prodigal	contig_2094	18	12810	12953	-	1.00
phanotate	contig_2094	27	13059	13148	+	0.33
glimmer	contig_2094	19	13198	13404	-	1.00
phanotate	contig_2094	28	13198	13404	-	1.00
prodigal	contig_2094	19	13198	13404	-	1.00
glimmer	contig_2094	20	13401	13976	-	1.00
phanotate	contig_2094	29	13401	13976	-	1.00
prodigal	contig_2094	20	13401	13976	-	1.00
phanotate	contig_2094	30	13951	14055	-	0.83
prodigal	contig_2094	21	13951	14055	-	0.83
glimmer	contig_2094	21	14059	14370	-	1.00
phanotate	contig_2094	31	14059	14370	-	1.00
prodigal	contig_2094	22	14059	14370	-	1.00
glimmer	contig_2094	22	14345	14620	-	1.00
phanotate	contig_2094	32	14345	14620	-	1.00
prodigal	contig_2094	23	14345	14620	-	1.00
phanotate	contig_2094	33	14613	14984	-	0.50
glimmer	contig_2094	23	14613	15050	-	0.83
prodigal	contig_2094	24	14613	15050	-	0.83
glimmer	contig_2094	24	15032	16117	-	1.00
phanotate	contig_2094	34	15032	16117	-	1.00
prodigal	contig_2094	25	15032	16117	-	1.00
phanotate	contig_2094	35	16099	16320	-	0.50
glimmer	contig_2094	25	16099	16341	-	0.83
prodigal	contig_2094	26	16099	16341	-	0.83
glimmer	contig_2094	26	16322	16441	-	0.83
phanotate	contig_2094	36	16322	16441	-	0.83
phanotate	contig_2094	37	16843	16944	-	0.33
glimmer	contig_2094	27	16963	17178	-	1.00
phanotate	contig_2094	38	16963	17178	-	1.00
prodigal	contig_2094	27	16963	17178	-	1.00
phanotate	contig_2094	39	17172	17279	-	0.33
phanotate	contig_2094	40	17410	17502	+	0.33
glimmer	contig_2094	28	17521	18756	-	1.00
phanotate	contig_2094	41	17521	18756	-	1.00
prodigal	contig_2094	28	17521	18756	-	1.00
glimmer	contig_2094	29	18758	19867	-	1.00
phanotate	contig_2094	42	18758	19867	-	1.00
prodigal	contig_2094	29	18758	19867	-	1.00
glimmer	contig_2094	30	19864	20028	-	1.00
phanotate	contig_2094	43	19864	20028	-	1.00
prodigal	contig_2094	30	19864	20028	-	1.00
prodigal	contig_2094	31	20128	21048	-	0.50
glimmer	contig_2094	31	20128	21072	-	0.83
phanotate	contig_2094	44	20128	21072	-	0.83
glimmer	contig_2094	32	21240	21359	-	0.50
prodigal	contig_2094	32	21240	21389	-	0.50
phanotate	contig_2094	45	21240	21413	-	0.50

Gene-call Consensus Scores:
Caller glimmer average gene-call score: 0.92
Caller phanotate average gene-call score: 0.74
Caller prodigal average gene-call score: 0.91

***************Unique List
Unique gene call 1
  --  Gene No. 1, gene caller: phanotate, leftEnd: 177, rightEnd: 278, strand: -, length: 102, contig: contig_2094, protein: unknown, score1: 0.3333333333333333, score2: 0.0
Unique gene call 2
  --  Gene No. 2, gene caller: phanotate, leftEnd: 410, rightEnd: 580, strand: +, length: 171, contig: contig_2094, protein: unknown, score1: 0.3333333333333333, score2: 0.0
Unique gene call 3
  --  Gene No. 3, gene caller: phanotate, leftEnd: 743, rightEnd: 853, strand: -, length: 111, contig: contig_2094, protein: unknown, score1: 0.3333333333333333, score2: 0.0
Unique gene call 4
  --  Gene No. 1, gene caller: glimmer, leftEnd: 795, rightEnd: 908, strand: +, length: 114, contig: contig_2094, protein: unknown, score1: 0.3333333333333333, score2: 0.0
Unique gene call 5
  --  Gene No. 4, gene caller: phanotate, leftEnd: 1005, rightEnd: 1094, strand: -, length: 90, contig: contig_2094, protein: unknown, score1: 0.3333333333333333, score2: 0.0
Unique gene call 6
  --  Gene No. 5, gene caller: phanotate, leftEnd: 1094, rightEnd: 1195, strand: -, length: 102, contig: contig_2094, protein: unknown, score1: 0.3333333333333333, score2: 0.0
Unique gene call 7
  --  Gene No. 6, gene caller: phanotate, leftEnd: 1253, rightEnd: 1438, strand: -, length: 186, contig: contig_2094, protein: unknown, score1: 0.3333333333333333, score2: 0.0
Unique gene call 8
  --  Gene No. 1, gene caller: prodigal, leftEnd: 1330, rightEnd: 1446, strand: +, length: 117, contig: contig_2094, protein: unknown, score1: 0.3333333333333333, score2: 0.0
Unique gene call 9
  --  Gene No. 7, gene caller: phanotate, leftEnd: 1465, rightEnd: 1599, strand: -, length: 135, contig: contig_2094, protein: unknown, score1: 0.3333333333333333, score2: 0.0
Unique gene call 10
  --  Gene No. 8, gene caller: phanotate, leftEnd: 1607, rightEnd: 1726, strand: -, length: 120, contig: contig_2094, protein: unknown, score1: 0.3333333333333333, score2: 0.0
Unique gene call 11
  --  Gene No. 2, gene caller: glimmer, leftEnd: 1733, rightEnd: 2842, strand: +, length: 1110, contig: contig_2094, protein: unknown, score1: 1.0, score2: 0.0
  --  Gene No. 9, gene caller: phanotate, leftEnd: 1733, rightEnd: 2842, strand: +, length: 1110, contig: contig_2094, protein: unknown, score1: 1.0, score2: 0.0
  --  Gene No. 2, gene caller: prodigal, leftEnd: 1733, rightEnd: 2842, strand: +, length: 1110, contig: contig_2094, protein: unknown, score1: 1.0, score2: 0.0
Unique gene call 12
  --  Gene No. 3, gene caller: glimmer, leftEnd: 2844, rightEnd: 4727, strand: +, length: 1884, contig: contig_2094, protein: unknown, score1: 1.0, score2: 0.0
  --  Gene No. 10, gene caller: phanotate, leftEnd: 2844, rightEnd: 4727, strand: +, length: 1884, contig: contig_2094, protein: unknown, score1: 1.0, score2: 0.0
  --  Gene No. 3, gene caller: prodigal, leftEnd: 2844, rightEnd: 4727, strand: +, length: 1884, contig: contig_2094, protein: unknown, score1: 1.0, score2: 0.0
Unique gene call 13
  --  Gene No. 4, gene caller: glimmer, leftEnd: 4735, rightEnd: 5163, strand: +, length: 429, contig: contig_2094, protein: unknown, score1: 1.0, score2: 0.0
  --  Gene No. 11, gene caller: phanotate, leftEnd: 4735, rightEnd: 5163, strand: +, length: 429, contig: contig_2094, protein: unknown, score1: 1.0, score2: 0.0
  --  Gene No. 4, gene caller: prodigal, leftEnd: 4735, rightEnd: 5163, strand: +, length: 429, contig: contig_2094, protein: unknown, score1: 1.0, score2: 0.0
Unique gene call 14
  --  Gene No. 5, gene caller: glimmer, leftEnd: 5138, rightEnd: 5356, strand: +, length: 219, contig: contig_2094, protein: unknown, score1: 1.0, score2: 0.0
  --  Gene No. 12, gene caller: phanotate, leftEnd: 5138, rightEnd: 5356, strand: +, length: 219, contig: contig_2094, protein: unknown, score1: 1.0, score2: 0.0
  --  Gene No. 5, gene caller: prodigal, leftEnd: 5138, rightEnd: 5356, strand: +, length: 219, contig: contig_2094, protein: unknown, score1: 1.0, score2: 0.0
Unique gene call 15
  --  Gene No. 6, gene caller: glimmer, leftEnd: 5346, rightEnd: 6431, strand: +, length: 1086, contig: contig_2094, protein: unknown, score1: 1.0, score2: 0.0
  --  Gene No. 13, gene caller: phanotate, leftEnd: 5346, rightEnd: 6431, strand: +, length: 1086, contig: contig_2094, protein: unknown, score1: 1.0, score2: 0.0
  --  Gene No. 6, gene caller: prodigal, leftEnd: 5346, rightEnd: 6431, strand: +, length: 1086, contig: contig_2094, protein: unknown, score1: 1.0, score2: 0.0
Unique gene call 16
  --  Gene No. 7, gene caller: glimmer, leftEnd: 6413, rightEnd: 6850, strand: +, length: 438, contig: contig_2094, protein: unknown, score1: 0.8333333333333333, score2: 0.0
  --  Gene No. 7, gene caller: prodigal, leftEnd: 6413, rightEnd: 6850, strand: +, length: 438, contig: contig_2094, protein: unknown, score1: 0.8333333333333333, score2: 0.0
Unique gene call 17
  --  Gene No. 14, gene caller: phanotate, leftEnd: 6479, rightEnd: 6850, strand: +, length: 372, contig: contig_2094, protein: unknown, score1: 0.5, score2: 0.0
Unique gene call 18
  --  Gene No. 8, gene caller: glimmer, leftEnd: 6843, rightEnd: 7403, strand: +, length: 561, contig: contig_2094, protein: unknown, score1: 1.0, score2: 0.0
  --  Gene No. 15, gene caller: phanotate, leftEnd: 6843, rightEnd: 7403, strand: +, length: 561, contig: contig_2094, protein: unknown, score1: 1.0, score2: 0.0
  --  Gene No. 8, gene caller: prodigal, leftEnd: 6843, rightEnd: 7403, strand: +, length: 561, contig: contig_2094, protein: unknown, score1: 1.0, score2: 0.0
Unique gene call 19
  --  Gene No. 9, gene caller: glimmer, leftEnd: 7407, rightEnd: 8060, strand: +, length: 654, contig: contig_2094, protein: unknown, score1: 1.0, score2: 0.0
  --  Gene No. 16, gene caller: phanotate, leftEnd: 7407, rightEnd: 8060, strand: +, length: 654, contig: contig_2094, protein: unknown, score1: 1.0, score2: 0.0
  --  Gene No. 9, gene caller: prodigal, leftEnd: 7407, rightEnd: 8060, strand: +, length: 654, contig: contig_2094, protein: unknown, score1: 1.0, score2: 0.0
Unique gene call 20
  --  Gene No. 10, gene caller: glimmer, leftEnd: 8057, rightEnd: 8716, strand: +, length: 660, contig: contig_2094, protein: unknown, score1: 1.0, score2: 0.0
  --  Gene No. 17, gene caller: phanotate, leftEnd: 8057, rightEnd: 8716, strand: +, length: 660, contig: contig_2094, protein: unknown, score1: 1.0, score2: 0.0
  --  Gene No. 10, gene caller: prodigal, leftEnd: 8057, rightEnd: 8716, strand: +, length: 660, contig: contig_2094, protein: unknown, score1: 1.0, score2: 0.0
Unique gene call 21
  --  Gene No. 18, gene caller: phanotate, leftEnd: 8649, rightEnd: 9143, strand: +, length: 495, contig: contig_2094, protein: unknown, score1: 0.5, score2: 0.0
Unique gene call 22
  --  Gene No. 11, gene caller: prodigal, leftEnd: 8769, rightEnd: 9143, strand: +, length: 375, contig: contig_2094, protein: unknown, score1: 0.5, score2: 0.0
Unique gene call 23
  --  Gene No. 11, gene caller: glimmer, leftEnd: 9080, rightEnd: 9661, strand: -, length: 582, contig: contig_2094, protein: unknown, score1: 1.0, score2: 0.0
  --  Gene No. 19, gene caller: phanotate, leftEnd: 9080, rightEnd: 9661, strand: -, length: 582, contig: contig_2094, protein: unknown, score1: 1.0, score2: 0.0
  --  Gene No. 12, gene caller: prodigal, leftEnd: 9080, rightEnd: 9661, strand: -, length: 582, contig: contig_2094, protein: unknown, score1: 1.0, score2: 0.0
Unique gene call 24
  --  Gene No. 12, gene caller: glimmer, leftEnd: 9651, rightEnd: 10271, strand: -, length: 621, contig: contig_2094, protein: unknown, score1: 1.0, score2: 0.0
  --  Gene No. 20, gene caller: phanotate, leftEnd: 9651, rightEnd: 10271, strand: -, length: 621, contig: contig_2094, protein: unknown, score1: 1.0, score2: 0.0
  --  Gene No. 13, gene caller: prodigal, leftEnd: 9651, rightEnd: 10271, strand: -, length: 621, contig: contig_2094, protein: unknown, score1: 1.0, score2: 0.0
Unique gene call 25
  --  Gene No. 21, gene caller: phanotate, leftEnd: 10279, rightEnd: 10371, strand: -, length: 93, contig: contig_2094, protein: unknown, score1: 0.5, score2: 0.0
Unique gene call 26
  --  Gene No. 13, gene caller: glimmer, leftEnd: 10279, rightEnd: 10407, strand: -, length: 129, contig: contig_2094, protein: unknown, score1: 0.5, score2: 0.0
Unique gene call 27
  --  Gene No. 14, gene caller: glimmer, leftEnd: 10385, rightEnd: 11206, strand: +, length: 822, contig: contig_2094, protein: unknown, score1: 1.0, score2: 0.0
  --  Gene No. 22, gene caller: phanotate, leftEnd: 10385, rightEnd: 11206, strand: +, length: 822, contig: contig_2094, protein: unknown, score1: 1.0, score2: 0.0
  --  Gene No. 14, gene caller: prodigal, leftEnd: 10385, rightEnd: 11206, strand: +, length: 822, contig: contig_2094, protein: unknown, score1: 1.0, score2: 0.0
Unique gene call 28
  --  Gene No. 15, gene caller: glimmer, leftEnd: 11214, rightEnd: 11834, strand: +, length: 621, contig: contig_2094, protein: unknown, score1: 1.0, score2: 0.0
  --  Gene No. 23, gene caller: phanotate, leftEnd: 11214, rightEnd: 11834, strand: +, length: 621, contig: contig_2094, protein: unknown, score1: 1.0, score2: 0.0
  --  Gene No. 15, gene caller: prodigal, leftEnd: 11214, rightEnd: 11834, strand: +, length: 621, contig: contig_2094, protein: unknown, score1: 1.0, score2: 0.0
Unique gene call 29
  --  Gene No. 16, gene caller: glimmer, leftEnd: 11824, rightEnd: 12375, strand: +, length: 552, contig: contig_2094, protein: unknown, score1: 1.0, score2: 0.0
  --  Gene No. 24, gene caller: phanotate, leftEnd: 11824, rightEnd: 12375, strand: +, length: 552, contig: contig_2094, protein: unknown, score1: 1.0, score2: 0.0
  --  Gene No. 16, gene caller: prodigal, leftEnd: 11824, rightEnd: 12375, strand: +, length: 552, contig: contig_2094, protein: unknown, score1: 1.0, score2: 0.0
Unique gene call 30
  --  Gene No. 17, gene caller: glimmer, leftEnd: 12383, rightEnd: 12670, strand: -, length: 288, contig: contig_2094, protein: unknown, score1: 1.0, score2: 0.0
  --  Gene No. 25, gene caller: phanotate, leftEnd: 12383, rightEnd: 12670, strand: -, length: 288, contig: contig_2094, protein: unknown, score1: 1.0, score2: 0.0
  --  Gene No. 17, gene caller: prodigal, leftEnd: 12383, rightEnd: 12670, strand: -, length: 288, contig: contig_2094, protein: unknown, score1: 1.0, score2: 0.0
Unique gene call 31
  --  Gene No. 18, gene caller: glimmer, leftEnd: 12810, rightEnd: 12953, strand: -, length: 144, contig: contig_2094, protein: unknown, score1: 1.0, score2: 0.0
  --  Gene No. 26, gene caller: phanotate, leftEnd: 12810, rightEnd: 12953, strand: -, length: 144, contig: contig_2094, protein: unknown, score1: 1.0, score2: 0.0
  --  Gene No. 18, gene caller: prodigal, leftEnd: 12810, rightEnd: 12953, strand: -, length: 144, contig: contig_2094, protein: unknown, score1: 1.0, score2: 0.0
Unique gene call 32
  --  Gene No. 27, gene caller: phanotate, leftEnd: 13059, rightEnd: 13148, strand: +, length: 90, contig: contig_2094, protein: unknown, score1: 0.3333333333333333, score2: 0.0
Unique gene call 33
  --  Gene No. 19, gene caller: glimmer, leftEnd: 13198, rightEnd: 13404, strand: -, length: 207, contig: contig_2094, protein: unknown, score1: 1.0, score2: 0.0
  --  Gene No. 28, gene caller: phanotate, leftEnd: 13198, rightEnd: 13404, strand: -, length: 207, contig: contig_2094, protein: unknown, score1: 1.0, score2: 0.0
  --  Gene No. 19, gene caller: prodigal, leftEnd: 13198, rightEnd: 13404, strand: -, length: 207, contig: contig_2094, protein: unknown, score1: 1.0, score2: 0.0
Unique gene call 34
  --  Gene No. 20, gene caller: glimmer, leftEnd: 13401, rightEnd: 13976, strand: -, length: 576, contig: contig_2094, protein: unknown, score1: 1.0, score2: 0.0
  --  Gene No. 29, gene caller: phanotate, leftEnd: 13401, rightEnd: 13976, strand: -, length: 576, contig: contig_2094, protein: unknown, score1: 1.0, score2: 0.0
  --  Gene No. 20, gene caller: prodigal, leftEnd: 13401, rightEnd: 13976, strand: -, length: 576, contig: contig_2094, protein: unknown, score1: 1.0, score2: 0.0
Unique gene call 35
  --  Gene No. 30, gene caller: phanotate, leftEnd: 13951, rightEnd: 14055, strand: -, length: 105, contig: contig_2094, protein: unknown, score1: 0.8333333333333333, score2: 0.0
  --  Gene No. 21, gene caller: prodigal, leftEnd: 13951, rightEnd: 14055, strand: -, length: 105, contig: contig_2094, protein: unknown, score1: 0.8333333333333333, score2: 0.0
Unique gene call 36
  --  Gene No. 21, gene caller: glimmer, leftEnd: 14059, rightEnd: 14370, strand: -, length: 312, contig: contig_2094, protein: unknown, score1: 1.0, score2: 0.0
  --  Gene No. 31, gene caller: phanotate, leftEnd: 14059, rightEnd: 14370, strand: -, length: 312, contig: contig_2094, protein: unknown, score1: 1.0, score2: 0.0
  --  Gene No. 22, gene caller: prodigal, leftEnd: 14059, rightEnd: 14370, strand: -, length: 312, contig: contig_2094, protein: unknown, score1: 1.0, score2: 0.0
Unique gene call 37
  --  Gene No. 22, gene caller: glimmer, leftEnd: 14345, rightEnd: 14620, strand: -, length: 276, contig: contig_2094, protein: unknown, score1: 1.0, score2: 0.0
  --  Gene No. 32, gene caller: phanotate, leftEnd: 14345, rightEnd: 14620, strand: -, length: 276, contig: contig_2094, protein: unknown, score1: 1.0, score2: 0.0
  --  Gene No. 23, gene caller: prodigal, leftEnd: 14345, rightEnd: 14620, strand: -, length: 276, contig: contig_2094, protein: unknown, score1: 1.0, score2: 0.0
Unique gene call 38
  --  Gene No. 33, gene caller: phanotate, leftEnd: 14613, rightEnd: 14984, strand: -, length: 372, contig: contig_2094, protein: unknown, score1: 0.5, score2: 0.0
Unique gene call 39
  --  Gene No. 23, gene caller: glimmer, leftEnd: 14613, rightEnd: 15050, strand: -, length: 438, contig: contig_2094, protein: unknown, score1: 0.8333333333333333, score2: 0.0
  --  Gene No. 24, gene caller: prodigal, leftEnd: 14613, rightEnd: 15050, strand: -, length: 438, contig: contig_2094, protein: unknown, score1: 0.8333333333333333, score2: 0.0
Unique gene call 40
  --  Gene No. 24, gene caller: glimmer, leftEnd: 15032, rightEnd: 16117, strand: -, length: 1086, contig: contig_2094, protein: unknown, score1: 1.0, score2: 0.0
  --  Gene No. 34, gene caller: phanotate, leftEnd: 15032, rightEnd: 16117, strand: -, length: 1086, contig: contig_2094, protein: unknown, score1: 1.0, score2: 0.0
  --  Gene No. 25, gene caller: prodigal, leftEnd: 15032, rightEnd: 16117, strand: -, length: 1086, contig: contig_2094, protein: unknown, score1: 1.0, score2: 0.0
Unique gene call 41
  --  Gene No. 35, gene caller: phanotate, leftEnd: 16099, rightEnd: 16320, strand: -, length: 222, contig: contig_2094, protein: unknown, score1: 0.5, score2: 0.0
Unique gene call 42
  --  Gene No. 25, gene caller: glimmer, leftEnd: 16099, rightEnd: 16341, strand: -, length: 243, contig: contig_2094, protein: unknown, score1: 0.8333333333333333, score2: 0.0
  --  Gene No. 26, gene caller: prodigal, leftEnd: 16099, rightEnd: 16341, strand: -, length: 243, contig: contig_2094, protein: unknown, score1: 0.8333333333333333, score2: 0.0
Unique gene call 43
  --  Gene No. 26, gene caller: glimmer, leftEnd: 16322, rightEnd: 16441, strand: -, length: 120, contig: contig_2094, protein: unknown, score1: 0.8333333333333333, score2: 0.0
  --  Gene No. 36, gene caller: phanotate, leftEnd: 16322, rightEnd: 16441, strand: -, length: 120, contig: contig_2094, protein: unknown, score1: 0.8333333333333333, score2: 0.0
Unique gene call 44
  --  Gene No. 37, gene caller: phanotate, leftEnd: 16843, rightEnd: 16944, strand: -, length: 102, contig: contig_2094, protein: unknown, score1: 0.3333333333333333, score2: 0.0
Unique gene call 45
  --  Gene No. 27, gene caller: glimmer, leftEnd: 16963, rightEnd: 17178, strand: -, length: 216, contig: contig_2094, protein: unknown, score1: 1.0, score2: 0.0
  --  Gene No. 38, gene caller: phanotate, leftEnd: 16963, rightEnd: 17178, strand: -, length: 216, contig: contig_2094, protein: unknown, score1: 1.0, score2: 0.0
  --  Gene No. 27, gene caller: prodigal, leftEnd: 16963, rightEnd: 17178, strand: -, length: 216, contig: contig_2094, protein: unknown, score1: 1.0, score2: 0.0
Unique gene call 46
  --  Gene No. 39, gene caller: phanotate, leftEnd: 17172, rightEnd: 17279, strand: -, length: 108, contig: contig_2094, protein: unknown, score1: 0.3333333333333333, score2: 0.0
Unique gene call 47
  --  Gene No. 40, gene caller: phanotate, leftEnd: 17410, rightEnd: 17502, strand: +, length: 93, contig: contig_2094, protein: unknown, score1: 0.3333333333333333, score2: 0.0
Unique gene call 48
  --  Gene No. 28, gene caller: glimmer, leftEnd: 17521, rightEnd: 18756, strand: -, length: 1236, contig: contig_2094, protein: unknown, score1: 1.0, score2: 0.0
  --  Gene No. 41, gene caller: phanotate, leftEnd: 17521, rightEnd: 18756, strand: -, length: 1236, contig: contig_2094, protein: unknown, score1: 1.0, score2: 0.0
  --  Gene No. 28, gene caller: prodigal, leftEnd: 17521, rightEnd: 18756, strand: -, length: 1236, contig: contig_2094, protein: unknown, score1: 1.0, score2: 0.0
Unique gene call 49
  --  Gene No. 29, gene caller: glimmer, leftEnd: 18758, rightEnd: 19867, strand: -, length: 1110, contig: contig_2094, protein: unknown, score1: 1.0, score2: 0.0
  --  Gene No. 42, gene caller: phanotate, leftEnd: 18758, rightEnd: 19867, strand: -, length: 1110, contig: contig_2094, protein: unknown, score1: 1.0, score2: 0.0
  --  Gene No. 29, gene caller: prodigal, leftEnd: 18758, rightEnd: 19867, strand: -, length: 1110, contig: contig_2094, protein: unknown, score1: 1.0, score2: 0.0
Unique gene call 50
  --  Gene No. 30, gene caller: glimmer, leftEnd: 19864, rightEnd: 20028, strand: -, length: 165, contig: contig_2094, protein: unknown, score1: 1.0, score2: 0.0
  --  Gene No. 43, gene caller: phanotate, leftEnd: 19864, rightEnd: 20028, strand: -, length: 165, contig: contig_2094, protein: unknown, score1: 1.0, score2: 0.0
  --  Gene No. 30, gene caller: prodigal, leftEnd: 19864, rightEnd: 20028, strand: -, length: 165, contig: contig_2094, protein: unknown, score1: 1.0, score2: 0.0
Unique gene call 51
  --  Gene No. 31, gene caller: prodigal, leftEnd: 20128, rightEnd: 21048, strand: -, length: 921, contig: contig_2094, protein: unknown, score1: 0.5, score2: 0.0
Unique gene call 52
  --  Gene No. 31, gene caller: glimmer, leftEnd: 20128, rightEnd: 21072, strand: -, length: 945, contig: contig_2094, protein: unknown, score1: 0.8333333333333333, score2: 0.0
  --  Gene No. 44, gene caller: phanotate, leftEnd: 20128, rightEnd: 21072, strand: -, length: 945, contig: contig_2094, protein: unknown, score1: 0.8333333333333333, score2: 0.0
Unique gene call 53
  --  Gene No. 32, gene caller: glimmer, leftEnd: 21240, rightEnd: 21359, strand: -, length: 120, contig: contig_2094, protein: unknown, score1: 0.5, score2: 0.0
Unique gene call 54
  --  Gene No. 32, gene caller: prodigal, leftEnd: 21240, rightEnd: 21389, strand: -, length: 150, contig: contig_2094, protein: unknown, score1: 0.5, score2: 0.0
Unique gene call 55
  --  Gene No. 45, gene caller: phanotate, leftEnd: 21240, rightEnd: 21413, strand: -, length: 174, contig: contig_2094, protein: unknown, score1: 0.5, score2: 0.0
Code complete at 2021-04-21 09:34:16.667286
