Opening log at 2021-04-21 09:51:18.909277
Iterating through fileSet at 2021-04-21 09:51:18.909428
fileSet is ['/home/james/Software/multiPhATE2/PipelineOutput/circular_read_1073/commoncore.cgc', '/home/james/Software/multiPhATE2/PipelineOutput/circular_read_1073/consensus.cgc', '/home/james/Software/multiPhATE2/PipelineOutput/circular_read_1073/glimmer.cgc', '/home/james/Software/multiPhATE2/PipelineOutput/circular_read_1073/phanotate.cgc', '/home/james/Software/multiPhATE2/PipelineOutput/circular_read_1073/prodigal.cgc', '/home/james/Software/multiPhATE2/PipelineOutput/circular_read_1073/superset.cgc']
Opening geneFile /home/james/Software/multiPhATE2/PipelineOutput/circular_read_1073/commoncore.cgc
Adding calls from geneFile /home/james/Software/multiPhATE2/PipelineOutput/circular_read_1073/commoncore.cgc
Appending call set  number of calls is: 0
Opening geneFile /home/james/Software/multiPhATE2/PipelineOutput/circular_read_1073/consensus.cgc
Adding calls from geneFile /home/james/Software/multiPhATE2/PipelineOutput/circular_read_1073/consensus.cgc
Appending call set  number of calls is: 0
Opening geneFile /home/james/Software/multiPhATE2/PipelineOutput/circular_read_1073/glimmer.cgc
Adding calls from geneFile /home/james/Software/multiPhATE2/PipelineOutput/circular_read_1073/glimmer.cgc
Appending call set  number of calls is: 32
Opening geneFile /home/james/Software/multiPhATE2/PipelineOutput/circular_read_1073/phanotate.cgc
Adding calls from geneFile /home/james/Software/multiPhATE2/PipelineOutput/circular_read_1073/phanotate.cgc
Appending call set  number of calls is: 109
Opening geneFile /home/james/Software/multiPhATE2/PipelineOutput/circular_read_1073/prodigal.cgc
Adding calls from geneFile /home/james/Software/multiPhATE2/PipelineOutput/circular_read_1073/prodigal.cgc
Appending call set  number of calls is: 47
Opening geneFile /home/james/Software/multiPhATE2/PipelineOutput/circular_read_1073/superset.cgc
Adding calls from geneFile /home/james/Software/multiPhATE2/PipelineOutput/circular_read_1073/superset.cgc
Appending call set  number of calls is: 0
All call sets have been added to caller list. Number of call sets in callerList: 6
callerList is   glimmer phanotate prodigal  
Total number of gene calls across callerList call sets is: 188
Sorting gene calls for each caller
Processing a callSet
Before sorting, Length of callerList for caller  is 0
After sorting, Length of callerList for caller  is 0
Processing a callSet
Before sorting, Length of callerList for caller  is 0
After sorting, Length of callerList for caller  is 0
Processing a callSet
Before sorting, Length of callerList for caller glimmer is 32
After sorting, Length of callerList for caller glimmer is 32
Processing a callSet
Before sorting, Length of callerList for caller phanotate is 109
After sorting, Length of callerList for caller phanotate is 109
Processing a callSet
Before sorting, Length of callerList for caller prodigal is 47
After sorting, Length of callerList for caller prodigal is 47
Processing a callSet
Before sorting, Length of callerList for caller  is 0
After sorting, Length of callerList for caller  is 0
callSet processing complete
Comparing across the call sets...
Merging the geneCall sets....
Final merged genes:

***************Merge List
1	Gene No. 1, gene caller: phanotate, leftEnd: 1, rightEnd: 117, strand: +, length: 117, contig: circular_read_1073, protein: unknown, score1: 1.0, score2: 0.0
2	Gene No. 1, gene caller: prodigal, leftEnd: 1, rightEnd: 117, strand: +, length: 117, contig: circular_read_1073, protein: unknown, score1: 1.0, score2: 0.0
3	Gene No. 2, gene caller: phanotate, leftEnd: 122, rightEnd: 490, strand: +, length: 369, contig: circular_read_1073, protein: unknown, score1: 1.0, score2: 0.0
4	Gene No. 2, gene caller: prodigal, leftEnd: 122, rightEnd: 490, strand: +, length: 369, contig: circular_read_1073, protein: unknown, score1: 1.0, score2: 0.0
5	Gene No. 1, gene caller: glimmer, leftEnd: 371, rightEnd: 490, strand: +, length: 120, contig: circular_read_1073, protein: unknown, score1: 1.0, score2: 0.0
6	Gene No. 3, gene caller: phanotate, leftEnd: 487, rightEnd: 663, strand: +, length: 177, contig: circular_read_1073, protein: unknown, score1: 1.0, score2: 0.0
7	Gene No. 2, gene caller: glimmer, leftEnd: 679, rightEnd: 1254, strand: +, length: 576, contig: circular_read_1073, protein: unknown, score1: 1.0, score2: 0.0
8	Gene No. 4, gene caller: phanotate, leftEnd: 679, rightEnd: 1254, strand: +, length: 576, contig: circular_read_1073, protein: unknown, score1: 1.0, score2: 0.0
9	Gene No. 3, gene caller: prodigal, leftEnd: 679, rightEnd: 1254, strand: +, length: 576, contig: circular_read_1073, protein: unknown, score1: 1.0, score2: 0.0
10	Gene No. 5, gene caller: phanotate, leftEnd: 1300, rightEnd: 1404, strand: +, length: 105, contig: circular_read_1073, protein: unknown, score1: 1.0, score2: 0.0
11	Gene No. 4, gene caller: prodigal, leftEnd: 1429, rightEnd: 1872, strand: +, length: 444, contig: circular_read_1073, protein: unknown, score1: 1.0, score2: 0.0
12	Gene No. 6, gene caller: phanotate, leftEnd: 1433, rightEnd: 1540, strand: +, length: 108, contig: circular_read_1073, protein: unknown, score1: 1.0, score2: 0.0
13	Gene No. 7, gene caller: phanotate, leftEnd: 1540, rightEnd: 1872, strand: +, length: 333, contig: circular_read_1073, protein: unknown, score1: 1.0, score2: 0.0
14	Gene No. 8, gene caller: phanotate, leftEnd: 1949, rightEnd: 2173, strand: +, length: 225, contig: circular_read_1073, protein: unknown, score1: 1.0, score2: 0.0
15	Gene No. 5, gene caller: prodigal, leftEnd: 1949, rightEnd: 2173, strand: +, length: 225, contig: circular_read_1073, protein: unknown, score1: 1.0, score2: 0.0
16	Gene No. 9, gene caller: phanotate, leftEnd: 2243, rightEnd: 2500, strand: -, length: 258, contig: circular_read_1073, protein: unknown, score1: 1.0, score2: 0.0
17	Gene No. 6, gene caller: prodigal, leftEnd: 2243, rightEnd: 2500, strand: -, length: 258, contig: circular_read_1073, protein: unknown, score1: 1.0, score2: 0.0
18	Gene No. 10, gene caller: phanotate, leftEnd: 2507, rightEnd: 2728, strand: -, length: 222, contig: circular_read_1073, protein: unknown, score1: 1.0, score2: 0.0
19	Gene No. 7, gene caller: prodigal, leftEnd: 2507, rightEnd: 2791, strand: -, length: 285, contig: circular_read_1073, protein: unknown, score1: 1.0, score2: 0.0
20	Gene No. 11, gene caller: phanotate, leftEnd: 2725, rightEnd: 2814, strand: -, length: 90, contig: circular_read_1073, protein: unknown, score1: 1.0, score2: 0.0
21	Gene No. 12, gene caller: phanotate, leftEnd: 2801, rightEnd: 2914, strand: -, length: 114, contig: circular_read_1073, protein: unknown, score1: 1.0, score2: 0.0
22	Gene No. 3, gene caller: glimmer, leftEnd: 2914, rightEnd: 3600, strand: -, length: 687, contig: circular_read_1073, protein: unknown, score1: 1.0, score2: 0.0
23	Gene No. 13, gene caller: phanotate, leftEnd: 2914, rightEnd: 3600, strand: -, length: 687, contig: circular_read_1073, protein: unknown, score1: 1.0, score2: 0.0
24	Gene No. 8, gene caller: prodigal, leftEnd: 2914, rightEnd: 3600, strand: -, length: 687, contig: circular_read_1073, protein: unknown, score1: 1.0, score2: 0.0
25	Gene No. 14, gene caller: phanotate, leftEnd: 3584, rightEnd: 3763, strand: -, length: 180, contig: circular_read_1073, protein: unknown, score1: 1.0, score2: 0.0
26	Gene No. 9, gene caller: prodigal, leftEnd: 3742, rightEnd: 4038, strand: -, length: 297, contig: circular_read_1073, protein: unknown, score1: 1.0, score2: 0.0
27	Gene No. 15, gene caller: phanotate, leftEnd: 3786, rightEnd: 3962, strand: -, length: 177, contig: circular_read_1073, protein: unknown, score1: 1.0, score2: 0.0
28	Gene No. 4, gene caller: glimmer, leftEnd: 3959, rightEnd: 4078, strand: -, length: 120, contig: circular_read_1073, protein: unknown, score1: 1.0, score2: 0.0
29	Gene No. 16, gene caller: phanotate, leftEnd: 3959, rightEnd: 4180, strand: -, length: 222, contig: circular_read_1073, protein: unknown, score1: 1.0, score2: 0.0
30	Gene No. 17, gene caller: phanotate, leftEnd: 4171, rightEnd: 4326, strand: -, length: 156, contig: circular_read_1073, protein: unknown, score1: 1.0, score2: 0.0
31	Gene No. 18, gene caller: phanotate, leftEnd: 4331, rightEnd: 4591, strand: -, length: 261, contig: circular_read_1073, protein: unknown, score1: 1.0, score2: 0.0
32	Gene No. 10, gene caller: prodigal, leftEnd: 4331, rightEnd: 4591, strand: -, length: 261, contig: circular_read_1073, protein: unknown, score1: 1.0, score2: 0.0
33	Gene No. 19, gene caller: phanotate, leftEnd: 4588, rightEnd: 4725, strand: -, length: 138, contig: circular_read_1073, protein: unknown, score1: 1.0, score2: 0.0
34	Gene No. 5, gene caller: glimmer, leftEnd: 4801, rightEnd: 5625, strand: -, length: 825, contig: circular_read_1073, protein: unknown, score1: 1.0, score2: 0.0
35	Gene No. 20, gene caller: phanotate, leftEnd: 4801, rightEnd: 5625, strand: -, length: 825, contig: circular_read_1073, protein: unknown, score1: 1.0, score2: 0.0
36	Gene No. 11, gene caller: prodigal, leftEnd: 4801, rightEnd: 5625, strand: -, length: 825, contig: circular_read_1073, protein: unknown, score1: 1.0, score2: 0.0
37	Gene No. 6, gene caller: glimmer, leftEnd: 5604, rightEnd: 5789, strand: -, length: 186, contig: circular_read_1073, protein: unknown, score1: 1.0, score2: 0.0
38	Gene No. 21, gene caller: phanotate, leftEnd: 5604, rightEnd: 5789, strand: -, length: 186, contig: circular_read_1073, protein: unknown, score1: 1.0, score2: 0.0
39	Gene No. 12, gene caller: prodigal, leftEnd: 5604, rightEnd: 5789, strand: -, length: 186, contig: circular_read_1073, protein: unknown, score1: 1.0, score2: 0.0
40	Gene No. 22, gene caller: phanotate, leftEnd: 5921, rightEnd: 6193, strand: -, length: 273, contig: circular_read_1073, protein: unknown, score1: 1.0, score2: 0.0
41	Gene No. 13, gene caller: prodigal, leftEnd: 5921, rightEnd: 6193, strand: -, length: 273, contig: circular_read_1073, protein: unknown, score1: 1.0, score2: 0.0
42	Gene No. 23, gene caller: phanotate, leftEnd: 6341, rightEnd: 6538, strand: -, length: 198, contig: circular_read_1073, protein: unknown, score1: 1.0, score2: 0.0
43	Gene No. 14, gene caller: prodigal, leftEnd: 6341, rightEnd: 6538, strand: -, length: 198, contig: circular_read_1073, protein: unknown, score1: 1.0, score2: 0.0
44	Gene No. 7, gene caller: glimmer, leftEnd: 6364, rightEnd: 6534, strand: -, length: 171, contig: circular_read_1073, protein: unknown, score1: 1.0, score2: 0.0
45	Gene No. 24, gene caller: phanotate, leftEnd: 6549, rightEnd: 6881, strand: -, length: 333, contig: circular_read_1073, protein: unknown, score1: 1.0, score2: 0.0
46	Gene No. 15, gene caller: prodigal, leftEnd: 6549, rightEnd: 6881, strand: -, length: 333, contig: circular_read_1073, protein: unknown, score1: 1.0, score2: 0.0
47	Gene No. 25, gene caller: phanotate, leftEnd: 6878, rightEnd: 7054, strand: -, length: 177, contig: circular_read_1073, protein: unknown, score1: 1.0, score2: 0.0
48	Gene No. 16, gene caller: prodigal, leftEnd: 6878, rightEnd: 7054, strand: -, length: 177, contig: circular_read_1073, protein: unknown, score1: 1.0, score2: 0.0
49	Gene No. 8, gene caller: glimmer, leftEnd: 7002, rightEnd: 7130, strand: -, length: 129, contig: circular_read_1073, protein: unknown, score1: 1.0, score2: 0.0
50	Gene No. 26, gene caller: phanotate, leftEnd: 7002, rightEnd: 7226, strand: -, length: 225, contig: circular_read_1073, protein: unknown, score1: 1.0, score2: 0.0
51	Gene No. 27, gene caller: phanotate, leftEnd: 7232, rightEnd: 7378, strand: -, length: 147, contig: circular_read_1073, protein: unknown, score1: 1.0, score2: 0.0
52	Gene No. 28, gene caller: phanotate, leftEnd: 7375, rightEnd: 7467, strand: -, length: 93, contig: circular_read_1073, protein: unknown, score1: 1.0, score2: 0.0
53	Gene No. 29, gene caller: phanotate, leftEnd: 7567, rightEnd: 7668, strand: -, length: 102, contig: circular_read_1073, protein: unknown, score1: 1.0, score2: 0.0
54	Gene No. 30, gene caller: phanotate, leftEnd: 7788, rightEnd: 7880, strand: -, length: 93, contig: circular_read_1073, protein: unknown, score1: 1.0, score2: 0.0
55	Gene No. 31, gene caller: phanotate, leftEnd: 7861, rightEnd: 7962, strand: -, length: 102, contig: circular_read_1073, protein: unknown, score1: 1.0, score2: 0.0
56	Gene No. 9, gene caller: glimmer, leftEnd: 7861, rightEnd: 7977, strand: -, length: 117, contig: circular_read_1073, protein: unknown, score1: 1.0, score2: 0.0
57	Gene No. 32, gene caller: phanotate, leftEnd: 7943, rightEnd: 8137, strand: -, length: 195, contig: circular_read_1073, protein: unknown, score1: 1.0, score2: 0.0
58	Gene No. 33, gene caller: phanotate, leftEnd: 8175, rightEnd: 8348, strand: -, length: 174, contig: circular_read_1073, protein: unknown, score1: 1.0, score2: 0.0
59	Gene No. 34, gene caller: phanotate, leftEnd: 8452, rightEnd: 8562, strand: -, length: 111, contig: circular_read_1073, protein: unknown, score1: 1.0, score2: 0.0
60	Gene No. 35, gene caller: phanotate, leftEnd: 8669, rightEnd: 8764, strand: -, length: 96, contig: circular_read_1073, protein: unknown, score1: 1.0, score2: 0.0
61	Gene No. 36, gene caller: phanotate, leftEnd: 8830, rightEnd: 8946, strand: -, length: 117, contig: circular_read_1073, protein: unknown, score1: 1.0, score2: 0.0
62	Gene No. 17, gene caller: prodigal, leftEnd: 9040, rightEnd: 9189, strand: +, length: 150, contig: circular_read_1073, protein: unknown, score1: 1.0, score2: 0.0
63	Gene No. 37, gene caller: phanotate, leftEnd: 9059, rightEnd: 9223, strand: -, length: 165, contig: circular_read_1073, protein: unknown, score1: 1.0, score2: 0.0
64	Gene No. 38, gene caller: phanotate, leftEnd: 9300, rightEnd: 9464, strand: -, length: 165, contig: circular_read_1073, protein: unknown, score1: 1.0, score2: 0.0
65	Gene No. 39, gene caller: phanotate, leftEnd: 9467, rightEnd: 9712, strand: -, length: 246, contig: circular_read_1073, protein: unknown, score1: 1.0, score2: 0.0
66	Gene No. 40, gene caller: phanotate, leftEnd: 9699, rightEnd: 9791, strand: -, length: 93, contig: circular_read_1073, protein: unknown, score1: 1.0, score2: 0.0
67	Gene No. 41, gene caller: phanotate, leftEnd: 9807, rightEnd: 10049, strand: +, length: 243, contig: circular_read_1073, protein: unknown, score1: 1.0, score2: 0.0
68	Gene No. 18, gene caller: prodigal, leftEnd: 9807, rightEnd: 10049, strand: +, length: 243, contig: circular_read_1073, protein: unknown, score1: 1.0, score2: 0.0
69	Gene No. 42, gene caller: phanotate, leftEnd: 10043, rightEnd: 10138, strand: +, length: 96, contig: circular_read_1073, protein: unknown, score1: 1.0, score2: 0.0
70	Gene No. 10, gene caller: glimmer, leftEnd: 10053, rightEnd: 10886, strand: +, length: 834, contig: circular_read_1073, protein: unknown, score1: 1.0, score2: 0.0
71	Gene No. 43, gene caller: phanotate, leftEnd: 10149, rightEnd: 10886, strand: +, length: 738, contig: circular_read_1073, protein: unknown, score1: 1.0, score2: 0.0
72	Gene No. 19, gene caller: prodigal, leftEnd: 10149, rightEnd: 10886, strand: +, length: 738, contig: circular_read_1073, protein: unknown, score1: 1.0, score2: 0.0
73	Gene No. 11, gene caller: glimmer, leftEnd: 10898, rightEnd: 11536, strand: +, length: 639, contig: circular_read_1073, protein: unknown, score1: 1.0, score2: 0.0
74	Gene No. 44, gene caller: phanotate, leftEnd: 10898, rightEnd: 11536, strand: +, length: 639, contig: circular_read_1073, protein: unknown, score1: 1.0, score2: 0.0
75	Gene No. 20, gene caller: prodigal, leftEnd: 10898, rightEnd: 11536, strand: +, length: 639, contig: circular_read_1073, protein: unknown, score1: 1.0, score2: 0.0
76	Gene No. 45, gene caller: phanotate, leftEnd: 11529, rightEnd: 11672, strand: +, length: 144, contig: circular_read_1073, protein: unknown, score1: 1.0, score2: 0.0
77	Gene No. 21, gene caller: prodigal, leftEnd: 11645, rightEnd: 11881, strand: +, length: 237, contig: circular_read_1073, protein: unknown, score1: 1.0, score2: 0.0
78	Gene No. 46, gene caller: phanotate, leftEnd: 11711, rightEnd: 11881, strand: +, length: 171, contig: circular_read_1073, protein: unknown, score1: 1.0, score2: 0.0
79	Gene No. 47, gene caller: phanotate, leftEnd: 11959, rightEnd: 12048, strand: +, length: 90, contig: circular_read_1073, protein: unknown, score1: 1.0, score2: 0.0
80	Gene No. 48, gene caller: phanotate, leftEnd: 12032, rightEnd: 12121, strand: +, length: 90, contig: circular_read_1073, protein: unknown, score1: 1.0, score2: 0.0
81	Gene No. 12, gene caller: glimmer, leftEnd: 12126, rightEnd: 12329, strand: +, length: 204, contig: circular_read_1073, protein: unknown, score1: 1.0, score2: 0.0
82	Gene No. 49, gene caller: phanotate, leftEnd: 12126, rightEnd: 12329, strand: +, length: 204, contig: circular_read_1073, protein: unknown, score1: 1.0, score2: 0.0
83	Gene No. 22, gene caller: prodigal, leftEnd: 12250, rightEnd: 12648, strand: -, length: 399, contig: circular_read_1073, protein: unknown, score1: 1.0, score2: 0.0
84	Gene No. 50, gene caller: phanotate, leftEnd: 12426, rightEnd: 12518, strand: +, length: 93, contig: circular_read_1073, protein: unknown, score1: 1.0, score2: 0.0
85	Gene No. 13, gene caller: glimmer, leftEnd: 12664, rightEnd: 12810, strand: +, length: 147, contig: circular_read_1073, protein: unknown, score1: 1.0, score2: 0.0
86	Gene No. 51, gene caller: phanotate, leftEnd: 12664, rightEnd: 12810, strand: +, length: 147, contig: circular_read_1073, protein: unknown, score1: 1.0, score2: 0.0
87	Gene No. 14, gene caller: glimmer, leftEnd: 12800, rightEnd: 12922, strand: +, length: 123, contig: circular_read_1073, protein: unknown, score1: 1.0, score2: 0.0
88	Gene No. 23, gene caller: prodigal, leftEnd: 12850, rightEnd: 12990, strand: +, length: 141, contig: circular_read_1073, protein: unknown, score1: 1.0, score2: 0.0
89	Gene No. 52, gene caller: phanotate, leftEnd: 12865, rightEnd: 12990, strand: +, length: 126, contig: circular_read_1073, protein: unknown, score1: 1.0, score2: 0.0
90	Gene No. 15, gene caller: glimmer, leftEnd: 12874, rightEnd: 12990, strand: +, length: 117, contig: circular_read_1073, protein: unknown, score1: 1.0, score2: 0.0
91	Gene No. 53, gene caller: phanotate, leftEnd: 13360, rightEnd: 13455, strand: +, length: 96, contig: circular_read_1073, protein: unknown, score1: 1.0, score2: 0.0
92	Gene No. 24, gene caller: prodigal, leftEnd: 13360, rightEnd: 13455, strand: +, length: 96, contig: circular_read_1073, protein: unknown, score1: 1.0, score2: 0.0
93	Gene No. 16, gene caller: glimmer, leftEnd: 13734, rightEnd: 13859, strand: +, length: 126, contig: circular_read_1073, protein: unknown, score1: 1.0, score2: 0.0
94	Gene No. 54, gene caller: phanotate, leftEnd: 13734, rightEnd: 13859, strand: +, length: 126, contig: circular_read_1073, protein: unknown, score1: 1.0, score2: 0.0
95	Gene No. 25, gene caller: prodigal, leftEnd: 13734, rightEnd: 13859, strand: +, length: 126, contig: circular_read_1073, protein: unknown, score1: 1.0, score2: 0.0
96	Gene No. 17, gene caller: glimmer, leftEnd: 13921, rightEnd: 14064, strand: +, length: 144, contig: circular_read_1073, protein: unknown, score1: 1.0, score2: 0.0
97	Gene No. 55, gene caller: phanotate, leftEnd: 13921, rightEnd: 14064, strand: +, length: 144, contig: circular_read_1073, protein: unknown, score1: 1.0, score2: 0.0
98	Gene No. 26, gene caller: prodigal, leftEnd: 13921, rightEnd: 14064, strand: +, length: 144, contig: circular_read_1073, protein: unknown, score1: 1.0, score2: 0.0
99	Gene No. 18, gene caller: glimmer, leftEnd: 14191, rightEnd: 14310, strand: +, length: 120, contig: circular_read_1073, protein: unknown, score1: 1.0, score2: 0.0
100	Gene No. 56, gene caller: phanotate, leftEnd: 14191, rightEnd: 14310, strand: +, length: 120, contig: circular_read_1073, protein: unknown, score1: 1.0, score2: 0.0
101	Gene No. 57, gene caller: phanotate, leftEnd: 14539, rightEnd: 14658, strand: -, length: 120, contig: circular_read_1073, protein: unknown, score1: 1.0, score2: 0.0
102	Gene No. 58, gene caller: phanotate, leftEnd: 14814, rightEnd: 14924, strand: +, length: 111, contig: circular_read_1073, protein: unknown, score1: 1.0, score2: 0.0
103	Gene No. 27, gene caller: prodigal, leftEnd: 14814, rightEnd: 14924, strand: +, length: 111, contig: circular_read_1073, protein: unknown, score1: 1.0, score2: 0.0
104	Gene No. 59, gene caller: phanotate, leftEnd: 15079, rightEnd: 15186, strand: +, length: 108, contig: circular_read_1073, protein: unknown, score1: 1.0, score2: 0.0
105	Gene No. 60, gene caller: phanotate, leftEnd: 15682, rightEnd: 15780, strand: +, length: 99, contig: circular_read_1073, protein: unknown, score1: 1.0, score2: 0.0
106	Gene No. 28, gene caller: prodigal, leftEnd: 15682, rightEnd: 15780, strand: +, length: 99, contig: circular_read_1073, protein: unknown, score1: 1.0, score2: 0.0
107	Gene No. 61, gene caller: phanotate, leftEnd: 15771, rightEnd: 15860, strand: +, length: 90, contig: circular_read_1073, protein: unknown, score1: 1.0, score2: 0.0
108	Gene No. 19, gene caller: glimmer, leftEnd: 15986, rightEnd: 16141, strand: +, length: 156, contig: circular_read_1073, protein: unknown, score1: 1.0, score2: 0.0
109	Gene No. 62, gene caller: phanotate, leftEnd: 15986, rightEnd: 16141, strand: +, length: 156, contig: circular_read_1073, protein: unknown, score1: 1.0, score2: 0.0
110	Gene No. 29, gene caller: prodigal, leftEnd: 15986, rightEnd: 16141, strand: +, length: 156, contig: circular_read_1073, protein: unknown, score1: 1.0, score2: 0.0
111	Gene No. 63, gene caller: phanotate, leftEnd: 16373, rightEnd: 16486, strand: -, length: 114, contig: circular_read_1073, protein: unknown, score1: 1.0, score2: 0.0
112	Gene No. 20, gene caller: glimmer, leftEnd: 17034, rightEnd: 17177, strand: +, length: 144, contig: circular_read_1073, protein: unknown, score1: 1.0, score2: 0.0
113	Gene No. 64, gene caller: phanotate, leftEnd: 17034, rightEnd: 17177, strand: +, length: 144, contig: circular_read_1073, protein: unknown, score1: 1.0, score2: 0.0
114	Gene No. 30, gene caller: prodigal, leftEnd: 17034, rightEnd: 17177, strand: +, length: 144, contig: circular_read_1073, protein: unknown, score1: 1.0, score2: 0.0
115	Gene No. 65, gene caller: phanotate, leftEnd: 17229, rightEnd: 17834, strand: +, length: 606, contig: circular_read_1073, protein: unknown, score1: 1.0, score2: 0.0
116	Gene No. 21, gene caller: glimmer, leftEnd: 17233, rightEnd: 17904, strand: +, length: 672, contig: circular_read_1073, protein: unknown, score1: 1.0, score2: 0.0
117	Gene No. 31, gene caller: prodigal, leftEnd: 17233, rightEnd: 17904, strand: +, length: 672, contig: circular_read_1073, protein: unknown, score1: 1.0, score2: 0.0
118	Gene No. 66, gene caller: phanotate, leftEnd: 17850, rightEnd: 18092, strand: -, length: 243, contig: circular_read_1073, protein: unknown, score1: 1.0, score2: 0.0
119	Gene No. 67, gene caller: phanotate, leftEnd: 18095, rightEnd: 18205, strand: -, length: 111, contig: circular_read_1073, protein: unknown, score1: 1.0, score2: 0.0
120	Gene No. 32, gene caller: prodigal, leftEnd: 18191, rightEnd: 18289, strand: +, length: 99, contig: circular_read_1073, protein: unknown, score1: 1.0, score2: 0.0
121	Gene No. 68, gene caller: phanotate, leftEnd: 18202, rightEnd: 18330, strand: -, length: 129, contig: circular_read_1073, protein: unknown, score1: 1.0, score2: 0.0
122	Gene No. 69, gene caller: phanotate, leftEnd: 18638, rightEnd: 18736, strand: +, length: 99, contig: circular_read_1073, protein: unknown, score1: 1.0, score2: 0.0
123	Gene No. 70, gene caller: phanotate, leftEnd: 18746, rightEnd: 18835, strand: +, length: 90, contig: circular_read_1073, protein: unknown, score1: 1.0, score2: 0.0
124	Gene No. 71, gene caller: phanotate, leftEnd: 18900, rightEnd: 19115, strand: +, length: 216, contig: circular_read_1073, protein: unknown, score1: 1.0, score2: 0.0
125	Gene No. 72, gene caller: phanotate, leftEnd: 19242, rightEnd: 19382, strand: -, length: 141, contig: circular_read_1073, protein: unknown, score1: 1.0, score2: 0.0
126	Gene No. 22, gene caller: glimmer, leftEnd: 19277, rightEnd: 19408, strand: +, length: 132, contig: circular_read_1073, protein: unknown, score1: 1.0, score2: 0.0
127	Gene No. 73, gene caller: phanotate, leftEnd: 19410, rightEnd: 19682, strand: -, length: 273, contig: circular_read_1073, protein: unknown, score1: 1.0, score2: 0.0
128	Gene No. 23, gene caller: glimmer, leftEnd: 19746, rightEnd: 19973, strand: +, length: 228, contig: circular_read_1073, protein: unknown, score1: 1.0, score2: 0.0
129	Gene No. 74, gene caller: phanotate, leftEnd: 19746, rightEnd: 19973, strand: +, length: 228, contig: circular_read_1073, protein: unknown, score1: 1.0, score2: 0.0
130	Gene No. 33, gene caller: prodigal, leftEnd: 19746, rightEnd: 19973, strand: +, length: 228, contig: circular_read_1073, protein: unknown, score1: 1.0, score2: 0.0
131	Gene No. 24, gene caller: glimmer, leftEnd: 20504, rightEnd: 20686, strand: +, length: 183, contig: circular_read_1073, protein: unknown, score1: 1.0, score2: 0.0
132	Gene No. 75, gene caller: phanotate, leftEnd: 20504, rightEnd: 20686, strand: +, length: 183, contig: circular_read_1073, protein: unknown, score1: 1.0, score2: 0.0
133	Gene No. 34, gene caller: prodigal, leftEnd: 20504, rightEnd: 20686, strand: +, length: 183, contig: circular_read_1073, protein: unknown, score1: 1.0, score2: 0.0
134	Gene No. 76, gene caller: phanotate, leftEnd: 20797, rightEnd: 20937, strand: +, length: 141, contig: circular_read_1073, protein: unknown, score1: 1.0, score2: 0.0
135	Gene No. 77, gene caller: phanotate, leftEnd: 21149, rightEnd: 21259, strand: -, length: 111, contig: circular_read_1073, protein: unknown, score1: 1.0, score2: 0.0
136	Gene No. 78, gene caller: phanotate, leftEnd: 21240, rightEnd: 21353, strand: -, length: 114, contig: circular_read_1073, protein: unknown, score1: 1.0, score2: 0.0
137	Gene No. 79, gene caller: phanotate, leftEnd: 21346, rightEnd: 21444, strand: -, length: 99, contig: circular_read_1073, protein: unknown, score1: 1.0, score2: 0.0
138	Gene No. 80, gene caller: phanotate, leftEnd: 21464, rightEnd: 21583, strand: -, length: 120, contig: circular_read_1073, protein: unknown, score1: 1.0, score2: 0.0
139	Gene No. 81, gene caller: phanotate, leftEnd: 21587, rightEnd: 21679, strand: -, length: 93, contig: circular_read_1073, protein: unknown, score1: 1.0, score2: 0.0
140	Gene No. 25, gene caller: glimmer, leftEnd: 21729, rightEnd: 21881, strand: -, length: 153, contig: circular_read_1073, protein: unknown, score1: 1.0, score2: 0.0
141	Gene No. 82, gene caller: phanotate, leftEnd: 21729, rightEnd: 21881, strand: -, length: 153, contig: circular_read_1073, protein: unknown, score1: 1.0, score2: 0.0
142	Gene No. 83, gene caller: phanotate, leftEnd: 22015, rightEnd: 22149, strand: -, length: 135, contig: circular_read_1073, protein: unknown, score1: 1.0, score2: 0.0
143	Gene No. 35, gene caller: prodigal, leftEnd: 22085, rightEnd: 22327, strand: -, length: 243, contig: circular_read_1073, protein: unknown, score1: 1.0, score2: 0.0
144	Gene No. 84, gene caller: phanotate, leftEnd: 22278, rightEnd: 22415, strand: -, length: 138, contig: circular_read_1073, protein: unknown, score1: 1.0, score2: 0.0
145	Gene No. 85, gene caller: phanotate, leftEnd: 22523, rightEnd: 22675, strand: -, length: 153, contig: circular_read_1073, protein: unknown, score1: 1.0, score2: 0.0
146	Gene No. 86, gene caller: phanotate, leftEnd: 22635, rightEnd: 22916, strand: -, length: 282, contig: circular_read_1073, protein: unknown, score1: 1.0, score2: 0.0
147	Gene No. 36, gene caller: prodigal, leftEnd: 22635, rightEnd: 23039, strand: -, length: 405, contig: circular_read_1073, protein: unknown, score1: 1.0, score2: 0.0
148	Gene No. 87, gene caller: phanotate, leftEnd: 22957, rightEnd: 23055, strand: -, length: 99, contig: circular_read_1073, protein: unknown, score1: 1.0, score2: 0.0
149	Gene No. 37, gene caller: prodigal, leftEnd: 23139, rightEnd: 23300, strand: -, length: 162, contig: circular_read_1073, protein: unknown, score1: 1.0, score2: 0.0
150	Gene No. 88, gene caller: phanotate, leftEnd: 23141, rightEnd: 23422, strand: +, length: 282, contig: circular_read_1073, protein: unknown, score1: 1.0, score2: 0.0
151	Gene No. 26, gene caller: glimmer, leftEnd: 23248, rightEnd: 23376, strand: -, length: 129, contig: circular_read_1073, protein: unknown, score1: 1.0, score2: 0.0
152	Gene No. 89, gene caller: phanotate, leftEnd: 23460, rightEnd: 23621, strand: +, length: 162, contig: circular_read_1073, protein: unknown, score1: 1.0, score2: 0.0
153	Gene No. 90, gene caller: phanotate, leftEnd: 23652, rightEnd: 23768, strand: +, length: 117, contig: circular_read_1073, protein: unknown, score1: 1.0, score2: 0.0
154	Gene No. 91, gene caller: phanotate, leftEnd: 23774, rightEnd: 23887, strand: +, length: 114, contig: circular_read_1073, protein: unknown, score1: 1.0, score2: 0.0
155	Gene No. 92, gene caller: phanotate, leftEnd: 23917, rightEnd: 24105, strand: -, length: 189, contig: circular_read_1073, protein: unknown, score1: 1.0, score2: 0.0
156	Gene No. 38, gene caller: prodigal, leftEnd: 23917, rightEnd: 24105, strand: -, length: 189, contig: circular_read_1073, protein: unknown, score1: 1.0, score2: 0.0
157	Gene No. 27, gene caller: glimmer, leftEnd: 24247, rightEnd: 24420, strand: -, length: 174, contig: circular_read_1073, protein: unknown, score1: 1.0, score2: 0.0
158	Gene No. 93, gene caller: phanotate, leftEnd: 24247, rightEnd: 24420, strand: -, length: 174, contig: circular_read_1073, protein: unknown, score1: 1.0, score2: 0.0
159	Gene No. 39, gene caller: prodigal, leftEnd: 24247, rightEnd: 24420, strand: -, length: 174, contig: circular_read_1073, protein: unknown, score1: 1.0, score2: 0.0
160	Gene No. 94, gene caller: phanotate, leftEnd: 24382, rightEnd: 24504, strand: +, length: 123, contig: circular_read_1073, protein: unknown, score1: 1.0, score2: 0.0
161	Gene No. 40, gene caller: prodigal, leftEnd: 24517, rightEnd: 24744, strand: +, length: 228, contig: circular_read_1073, protein: unknown, score1: 1.0, score2: 0.0
162	Gene No. 95, gene caller: phanotate, leftEnd: 24566, rightEnd: 24655, strand: +, length: 90, contig: circular_read_1073, protein: unknown, score1: 1.0, score2: 0.0
163	Gene No. 28, gene caller: glimmer, leftEnd: 24759, rightEnd: 24983, strand: +, length: 225, contig: circular_read_1073, protein: unknown, score1: 1.0, score2: 0.0
164	Gene No. 96, gene caller: phanotate, leftEnd: 24759, rightEnd: 24983, strand: +, length: 225, contig: circular_read_1073, protein: unknown, score1: 1.0, score2: 0.0
165	Gene No. 29, gene caller: glimmer, leftEnd: 24987, rightEnd: 25112, strand: +, length: 126, contig: circular_read_1073, protein: unknown, score1: 1.0, score2: 0.0
166	Gene No. 97, gene caller: phanotate, leftEnd: 25070, rightEnd: 25372, strand: +, length: 303, contig: circular_read_1073, protein: unknown, score1: 1.0, score2: 0.0
167	Gene No. 41, gene caller: prodigal, leftEnd: 25070, rightEnd: 25372, strand: +, length: 303, contig: circular_read_1073, protein: unknown, score1: 1.0, score2: 0.0
168	Gene No. 30, gene caller: glimmer, leftEnd: 25369, rightEnd: 25494, strand: -, length: 126, contig: circular_read_1073, protein: unknown, score1: 1.0, score2: 0.0
169	Gene No. 98, gene caller: phanotate, leftEnd: 25435, rightEnd: 25539, strand: +, length: 105, contig: circular_read_1073, protein: unknown, score1: 1.0, score2: 0.0
170	Gene No. 99, gene caller: phanotate, leftEnd: 25586, rightEnd: 25786, strand: +, length: 201, contig: circular_read_1073, protein: unknown, score1: 1.0, score2: 0.0
171	Gene No. 100, gene caller: phanotate, leftEnd: 25783, rightEnd: 26019, strand: +, length: 237, contig: circular_read_1073, protein: unknown, score1: 1.0, score2: 0.0
172	Gene No. 101, gene caller: phanotate, leftEnd: 26033, rightEnd: 26365, strand: +, length: 333, contig: circular_read_1073, protein: unknown, score1: 1.0, score2: 0.0
173	Gene No. 42, gene caller: prodigal, leftEnd: 26033, rightEnd: 26365, strand: +, length: 333, contig: circular_read_1073, protein: unknown, score1: 1.0, score2: 0.0
174	Gene No. 102, gene caller: phanotate, leftEnd: 26376, rightEnd: 26732, strand: +, length: 357, contig: circular_read_1073, protein: unknown, score1: 1.0, score2: 0.0
175	Gene No. 43, gene caller: prodigal, leftEnd: 26376, rightEnd: 26732, strand: +, length: 357, contig: circular_read_1073, protein: unknown, score1: 1.0, score2: 0.0
176	Gene No. 31, gene caller: glimmer, leftEnd: 26380, rightEnd: 26550, strand: +, length: 171, contig: circular_read_1073, protein: unknown, score1: 1.0, score2: 0.0
177	Gene No. 103, gene caller: phanotate, leftEnd: 26787, rightEnd: 27062, strand: +, length: 276, contig: circular_read_1073, protein: unknown, score1: 1.0, score2: 0.0
178	Gene No. 44, gene caller: prodigal, leftEnd: 26787, rightEnd: 27062, strand: +, length: 276, contig: circular_read_1073, protein: unknown, score1: 1.0, score2: 0.0
179	Gene No. 104, gene caller: phanotate, leftEnd: 27126, rightEnd: 27227, strand: +, length: 102, contig: circular_read_1073, protein: unknown, score1: 1.0, score2: 0.0
180	Gene No. 45, gene caller: prodigal, leftEnd: 27126, rightEnd: 27227, strand: +, length: 102, contig: circular_read_1073, protein: unknown, score1: 1.0, score2: 0.0
181	Gene No. 105, gene caller: phanotate, leftEnd: 27224, rightEnd: 27316, strand: +, length: 93, contig: circular_read_1073, protein: unknown, score1: 1.0, score2: 0.0
182	Gene No. 106, gene caller: phanotate, leftEnd: 27444, rightEnd: 27542, strand: -, length: 99, contig: circular_read_1073, protein: unknown, score1: 1.0, score2: 0.0
183	Gene No. 32, gene caller: glimmer, leftEnd: 27521, rightEnd: 28117, strand: +, length: 597, contig: circular_read_1073, protein: unknown, score1: 1.0, score2: 0.0
184	Gene No. 107, gene caller: phanotate, leftEnd: 27521, rightEnd: 28117, strand: +, length: 597, contig: circular_read_1073, protein: unknown, score1: 1.0, score2: 0.0
185	Gene No. 46, gene caller: prodigal, leftEnd: 27521, rightEnd: 28117, strand: +, length: 597, contig: circular_read_1073, protein: unknown, score1: 1.0, score2: 0.0
186	Gene No. 108, gene caller: phanotate, leftEnd: 28193, rightEnd: 28330, strand: +, length: 138, contig: circular_read_1073, protein: unknown, score1: 1.0, score2: 0.0
187	Gene No. 109, gene caller: phanotate, leftEnd: 28327, rightEnd: 28578, strand: +, length: 252, contig: circular_read_1073, protein: unknown, score1: 1.0, score2: 0.0
188	Gene No. 47, gene caller: prodigal, leftEnd: 28327, rightEnd: 28578, strand: +, length: 252, contig: circular_read_1073, protein: unknown, score1: 1.0, score2: 0.0
Comparing across geneCall sets....
Scoring gene calls....
Identifying common core...
This is the Common Core List:

***************Common Core
CC-gene 1	Gene No. 1, gene caller: All_callers, leftEnd: 679, rightEnd: 1254, strand: +, length: 576, contig: circular_read_1073, protein: unknown, score1: 1.0, score2: 0.0
CC-gene 2	Gene No. 1, gene caller: All_callers, leftEnd: 2914, rightEnd: 3600, strand: -, length: 687, contig: circular_read_1073, protein: unknown, score1: 1.0, score2: 0.0
CC-gene 3	Gene No. 1, gene caller: All_callers, leftEnd: 4801, rightEnd: 5625, strand: -, length: 825, contig: circular_read_1073, protein: unknown, score1: 1.0, score2: 0.0
CC-gene 4	Gene No. 1, gene caller: All_callers, leftEnd: 5604, rightEnd: 5789, strand: -, length: 186, contig: circular_read_1073, protein: unknown, score1: 1.0, score2: 0.0
CC-gene 5	Gene No. 1, gene caller: All_callers, leftEnd: 10898, rightEnd: 11536, strand: +, length: 639, contig: circular_read_1073, protein: unknown, score1: 1.0, score2: 0.0
CC-gene 6	Gene No. 1, gene caller: All_callers, leftEnd: 13734, rightEnd: 13859, strand: +, length: 126, contig: circular_read_1073, protein: unknown, score1: 1.0, score2: 0.0
CC-gene 7	Gene No. 1, gene caller: All_callers, leftEnd: 13921, rightEnd: 14064, strand: +, length: 144, contig: circular_read_1073, protein: unknown, score1: 1.0, score2: 0.0
CC-gene 8	Gene No. 1, gene caller: All_callers, leftEnd: 15986, rightEnd: 16141, strand: +, length: 156, contig: circular_read_1073, protein: unknown, score1: 1.0, score2: 0.0
CC-gene 9	Gene No. 1, gene caller: All_callers, leftEnd: 17034, rightEnd: 17177, strand: +, length: 144, contig: circular_read_1073, protein: unknown, score1: 1.0, score2: 0.0
CC-gene 10	Gene No. 1, gene caller: All_callers, leftEnd: 19746, rightEnd: 19973, strand: +, length: 228, contig: circular_read_1073, protein: unknown, score1: 1.0, score2: 0.0
CC-gene 11	Gene No. 1, gene caller: All_callers, leftEnd: 20504, rightEnd: 20686, strand: +, length: 183, contig: circular_read_1073, protein: unknown, score1: 1.0, score2: 0.0
CC-gene 12	Gene No. 1, gene caller: All_callers, leftEnd: 24247, rightEnd: 24420, strand: -, length: 174, contig: circular_read_1073, protein: unknown, score1: 1.0, score2: 0.0
CC-gene 13	Gene No. 1, gene caller: All_callers, leftEnd: 27521, rightEnd: 28117, strand: +, length: 597, contig: circular_read_1073, protein: unknown, score1: 1.0, score2: 0.0
Printing gene-call superset, consensus, and common_core in GFF and CGC formats
Printing report....
The following gene callers were considered: glimmer, phanotate, prodigal, The number of distinct gene calls over all gene callers is 135
The number of gene calls in common among all callers is 13
The number of unique (non-matching) gene calls is95
Caller glimmer produced 32 gene calls.
Caller glimmer gene-call length stats:  min: 117, max: 834, ave: 268.78125
Caller phanotate produced 109 gene calls.
Caller phanotate gene-call length stats:  min: 90, max: 825, ave: 196.0183486238532
Caller prodigal produced 47 gene calls.
Caller prodigal gene-call length stats:  min: 96, max: 825, ave: 292.27659574468083

Gene-call Scores:
Caller	Contig	Gene No.	Left End	Right End	Strand	gcScore
phanotate	circular_read_1073	1	1	117	+	0.83
prodigal	circular_read_1073	1	1	117	+	0.83
phanotate	circular_read_1073	2	122	490	+	0.83
prodigal	circular_read_1073	2	122	490	+	0.83
glimmer	circular_read_1073	1	371	490	+	0.50
phanotate	circular_read_1073	3	487	663	+	0.33
glimmer	circular_read_1073	2	679	1254	+	1.00
phanotate	circular_read_1073	4	679	1254	+	1.00
prodigal	circular_read_1073	3	679	1254	+	1.00
phanotate	circular_read_1073	5	1300	1404	+	0.33
prodigal	circular_read_1073	4	1429	1872	+	0.50
phanotate	circular_read_1073	6	1433	1540	+	0.33
phanotate	circular_read_1073	7	1540	1872	+	0.50
phanotate	circular_read_1073	8	1949	2173	+	0.83
prodigal	circular_read_1073	5	1949	2173	+	0.83
phanotate	circular_read_1073	9	2243	2500	-	0.83
prodigal	circular_read_1073	6	2243	2500	-	0.83
phanotate	circular_read_1073	10	2507	2728	-	0.50
prodigal	circular_read_1073	7	2507	2791	-	0.50
phanotate	circular_read_1073	11	2725	2814	-	0.33
phanotate	circular_read_1073	12	2801	2914	-	0.33
glimmer	circular_read_1073	3	2914	3600	-	1.00
phanotate	circular_read_1073	13	2914	3600	-	1.00
prodigal	circular_read_1073	8	2914	3600	-	1.00
phanotate	circular_read_1073	14	3584	3763	-	0.33
prodigal	circular_read_1073	9	3742	4038	-	0.33
phanotate	circular_read_1073	15	3786	3962	-	0.33
glimmer	circular_read_1073	4	3959	4078	-	0.50
phanotate	circular_read_1073	16	3959	4180	-	0.50
phanotate	circular_read_1073	17	4171	4326	-	0.33
phanotate	circular_read_1073	18	4331	4591	-	0.83
prodigal	circular_read_1073	10	4331	4591	-	0.83
phanotate	circular_read_1073	19	4588	4725	-	0.33
glimmer	circular_read_1073	5	4801	5625	-	1.00
phanotate	circular_read_1073	20	4801	5625	-	1.00
prodigal	circular_read_1073	11	4801	5625	-	1.00
glimmer	circular_read_1073	6	5604	5789	-	1.00
phanotate	circular_read_1073	21	5604	5789	-	1.00
prodigal	circular_read_1073	12	5604	5789	-	1.00
phanotate	circular_read_1073	22	5921	6193	-	0.83
prodigal	circular_read_1073	13	5921	6193	-	0.83
phanotate	circular_read_1073	23	6341	6538	-	0.83
prodigal	circular_read_1073	14	6341	6538	-	0.83
glimmer	circular_read_1073	7	6364	6534	-	0.33
phanotate	circular_read_1073	24	6549	6881	-	0.83
prodigal	circular_read_1073	15	6549	6881	-	0.83
phanotate	circular_read_1073	25	6878	7054	-	0.83
prodigal	circular_read_1073	16	6878	7054	-	0.83
glimmer	circular_read_1073	8	7002	7130	-	0.50
phanotate	circular_read_1073	26	7002	7226	-	0.50
phanotate	circular_read_1073	27	7232	7378	-	0.33
phanotate	circular_read_1073	28	7375	7467	-	0.33
phanotate	circular_read_1073	29	7567	7668	-	0.33
phanotate	circular_read_1073	30	7788	7880	-	0.33
phanotate	circular_read_1073	31	7861	7962	-	0.50
glimmer	circular_read_1073	9	7861	7977	-	0.50
phanotate	circular_read_1073	32	7943	8137	-	0.33
phanotate	circular_read_1073	33	8175	8348	-	0.33
phanotate	circular_read_1073	34	8452	8562	-	0.33
phanotate	circular_read_1073	35	8669	8764	-	0.33
phanotate	circular_read_1073	36	8830	8946	-	0.33
prodigal	circular_read_1073	17	9040	9189	+	0.33
phanotate	circular_read_1073	37	9059	9223	-	0.33
phanotate	circular_read_1073	38	9300	9464	-	0.33
phanotate	circular_read_1073	39	9467	9712	-	0.33
phanotate	circular_read_1073	40	9699	9791	-	0.33
phanotate	circular_read_1073	41	9807	10049	+	0.83
prodigal	circular_read_1073	18	9807	10049	+	0.83
phanotate	circular_read_1073	42	10043	10138	+	0.33
glimmer	circular_read_1073	10	10053	10886	+	0.50
phanotate	circular_read_1073	43	10149	10886	+	0.83
prodigal	circular_read_1073	19	10149	10886	+	0.83
glimmer	circular_read_1073	11	10898	11536	+	1.00
phanotate	circular_read_1073	44	10898	11536	+	1.00
prodigal	circular_read_1073	20	10898	11536	+	1.00
phanotate	circular_read_1073	45	11529	11672	+	0.33
prodigal	circular_read_1073	21	11645	11881	+	0.50
phanotate	circular_read_1073	46	11711	11881	+	0.50
phanotate	circular_read_1073	47	11959	12048	+	0.33
phanotate	circular_read_1073	48	12032	12121	+	0.33
glimmer	circular_read_1073	12	12126	12329	+	0.83
phanotate	circular_read_1073	49	12126	12329	+	0.83
prodigal	circular_read_1073	22	12250	12648	-	0.33
phanotate	circular_read_1073	50	12426	12518	+	0.33
glimmer	circular_read_1073	13	12664	12810	+	0.83
phanotate	circular_read_1073	51	12664	12810	+	0.83
glimmer	circular_read_1073	14	12800	12922	+	0.33
prodigal	circular_read_1073	23	12850	12990	+	0.50
phanotate	circular_read_1073	52	12865	12990	+	0.50
glimmer	circular_read_1073	15	12874	12990	+	0.50
phanotate	circular_read_1073	53	13360	13455	+	0.83
prodigal	circular_read_1073	24	13360	13455	+	0.83
glimmer	circular_read_1073	16	13734	13859	+	1.00
phanotate	circular_read_1073	54	13734	13859	+	1.00
prodigal	circular_read_1073	25	13734	13859	+	1.00
glimmer	circular_read_1073	17	13921	14064	+	1.00
phanotate	circular_read_1073	55	13921	14064	+	1.00
prodigal	circular_read_1073	26	13921	14064	+	1.00
glimmer	circular_read_1073	18	14191	14310	+	0.83
phanotate	circular_read_1073	56	14191	14310	+	0.83
phanotate	circular_read_1073	57	14539	14658	-	0.33
phanotate	circular_read_1073	58	14814	14924	+	0.83
prodigal	circular_read_1073	27	14814	14924	+	0.83
phanotate	circular_read_1073	59	15079	15186	+	0.33
phanotate	circular_read_1073	60	15682	15780	+	0.83
prodigal	circular_read_1073	28	15682	15780	+	0.83
phanotate	circular_read_1073	61	15771	15860	+	0.33
glimmer	circular_read_1073	19	15986	16141	+	1.00
phanotate	circular_read_1073	62	15986	16141	+	1.00
prodigal	circular_read_1073	29	15986	16141	+	1.00
phanotate	circular_read_1073	63	16373	16486	-	0.33
glimmer	circular_read_1073	20	17034	17177	+	1.00
phanotate	circular_read_1073	64	17034	17177	+	1.00
prodigal	circular_read_1073	30	17034	17177	+	1.00
phanotate	circular_read_1073	65	17229	17834	+	0.33
glimmer	circular_read_1073	21	17233	17904	+	0.83
prodigal	circular_read_1073	31	17233	17904	+	0.83
phanotate	circular_read_1073	66	17850	18092	-	0.33
phanotate	circular_read_1073	67	18095	18205	-	0.33
prodigal	circular_read_1073	32	18191	18289	+	0.33
phanotate	circular_read_1073	68	18202	18330	-	0.33
phanotate	circular_read_1073	69	18638	18736	+	0.33
phanotate	circular_read_1073	70	18746	18835	+	0.33
phanotate	circular_read_1073	71	18900	19115	+	0.33
phanotate	circular_read_1073	72	19242	19382	-	0.33
glimmer	circular_read_1073	22	19277	19408	+	0.33
phanotate	circular_read_1073	73	19410	19682	-	0.33
glimmer	circular_read_1073	23	19746	19973	+	1.00
phanotate	circular_read_1073	74	19746	19973	+	1.00
prodigal	circular_read_1073	33	19746	19973	+	1.00
glimmer	circular_read_1073	24	20504	20686	+	1.00
phanotate	circular_read_1073	75	20504	20686	+	1.00
prodigal	circular_read_1073	34	20504	20686	+	1.00
phanotate	circular_read_1073	76	20797	20937	+	0.33
phanotate	circular_read_1073	77	21149	21259	-	0.33
phanotate	circular_read_1073	78	21240	21353	-	0.33
phanotate	circular_read_1073	79	21346	21444	-	0.33
phanotate	circular_read_1073	80	21464	21583	-	0.33
phanotate	circular_read_1073	81	21587	21679	-	0.33
glimmer	circular_read_1073	25	21729	21881	-	0.83
phanotate	circular_read_1073	82	21729	21881	-	0.83
phanotate	circular_read_1073	83	22015	22149	-	0.33
prodigal	circular_read_1073	35	22085	22327	-	0.33
phanotate	circular_read_1073	84	22278	22415	-	0.33
phanotate	circular_read_1073	85	22523	22675	-	0.33
phanotate	circular_read_1073	86	22635	22916	-	0.50
prodigal	circular_read_1073	36	22635	23039	-	0.50
phanotate	circular_read_1073	87	22957	23055	-	0.33
prodigal	circular_read_1073	37	23139	23300	-	0.33
phanotate	circular_read_1073	88	23141	23422	+	0.33
glimmer	circular_read_1073	26	23248	23376	-	0.33
phanotate	circular_read_1073	89	23460	23621	+	0.33
phanotate	circular_read_1073	90	23652	23768	+	0.33
phanotate	circular_read_1073	91	23774	23887	+	0.33
phanotate	circular_read_1073	92	23917	24105	-	0.83
prodigal	circular_read_1073	38	23917	24105	-	0.83
glimmer	circular_read_1073	27	24247	24420	-	1.00
phanotate	circular_read_1073	93	24247	24420	-	1.00
prodigal	circular_read_1073	39	24247	24420	-	1.00
phanotate	circular_read_1073	94	24382	24504	+	0.33
prodigal	circular_read_1073	40	24517	24744	+	0.33
phanotate	circular_read_1073	95	24566	24655	+	0.33
glimmer	circular_read_1073	28	24759	24983	+	0.83
phanotate	circular_read_1073	96	24759	24983	+	0.83
glimmer	circular_read_1073	29	24987	25112	+	0.33
phanotate	circular_read_1073	97	25070	25372	+	0.83
prodigal	circular_read_1073	41	25070	25372	+	0.83
glimmer	circular_read_1073	30	25369	25494	-	0.33
phanotate	circular_read_1073	98	25435	25539	+	0.33
phanotate	circular_read_1073	99	25586	25786	+	0.33
phanotate	circular_read_1073	100	25783	26019	+	0.33
phanotate	circular_read_1073	101	26033	26365	+	0.83
prodigal	circular_read_1073	42	26033	26365	+	0.83
phanotate	circular_read_1073	102	26376	26732	+	0.83
prodigal	circular_read_1073	43	26376	26732	+	0.83
glimmer	circular_read_1073	31	26380	26550	+	0.33
phanotate	circular_read_1073	103	26787	27062	+	0.83
prodigal	circular_read_1073	44	26787	27062	+	0.83
phanotate	circular_read_1073	104	27126	27227	+	0.83
prodigal	circular_read_1073	45	27126	27227	+	0.83
phanotate	circular_read_1073	105	27224	27316	+	0.33
phanotate	circular_read_1073	106	27444	27542	-	0.33
glimmer	circular_read_1073	32	27521	28117	+	1.00
phanotate	circular_read_1073	107	27521	28117	+	1.00
prodigal	circular_read_1073	46	27521	28117	+	1.00
phanotate	circular_read_1073	108	28193	28330	+	0.33
phanotate	circular_read_1073	109	28327	28578	+	0.83
prodigal	circular_read_1073	47	28327	28578	+	0.83

Gene-call Consensus Scores:
Caller glimmer average gene-call score: 0.73
Caller phanotate average gene-call score: 0.54
Caller prodigal average gene-call score: 0.77

***************Unique List
Unique gene call 1
  --  Gene No. 1, gene caller: phanotate, leftEnd: 1, rightEnd: 117, strand: +, length: 117, contig: circular_read_1073, protein: unknown, score1: 0.8333333333333333, score2: 0.0
  --  Gene No. 1, gene caller: prodigal, leftEnd: 1, rightEnd: 117, strand: +, length: 117, contig: circular_read_1073, protein: unknown, score1: 0.8333333333333333, score2: 0.0
Unique gene call 2
  --  Gene No. 2, gene caller: phanotate, leftEnd: 122, rightEnd: 490, strand: +, length: 369, contig: circular_read_1073, protein: unknown, score1: 0.8333333333333333, score2: 0.0
  --  Gene No. 2, gene caller: prodigal, leftEnd: 122, rightEnd: 490, strand: +, length: 369, contig: circular_read_1073, protein: unknown, score1: 0.8333333333333333, score2: 0.0
Unique gene call 3
  --  Gene No. 1, gene caller: glimmer, leftEnd: 371, rightEnd: 490, strand: +, length: 120, contig: circular_read_1073, protein: unknown, score1: 0.5, score2: 0.0
Unique gene call 4
  --  Gene No. 3, gene caller: phanotate, leftEnd: 487, rightEnd: 663, strand: +, length: 177, contig: circular_read_1073, protein: unknown, score1: 0.3333333333333333, score2: 0.0
Unique gene call 5
  --  Gene No. 2, gene caller: glimmer, leftEnd: 679, rightEnd: 1254, strand: +, length: 576, contig: circular_read_1073, protein: unknown, score1: 1.0, score2: 0.0
  --  Gene No. 4, gene caller: phanotate, leftEnd: 679, rightEnd: 1254, strand: +, length: 576, contig: circular_read_1073, protein: unknown, score1: 1.0, score2: 0.0
  --  Gene No. 3, gene caller: prodigal, leftEnd: 679, rightEnd: 1254, strand: +, length: 576, contig: circular_read_1073, protein: unknown, score1: 1.0, score2: 0.0
Unique gene call 6
  --  Gene No. 5, gene caller: phanotate, leftEnd: 1300, rightEnd: 1404, strand: +, length: 105, contig: circular_read_1073, protein: unknown, score1: 0.3333333333333333, score2: 0.0
Unique gene call 7
  --  Gene No. 4, gene caller: prodigal, leftEnd: 1429, rightEnd: 1872, strand: +, length: 444, contig: circular_read_1073, protein: unknown, score1: 0.5, score2: 0.0
Unique gene call 8
  --  Gene No. 6, gene caller: phanotate, leftEnd: 1433, rightEnd: 1540, strand: +, length: 108, contig: circular_read_1073, protein: unknown, score1: 0.3333333333333333, score2: 0.0
Unique gene call 9
  --  Gene No. 7, gene caller: phanotate, leftEnd: 1540, rightEnd: 1872, strand: +, length: 333, contig: circular_read_1073, protein: unknown, score1: 0.5, score2: 0.0
Unique gene call 10
  --  Gene No. 8, gene caller: phanotate, leftEnd: 1949, rightEnd: 2173, strand: +, length: 225, contig: circular_read_1073, protein: unknown, score1: 0.8333333333333333, score2: 0.0
  --  Gene No. 5, gene caller: prodigal, leftEnd: 1949, rightEnd: 2173, strand: +, length: 225, contig: circular_read_1073, protein: unknown, score1: 0.8333333333333333, score2: 0.0
Unique gene call 11
  --  Gene No. 9, gene caller: phanotate, leftEnd: 2243, rightEnd: 2500, strand: -, length: 258, contig: circular_read_1073, protein: unknown, score1: 0.8333333333333333, score2: 0.0
  --  Gene No. 6, gene caller: prodigal, leftEnd: 2243, rightEnd: 2500, strand: -, length: 258, contig: circular_read_1073, protein: unknown, score1: 0.8333333333333333, score2: 0.0
Unique gene call 12
  --  Gene No. 10, gene caller: phanotate, leftEnd: 2507, rightEnd: 2728, strand: -, length: 222, contig: circular_read_1073, protein: unknown, score1: 0.5, score2: 0.0
Unique gene call 13
  --  Gene No. 7, gene caller: prodigal, leftEnd: 2507, rightEnd: 2791, strand: -, length: 285, contig: circular_read_1073, protein: unknown, score1: 0.5, score2: 0.0
Unique gene call 14
  --  Gene No. 11, gene caller: phanotate, leftEnd: 2725, rightEnd: 2814, strand: -, length: 90, contig: circular_read_1073, protein: unknown, score1: 0.3333333333333333, score2: 0.0
Unique gene call 15
  --  Gene No. 12, gene caller: phanotate, leftEnd: 2801, rightEnd: 2914, strand: -, length: 114, contig: circular_read_1073, protein: unknown, score1: 0.3333333333333333, score2: 0.0
Unique gene call 16
  --  Gene No. 3, gene caller: glimmer, leftEnd: 2914, rightEnd: 3600, strand: -, length: 687, contig: circular_read_1073, protein: unknown, score1: 1.0, score2: 0.0
  --  Gene No. 13, gene caller: phanotate, leftEnd: 2914, rightEnd: 3600, strand: -, length: 687, contig: circular_read_1073, protein: unknown, score1: 1.0, score2: 0.0
  --  Gene No. 8, gene caller: prodigal, leftEnd: 2914, rightEnd: 3600, strand: -, length: 687, contig: circular_read_1073, protein: unknown, score1: 1.0, score2: 0.0
Unique gene call 17
  --  Gene No. 14, gene caller: phanotate, leftEnd: 3584, rightEnd: 3763, strand: -, length: 180, contig: circular_read_1073, protein: unknown, score1: 0.3333333333333333, score2: 0.0
Unique gene call 18
  --  Gene No. 9, gene caller: prodigal, leftEnd: 3742, rightEnd: 4038, strand: -, length: 297, contig: circular_read_1073, protein: unknown, score1: 0.3333333333333333, score2: 0.0
Unique gene call 19
  --  Gene No. 15, gene caller: phanotate, leftEnd: 3786, rightEnd: 3962, strand: -, length: 177, contig: circular_read_1073, protein: unknown, score1: 0.3333333333333333, score2: 0.0
Unique gene call 20
  --  Gene No. 4, gene caller: glimmer, leftEnd: 3959, rightEnd: 4078, strand: -, length: 120, contig: circular_read_1073, protein: unknown, score1: 0.5, score2: 0.0
Unique gene call 21
  --  Gene No. 16, gene caller: phanotate, leftEnd: 3959, rightEnd: 4180, strand: -, length: 222, contig: circular_read_1073, protein: unknown, score1: 0.5, score2: 0.0
Unique gene call 22
  --  Gene No. 17, gene caller: phanotate, leftEnd: 4171, rightEnd: 4326, strand: -, length: 156, contig: circular_read_1073, protein: unknown, score1: 0.3333333333333333, score2: 0.0
Unique gene call 23
  --  Gene No. 18, gene caller: phanotate, leftEnd: 4331, rightEnd: 4591, strand: -, length: 261, contig: circular_read_1073, protein: unknown, score1: 0.8333333333333333, score2: 0.0
  --  Gene No. 10, gene caller: prodigal, leftEnd: 4331, rightEnd: 4591, strand: -, length: 261, contig: circular_read_1073, protein: unknown, score1: 0.8333333333333333, score2: 0.0
Unique gene call 24
  --  Gene No. 19, gene caller: phanotate, leftEnd: 4588, rightEnd: 4725, strand: -, length: 138, contig: circular_read_1073, protein: unknown, score1: 0.3333333333333333, score2: 0.0
Unique gene call 25
  --  Gene No. 5, gene caller: glimmer, leftEnd: 4801, rightEnd: 5625, strand: -, length: 825, contig: circular_read_1073, protein: unknown, score1: 1.0, score2: 0.0
  --  Gene No. 20, gene caller: phanotate, leftEnd: 4801, rightEnd: 5625, strand: -, length: 825, contig: circular_read_1073, protein: unknown, score1: 1.0, score2: 0.0
  --  Gene No. 11, gene caller: prodigal, leftEnd: 4801, rightEnd: 5625, strand: -, length: 825, contig: circular_read_1073, protein: unknown, score1: 1.0, score2: 0.0
Unique gene call 26
  --  Gene No. 6, gene caller: glimmer, leftEnd: 5604, rightEnd: 5789, strand: -, length: 186, contig: circular_read_1073, protein: unknown, score1: 1.0, score2: 0.0
  --  Gene No. 21, gene caller: phanotate, leftEnd: 5604, rightEnd: 5789, strand: -, length: 186, contig: circular_read_1073, protein: unknown, score1: 1.0, score2: 0.0
  --  Gene No. 12, gene caller: prodigal, leftEnd: 5604, rightEnd: 5789, strand: -, length: 186, contig: circular_read_1073, protein: unknown, score1: 1.0, score2: 0.0
Unique gene call 27
  --  Gene No. 22, gene caller: phanotate, leftEnd: 5921, rightEnd: 6193, strand: -, length: 273, contig: circular_read_1073, protein: unknown, score1: 0.8333333333333333, score2: 0.0
  --  Gene No. 13, gene caller: prodigal, leftEnd: 5921, rightEnd: 6193, strand: -, length: 273, contig: circular_read_1073, protein: unknown, score1: 0.8333333333333333, score2: 0.0
Unique gene call 28
  --  Gene No. 23, gene caller: phanotate, leftEnd: 6341, rightEnd: 6538, strand: -, length: 198, contig: circular_read_1073, protein: unknown, score1: 0.8333333333333333, score2: 0.0
  --  Gene No. 14, gene caller: prodigal, leftEnd: 6341, rightEnd: 6538, strand: -, length: 198, contig: circular_read_1073, protein: unknown, score1: 0.8333333333333333, score2: 0.0
Unique gene call 29
  --  Gene No. 7, gene caller: glimmer, leftEnd: 6364, rightEnd: 6534, strand: -, length: 171, contig: circular_read_1073, protein: unknown, score1: 0.3333333333333333, score2: 0.0
Unique gene call 30
  --  Gene No. 24, gene caller: phanotate, leftEnd: 6549, rightEnd: 6881, strand: -, length: 333, contig: circular_read_1073, protein: unknown, score1: 0.8333333333333333, score2: 0.0
  --  Gene No. 15, gene caller: prodigal, leftEnd: 6549, rightEnd: 6881, strand: -, length: 333, contig: circular_read_1073, protein: unknown, score1: 0.8333333333333333, score2: 0.0
Unique gene call 31
  --  Gene No. 25, gene caller: phanotate, leftEnd: 6878, rightEnd: 7054, strand: -, length: 177, contig: circular_read_1073, protein: unknown, score1: 0.8333333333333333, score2: 0.0
  --  Gene No. 16, gene caller: prodigal, leftEnd: 6878, rightEnd: 7054, strand: -, length: 177, contig: circular_read_1073, protein: unknown, score1: 0.8333333333333333, score2: 0.0
Unique gene call 32
  --  Gene No. 8, gene caller: glimmer, leftEnd: 7002, rightEnd: 7130, strand: -, length: 129, contig: circular_read_1073, protein: unknown, score1: 0.5, score2: 0.0
Unique gene call 33
  --  Gene No. 26, gene caller: phanotate, leftEnd: 7002, rightEnd: 7226, strand: -, length: 225, contig: circular_read_1073, protein: unknown, score1: 0.5, score2: 0.0
Unique gene call 34
  --  Gene No. 27, gene caller: phanotate, leftEnd: 7232, rightEnd: 7378, strand: -, length: 147, contig: circular_read_1073, protein: unknown, score1: 0.3333333333333333, score2: 0.0
Unique gene call 35
  --  Gene No. 28, gene caller: phanotate, leftEnd: 7375, rightEnd: 7467, strand: -, length: 93, contig: circular_read_1073, protein: unknown, score1: 0.3333333333333333, score2: 0.0
Unique gene call 36
  --  Gene No. 29, gene caller: phanotate, leftEnd: 7567, rightEnd: 7668, strand: -, length: 102, contig: circular_read_1073, protein: unknown, score1: 0.3333333333333333, score2: 0.0
Unique gene call 37
  --  Gene No. 30, gene caller: phanotate, leftEnd: 7788, rightEnd: 7880, strand: -, length: 93, contig: circular_read_1073, protein: unknown, score1: 0.3333333333333333, score2: 0.0
Unique gene call 38
  --  Gene No. 31, gene caller: phanotate, leftEnd: 7861, rightEnd: 7962, strand: -, length: 102, contig: circular_read_1073, protein: unknown, score1: 0.5, score2: 0.0
Unique gene call 39
  --  Gene No. 9, gene caller: glimmer, leftEnd: 7861, rightEnd: 7977, strand: -, length: 117, contig: circular_read_1073, protein: unknown, score1: 0.5, score2: 0.0
Unique gene call 40
  --  Gene No. 32, gene caller: phanotate, leftEnd: 7943, rightEnd: 8137, strand: -, length: 195, contig: circular_read_1073, protein: unknown, score1: 0.3333333333333333, score2: 0.0
Unique gene call 41
  --  Gene No. 33, gene caller: phanotate, leftEnd: 8175, rightEnd: 8348, strand: -, length: 174, contig: circular_read_1073, protein: unknown, score1: 0.3333333333333333, score2: 0.0
Unique gene call 42
  --  Gene No. 34, gene caller: phanotate, leftEnd: 8452, rightEnd: 8562, strand: -, length: 111, contig: circular_read_1073, protein: unknown, score1: 0.3333333333333333, score2: 0.0
Unique gene call 43
  --  Gene No. 35, gene caller: phanotate, leftEnd: 8669, rightEnd: 8764, strand: -, length: 96, contig: circular_read_1073, protein: unknown, score1: 0.3333333333333333, score2: 0.0
Unique gene call 44
  --  Gene No. 36, gene caller: phanotate, leftEnd: 8830, rightEnd: 8946, strand: -, length: 117, contig: circular_read_1073, protein: unknown, score1: 0.3333333333333333, score2: 0.0
Unique gene call 45
  --  Gene No. 17, gene caller: prodigal, leftEnd: 9040, rightEnd: 9189, strand: +, length: 150, contig: circular_read_1073, protein: unknown, score1: 0.3333333333333333, score2: 0.0
Unique gene call 46
  --  Gene No. 37, gene caller: phanotate, leftEnd: 9059, rightEnd: 9223, strand: -, length: 165, contig: circular_read_1073, protein: unknown, score1: 0.3333333333333333, score2: 0.0
Unique gene call 47
  --  Gene No. 38, gene caller: phanotate, leftEnd: 9300, rightEnd: 9464, strand: -, length: 165, contig: circular_read_1073, protein: unknown, score1: 0.3333333333333333, score2: 0.0
Unique gene call 48
  --  Gene No. 39, gene caller: phanotate, leftEnd: 9467, rightEnd: 9712, strand: -, length: 246, contig: circular_read_1073, protein: unknown, score1: 0.3333333333333333, score2: 0.0
Unique gene call 49
  --  Gene No. 40, gene caller: phanotate, leftEnd: 9699, rightEnd: 9791, strand: -, length: 93, contig: circular_read_1073, protein: unknown, score1: 0.3333333333333333, score2: 0.0
Unique gene call 50
  --  Gene No. 41, gene caller: phanotate, leftEnd: 9807, rightEnd: 10049, strand: +, length: 243, contig: circular_read_1073, protein: unknown, score1: 0.8333333333333333, score2: 0.0
  --  Gene No. 18, gene caller: prodigal, leftEnd: 9807, rightEnd: 10049, strand: +, length: 243, contig: circular_read_1073, protein: unknown, score1: 0.8333333333333333, score2: 0.0
Unique gene call 51
  --  Gene No. 42, gene caller: phanotate, leftEnd: 10043, rightEnd: 10138, strand: +, length: 96, contig: circular_read_1073, protein: unknown, score1: 0.3333333333333333, score2: 0.0
Unique gene call 52
  --  Gene No. 10, gene caller: glimmer, leftEnd: 10053, rightEnd: 10886, strand: +, length: 834, contig: circular_read_1073, protein: unknown, score1: 0.5, score2: 0.0
Unique gene call 53
  --  Gene No. 43, gene caller: phanotate, leftEnd: 10149, rightEnd: 10886, strand: +, length: 738, contig: circular_read_1073, protein: unknown, score1: 0.8333333333333333, score2: 0.0
  --  Gene No. 19, gene caller: prodigal, leftEnd: 10149, rightEnd: 10886, strand: +, length: 738, contig: circular_read_1073, protein: unknown, score1: 0.8333333333333333, score2: 0.0
Unique gene call 54
  --  Gene No. 11, gene caller: glimmer, leftEnd: 10898, rightEnd: 11536, strand: +, length: 639, contig: circular_read_1073, protein: unknown, score1: 1.0, score2: 0.0
  --  Gene No. 44, gene caller: phanotate, leftEnd: 10898, rightEnd: 11536, strand: +, length: 639, contig: circular_read_1073, protein: unknown, score1: 1.0, score2: 0.0
  --  Gene No. 20, gene caller: prodigal, leftEnd: 10898, rightEnd: 11536, strand: +, length: 639, contig: circular_read_1073, protein: unknown, score1: 1.0, score2: 0.0
Unique gene call 55
  --  Gene No. 45, gene caller: phanotate, leftEnd: 11529, rightEnd: 11672, strand: +, length: 144, contig: circular_read_1073, protein: unknown, score1: 0.3333333333333333, score2: 0.0
Unique gene call 56
  --  Gene No. 21, gene caller: prodigal, leftEnd: 11645, rightEnd: 11881, strand: +, length: 237, contig: circular_read_1073, protein: unknown, score1: 0.5, score2: 0.0
Unique gene call 57
  --  Gene No. 46, gene caller: phanotate, leftEnd: 11711, rightEnd: 11881, strand: +, length: 171, contig: circular_read_1073, protein: unknown, score1: 0.5, score2: 0.0
Unique gene call 58
  --  Gene No. 47, gene caller: phanotate, leftEnd: 11959, rightEnd: 12048, strand: +, length: 90, contig: circular_read_1073, protein: unknown, score1: 0.3333333333333333, score2: 0.0
Unique gene call 59
  --  Gene No. 48, gene caller: phanotate, leftEnd: 12032, rightEnd: 12121, strand: +, length: 90, contig: circular_read_1073, protein: unknown, score1: 0.3333333333333333, score2: 0.0
Unique gene call 60
  --  Gene No. 12, gene caller: glimmer, leftEnd: 12126, rightEnd: 12329, strand: +, length: 204, contig: circular_read_1073, protein: unknown, score1: 0.8333333333333333, score2: 0.0
  --  Gene No. 49, gene caller: phanotate, leftEnd: 12126, rightEnd: 12329, strand: +, length: 204, contig: circular_read_1073, protein: unknown, score1: 0.8333333333333333, score2: 0.0
Unique gene call 61
  --  Gene No. 22, gene caller: prodigal, leftEnd: 12250, rightEnd: 12648, strand: -, length: 399, contig: circular_read_1073, protein: unknown, score1: 0.3333333333333333, score2: 0.0
Unique gene call 62
  --  Gene No. 50, gene caller: phanotate, leftEnd: 12426, rightEnd: 12518, strand: +, length: 93, contig: circular_read_1073, protein: unknown, score1: 0.3333333333333333, score2: 0.0
Unique gene call 63
  --  Gene No. 13, gene caller: glimmer, leftEnd: 12664, rightEnd: 12810, strand: +, length: 147, contig: circular_read_1073, protein: unknown, score1: 0.8333333333333333, score2: 0.0
  --  Gene No. 51, gene caller: phanotate, leftEnd: 12664, rightEnd: 12810, strand: +, length: 147, contig: circular_read_1073, protein: unknown, score1: 0.8333333333333333, score2: 0.0
Unique gene call 64
  --  Gene No. 14, gene caller: glimmer, leftEnd: 12800, rightEnd: 12922, strand: +, length: 123, contig: circular_read_1073, protein: unknown, score1: 0.3333333333333333, score2: 0.0
Unique gene call 65
  --  Gene No. 23, gene caller: prodigal, leftEnd: 12850, rightEnd: 12990, strand: +, length: 141, contig: circular_read_1073, protein: unknown, score1: 0.5, score2: 0.0
Unique gene call 66
  --  Gene No. 52, gene caller: phanotate, leftEnd: 12865, rightEnd: 12990, strand: +, length: 126, contig: circular_read_1073, protein: unknown, score1: 0.5, score2: 0.0
Unique gene call 67
  --  Gene No. 15, gene caller: glimmer, leftEnd: 12874, rightEnd: 12990, strand: +, length: 117, contig: circular_read_1073, protein: unknown, score1: 0.5, score2: 0.0
Unique gene call 68
  --  Gene No. 53, gene caller: phanotate, leftEnd: 13360, rightEnd: 13455, strand: +, length: 96, contig: circular_read_1073, protein: unknown, score1: 0.8333333333333333, score2: 0.0
  --  Gene No. 24, gene caller: prodigal, leftEnd: 13360, rightEnd: 13455, strand: +, length: 96, contig: circular_read_1073, protein: unknown, score1: 0.8333333333333333, score2: 0.0
Unique gene call 69
  --  Gene No. 16, gene caller: glimmer, leftEnd: 13734, rightEnd: 13859, strand: +, length: 126, contig: circular_read_1073, protein: unknown, score1: 1.0, score2: 0.0
  --  Gene No. 54, gene caller: phanotate, leftEnd: 13734, rightEnd: 13859, strand: +, length: 126, contig: circular_read_1073, protein: unknown, score1: 1.0, score2: 0.0
  --  Gene No. 25, gene caller: prodigal, leftEnd: 13734, rightEnd: 13859, strand: +, length: 126, contig: circular_read_1073, protein: unknown, score1: 1.0, score2: 0.0
Unique gene call 70
  --  Gene No. 17, gene caller: glimmer, leftEnd: 13921, rightEnd: 14064, strand: +, length: 144, contig: circular_read_1073, protein: unknown, score1: 1.0, score2: 0.0
  --  Gene No. 55, gene caller: phanotate, leftEnd: 13921, rightEnd: 14064, strand: +, length: 144, contig: circular_read_1073, protein: unknown, score1: 1.0, score2: 0.0
  --  Gene No. 26, gene caller: prodigal, leftEnd: 13921, rightEnd: 14064, strand: +, length: 144, contig: circular_read_1073, protein: unknown, score1: 1.0, score2: 0.0
Unique gene call 71
  --  Gene No. 18, gene caller: glimmer, leftEnd: 14191, rightEnd: 14310, strand: +, length: 120, contig: circular_read_1073, protein: unknown, score1: 0.8333333333333333, score2: 0.0
  --  Gene No. 56, gene caller: phanotate, leftEnd: 14191, rightEnd: 14310, strand: +, length: 120, contig: circular_read_1073, protein: unknown, score1: 0.8333333333333333, score2: 0.0
Unique gene call 72
  --  Gene No. 57, gene caller: phanotate, leftEnd: 14539, rightEnd: 14658, strand: -, length: 120, contig: circular_read_1073, protein: unknown, score1: 0.3333333333333333, score2: 0.0
Unique gene call 73
  --  Gene No. 58, gene caller: phanotate, leftEnd: 14814, rightEnd: 14924, strand: +, length: 111, contig: circular_read_1073, protein: unknown, score1: 0.8333333333333333, score2: 0.0
  --  Gene No. 27, gene caller: prodigal, leftEnd: 14814, rightEnd: 14924, strand: +, length: 111, contig: circular_read_1073, protein: unknown, score1: 0.8333333333333333, score2: 0.0
Unique gene call 74
  --  Gene No. 59, gene caller: phanotate, leftEnd: 15079, rightEnd: 15186, strand: +, length: 108, contig: circular_read_1073, protein: unknown, score1: 0.3333333333333333, score2: 0.0
Unique gene call 75
  --  Gene No. 60, gene caller: phanotate, leftEnd: 15682, rightEnd: 15780, strand: +, length: 99, contig: circular_read_1073, protein: unknown, score1: 0.8333333333333333, score2: 0.0
  --  Gene No. 28, gene caller: prodigal, leftEnd: 15682, rightEnd: 15780, strand: +, length: 99, contig: circular_read_1073, protein: unknown, score1: 0.8333333333333333, score2: 0.0
Unique gene call 76
  --  Gene No. 61, gene caller: phanotate, leftEnd: 15771, rightEnd: 15860, strand: +, length: 90, contig: circular_read_1073, protein: unknown, score1: 0.3333333333333333, score2: 0.0
Unique gene call 77
  --  Gene No. 19, gene caller: glimmer, leftEnd: 15986, rightEnd: 16141, strand: +, length: 156, contig: circular_read_1073, protein: unknown, score1: 1.0, score2: 0.0
  --  Gene No. 62, gene caller: phanotate, leftEnd: 15986, rightEnd: 16141, strand: +, length: 156, contig: circular_read_1073, protein: unknown, score1: 1.0, score2: 0.0
  --  Gene No. 29, gene caller: prodigal, leftEnd: 15986, rightEnd: 16141, strand: +, length: 156, contig: circular_read_1073, protein: unknown, score1: 1.0, score2: 0.0
Unique gene call 78
  --  Gene No. 63, gene caller: phanotate, leftEnd: 16373, rightEnd: 16486, strand: -, length: 114, contig: circular_read_1073, protein: unknown, score1: 0.3333333333333333, score2: 0.0
Unique gene call 79
  --  Gene No. 20, gene caller: glimmer, leftEnd: 17034, rightEnd: 17177, strand: +, length: 144, contig: circular_read_1073, protein: unknown, score1: 1.0, score2: 0.0
  --  Gene No. 64, gene caller: phanotate, leftEnd: 17034, rightEnd: 17177, strand: +, length: 144, contig: circular_read_1073, protein: unknown, score1: 1.0, score2: 0.0
  --  Gene No. 30, gene caller: prodigal, leftEnd: 17034, rightEnd: 17177, strand: +, length: 144, contig: circular_read_1073, protein: unknown, score1: 1.0, score2: 0.0
Unique gene call 80
  --  Gene No. 65, gene caller: phanotate, leftEnd: 17229, rightEnd: 17834, strand: +, length: 606, contig: circular_read_1073, protein: unknown, score1: 0.3333333333333333, score2: 0.0
Unique gene call 81
  --  Gene No. 21, gene caller: glimmer, leftEnd: 17233, rightEnd: 17904, strand: +, length: 672, contig: circular_read_1073, protein: unknown, score1: 0.8333333333333333, score2: 0.0
  --  Gene No. 31, gene caller: prodigal, leftEnd: 17233, rightEnd: 17904, strand: +, length: 672, contig: circular_read_1073, protein: unknown, score1: 0.8333333333333333, score2: 0.0
Unique gene call 82
  --  Gene No. 66, gene caller: phanotate, leftEnd: 17850, rightEnd: 18092, strand: -, length: 243, contig: circular_read_1073, protein: unknown, score1: 0.3333333333333333, score2: 0.0
Unique gene call 83
  --  Gene No. 67, gene caller: phanotate, leftEnd: 18095, rightEnd: 18205, strand: -, length: 111, contig: circular_read_1073, protein: unknown, score1: 0.3333333333333333, score2: 0.0
Unique gene call 84
  --  Gene No. 32, gene caller: prodigal, leftEnd: 18191, rightEnd: 18289, strand: +, length: 99, contig: circular_read_1073, protein: unknown, score1: 0.3333333333333333, score2: 0.0
Unique gene call 85
  --  Gene No. 68, gene caller: phanotate, leftEnd: 18202, rightEnd: 18330, strand: -, length: 129, contig: circular_read_1073, protein: unknown, score1: 0.3333333333333333, score2: 0.0
Unique gene call 86
  --  Gene No. 69, gene caller: phanotate, leftEnd: 18638, rightEnd: 18736, strand: +, length: 99, contig: circular_read_1073, protein: unknown, score1: 0.3333333333333333, score2: 0.0
Unique gene call 87
  --  Gene No. 70, gene caller: phanotate, leftEnd: 18746, rightEnd: 18835, strand: +, length: 90, contig: circular_read_1073, protein: unknown, score1: 0.3333333333333333, score2: 0.0
Unique gene call 88
  --  Gene No. 71, gene caller: phanotate, leftEnd: 18900, rightEnd: 19115, strand: +, length: 216, contig: circular_read_1073, protein: unknown, score1: 0.3333333333333333, score2: 0.0
Unique gene call 89
  --  Gene No. 72, gene caller: phanotate, leftEnd: 19242, rightEnd: 19382, strand: -, length: 141, contig: circular_read_1073, protein: unknown, score1: 0.3333333333333333, score2: 0.0
Unique gene call 90
  --  Gene No. 22, gene caller: glimmer, leftEnd: 19277, rightEnd: 19408, strand: +, length: 132, contig: circular_read_1073, protein: unknown, score1: 0.3333333333333333, score2: 0.0
Unique gene call 91
  --  Gene No. 73, gene caller: phanotate, leftEnd: 19410, rightEnd: 19682, strand: -, length: 273, contig: circular_read_1073, protein: unknown, score1: 0.3333333333333333, score2: 0.0
Unique gene call 92
  --  Gene No. 23, gene caller: glimmer, leftEnd: 19746, rightEnd: 19973, strand: +, length: 228, contig: circular_read_1073, protein: unknown, score1: 1.0, score2: 0.0
  --  Gene No. 74, gene caller: phanotate, leftEnd: 19746, rightEnd: 19973, strand: +, length: 228, contig: circular_read_1073, protein: unknown, score1: 1.0, score2: 0.0
  --  Gene No. 33, gene caller: prodigal, leftEnd: 19746, rightEnd: 19973, strand: +, length: 228, contig: circular_read_1073, protein: unknown, score1: 1.0, score2: 0.0
Unique gene call 93
  --  Gene No. 24, gene caller: glimmer, leftEnd: 20504, rightEnd: 20686, strand: +, length: 183, contig: circular_read_1073, protein: unknown, score1: 1.0, score2: 0.0
  --  Gene No. 75, gene caller: phanotate, leftEnd: 20504, rightEnd: 20686, strand: +, length: 183, contig: circular_read_1073, protein: unknown, score1: 1.0, score2: 0.0
  --  Gene No. 34, gene caller: prodigal, leftEnd: 20504, rightEnd: 20686, strand: +, length: 183, contig: circular_read_1073, protein: unknown, score1: 1.0, score2: 0.0
Unique gene call 94
  --  Gene No. 76, gene caller: phanotate, leftEnd: 20797, rightEnd: 20937, strand: +, length: 141, contig: circular_read_1073, protein: unknown, score1: 0.3333333333333333, score2: 0.0
Unique gene call 95
  --  Gene No. 77, gene caller: phanotate, leftEnd: 21149, rightEnd: 21259, strand: -, length: 111, contig: circular_read_1073, protein: unknown, score1: 0.3333333333333333, score2: 0.0
Unique gene call 96
  --  Gene No. 78, gene caller: phanotate, leftEnd: 21240, rightEnd: 21353, strand: -, length: 114, contig: circular_read_1073, protein: unknown, score1: 0.3333333333333333, score2: 0.0
Unique gene call 97
  --  Gene No. 79, gene caller: phanotate, leftEnd: 21346, rightEnd: 21444, strand: -, length: 99, contig: circular_read_1073, protein: unknown, score1: 0.3333333333333333, score2: 0.0
Unique gene call 98
  --  Gene No. 80, gene caller: phanotate, leftEnd: 21464, rightEnd: 21583, strand: -, length: 120, contig: circular_read_1073, protein: unknown, score1: 0.3333333333333333, score2: 0.0
Unique gene call 99
  --  Gene No. 81, gene caller: phanotate, leftEnd: 21587, rightEnd: 21679, strand: -, length: 93, contig: circular_read_1073, protein: unknown, score1: 0.3333333333333333, score2: 0.0
Unique gene call 100
  --  Gene No. 25, gene caller: glimmer, leftEnd: 21729, rightEnd: 21881, strand: -, length: 153, contig: circular_read_1073, protein: unknown, score1: 0.8333333333333333, score2: 0.0
  --  Gene No. 82, gene caller: phanotate, leftEnd: 21729, rightEnd: 21881, strand: -, length: 153, contig: circular_read_1073, protein: unknown, score1: 0.8333333333333333, score2: 0.0
Unique gene call 101
  --  Gene No. 83, gene caller: phanotate, leftEnd: 22015, rightEnd: 22149, strand: -, length: 135, contig: circular_read_1073, protein: unknown, score1: 0.3333333333333333, score2: 0.0
Unique gene call 102
  --  Gene No. 35, gene caller: prodigal, leftEnd: 22085, rightEnd: 22327, strand: -, length: 243, contig: circular_read_1073, protein: unknown, score1: 0.3333333333333333, score2: 0.0
Unique gene call 103
  --  Gene No. 84, gene caller: phanotate, leftEnd: 22278, rightEnd: 22415, strand: -, length: 138, contig: circular_read_1073, protein: unknown, score1: 0.3333333333333333, score2: 0.0
Unique gene call 104
  --  Gene No. 85, gene caller: phanotate, leftEnd: 22523, rightEnd: 22675, strand: -, length: 153, contig: circular_read_1073, protein: unknown, score1: 0.3333333333333333, score2: 0.0
Unique gene call 105
  --  Gene No. 86, gene caller: phanotate, leftEnd: 22635, rightEnd: 22916, strand: -, length: 282, contig: circular_read_1073, protein: unknown, score1: 0.5, score2: 0.0
Unique gene call 106
  --  Gene No. 36, gene caller: prodigal, leftEnd: 22635, rightEnd: 23039, strand: -, length: 405, contig: circular_read_1073, protein: unknown, score1: 0.5, score2: 0.0
Unique gene call 107
  --  Gene No. 87, gene caller: phanotate, leftEnd: 22957, rightEnd: 23055, strand: -, length: 99, contig: circular_read_1073, protein: unknown, score1: 0.3333333333333333, score2: 0.0
Unique gene call 108
  --  Gene No. 37, gene caller: prodigal, leftEnd: 23139, rightEnd: 23300, strand: -, length: 162, contig: circular_read_1073, protein: unknown, score1: 0.3333333333333333, score2: 0.0
Unique gene call 109
  --  Gene No. 88, gene caller: phanotate, leftEnd: 23141, rightEnd: 23422, strand: +, length: 282, contig: circular_read_1073, protein: unknown, score1: 0.3333333333333333, score2: 0.0
Unique gene call 110
  --  Gene No. 26, gene caller: glimmer, leftEnd: 23248, rightEnd: 23376, strand: -, length: 129, contig: circular_read_1073, protein: unknown, score1: 0.3333333333333333, score2: 0.0
Unique gene call 111
  --  Gene No. 89, gene caller: phanotate, leftEnd: 23460, rightEnd: 23621, strand: +, length: 162, contig: circular_read_1073, protein: unknown, score1: 0.3333333333333333, score2: 0.0
Unique gene call 112
  --  Gene No. 90, gene caller: phanotate, leftEnd: 23652, rightEnd: 23768, strand: +, length: 117, contig: circular_read_1073, protein: unknown, score1: 0.3333333333333333, score2: 0.0
Unique gene call 113
  --  Gene No. 91, gene caller: phanotate, leftEnd: 23774, rightEnd: 23887, strand: +, length: 114, contig: circular_read_1073, protein: unknown, score1: 0.3333333333333333, score2: 0.0
Unique gene call 114
  --  Gene No. 92, gene caller: phanotate, leftEnd: 23917, rightEnd: 24105, strand: -, length: 189, contig: circular_read_1073, protein: unknown, score1: 0.8333333333333333, score2: 0.0
  --  Gene No. 38, gene caller: prodigal, leftEnd: 23917, rightEnd: 24105, strand: -, length: 189, contig: circular_read_1073, protein: unknown, score1: 0.8333333333333333, score2: 0.0
Unique gene call 115
  --  Gene No. 27, gene caller: glimmer, leftEnd: 24247, rightEnd: 24420, strand: -, length: 174, contig: circular_read_1073, protein: unknown, score1: 1.0, score2: 0.0
  --  Gene No. 93, gene caller: phanotate, leftEnd: 24247, rightEnd: 24420, strand: -, length: 174, contig: circular_read_1073, protein: unknown, score1: 1.0, score2: 0.0
  --  Gene No. 39, gene caller: prodigal, leftEnd: 24247, rightEnd: 24420, strand: -, length: 174, contig: circular_read_1073, protein: unknown, score1: 1.0, score2: 0.0
Unique gene call 116
  --  Gene No. 94, gene caller: phanotate, leftEnd: 24382, rightEnd: 24504, strand: +, length: 123, contig: circular_read_1073, protein: unknown, score1: 0.3333333333333333, score2: 0.0
Unique gene call 117
  --  Gene No. 40, gene caller: prodigal, leftEnd: 24517, rightEnd: 24744, strand: +, length: 228, contig: circular_read_1073, protein: unknown, score1: 0.3333333333333333, score2: 0.0
Unique gene call 118
  --  Gene No. 95, gene caller: phanotate, leftEnd: 24566, rightEnd: 24655, strand: +, length: 90, contig: circular_read_1073, protein: unknown, score1: 0.3333333333333333, score2: 0.0
Unique gene call 119
  --  Gene No. 28, gene caller: glimmer, leftEnd: 24759, rightEnd: 24983, strand: +, length: 225, contig: circular_read_1073, protein: unknown, score1: 0.8333333333333333, score2: 0.0
  --  Gene No. 96, gene caller: phanotate, leftEnd: 24759, rightEnd: 24983, strand: +, length: 225, contig: circular_read_1073, protein: unknown, score1: 0.8333333333333333, score2: 0.0
Unique gene call 120
  --  Gene No. 29, gene caller: glimmer, leftEnd: 24987, rightEnd: 25112, strand: +, length: 126, contig: circular_read_1073, protein: unknown, score1: 0.3333333333333333, score2: 0.0
Unique gene call 121
  --  Gene No. 97, gene caller: phanotate, leftEnd: 25070, rightEnd: 25372, strand: +, length: 303, contig: circular_read_1073, protein: unknown, score1: 0.8333333333333333, score2: 0.0
  --  Gene No. 41, gene caller: prodigal, leftEnd: 25070, rightEnd: 25372, strand: +, length: 303, contig: circular_read_1073, protein: unknown, score1: 0.8333333333333333, score2: 0.0
Unique gene call 122
  --  Gene No. 30, gene caller: glimmer, leftEnd: 25369, rightEnd: 25494, strand: -, length: 126, contig: circular_read_1073, protein: unknown, score1: 0.3333333333333333, score2: 0.0
Unique gene call 123
  --  Gene No. 98, gene caller: phanotate, leftEnd: 25435, rightEnd: 25539, strand: +, length: 105, contig: circular_read_1073, protein: unknown, score1: 0.3333333333333333, score2: 0.0
Unique gene call 124
  --  Gene No. 99, gene caller: phanotate, leftEnd: 25586, rightEnd: 25786, strand: +, length: 201, contig: circular_read_1073, protein: unknown, score1: 0.3333333333333333, score2: 0.0
Unique gene call 125
  --  Gene No. 100, gene caller: phanotate, leftEnd: 25783, rightEnd: 26019, strand: +, length: 237, contig: circular_read_1073, protein: unknown, score1: 0.3333333333333333, score2: 0.0
Unique gene call 126
  --  Gene No. 101, gene caller: phanotate, leftEnd: 26033, rightEnd: 26365, strand: +, length: 333, contig: circular_read_1073, protein: unknown, score1: 0.8333333333333333, score2: 0.0
  --  Gene No. 42, gene caller: prodigal, leftEnd: 26033, rightEnd: 26365, strand: +, length: 333, contig: circular_read_1073, protein: unknown, score1: 0.8333333333333333, score2: 0.0
Unique gene call 127
  --  Gene No. 102, gene caller: phanotate, leftEnd: 26376, rightEnd: 26732, strand: +, length: 357, contig: circular_read_1073, protein: unknown, score1: 0.8333333333333333, score2: 0.0
  --  Gene No. 43, gene caller: prodigal, leftEnd: 26376, rightEnd: 26732, strand: +, length: 357, contig: circular_read_1073, protein: unknown, score1: 0.8333333333333333, score2: 0.0
Unique gene call 128
  --  Gene No. 31, gene caller: glimmer, leftEnd: 26380, rightEnd: 26550, strand: +, length: 171, contig: circular_read_1073, protein: unknown, score1: 0.3333333333333333, score2: 0.0
Unique gene call 129
  --  Gene No. 103, gene caller: phanotate, leftEnd: 26787, rightEnd: 27062, strand: +, length: 276, contig: circular_read_1073, protein: unknown, score1: 0.8333333333333333, score2: 0.0
  --  Gene No. 44, gene caller: prodigal, leftEnd: 26787, rightEnd: 27062, strand: +, length: 276, contig: circular_read_1073, protein: unknown, score1: 0.8333333333333333, score2: 0.0
Unique gene call 130
  --  Gene No. 104, gene caller: phanotate, leftEnd: 27126, rightEnd: 27227, strand: +, length: 102, contig: circular_read_1073, protein: unknown, score1: 0.8333333333333333, score2: 0.0
  --  Gene No. 45, gene caller: prodigal, leftEnd: 27126, rightEnd: 27227, strand: +, length: 102, contig: circular_read_1073, protein: unknown, score1: 0.8333333333333333, score2: 0.0
Unique gene call 131
  --  Gene No. 105, gene caller: phanotate, leftEnd: 27224, rightEnd: 27316, strand: +, length: 93, contig: circular_read_1073, protein: unknown, score1: 0.3333333333333333, score2: 0.0
Unique gene call 132
  --  Gene No. 106, gene caller: phanotate, leftEnd: 27444, rightEnd: 27542, strand: -, length: 99, contig: circular_read_1073, protein: unknown, score1: 0.3333333333333333, score2: 0.0
Unique gene call 133
  --  Gene No. 32, gene caller: glimmer, leftEnd: 27521, rightEnd: 28117, strand: +, length: 597, contig: circular_read_1073, protein: unknown, score1: 1.0, score2: 0.0
  --  Gene No. 107, gene caller: phanotate, leftEnd: 27521, rightEnd: 28117, strand: +, length: 597, contig: circular_read_1073, protein: unknown, score1: 1.0, score2: 0.0
  --  Gene No. 46, gene caller: prodigal, leftEnd: 27521, rightEnd: 28117, strand: +, length: 597, contig: circular_read_1073, protein: unknown, score1: 1.0, score2: 0.0
Unique gene call 134
  --  Gene No. 108, gene caller: phanotate, leftEnd: 28193, rightEnd: 28330, strand: +, length: 138, contig: circular_read_1073, protein: unknown, score1: 0.3333333333333333, score2: 0.0
Unique gene call 135
  --  Gene No. 109, gene caller: phanotate, leftEnd: 28327, rightEnd: 28578, strand: +, length: 252, contig: circular_read_1073, protein: unknown, score1: 0.8333333333333333, score2: 0.0
  --  Gene No. 47, gene caller: prodigal, leftEnd: 28327, rightEnd: 28578, strand: +, length: 252, contig: circular_read_1073, protein: unknown, score1: 0.8333333333333333, score2: 0.0
Code complete at 2021-04-21 09:51:18.937760
