Opening log at 2021-04-21 09:44:20.891874
Iterating through fileSet at 2021-04-21 09:44:20.891993
fileSet is ['/home/james/Software/multiPhATE2/PipelineOutput/contig_875/commoncore.cgc', '/home/james/Software/multiPhATE2/PipelineOutput/contig_875/consensus.cgc', '/home/james/Software/multiPhATE2/PipelineOutput/contig_875/glimmer.cgc', '/home/james/Software/multiPhATE2/PipelineOutput/contig_875/phanotate.cgc', '/home/james/Software/multiPhATE2/PipelineOutput/contig_875/prodigal.cgc', '/home/james/Software/multiPhATE2/PipelineOutput/contig_875/superset.cgc']
Opening geneFile /home/james/Software/multiPhATE2/PipelineOutput/contig_875/commoncore.cgc
Adding calls from geneFile /home/james/Software/multiPhATE2/PipelineOutput/contig_875/commoncore.cgc
Appending call set  number of calls is: 0
Opening geneFile /home/james/Software/multiPhATE2/PipelineOutput/contig_875/consensus.cgc
Adding calls from geneFile /home/james/Software/multiPhATE2/PipelineOutput/contig_875/consensus.cgc
Appending call set  number of calls is: 0
Opening geneFile /home/james/Software/multiPhATE2/PipelineOutput/contig_875/glimmer.cgc
Adding calls from geneFile /home/james/Software/multiPhATE2/PipelineOutput/contig_875/glimmer.cgc
Appending call set  number of calls is: 8
Opening geneFile /home/james/Software/multiPhATE2/PipelineOutput/contig_875/phanotate.cgc
Adding calls from geneFile /home/james/Software/multiPhATE2/PipelineOutput/contig_875/phanotate.cgc
Appending call set  number of calls is: 10
Opening geneFile /home/james/Software/multiPhATE2/PipelineOutput/contig_875/prodigal.cgc
Adding calls from geneFile /home/james/Software/multiPhATE2/PipelineOutput/contig_875/prodigal.cgc
Appending call set  number of calls is: 9
Opening geneFile /home/james/Software/multiPhATE2/PipelineOutput/contig_875/superset.cgc
Adding calls from geneFile /home/james/Software/multiPhATE2/PipelineOutput/contig_875/superset.cgc
Appending call set  number of calls is: 0
All call sets have been added to caller list. Number of call sets in callerList: 6
callerList is   glimmer phanotate prodigal  
Total number of gene calls across callerList call sets is: 27
Sorting gene calls for each caller
Processing a callSet
Before sorting, Length of callerList for caller  is 0
After sorting, Length of callerList for caller  is 0
Processing a callSet
Before sorting, Length of callerList for caller  is 0
After sorting, Length of callerList for caller  is 0
Processing a callSet
Before sorting, Length of callerList for caller glimmer is 8
After sorting, Length of callerList for caller glimmer is 8
Processing a callSet
Before sorting, Length of callerList for caller phanotate is 10
After sorting, Length of callerList for caller phanotate is 10
Processing a callSet
Before sorting, Length of callerList for caller prodigal is 9
After sorting, Length of callerList for caller prodigal is 9
Processing a callSet
Before sorting, Length of callerList for caller  is 0
After sorting, Length of callerList for caller  is 0
callSet processing complete
Comparing across the call sets...
Merging the geneCall sets....
Final merged genes:

***************Merge List
1	Gene No. 1, gene caller: phanotate, leftEnd: 1, rightEnd: 174, strand: -, length: 174, contig: contig_875, protein: unknown, score1: 1.0, score2: 0.0
2	Gene No. 1, gene caller: prodigal, leftEnd: 1, rightEnd: 174, strand: -, length: 174, contig: contig_875, protein: unknown, score1: 1.0, score2: 0.0
3	Gene No. 1, gene caller: glimmer, leftEnd: 298, rightEnd: 1323, strand: -, length: 1026, contig: contig_875, protein: unknown, score1: 1.0, score2: 0.0
4	Gene No. 2, gene caller: phanotate, leftEnd: 298, rightEnd: 1323, strand: -, length: 1026, contig: contig_875, protein: unknown, score1: 1.0, score2: 0.0
5	Gene No. 2, gene caller: prodigal, leftEnd: 298, rightEnd: 1323, strand: -, length: 1026, contig: contig_875, protein: unknown, score1: 1.0, score2: 0.0
6	Gene No. 2, gene caller: glimmer, leftEnd: 1301, rightEnd: 2737, strand: -, length: 1437, contig: contig_875, protein: unknown, score1: 1.0, score2: 0.0
7	Gene No. 3, gene caller: phanotate, leftEnd: 1301, rightEnd: 2737, strand: -, length: 1437, contig: contig_875, protein: unknown, score1: 1.0, score2: 0.0
8	Gene No. 3, gene caller: prodigal, leftEnd: 1301, rightEnd: 2737, strand: -, length: 1437, contig: contig_875, protein: unknown, score1: 1.0, score2: 0.0
9	Gene No. 3, gene caller: glimmer, leftEnd: 2728, rightEnd: 3846, strand: -, length: 1119, contig: contig_875, protein: unknown, score1: 1.0, score2: 0.0
10	Gene No. 4, gene caller: phanotate, leftEnd: 2728, rightEnd: 3978, strand: -, length: 1251, contig: contig_875, protein: unknown, score1: 1.0, score2: 0.0
11	Gene No. 4, gene caller: prodigal, leftEnd: 2728, rightEnd: 3978, strand: -, length: 1251, contig: contig_875, protein: unknown, score1: 1.0, score2: 0.0
12	Gene No. 4, gene caller: glimmer, leftEnd: 3962, rightEnd: 4420, strand: -, length: 459, contig: contig_875, protein: unknown, score1: 1.0, score2: 0.0
13	Gene No. 5, gene caller: phanotate, leftEnd: 3962, rightEnd: 4420, strand: -, length: 459, contig: contig_875, protein: unknown, score1: 1.0, score2: 0.0
14	Gene No. 6, gene caller: phanotate, leftEnd: 4338, rightEnd: 4946, strand: +, length: 609, contig: contig_875, protein: unknown, score1: 1.0, score2: 0.0
15	Gene No. 5, gene caller: prodigal, leftEnd: 4338, rightEnd: 4946, strand: +, length: 609, contig: contig_875, protein: unknown, score1: 1.0, score2: 0.0
16	Gene No. 5, gene caller: glimmer, leftEnd: 4389, rightEnd: 4946, strand: +, length: 558, contig: contig_875, protein: unknown, score1: 1.0, score2: 0.0
17	Gene No. 6, gene caller: glimmer, leftEnd: 4963, rightEnd: 5451, strand: +, length: 489, contig: contig_875, protein: unknown, score1: 1.0, score2: 0.0
18	Gene No. 7, gene caller: phanotate, leftEnd: 4963, rightEnd: 5451, strand: +, length: 489, contig: contig_875, protein: unknown, score1: 1.0, score2: 0.0
19	Gene No. 6, gene caller: prodigal, leftEnd: 4963, rightEnd: 5451, strand: +, length: 489, contig: contig_875, protein: unknown, score1: 1.0, score2: 0.0
20	Gene No. 8, gene caller: phanotate, leftEnd: 5468, rightEnd: 5803, strand: +, length: 336, contig: contig_875, protein: unknown, score1: 1.0, score2: 0.0
21	Gene No. 7, gene caller: prodigal, leftEnd: 5468, rightEnd: 5803, strand: +, length: 336, contig: contig_875, protein: unknown, score1: 1.0, score2: 0.0
22	Gene No. 7, gene caller: glimmer, leftEnd: 5720, rightEnd: 6469, strand: -, length: 750, contig: contig_875, protein: unknown, score1: 1.0, score2: 0.0
23	Gene No. 9, gene caller: phanotate, leftEnd: 5720, rightEnd: 6469, strand: -, length: 750, contig: contig_875, protein: unknown, score1: 1.0, score2: 0.0
24	Gene No. 8, gene caller: prodigal, leftEnd: 5720, rightEnd: 6469, strand: -, length: 750, contig: contig_875, protein: unknown, score1: 1.0, score2: 0.0
25	Gene No. 9, gene caller: glimmer, leftEnd: 6447, rightEnd: 7457, strand: -, length: 1011, contig: contig_875, protein: unknown, score1: 1.0, score2: 0.0
26	Gene No. 10, gene caller: phanotate, leftEnd: 6447, rightEnd: 7463, strand: -, length: 1017, contig: contig_875, protein: unknown, score1: 1.0, score2: 0.0
27	Gene No. 9, gene caller: prodigal, leftEnd: 6447, rightEnd: 7463, strand: -, length: 1017, contig: contig_875, protein: unknown, score1: 1.0, score2: 0.0
Comparing across geneCall sets....
Scoring gene calls....
Identifying common core...
This is the Common Core List:

***************Common Core
CC-gene 1	Gene No. 1, gene caller: All_callers, leftEnd: 298, rightEnd: 1323, strand: -, length: 1026, contig: contig_875, protein: unknown, score1: 1.0, score2: 0.0
CC-gene 2	Gene No. 1, gene caller: All_callers, leftEnd: 1301, rightEnd: 2737, strand: -, length: 1437, contig: contig_875, protein: unknown, score1: 1.0, score2: 0.0
CC-gene 3	Gene No. 1, gene caller: All_callers, leftEnd: 4963, rightEnd: 5451, strand: +, length: 489, contig: contig_875, protein: unknown, score1: 1.0, score2: 0.0
CC-gene 4	Gene No. 1, gene caller: All_callers, leftEnd: 5720, rightEnd: 6469, strand: -, length: 750, contig: contig_875, protein: unknown, score1: 1.0, score2: 0.0
Printing gene-call superset, consensus, and common_core in GFF and CGC formats
Printing report....
The following gene callers were considered: glimmer, phanotate, prodigal, The number of distinct gene calls over all gene callers is 13
The number of gene calls in common among all callers is 4
The number of unique (non-matching) gene calls is3
Caller glimmer produced 8 gene calls.
Caller glimmer gene-call length stats:  min: 459, max: 1437, ave: 856.125
Caller phanotate produced 10 gene calls.
Caller phanotate gene-call length stats:  min: 174, max: 1437, ave: 754.8
Caller prodigal produced 9 gene calls.
Caller prodigal gene-call length stats:  min: 174, max: 1437, ave: 787.6666666666666

Gene-call Scores:
Caller	Contig	Gene No.	Left End	Right End	Strand	gcScore
phanotate	contig_875	1	1	174	-	0.83
prodigal	contig_875	1	1	174	-	0.83
glimmer	contig_875	1	298	1323	-	1.00
phanotate	contig_875	2	298	1323	-	1.00
prodigal	contig_875	2	298	1323	-	1.00
glimmer	contig_875	2	1301	2737	-	1.00
phanotate	contig_875	3	1301	2737	-	1.00
prodigal	contig_875	3	1301	2737	-	1.00
glimmer	contig_875	3	2728	3846	-	0.50
phanotate	contig_875	4	2728	3978	-	0.83
prodigal	contig_875	4	2728	3978	-	0.83
glimmer	contig_875	4	3962	4420	-	0.83
phanotate	contig_875	5	3962	4420	-	0.83
phanotate	contig_875	6	4338	4946	+	0.83
prodigal	contig_875	5	4338	4946	+	0.83
glimmer	contig_875	5	4389	4946	+	0.50
glimmer	contig_875	6	4963	5451	+	1.00
phanotate	contig_875	7	4963	5451	+	1.00
prodigal	contig_875	6	4963	5451	+	1.00
phanotate	contig_875	8	5468	5803	+	0.83
prodigal	contig_875	7	5468	5803	+	0.83
glimmer	contig_875	7	5720	6469	-	1.00
phanotate	contig_875	9	5720	6469	-	1.00
prodigal	contig_875	8	5720	6469	-	1.00
glimmer	contig_875	9	6447	7457	-	0.50
phanotate	contig_875	10	6447	7463	-	0.83
prodigal	contig_875	9	6447	7463	-	0.83

Gene-call Consensus Scores:
Caller glimmer average gene-call score: 0.79
Caller phanotate average gene-call score: 0.90
Caller prodigal average gene-call score: 0.91

***************Unique List
Unique gene call 1
  --  Gene No. 1, gene caller: phanotate, leftEnd: 1, rightEnd: 174, strand: -, length: 174, contig: contig_875, protein: unknown, score1: 0.8333333333333333, score2: 0.0
  --  Gene No. 1, gene caller: prodigal, leftEnd: 1, rightEnd: 174, strand: -, length: 174, contig: contig_875, protein: unknown, score1: 0.8333333333333333, score2: 0.0
Unique gene call 2
  --  Gene No. 1, gene caller: glimmer, leftEnd: 298, rightEnd: 1323, strand: -, length: 1026, contig: contig_875, protein: unknown, score1: 1.0, score2: 0.0
  --  Gene No. 2, gene caller: phanotate, leftEnd: 298, rightEnd: 1323, strand: -, length: 1026, contig: contig_875, protein: unknown, score1: 1.0, score2: 0.0
  --  Gene No. 2, gene caller: prodigal, leftEnd: 298, rightEnd: 1323, strand: -, length: 1026, contig: contig_875, protein: unknown, score1: 1.0, score2: 0.0
Unique gene call 3
  --  Gene No. 2, gene caller: glimmer, leftEnd: 1301, rightEnd: 2737, strand: -, length: 1437, contig: contig_875, protein: unknown, score1: 1.0, score2: 0.0
  --  Gene No. 3, gene caller: phanotate, leftEnd: 1301, rightEnd: 2737, strand: -, length: 1437, contig: contig_875, protein: unknown, score1: 1.0, score2: 0.0
  --  Gene No. 3, gene caller: prodigal, leftEnd: 1301, rightEnd: 2737, strand: -, length: 1437, contig: contig_875, protein: unknown, score1: 1.0, score2: 0.0
Unique gene call 4
  --  Gene No. 3, gene caller: glimmer, leftEnd: 2728, rightEnd: 3846, strand: -, length: 1119, contig: contig_875, protein: unknown, score1: 0.5, score2: 0.0
Unique gene call 5
  --  Gene No. 4, gene caller: phanotate, leftEnd: 2728, rightEnd: 3978, strand: -, length: 1251, contig: contig_875, protein: unknown, score1: 0.8333333333333333, score2: 0.0
  --  Gene No. 4, gene caller: prodigal, leftEnd: 2728, rightEnd: 3978, strand: -, length: 1251, contig: contig_875, protein: unknown, score1: 0.8333333333333333, score2: 0.0
Unique gene call 6
  --  Gene No. 4, gene caller: glimmer, leftEnd: 3962, rightEnd: 4420, strand: -, length: 459, contig: contig_875, protein: unknown, score1: 0.8333333333333333, score2: 0.0
  --  Gene No. 5, gene caller: phanotate, leftEnd: 3962, rightEnd: 4420, strand: -, length: 459, contig: contig_875, protein: unknown, score1: 0.8333333333333333, score2: 0.0
Unique gene call 7
  --  Gene No. 6, gene caller: phanotate, leftEnd: 4338, rightEnd: 4946, strand: +, length: 609, contig: contig_875, protein: unknown, score1: 0.8333333333333333, score2: 0.0
  --  Gene No. 5, gene caller: prodigal, leftEnd: 4338, rightEnd: 4946, strand: +, length: 609, contig: contig_875, protein: unknown, score1: 0.8333333333333333, score2: 0.0
Unique gene call 8
  --  Gene No. 5, gene caller: glimmer, leftEnd: 4389, rightEnd: 4946, strand: +, length: 558, contig: contig_875, protein: unknown, score1: 0.5, score2: 0.0
Unique gene call 9
  --  Gene No. 6, gene caller: glimmer, leftEnd: 4963, rightEnd: 5451, strand: +, length: 489, contig: contig_875, protein: unknown, score1: 1.0, score2: 0.0
  --  Gene No. 7, gene caller: phanotate, leftEnd: 4963, rightEnd: 5451, strand: +, length: 489, contig: contig_875, protein: unknown, score1: 1.0, score2: 0.0
  --  Gene No. 6, gene caller: prodigal, leftEnd: 4963, rightEnd: 5451, strand: +, length: 489, contig: contig_875, protein: unknown, score1: 1.0, score2: 0.0
Unique gene call 10
  --  Gene No. 8, gene caller: phanotate, leftEnd: 5468, rightEnd: 5803, strand: +, length: 336, contig: contig_875, protein: unknown, score1: 0.8333333333333333, score2: 0.0
  --  Gene No. 7, gene caller: prodigal, leftEnd: 5468, rightEnd: 5803, strand: +, length: 336, contig: contig_875, protein: unknown, score1: 0.8333333333333333, score2: 0.0
Unique gene call 11
  --  Gene No. 7, gene caller: glimmer, leftEnd: 5720, rightEnd: 6469, strand: -, length: 750, contig: contig_875, protein: unknown, score1: 1.0, score2: 0.0
  --  Gene No. 9, gene caller: phanotate, leftEnd: 5720, rightEnd: 6469, strand: -, length: 750, contig: contig_875, protein: unknown, score1: 1.0, score2: 0.0
  --  Gene No. 8, gene caller: prodigal, leftEnd: 5720, rightEnd: 6469, strand: -, length: 750, contig: contig_875, protein: unknown, score1: 1.0, score2: 0.0
Unique gene call 12
  --  Gene No. 9, gene caller: glimmer, leftEnd: 6447, rightEnd: 7457, strand: -, length: 1011, contig: contig_875, protein: unknown, score1: 0.5, score2: 0.0
Unique gene call 13
  --  Gene No. 10, gene caller: phanotate, leftEnd: 6447, rightEnd: 7463, strand: -, length: 1017, contig: contig_875, protein: unknown, score1: 0.8333333333333333, score2: 0.0
  --  Gene No. 9, gene caller: prodigal, leftEnd: 6447, rightEnd: 7463, strand: -, length: 1017, contig: contig_875, protein: unknown, score1: 0.8333333333333333, score2: 0.0
Code complete at 2021-04-21 09:44:20.896969
