Opening log at 2021-04-21 09:52:43.798892
Iterating through fileSet at 2021-04-21 09:52:43.799043
fileSet is ['/home/james/Software/multiPhATE2/PipelineOutput/circular_read_762/commoncore.cgc', '/home/james/Software/multiPhATE2/PipelineOutput/circular_read_762/consensus.cgc', '/home/james/Software/multiPhATE2/PipelineOutput/circular_read_762/glimmer.cgc', '/home/james/Software/multiPhATE2/PipelineOutput/circular_read_762/phanotate.cgc', '/home/james/Software/multiPhATE2/PipelineOutput/circular_read_762/prodigal.cgc', '/home/james/Software/multiPhATE2/PipelineOutput/circular_read_762/superset.cgc']
Opening geneFile /home/james/Software/multiPhATE2/PipelineOutput/circular_read_762/commoncore.cgc
Adding calls from geneFile /home/james/Software/multiPhATE2/PipelineOutput/circular_read_762/commoncore.cgc
Appending call set  number of calls is: 0
Opening geneFile /home/james/Software/multiPhATE2/PipelineOutput/circular_read_762/consensus.cgc
Adding calls from geneFile /home/james/Software/multiPhATE2/PipelineOutput/circular_read_762/consensus.cgc
Appending call set  number of calls is: 0
Opening geneFile /home/james/Software/multiPhATE2/PipelineOutput/circular_read_762/glimmer.cgc
Adding calls from geneFile /home/james/Software/multiPhATE2/PipelineOutput/circular_read_762/glimmer.cgc
Appending call set  number of calls is: 11
Opening geneFile /home/james/Software/multiPhATE2/PipelineOutput/circular_read_762/phanotate.cgc
Adding calls from geneFile /home/james/Software/multiPhATE2/PipelineOutput/circular_read_762/phanotate.cgc
Appending call set  number of calls is: 13
Opening geneFile /home/james/Software/multiPhATE2/PipelineOutput/circular_read_762/prodigal.cgc
Adding calls from geneFile /home/james/Software/multiPhATE2/PipelineOutput/circular_read_762/prodigal.cgc
Appending call set  number of calls is: 12
Opening geneFile /home/james/Software/multiPhATE2/PipelineOutput/circular_read_762/superset.cgc
Adding calls from geneFile /home/james/Software/multiPhATE2/PipelineOutput/circular_read_762/superset.cgc
Appending call set  number of calls is: 0
All call sets have been added to caller list. Number of call sets in callerList: 6
callerList is   glimmer phanotate prodigal  
Total number of gene calls across callerList call sets is: 36
Sorting gene calls for each caller
Processing a callSet
Before sorting, Length of callerList for caller  is 0
After sorting, Length of callerList for caller  is 0
Processing a callSet
Before sorting, Length of callerList for caller  is 0
After sorting, Length of callerList for caller  is 0
Processing a callSet
Before sorting, Length of callerList for caller glimmer is 11
After sorting, Length of callerList for caller glimmer is 11
Processing a callSet
Before sorting, Length of callerList for caller phanotate is 13
After sorting, Length of callerList for caller phanotate is 13
Processing a callSet
Before sorting, Length of callerList for caller prodigal is 12
After sorting, Length of callerList for caller prodigal is 12
Processing a callSet
Before sorting, Length of callerList for caller  is 0
After sorting, Length of callerList for caller  is 0
callSet processing complete
Comparing across the call sets...
Merging the geneCall sets....
Final merged genes:

***************Merge List
1	Gene No. 1, gene caller: phanotate, leftEnd: 40, rightEnd: 369, strand: -, length: 330, contig: circular_read_762, protein: unknown, score1: 1.0, score2: 0.0
2	Gene No. 1, gene caller: prodigal, leftEnd: 40, rightEnd: 369, strand: -, length: 330, contig: circular_read_762, protein: unknown, score1: 1.0, score2: 0.0
3	Gene No. 2, gene caller: glimmer, leftEnd: 40, rightEnd: 396, strand: -, length: 357, contig: circular_read_762, protein: unknown, score1: 1.0, score2: 0.0
4	Gene No. 3, gene caller: glimmer, leftEnd: 493, rightEnd: 1137, strand: +, length: 645, contig: circular_read_762, protein: unknown, score1: 1.0, score2: 0.0
5	Gene No. 2, gene caller: phanotate, leftEnd: 493, rightEnd: 1137, strand: +, length: 645, contig: circular_read_762, protein: unknown, score1: 1.0, score2: 0.0
6	Gene No. 2, gene caller: prodigal, leftEnd: 493, rightEnd: 1137, strand: +, length: 645, contig: circular_read_762, protein: unknown, score1: 1.0, score2: 0.0
7	Gene No. 3, gene caller: phanotate, leftEnd: 1211, rightEnd: 1504, strand: -, length: 294, contig: circular_read_762, protein: unknown, score1: 1.0, score2: 0.0
8	Gene No. 4, gene caller: glimmer, leftEnd: 1211, rightEnd: 1582, strand: -, length: 372, contig: circular_read_762, protein: unknown, score1: 1.0, score2: 0.0
9	Gene No. 3, gene caller: prodigal, leftEnd: 1211, rightEnd: 1612, strand: -, length: 402, contig: circular_read_762, protein: unknown, score1: 1.0, score2: 0.0
10	Gene No. 4, gene caller: phanotate, leftEnd: 1536, rightEnd: 1688, strand: +, length: 153, contig: circular_read_762, protein: unknown, score1: 1.0, score2: 0.0
11	Gene No. 5, gene caller: glimmer, leftEnd: 1718, rightEnd: 2155, strand: -, length: 438, contig: circular_read_762, protein: unknown, score1: 1.0, score2: 0.0
12	Gene No. 5, gene caller: phanotate, leftEnd: 1718, rightEnd: 2155, strand: -, length: 438, contig: circular_read_762, protein: unknown, score1: 1.0, score2: 0.0
13	Gene No. 4, gene caller: prodigal, leftEnd: 1718, rightEnd: 2155, strand: -, length: 438, contig: circular_read_762, protein: unknown, score1: 1.0, score2: 0.0
14	Gene No. 6, gene caller: glimmer, leftEnd: 2178, rightEnd: 2360, strand: -, length: 183, contig: circular_read_762, protein: unknown, score1: 1.0, score2: 0.0
15	Gene No. 6, gene caller: phanotate, leftEnd: 2178, rightEnd: 2360, strand: -, length: 183, contig: circular_read_762, protein: unknown, score1: 1.0, score2: 0.0
16	Gene No. 5, gene caller: prodigal, leftEnd: 2178, rightEnd: 2360, strand: -, length: 183, contig: circular_read_762, protein: unknown, score1: 1.0, score2: 0.0
17	Gene No. 7, gene caller: glimmer, leftEnd: 2457, rightEnd: 2813, strand: +, length: 357, contig: circular_read_762, protein: unknown, score1: 1.0, score2: 0.0
18	Gene No. 7, gene caller: phanotate, leftEnd: 2484, rightEnd: 2813, strand: +, length: 330, contig: circular_read_762, protein: unknown, score1: 1.0, score2: 0.0
19	Gene No. 6, gene caller: prodigal, leftEnd: 2484, rightEnd: 2813, strand: +, length: 330, contig: circular_read_762, protein: unknown, score1: 1.0, score2: 0.0
20	Gene No. 8, gene caller: glimmer, leftEnd: 2782, rightEnd: 3360, strand: -, length: 579, contig: circular_read_762, protein: unknown, score1: 1.0, score2: 0.0
21	Gene No. 8, gene caller: phanotate, leftEnd: 2782, rightEnd: 3360, strand: -, length: 579, contig: circular_read_762, protein: unknown, score1: 1.0, score2: 0.0
22	Gene No. 7, gene caller: prodigal, leftEnd: 2782, rightEnd: 3360, strand: -, length: 579, contig: circular_read_762, protein: unknown, score1: 1.0, score2: 0.0
23	Gene No. 9, gene caller: glimmer, leftEnd: 3445, rightEnd: 4062, strand: -, length: 618, contig: circular_read_762, protein: unknown, score1: 1.0, score2: 0.0
24	Gene No. 9, gene caller: phanotate, leftEnd: 3445, rightEnd: 4062, strand: -, length: 618, contig: circular_read_762, protein: unknown, score1: 1.0, score2: 0.0
25	Gene No. 8, gene caller: prodigal, leftEnd: 3445, rightEnd: 4062, strand: -, length: 618, contig: circular_read_762, protein: unknown, score1: 1.0, score2: 0.0
26	Gene No. 10, gene caller: phanotate, leftEnd: 4176, rightEnd: 4511, strand: +, length: 336, contig: circular_read_762, protein: unknown, score1: 1.0, score2: 0.0
27	Gene No. 10, gene caller: glimmer, leftEnd: 4266, rightEnd: 4511, strand: +, length: 246, contig: circular_read_762, protein: unknown, score1: 1.0, score2: 0.0
28	Gene No. 9, gene caller: prodigal, leftEnd: 4266, rightEnd: 4511, strand: +, length: 246, contig: circular_read_762, protein: unknown, score1: 1.0, score2: 0.0
29	Gene No. 11, gene caller: glimmer, leftEnd: 4495, rightEnd: 4719, strand: +, length: 225, contig: circular_read_762, protein: unknown, score1: 1.0, score2: 0.0
30	Gene No. 11, gene caller: phanotate, leftEnd: 4495, rightEnd: 4719, strand: +, length: 225, contig: circular_read_762, protein: unknown, score1: 1.0, score2: 0.0
31	Gene No. 10, gene caller: prodigal, leftEnd: 4495, rightEnd: 4719, strand: +, length: 225, contig: circular_read_762, protein: unknown, score1: 1.0, score2: 0.0
32	Gene No. 11, gene caller: prodigal, leftEnd: 4763, rightEnd: 5032, strand: +, length: 270, contig: circular_read_762, protein: unknown, score1: 1.0, score2: 0.0
33	Gene No. 12, gene caller: glimmer, leftEnd: 4805, rightEnd: 5032, strand: +, length: 228, contig: circular_read_762, protein: unknown, score1: 1.0, score2: 0.0
34	Gene No. 12, gene caller: phanotate, leftEnd: 4805, rightEnd: 5032, strand: +, length: 228, contig: circular_read_762, protein: unknown, score1: 1.0, score2: 0.0
35	Gene No. 13, gene caller: phanotate, leftEnd: 4983, rightEnd: 5372, strand: +, length: 390, contig: circular_read_762, protein: unknown, score1: 1.0, score2: 0.0
36	Gene No. 12, gene caller: prodigal, leftEnd: 4983, rightEnd: 5372, strand: +, length: 390, contig: circular_read_762, protein: unknown, score1: 1.0, score2: 0.0
Comparing across geneCall sets....
Scoring gene calls....
Identifying common core...
This is the Common Core List:

***************Common Core
CC-gene 1	Gene No. 1, gene caller: All_callers, leftEnd: 493, rightEnd: 1137, strand: +, length: 645, contig: circular_read_762, protein: unknown, score1: 1.0, score2: 0.0
CC-gene 2	Gene No. 1, gene caller: All_callers, leftEnd: 1718, rightEnd: 2155, strand: -, length: 438, contig: circular_read_762, protein: unknown, score1: 1.0, score2: 0.0
CC-gene 3	Gene No. 1, gene caller: All_callers, leftEnd: 2178, rightEnd: 2360, strand: -, length: 183, contig: circular_read_762, protein: unknown, score1: 1.0, score2: 0.0
CC-gene 4	Gene No. 1, gene caller: All_callers, leftEnd: 2782, rightEnd: 3360, strand: -, length: 579, contig: circular_read_762, protein: unknown, score1: 1.0, score2: 0.0
CC-gene 5	Gene No. 1, gene caller: All_callers, leftEnd: 3445, rightEnd: 4062, strand: -, length: 618, contig: circular_read_762, protein: unknown, score1: 1.0, score2: 0.0
CC-gene 6	Gene No. 1, gene caller: All_callers, leftEnd: 4495, rightEnd: 4719, strand: +, length: 225, contig: circular_read_762, protein: unknown, score1: 1.0, score2: 0.0
Printing gene-call superset, consensus, and common_core in GFF and CGC formats
Printing report....
The following gene callers were considered: glimmer, phanotate, prodigal, The number of distinct gene calls over all gene callers is 19
The number of gene calls in common among all callers is 6
The number of unique (non-matching) gene calls is8
Caller glimmer produced 11 gene calls.
Caller glimmer gene-call length stats:  min: 183, max: 645, ave: 386.1818181818182
Caller phanotate produced 13 gene calls.
Caller phanotate gene-call length stats:  min: 153, max: 645, ave: 365.3076923076923
Caller prodigal produced 12 gene calls.
Caller prodigal gene-call length stats:  min: 183, max: 645, ave: 388.0

Gene-call Scores:
Caller	Contig	Gene No.	Left End	Right End	Strand	gcScore
phanotate	circular_read_762	1	40	369	-	0.83
prodigal	circular_read_762	1	40	369	-	0.83
glimmer	circular_read_762	2	40	396	-	0.50
glimmer	circular_read_762	3	493	1137	+	1.00
phanotate	circular_read_762	2	493	1137	+	1.00
prodigal	circular_read_762	2	493	1137	+	1.00
phanotate	circular_read_762	3	1211	1504	-	0.50
glimmer	circular_read_762	4	1211	1582	-	0.50
prodigal	circular_read_762	3	1211	1612	-	0.50
phanotate	circular_read_762	4	1536	1688	+	0.33
glimmer	circular_read_762	5	1718	2155	-	1.00
phanotate	circular_read_762	5	1718	2155	-	1.00
prodigal	circular_read_762	4	1718	2155	-	1.00
glimmer	circular_read_762	6	2178	2360	-	1.00
phanotate	circular_read_762	6	2178	2360	-	1.00
prodigal	circular_read_762	5	2178	2360	-	1.00
glimmer	circular_read_762	7	2457	2813	+	0.50
phanotate	circular_read_762	7	2484	2813	+	0.83
prodigal	circular_read_762	6	2484	2813	+	0.83
glimmer	circular_read_762	8	2782	3360	-	1.00
phanotate	circular_read_762	8	2782	3360	-	1.00
prodigal	circular_read_762	7	2782	3360	-	1.00
glimmer	circular_read_762	9	3445	4062	-	1.00
phanotate	circular_read_762	9	3445	4062	-	1.00
prodigal	circular_read_762	8	3445	4062	-	1.00
phanotate	circular_read_762	10	4176	4511	+	0.50
glimmer	circular_read_762	10	4266	4511	+	0.83
prodigal	circular_read_762	9	4266	4511	+	0.83
glimmer	circular_read_762	11	4495	4719	+	1.00
phanotate	circular_read_762	11	4495	4719	+	1.00
prodigal	circular_read_762	10	4495	4719	+	1.00
prodigal	circular_read_762	11	4763	5032	+	0.50
glimmer	circular_read_762	12	4805	5032	+	0.83
phanotate	circular_read_762	12	4805	5032	+	0.83
phanotate	circular_read_762	13	4983	5372	+	0.83
prodigal	circular_read_762	12	4983	5372	+	0.83

Gene-call Consensus Scores:
Caller glimmer average gene-call score: 0.83
Caller phanotate average gene-call score: 0.82
Caller prodigal average gene-call score: 0.86

***************Unique List
Unique gene call 1
  --  Gene No. 1, gene caller: phanotate, leftEnd: 40, rightEnd: 369, strand: -, length: 330, contig: circular_read_762, protein: unknown, score1: 0.8333333333333333, score2: 0.0
  --  Gene No. 1, gene caller: prodigal, leftEnd: 40, rightEnd: 369, strand: -, length: 330, contig: circular_read_762, protein: unknown, score1: 0.8333333333333333, score2: 0.0
Unique gene call 2
  --  Gene No. 2, gene caller: glimmer, leftEnd: 40, rightEnd: 396, strand: -, length: 357, contig: circular_read_762, protein: unknown, score1: 0.5, score2: 0.0
Unique gene call 3
  --  Gene No. 3, gene caller: glimmer, leftEnd: 493, rightEnd: 1137, strand: +, length: 645, contig: circular_read_762, protein: unknown, score1: 1.0, score2: 0.0
  --  Gene No. 2, gene caller: phanotate, leftEnd: 493, rightEnd: 1137, strand: +, length: 645, contig: circular_read_762, protein: unknown, score1: 1.0, score2: 0.0
  --  Gene No. 2, gene caller: prodigal, leftEnd: 493, rightEnd: 1137, strand: +, length: 645, contig: circular_read_762, protein: unknown, score1: 1.0, score2: 0.0
Unique gene call 4
  --  Gene No. 3, gene caller: phanotate, leftEnd: 1211, rightEnd: 1504, strand: -, length: 294, contig: circular_read_762, protein: unknown, score1: 0.5, score2: 0.0
Unique gene call 5
  --  Gene No. 4, gene caller: glimmer, leftEnd: 1211, rightEnd: 1582, strand: -, length: 372, contig: circular_read_762, protein: unknown, score1: 0.5, score2: 0.0
Unique gene call 6
  --  Gene No. 3, gene caller: prodigal, leftEnd: 1211, rightEnd: 1612, strand: -, length: 402, contig: circular_read_762, protein: unknown, score1: 0.5, score2: 0.0
Unique gene call 7
  --  Gene No. 4, gene caller: phanotate, leftEnd: 1536, rightEnd: 1688, strand: +, length: 153, contig: circular_read_762, protein: unknown, score1: 0.3333333333333333, score2: 0.0
Unique gene call 8
  --  Gene No. 5, gene caller: glimmer, leftEnd: 1718, rightEnd: 2155, strand: -, length: 438, contig: circular_read_762, protein: unknown, score1: 1.0, score2: 0.0
  --  Gene No. 5, gene caller: phanotate, leftEnd: 1718, rightEnd: 2155, strand: -, length: 438, contig: circular_read_762, protein: unknown, score1: 1.0, score2: 0.0
  --  Gene No. 4, gene caller: prodigal, leftEnd: 1718, rightEnd: 2155, strand: -, length: 438, contig: circular_read_762, protein: unknown, score1: 1.0, score2: 0.0
Unique gene call 9
  --  Gene No. 6, gene caller: glimmer, leftEnd: 2178, rightEnd: 2360, strand: -, length: 183, contig: circular_read_762, protein: unknown, score1: 1.0, score2: 0.0
  --  Gene No. 6, gene caller: phanotate, leftEnd: 2178, rightEnd: 2360, strand: -, length: 183, contig: circular_read_762, protein: unknown, score1: 1.0, score2: 0.0
  --  Gene No. 5, gene caller: prodigal, leftEnd: 2178, rightEnd: 2360, strand: -, length: 183, contig: circular_read_762, protein: unknown, score1: 1.0, score2: 0.0
Unique gene call 10
  --  Gene No. 7, gene caller: glimmer, leftEnd: 2457, rightEnd: 2813, strand: +, length: 357, contig: circular_read_762, protein: unknown, score1: 0.5, score2: 0.0
Unique gene call 11
  --  Gene No. 7, gene caller: phanotate, leftEnd: 2484, rightEnd: 2813, strand: +, length: 330, contig: circular_read_762, protein: unknown, score1: 0.8333333333333333, score2: 0.0
  --  Gene No. 6, gene caller: prodigal, leftEnd: 2484, rightEnd: 2813, strand: +, length: 330, contig: circular_read_762, protein: unknown, score1: 0.8333333333333333, score2: 0.0
Unique gene call 12
  --  Gene No. 8, gene caller: glimmer, leftEnd: 2782, rightEnd: 3360, strand: -, length: 579, contig: circular_read_762, protein: unknown, score1: 1.0, score2: 0.0
  --  Gene No. 8, gene caller: phanotate, leftEnd: 2782, rightEnd: 3360, strand: -, length: 579, contig: circular_read_762, protein: unknown, score1: 1.0, score2: 0.0
  --  Gene No. 7, gene caller: prodigal, leftEnd: 2782, rightEnd: 3360, strand: -, length: 579, contig: circular_read_762, protein: unknown, score1: 1.0, score2: 0.0
Unique gene call 13
  --  Gene No. 9, gene caller: glimmer, leftEnd: 3445, rightEnd: 4062, strand: -, length: 618, contig: circular_read_762, protein: unknown, score1: 1.0, score2: 0.0
  --  Gene No. 9, gene caller: phanotate, leftEnd: 3445, rightEnd: 4062, strand: -, length: 618, contig: circular_read_762, protein: unknown, score1: 1.0, score2: 0.0
  --  Gene No. 8, gene caller: prodigal, leftEnd: 3445, rightEnd: 4062, strand: -, length: 618, contig: circular_read_762, protein: unknown, score1: 1.0, score2: 0.0
Unique gene call 14
  --  Gene No. 10, gene caller: phanotate, leftEnd: 4176, rightEnd: 4511, strand: +, length: 336, contig: circular_read_762, protein: unknown, score1: 0.5, score2: 0.0
Unique gene call 15
  --  Gene No. 10, gene caller: glimmer, leftEnd: 4266, rightEnd: 4511, strand: +, length: 246, contig: circular_read_762, protein: unknown, score1: 0.8333333333333333, score2: 0.0
  --  Gene No. 9, gene caller: prodigal, leftEnd: 4266, rightEnd: 4511, strand: +, length: 246, contig: circular_read_762, protein: unknown, score1: 0.8333333333333333, score2: 0.0
Unique gene call 16
  --  Gene No. 11, gene caller: glimmer, leftEnd: 4495, rightEnd: 4719, strand: +, length: 225, contig: circular_read_762, protein: unknown, score1: 1.0, score2: 0.0
  --  Gene No. 11, gene caller: phanotate, leftEnd: 4495, rightEnd: 4719, strand: +, length: 225, contig: circular_read_762, protein: unknown, score1: 1.0, score2: 0.0
  --  Gene No. 10, gene caller: prodigal, leftEnd: 4495, rightEnd: 4719, strand: +, length: 225, contig: circular_read_762, protein: unknown, score1: 1.0, score2: 0.0
Unique gene call 17
  --  Gene No. 11, gene caller: prodigal, leftEnd: 4763, rightEnd: 5032, strand: +, length: 270, contig: circular_read_762, protein: unknown, score1: 0.5, score2: 0.0
Unique gene call 18
  --  Gene No. 12, gene caller: glimmer, leftEnd: 4805, rightEnd: 5032, strand: +, length: 228, contig: circular_read_762, protein: unknown, score1: 0.8333333333333333, score2: 0.0
  --  Gene No. 12, gene caller: phanotate, leftEnd: 4805, rightEnd: 5032, strand: +, length: 228, contig: circular_read_762, protein: unknown, score1: 0.8333333333333333, score2: 0.0
Unique gene call 19
  --  Gene No. 13, gene caller: phanotate, leftEnd: 4983, rightEnd: 5372, strand: +, length: 390, contig: circular_read_762, protein: unknown, score1: 0.8333333333333333, score2: 0.0
  --  Gene No. 12, gene caller: prodigal, leftEnd: 4983, rightEnd: 5372, strand: +, length: 390, contig: circular_read_762, protein: unknown, score1: 0.8333333333333333, score2: 0.0
Code complete at 2021-04-21 09:52:43.803908
