Opening log at 2021-04-21 09:44:27.818871
Iterating through fileSet at 2021-04-21 09:44:27.819012
fileSet is ['/home/james/Software/multiPhATE2/PipelineOutput/circular_pair_3772/commoncore.cgc', '/home/james/Software/multiPhATE2/PipelineOutput/circular_pair_3772/consensus.cgc', '/home/james/Software/multiPhATE2/PipelineOutput/circular_pair_3772/glimmer.cgc', '/home/james/Software/multiPhATE2/PipelineOutput/circular_pair_3772/phanotate.cgc', '/home/james/Software/multiPhATE2/PipelineOutput/circular_pair_3772/prodigal.cgc', '/home/james/Software/multiPhATE2/PipelineOutput/circular_pair_3772/superset.cgc']
Opening geneFile /home/james/Software/multiPhATE2/PipelineOutput/circular_pair_3772/commoncore.cgc
Adding calls from geneFile /home/james/Software/multiPhATE2/PipelineOutput/circular_pair_3772/commoncore.cgc
Appending call set  number of calls is: 0
Opening geneFile /home/james/Software/multiPhATE2/PipelineOutput/circular_pair_3772/consensus.cgc
Adding calls from geneFile /home/james/Software/multiPhATE2/PipelineOutput/circular_pair_3772/consensus.cgc
Appending call set  number of calls is: 0
Opening geneFile /home/james/Software/multiPhATE2/PipelineOutput/circular_pair_3772/glimmer.cgc
Adding calls from geneFile /home/james/Software/multiPhATE2/PipelineOutput/circular_pair_3772/glimmer.cgc
Appending call set  number of calls is: 5
Opening geneFile /home/james/Software/multiPhATE2/PipelineOutput/circular_pair_3772/phanotate.cgc
Adding calls from geneFile /home/james/Software/multiPhATE2/PipelineOutput/circular_pair_3772/phanotate.cgc
Appending call set  number of calls is: 8
Opening geneFile /home/james/Software/multiPhATE2/PipelineOutput/circular_pair_3772/prodigal.cgc
Adding calls from geneFile /home/james/Software/multiPhATE2/PipelineOutput/circular_pair_3772/prodigal.cgc
Appending call set  number of calls is: 5
Opening geneFile /home/james/Software/multiPhATE2/PipelineOutput/circular_pair_3772/superset.cgc
Adding calls from geneFile /home/james/Software/multiPhATE2/PipelineOutput/circular_pair_3772/superset.cgc
Appending call set  number of calls is: 0
All call sets have been added to caller list. Number of call sets in callerList: 6
callerList is   glimmer phanotate prodigal  
Total number of gene calls across callerList call sets is: 18
Sorting gene calls for each caller
Processing a callSet
Before sorting, Length of callerList for caller  is 0
After sorting, Length of callerList for caller  is 0
Processing a callSet
Before sorting, Length of callerList for caller  is 0
After sorting, Length of callerList for caller  is 0
Processing a callSet
Before sorting, Length of callerList for caller glimmer is 5
After sorting, Length of callerList for caller glimmer is 5
Processing a callSet
Before sorting, Length of callerList for caller phanotate is 8
After sorting, Length of callerList for caller phanotate is 8
Processing a callSet
Before sorting, Length of callerList for caller prodigal is 5
After sorting, Length of callerList for caller prodigal is 5
Processing a callSet
Before sorting, Length of callerList for caller  is 0
After sorting, Length of callerList for caller  is 0
callSet processing complete
Comparing across the call sets...
Merging the geneCall sets....
Final merged genes:

***************Merge List
1	Gene No. 1, gene caller: phanotate, leftEnd: 2, rightEnd: 757, strand: -, length: 756, contig: circular_pair_3772, protein: unknown, score1: 1.0, score2: 0.0
2	Gene No. 1, gene caller: prodigal, leftEnd: 2, rightEnd: 757, strand: -, length: 756, contig: circular_pair_3772, protein: unknown, score1: 1.0, score2: 0.0
3	Gene No. 2, gene caller: phanotate, leftEnd: 744, rightEnd: 935, strand: -, length: 192, contig: circular_pair_3772, protein: unknown, score1: 1.0, score2: 0.0
4	Gene No. 1, gene caller: glimmer, leftEnd: 857, rightEnd: 1051, strand: -, length: 195, contig: circular_pair_3772, protein: unknown, score1: 1.0, score2: 0.0
5	Gene No. 3, gene caller: phanotate, leftEnd: 981, rightEnd: 1106, strand: -, length: 126, contig: circular_pair_3772, protein: unknown, score1: 1.0, score2: 0.0
6	Gene No. 2, gene caller: glimmer, leftEnd: 1072, rightEnd: 1953, strand: -, length: 882, contig: circular_pair_3772, protein: unknown, score1: 1.0, score2: 0.0
7	Gene No. 4, gene caller: phanotate, leftEnd: 1072, rightEnd: 1953, strand: -, length: 882, contig: circular_pair_3772, protein: unknown, score1: 1.0, score2: 0.0
8	Gene No. 2, gene caller: prodigal, leftEnd: 1072, rightEnd: 1953, strand: -, length: 882, contig: circular_pair_3772, protein: unknown, score1: 1.0, score2: 0.0
9	Gene No. 3, gene caller: glimmer, leftEnd: 1989, rightEnd: 2819, strand: -, length: 831, contig: circular_pair_3772, protein: unknown, score1: 1.0, score2: 0.0
10	Gene No. 5, gene caller: phanotate, leftEnd: 1989, rightEnd: 2819, strand: -, length: 831, contig: circular_pair_3772, protein: unknown, score1: 1.0, score2: 0.0
11	Gene No. 3, gene caller: prodigal, leftEnd: 1989, rightEnd: 2819, strand: -, length: 831, contig: circular_pair_3772, protein: unknown, score1: 1.0, score2: 0.0
12	Gene No. 6, gene caller: phanotate, leftEnd: 2806, rightEnd: 2997, strand: -, length: 192, contig: circular_pair_3772, protein: unknown, score1: 1.0, score2: 0.0
13	Gene No. 4, gene caller: glimmer, leftEnd: 2919, rightEnd: 3113, strand: -, length: 195, contig: circular_pair_3772, protein: unknown, score1: 1.0, score2: 0.0
14	Gene No. 7, gene caller: phanotate, leftEnd: 3043, rightEnd: 3168, strand: -, length: 126, contig: circular_pair_3772, protein: unknown, score1: 1.0, score2: 0.0
15	Gene No. 5, gene caller: glimmer, leftEnd: 3134, rightEnd: 4015, strand: -, length: 882, contig: circular_pair_3772, protein: unknown, score1: 1.0, score2: 0.0
16	Gene No. 8, gene caller: phanotate, leftEnd: 3134, rightEnd: 4015, strand: -, length: 882, contig: circular_pair_3772, protein: unknown, score1: 1.0, score2: 0.0
17	Gene No. 4, gene caller: prodigal, leftEnd: 3134, rightEnd: 4015, strand: -, length: 882, contig: circular_pair_3772, protein: unknown, score1: 1.0, score2: 0.0
18	Gene No. 5, gene caller: prodigal, leftEnd: 4051, rightEnd: 4137, strand: -, length: 87, contig: circular_pair_3772, protein: unknown, score1: 1.0, score2: 0.0
Comparing across geneCall sets....
Scoring gene calls....
Identifying common core...
This is the Common Core List:

***************Common Core
CC-gene 1	Gene No. 1, gene caller: All_callers, leftEnd: 1072, rightEnd: 1953, strand: -, length: 882, contig: circular_pair_3772, protein: unknown, score1: 1.0, score2: 0.0
CC-gene 2	Gene No. 1, gene caller: All_callers, leftEnd: 1989, rightEnd: 2819, strand: -, length: 831, contig: circular_pair_3772, protein: unknown, score1: 1.0, score2: 0.0
CC-gene 3	Gene No. 1, gene caller: All_callers, leftEnd: 3134, rightEnd: 4015, strand: -, length: 882, contig: circular_pair_3772, protein: unknown, score1: 1.0, score2: 0.0
Printing gene-call superset, consensus, and common_core in GFF and CGC formats
Printing report....
The following gene callers were considered: glimmer, phanotate, prodigal, The number of distinct gene calls over all gene callers is 11
The number of gene calls in common among all callers is 3
The number of unique (non-matching) gene calls is7
Caller glimmer produced 5 gene calls.
Caller glimmer gene-call length stats:  min: 195, max: 882, ave: 597.0
Caller phanotate produced 8 gene calls.
Caller phanotate gene-call length stats:  min: 126, max: 882, ave: 498.375
Caller prodigal produced 5 gene calls.
Caller prodigal gene-call length stats:  min: 87, max: 882, ave: 687.6

Gene-call Scores:
Caller	Contig	Gene No.	Left End	Right End	Strand	gcScore
phanotate	circular_pair_3772	1	2	757	-	0.83
prodigal	circular_pair_3772	1	2	757	-	0.83
phanotate	circular_pair_3772	2	744	935	-	0.33
glimmer	circular_pair_3772	1	857	1051	-	0.33
phanotate	circular_pair_3772	3	981	1106	-	0.33
glimmer	circular_pair_3772	2	1072	1953	-	1.00
phanotate	circular_pair_3772	4	1072	1953	-	1.00
prodigal	circular_pair_3772	2	1072	1953	-	1.00
glimmer	circular_pair_3772	3	1989	2819	-	1.00
phanotate	circular_pair_3772	5	1989	2819	-	1.00
prodigal	circular_pair_3772	3	1989	2819	-	1.00
phanotate	circular_pair_3772	6	2806	2997	-	0.33
glimmer	circular_pair_3772	4	2919	3113	-	0.33
phanotate	circular_pair_3772	7	3043	3168	-	0.33
glimmer	circular_pair_3772	5	3134	4015	-	1.00
phanotate	circular_pair_3772	8	3134	4015	-	1.00
prodigal	circular_pair_3772	4	3134	4015	-	1.00
prodigal	circular_pair_3772	5	4051	4137	-	0.33

Gene-call Consensus Scores:
Caller glimmer average gene-call score: 0.73
Caller phanotate average gene-call score: 0.65
Caller prodigal average gene-call score: 0.83

***************Unique List
Unique gene call 1
  --  Gene No. 1, gene caller: phanotate, leftEnd: 2, rightEnd: 757, strand: -, length: 756, contig: circular_pair_3772, protein: unknown, score1: 0.8333333333333333, score2: 0.0
  --  Gene No. 1, gene caller: prodigal, leftEnd: 2, rightEnd: 757, strand: -, length: 756, contig: circular_pair_3772, protein: unknown, score1: 0.8333333333333333, score2: 0.0
Unique gene call 2
  --  Gene No. 2, gene caller: phanotate, leftEnd: 744, rightEnd: 935, strand: -, length: 192, contig: circular_pair_3772, protein: unknown, score1: 0.3333333333333333, score2: 0.0
Unique gene call 3
  --  Gene No. 1, gene caller: glimmer, leftEnd: 857, rightEnd: 1051, strand: -, length: 195, contig: circular_pair_3772, protein: unknown, score1: 0.3333333333333333, score2: 0.0
Unique gene call 4
  --  Gene No. 3, gene caller: phanotate, leftEnd: 981, rightEnd: 1106, strand: -, length: 126, contig: circular_pair_3772, protein: unknown, score1: 0.3333333333333333, score2: 0.0
Unique gene call 5
  --  Gene No. 2, gene caller: glimmer, leftEnd: 1072, rightEnd: 1953, strand: -, length: 882, contig: circular_pair_3772, protein: unknown, score1: 1.0, score2: 0.0
  --  Gene No. 4, gene caller: phanotate, leftEnd: 1072, rightEnd: 1953, strand: -, length: 882, contig: circular_pair_3772, protein: unknown, score1: 1.0, score2: 0.0
  --  Gene No. 2, gene caller: prodigal, leftEnd: 1072, rightEnd: 1953, strand: -, length: 882, contig: circular_pair_3772, protein: unknown, score1: 1.0, score2: 0.0
Unique gene call 6
  --  Gene No. 3, gene caller: glimmer, leftEnd: 1989, rightEnd: 2819, strand: -, length: 831, contig: circular_pair_3772, protein: unknown, score1: 1.0, score2: 0.0
  --  Gene No. 5, gene caller: phanotate, leftEnd: 1989, rightEnd: 2819, strand: -, length: 831, contig: circular_pair_3772, protein: unknown, score1: 1.0, score2: 0.0
  --  Gene No. 3, gene caller: prodigal, leftEnd: 1989, rightEnd: 2819, strand: -, length: 831, contig: circular_pair_3772, protein: unknown, score1: 1.0, score2: 0.0
Unique gene call 7
  --  Gene No. 6, gene caller: phanotate, leftEnd: 2806, rightEnd: 2997, strand: -, length: 192, contig: circular_pair_3772, protein: unknown, score1: 0.3333333333333333, score2: 0.0
Unique gene call 8
  --  Gene No. 4, gene caller: glimmer, leftEnd: 2919, rightEnd: 3113, strand: -, length: 195, contig: circular_pair_3772, protein: unknown, score1: 0.3333333333333333, score2: 0.0
Unique gene call 9
  --  Gene No. 7, gene caller: phanotate, leftEnd: 3043, rightEnd: 3168, strand: -, length: 126, contig: circular_pair_3772, protein: unknown, score1: 0.3333333333333333, score2: 0.0
Unique gene call 10
  --  Gene No. 5, gene caller: glimmer, leftEnd: 3134, rightEnd: 4015, strand: -, length: 882, contig: circular_pair_3772, protein: unknown, score1: 1.0, score2: 0.0
  --  Gene No. 8, gene caller: phanotate, leftEnd: 3134, rightEnd: 4015, strand: -, length: 882, contig: circular_pair_3772, protein: unknown, score1: 1.0, score2: 0.0
  --  Gene No. 4, gene caller: prodigal, leftEnd: 3134, rightEnd: 4015, strand: -, length: 882, contig: circular_pair_3772, protein: unknown, score1: 1.0, score2: 0.0
Unique gene call 11
  --  Gene No. 5, gene caller: prodigal, leftEnd: 4051, rightEnd: 4137, strand: -, length: 87, contig: circular_pair_3772, protein: unknown, score1: 0.3333333333333333, score2: 0.0
Code complete at 2021-04-21 09:44:27.822584
