Discrepancy Report Results

Summary
DISC_PROTEIN_NAMES:All proteins have same name "hypothetical protein"
FATAL: MISSING_PROTEIN_ID:20 proteins have invalid IDs.
DISC_SOURCE_QUALS_ASNDISC:strain (all present, all unique)
DISC_SOURCE_QUALS_ASNDISC:taxname (all present, all unique)
DISC_FEATURE_COUNT:CDS: 20 present
DISC_COUNT_NUCLEOTIDES:1 nucleotide Bioseqs are present
FEATURE_LOCATION_CONFLICT:20 features have inconsistent gene locations.
DISC_QUALITY_SCORES:Quality scores are missing on all sequences.
ONCALLER_COMMENT_PRESENT:1 comment descriptors were found (all same)
MISSING_GENOMEASSEMBLY_COMMENTS:1 bioseqs are missing GenomeAssembly structured comments
MOLTYPE_NOT_MRNA:1 molecule types are not set as mRNA.
TECHNIQUE_NOT_TSA:1 technique are not set as TSA
MISSING_STRUCTURED_COMMENT:1 sequences do not include structured comments.
MISSING_PROJECT:21 sequences do not include project.
DISC_INCONSISTENT_MOLINFO_TECH:Molinfo Technique Report (some missing, all same)
DISC_GAPS:1 sequences contain gaps


Detailed Report

DiscRep_ALL:DISC_PROTEIN_NAMES::All proteins have same name "hypothetical protein"

FATAL: DiscRep_ALL:MISSING_PROTEIN_ID::20 proteins have invalid IDs.
prokkaJAAOBB010000131.1/JAAOBB010000131.1:JAAOBB010000131.1_1 (length 245)
prokkaJAAOBB010000131.1/JAAOBB010000131.1:JAAOBB010000131.1_2 (length 198)
prokkaJAAOBB010000131.1/JAAOBB010000131.1:JAAOBB010000131.1_3 (length 98)
prokkaJAAOBB010000131.1/JAAOBB010000131.1:JAAOBB010000131.1_4 (length 158)
prokkaJAAOBB010000131.1/JAAOBB010000131.1:JAAOBB010000131.1_5 (length 321)
prokkaJAAOBB010000131.1/JAAOBB010000131.1:JAAOBB010000131.1_6 (length 470)
prokkaJAAOBB010000131.1/JAAOBB010000131.1:JAAOBB010000131.1_7 (length 124)
prokkaJAAOBB010000131.1/JAAOBB010000131.1:JAAOBB010000131.1_8 (length 518)
prokkaJAAOBB010000131.1/JAAOBB010000131.1:JAAOBB010000131.1_9 (length 712)
prokkaJAAOBB010000131.1/JAAOBB010000131.1:JAAOBB010000131.1_10 (length 310)
prokkaJAAOBB010000131.1/JAAOBB010000131.1:JAAOBB010000131.1_11 (length 259)
prokkaJAAOBB010000131.1/JAAOBB010000131.1:JAAOBB010000131.1_12 (length 216)
prokkaJAAOBB010000131.1/JAAOBB010000131.1:JAAOBB010000131.1_13 (length 79)
prokkaJAAOBB010000131.1/JAAOBB010000131.1:JAAOBB010000131.1_14 (length 55)
prokkaJAAOBB010000131.1/JAAOBB010000131.1:JAAOBB010000131.1_15 (length 449)
prokkaJAAOBB010000131.1/JAAOBB010000131.1:JAAOBB010000131.1_16 (length 420)
prokkaJAAOBB010000131.1/JAAOBB010000131.1:JAAOBB010000131.1_17 (length 350)
prokkaJAAOBB010000131.1/JAAOBB010000131.1:JAAOBB010000131.1_18 (length 171)
prokkaJAAOBB010000131.1/JAAOBB010000131.1:JAAOBB010000131.1_19 (length 248)
prokkaJAAOBB010000131.1/JAAOBB010000131.1:JAAOBB010000131.1_20 (length 113)

DiscRep_ALL:DISC_SOURCE_QUALS_ASNDISC::strain (all present, all unique)
DiscRep_SUB:DISC_SOURCE_QUALS_ASNDISC::1 sources have unique values for strain
DiscRep_ALL:DISC_SOURCE_QUALS_ASNDISC::taxname (all present, all unique)
DiscRep_SUB:DISC_SOURCE_QUALS_ASNDISC::1 sources have unique values for taxname
DiscRep_ALL:DISC_FEATURE_COUNT::CDS: 20 present
DiscRep_ALL:DISC_COUNT_NUCLEOTIDES::1 nucleotide Bioseqs are present
prokkaJAAOBB010000131.1/JAAOBB010000131.1:JAAOBB010000131.1 (length 17410, 10 gap)

DiscRep_ALL:FEATURE_LOCATION_CONFLICT::20 features have inconsistent gene locations.
DiscRep_SUB:FEATURE_LOCATION_CONFLICT::Coding region xref gene does not exist
prokkaJAAOBB010000131.1/JAAOBB010000131.1:CDS	hypothetical protein	JAAOBB010000131.1:108-845	LKDEBGCB_00001

DiscRep_SUB:FEATURE_LOCATION_CONFLICT::Coding region xref gene does not exist
prokkaJAAOBB010000131.1/JAAOBB010000131.1:CDS	hypothetical protein	JAAOBB010000131.1:845-1441	LKDEBGCB_00002

DiscRep_SUB:FEATURE_LOCATION_CONFLICT::Coding region xref gene does not exist
prokkaJAAOBB010000131.1/JAAOBB010000131.1:CDS	hypothetical protein	JAAOBB010000131.1:1434-1730	LKDEBGCB_00003

DiscRep_SUB:FEATURE_LOCATION_CONFLICT::Coding region xref gene does not exist
prokkaJAAOBB010000131.1/JAAOBB010000131.1:CDS	hypothetical protein	JAAOBB010000131.1:1755-2231	LKDEBGCB_00004

DiscRep_SUB:FEATURE_LOCATION_CONFLICT::Coding region xref gene does not exist
prokkaJAAOBB010000131.1/JAAOBB010000131.1:CDS	hypothetical protein	JAAOBB010000131.1:2380-3345	LKDEBGCB_00005

DiscRep_SUB:FEATURE_LOCATION_CONFLICT::Coding region xref gene does not exist
prokkaJAAOBB010000131.1/JAAOBB010000131.1:CDS	hypothetical protein	JAAOBB010000131.1:3383-4795	LKDEBGCB_00006

DiscRep_SUB:FEATURE_LOCATION_CONFLICT::Coding region xref gene does not exist
prokkaJAAOBB010000131.1/JAAOBB010000131.1:CDS	hypothetical protein	JAAOBB010000131.1:4975-5349	LKDEBGCB_00007

DiscRep_SUB:FEATURE_LOCATION_CONFLICT::Coding region xref gene does not exist
prokkaJAAOBB010000131.1/JAAOBB010000131.1:CDS	hypothetical protein	JAAOBB010000131.1:5515-7071	LKDEBGCB_00008

DiscRep_SUB:FEATURE_LOCATION_CONFLICT::Coding region xref gene does not exist
prokkaJAAOBB010000131.1/JAAOBB010000131.1:CDS	hypothetical protein	JAAOBB010000131.1:7149-9287	LKDEBGCB_00009

DiscRep_SUB:FEATURE_LOCATION_CONFLICT::Coding region xref gene does not exist
prokkaJAAOBB010000131.1/JAAOBB010000131.1:CDS	hypothetical protein	JAAOBB010000131.1:9289-10221	LKDEBGCB_00010

DiscRep_SUB:FEATURE_LOCATION_CONFLICT::Coding region xref gene does not exist
prokkaJAAOBB010000131.1/JAAOBB010000131.1:CDS	hypothetical protein	JAAOBB010000131.1:10211-10990	LKDEBGCB_00011

DiscRep_SUB:FEATURE_LOCATION_CONFLICT::Coding region xref gene does not exist
prokkaJAAOBB010000131.1/JAAOBB010000131.1:CDS	hypothetical protein	JAAOBB010000131.1:10984-11634	LKDEBGCB_00012

DiscRep_SUB:FEATURE_LOCATION_CONFLICT::Coding region xref gene does not exist
prokkaJAAOBB010000131.1/JAAOBB010000131.1:CDS	hypothetical protein	JAAOBB010000131.1:11647-11886	LKDEBGCB_00013

DiscRep_SUB:FEATURE_LOCATION_CONFLICT::Coding region xref gene does not exist
prokkaJAAOBB010000131.1/JAAOBB010000131.1:CDS	hypothetical protein	JAAOBB010000131.1:11876-12043	LKDEBGCB_00014

DiscRep_SUB:FEATURE_LOCATION_CONFLICT::Coding region xref gene does not exist
prokkaJAAOBB010000131.1/JAAOBB010000131.1:CDS	hypothetical protein	JAAOBB010000131.1:12036-13385	LKDEBGCB_00015

DiscRep_SUB:FEATURE_LOCATION_CONFLICT::Coding region xref gene does not exist
prokkaJAAOBB010000131.1/JAAOBB010000131.1:CDS	hypothetical protein	JAAOBB010000131.1:13382-14644	LKDEBGCB_00016

DiscRep_SUB:FEATURE_LOCATION_CONFLICT::Coding region xref gene does not exist
prokkaJAAOBB010000131.1/JAAOBB010000131.1:CDS	hypothetical protein	JAAOBB010000131.1:14647-15699	LKDEBGCB_00017

DiscRep_SUB:FEATURE_LOCATION_CONFLICT::Coding region xref gene does not exist
prokkaJAAOBB010000131.1/JAAOBB010000131.1:CDS	hypothetical protein	JAAOBB010000131.1:15709-16224	LKDEBGCB_00018

DiscRep_SUB:FEATURE_LOCATION_CONFLICT::Coding region xref gene does not exist
prokkaJAAOBB010000131.1/JAAOBB010000131.1:CDS	hypothetical protein	JAAOBB010000131.1:16211-16957	LKDEBGCB_00019

DiscRep_SUB:FEATURE_LOCATION_CONFLICT::Coding region xref gene does not exist
prokkaJAAOBB010000131.1/JAAOBB010000131.1:CDS	hypothetical protein	JAAOBB010000131.1:c17338-16997	LKDEBGCB_00020

DiscRep_ALL:DISC_QUALITY_SCORES::Quality scores are missing on all sequences.

DiscRep_ALL:ONCALLER_COMMENT_PRESENT::1 comment descriptors were found (all same)
prokkaJAAOBB010000131.1/JAAOBB010000131.1:JAAOBB010000131.1:Annotated using prokka 1.14.6 from https://github.com/tseemann/prokka

DiscRep_ALL:MISSING_GENOMEASSEMBLY_COMMENTS::1 bioseqs are missing GenomeAssembly structured comments
prokkaJAAOBB010000131.1/JAAOBB010000131.1:JAAOBB010000131.1 (length 17410, 10 gap)

DiscRep_ALL:MOLTYPE_NOT_MRNA::1 molecule types are not set as mRNA.
prokkaJAAOBB010000131.1/JAAOBB010000131.1:JAAOBB010000131.1 (length 17410, 10 gap)

DiscRep_ALL:TECHNIQUE_NOT_TSA::1 technique are not set as TSA
prokkaJAAOBB010000131.1/JAAOBB010000131.1:JAAOBB010000131.1 (length 17410, 10 gap)

DiscRep_ALL:MISSING_STRUCTURED_COMMENT::1 sequences do not include structured comments.
prokkaJAAOBB010000131.1/JAAOBB010000131.1:JAAOBB010000131.1 (length 17410, 10 gap)

DiscRep_ALL:MISSING_PROJECT::21 sequences do not include project.
prokkaJAAOBB010000131.1/JAAOBB010000131.1:JAAOBB010000131.1 (length 17410, 10 gap)
prokkaJAAOBB010000131.1/JAAOBB010000131.1:JAAOBB010000131.1_1 (length 245)
prokkaJAAOBB010000131.1/JAAOBB010000131.1:JAAOBB010000131.1_2 (length 198)
prokkaJAAOBB010000131.1/JAAOBB010000131.1:JAAOBB010000131.1_3 (length 98)
prokkaJAAOBB010000131.1/JAAOBB010000131.1:JAAOBB010000131.1_4 (length 158)
prokkaJAAOBB010000131.1/JAAOBB010000131.1:JAAOBB010000131.1_5 (length 321)
prokkaJAAOBB010000131.1/JAAOBB010000131.1:JAAOBB010000131.1_6 (length 470)
prokkaJAAOBB010000131.1/JAAOBB010000131.1:JAAOBB010000131.1_7 (length 124)
prokkaJAAOBB010000131.1/JAAOBB010000131.1:JAAOBB010000131.1_8 (length 518)
prokkaJAAOBB010000131.1/JAAOBB010000131.1:JAAOBB010000131.1_9 (length 712)
prokkaJAAOBB010000131.1/JAAOBB010000131.1:JAAOBB010000131.1_10 (length 310)
prokkaJAAOBB010000131.1/JAAOBB010000131.1:JAAOBB010000131.1_11 (length 259)
prokkaJAAOBB010000131.1/JAAOBB010000131.1:JAAOBB010000131.1_12 (length 216)
prokkaJAAOBB010000131.1/JAAOBB010000131.1:JAAOBB010000131.1_13 (length 79)
prokkaJAAOBB010000131.1/JAAOBB010000131.1:JAAOBB010000131.1_14 (length 55)
prokkaJAAOBB010000131.1/JAAOBB010000131.1:JAAOBB010000131.1_15 (length 449)
prokkaJAAOBB010000131.1/JAAOBB010000131.1:JAAOBB010000131.1_16 (length 420)
prokkaJAAOBB010000131.1/JAAOBB010000131.1:JAAOBB010000131.1_17 (length 350)
prokkaJAAOBB010000131.1/JAAOBB010000131.1:JAAOBB010000131.1_18 (length 171)
prokkaJAAOBB010000131.1/JAAOBB010000131.1:JAAOBB010000131.1_19 (length 248)
prokkaJAAOBB010000131.1/JAAOBB010000131.1:JAAOBB010000131.1_20 (length 113)

DiscRep_ALL:DISC_INCONSISTENT_MOLINFO_TECH::Molinfo Technique Report (some missing, all same)
DiscRep_SUB:DISC_INCONSISTENT_MOLINFO_TECH::technique (all missing)
DiscRep_SUB:DISC_INCONSISTENT_MOLINFO_TECH::1 Molinfos are missing field technique
prokkaJAAOBB010000131.1/JAAOBB010000131.1:JAAOBB010000131.1 (length 17410, 10 gap)

DiscRep_ALL:DISC_GAPS::1 sequences contain gaps
prokkaJAAOBB010000131.1/JAAOBB010000131.1:JAAOBB010000131.1 (length 17410, 10 gap)

