Opening log at 2021-04-21 09:38:56.530629
Iterating through fileSet at 2021-04-21 09:38:56.530783
fileSet is ['/home/james/Software/multiPhATE2/PipelineOutput/contig_2670/commoncore.cgc', '/home/james/Software/multiPhATE2/PipelineOutput/contig_2670/consensus.cgc', '/home/james/Software/multiPhATE2/PipelineOutput/contig_2670/glimmer.cgc', '/home/james/Software/multiPhATE2/PipelineOutput/contig_2670/phanotate.cgc', '/home/james/Software/multiPhATE2/PipelineOutput/contig_2670/prodigal.cgc', '/home/james/Software/multiPhATE2/PipelineOutput/contig_2670/superset.cgc']
Opening geneFile /home/james/Software/multiPhATE2/PipelineOutput/contig_2670/commoncore.cgc
Adding calls from geneFile /home/james/Software/multiPhATE2/PipelineOutput/contig_2670/commoncore.cgc
Appending call set  number of calls is: 0
Opening geneFile /home/james/Software/multiPhATE2/PipelineOutput/contig_2670/consensus.cgc
Adding calls from geneFile /home/james/Software/multiPhATE2/PipelineOutput/contig_2670/consensus.cgc
Appending call set  number of calls is: 0
Opening geneFile /home/james/Software/multiPhATE2/PipelineOutput/contig_2670/glimmer.cgc
Adding calls from geneFile /home/james/Software/multiPhATE2/PipelineOutput/contig_2670/glimmer.cgc
Appending call set  number of calls is: 15
Opening geneFile /home/james/Software/multiPhATE2/PipelineOutput/contig_2670/phanotate.cgc
Adding calls from geneFile /home/james/Software/multiPhATE2/PipelineOutput/contig_2670/phanotate.cgc
Appending call set  number of calls is: 21
Opening geneFile /home/james/Software/multiPhATE2/PipelineOutput/contig_2670/prodigal.cgc
Adding calls from geneFile /home/james/Software/multiPhATE2/PipelineOutput/contig_2670/prodigal.cgc
Appending call set  number of calls is: 16
Opening geneFile /home/james/Software/multiPhATE2/PipelineOutput/contig_2670/superset.cgc
Adding calls from geneFile /home/james/Software/multiPhATE2/PipelineOutput/contig_2670/superset.cgc
Appending call set  number of calls is: 0
All call sets have been added to caller list. Number of call sets in callerList: 6
callerList is   glimmer phanotate prodigal  
Total number of gene calls across callerList call sets is: 52
Sorting gene calls for each caller
Processing a callSet
Before sorting, Length of callerList for caller  is 0
After sorting, Length of callerList for caller  is 0
Processing a callSet
Before sorting, Length of callerList for caller  is 0
After sorting, Length of callerList for caller  is 0
Processing a callSet
Before sorting, Length of callerList for caller glimmer is 15
After sorting, Length of callerList for caller glimmer is 15
Processing a callSet
Before sorting, Length of callerList for caller phanotate is 21
After sorting, Length of callerList for caller phanotate is 21
Processing a callSet
Before sorting, Length of callerList for caller prodigal is 16
After sorting, Length of callerList for caller prodigal is 16
Processing a callSet
Before sorting, Length of callerList for caller  is 0
After sorting, Length of callerList for caller  is 0
callSet processing complete
Comparing across the call sets...
Merging the geneCall sets....
Final merged genes:

***************Merge List
1	Gene No. 1, gene caller: phanotate, leftEnd: 2, rightEnd: 151, strand: -, length: 150, contig: contig_2670, protein: unknown, score1: 1.0, score2: 0.0
2	Gene No. 1, gene caller: prodigal, leftEnd: 2, rightEnd: 151, strand: -, length: 150, contig: contig_2670, protein: unknown, score1: 1.0, score2: 0.0
3	Gene No. 1, gene caller: glimmer, leftEnd: 161, rightEnd: 538, strand: -, length: 378, contig: contig_2670, protein: unknown, score1: 1.0, score2: 0.0
4	Gene No. 2, gene caller: phanotate, leftEnd: 161, rightEnd: 538, strand: -, length: 378, contig: contig_2670, protein: unknown, score1: 1.0, score2: 0.0
5	Gene No. 2, gene caller: prodigal, leftEnd: 161, rightEnd: 538, strand: -, length: 378, contig: contig_2670, protein: unknown, score1: 1.0, score2: 0.0
6	Gene No. 2, gene caller: glimmer, leftEnd: 548, rightEnd: 928, strand: -, length: 381, contig: contig_2670, protein: unknown, score1: 1.0, score2: 0.0
7	Gene No. 3, gene caller: phanotate, leftEnd: 548, rightEnd: 928, strand: -, length: 381, contig: contig_2670, protein: unknown, score1: 1.0, score2: 0.0
8	Gene No. 3, gene caller: prodigal, leftEnd: 548, rightEnd: 928, strand: -, length: 381, contig: contig_2670, protein: unknown, score1: 1.0, score2: 0.0
9	Gene No. 3, gene caller: glimmer, leftEnd: 928, rightEnd: 1323, strand: -, length: 396, contig: contig_2670, protein: unknown, score1: 1.0, score2: 0.0
10	Gene No. 4, gene caller: phanotate, leftEnd: 928, rightEnd: 1323, strand: -, length: 396, contig: contig_2670, protein: unknown, score1: 1.0, score2: 0.0
11	Gene No. 4, gene caller: prodigal, leftEnd: 928, rightEnd: 1323, strand: -, length: 396, contig: contig_2670, protein: unknown, score1: 1.0, score2: 0.0
12	Gene No. 5, gene caller: phanotate, leftEnd: 1331, rightEnd: 1501, strand: -, length: 171, contig: contig_2670, protein: unknown, score1: 1.0, score2: 0.0
13	Gene No. 4, gene caller: glimmer, leftEnd: 1331, rightEnd: 1681, strand: -, length: 351, contig: contig_2670, protein: unknown, score1: 1.0, score2: 0.0
14	Gene No. 6, gene caller: phanotate, leftEnd: 1514, rightEnd: 1660, strand: +, length: 147, contig: contig_2670, protein: unknown, score1: 1.0, score2: 0.0
15	Gene No. 5, gene caller: prodigal, leftEnd: 1514, rightEnd: 1660, strand: +, length: 147, contig: contig_2670, protein: unknown, score1: 1.0, score2: 0.0
16	Gene No. 5, gene caller: glimmer, leftEnd: 1775, rightEnd: 2167, strand: +, length: 393, contig: contig_2670, protein: unknown, score1: 1.0, score2: 0.0
17	Gene No. 7, gene caller: phanotate, leftEnd: 1775, rightEnd: 2167, strand: +, length: 393, contig: contig_2670, protein: unknown, score1: 1.0, score2: 0.0
18	Gene No. 6, gene caller: prodigal, leftEnd: 1775, rightEnd: 2167, strand: +, length: 393, contig: contig_2670, protein: unknown, score1: 1.0, score2: 0.0
19	Gene No. 6, gene caller: glimmer, leftEnd: 2157, rightEnd: 3188, strand: +, length: 1032, contig: contig_2670, protein: unknown, score1: 1.0, score2: 0.0
20	Gene No. 8, gene caller: phanotate, leftEnd: 2157, rightEnd: 3188, strand: +, length: 1032, contig: contig_2670, protein: unknown, score1: 1.0, score2: 0.0
21	Gene No. 7, gene caller: prodigal, leftEnd: 2157, rightEnd: 3188, strand: +, length: 1032, contig: contig_2670, protein: unknown, score1: 1.0, score2: 0.0
22	Gene No. 9, gene caller: phanotate, leftEnd: 3323, rightEnd: 3412, strand: -, length: 90, contig: contig_2670, protein: unknown, score1: 1.0, score2: 0.0
23	Gene No. 7, gene caller: glimmer, leftEnd: 3397, rightEnd: 3744, strand: +, length: 348, contig: contig_2670, protein: unknown, score1: 1.0, score2: 0.0
24	Gene No. 10, gene caller: phanotate, leftEnd: 3397, rightEnd: 3744, strand: +, length: 348, contig: contig_2670, protein: unknown, score1: 1.0, score2: 0.0
25	Gene No. 8, gene caller: prodigal, leftEnd: 3397, rightEnd: 3744, strand: +, length: 348, contig: contig_2670, protein: unknown, score1: 1.0, score2: 0.0
26	Gene No. 8, gene caller: glimmer, leftEnd: 3950, rightEnd: 4297, strand: -, length: 348, contig: contig_2670, protein: unknown, score1: 1.0, score2: 0.0
27	Gene No. 11, gene caller: phanotate, leftEnd: 3950, rightEnd: 4297, strand: -, length: 348, contig: contig_2670, protein: unknown, score1: 1.0, score2: 0.0
28	Gene No. 9, gene caller: prodigal, leftEnd: 3950, rightEnd: 4297, strand: -, length: 348, contig: contig_2670, protein: unknown, score1: 1.0, score2: 0.0
29	Gene No. 12, gene caller: phanotate, leftEnd: 4282, rightEnd: 4371, strand: +, length: 90, contig: contig_2670, protein: unknown, score1: 1.0, score2: 0.0
30	Gene No. 9, gene caller: glimmer, leftEnd: 4430, rightEnd: 4576, strand: +, length: 147, contig: contig_2670, protein: unknown, score1: 1.0, score2: 0.0
31	Gene No. 13, gene caller: phanotate, leftEnd: 4430, rightEnd: 4576, strand: +, length: 147, contig: contig_2670, protein: unknown, score1: 1.0, score2: 0.0
32	Gene No. 10, gene caller: glimmer, leftEnd: 4582, rightEnd: 5538, strand: -, length: 957, contig: contig_2670, protein: unknown, score1: 1.0, score2: 0.0
33	Gene No. 14, gene caller: phanotate, leftEnd: 4582, rightEnd: 5538, strand: -, length: 957, contig: contig_2670, protein: unknown, score1: 1.0, score2: 0.0
34	Gene No. 10, gene caller: prodigal, leftEnd: 4582, rightEnd: 5538, strand: -, length: 957, contig: contig_2670, protein: unknown, score1: 1.0, score2: 0.0
35	Gene No. 11, gene caller: glimmer, leftEnd: 5528, rightEnd: 5920, strand: -, length: 393, contig: contig_2670, protein: unknown, score1: 1.0, score2: 0.0
36	Gene No. 15, gene caller: phanotate, leftEnd: 5528, rightEnd: 5920, strand: -, length: 393, contig: contig_2670, protein: unknown, score1: 1.0, score2: 0.0
37	Gene No. 11, gene caller: prodigal, leftEnd: 5528, rightEnd: 5920, strand: -, length: 393, contig: contig_2670, protein: unknown, score1: 1.0, score2: 0.0
38	Gene No. 12, gene caller: glimmer, leftEnd: 6014, rightEnd: 6364, strand: +, length: 351, contig: contig_2670, protein: unknown, score1: 1.0, score2: 0.0
39	Gene No. 16, gene caller: phanotate, leftEnd: 6035, rightEnd: 6181, strand: -, length: 147, contig: contig_2670, protein: unknown, score1: 1.0, score2: 0.0
40	Gene No. 12, gene caller: prodigal, leftEnd: 6035, rightEnd: 6181, strand: -, length: 147, contig: contig_2670, protein: unknown, score1: 1.0, score2: 0.0
41	Gene No. 17, gene caller: phanotate, leftEnd: 6194, rightEnd: 6364, strand: +, length: 171, contig: contig_2670, protein: unknown, score1: 1.0, score2: 0.0
42	Gene No. 13, gene caller: glimmer, leftEnd: 6372, rightEnd: 6767, strand: +, length: 396, contig: contig_2670, protein: unknown, score1: 1.0, score2: 0.0
43	Gene No. 18, gene caller: phanotate, leftEnd: 6372, rightEnd: 6767, strand: +, length: 396, contig: contig_2670, protein: unknown, score1: 1.0, score2: 0.0
44	Gene No. 13, gene caller: prodigal, leftEnd: 6372, rightEnd: 6767, strand: +, length: 396, contig: contig_2670, protein: unknown, score1: 1.0, score2: 0.0
45	Gene No. 14, gene caller: glimmer, leftEnd: 6767, rightEnd: 7147, strand: +, length: 381, contig: contig_2670, protein: unknown, score1: 1.0, score2: 0.0
46	Gene No. 19, gene caller: phanotate, leftEnd: 6767, rightEnd: 7147, strand: +, length: 381, contig: contig_2670, protein: unknown, score1: 1.0, score2: 0.0
47	Gene No. 14, gene caller: prodigal, leftEnd: 6767, rightEnd: 7147, strand: +, length: 381, contig: contig_2670, protein: unknown, score1: 1.0, score2: 0.0
48	Gene No. 15, gene caller: glimmer, leftEnd: 7157, rightEnd: 7534, strand: +, length: 378, contig: contig_2670, protein: unknown, score1: 1.0, score2: 0.0
49	Gene No. 20, gene caller: phanotate, leftEnd: 7157, rightEnd: 7534, strand: +, length: 378, contig: contig_2670, protein: unknown, score1: 1.0, score2: 0.0
50	Gene No. 15, gene caller: prodigal, leftEnd: 7157, rightEnd: 7534, strand: +, length: 378, contig: contig_2670, protein: unknown, score1: 1.0, score2: 0.0
51	Gene No. 21, gene caller: phanotate, leftEnd: 7544, rightEnd: 7699, strand: +, length: 156, contig: contig_2670, protein: unknown, score1: 1.0, score2: 0.0
52	Gene No. 16, gene caller: prodigal, leftEnd: 7544, rightEnd: 7699, strand: +, length: 156, contig: contig_2670, protein: unknown, score1: 1.0, score2: 0.0
Comparing across geneCall sets....
Scoring gene calls....
Identifying common core...
This is the Common Core List:

***************Common Core
CC-gene 1	Gene No. 1, gene caller: All_callers, leftEnd: 161, rightEnd: 538, strand: -, length: 378, contig: contig_2670, protein: unknown, score1: 1.0, score2: 0.0
CC-gene 2	Gene No. 1, gene caller: All_callers, leftEnd: 548, rightEnd: 928, strand: -, length: 381, contig: contig_2670, protein: unknown, score1: 1.0, score2: 0.0
CC-gene 3	Gene No. 1, gene caller: All_callers, leftEnd: 928, rightEnd: 1323, strand: -, length: 396, contig: contig_2670, protein: unknown, score1: 1.0, score2: 0.0
CC-gene 4	Gene No. 1, gene caller: All_callers, leftEnd: 1775, rightEnd: 2167, strand: +, length: 393, contig: contig_2670, protein: unknown, score1: 1.0, score2: 0.0
CC-gene 5	Gene No. 1, gene caller: All_callers, leftEnd: 2157, rightEnd: 3188, strand: +, length: 1032, contig: contig_2670, protein: unknown, score1: 1.0, score2: 0.0
CC-gene 6	Gene No. 1, gene caller: All_callers, leftEnd: 3397, rightEnd: 3744, strand: +, length: 348, contig: contig_2670, protein: unknown, score1: 1.0, score2: 0.0
CC-gene 7	Gene No. 1, gene caller: All_callers, leftEnd: 3950, rightEnd: 4297, strand: -, length: 348, contig: contig_2670, protein: unknown, score1: 1.0, score2: 0.0
CC-gene 8	Gene No. 1, gene caller: All_callers, leftEnd: 4582, rightEnd: 5538, strand: -, length: 957, contig: contig_2670, protein: unknown, score1: 1.0, score2: 0.0
CC-gene 9	Gene No. 1, gene caller: All_callers, leftEnd: 5528, rightEnd: 5920, strand: -, length: 393, contig: contig_2670, protein: unknown, score1: 1.0, score2: 0.0
CC-gene 10	Gene No. 1, gene caller: All_callers, leftEnd: 6372, rightEnd: 6767, strand: +, length: 396, contig: contig_2670, protein: unknown, score1: 1.0, score2: 0.0
CC-gene 11	Gene No. 1, gene caller: All_callers, leftEnd: 6767, rightEnd: 7147, strand: +, length: 381, contig: contig_2670, protein: unknown, score1: 1.0, score2: 0.0
CC-gene 12	Gene No. 1, gene caller: All_callers, leftEnd: 7157, rightEnd: 7534, strand: +, length: 378, contig: contig_2670, protein: unknown, score1: 1.0, score2: 0.0
Printing gene-call superset, consensus, and common_core in GFF and CGC formats
Printing report....
The following gene callers were considered: glimmer, phanotate, prodigal, The number of distinct gene calls over all gene callers is 23
The number of gene calls in common among all callers is 12
The number of unique (non-matching) gene calls is6
Caller glimmer produced 15 gene calls.
Caller glimmer gene-call length stats:  min: 147, max: 1032, ave: 442.0
Caller phanotate produced 21 gene calls.
Caller phanotate gene-call length stats:  min: 90, max: 1032, ave: 335.7142857142857
Caller prodigal produced 16 gene calls.
Caller prodigal gene-call length stats:  min: 147, max: 1032, ave: 398.8125

Gene-call Scores:
Caller	Contig	Gene No.	Left End	Right End	Strand	gcScore
phanotate	contig_2670	1	2	151	-	0.83
prodigal	contig_2670	1	2	151	-	0.83
glimmer	contig_2670	1	161	538	-	1.00
phanotate	contig_2670	2	161	538	-	1.00
prodigal	contig_2670	2	161	538	-	1.00
glimmer	contig_2670	2	548	928	-	1.00
phanotate	contig_2670	3	548	928	-	1.00
prodigal	contig_2670	3	548	928	-	1.00
glimmer	contig_2670	3	928	1323	-	1.00
phanotate	contig_2670	4	928	1323	-	1.00
prodigal	contig_2670	4	928	1323	-	1.00
phanotate	contig_2670	5	1331	1501	-	0.50
glimmer	contig_2670	4	1331	1681	-	0.50
phanotate	contig_2670	6	1514	1660	+	0.83
prodigal	contig_2670	5	1514	1660	+	0.83
glimmer	contig_2670	5	1775	2167	+	1.00
phanotate	contig_2670	7	1775	2167	+	1.00
prodigal	contig_2670	6	1775	2167	+	1.00
glimmer	contig_2670	6	2157	3188	+	1.00
phanotate	contig_2670	8	2157	3188	+	1.00
prodigal	contig_2670	7	2157	3188	+	1.00
phanotate	contig_2670	9	3323	3412	-	0.33
glimmer	contig_2670	7	3397	3744	+	1.00
phanotate	contig_2670	10	3397	3744	+	1.00
prodigal	contig_2670	8	3397	3744	+	1.00
glimmer	contig_2670	8	3950	4297	-	1.00
phanotate	contig_2670	11	3950	4297	-	1.00
prodigal	contig_2670	9	3950	4297	-	1.00
phanotate	contig_2670	12	4282	4371	+	0.33
glimmer	contig_2670	9	4430	4576	+	0.83
phanotate	contig_2670	13	4430	4576	+	0.83
glimmer	contig_2670	10	4582	5538	-	1.00
phanotate	contig_2670	14	4582	5538	-	1.00
prodigal	contig_2670	10	4582	5538	-	1.00
glimmer	contig_2670	11	5528	5920	-	1.00
phanotate	contig_2670	15	5528	5920	-	1.00
prodigal	contig_2670	11	5528	5920	-	1.00
glimmer	contig_2670	12	6014	6364	+	0.50
phanotate	contig_2670	16	6035	6181	-	0.83
prodigal	contig_2670	12	6035	6181	-	0.83
phanotate	contig_2670	17	6194	6364	+	0.50
glimmer	contig_2670	13	6372	6767	+	1.00
phanotate	contig_2670	18	6372	6767	+	1.00
prodigal	contig_2670	13	6372	6767	+	1.00
glimmer	contig_2670	14	6767	7147	+	1.00
phanotate	contig_2670	19	6767	7147	+	1.00
prodigal	contig_2670	14	6767	7147	+	1.00
glimmer	contig_2670	15	7157	7534	+	1.00
phanotate	contig_2670	20	7157	7534	+	1.00
prodigal	contig_2670	15	7157	7534	+	1.00
phanotate	contig_2670	21	7544	7699	+	0.83
prodigal	contig_2670	16	7544	7699	+	0.83

Gene-call Consensus Scores:
Caller glimmer average gene-call score: 0.92
Caller phanotate average gene-call score: 0.85
Caller prodigal average gene-call score: 0.96

***************Unique List
Unique gene call 1
  --  Gene No. 1, gene caller: phanotate, leftEnd: 2, rightEnd: 151, strand: -, length: 150, contig: contig_2670, protein: unknown, score1: 0.8333333333333333, score2: 0.0
  --  Gene No. 1, gene caller: prodigal, leftEnd: 2, rightEnd: 151, strand: -, length: 150, contig: contig_2670, protein: unknown, score1: 0.8333333333333333, score2: 0.0
Unique gene call 2
  --  Gene No. 1, gene caller: glimmer, leftEnd: 161, rightEnd: 538, strand: -, length: 378, contig: contig_2670, protein: unknown, score1: 1.0, score2: 0.0
  --  Gene No. 2, gene caller: phanotate, leftEnd: 161, rightEnd: 538, strand: -, length: 378, contig: contig_2670, protein: unknown, score1: 1.0, score2: 0.0
  --  Gene No. 2, gene caller: prodigal, leftEnd: 161, rightEnd: 538, strand: -, length: 378, contig: contig_2670, protein: unknown, score1: 1.0, score2: 0.0
Unique gene call 3
  --  Gene No. 2, gene caller: glimmer, leftEnd: 548, rightEnd: 928, strand: -, length: 381, contig: contig_2670, protein: unknown, score1: 1.0, score2: 0.0
  --  Gene No. 3, gene caller: phanotate, leftEnd: 548, rightEnd: 928, strand: -, length: 381, contig: contig_2670, protein: unknown, score1: 1.0, score2: 0.0
  --  Gene No. 3, gene caller: prodigal, leftEnd: 548, rightEnd: 928, strand: -, length: 381, contig: contig_2670, protein: unknown, score1: 1.0, score2: 0.0
Unique gene call 4
  --  Gene No. 3, gene caller: glimmer, leftEnd: 928, rightEnd: 1323, strand: -, length: 396, contig: contig_2670, protein: unknown, score1: 1.0, score2: 0.0
  --  Gene No. 4, gene caller: phanotate, leftEnd: 928, rightEnd: 1323, strand: -, length: 396, contig: contig_2670, protein: unknown, score1: 1.0, score2: 0.0
  --  Gene No. 4, gene caller: prodigal, leftEnd: 928, rightEnd: 1323, strand: -, length: 396, contig: contig_2670, protein: unknown, score1: 1.0, score2: 0.0
Unique gene call 5
  --  Gene No. 5, gene caller: phanotate, leftEnd: 1331, rightEnd: 1501, strand: -, length: 171, contig: contig_2670, protein: unknown, score1: 0.5, score2: 0.0
Unique gene call 6
  --  Gene No. 4, gene caller: glimmer, leftEnd: 1331, rightEnd: 1681, strand: -, length: 351, contig: contig_2670, protein: unknown, score1: 0.5, score2: 0.0
Unique gene call 7
  --  Gene No. 6, gene caller: phanotate, leftEnd: 1514, rightEnd: 1660, strand: +, length: 147, contig: contig_2670, protein: unknown, score1: 0.8333333333333333, score2: 0.0
  --  Gene No. 5, gene caller: prodigal, leftEnd: 1514, rightEnd: 1660, strand: +, length: 147, contig: contig_2670, protein: unknown, score1: 0.8333333333333333, score2: 0.0
Unique gene call 8
  --  Gene No. 5, gene caller: glimmer, leftEnd: 1775, rightEnd: 2167, strand: +, length: 393, contig: contig_2670, protein: unknown, score1: 1.0, score2: 0.0
  --  Gene No. 7, gene caller: phanotate, leftEnd: 1775, rightEnd: 2167, strand: +, length: 393, contig: contig_2670, protein: unknown, score1: 1.0, score2: 0.0
  --  Gene No. 6, gene caller: prodigal, leftEnd: 1775, rightEnd: 2167, strand: +, length: 393, contig: contig_2670, protein: unknown, score1: 1.0, score2: 0.0
Unique gene call 9
  --  Gene No. 6, gene caller: glimmer, leftEnd: 2157, rightEnd: 3188, strand: +, length: 1032, contig: contig_2670, protein: unknown, score1: 1.0, score2: 0.0
  --  Gene No. 8, gene caller: phanotate, leftEnd: 2157, rightEnd: 3188, strand: +, length: 1032, contig: contig_2670, protein: unknown, score1: 1.0, score2: 0.0
  --  Gene No. 7, gene caller: prodigal, leftEnd: 2157, rightEnd: 3188, strand: +, length: 1032, contig: contig_2670, protein: unknown, score1: 1.0, score2: 0.0
Unique gene call 10
  --  Gene No. 9, gene caller: phanotate, leftEnd: 3323, rightEnd: 3412, strand: -, length: 90, contig: contig_2670, protein: unknown, score1: 0.3333333333333333, score2: 0.0
Unique gene call 11
  --  Gene No. 7, gene caller: glimmer, leftEnd: 3397, rightEnd: 3744, strand: +, length: 348, contig: contig_2670, protein: unknown, score1: 1.0, score2: 0.0
  --  Gene No. 10, gene caller: phanotate, leftEnd: 3397, rightEnd: 3744, strand: +, length: 348, contig: contig_2670, protein: unknown, score1: 1.0, score2: 0.0
  --  Gene No. 8, gene caller: prodigal, leftEnd: 3397, rightEnd: 3744, strand: +, length: 348, contig: contig_2670, protein: unknown, score1: 1.0, score2: 0.0
Unique gene call 12
  --  Gene No. 8, gene caller: glimmer, leftEnd: 3950, rightEnd: 4297, strand: -, length: 348, contig: contig_2670, protein: unknown, score1: 1.0, score2: 0.0
  --  Gene No. 11, gene caller: phanotate, leftEnd: 3950, rightEnd: 4297, strand: -, length: 348, contig: contig_2670, protein: unknown, score1: 1.0, score2: 0.0
  --  Gene No. 9, gene caller: prodigal, leftEnd: 3950, rightEnd: 4297, strand: -, length: 348, contig: contig_2670, protein: unknown, score1: 1.0, score2: 0.0
Unique gene call 13
  --  Gene No. 12, gene caller: phanotate, leftEnd: 4282, rightEnd: 4371, strand: +, length: 90, contig: contig_2670, protein: unknown, score1: 0.3333333333333333, score2: 0.0
Unique gene call 14
  --  Gene No. 9, gene caller: glimmer, leftEnd: 4430, rightEnd: 4576, strand: +, length: 147, contig: contig_2670, protein: unknown, score1: 0.8333333333333333, score2: 0.0
  --  Gene No. 13, gene caller: phanotate, leftEnd: 4430, rightEnd: 4576, strand: +, length: 147, contig: contig_2670, protein: unknown, score1: 0.8333333333333333, score2: 0.0
Unique gene call 15
  --  Gene No. 10, gene caller: glimmer, leftEnd: 4582, rightEnd: 5538, strand: -, length: 957, contig: contig_2670, protein: unknown, score1: 1.0, score2: 0.0
  --  Gene No. 14, gene caller: phanotate, leftEnd: 4582, rightEnd: 5538, strand: -, length: 957, contig: contig_2670, protein: unknown, score1: 1.0, score2: 0.0
  --  Gene No. 10, gene caller: prodigal, leftEnd: 4582, rightEnd: 5538, strand: -, length: 957, contig: contig_2670, protein: unknown, score1: 1.0, score2: 0.0
Unique gene call 16
  --  Gene No. 11, gene caller: glimmer, leftEnd: 5528, rightEnd: 5920, strand: -, length: 393, contig: contig_2670, protein: unknown, score1: 1.0, score2: 0.0
  --  Gene No. 15, gene caller: phanotate, leftEnd: 5528, rightEnd: 5920, strand: -, length: 393, contig: contig_2670, protein: unknown, score1: 1.0, score2: 0.0
  --  Gene No. 11, gene caller: prodigal, leftEnd: 5528, rightEnd: 5920, strand: -, length: 393, contig: contig_2670, protein: unknown, score1: 1.0, score2: 0.0
Unique gene call 17
  --  Gene No. 12, gene caller: glimmer, leftEnd: 6014, rightEnd: 6364, strand: +, length: 351, contig: contig_2670, protein: unknown, score1: 0.5, score2: 0.0
Unique gene call 18
  --  Gene No. 16, gene caller: phanotate, leftEnd: 6035, rightEnd: 6181, strand: -, length: 147, contig: contig_2670, protein: unknown, score1: 0.8333333333333333, score2: 0.0
  --  Gene No. 12, gene caller: prodigal, leftEnd: 6035, rightEnd: 6181, strand: -, length: 147, contig: contig_2670, protein: unknown, score1: 0.8333333333333333, score2: 0.0
Unique gene call 19
  --  Gene No. 17, gene caller: phanotate, leftEnd: 6194, rightEnd: 6364, strand: +, length: 171, contig: contig_2670, protein: unknown, score1: 0.5, score2: 0.0
Unique gene call 20
  --  Gene No. 13, gene caller: glimmer, leftEnd: 6372, rightEnd: 6767, strand: +, length: 396, contig: contig_2670, protein: unknown, score1: 1.0, score2: 0.0
  --  Gene No. 18, gene caller: phanotate, leftEnd: 6372, rightEnd: 6767, strand: +, length: 396, contig: contig_2670, protein: unknown, score1: 1.0, score2: 0.0
  --  Gene No. 13, gene caller: prodigal, leftEnd: 6372, rightEnd: 6767, strand: +, length: 396, contig: contig_2670, protein: unknown, score1: 1.0, score2: 0.0
Unique gene call 21
  --  Gene No. 14, gene caller: glimmer, leftEnd: 6767, rightEnd: 7147, strand: +, length: 381, contig: contig_2670, protein: unknown, score1: 1.0, score2: 0.0
  --  Gene No. 19, gene caller: phanotate, leftEnd: 6767, rightEnd: 7147, strand: +, length: 381, contig: contig_2670, protein: unknown, score1: 1.0, score2: 0.0
  --  Gene No. 14, gene caller: prodigal, leftEnd: 6767, rightEnd: 7147, strand: +, length: 381, contig: contig_2670, protein: unknown, score1: 1.0, score2: 0.0
Unique gene call 22
  --  Gene No. 15, gene caller: glimmer, leftEnd: 7157, rightEnd: 7534, strand: +, length: 378, contig: contig_2670, protein: unknown, score1: 1.0, score2: 0.0
  --  Gene No. 20, gene caller: phanotate, leftEnd: 7157, rightEnd: 7534, strand: +, length: 378, contig: contig_2670, protein: unknown, score1: 1.0, score2: 0.0
  --  Gene No. 15, gene caller: prodigal, leftEnd: 7157, rightEnd: 7534, strand: +, length: 378, contig: contig_2670, protein: unknown, score1: 1.0, score2: 0.0
Unique gene call 23
  --  Gene No. 21, gene caller: phanotate, leftEnd: 7544, rightEnd: 7699, strand: +, length: 156, contig: contig_2670, protein: unknown, score1: 0.8333333333333333, score2: 0.0
  --  Gene No. 16, gene caller: prodigal, leftEnd: 7544, rightEnd: 7699, strand: +, length: 156, contig: contig_2670, protein: unknown, score1: 0.8333333333333333, score2: 0.0
Code complete at 2021-04-21 09:38:56.537543
