Opening log at 2021-04-21 09:31:36.835502
Iterating through fileSet at 2021-04-21 09:31:36.835612
fileSet is ['/home/james/Software/multiPhATE2/PipelineOutput/contig_2243/commoncore.cgc', '/home/james/Software/multiPhATE2/PipelineOutput/contig_2243/consensus.cgc', '/home/james/Software/multiPhATE2/PipelineOutput/contig_2243/glimmer.cgc', '/home/james/Software/multiPhATE2/PipelineOutput/contig_2243/phanotate.cgc', '/home/james/Software/multiPhATE2/PipelineOutput/contig_2243/prodigal.cgc', '/home/james/Software/multiPhATE2/PipelineOutput/contig_2243/superset.cgc']
Opening geneFile /home/james/Software/multiPhATE2/PipelineOutput/contig_2243/commoncore.cgc
Adding calls from geneFile /home/james/Software/multiPhATE2/PipelineOutput/contig_2243/commoncore.cgc
Appending call set  number of calls is: 0
Opening geneFile /home/james/Software/multiPhATE2/PipelineOutput/contig_2243/consensus.cgc
Adding calls from geneFile /home/james/Software/multiPhATE2/PipelineOutput/contig_2243/consensus.cgc
Appending call set  number of calls is: 0
Opening geneFile /home/james/Software/multiPhATE2/PipelineOutput/contig_2243/glimmer.cgc
Adding calls from geneFile /home/james/Software/multiPhATE2/PipelineOutput/contig_2243/glimmer.cgc
Appending call set  number of calls is: 9
Opening geneFile /home/james/Software/multiPhATE2/PipelineOutput/contig_2243/phanotate.cgc
Adding calls from geneFile /home/james/Software/multiPhATE2/PipelineOutput/contig_2243/phanotate.cgc
Appending call set  number of calls is: 19
Opening geneFile /home/james/Software/multiPhATE2/PipelineOutput/contig_2243/prodigal.cgc
Adding calls from geneFile /home/james/Software/multiPhATE2/PipelineOutput/contig_2243/prodigal.cgc
Appending call set  number of calls is: 9
Opening geneFile /home/james/Software/multiPhATE2/PipelineOutput/contig_2243/superset.cgc
Adding calls from geneFile /home/james/Software/multiPhATE2/PipelineOutput/contig_2243/superset.cgc
Appending call set  number of calls is: 0
All call sets have been added to caller list. Number of call sets in callerList: 6
callerList is   glimmer phanotate prodigal  
Total number of gene calls across callerList call sets is: 37
Sorting gene calls for each caller
Processing a callSet
Before sorting, Length of callerList for caller  is 0
After sorting, Length of callerList for caller  is 0
Processing a callSet
Before sorting, Length of callerList for caller  is 0
After sorting, Length of callerList for caller  is 0
Processing a callSet
Before sorting, Length of callerList for caller glimmer is 9
After sorting, Length of callerList for caller glimmer is 9
Processing a callSet
Before sorting, Length of callerList for caller phanotate is 19
After sorting, Length of callerList for caller phanotate is 19
Processing a callSet
Before sorting, Length of callerList for caller prodigal is 9
After sorting, Length of callerList for caller prodigal is 9
Processing a callSet
Before sorting, Length of callerList for caller  is 0
After sorting, Length of callerList for caller  is 0
callSet processing complete
Comparing across the call sets...
Merging the geneCall sets....
Final merged genes:

***************Merge List
1	Gene No. 1, gene caller: phanotate, leftEnd: 3, rightEnd: 236, strand: +, length: 234, contig: contig_2243, protein: unknown, score1: 1.0, score2: 0.0
2	Gene No. 1, gene caller: prodigal, leftEnd: 3, rightEnd: 236, strand: +, length: 234, contig: contig_2243, protein: unknown, score1: 1.0, score2: 0.0
3	Gene No. 2, gene caller: phanotate, leftEnd: 300, rightEnd: 1742, strand: -, length: 1443, contig: contig_2243, protein: unknown, score1: 1.0, score2: 0.0
4	Gene No. 1, gene caller: glimmer, leftEnd: 300, rightEnd: 1850, strand: -, length: 1551, contig: contig_2243, protein: unknown, score1: 1.0, score2: 0.0
5	Gene No. 2, gene caller: prodigal, leftEnd: 300, rightEnd: 1850, strand: -, length: 1551, contig: contig_2243, protein: unknown, score1: 1.0, score2: 0.0
6	Gene No. 2, gene caller: glimmer, leftEnd: 1853, rightEnd: 2029, strand: -, length: 177, contig: contig_2243, protein: unknown, score1: 1.0, score2: 0.0
7	Gene No. 3, gene caller: phanotate, leftEnd: 1853, rightEnd: 2029, strand: -, length: 177, contig: contig_2243, protein: unknown, score1: 1.0, score2: 0.0
8	Gene No. 3, gene caller: prodigal, leftEnd: 1853, rightEnd: 2029, strand: -, length: 177, contig: contig_2243, protein: unknown, score1: 1.0, score2: 0.0
9	Gene No. 4, gene caller: phanotate, leftEnd: 2120, rightEnd: 2233, strand: -, length: 114, contig: contig_2243, protein: unknown, score1: 1.0, score2: 0.0
10	Gene No. 3, gene caller: glimmer, leftEnd: 2349, rightEnd: 2567, strand: +, length: 219, contig: contig_2243, protein: unknown, score1: 1.0, score2: 0.0
11	Gene No. 5, gene caller: phanotate, leftEnd: 2349, rightEnd: 2567, strand: +, length: 219, contig: contig_2243, protein: unknown, score1: 1.0, score2: 0.0
12	Gene No. 4, gene caller: prodigal, leftEnd: 2349, rightEnd: 2567, strand: +, length: 219, contig: contig_2243, protein: unknown, score1: 1.0, score2: 0.0
13	Gene No. 4, gene caller: glimmer, leftEnd: 2570, rightEnd: 4324, strand: +, length: 1755, contig: contig_2243, protein: unknown, score1: 1.0, score2: 0.0
14	Gene No. 5, gene caller: prodigal, leftEnd: 2570, rightEnd: 4324, strand: +, length: 1755, contig: contig_2243, protein: unknown, score1: 1.0, score2: 0.0
15	Gene No. 6, gene caller: phanotate, leftEnd: 2678, rightEnd: 4324, strand: +, length: 1647, contig: contig_2243, protein: unknown, score1: 1.0, score2: 0.0
16	Gene No. 5, gene caller: glimmer, leftEnd: 4388, rightEnd: 5365, strand: -, length: 978, contig: contig_2243, protein: unknown, score1: 1.0, score2: 0.0
17	Gene No. 6, gene caller: prodigal, leftEnd: 4388, rightEnd: 5365, strand: -, length: 978, contig: contig_2243, protein: unknown, score1: 1.0, score2: 0.0
18	Gene No. 7, gene caller: phanotate, leftEnd: 4388, rightEnd: 5392, strand: -, length: 1005, contig: contig_2243, protein: unknown, score1: 1.0, score2: 0.0
19	Gene No. 8, gene caller: phanotate, leftEnd: 5331, rightEnd: 5831, strand: -, length: 501, contig: contig_2243, protein: unknown, score1: 1.0, score2: 0.0
20	Gene No. 6, gene caller: glimmer, leftEnd: 5331, rightEnd: 5939, strand: -, length: 609, contig: contig_2243, protein: unknown, score1: 1.0, score2: 0.0
21	Gene No. 7, gene caller: prodigal, leftEnd: 5331, rightEnd: 5939, strand: -, length: 609, contig: contig_2243, protein: unknown, score1: 1.0, score2: 0.0
22	Gene No. 7, gene caller: glimmer, leftEnd: 5942, rightEnd: 6160, strand: -, length: 219, contig: contig_2243, protein: unknown, score1: 1.0, score2: 0.0
23	Gene No. 9, gene caller: phanotate, leftEnd: 5942, rightEnd: 6160, strand: -, length: 219, contig: contig_2243, protein: unknown, score1: 1.0, score2: 0.0
24	Gene No. 8, gene caller: prodigal, leftEnd: 5942, rightEnd: 6160, strand: -, length: 219, contig: contig_2243, protein: unknown, score1: 1.0, score2: 0.0
25	Gene No. 10, gene caller: phanotate, leftEnd: 6153, rightEnd: 6380, strand: -, length: 228, contig: contig_2243, protein: unknown, score1: 1.0, score2: 0.0
26	Gene No. 9, gene caller: prodigal, leftEnd: 6153, rightEnd: 6380, strand: -, length: 228, contig: contig_2243, protein: unknown, score1: 1.0, score2: 0.0
27	Gene No. 8, gene caller: glimmer, leftEnd: 6438, rightEnd: 6650, strand: +, length: 213, contig: contig_2243, protein: unknown, score1: 1.0, score2: 0.0
28	Gene No. 11, gene caller: phanotate, leftEnd: 6438, rightEnd: 6650, strand: +, length: 213, contig: contig_2243, protein: unknown, score1: 1.0, score2: 0.0
29	Gene No. 12, gene caller: phanotate, leftEnd: 6734, rightEnd: 6880, strand: +, length: 147, contig: contig_2243, protein: unknown, score1: 1.0, score2: 0.0
30	Gene No. 9, gene caller: glimmer, leftEnd: 6764, rightEnd: 6880, strand: +, length: 117, contig: contig_2243, protein: unknown, score1: 1.0, score2: 0.0
31	Gene No. 13, gene caller: phanotate, leftEnd: 6971, rightEnd: 7078, strand: +, length: 108, contig: contig_2243, protein: unknown, score1: 1.0, score2: 0.0
32	Gene No. 14, gene caller: phanotate, leftEnd: 7075, rightEnd: 7212, strand: -, length: 138, contig: contig_2243, protein: unknown, score1: 1.0, score2: 0.0
33	Gene No. 15, gene caller: phanotate, leftEnd: 7342, rightEnd: 7434, strand: -, length: 93, contig: contig_2243, protein: unknown, score1: 1.0, score2: 0.0
34	Gene No. 16, gene caller: phanotate, leftEnd: 7523, rightEnd: 7654, strand: -, length: 132, contig: contig_2243, protein: unknown, score1: 1.0, score2: 0.0
35	Gene No. 17, gene caller: phanotate, leftEnd: 7671, rightEnd: 7835, strand: -, length: 165, contig: contig_2243, protein: unknown, score1: 1.0, score2: 0.0
36	Gene No. 18, gene caller: phanotate, leftEnd: 7952, rightEnd: 8080, strand: +, length: 129, contig: contig_2243, protein: unknown, score1: 1.0, score2: 0.0
37	Gene No. 19, gene caller: phanotate, leftEnd: 8049, rightEnd: 8165, strand: +, length: 117, contig: contig_2243, protein: unknown, score1: 1.0, score2: 0.0
Comparing across geneCall sets....
Scoring gene calls....
Identifying common core...
This is the Common Core List:

***************Common Core
CC-gene 1	Gene No. 1, gene caller: All_callers, leftEnd: 1853, rightEnd: 2029, strand: -, length: 177, contig: contig_2243, protein: unknown, score1: 1.0, score2: 0.0
CC-gene 2	Gene No. 1, gene caller: All_callers, leftEnd: 2349, rightEnd: 2567, strand: +, length: 219, contig: contig_2243, protein: unknown, score1: 1.0, score2: 0.0
CC-gene 3	Gene No. 1, gene caller: All_callers, leftEnd: 5942, rightEnd: 6160, strand: -, length: 219, contig: contig_2243, protein: unknown, score1: 1.0, score2: 0.0
Printing gene-call superset, consensus, and common_core in GFF and CGC formats
Printing report....
The following gene callers were considered: glimmer, phanotate, prodigal, The number of distinct gene calls over all gene callers is 24
The number of gene calls in common among all callers is 3
The number of unique (non-matching) gene calls is14
Caller glimmer produced 9 gene calls.
Caller glimmer gene-call length stats:  min: 117, max: 1755, ave: 648.6666666666666
Caller phanotate produced 19 gene calls.
Caller phanotate gene-call length stats:  min: 93, max: 1647, ave: 369.94736842105266
Caller prodigal produced 9 gene calls.
Caller prodigal gene-call length stats:  min: 177, max: 1755, ave: 663.3333333333334

Gene-call Scores:
Caller	Contig	Gene No.	Left End	Right End	Strand	gcScore
phanotate	contig_2243	1	3	236	+	0.83
prodigal	contig_2243	1	3	236	+	0.83
phanotate	contig_2243	2	300	1742	-	0.50
glimmer	contig_2243	1	300	1850	-	0.83
prodigal	contig_2243	2	300	1850	-	0.83
glimmer	contig_2243	2	1853	2029	-	1.00
phanotate	contig_2243	3	1853	2029	-	1.00
prodigal	contig_2243	3	1853	2029	-	1.00
phanotate	contig_2243	4	2120	2233	-	0.33
glimmer	contig_2243	3	2349	2567	+	1.00
phanotate	contig_2243	5	2349	2567	+	1.00
prodigal	contig_2243	4	2349	2567	+	1.00
glimmer	contig_2243	4	2570	4324	+	0.83
prodigal	contig_2243	5	2570	4324	+	0.83
phanotate	contig_2243	6	2678	4324	+	0.50
glimmer	contig_2243	5	4388	5365	-	0.83
prodigal	contig_2243	6	4388	5365	-	0.83
phanotate	contig_2243	7	4388	5392	-	0.50
phanotate	contig_2243	8	5331	5831	-	0.50
glimmer	contig_2243	6	5331	5939	-	0.83
prodigal	contig_2243	7	5331	5939	-	0.83
glimmer	contig_2243	7	5942	6160	-	1.00
phanotate	contig_2243	9	5942	6160	-	1.00
prodigal	contig_2243	8	5942	6160	-	1.00
phanotate	contig_2243	10	6153	6380	-	0.83
prodigal	contig_2243	9	6153	6380	-	0.83
glimmer	contig_2243	8	6438	6650	+	0.83
phanotate	contig_2243	11	6438	6650	+	0.83
phanotate	contig_2243	12	6734	6880	+	0.50
glimmer	contig_2243	9	6764	6880	+	0.50
phanotate	contig_2243	13	6971	7078	+	0.33
phanotate	contig_2243	14	7075	7212	-	0.33
phanotate	contig_2243	15	7342	7434	-	0.33
phanotate	contig_2243	16	7523	7654	-	0.33
phanotate	contig_2243	17	7671	7835	-	0.33
phanotate	contig_2243	18	7952	8080	+	0.33
phanotate	contig_2243	19	8049	8165	+	0.33

Gene-call Consensus Scores:
Caller glimmer average gene-call score: 0.85
Caller phanotate average gene-call score: 0.56
Caller prodigal average gene-call score: 0.89

***************Unique List
Unique gene call 1
  --  Gene No. 1, gene caller: phanotate, leftEnd: 3, rightEnd: 236, strand: +, length: 234, contig: contig_2243, protein: unknown, score1: 0.8333333333333333, score2: 0.0
  --  Gene No. 1, gene caller: prodigal, leftEnd: 3, rightEnd: 236, strand: +, length: 234, contig: contig_2243, protein: unknown, score1: 0.8333333333333333, score2: 0.0
Unique gene call 2
  --  Gene No. 2, gene caller: phanotate, leftEnd: 300, rightEnd: 1742, strand: -, length: 1443, contig: contig_2243, protein: unknown, score1: 0.5, score2: 0.0
Unique gene call 3
  --  Gene No. 1, gene caller: glimmer, leftEnd: 300, rightEnd: 1850, strand: -, length: 1551, contig: contig_2243, protein: unknown, score1: 0.8333333333333333, score2: 0.0
  --  Gene No. 2, gene caller: prodigal, leftEnd: 300, rightEnd: 1850, strand: -, length: 1551, contig: contig_2243, protein: unknown, score1: 0.8333333333333333, score2: 0.0
Unique gene call 4
  --  Gene No. 2, gene caller: glimmer, leftEnd: 1853, rightEnd: 2029, strand: -, length: 177, contig: contig_2243, protein: unknown, score1: 1.0, score2: 0.0
  --  Gene No. 3, gene caller: phanotate, leftEnd: 1853, rightEnd: 2029, strand: -, length: 177, contig: contig_2243, protein: unknown, score1: 1.0, score2: 0.0
  --  Gene No. 3, gene caller: prodigal, leftEnd: 1853, rightEnd: 2029, strand: -, length: 177, contig: contig_2243, protein: unknown, score1: 1.0, score2: 0.0
Unique gene call 5
  --  Gene No. 4, gene caller: phanotate, leftEnd: 2120, rightEnd: 2233, strand: -, length: 114, contig: contig_2243, protein: unknown, score1: 0.3333333333333333, score2: 0.0
Unique gene call 6
  --  Gene No. 3, gene caller: glimmer, leftEnd: 2349, rightEnd: 2567, strand: +, length: 219, contig: contig_2243, protein: unknown, score1: 1.0, score2: 0.0
  --  Gene No. 5, gene caller: phanotate, leftEnd: 2349, rightEnd: 2567, strand: +, length: 219, contig: contig_2243, protein: unknown, score1: 1.0, score2: 0.0
  --  Gene No. 4, gene caller: prodigal, leftEnd: 2349, rightEnd: 2567, strand: +, length: 219, contig: contig_2243, protein: unknown, score1: 1.0, score2: 0.0
Unique gene call 7
  --  Gene No. 4, gene caller: glimmer, leftEnd: 2570, rightEnd: 4324, strand: +, length: 1755, contig: contig_2243, protein: unknown, score1: 0.8333333333333333, score2: 0.0
  --  Gene No. 5, gene caller: prodigal, leftEnd: 2570, rightEnd: 4324, strand: +, length: 1755, contig: contig_2243, protein: unknown, score1: 0.8333333333333333, score2: 0.0
Unique gene call 8
  --  Gene No. 6, gene caller: phanotate, leftEnd: 2678, rightEnd: 4324, strand: +, length: 1647, contig: contig_2243, protein: unknown, score1: 0.5, score2: 0.0
Unique gene call 9
  --  Gene No. 5, gene caller: glimmer, leftEnd: 4388, rightEnd: 5365, strand: -, length: 978, contig: contig_2243, protein: unknown, score1: 0.8333333333333333, score2: 0.0
  --  Gene No. 6, gene caller: prodigal, leftEnd: 4388, rightEnd: 5365, strand: -, length: 978, contig: contig_2243, protein: unknown, score1: 0.8333333333333333, score2: 0.0
Unique gene call 10
  --  Gene No. 7, gene caller: phanotate, leftEnd: 4388, rightEnd: 5392, strand: -, length: 1005, contig: contig_2243, protein: unknown, score1: 0.5, score2: 0.0
Unique gene call 11
  --  Gene No. 8, gene caller: phanotate, leftEnd: 5331, rightEnd: 5831, strand: -, length: 501, contig: contig_2243, protein: unknown, score1: 0.5, score2: 0.0
Unique gene call 12
  --  Gene No. 6, gene caller: glimmer, leftEnd: 5331, rightEnd: 5939, strand: -, length: 609, contig: contig_2243, protein: unknown, score1: 0.8333333333333333, score2: 0.0
  --  Gene No. 7, gene caller: prodigal, leftEnd: 5331, rightEnd: 5939, strand: -, length: 609, contig: contig_2243, protein: unknown, score1: 0.8333333333333333, score2: 0.0
Unique gene call 13
  --  Gene No. 7, gene caller: glimmer, leftEnd: 5942, rightEnd: 6160, strand: -, length: 219, contig: contig_2243, protein: unknown, score1: 1.0, score2: 0.0
  --  Gene No. 9, gene caller: phanotate, leftEnd: 5942, rightEnd: 6160, strand: -, length: 219, contig: contig_2243, protein: unknown, score1: 1.0, score2: 0.0
  --  Gene No. 8, gene caller: prodigal, leftEnd: 5942, rightEnd: 6160, strand: -, length: 219, contig: contig_2243, protein: unknown, score1: 1.0, score2: 0.0
Unique gene call 14
  --  Gene No. 10, gene caller: phanotate, leftEnd: 6153, rightEnd: 6380, strand: -, length: 228, contig: contig_2243, protein: unknown, score1: 0.8333333333333333, score2: 0.0
  --  Gene No. 9, gene caller: prodigal, leftEnd: 6153, rightEnd: 6380, strand: -, length: 228, contig: contig_2243, protein: unknown, score1: 0.8333333333333333, score2: 0.0
Unique gene call 15
  --  Gene No. 8, gene caller: glimmer, leftEnd: 6438, rightEnd: 6650, strand: +, length: 213, contig: contig_2243, protein: unknown, score1: 0.8333333333333333, score2: 0.0
  --  Gene No. 11, gene caller: phanotate, leftEnd: 6438, rightEnd: 6650, strand: +, length: 213, contig: contig_2243, protein: unknown, score1: 0.8333333333333333, score2: 0.0
Unique gene call 16
  --  Gene No. 12, gene caller: phanotate, leftEnd: 6734, rightEnd: 6880, strand: +, length: 147, contig: contig_2243, protein: unknown, score1: 0.5, score2: 0.0
Unique gene call 17
  --  Gene No. 9, gene caller: glimmer, leftEnd: 6764, rightEnd: 6880, strand: +, length: 117, contig: contig_2243, protein: unknown, score1: 0.5, score2: 0.0
Unique gene call 18
  --  Gene No. 13, gene caller: phanotate, leftEnd: 6971, rightEnd: 7078, strand: +, length: 108, contig: contig_2243, protein: unknown, score1: 0.3333333333333333, score2: 0.0
Unique gene call 19
  --  Gene No. 14, gene caller: phanotate, leftEnd: 7075, rightEnd: 7212, strand: -, length: 138, contig: contig_2243, protein: unknown, score1: 0.3333333333333333, score2: 0.0
Unique gene call 20
  --  Gene No. 15, gene caller: phanotate, leftEnd: 7342, rightEnd: 7434, strand: -, length: 93, contig: contig_2243, protein: unknown, score1: 0.3333333333333333, score2: 0.0
Unique gene call 21
  --  Gene No. 16, gene caller: phanotate, leftEnd: 7523, rightEnd: 7654, strand: -, length: 132, contig: contig_2243, protein: unknown, score1: 0.3333333333333333, score2: 0.0
Unique gene call 22
  --  Gene No. 17, gene caller: phanotate, leftEnd: 7671, rightEnd: 7835, strand: -, length: 165, contig: contig_2243, protein: unknown, score1: 0.3333333333333333, score2: 0.0
Unique gene call 23
  --  Gene No. 18, gene caller: phanotate, leftEnd: 7952, rightEnd: 8080, strand: +, length: 129, contig: contig_2243, protein: unknown, score1: 0.3333333333333333, score2: 0.0
Unique gene call 24
  --  Gene No. 19, gene caller: phanotate, leftEnd: 8049, rightEnd: 8165, strand: +, length: 117, contig: contig_2243, protein: unknown, score1: 0.3333333333333333, score2: 0.0
Code complete at 2021-04-21 09:31:36.839444
