Opening log at 2021-04-21 09:44:56.534037
Iterating through fileSet at 2021-04-21 09:44:56.534163
fileSet is ['/home/james/Software/multiPhATE2/PipelineOutput/circular_pair_4158/commoncore.cgc', '/home/james/Software/multiPhATE2/PipelineOutput/circular_pair_4158/consensus.cgc', '/home/james/Software/multiPhATE2/PipelineOutput/circular_pair_4158/glimmer.cgc', '/home/james/Software/multiPhATE2/PipelineOutput/circular_pair_4158/phanotate.cgc', '/home/james/Software/multiPhATE2/PipelineOutput/circular_pair_4158/prodigal.cgc', '/home/james/Software/multiPhATE2/PipelineOutput/circular_pair_4158/superset.cgc']
Opening geneFile /home/james/Software/multiPhATE2/PipelineOutput/circular_pair_4158/commoncore.cgc
Adding calls from geneFile /home/james/Software/multiPhATE2/PipelineOutput/circular_pair_4158/commoncore.cgc
Appending call set  number of calls is: 0
Opening geneFile /home/james/Software/multiPhATE2/PipelineOutput/circular_pair_4158/consensus.cgc
Adding calls from geneFile /home/james/Software/multiPhATE2/PipelineOutput/circular_pair_4158/consensus.cgc
Appending call set  number of calls is: 0
Opening geneFile /home/james/Software/multiPhATE2/PipelineOutput/circular_pair_4158/glimmer.cgc
Adding calls from geneFile /home/james/Software/multiPhATE2/PipelineOutput/circular_pair_4158/glimmer.cgc
Appending call set  number of calls is: 30
Opening geneFile /home/james/Software/multiPhATE2/PipelineOutput/circular_pair_4158/phanotate.cgc
Adding calls from geneFile /home/james/Software/multiPhATE2/PipelineOutput/circular_pair_4158/phanotate.cgc
Appending call set  number of calls is: 51
Opening geneFile /home/james/Software/multiPhATE2/PipelineOutput/circular_pair_4158/prodigal.cgc
Adding calls from geneFile /home/james/Software/multiPhATE2/PipelineOutput/circular_pair_4158/prodigal.cgc
Appending call set  number of calls is: 22
Opening geneFile /home/james/Software/multiPhATE2/PipelineOutput/circular_pair_4158/superset.cgc
Adding calls from geneFile /home/james/Software/multiPhATE2/PipelineOutput/circular_pair_4158/superset.cgc
Appending call set  number of calls is: 0
All call sets have been added to caller list. Number of call sets in callerList: 6
callerList is   glimmer phanotate prodigal  
Total number of gene calls across callerList call sets is: 103
Sorting gene calls for each caller
Processing a callSet
Before sorting, Length of callerList for caller  is 0
After sorting, Length of callerList for caller  is 0
Processing a callSet
Before sorting, Length of callerList for caller  is 0
After sorting, Length of callerList for caller  is 0
Processing a callSet
Before sorting, Length of callerList for caller glimmer is 30
After sorting, Length of callerList for caller glimmer is 30
Processing a callSet
Before sorting, Length of callerList for caller phanotate is 51
After sorting, Length of callerList for caller phanotate is 51
Processing a callSet
Before sorting, Length of callerList for caller prodigal is 22
After sorting, Length of callerList for caller prodigal is 22
Processing a callSet
Before sorting, Length of callerList for caller  is 0
After sorting, Length of callerList for caller  is 0
callSet processing complete
Comparing across the call sets...
Merging the geneCall sets....
Final merged genes:

***************Merge List
1	Gene No. 1, gene caller: phanotate, leftEnd: 2, rightEnd: 91, strand: -, length: 90, contig: circular_pair_4158, protein: unknown, score1: 1.0, score2: 0.0
2	Gene No. 2, gene caller: phanotate, leftEnd: 84, rightEnd: 1109, strand: -, length: 1026, contig: circular_pair_4158, protein: unknown, score1: 1.0, score2: 0.0
3	Gene No. 1, gene caller: glimmer, leftEnd: 84, rightEnd: 1238, strand: -, length: 1155, contig: circular_pair_4158, protein: unknown, score1: 1.0, score2: 0.0
4	Gene No. 1, gene caller: prodigal, leftEnd: 84, rightEnd: 1238, strand: -, length: 1155, contig: circular_pair_4158, protein: unknown, score1: 1.0, score2: 0.0
5	Gene No. 3, gene caller: phanotate, leftEnd: 1195, rightEnd: 1290, strand: -, length: 96, contig: circular_pair_4158, protein: unknown, score1: 1.0, score2: 0.0
6	Gene No. 2, gene caller: glimmer, leftEnd: 1280, rightEnd: 1609, strand: -, length: 330, contig: circular_pair_4158, protein: unknown, score1: 1.0, score2: 0.0
7	Gene No. 4, gene caller: phanotate, leftEnd: 1280, rightEnd: 1609, strand: -, length: 330, contig: circular_pair_4158, protein: unknown, score1: 1.0, score2: 0.0
8	Gene No. 2, gene caller: prodigal, leftEnd: 1280, rightEnd: 1720, strand: -, length: 441, contig: circular_pair_4158, protein: unknown, score1: 1.0, score2: 0.0
9	Gene No. 3, gene caller: glimmer, leftEnd: 1686, rightEnd: 1937, strand: -, length: 252, contig: circular_pair_4158, protein: unknown, score1: 1.0, score2: 0.0
10	Gene No. 5, gene caller: phanotate, leftEnd: 1771, rightEnd: 2058, strand: -, length: 288, contig: circular_pair_4158, protein: unknown, score1: 1.0, score2: 0.0
11	Gene No. 3, gene caller: prodigal, leftEnd: 1810, rightEnd: 1986, strand: +, length: 177, contig: circular_pair_4158, protein: unknown, score1: 1.0, score2: 0.0
12	Gene No. 6, gene caller: phanotate, leftEnd: 2149, rightEnd: 2322, strand: -, length: 174, contig: circular_pair_4158, protein: unknown, score1: 1.0, score2: 0.0
13	Gene No. 4, gene caller: glimmer, leftEnd: 2248, rightEnd: 2442, strand: +, length: 195, contig: circular_pair_4158, protein: unknown, score1: 1.0, score2: 0.0
14	Gene No. 4, gene caller: prodigal, leftEnd: 2248, rightEnd: 2442, strand: +, length: 195, contig: circular_pair_4158, protein: unknown, score1: 1.0, score2: 0.0
15	Gene No. 7, gene caller: phanotate, leftEnd: 2419, rightEnd: 2553, strand: -, length: 135, contig: circular_pair_4158, protein: unknown, score1: 1.0, score2: 0.0
16	Gene No. 5, gene caller: prodigal, leftEnd: 2439, rightEnd: 2909, strand: +, length: 471, contig: circular_pair_4158, protein: unknown, score1: 1.0, score2: 0.0
17	Gene No. 8, gene caller: phanotate, leftEnd: 2603, rightEnd: 2866, strand: -, length: 264, contig: circular_pair_4158, protein: unknown, score1: 1.0, score2: 0.0
18	Gene No. 9, gene caller: phanotate, leftEnd: 2883, rightEnd: 3002, strand: -, length: 120, contig: circular_pair_4158, protein: unknown, score1: 1.0, score2: 0.0
19	Gene No. 10, gene caller: phanotate, leftEnd: 2983, rightEnd: 3090, strand: -, length: 108, contig: circular_pair_4158, protein: unknown, score1: 1.0, score2: 0.0
20	Gene No. 11, gene caller: phanotate, leftEnd: 3173, rightEnd: 3280, strand: -, length: 108, contig: circular_pair_4158, protein: unknown, score1: 1.0, score2: 0.0
21	Gene No. 5, gene caller: glimmer, leftEnd: 3296, rightEnd: 3457, strand: +, length: 162, contig: circular_pair_4158, protein: unknown, score1: 1.0, score2: 0.0
22	Gene No. 12, gene caller: phanotate, leftEnd: 3347, rightEnd: 3460, strand: -, length: 114, contig: circular_pair_4158, protein: unknown, score1: 1.0, score2: 0.0
23	Gene No. 13, gene caller: phanotate, leftEnd: 3480, rightEnd: 3572, strand: -, length: 93, contig: circular_pair_4158, protein: unknown, score1: 1.0, score2: 0.0
24	Gene No. 6, gene caller: glimmer, leftEnd: 3496, rightEnd: 3678, strand: +, length: 183, contig: circular_pair_4158, protein: unknown, score1: 1.0, score2: 0.0
25	Gene No. 14, gene caller: phanotate, leftEnd: 3647, rightEnd: 4405, strand: -, length: 759, contig: circular_pair_4158, protein: unknown, score1: 1.0, score2: 0.0
26	Gene No. 7, gene caller: glimmer, leftEnd: 3647, rightEnd: 4504, strand: -, length: 858, contig: circular_pair_4158, protein: unknown, score1: 1.0, score2: 0.0
27	Gene No. 6, gene caller: prodigal, leftEnd: 3647, rightEnd: 4504, strand: -, length: 858, contig: circular_pair_4158, protein: unknown, score1: 1.0, score2: 0.0
28	Gene No. 8, gene caller: glimmer, leftEnd: 4638, rightEnd: 4820, strand: -, length: 183, contig: circular_pair_4158, protein: unknown, score1: 1.0, score2: 0.0
29	Gene No. 15, gene caller: phanotate, leftEnd: 4638, rightEnd: 4820, strand: -, length: 183, contig: circular_pair_4158, protein: unknown, score1: 1.0, score2: 0.0
30	Gene No. 9, gene caller: glimmer, leftEnd: 4859, rightEnd: 5020, strand: -, length: 162, contig: circular_pair_4158, protein: unknown, score1: 1.0, score2: 0.0
31	Gene No. 16, gene caller: phanotate, leftEnd: 4859, rightEnd: 5035, strand: -, length: 177, contig: circular_pair_4158, protein: unknown, score1: 1.0, score2: 0.0
32	Gene No. 17, gene caller: phanotate, leftEnd: 5047, rightEnd: 5187, strand: -, length: 141, contig: circular_pair_4158, protein: unknown, score1: 1.0, score2: 0.0
33	Gene No. 18, gene caller: phanotate, leftEnd: 5196, rightEnd: 5468, strand: -, length: 273, contig: circular_pair_4158, protein: unknown, score1: 1.0, score2: 0.0
34	Gene No. 19, gene caller: phanotate, leftEnd: 5465, rightEnd: 5842, strand: -, length: 378, contig: circular_pair_4158, protein: unknown, score1: 1.0, score2: 0.0
35	Gene No. 10, gene caller: glimmer, leftEnd: 5877, rightEnd: 6071, strand: -, length: 195, contig: circular_pair_4158, protein: unknown, score1: 1.0, score2: 0.0
36	Gene No. 20, gene caller: phanotate, leftEnd: 5877, rightEnd: 6071, strand: -, length: 195, contig: circular_pair_4158, protein: unknown, score1: 1.0, score2: 0.0
37	Gene No. 7, gene caller: prodigal, leftEnd: 5877, rightEnd: 6071, strand: -, length: 195, contig: circular_pair_4158, protein: unknown, score1: 1.0, score2: 0.0
38	Gene No. 21, gene caller: phanotate, leftEnd: 6108, rightEnd: 6248, strand: -, length: 141, contig: circular_pair_4158, protein: unknown, score1: 1.0, score2: 0.0
39	Gene No. 22, gene caller: phanotate, leftEnd: 6262, rightEnd: 6678, strand: +, length: 417, contig: circular_pair_4158, protein: unknown, score1: 1.0, score2: 0.0
40	Gene No. 11, gene caller: glimmer, leftEnd: 6382, rightEnd: 6678, strand: +, length: 297, contig: circular_pair_4158, protein: unknown, score1: 1.0, score2: 0.0
41	Gene No. 23, gene caller: phanotate, leftEnd: 6690, rightEnd: 7127, strand: +, length: 438, contig: circular_pair_4158, protein: unknown, score1: 1.0, score2: 0.0
42	Gene No. 12, gene caller: glimmer, leftEnd: 6892, rightEnd: 8238, strand: +, length: 1347, contig: circular_pair_4158, protein: unknown, score1: 1.0, score2: 0.0
43	Gene No. 8, gene caller: prodigal, leftEnd: 7084, rightEnd: 8238, strand: +, length: 1155, contig: circular_pair_4158, protein: unknown, score1: 1.0, score2: 0.0
44	Gene No. 24, gene caller: phanotate, leftEnd: 7213, rightEnd: 8238, strand: +, length: 1026, contig: circular_pair_4158, protein: unknown, score1: 1.0, score2: 0.0
45	Gene No. 25, gene caller: phanotate, leftEnd: 8231, rightEnd: 8464, strand: +, length: 234, contig: circular_pair_4158, protein: unknown, score1: 1.0, score2: 0.0
46	Gene No. 9, gene caller: prodigal, leftEnd: 8243, rightEnd: 8464, strand: +, length: 222, contig: circular_pair_4158, protein: unknown, score1: 1.0, score2: 0.0
47	Gene No. 13, gene caller: glimmer, leftEnd: 8294, rightEnd: 8464, strand: +, length: 171, contig: circular_pair_4158, protein: unknown, score1: 1.0, score2: 0.0
48	Gene No. 14, gene caller: glimmer, leftEnd: 8492, rightEnd: 9463, strand: +, length: 972, contig: circular_pair_4158, protein: unknown, score1: 1.0, score2: 0.0
49	Gene No. 26, gene caller: phanotate, leftEnd: 8492, rightEnd: 9463, strand: +, length: 972, contig: circular_pair_4158, protein: unknown, score1: 1.0, score2: 0.0
50	Gene No. 10, gene caller: prodigal, leftEnd: 8492, rightEnd: 9463, strand: +, length: 972, contig: circular_pair_4158, protein: unknown, score1: 1.0, score2: 0.0
51	Gene No. 15, gene caller: glimmer, leftEnd: 9460, rightEnd: 9909, strand: -, length: 450, contig: circular_pair_4158, protein: unknown, score1: 1.0, score2: 0.0
52	Gene No. 27, gene caller: phanotate, leftEnd: 9460, rightEnd: 9909, strand: -, length: 450, contig: circular_pair_4158, protein: unknown, score1: 1.0, score2: 0.0
53	Gene No. 11, gene caller: prodigal, leftEnd: 9460, rightEnd: 9909, strand: -, length: 450, contig: circular_pair_4158, protein: unknown, score1: 1.0, score2: 0.0
54	Gene No. 28, gene caller: phanotate, leftEnd: 9995, rightEnd: 10189, strand: -, length: 195, contig: circular_pair_4158, protein: unknown, score1: 1.0, score2: 0.0
55	Gene No. 16, gene caller: glimmer, leftEnd: 10149, rightEnd: 10265, strand: +, length: 117, contig: circular_pair_4158, protein: unknown, score1: 1.0, score2: 0.0
56	Gene No. 12, gene caller: prodigal, leftEnd: 10149, rightEnd: 10265, strand: +, length: 117, contig: circular_pair_4158, protein: unknown, score1: 1.0, score2: 0.0
57	Gene No. 29, gene caller: phanotate, leftEnd: 10257, rightEnd: 10457, strand: -, length: 201, contig: circular_pair_4158, protein: unknown, score1: 1.0, score2: 0.0
58	Gene No. 30, gene caller: phanotate, leftEnd: 10494, rightEnd: 10841, strand: -, length: 348, contig: circular_pair_4158, protein: unknown, score1: 1.0, score2: 0.0
59	Gene No. 31, gene caller: phanotate, leftEnd: 10845, rightEnd: 10988, strand: +, length: 144, contig: circular_pair_4158, protein: unknown, score1: 1.0, score2: 0.0
60	Gene No. 17, gene caller: glimmer, leftEnd: 10997, rightEnd: 11197, strand: +, length: 201, contig: circular_pair_4158, protein: unknown, score1: 1.0, score2: 0.0
61	Gene No. 32, gene caller: phanotate, leftEnd: 10997, rightEnd: 11197, strand: +, length: 201, contig: circular_pair_4158, protein: unknown, score1: 1.0, score2: 0.0
62	Gene No. 13, gene caller: prodigal, leftEnd: 10997, rightEnd: 11197, strand: +, length: 201, contig: circular_pair_4158, protein: unknown, score1: 1.0, score2: 0.0
63	Gene No. 14, gene caller: prodigal, leftEnd: 11169, rightEnd: 12197, strand: +, length: 1029, contig: circular_pair_4158, protein: unknown, score1: 1.0, score2: 0.0
64	Gene No. 18, gene caller: glimmer, leftEnd: 11226, rightEnd: 12197, strand: +, length: 972, contig: circular_pair_4158, protein: unknown, score1: 1.0, score2: 0.0
65	Gene No. 33, gene caller: phanotate, leftEnd: 11226, rightEnd: 12197, strand: +, length: 972, contig: circular_pair_4158, protein: unknown, score1: 1.0, score2: 0.0
66	Gene No. 19, gene caller: glimmer, leftEnd: 12194, rightEnd: 12643, strand: -, length: 450, contig: circular_pair_4158, protein: unknown, score1: 1.0, score2: 0.0
67	Gene No. 34, gene caller: phanotate, leftEnd: 12194, rightEnd: 12643, strand: -, length: 450, contig: circular_pair_4158, protein: unknown, score1: 1.0, score2: 0.0
68	Gene No. 15, gene caller: prodigal, leftEnd: 12194, rightEnd: 12643, strand: -, length: 450, contig: circular_pair_4158, protein: unknown, score1: 1.0, score2: 0.0
69	Gene No. 35, gene caller: phanotate, leftEnd: 12614, rightEnd: 12712, strand: +, length: 99, contig: circular_pair_4158, protein: unknown, score1: 1.0, score2: 0.0
70	Gene No. 20, gene caller: glimmer, leftEnd: 12724, rightEnd: 13284, strand: +, length: 561, contig: circular_pair_4158, protein: unknown, score1: 1.0, score2: 0.0
71	Gene No. 36, gene caller: phanotate, leftEnd: 12724, rightEnd: 13284, strand: +, length: 561, contig: circular_pair_4158, protein: unknown, score1: 1.0, score2: 0.0
72	Gene No. 16, gene caller: prodigal, leftEnd: 13051, rightEnd: 13284, strand: +, length: 234, contig: circular_pair_4158, protein: unknown, score1: 1.0, score2: 0.0
73	Gene No. 37, gene caller: phanotate, leftEnd: 13453, rightEnd: 14058, strand: +, length: 606, contig: circular_pair_4158, protein: unknown, score1: 1.0, score2: 0.0
74	Gene No. 17, gene caller: prodigal, leftEnd: 13453, rightEnd: 14058, strand: +, length: 606, contig: circular_pair_4158, protein: unknown, score1: 1.0, score2: 0.0
75	Gene No. 21, gene caller: glimmer, leftEnd: 13558, rightEnd: 13731, strand: -, length: 174, contig: circular_pair_4158, protein: unknown, score1: 1.0, score2: 0.0
76	Gene No. 38, gene caller: phanotate, leftEnd: 14024, rightEnd: 14203, strand: +, length: 180, contig: circular_pair_4158, protein: unknown, score1: 1.0, score2: 0.0
77	Gene No. 22, gene caller: glimmer, leftEnd: 14076, rightEnd: 14258, strand: -, length: 183, contig: circular_pair_4158, protein: unknown, score1: 1.0, score2: 0.0
78	Gene No. 39, gene caller: phanotate, leftEnd: 14200, rightEnd: 14763, strand: +, length: 564, contig: circular_pair_4158, protein: unknown, score1: 1.0, score2: 0.0
79	Gene No. 18, gene caller: prodigal, leftEnd: 14200, rightEnd: 14763, strand: +, length: 564, contig: circular_pair_4158, protein: unknown, score1: 1.0, score2: 0.0
80	Gene No. 23, gene caller: glimmer, leftEnd: 14440, rightEnd: 14763, strand: +, length: 324, contig: circular_pair_4158, protein: unknown, score1: 1.0, score2: 0.0
81	Gene No. 24, gene caller: glimmer, leftEnd: 14846, rightEnd: 15280, strand: +, length: 435, contig: circular_pair_4158, protein: unknown, score1: 1.0, score2: 0.0
82	Gene No. 40, gene caller: phanotate, leftEnd: 14846, rightEnd: 15280, strand: +, length: 435, contig: circular_pair_4158, protein: unknown, score1: 1.0, score2: 0.0
83	Gene No. 41, gene caller: phanotate, leftEnd: 15385, rightEnd: 15474, strand: +, length: 90, contig: circular_pair_4158, protein: unknown, score1: 1.0, score2: 0.0
84	Gene No. 25, gene caller: glimmer, leftEnd: 15443, rightEnd: 15607, strand: +, length: 165, contig: circular_pair_4158, protein: unknown, score1: 1.0, score2: 0.0
85	Gene No. 42, gene caller: phanotate, leftEnd: 15443, rightEnd: 15607, strand: +, length: 165, contig: circular_pair_4158, protein: unknown, score1: 1.0, score2: 0.0
86	Gene No. 19, gene caller: prodigal, leftEnd: 15443, rightEnd: 15607, strand: +, length: 165, contig: circular_pair_4158, protein: unknown, score1: 1.0, score2: 0.0
87	Gene No. 43, gene caller: phanotate, leftEnd: 15622, rightEnd: 15738, strand: +, length: 117, contig: circular_pair_4158, protein: unknown, score1: 1.0, score2: 0.0
88	Gene No. 26, gene caller: glimmer, leftEnd: 15820, rightEnd: 15939, strand: -, length: 120, contig: circular_pair_4158, protein: unknown, score1: 1.0, score2: 0.0
89	Gene No. 44, gene caller: phanotate, leftEnd: 15855, rightEnd: 16031, strand: +, length: 177, contig: circular_pair_4158, protein: unknown, score1: 1.0, score2: 0.0
90	Gene No. 45, gene caller: phanotate, leftEnd: 16032, rightEnd: 16199, strand: +, length: 168, contig: circular_pair_4158, protein: unknown, score1: 1.0, score2: 0.0
91	Gene No. 27, gene caller: glimmer, leftEnd: 16097, rightEnd: 16330, strand: -, length: 234, contig: circular_pair_4158, protein: unknown, score1: 1.0, score2: 0.0
92	Gene No. 20, gene caller: prodigal, leftEnd: 16097, rightEnd: 16330, strand: -, length: 234, contig: circular_pair_4158, protein: unknown, score1: 1.0, score2: 0.0
93	Gene No. 46, gene caller: phanotate, leftEnd: 16196, rightEnd: 16300, strand: +, length: 105, contig: circular_pair_4158, protein: unknown, score1: 1.0, score2: 0.0
94	Gene No. 47, gene caller: phanotate, leftEnd: 16342, rightEnd: 16461, strand: +, length: 120, contig: circular_pair_4158, protein: unknown, score1: 1.0, score2: 0.0
95	Gene No. 28, gene caller: glimmer, leftEnd: 16423, rightEnd: 16659, strand: -, length: 237, contig: circular_pair_4158, protein: unknown, score1: 1.0, score2: 0.0
96	Gene No. 48, gene caller: phanotate, leftEnd: 16458, rightEnd: 16604, strand: +, length: 147, contig: circular_pair_4158, protein: unknown, score1: 1.0, score2: 0.0
97	Gene No. 29, gene caller: glimmer, leftEnd: 16705, rightEnd: 16917, strand: +, length: 213, contig: circular_pair_4158, protein: unknown, score1: 1.0, score2: 0.0
98	Gene No. 49, gene caller: phanotate, leftEnd: 16741, rightEnd: 16917, strand: +, length: 177, contig: circular_pair_4158, protein: unknown, score1: 1.0, score2: 0.0
99	Gene No. 21, gene caller: prodigal, leftEnd: 16741, rightEnd: 16917, strand: +, length: 177, contig: circular_pair_4158, protein: unknown, score1: 1.0, score2: 0.0
100	Gene No. 30, gene caller: glimmer, leftEnd: 16895, rightEnd: 17191, strand: +, length: 297, contig: circular_pair_4158, protein: unknown, score1: 1.0, score2: 0.0
101	Gene No. 50, gene caller: phanotate, leftEnd: 16895, rightEnd: 17191, strand: +, length: 297, contig: circular_pair_4158, protein: unknown, score1: 1.0, score2: 0.0
102	Gene No. 22, gene caller: prodigal, leftEnd: 16895, rightEnd: 17191, strand: +, length: 297, contig: circular_pair_4158, protein: unknown, score1: 1.0, score2: 0.0
103	Gene No. 51, gene caller: phanotate, leftEnd: 17225, rightEnd: 17314, strand: +, length: 90, contig: circular_pair_4158, protein: unknown, score1: 1.0, score2: 0.0
Comparing across geneCall sets....
Scoring gene calls....
Identifying common core...
This is the Common Core List:

***************Common Core
CC-gene 1	Gene No. 1, gene caller: All_callers, leftEnd: 5877, rightEnd: 6071, strand: -, length: 195, contig: circular_pair_4158, protein: unknown, score1: 1.0, score2: 0.0
CC-gene 2	Gene No. 1, gene caller: All_callers, leftEnd: 8492, rightEnd: 9463, strand: +, length: 972, contig: circular_pair_4158, protein: unknown, score1: 1.0, score2: 0.0
CC-gene 3	Gene No. 1, gene caller: All_callers, leftEnd: 9460, rightEnd: 9909, strand: -, length: 450, contig: circular_pair_4158, protein: unknown, score1: 1.0, score2: 0.0
CC-gene 4	Gene No. 1, gene caller: All_callers, leftEnd: 10997, rightEnd: 11197, strand: +, length: 201, contig: circular_pair_4158, protein: unknown, score1: 1.0, score2: 0.0
CC-gene 5	Gene No. 1, gene caller: All_callers, leftEnd: 12194, rightEnd: 12643, strand: -, length: 450, contig: circular_pair_4158, protein: unknown, score1: 1.0, score2: 0.0
CC-gene 6	Gene No. 1, gene caller: All_callers, leftEnd: 15443, rightEnd: 15607, strand: +, length: 165, contig: circular_pair_4158, protein: unknown, score1: 1.0, score2: 0.0
CC-gene 7	Gene No. 1, gene caller: All_callers, leftEnd: 16895, rightEnd: 17191, strand: +, length: 297, contig: circular_pair_4158, protein: unknown, score1: 1.0, score2: 0.0
Printing gene-call superset, consensus, and common_core in GFF and CGC formats
Printing report....
The following gene callers were considered: glimmer, phanotate, prodigal, The number of distinct gene calls over all gene callers is 76
The number of gene calls in common among all callers is 7
The number of unique (non-matching) gene calls is56
Caller glimmer produced 30 gene calls.
Caller glimmer gene-call length stats:  min: 117, max: 1347, ave: 386.5
Caller phanotate produced 51 gene calls.
Caller phanotate gene-call length stats:  min: 90, max: 1026, ave: 300.7647058823529
Caller prodigal produced 22 gene calls.
Caller prodigal gene-call length stats:  min: 117, max: 1155, ave: 471.1363636363636

Gene-call Scores:
Caller	Contig	Gene No.	Left End	Right End	Strand	gcScore
phanotate	circular_pair_4158	1	2	91	-	0.33
phanotate	circular_pair_4158	2	84	1109	-	0.50
glimmer	circular_pair_4158	1	84	1238	-	0.83
prodigal	circular_pair_4158	1	84	1238	-	0.83
phanotate	circular_pair_4158	3	1195	1290	-	0.33
glimmer	circular_pair_4158	2	1280	1609	-	0.83
phanotate	circular_pair_4158	4	1280	1609	-	0.83
prodigal	circular_pair_4158	2	1280	1720	-	0.50
glimmer	circular_pair_4158	3	1686	1937	-	0.33
phanotate	circular_pair_4158	5	1771	2058	-	0.33
prodigal	circular_pair_4158	3	1810	1986	+	0.33
phanotate	circular_pair_4158	6	2149	2322	-	0.33
glimmer	circular_pair_4158	4	2248	2442	+	0.83
prodigal	circular_pair_4158	4	2248	2442	+	0.83
phanotate	circular_pair_4158	7	2419	2553	-	0.33
prodigal	circular_pair_4158	5	2439	2909	+	0.33
phanotate	circular_pair_4158	8	2603	2866	-	0.33
phanotate	circular_pair_4158	9	2883	3002	-	0.33
phanotate	circular_pair_4158	10	2983	3090	-	0.33
phanotate	circular_pair_4158	11	3173	3280	-	0.33
glimmer	circular_pair_4158	5	3296	3457	+	0.33
phanotate	circular_pair_4158	12	3347	3460	-	0.33
phanotate	circular_pair_4158	13	3480	3572	-	0.33
glimmer	circular_pair_4158	6	3496	3678	+	0.33
phanotate	circular_pair_4158	14	3647	4405	-	0.50
glimmer	circular_pair_4158	7	3647	4504	-	0.83
prodigal	circular_pair_4158	6	3647	4504	-	0.83
glimmer	circular_pair_4158	8	4638	4820	-	0.83
phanotate	circular_pair_4158	15	4638	4820	-	0.83
glimmer	circular_pair_4158	9	4859	5020	-	0.50
phanotate	circular_pair_4158	16	4859	5035	-	0.50
phanotate	circular_pair_4158	17	5047	5187	-	0.33
phanotate	circular_pair_4158	18	5196	5468	-	0.33
phanotate	circular_pair_4158	19	5465	5842	-	0.33
glimmer	circular_pair_4158	10	5877	6071	-	1.00
phanotate	circular_pair_4158	20	5877	6071	-	1.00
prodigal	circular_pair_4158	7	5877	6071	-	1.00
phanotate	circular_pair_4158	21	6108	6248	-	0.33
phanotate	circular_pair_4158	22	6262	6678	+	0.50
glimmer	circular_pair_4158	11	6382	6678	+	0.50
phanotate	circular_pair_4158	23	6690	7127	+	0.33
glimmer	circular_pair_4158	12	6892	8238	+	0.50
prodigal	circular_pair_4158	8	7084	8238	+	0.50
phanotate	circular_pair_4158	24	7213	8238	+	0.50
phanotate	circular_pair_4158	25	8231	8464	+	0.50
prodigal	circular_pair_4158	9	8243	8464	+	0.50
glimmer	circular_pair_4158	13	8294	8464	+	0.50
glimmer	circular_pair_4158	14	8492	9463	+	1.00
phanotate	circular_pair_4158	26	8492	9463	+	1.00
prodigal	circular_pair_4158	10	8492	9463	+	1.00
glimmer	circular_pair_4158	15	9460	9909	-	1.00
phanotate	circular_pair_4158	27	9460	9909	-	1.00
prodigal	circular_pair_4158	11	9460	9909	-	1.00
phanotate	circular_pair_4158	28	9995	10189	-	0.33
glimmer	circular_pair_4158	16	10149	10265	+	0.83
prodigal	circular_pair_4158	12	10149	10265	+	0.83
phanotate	circular_pair_4158	29	10257	10457	-	0.33
phanotate	circular_pair_4158	30	10494	10841	-	0.33
phanotate	circular_pair_4158	31	10845	10988	+	0.33
glimmer	circular_pair_4158	17	10997	11197	+	1.00
phanotate	circular_pair_4158	32	10997	11197	+	1.00
prodigal	circular_pair_4158	13	10997	11197	+	1.00
prodigal	circular_pair_4158	14	11169	12197	+	0.50
glimmer	circular_pair_4158	18	11226	12197	+	0.83
phanotate	circular_pair_4158	33	11226	12197	+	0.83
glimmer	circular_pair_4158	19	12194	12643	-	1.00
phanotate	circular_pair_4158	34	12194	12643	-	1.00
prodigal	circular_pair_4158	15	12194	12643	-	1.00
phanotate	circular_pair_4158	35	12614	12712	+	0.33
glimmer	circular_pair_4158	20	12724	13284	+	0.83
phanotate	circular_pair_4158	36	12724	13284	+	0.83
prodigal	circular_pair_4158	16	13051	13284	+	0.50
phanotate	circular_pair_4158	37	13453	14058	+	0.83
prodigal	circular_pair_4158	17	13453	14058	+	0.83
glimmer	circular_pair_4158	21	13558	13731	-	0.33
phanotate	circular_pair_4158	38	14024	14203	+	0.33
glimmer	circular_pair_4158	22	14076	14258	-	0.33
phanotate	circular_pair_4158	39	14200	14763	+	0.83
prodigal	circular_pair_4158	18	14200	14763	+	0.83
glimmer	circular_pair_4158	23	14440	14763	+	0.50
glimmer	circular_pair_4158	24	14846	15280	+	0.83
phanotate	circular_pair_4158	40	14846	15280	+	0.83
phanotate	circular_pair_4158	41	15385	15474	+	0.33
glimmer	circular_pair_4158	25	15443	15607	+	1.00
phanotate	circular_pair_4158	42	15443	15607	+	1.00
prodigal	circular_pair_4158	19	15443	15607	+	1.00
phanotate	circular_pair_4158	43	15622	15738	+	0.33
glimmer	circular_pair_4158	26	15820	15939	-	0.33
phanotate	circular_pair_4158	44	15855	16031	+	0.33
phanotate	circular_pair_4158	45	16032	16199	+	0.33
glimmer	circular_pair_4158	27	16097	16330	-	0.83
prodigal	circular_pair_4158	20	16097	16330	-	0.83
phanotate	circular_pair_4158	46	16196	16300	+	0.33
phanotate	circular_pair_4158	47	16342	16461	+	0.33
glimmer	circular_pair_4158	28	16423	16659	-	0.33
phanotate	circular_pair_4158	48	16458	16604	+	0.33
glimmer	circular_pair_4158	29	16705	16917	+	0.50
phanotate	circular_pair_4158	49	16741	16917	+	0.83
prodigal	circular_pair_4158	21	16741	16917	+	0.83
glimmer	circular_pair_4158	30	16895	17191	+	1.00
phanotate	circular_pair_4158	50	16895	17191	+	1.00
prodigal	circular_pair_4158	22	16895	17191	+	1.00
phanotate	circular_pair_4158	51	17225	17314	+	0.33

Gene-call Consensus Scores:
Caller glimmer average gene-call score: 0.69
Caller phanotate average gene-call score: 0.52
Caller prodigal average gene-call score: 0.77

***************Unique List
Unique gene call 1
  --  Gene No. 1, gene caller: phanotate, leftEnd: 2, rightEnd: 91, strand: -, length: 90, contig: circular_pair_4158, protein: unknown, score1: 0.3333333333333333, score2: 0.0
Unique gene call 2
  --  Gene No. 2, gene caller: phanotate, leftEnd: 84, rightEnd: 1109, strand: -, length: 1026, contig: circular_pair_4158, protein: unknown, score1: 0.5, score2: 0.0
Unique gene call 3
  --  Gene No. 1, gene caller: glimmer, leftEnd: 84, rightEnd: 1238, strand: -, length: 1155, contig: circular_pair_4158, protein: unknown, score1: 0.8333333333333333, score2: 0.0
  --  Gene No. 1, gene caller: prodigal, leftEnd: 84, rightEnd: 1238, strand: -, length: 1155, contig: circular_pair_4158, protein: unknown, score1: 0.8333333333333333, score2: 0.0
Unique gene call 4
  --  Gene No. 3, gene caller: phanotate, leftEnd: 1195, rightEnd: 1290, strand: -, length: 96, contig: circular_pair_4158, protein: unknown, score1: 0.3333333333333333, score2: 0.0
Unique gene call 5
  --  Gene No. 2, gene caller: glimmer, leftEnd: 1280, rightEnd: 1609, strand: -, length: 330, contig: circular_pair_4158, protein: unknown, score1: 0.8333333333333333, score2: 0.0
  --  Gene No. 4, gene caller: phanotate, leftEnd: 1280, rightEnd: 1609, strand: -, length: 330, contig: circular_pair_4158, protein: unknown, score1: 0.8333333333333333, score2: 0.0
Unique gene call 6
  --  Gene No. 2, gene caller: prodigal, leftEnd: 1280, rightEnd: 1720, strand: -, length: 441, contig: circular_pair_4158, protein: unknown, score1: 0.5, score2: 0.0
Unique gene call 7
  --  Gene No. 3, gene caller: glimmer, leftEnd: 1686, rightEnd: 1937, strand: -, length: 252, contig: circular_pair_4158, protein: unknown, score1: 0.3333333333333333, score2: 0.0
Unique gene call 8
  --  Gene No. 5, gene caller: phanotate, leftEnd: 1771, rightEnd: 2058, strand: -, length: 288, contig: circular_pair_4158, protein: unknown, score1: 0.3333333333333333, score2: 0.0
Unique gene call 9
  --  Gene No. 3, gene caller: prodigal, leftEnd: 1810, rightEnd: 1986, strand: +, length: 177, contig: circular_pair_4158, protein: unknown, score1: 0.3333333333333333, score2: 0.0
Unique gene call 10
  --  Gene No. 6, gene caller: phanotate, leftEnd: 2149, rightEnd: 2322, strand: -, length: 174, contig: circular_pair_4158, protein: unknown, score1: 0.3333333333333333, score2: 0.0
Unique gene call 11
  --  Gene No. 4, gene caller: glimmer, leftEnd: 2248, rightEnd: 2442, strand: +, length: 195, contig: circular_pair_4158, protein: unknown, score1: 0.8333333333333333, score2: 0.0
  --  Gene No. 4, gene caller: prodigal, leftEnd: 2248, rightEnd: 2442, strand: +, length: 195, contig: circular_pair_4158, protein: unknown, score1: 0.8333333333333333, score2: 0.0
Unique gene call 12
  --  Gene No. 7, gene caller: phanotate, leftEnd: 2419, rightEnd: 2553, strand: -, length: 135, contig: circular_pair_4158, protein: unknown, score1: 0.3333333333333333, score2: 0.0
Unique gene call 13
  --  Gene No. 5, gene caller: prodigal, leftEnd: 2439, rightEnd: 2909, strand: +, length: 471, contig: circular_pair_4158, protein: unknown, score1: 0.3333333333333333, score2: 0.0
Unique gene call 14
  --  Gene No. 8, gene caller: phanotate, leftEnd: 2603, rightEnd: 2866, strand: -, length: 264, contig: circular_pair_4158, protein: unknown, score1: 0.3333333333333333, score2: 0.0
Unique gene call 15
  --  Gene No. 9, gene caller: phanotate, leftEnd: 2883, rightEnd: 3002, strand: -, length: 120, contig: circular_pair_4158, protein: unknown, score1: 0.3333333333333333, score2: 0.0
Unique gene call 16
  --  Gene No. 10, gene caller: phanotate, leftEnd: 2983, rightEnd: 3090, strand: -, length: 108, contig: circular_pair_4158, protein: unknown, score1: 0.3333333333333333, score2: 0.0
Unique gene call 17
  --  Gene No. 11, gene caller: phanotate, leftEnd: 3173, rightEnd: 3280, strand: -, length: 108, contig: circular_pair_4158, protein: unknown, score1: 0.3333333333333333, score2: 0.0
Unique gene call 18
  --  Gene No. 5, gene caller: glimmer, leftEnd: 3296, rightEnd: 3457, strand: +, length: 162, contig: circular_pair_4158, protein: unknown, score1: 0.3333333333333333, score2: 0.0
Unique gene call 19
  --  Gene No. 12, gene caller: phanotate, leftEnd: 3347, rightEnd: 3460, strand: -, length: 114, contig: circular_pair_4158, protein: unknown, score1: 0.3333333333333333, score2: 0.0
Unique gene call 20
  --  Gene No. 13, gene caller: phanotate, leftEnd: 3480, rightEnd: 3572, strand: -, length: 93, contig: circular_pair_4158, protein: unknown, score1: 0.3333333333333333, score2: 0.0
Unique gene call 21
  --  Gene No. 6, gene caller: glimmer, leftEnd: 3496, rightEnd: 3678, strand: +, length: 183, contig: circular_pair_4158, protein: unknown, score1: 0.3333333333333333, score2: 0.0
Unique gene call 22
  --  Gene No. 14, gene caller: phanotate, leftEnd: 3647, rightEnd: 4405, strand: -, length: 759, contig: circular_pair_4158, protein: unknown, score1: 0.5, score2: 0.0
Unique gene call 23
  --  Gene No. 7, gene caller: glimmer, leftEnd: 3647, rightEnd: 4504, strand: -, length: 858, contig: circular_pair_4158, protein: unknown, score1: 0.8333333333333333, score2: 0.0
  --  Gene No. 6, gene caller: prodigal, leftEnd: 3647, rightEnd: 4504, strand: -, length: 858, contig: circular_pair_4158, protein: unknown, score1: 0.8333333333333333, score2: 0.0
Unique gene call 24
  --  Gene No. 8, gene caller: glimmer, leftEnd: 4638, rightEnd: 4820, strand: -, length: 183, contig: circular_pair_4158, protein: unknown, score1: 0.8333333333333333, score2: 0.0
  --  Gene No. 15, gene caller: phanotate, leftEnd: 4638, rightEnd: 4820, strand: -, length: 183, contig: circular_pair_4158, protein: unknown, score1: 0.8333333333333333, score2: 0.0
Unique gene call 25
  --  Gene No. 9, gene caller: glimmer, leftEnd: 4859, rightEnd: 5020, strand: -, length: 162, contig: circular_pair_4158, protein: unknown, score1: 0.5, score2: 0.0
Unique gene call 26
  --  Gene No. 16, gene caller: phanotate, leftEnd: 4859, rightEnd: 5035, strand: -, length: 177, contig: circular_pair_4158, protein: unknown, score1: 0.5, score2: 0.0
Unique gene call 27
  --  Gene No. 17, gene caller: phanotate, leftEnd: 5047, rightEnd: 5187, strand: -, length: 141, contig: circular_pair_4158, protein: unknown, score1: 0.3333333333333333, score2: 0.0
Unique gene call 28
  --  Gene No. 18, gene caller: phanotate, leftEnd: 5196, rightEnd: 5468, strand: -, length: 273, contig: circular_pair_4158, protein: unknown, score1: 0.3333333333333333, score2: 0.0
Unique gene call 29
  --  Gene No. 19, gene caller: phanotate, leftEnd: 5465, rightEnd: 5842, strand: -, length: 378, contig: circular_pair_4158, protein: unknown, score1: 0.3333333333333333, score2: 0.0
Unique gene call 30
  --  Gene No. 10, gene caller: glimmer, leftEnd: 5877, rightEnd: 6071, strand: -, length: 195, contig: circular_pair_4158, protein: unknown, score1: 1.0, score2: 0.0
  --  Gene No. 20, gene caller: phanotate, leftEnd: 5877, rightEnd: 6071, strand: -, length: 195, contig: circular_pair_4158, protein: unknown, score1: 1.0, score2: 0.0
  --  Gene No. 7, gene caller: prodigal, leftEnd: 5877, rightEnd: 6071, strand: -, length: 195, contig: circular_pair_4158, protein: unknown, score1: 1.0, score2: 0.0
Unique gene call 31
  --  Gene No. 21, gene caller: phanotate, leftEnd: 6108, rightEnd: 6248, strand: -, length: 141, contig: circular_pair_4158, protein: unknown, score1: 0.3333333333333333, score2: 0.0
Unique gene call 32
  --  Gene No. 22, gene caller: phanotate, leftEnd: 6262, rightEnd: 6678, strand: +, length: 417, contig: circular_pair_4158, protein: unknown, score1: 0.5, score2: 0.0
Unique gene call 33
  --  Gene No. 11, gene caller: glimmer, leftEnd: 6382, rightEnd: 6678, strand: +, length: 297, contig: circular_pair_4158, protein: unknown, score1: 0.5, score2: 0.0
Unique gene call 34
  --  Gene No. 23, gene caller: phanotate, leftEnd: 6690, rightEnd: 7127, strand: +, length: 438, contig: circular_pair_4158, protein: unknown, score1: 0.3333333333333333, score2: 0.0
Unique gene call 35
  --  Gene No. 12, gene caller: glimmer, leftEnd: 6892, rightEnd: 8238, strand: +, length: 1347, contig: circular_pair_4158, protein: unknown, score1: 0.5, score2: 0.0
Unique gene call 36
  --  Gene No. 8, gene caller: prodigal, leftEnd: 7084, rightEnd: 8238, strand: +, length: 1155, contig: circular_pair_4158, protein: unknown, score1: 0.5, score2: 0.0
Unique gene call 37
  --  Gene No. 24, gene caller: phanotate, leftEnd: 7213, rightEnd: 8238, strand: +, length: 1026, contig: circular_pair_4158, protein: unknown, score1: 0.5, score2: 0.0
Unique gene call 38
  --  Gene No. 25, gene caller: phanotate, leftEnd: 8231, rightEnd: 8464, strand: +, length: 234, contig: circular_pair_4158, protein: unknown, score1: 0.5, score2: 0.0
Unique gene call 39
  --  Gene No. 9, gene caller: prodigal, leftEnd: 8243, rightEnd: 8464, strand: +, length: 222, contig: circular_pair_4158, protein: unknown, score1: 0.5, score2: 0.0
Unique gene call 40
  --  Gene No. 13, gene caller: glimmer, leftEnd: 8294, rightEnd: 8464, strand: +, length: 171, contig: circular_pair_4158, protein: unknown, score1: 0.5, score2: 0.0
Unique gene call 41
  --  Gene No. 14, gene caller: glimmer, leftEnd: 8492, rightEnd: 9463, strand: +, length: 972, contig: circular_pair_4158, protein: unknown, score1: 1.0, score2: 0.0
  --  Gene No. 26, gene caller: phanotate, leftEnd: 8492, rightEnd: 9463, strand: +, length: 972, contig: circular_pair_4158, protein: unknown, score1: 1.0, score2: 0.0
  --  Gene No. 10, gene caller: prodigal, leftEnd: 8492, rightEnd: 9463, strand: +, length: 972, contig: circular_pair_4158, protein: unknown, score1: 1.0, score2: 0.0
Unique gene call 42
  --  Gene No. 15, gene caller: glimmer, leftEnd: 9460, rightEnd: 9909, strand: -, length: 450, contig: circular_pair_4158, protein: unknown, score1: 1.0, score2: 0.0
  --  Gene No. 27, gene caller: phanotate, leftEnd: 9460, rightEnd: 9909, strand: -, length: 450, contig: circular_pair_4158, protein: unknown, score1: 1.0, score2: 0.0
  --  Gene No. 11, gene caller: prodigal, leftEnd: 9460, rightEnd: 9909, strand: -, length: 450, contig: circular_pair_4158, protein: unknown, score1: 1.0, score2: 0.0
Unique gene call 43
  --  Gene No. 28, gene caller: phanotate, leftEnd: 9995, rightEnd: 10189, strand: -, length: 195, contig: circular_pair_4158, protein: unknown, score1: 0.3333333333333333, score2: 0.0
Unique gene call 44
  --  Gene No. 16, gene caller: glimmer, leftEnd: 10149, rightEnd: 10265, strand: +, length: 117, contig: circular_pair_4158, protein: unknown, score1: 0.8333333333333333, score2: 0.0
  --  Gene No. 12, gene caller: prodigal, leftEnd: 10149, rightEnd: 10265, strand: +, length: 117, contig: circular_pair_4158, protein: unknown, score1: 0.8333333333333333, score2: 0.0
Unique gene call 45
  --  Gene No. 29, gene caller: phanotate, leftEnd: 10257, rightEnd: 10457, strand: -, length: 201, contig: circular_pair_4158, protein: unknown, score1: 0.3333333333333333, score2: 0.0
Unique gene call 46
  --  Gene No. 30, gene caller: phanotate, leftEnd: 10494, rightEnd: 10841, strand: -, length: 348, contig: circular_pair_4158, protein: unknown, score1: 0.3333333333333333, score2: 0.0
Unique gene call 47
  --  Gene No. 31, gene caller: phanotate, leftEnd: 10845, rightEnd: 10988, strand: +, length: 144, contig: circular_pair_4158, protein: unknown, score1: 0.3333333333333333, score2: 0.0
Unique gene call 48
  --  Gene No. 17, gene caller: glimmer, leftEnd: 10997, rightEnd: 11197, strand: +, length: 201, contig: circular_pair_4158, protein: unknown, score1: 1.0, score2: 0.0
  --  Gene No. 32, gene caller: phanotate, leftEnd: 10997, rightEnd: 11197, strand: +, length: 201, contig: circular_pair_4158, protein: unknown, score1: 1.0, score2: 0.0
  --  Gene No. 13, gene caller: prodigal, leftEnd: 10997, rightEnd: 11197, strand: +, length: 201, contig: circular_pair_4158, protein: unknown, score1: 1.0, score2: 0.0
Unique gene call 49
  --  Gene No. 14, gene caller: prodigal, leftEnd: 11169, rightEnd: 12197, strand: +, length: 1029, contig: circular_pair_4158, protein: unknown, score1: 0.5, score2: 0.0
Unique gene call 50
  --  Gene No. 18, gene caller: glimmer, leftEnd: 11226, rightEnd: 12197, strand: +, length: 972, contig: circular_pair_4158, protein: unknown, score1: 0.8333333333333333, score2: 0.0
  --  Gene No. 33, gene caller: phanotate, leftEnd: 11226, rightEnd: 12197, strand: +, length: 972, contig: circular_pair_4158, protein: unknown, score1: 0.8333333333333333, score2: 0.0
Unique gene call 51
  --  Gene No. 19, gene caller: glimmer, leftEnd: 12194, rightEnd: 12643, strand: -, length: 450, contig: circular_pair_4158, protein: unknown, score1: 1.0, score2: 0.0
  --  Gene No. 34, gene caller: phanotate, leftEnd: 12194, rightEnd: 12643, strand: -, length: 450, contig: circular_pair_4158, protein: unknown, score1: 1.0, score2: 0.0
  --  Gene No. 15, gene caller: prodigal, leftEnd: 12194, rightEnd: 12643, strand: -, length: 450, contig: circular_pair_4158, protein: unknown, score1: 1.0, score2: 0.0
Unique gene call 52
  --  Gene No. 35, gene caller: phanotate, leftEnd: 12614, rightEnd: 12712, strand: +, length: 99, contig: circular_pair_4158, protein: unknown, score1: 0.3333333333333333, score2: 0.0
Unique gene call 53
  --  Gene No. 20, gene caller: glimmer, leftEnd: 12724, rightEnd: 13284, strand: +, length: 561, contig: circular_pair_4158, protein: unknown, score1: 0.8333333333333333, score2: 0.0
  --  Gene No. 36, gene caller: phanotate, leftEnd: 12724, rightEnd: 13284, strand: +, length: 561, contig: circular_pair_4158, protein: unknown, score1: 0.8333333333333333, score2: 0.0
Unique gene call 54
  --  Gene No. 16, gene caller: prodigal, leftEnd: 13051, rightEnd: 13284, strand: +, length: 234, contig: circular_pair_4158, protein: unknown, score1: 0.5, score2: 0.0
Unique gene call 55
  --  Gene No. 37, gene caller: phanotate, leftEnd: 13453, rightEnd: 14058, strand: +, length: 606, contig: circular_pair_4158, protein: unknown, score1: 0.8333333333333333, score2: 0.0
  --  Gene No. 17, gene caller: prodigal, leftEnd: 13453, rightEnd: 14058, strand: +, length: 606, contig: circular_pair_4158, protein: unknown, score1: 0.8333333333333333, score2: 0.0
Unique gene call 56
  --  Gene No. 21, gene caller: glimmer, leftEnd: 13558, rightEnd: 13731, strand: -, length: 174, contig: circular_pair_4158, protein: unknown, score1: 0.3333333333333333, score2: 0.0
Unique gene call 57
  --  Gene No. 38, gene caller: phanotate, leftEnd: 14024, rightEnd: 14203, strand: +, length: 180, contig: circular_pair_4158, protein: unknown, score1: 0.3333333333333333, score2: 0.0
Unique gene call 58
  --  Gene No. 22, gene caller: glimmer, leftEnd: 14076, rightEnd: 14258, strand: -, length: 183, contig: circular_pair_4158, protein: unknown, score1: 0.3333333333333333, score2: 0.0
Unique gene call 59
  --  Gene No. 39, gene caller: phanotate, leftEnd: 14200, rightEnd: 14763, strand: +, length: 564, contig: circular_pair_4158, protein: unknown, score1: 0.8333333333333333, score2: 0.0
  --  Gene No. 18, gene caller: prodigal, leftEnd: 14200, rightEnd: 14763, strand: +, length: 564, contig: circular_pair_4158, protein: unknown, score1: 0.8333333333333333, score2: 0.0
Unique gene call 60
  --  Gene No. 23, gene caller: glimmer, leftEnd: 14440, rightEnd: 14763, strand: +, length: 324, contig: circular_pair_4158, protein: unknown, score1: 0.5, score2: 0.0
Unique gene call 61
  --  Gene No. 24, gene caller: glimmer, leftEnd: 14846, rightEnd: 15280, strand: +, length: 435, contig: circular_pair_4158, protein: unknown, score1: 0.8333333333333333, score2: 0.0
  --  Gene No. 40, gene caller: phanotate, leftEnd: 14846, rightEnd: 15280, strand: +, length: 435, contig: circular_pair_4158, protein: unknown, score1: 0.8333333333333333, score2: 0.0
Unique gene call 62
  --  Gene No. 41, gene caller: phanotate, leftEnd: 15385, rightEnd: 15474, strand: +, length: 90, contig: circular_pair_4158, protein: unknown, score1: 0.3333333333333333, score2: 0.0
Unique gene call 63
  --  Gene No. 25, gene caller: glimmer, leftEnd: 15443, rightEnd: 15607, strand: +, length: 165, contig: circular_pair_4158, protein: unknown, score1: 1.0, score2: 0.0
  --  Gene No. 42, gene caller: phanotate, leftEnd: 15443, rightEnd: 15607, strand: +, length: 165, contig: circular_pair_4158, protein: unknown, score1: 1.0, score2: 0.0
  --  Gene No. 19, gene caller: prodigal, leftEnd: 15443, rightEnd: 15607, strand: +, length: 165, contig: circular_pair_4158, protein: unknown, score1: 1.0, score2: 0.0
Unique gene call 64
  --  Gene No. 43, gene caller: phanotate, leftEnd: 15622, rightEnd: 15738, strand: +, length: 117, contig: circular_pair_4158, protein: unknown, score1: 0.3333333333333333, score2: 0.0
Unique gene call 65
  --  Gene No. 26, gene caller: glimmer, leftEnd: 15820, rightEnd: 15939, strand: -, length: 120, contig: circular_pair_4158, protein: unknown, score1: 0.3333333333333333, score2: 0.0
Unique gene call 66
  --  Gene No. 44, gene caller: phanotate, leftEnd: 15855, rightEnd: 16031, strand: +, length: 177, contig: circular_pair_4158, protein: unknown, score1: 0.3333333333333333, score2: 0.0
Unique gene call 67
  --  Gene No. 45, gene caller: phanotate, leftEnd: 16032, rightEnd: 16199, strand: +, length: 168, contig: circular_pair_4158, protein: unknown, score1: 0.3333333333333333, score2: 0.0
Unique gene call 68
  --  Gene No. 27, gene caller: glimmer, leftEnd: 16097, rightEnd: 16330, strand: -, length: 234, contig: circular_pair_4158, protein: unknown, score1: 0.8333333333333333, score2: 0.0
  --  Gene No. 20, gene caller: prodigal, leftEnd: 16097, rightEnd: 16330, strand: -, length: 234, contig: circular_pair_4158, protein: unknown, score1: 0.8333333333333333, score2: 0.0
Unique gene call 69
  --  Gene No. 46, gene caller: phanotate, leftEnd: 16196, rightEnd: 16300, strand: +, length: 105, contig: circular_pair_4158, protein: unknown, score1: 0.3333333333333333, score2: 0.0
Unique gene call 70
  --  Gene No. 47, gene caller: phanotate, leftEnd: 16342, rightEnd: 16461, strand: +, length: 120, contig: circular_pair_4158, protein: unknown, score1: 0.3333333333333333, score2: 0.0
Unique gene call 71
  --  Gene No. 28, gene caller: glimmer, leftEnd: 16423, rightEnd: 16659, strand: -, length: 237, contig: circular_pair_4158, protein: unknown, score1: 0.3333333333333333, score2: 0.0
Unique gene call 72
  --  Gene No. 48, gene caller: phanotate, leftEnd: 16458, rightEnd: 16604, strand: +, length: 147, contig: circular_pair_4158, protein: unknown, score1: 0.3333333333333333, score2: 0.0
Unique gene call 73
  --  Gene No. 29, gene caller: glimmer, leftEnd: 16705, rightEnd: 16917, strand: +, length: 213, contig: circular_pair_4158, protein: unknown, score1: 0.5, score2: 0.0
Unique gene call 74
  --  Gene No. 49, gene caller: phanotate, leftEnd: 16741, rightEnd: 16917, strand: +, length: 177, contig: circular_pair_4158, protein: unknown, score1: 0.8333333333333333, score2: 0.0
  --  Gene No. 21, gene caller: prodigal, leftEnd: 16741, rightEnd: 16917, strand: +, length: 177, contig: circular_pair_4158, protein: unknown, score1: 0.8333333333333333, score2: 0.0
Unique gene call 75
  --  Gene No. 30, gene caller: glimmer, leftEnd: 16895, rightEnd: 17191, strand: +, length: 297, contig: circular_pair_4158, protein: unknown, score1: 1.0, score2: 0.0
  --  Gene No. 50, gene caller: phanotate, leftEnd: 16895, rightEnd: 17191, strand: +, length: 297, contig: circular_pair_4158, protein: unknown, score1: 1.0, score2: 0.0
  --  Gene No. 22, gene caller: prodigal, leftEnd: 16895, rightEnd: 17191, strand: +, length: 297, contig: circular_pair_4158, protein: unknown, score1: 1.0, score2: 0.0
Unique gene call 76
  --  Gene No. 51, gene caller: phanotate, leftEnd: 17225, rightEnd: 17314, strand: +, length: 90, contig: circular_pair_4158, protein: unknown, score1: 0.3333333333333333, score2: 0.0
Code complete at 2021-04-21 09:44:56.548765
