Opening log at 2021-04-21 09:53:39.104312
Iterating through fileSet at 2021-04-21 09:53:39.104428
fileSet is ['/home/james/Software/multiPhATE2/PipelineOutput/circular_read_229/commoncore.cgc', '/home/james/Software/multiPhATE2/PipelineOutput/circular_read_229/consensus.cgc', '/home/james/Software/multiPhATE2/PipelineOutput/circular_read_229/glimmer.cgc', '/home/james/Software/multiPhATE2/PipelineOutput/circular_read_229/phanotate.cgc', '/home/james/Software/multiPhATE2/PipelineOutput/circular_read_229/prodigal.cgc', '/home/james/Software/multiPhATE2/PipelineOutput/circular_read_229/superset.cgc']
Opening geneFile /home/james/Software/multiPhATE2/PipelineOutput/circular_read_229/commoncore.cgc
Adding calls from geneFile /home/james/Software/multiPhATE2/PipelineOutput/circular_read_229/commoncore.cgc
Appending call set  number of calls is: 0
Opening geneFile /home/james/Software/multiPhATE2/PipelineOutput/circular_read_229/consensus.cgc
Adding calls from geneFile /home/james/Software/multiPhATE2/PipelineOutput/circular_read_229/consensus.cgc
Appending call set  number of calls is: 0
Opening geneFile /home/james/Software/multiPhATE2/PipelineOutput/circular_read_229/glimmer.cgc
Adding calls from geneFile /home/james/Software/multiPhATE2/PipelineOutput/circular_read_229/glimmer.cgc
Appending call set  number of calls is: 0
Opening geneFile /home/james/Software/multiPhATE2/PipelineOutput/circular_read_229/phanotate.cgc
Adding calls from geneFile /home/james/Software/multiPhATE2/PipelineOutput/circular_read_229/phanotate.cgc
Appending call set  number of calls is: 5
Opening geneFile /home/james/Software/multiPhATE2/PipelineOutput/circular_read_229/prodigal.cgc
Adding calls from geneFile /home/james/Software/multiPhATE2/PipelineOutput/circular_read_229/prodigal.cgc
Appending call set  number of calls is: 2
Opening geneFile /home/james/Software/multiPhATE2/PipelineOutput/circular_read_229/superset.cgc
Adding calls from geneFile /home/james/Software/multiPhATE2/PipelineOutput/circular_read_229/superset.cgc
Appending call set  number of calls is: 0
All call sets have been added to caller list. Number of call sets in callerList: 6
callerList is   glimmer phanotate prodigal  
Total number of gene calls across callerList call sets is: 7
Sorting gene calls for each caller
Processing a callSet
Before sorting, Length of callerList for caller  is 0
After sorting, Length of callerList for caller  is 0
Processing a callSet
Before sorting, Length of callerList for caller  is 0
After sorting, Length of callerList for caller  is 0
Processing a callSet
Before sorting, Length of callerList for caller glimmer is 0
After sorting, Length of callerList for caller glimmer is 0
Processing a callSet
Before sorting, Length of callerList for caller phanotate is 5
After sorting, Length of callerList for caller phanotate is 5
Processing a callSet
Before sorting, Length of callerList for caller prodigal is 2
After sorting, Length of callerList for caller prodigal is 2
Processing a callSet
Before sorting, Length of callerList for caller  is 0
After sorting, Length of callerList for caller  is 0
callSet processing complete
Comparing across the call sets...
Merging the geneCall sets....
Final merged genes:

***************Merge List
1	Gene No. 1, gene caller: phanotate, leftEnd: 1, rightEnd: 966, strand: -, length: 966, contig: circular_read_229, protein: unknown, score1: 1.0, score2: 0.0
2	Gene No. 1, gene caller: prodigal, leftEnd: 1, rightEnd: 966, strand: -, length: 966, contig: circular_read_229, protein: unknown, score1: 1.0, score2: 0.0
3	Gene No. 2, gene caller: phanotate, leftEnd: 1072, rightEnd: 1179, strand: -, length: 108, contig: circular_read_229, protein: unknown, score1: 1.0, score2: 0.0
4	Gene No. 3, gene caller: phanotate, leftEnd: 1234, rightEnd: 1428, strand: -, length: 195, contig: circular_read_229, protein: unknown, score1: 1.0, score2: 0.0
5	Gene No. 4, gene caller: phanotate, leftEnd: 1460, rightEnd: 1570, strand: -, length: 111, contig: circular_read_229, protein: unknown, score1: 1.0, score2: 0.0
6	Gene No. 5, gene caller: phanotate, leftEnd: 1667, rightEnd: 1861, strand: -, length: 195, contig: circular_read_229, protein: unknown, score1: 1.0, score2: 0.0
7	Gene No. 2, gene caller: prodigal, leftEnd: 1667, rightEnd: 1861, strand: -, length: 195, contig: circular_read_229, protein: unknown, score1: 1.0, score2: 0.0
Comparing across geneCall sets....
Scoring gene calls....
Identifying common core...
This is the Common Core List:

***************Common Core
CC-gene 1	Gene No. 1, gene caller: All_callers, leftEnd: 1, rightEnd: 966, strand: -, length: 966, contig: circular_read_229, protein: unknown, score1: 1.0, score2: 0.0
CC-gene 2	Gene No. 1, gene caller: All_callers, leftEnd: 1667, rightEnd: 1861, strand: -, length: 195, contig: circular_read_229, protein: unknown, score1: 1.0, score2: 0.0
Printing gene-call superset, consensus, and common_core in GFF and CGC formats
Printing report....
The following gene callers were considered: phanotate, prodigal, The number of distinct gene calls over all gene callers is 5
The number of gene calls in common among all callers is 2
The number of unique (non-matching) gene calls is3
Caller phanotate produced 5 gene calls.
Caller phanotate gene-call length stats:  min: 108, max: 966, ave: 315.0
Caller prodigal produced 2 gene calls.
Caller prodigal gene-call length stats:  min: 195, max: 966, ave: 580.5

Gene-call Scores:
Caller	Contig	Gene No.	Left End	Right End	Strand	gcScore
phanotate	circular_read_229	1	1	966	-	1.00
prodigal	circular_read_229	1	1	966	-	1.00
phanotate	circular_read_229	2	1072	1179	-	0.50
phanotate	circular_read_229	3	1234	1428	-	0.50
phanotate	circular_read_229	4	1460	1570	-	0.50
phanotate	circular_read_229	5	1667	1861	-	1.00
prodigal	circular_read_229	2	1667	1861	-	1.00

Gene-call Consensus Scores:
Caller phanotate average gene-call score: 0.70
Caller prodigal average gene-call score: 1.00

***************Unique List
Unique gene call 1
  --  Gene No. 1, gene caller: phanotate, leftEnd: 1, rightEnd: 966, strand: -, length: 966, contig: circular_read_229, protein: unknown, score1: 1.0, score2: 0.0
  --  Gene No. 1, gene caller: prodigal, leftEnd: 1, rightEnd: 966, strand: -, length: 966, contig: circular_read_229, protein: unknown, score1: 1.0, score2: 0.0
Unique gene call 2
  --  Gene No. 2, gene caller: phanotate, leftEnd: 1072, rightEnd: 1179, strand: -, length: 108, contig: circular_read_229, protein: unknown, score1: 0.5, score2: 0.0
Unique gene call 3
  --  Gene No. 3, gene caller: phanotate, leftEnd: 1234, rightEnd: 1428, strand: -, length: 195, contig: circular_read_229, protein: unknown, score1: 0.5, score2: 0.0
Unique gene call 4
  --  Gene No. 4, gene caller: phanotate, leftEnd: 1460, rightEnd: 1570, strand: -, length: 111, contig: circular_read_229, protein: unknown, score1: 0.5, score2: 0.0
Unique gene call 5
  --  Gene No. 5, gene caller: phanotate, leftEnd: 1667, rightEnd: 1861, strand: -, length: 195, contig: circular_read_229, protein: unknown, score1: 1.0, score2: 0.0
  --  Gene No. 2, gene caller: prodigal, leftEnd: 1667, rightEnd: 1861, strand: -, length: 195, contig: circular_read_229, protein: unknown, score1: 1.0, score2: 0.0
Code complete at 2021-04-21 09:53:39.105749
