Opening log at 2021-04-21 09:22:28.433986
Iterating through fileSet at 2021-04-21 09:22:28.434299
fileSet is ['/home/james/Software/multiPhATE2/PipelineOutput/contig_149/commoncore.cgc', '/home/james/Software/multiPhATE2/PipelineOutput/contig_149/consensus.cgc', '/home/james/Software/multiPhATE2/PipelineOutput/contig_149/glimmer.cgc', '/home/james/Software/multiPhATE2/PipelineOutput/contig_149/phanotate.cgc', '/home/james/Software/multiPhATE2/PipelineOutput/contig_149/prodigal.cgc', '/home/james/Software/multiPhATE2/PipelineOutput/contig_149/superset.cgc']
Opening geneFile /home/james/Software/multiPhATE2/PipelineOutput/contig_149/commoncore.cgc
Adding calls from geneFile /home/james/Software/multiPhATE2/PipelineOutput/contig_149/commoncore.cgc
Appending call set  number of calls is: 0
Opening geneFile /home/james/Software/multiPhATE2/PipelineOutput/contig_149/consensus.cgc
Adding calls from geneFile /home/james/Software/multiPhATE2/PipelineOutput/contig_149/consensus.cgc
Appending call set  number of calls is: 0
Opening geneFile /home/james/Software/multiPhATE2/PipelineOutput/contig_149/glimmer.cgc
Adding calls from geneFile /home/james/Software/multiPhATE2/PipelineOutput/contig_149/glimmer.cgc
Appending call set  number of calls is: 39
Opening geneFile /home/james/Software/multiPhATE2/PipelineOutput/contig_149/phanotate.cgc
Adding calls from geneFile /home/james/Software/multiPhATE2/PipelineOutput/contig_149/phanotate.cgc
Appending call set  number of calls is: 62
Opening geneFile /home/james/Software/multiPhATE2/PipelineOutput/contig_149/prodigal.cgc
Adding calls from geneFile /home/james/Software/multiPhATE2/PipelineOutput/contig_149/prodigal.cgc
Appending call set  number of calls is: 32
Opening geneFile /home/james/Software/multiPhATE2/PipelineOutput/contig_149/superset.cgc
Adding calls from geneFile /home/james/Software/multiPhATE2/PipelineOutput/contig_149/superset.cgc
Appending call set  number of calls is: 0
All call sets have been added to caller list. Number of call sets in callerList: 6
callerList is   glimmer phanotate prodigal  
Total number of gene calls across callerList call sets is: 133
Sorting gene calls for each caller
Processing a callSet
Before sorting, Length of callerList for caller  is 0
After sorting, Length of callerList for caller  is 0
Processing a callSet
Before sorting, Length of callerList for caller  is 0
After sorting, Length of callerList for caller  is 0
Processing a callSet
Before sorting, Length of callerList for caller glimmer is 39
After sorting, Length of callerList for caller glimmer is 39
Processing a callSet
Before sorting, Length of callerList for caller phanotate is 62
After sorting, Length of callerList for caller phanotate is 62
Processing a callSet
Before sorting, Length of callerList for caller prodigal is 32
After sorting, Length of callerList for caller prodigal is 32
Processing a callSet
Before sorting, Length of callerList for caller  is 0
After sorting, Length of callerList for caller  is 0
callSet processing complete
Comparing across the call sets...
Merging the geneCall sets....
Final merged genes:

***************Merge List
1	Gene No. 1, gene caller: phanotate, leftEnd: 1, rightEnd: 1965, strand: -, length: 1965, contig: contig_149, protein: unknown, score1: 1.0, score2: 0.0
2	Gene No. 1, gene caller: prodigal, leftEnd: 1, rightEnd: 1965, strand: -, length: 1965, contig: contig_149, protein: unknown, score1: 1.0, score2: 0.0
3	Gene No. 1, gene caller: glimmer, leftEnd: 1940, rightEnd: 2125, strand: -, length: 186, contig: contig_149, protein: unknown, score1: 1.0, score2: 0.0
4	Gene No. 2, gene caller: phanotate, leftEnd: 1940, rightEnd: 2125, strand: -, length: 186, contig: contig_149, protein: unknown, score1: 1.0, score2: 0.0
5	Gene No. 3, gene caller: phanotate, leftEnd: 2132, rightEnd: 2233, strand: -, length: 102, contig: contig_149, protein: unknown, score1: 1.0, score2: 0.0
6	Gene No. 2, gene caller: glimmer, leftEnd: 2132, rightEnd: 2266, strand: -, length: 135, contig: contig_149, protein: unknown, score1: 1.0, score2: 0.0
7	Gene No. 4, gene caller: phanotate, leftEnd: 2281, rightEnd: 2475, strand: -, length: 195, contig: contig_149, protein: unknown, score1: 1.0, score2: 0.0
8	Gene No. 3, gene caller: glimmer, leftEnd: 2393, rightEnd: 2737, strand: -, length: 345, contig: contig_149, protein: unknown, score1: 1.0, score2: 0.0
9	Gene No. 2, gene caller: prodigal, leftEnd: 2393, rightEnd: 2737, strand: -, length: 345, contig: contig_149, protein: unknown, score1: 1.0, score2: 0.0
10	Gene No. 5, gene caller: phanotate, leftEnd: 2535, rightEnd: 2804, strand: +, length: 270, contig: contig_149, protein: unknown, score1: 1.0, score2: 0.0
11	Gene No. 6, gene caller: phanotate, leftEnd: 2849, rightEnd: 2950, strand: -, length: 102, contig: contig_149, protein: unknown, score1: 1.0, score2: 0.0
12	Gene No. 4, gene caller: glimmer, leftEnd: 2951, rightEnd: 3070, strand: -, length: 120, contig: contig_149, protein: unknown, score1: 1.0, score2: 0.0
13	Gene No. 7, gene caller: phanotate, leftEnd: 2951, rightEnd: 3070, strand: -, length: 120, contig: contig_149, protein: unknown, score1: 1.0, score2: 0.0
14	Gene No. 5, gene caller: glimmer, leftEnd: 3064, rightEnd: 3240, strand: -, length: 177, contig: contig_149, protein: unknown, score1: 1.0, score2: 0.0
15	Gene No. 8, gene caller: phanotate, leftEnd: 3064, rightEnd: 3240, strand: -, length: 177, contig: contig_149, protein: unknown, score1: 1.0, score2: 0.0
16	Gene No. 9, gene caller: phanotate, leftEnd: 3396, rightEnd: 3506, strand: -, length: 111, contig: contig_149, protein: unknown, score1: 1.0, score2: 0.0
17	Gene No. 6, gene caller: glimmer, leftEnd: 3484, rightEnd: 3798, strand: -, length: 315, contig: contig_149, protein: unknown, score1: 1.0, score2: 0.0
18	Gene No. 10, gene caller: phanotate, leftEnd: 3484, rightEnd: 3798, strand: -, length: 315, contig: contig_149, protein: unknown, score1: 1.0, score2: 0.0
19	Gene No. 3, gene caller: prodigal, leftEnd: 3484, rightEnd: 3798, strand: -, length: 315, contig: contig_149, protein: unknown, score1: 1.0, score2: 0.0
20	Gene No. 11, gene caller: phanotate, leftEnd: 3795, rightEnd: 3884, strand: -, length: 90, contig: contig_149, protein: unknown, score1: 1.0, score2: 0.0
21	Gene No. 7, gene caller: glimmer, leftEnd: 3997, rightEnd: 5316, strand: -, length: 1320, contig: contig_149, protein: unknown, score1: 1.0, score2: 0.0
22	Gene No. 12, gene caller: phanotate, leftEnd: 3997, rightEnd: 5316, strand: -, length: 1320, contig: contig_149, protein: unknown, score1: 1.0, score2: 0.0
23	Gene No. 4, gene caller: prodigal, leftEnd: 3997, rightEnd: 5316, strand: -, length: 1320, contig: contig_149, protein: unknown, score1: 1.0, score2: 0.0
24	Gene No. 13, gene caller: phanotate, leftEnd: 5313, rightEnd: 5717, strand: -, length: 405, contig: contig_149, protein: unknown, score1: 1.0, score2: 0.0
25	Gene No. 5, gene caller: prodigal, leftEnd: 5313, rightEnd: 5717, strand: -, length: 405, contig: contig_149, protein: unknown, score1: 1.0, score2: 0.0
26	Gene No. 8, gene caller: glimmer, leftEnd: 5781, rightEnd: 5894, strand: -, length: 114, contig: contig_149, protein: unknown, score1: 1.0, score2: 0.0
27	Gene No. 14, gene caller: phanotate, leftEnd: 5781, rightEnd: 5894, strand: -, length: 114, contig: contig_149, protein: unknown, score1: 1.0, score2: 0.0
28	Gene No. 15, gene caller: phanotate, leftEnd: 6059, rightEnd: 6169, strand: -, length: 111, contig: contig_149, protein: unknown, score1: 1.0, score2: 0.0
29	Gene No. 6, gene caller: prodigal, leftEnd: 6059, rightEnd: 6169, strand: -, length: 111, contig: contig_149, protein: unknown, score1: 1.0, score2: 0.0
30	Gene No. 9, gene caller: glimmer, leftEnd: 6227, rightEnd: 6535, strand: -, length: 309, contig: contig_149, protein: unknown, score1: 1.0, score2: 0.0
31	Gene No. 16, gene caller: phanotate, leftEnd: 6227, rightEnd: 6535, strand: -, length: 309, contig: contig_149, protein: unknown, score1: 1.0, score2: 0.0
32	Gene No. 7, gene caller: prodigal, leftEnd: 6227, rightEnd: 6535, strand: -, length: 309, contig: contig_149, protein: unknown, score1: 1.0, score2: 0.0
33	Gene No. 10, gene caller: glimmer, leftEnd: 6558, rightEnd: 6716, strand: -, length: 159, contig: contig_149, protein: unknown, score1: 1.0, score2: 0.0
34	Gene No. 17, gene caller: phanotate, leftEnd: 6558, rightEnd: 6716, strand: -, length: 159, contig: contig_149, protein: unknown, score1: 1.0, score2: 0.0
35	Gene No. 11, gene caller: glimmer, leftEnd: 6730, rightEnd: 6891, strand: -, length: 162, contig: contig_149, protein: unknown, score1: 1.0, score2: 0.0
36	Gene No. 18, gene caller: phanotate, leftEnd: 6730, rightEnd: 6891, strand: -, length: 162, contig: contig_149, protein: unknown, score1: 1.0, score2: 0.0
37	Gene No. 8, gene caller: prodigal, leftEnd: 6730, rightEnd: 6891, strand: -, length: 162, contig: contig_149, protein: unknown, score1: 1.0, score2: 0.0
38	Gene No. 12, gene caller: glimmer, leftEnd: 6894, rightEnd: 7250, strand: -, length: 357, contig: contig_149, protein: unknown, score1: 1.0, score2: 0.0
39	Gene No. 19, gene caller: phanotate, leftEnd: 6894, rightEnd: 7427, strand: -, length: 534, contig: contig_149, protein: unknown, score1: 1.0, score2: 0.0
40	Gene No. 9, gene caller: prodigal, leftEnd: 6894, rightEnd: 7427, strand: -, length: 534, contig: contig_149, protein: unknown, score1: 1.0, score2: 0.0
41	Gene No. 13, gene caller: glimmer, leftEnd: 7378, rightEnd: 7914, strand: -, length: 537, contig: contig_149, protein: unknown, score1: 1.0, score2: 0.0
42	Gene No. 20, gene caller: phanotate, leftEnd: 7378, rightEnd: 7914, strand: -, length: 537, contig: contig_149, protein: unknown, score1: 1.0, score2: 0.0
43	Gene No. 10, gene caller: prodigal, leftEnd: 7378, rightEnd: 7914, strand: -, length: 537, contig: contig_149, protein: unknown, score1: 1.0, score2: 0.0
44	Gene No. 14, gene caller: glimmer, leftEnd: 7914, rightEnd: 8360, strand: -, length: 447, contig: contig_149, protein: unknown, score1: 1.0, score2: 0.0
45	Gene No. 21, gene caller: phanotate, leftEnd: 7914, rightEnd: 8360, strand: -, length: 447, contig: contig_149, protein: unknown, score1: 1.0, score2: 0.0
46	Gene No. 11, gene caller: prodigal, leftEnd: 7914, rightEnd: 8360, strand: -, length: 447, contig: contig_149, protein: unknown, score1: 1.0, score2: 0.0
47	Gene No. 15, gene caller: glimmer, leftEnd: 8357, rightEnd: 8509, strand: -, length: 153, contig: contig_149, protein: unknown, score1: 1.0, score2: 0.0
48	Gene No. 22, gene caller: phanotate, leftEnd: 8357, rightEnd: 8509, strand: -, length: 153, contig: contig_149, protein: unknown, score1: 1.0, score2: 0.0
49	Gene No. 23, gene caller: phanotate, leftEnd: 8585, rightEnd: 8764, strand: -, length: 180, contig: contig_149, protein: unknown, score1: 1.0, score2: 0.0
50	Gene No. 24, gene caller: phanotate, leftEnd: 8813, rightEnd: 8926, strand: -, length: 114, contig: contig_149, protein: unknown, score1: 1.0, score2: 0.0
51	Gene No. 25, gene caller: phanotate, leftEnd: 8935, rightEnd: 9069, strand: -, length: 135, contig: contig_149, protein: unknown, score1: 1.0, score2: 0.0
52	Gene No. 12, gene caller: prodigal, leftEnd: 8935, rightEnd: 9069, strand: -, length: 135, contig: contig_149, protein: unknown, score1: 1.0, score2: 0.0
53	Gene No. 26, gene caller: phanotate, leftEnd: 9041, rightEnd: 9145, strand: -, length: 105, contig: contig_149, protein: unknown, score1: 1.0, score2: 0.0
54	Gene No. 16, gene caller: glimmer, leftEnd: 9158, rightEnd: 9316, strand: -, length: 159, contig: contig_149, protein: unknown, score1: 1.0, score2: 0.0
55	Gene No. 27, gene caller: phanotate, leftEnd: 9191, rightEnd: 9457, strand: +, length: 267, contig: contig_149, protein: unknown, score1: 1.0, score2: 0.0
56	Gene No. 17, gene caller: glimmer, leftEnd: 9522, rightEnd: 9707, strand: +, length: 186, contig: contig_149, protein: unknown, score1: 1.0, score2: 0.0
57	Gene No. 28, gene caller: phanotate, leftEnd: 9522, rightEnd: 9707, strand: +, length: 186, contig: contig_149, protein: unknown, score1: 1.0, score2: 0.0
58	Gene No. 29, gene caller: phanotate, leftEnd: 9720, rightEnd: 9824, strand: +, length: 105, contig: contig_149, protein: unknown, score1: 1.0, score2: 0.0
59	Gene No. 18, gene caller: glimmer, leftEnd: 9789, rightEnd: 9974, strand: -, length: 186, contig: contig_149, protein: unknown, score1: 1.0, score2: 0.0
60	Gene No. 30, gene caller: phanotate, leftEnd: 9789, rightEnd: 9974, strand: -, length: 186, contig: contig_149, protein: unknown, score1: 1.0, score2: 0.0
61	Gene No. 13, gene caller: prodigal, leftEnd: 9796, rightEnd: 9930, strand: +, length: 135, contig: contig_149, protein: unknown, score1: 1.0, score2: 0.0
62	Gene No. 31, gene caller: phanotate, leftEnd: 10197, rightEnd: 10292, strand: -, length: 96, contig: contig_149, protein: unknown, score1: 1.0, score2: 0.0
63	Gene No. 32, gene caller: phanotate, leftEnd: 10360, rightEnd: 10620, strand: -, length: 261, contig: contig_149, protein: unknown, score1: 1.0, score2: 0.0
64	Gene No. 19, gene caller: glimmer, leftEnd: 10535, rightEnd: 10672, strand: +, length: 138, contig: contig_149, protein: unknown, score1: 1.0, score2: 0.0
65	Gene No. 14, gene caller: prodigal, leftEnd: 10602, rightEnd: 10967, strand: +, length: 366, contig: contig_149, protein: unknown, score1: 1.0, score2: 0.0
66	Gene No. 33, gene caller: phanotate, leftEnd: 10643, rightEnd: 10768, strand: -, length: 126, contig: contig_149, protein: unknown, score1: 1.0, score2: 0.0
67	Gene No. 20, gene caller: glimmer, leftEnd: 10680, rightEnd: 10967, strand: +, length: 288, contig: contig_149, protein: unknown, score1: 1.0, score2: 0.0
68	Gene No. 34, gene caller: phanotate, leftEnd: 10770, rightEnd: 10967, strand: +, length: 198, contig: contig_149, protein: unknown, score1: 1.0, score2: 0.0
69	Gene No. 35, gene caller: phanotate, leftEnd: 10967, rightEnd: 11161, strand: +, length: 195, contig: contig_149, protein: unknown, score1: 1.0, score2: 0.0
70	Gene No. 15, gene caller: prodigal, leftEnd: 10967, rightEnd: 11161, strand: +, length: 195, contig: contig_149, protein: unknown, score1: 1.0, score2: 0.0
71	Gene No. 16, gene caller: prodigal, leftEnd: 11121, rightEnd: 11357, strand: +, length: 237, contig: contig_149, protein: unknown, score1: 1.0, score2: 0.0
72	Gene No. 36, gene caller: phanotate, leftEnd: 11269, rightEnd: 11370, strand: +, length: 102, contig: contig_149, protein: unknown, score1: 1.0, score2: 0.0
73	Gene No. 37, gene caller: phanotate, leftEnd: 11438, rightEnd: 11536, strand: +, length: 99, contig: contig_149, protein: unknown, score1: 1.0, score2: 0.0
74	Gene No. 38, gene caller: phanotate, leftEnd: 11533, rightEnd: 11625, strand: +, length: 93, contig: contig_149, protein: unknown, score1: 1.0, score2: 0.0
75	Gene No. 39, gene caller: phanotate, leftEnd: 11655, rightEnd: 11756, strand: +, length: 102, contig: contig_149, protein: unknown, score1: 1.0, score2: 0.0
76	Gene No. 40, gene caller: phanotate, leftEnd: 11765, rightEnd: 11989, strand: +, length: 225, contig: contig_149, protein: unknown, score1: 1.0, score2: 0.0
77	Gene No. 21, gene caller: glimmer, leftEnd: 11859, rightEnd: 12002, strand: +, length: 144, contig: contig_149, protein: unknown, score1: 1.0, score2: 0.0
78	Gene No. 41, gene caller: phanotate, leftEnd: 11992, rightEnd: 12081, strand: +, length: 90, contig: contig_149, protein: unknown, score1: 1.0, score2: 0.0
79	Gene No. 22, gene caller: glimmer, leftEnd: 12166, rightEnd: 12330, strand: +, length: 165, contig: contig_149, protein: unknown, score1: 1.0, score2: 0.0
80	Gene No. 42, gene caller: phanotate, leftEnd: 12166, rightEnd: 12330, strand: +, length: 165, contig: contig_149, protein: unknown, score1: 1.0, score2: 0.0
81	Gene No. 43, gene caller: phanotate, leftEnd: 12469, rightEnd: 12720, strand: +, length: 252, contig: contig_149, protein: unknown, score1: 1.0, score2: 0.0
82	Gene No. 17, gene caller: prodigal, leftEnd: 12469, rightEnd: 12720, strand: +, length: 252, contig: contig_149, protein: unknown, score1: 1.0, score2: 0.0
83	Gene No. 23, gene caller: glimmer, leftEnd: 12589, rightEnd: 12720, strand: +, length: 132, contig: contig_149, protein: unknown, score1: 1.0, score2: 0.0
84	Gene No. 24, gene caller: glimmer, leftEnd: 12717, rightEnd: 12941, strand: +, length: 225, contig: contig_149, protein: unknown, score1: 1.0, score2: 0.0
85	Gene No. 44, gene caller: phanotate, leftEnd: 12717, rightEnd: 12941, strand: +, length: 225, contig: contig_149, protein: unknown, score1: 1.0, score2: 0.0
86	Gene No. 18, gene caller: prodigal, leftEnd: 12717, rightEnd: 12941, strand: +, length: 225, contig: contig_149, protein: unknown, score1: 1.0, score2: 0.0
87	Gene No. 19, gene caller: prodigal, leftEnd: 12902, rightEnd: 13156, strand: +, length: 255, contig: contig_149, protein: unknown, score1: 1.0, score2: 0.0
88	Gene No. 45, gene caller: phanotate, leftEnd: 13013, rightEnd: 13156, strand: +, length: 144, contig: contig_149, protein: unknown, score1: 1.0, score2: 0.0
89	Gene No. 46, gene caller: phanotate, leftEnd: 13153, rightEnd: 13557, strand: +, length: 405, contig: contig_149, protein: unknown, score1: 1.0, score2: 0.0
90	Gene No. 20, gene caller: prodigal, leftEnd: 13153, rightEnd: 13557, strand: +, length: 405, contig: contig_149, protein: unknown, score1: 1.0, score2: 0.0
91	Gene No. 25, gene caller: glimmer, leftEnd: 13360, rightEnd: 13557, strand: +, length: 198, contig: contig_149, protein: unknown, score1: 1.0, score2: 0.0
92	Gene No. 26, gene caller: glimmer, leftEnd: 13554, rightEnd: 13706, strand: +, length: 153, contig: contig_149, protein: unknown, score1: 1.0, score2: 0.0
93	Gene No. 47, gene caller: phanotate, leftEnd: 13554, rightEnd: 13706, strand: +, length: 153, contig: contig_149, protein: unknown, score1: 1.0, score2: 0.0
94	Gene No. 21, gene caller: prodigal, leftEnd: 13554, rightEnd: 13706, strand: +, length: 153, contig: contig_149, protein: unknown, score1: 1.0, score2: 0.0
95	Gene No. 22, gene caller: prodigal, leftEnd: 13760, rightEnd: 14071, strand: +, length: 312, contig: contig_149, protein: unknown, score1: 1.0, score2: 0.0
96	Gene No. 27, gene caller: glimmer, leftEnd: 13778, rightEnd: 14071, strand: +, length: 294, contig: contig_149, protein: unknown, score1: 1.0, score2: 0.0
97	Gene No. 48, gene caller: phanotate, leftEnd: 13805, rightEnd: 14071, strand: +, length: 267, contig: contig_149, protein: unknown, score1: 1.0, score2: 0.0
98	Gene No. 28, gene caller: glimmer, leftEnd: 14036, rightEnd: 14173, strand: -, length: 138, contig: contig_149, protein: unknown, score1: 1.0, score2: 0.0
99	Gene No. 29, gene caller: glimmer, leftEnd: 14187, rightEnd: 14612, strand: +, length: 426, contig: contig_149, protein: unknown, score1: 1.0, score2: 0.0
100	Gene No. 49, gene caller: phanotate, leftEnd: 14187, rightEnd: 14612, strand: +, length: 426, contig: contig_149, protein: unknown, score1: 1.0, score2: 0.0
101	Gene No. 23, gene caller: prodigal, leftEnd: 14187, rightEnd: 14612, strand: +, length: 426, contig: contig_149, protein: unknown, score1: 1.0, score2: 0.0
102	Gene No. 24, gene caller: prodigal, leftEnd: 14554, rightEnd: 14973, strand: +, length: 420, contig: contig_149, protein: unknown, score1: 1.0, score2: 0.0
103	Gene No. 30, gene caller: glimmer, leftEnd: 14590, rightEnd: 14973, strand: +, length: 384, contig: contig_149, protein: unknown, score1: 1.0, score2: 0.0
104	Gene No. 50, gene caller: phanotate, leftEnd: 14707, rightEnd: 14973, strand: +, length: 267, contig: contig_149, protein: unknown, score1: 1.0, score2: 0.0
105	Gene No. 31, gene caller: glimmer, leftEnd: 14993, rightEnd: 15478, strand: +, length: 486, contig: contig_149, protein: unknown, score1: 1.0, score2: 0.0
106	Gene No. 51, gene caller: phanotate, leftEnd: 14993, rightEnd: 15478, strand: +, length: 486, contig: contig_149, protein: unknown, score1: 1.0, score2: 0.0
107	Gene No. 25, gene caller: prodigal, leftEnd: 14993, rightEnd: 15478, strand: +, length: 486, contig: contig_149, protein: unknown, score1: 1.0, score2: 0.0
108	Gene No. 32, gene caller: glimmer, leftEnd: 15492, rightEnd: 15923, strand: +, length: 432, contig: contig_149, protein: unknown, score1: 1.0, score2: 0.0
109	Gene No. 52, gene caller: phanotate, leftEnd: 15492, rightEnd: 15923, strand: +, length: 432, contig: contig_149, protein: unknown, score1: 1.0, score2: 0.0
110	Gene No. 26, gene caller: prodigal, leftEnd: 15492, rightEnd: 15923, strand: +, length: 432, contig: contig_149, protein: unknown, score1: 1.0, score2: 0.0
111	Gene No. 53, gene caller: phanotate, leftEnd: 15924, rightEnd: 16025, strand: +, length: 102, contig: contig_149, protein: unknown, score1: 1.0, score2: 0.0
112	Gene No. 54, gene caller: phanotate, leftEnd: 16038, rightEnd: 16136, strand: +, length: 99, contig: contig_149, protein: unknown, score1: 1.0, score2: 0.0
113	Gene No. 27, gene caller: prodigal, leftEnd: 16117, rightEnd: 16848, strand: +, length: 732, contig: contig_149, protein: unknown, score1: 1.0, score2: 0.0
114	Gene No. 33, gene caller: glimmer, leftEnd: 16123, rightEnd: 16848, strand: +, length: 726, contig: contig_149, protein: unknown, score1: 1.0, score2: 0.0
115	Gene No. 55, gene caller: phanotate, leftEnd: 16123, rightEnd: 16848, strand: +, length: 726, contig: contig_149, protein: unknown, score1: 1.0, score2: 0.0
116	Gene No. 34, gene caller: glimmer, leftEnd: 16823, rightEnd: 17212, strand: +, length: 390, contig: contig_149, protein: unknown, score1: 1.0, score2: 0.0
117	Gene No. 28, gene caller: prodigal, leftEnd: 16823, rightEnd: 17212, strand: +, length: 390, contig: contig_149, protein: unknown, score1: 1.0, score2: 0.0
118	Gene No. 56, gene caller: phanotate, leftEnd: 16933, rightEnd: 17046, strand: -, length: 114, contig: contig_149, protein: unknown, score1: 1.0, score2: 0.0
119	Gene No. 57, gene caller: phanotate, leftEnd: 17052, rightEnd: 17945, strand: +, length: 894, contig: contig_149, protein: unknown, score1: 1.0, score2: 0.0
120	Gene No. 35, gene caller: glimmer, leftEnd: 17196, rightEnd: 17945, strand: +, length: 750, contig: contig_149, protein: unknown, score1: 1.0, score2: 0.0
121	Gene No. 29, gene caller: prodigal, leftEnd: 17196, rightEnd: 17945, strand: +, length: 750, contig: contig_149, protein: unknown, score1: 1.0, score2: 0.0
122	Gene No. 36, gene caller: glimmer, leftEnd: 17924, rightEnd: 18061, strand: +, length: 138, contig: contig_149, protein: unknown, score1: 1.0, score2: 0.0
123	Gene No. 58, gene caller: phanotate, leftEnd: 17924, rightEnd: 18061, strand: +, length: 138, contig: contig_149, protein: unknown, score1: 1.0, score2: 0.0
124	Gene No. 30, gene caller: prodigal, leftEnd: 17924, rightEnd: 18061, strand: +, length: 138, contig: contig_149, protein: unknown, score1: 1.0, score2: 0.0
125	Gene No. 37, gene caller: glimmer, leftEnd: 18130, rightEnd: 18543, strand: +, length: 414, contig: contig_149, protein: unknown, score1: 1.0, score2: 0.0
126	Gene No. 59, gene caller: phanotate, leftEnd: 18172, rightEnd: 18543, strand: +, length: 372, contig: contig_149, protein: unknown, score1: 1.0, score2: 0.0
127	Gene No. 31, gene caller: prodigal, leftEnd: 18172, rightEnd: 18543, strand: +, length: 372, contig: contig_149, protein: unknown, score1: 1.0, score2: 0.0
128	Gene No. 38, gene caller: glimmer, leftEnd: 18560, rightEnd: 18970, strand: +, length: 411, contig: contig_149, protein: unknown, score1: 1.0, score2: 0.0
129	Gene No. 32, gene caller: prodigal, leftEnd: 18560, rightEnd: 18970, strand: +, length: 411, contig: contig_149, protein: unknown, score1: 1.0, score2: 0.0
130	Gene No. 60, gene caller: phanotate, leftEnd: 18575, rightEnd: 18970, strand: +, length: 396, contig: contig_149, protein: unknown, score1: 1.0, score2: 0.0
131	Gene No. 61, gene caller: phanotate, leftEnd: 18967, rightEnd: 19113, strand: +, length: 147, contig: contig_149, protein: unknown, score1: 1.0, score2: 0.0
132	Gene No. 39, gene caller: glimmer, leftEnd: 19031, rightEnd: 19228, strand: +, length: 198, contig: contig_149, protein: unknown, score1: 1.0, score2: 0.0
133	Gene No. 62, gene caller: phanotate, leftEnd: 19125, rightEnd: 19217, strand: +, length: 93, contig: contig_149, protein: unknown, score1: 1.0, score2: 0.0
Comparing across geneCall sets....
Scoring gene calls....
Identifying common core...
This is the Common Core List:

***************Common Core
CC-gene 1	Gene No. 1, gene caller: All_callers, leftEnd: 3484, rightEnd: 3798, strand: -, length: 315, contig: contig_149, protein: unknown, score1: 1.0, score2: 0.0
CC-gene 2	Gene No. 1, gene caller: All_callers, leftEnd: 3997, rightEnd: 5316, strand: -, length: 1320, contig: contig_149, protein: unknown, score1: 1.0, score2: 0.0
CC-gene 3	Gene No. 1, gene caller: All_callers, leftEnd: 6227, rightEnd: 6535, strand: -, length: 309, contig: contig_149, protein: unknown, score1: 1.0, score2: 0.0
CC-gene 4	Gene No. 1, gene caller: All_callers, leftEnd: 6730, rightEnd: 6891, strand: -, length: 162, contig: contig_149, protein: unknown, score1: 1.0, score2: 0.0
CC-gene 5	Gene No. 1, gene caller: All_callers, leftEnd: 7378, rightEnd: 7914, strand: -, length: 537, contig: contig_149, protein: unknown, score1: 1.0, score2: 0.0
CC-gene 6	Gene No. 1, gene caller: All_callers, leftEnd: 7914, rightEnd: 8360, strand: -, length: 447, contig: contig_149, protein: unknown, score1: 1.0, score2: 0.0
CC-gene 7	Gene No. 1, gene caller: All_callers, leftEnd: 12717, rightEnd: 12941, strand: +, length: 225, contig: contig_149, protein: unknown, score1: 1.0, score2: 0.0
CC-gene 8	Gene No. 1, gene caller: All_callers, leftEnd: 13554, rightEnd: 13706, strand: +, length: 153, contig: contig_149, protein: unknown, score1: 1.0, score2: 0.0
CC-gene 9	Gene No. 1, gene caller: All_callers, leftEnd: 14187, rightEnd: 14612, strand: +, length: 426, contig: contig_149, protein: unknown, score1: 1.0, score2: 0.0
CC-gene 10	Gene No. 1, gene caller: All_callers, leftEnd: 14993, rightEnd: 15478, strand: +, length: 486, contig: contig_149, protein: unknown, score1: 1.0, score2: 0.0
CC-gene 11	Gene No. 1, gene caller: All_callers, leftEnd: 15492, rightEnd: 15923, strand: +, length: 432, contig: contig_149, protein: unknown, score1: 1.0, score2: 0.0
CC-gene 12	Gene No. 1, gene caller: All_callers, leftEnd: 17924, rightEnd: 18061, strand: +, length: 138, contig: contig_149, protein: unknown, score1: 1.0, score2: 0.0
Printing gene-call superset, consensus, and common_core in GFF and CGC formats
Printing report....
The following gene callers were considered: glimmer, phanotate, prodigal, The number of distinct gene calls over all gene callers is 86
The number of gene calls in common among all callers is 12
The number of unique (non-matching) gene calls is51
Caller glimmer produced 39 gene calls.
Caller glimmer gene-call length stats:  min: 114, max: 1320, ave: 307.61538461538464
Caller phanotate produced 62 gene calls.
Caller phanotate gene-call length stats:  min: 90, max: 1965, ave: 275.03225806451616
Caller prodigal produced 32 gene calls.
Caller prodigal gene-call length stats:  min: 111, max: 1965, ave: 427.40625

Gene-call Scores:
Caller	Contig	Gene No.	Left End	Right End	Strand	gcScore
phanotate	contig_149	1	1	1965	-	0.83
prodigal	contig_149	1	1	1965	-	0.83
glimmer	contig_149	1	1940	2125	-	0.83
phanotate	contig_149	2	1940	2125	-	0.83
phanotate	contig_149	3	2132	2233	-	0.50
glimmer	contig_149	2	2132	2266	-	0.50
phanotate	contig_149	4	2281	2475	-	0.33
glimmer	contig_149	3	2393	2737	-	0.83
prodigal	contig_149	2	2393	2737	-	0.83
phanotate	contig_149	5	2535	2804	+	0.33
phanotate	contig_149	6	2849	2950	-	0.33
glimmer	contig_149	4	2951	3070	-	0.83
phanotate	contig_149	7	2951	3070	-	0.83
glimmer	contig_149	5	3064	3240	-	0.83
phanotate	contig_149	8	3064	3240	-	0.83
phanotate	contig_149	9	3396	3506	-	0.33
glimmer	contig_149	6	3484	3798	-	1.00
phanotate	contig_149	10	3484	3798	-	1.00
prodigal	contig_149	3	3484	3798	-	1.00
phanotate	contig_149	11	3795	3884	-	0.33
glimmer	contig_149	7	3997	5316	-	1.00
phanotate	contig_149	12	3997	5316	-	1.00
prodigal	contig_149	4	3997	5316	-	1.00
phanotate	contig_149	13	5313	5717	-	0.83
prodigal	contig_149	5	5313	5717	-	0.83
glimmer	contig_149	8	5781	5894	-	0.83
phanotate	contig_149	14	5781	5894	-	0.83
phanotate	contig_149	15	6059	6169	-	0.83
prodigal	contig_149	6	6059	6169	-	0.83
glimmer	contig_149	9	6227	6535	-	1.00
phanotate	contig_149	16	6227	6535	-	1.00
prodigal	contig_149	7	6227	6535	-	1.00
glimmer	contig_149	10	6558	6716	-	0.83
phanotate	contig_149	17	6558	6716	-	0.83
glimmer	contig_149	11	6730	6891	-	1.00
phanotate	contig_149	18	6730	6891	-	1.00
prodigal	contig_149	8	6730	6891	-	1.00
glimmer	contig_149	12	6894	7250	-	0.50
phanotate	contig_149	19	6894	7427	-	0.83
prodigal	contig_149	9	6894	7427	-	0.83
glimmer	contig_149	13	7378	7914	-	1.00
phanotate	contig_149	20	7378	7914	-	1.00
prodigal	contig_149	10	7378	7914	-	1.00
glimmer	contig_149	14	7914	8360	-	1.00
phanotate	contig_149	21	7914	8360	-	1.00
prodigal	contig_149	11	7914	8360	-	1.00
glimmer	contig_149	15	8357	8509	-	0.83
phanotate	contig_149	22	8357	8509	-	0.83
phanotate	contig_149	23	8585	8764	-	0.33
phanotate	contig_149	24	8813	8926	-	0.33
phanotate	contig_149	25	8935	9069	-	0.83
prodigal	contig_149	12	8935	9069	-	0.83
phanotate	contig_149	26	9041	9145	-	0.33
glimmer	contig_149	16	9158	9316	-	0.33
phanotate	contig_149	27	9191	9457	+	0.33
glimmer	contig_149	17	9522	9707	+	0.83
phanotate	contig_149	28	9522	9707	+	0.83
phanotate	contig_149	29	9720	9824	+	0.33
glimmer	contig_149	18	9789	9974	-	0.83
phanotate	contig_149	30	9789	9974	-	0.83
prodigal	contig_149	13	9796	9930	+	0.33
phanotate	contig_149	31	10197	10292	-	0.33
phanotate	contig_149	32	10360	10620	-	0.33
glimmer	contig_149	19	10535	10672	+	0.33
prodigal	contig_149	14	10602	10967	+	0.50
phanotate	contig_149	33	10643	10768	-	0.33
glimmer	contig_149	20	10680	10967	+	0.50
phanotate	contig_149	34	10770	10967	+	0.50
phanotate	contig_149	35	10967	11161	+	0.83
prodigal	contig_149	15	10967	11161	+	0.83
prodigal	contig_149	16	11121	11357	+	0.33
phanotate	contig_149	36	11269	11370	+	0.33
phanotate	contig_149	37	11438	11536	+	0.33
phanotate	contig_149	38	11533	11625	+	0.33
phanotate	contig_149	39	11655	11756	+	0.33
phanotate	contig_149	40	11765	11989	+	0.33
glimmer	contig_149	21	11859	12002	+	0.33
phanotate	contig_149	41	11992	12081	+	0.33
glimmer	contig_149	22	12166	12330	+	0.83
phanotate	contig_149	42	12166	12330	+	0.83
phanotate	contig_149	43	12469	12720	+	0.83
prodigal	contig_149	17	12469	12720	+	0.83
glimmer	contig_149	23	12589	12720	+	0.50
glimmer	contig_149	24	12717	12941	+	1.00
phanotate	contig_149	44	12717	12941	+	1.00
prodigal	contig_149	18	12717	12941	+	1.00
prodigal	contig_149	19	12902	13156	+	0.50
phanotate	contig_149	45	13013	13156	+	0.50
phanotate	contig_149	46	13153	13557	+	0.83
prodigal	contig_149	20	13153	13557	+	0.83
glimmer	contig_149	25	13360	13557	+	0.50
glimmer	contig_149	26	13554	13706	+	1.00
phanotate	contig_149	47	13554	13706	+	1.00
prodigal	contig_149	21	13554	13706	+	1.00
prodigal	contig_149	22	13760	14071	+	0.50
glimmer	contig_149	27	13778	14071	+	0.50
phanotate	contig_149	48	13805	14071	+	0.50
glimmer	contig_149	28	14036	14173	-	0.33
glimmer	contig_149	29	14187	14612	+	1.00
phanotate	contig_149	49	14187	14612	+	1.00
prodigal	contig_149	23	14187	14612	+	1.00
prodigal	contig_149	24	14554	14973	+	0.50
glimmer	contig_149	30	14590	14973	+	0.50
phanotate	contig_149	50	14707	14973	+	0.50
glimmer	contig_149	31	14993	15478	+	1.00
phanotate	contig_149	51	14993	15478	+	1.00
prodigal	contig_149	25	14993	15478	+	1.00
glimmer	contig_149	32	15492	15923	+	1.00
phanotate	contig_149	52	15492	15923	+	1.00
prodigal	contig_149	26	15492	15923	+	1.00
phanotate	contig_149	53	15924	16025	+	0.33
phanotate	contig_149	54	16038	16136	+	0.33
prodigal	contig_149	27	16117	16848	+	0.50
glimmer	contig_149	33	16123	16848	+	0.83
phanotate	contig_149	55	16123	16848	+	0.83
glimmer	contig_149	34	16823	17212	+	0.83
prodigal	contig_149	28	16823	17212	+	0.83
phanotate	contig_149	56	16933	17046	-	0.33
phanotate	contig_149	57	17052	17945	+	0.50
glimmer	contig_149	35	17196	17945	+	0.83
prodigal	contig_149	29	17196	17945	+	0.83
glimmer	contig_149	36	17924	18061	+	1.00
phanotate	contig_149	58	17924	18061	+	1.00
prodigal	contig_149	30	17924	18061	+	1.00
glimmer	contig_149	37	18130	18543	+	0.50
phanotate	contig_149	59	18172	18543	+	0.83
prodigal	contig_149	31	18172	18543	+	0.83
glimmer	contig_149	38	18560	18970	+	0.83
prodigal	contig_149	32	18560	18970	+	0.83
phanotate	contig_149	60	18575	18970	+	0.50
phanotate	contig_149	61	18967	19113	+	0.33
glimmer	contig_149	39	19031	19228	+	0.33
phanotate	contig_149	62	19125	19217	+	0.33

Gene-call Consensus Scores:
Caller glimmer average gene-call score: 0.75
Caller phanotate average gene-call score: 0.63
Caller prodigal average gene-call score: 0.81

***************Unique List
Unique gene call 1
  --  Gene No. 1, gene caller: phanotate, leftEnd: 1, rightEnd: 1965, strand: -, length: 1965, contig: contig_149, protein: unknown, score1: 0.8333333333333333, score2: 0.0
  --  Gene No. 1, gene caller: prodigal, leftEnd: 1, rightEnd: 1965, strand: -, length: 1965, contig: contig_149, protein: unknown, score1: 0.8333333333333333, score2: 0.0
Unique gene call 2
  --  Gene No. 1, gene caller: glimmer, leftEnd: 1940, rightEnd: 2125, strand: -, length: 186, contig: contig_149, protein: unknown, score1: 0.8333333333333333, score2: 0.0
  --  Gene No. 2, gene caller: phanotate, leftEnd: 1940, rightEnd: 2125, strand: -, length: 186, contig: contig_149, protein: unknown, score1: 0.8333333333333333, score2: 0.0
Unique gene call 3
  --  Gene No. 3, gene caller: phanotate, leftEnd: 2132, rightEnd: 2233, strand: -, length: 102, contig: contig_149, protein: unknown, score1: 0.5, score2: 0.0
Unique gene call 4
  --  Gene No. 2, gene caller: glimmer, leftEnd: 2132, rightEnd: 2266, strand: -, length: 135, contig: contig_149, protein: unknown, score1: 0.5, score2: 0.0
Unique gene call 5
  --  Gene No. 4, gene caller: phanotate, leftEnd: 2281, rightEnd: 2475, strand: -, length: 195, contig: contig_149, protein: unknown, score1: 0.3333333333333333, score2: 0.0
Unique gene call 6
  --  Gene No. 3, gene caller: glimmer, leftEnd: 2393, rightEnd: 2737, strand: -, length: 345, contig: contig_149, protein: unknown, score1: 0.8333333333333333, score2: 0.0
  --  Gene No. 2, gene caller: prodigal, leftEnd: 2393, rightEnd: 2737, strand: -, length: 345, contig: contig_149, protein: unknown, score1: 0.8333333333333333, score2: 0.0
Unique gene call 7
  --  Gene No. 5, gene caller: phanotate, leftEnd: 2535, rightEnd: 2804, strand: +, length: 270, contig: contig_149, protein: unknown, score1: 0.3333333333333333, score2: 0.0
Unique gene call 8
  --  Gene No. 6, gene caller: phanotate, leftEnd: 2849, rightEnd: 2950, strand: -, length: 102, contig: contig_149, protein: unknown, score1: 0.3333333333333333, score2: 0.0
Unique gene call 9
  --  Gene No. 4, gene caller: glimmer, leftEnd: 2951, rightEnd: 3070, strand: -, length: 120, contig: contig_149, protein: unknown, score1: 0.8333333333333333, score2: 0.0
  --  Gene No. 7, gene caller: phanotate, leftEnd: 2951, rightEnd: 3070, strand: -, length: 120, contig: contig_149, protein: unknown, score1: 0.8333333333333333, score2: 0.0
Unique gene call 10
  --  Gene No. 5, gene caller: glimmer, leftEnd: 3064, rightEnd: 3240, strand: -, length: 177, contig: contig_149, protein: unknown, score1: 0.8333333333333333, score2: 0.0
  --  Gene No. 8, gene caller: phanotate, leftEnd: 3064, rightEnd: 3240, strand: -, length: 177, contig: contig_149, protein: unknown, score1: 0.8333333333333333, score2: 0.0
Unique gene call 11
  --  Gene No. 9, gene caller: phanotate, leftEnd: 3396, rightEnd: 3506, strand: -, length: 111, contig: contig_149, protein: unknown, score1: 0.3333333333333333, score2: 0.0
Unique gene call 12
  --  Gene No. 6, gene caller: glimmer, leftEnd: 3484, rightEnd: 3798, strand: -, length: 315, contig: contig_149, protein: unknown, score1: 1.0, score2: 0.0
  --  Gene No. 10, gene caller: phanotate, leftEnd: 3484, rightEnd: 3798, strand: -, length: 315, contig: contig_149, protein: unknown, score1: 1.0, score2: 0.0
  --  Gene No. 3, gene caller: prodigal, leftEnd: 3484, rightEnd: 3798, strand: -, length: 315, contig: contig_149, protein: unknown, score1: 1.0, score2: 0.0
Unique gene call 13
  --  Gene No. 11, gene caller: phanotate, leftEnd: 3795, rightEnd: 3884, strand: -, length: 90, contig: contig_149, protein: unknown, score1: 0.3333333333333333, score2: 0.0
Unique gene call 14
  --  Gene No. 7, gene caller: glimmer, leftEnd: 3997, rightEnd: 5316, strand: -, length: 1320, contig: contig_149, protein: unknown, score1: 1.0, score2: 0.0
  --  Gene No. 12, gene caller: phanotate, leftEnd: 3997, rightEnd: 5316, strand: -, length: 1320, contig: contig_149, protein: unknown, score1: 1.0, score2: 0.0
  --  Gene No. 4, gene caller: prodigal, leftEnd: 3997, rightEnd: 5316, strand: -, length: 1320, contig: contig_149, protein: unknown, score1: 1.0, score2: 0.0
Unique gene call 15
  --  Gene No. 13, gene caller: phanotate, leftEnd: 5313, rightEnd: 5717, strand: -, length: 405, contig: contig_149, protein: unknown, score1: 0.8333333333333333, score2: 0.0
  --  Gene No. 5, gene caller: prodigal, leftEnd: 5313, rightEnd: 5717, strand: -, length: 405, contig: contig_149, protein: unknown, score1: 0.8333333333333333, score2: 0.0
Unique gene call 16
  --  Gene No. 8, gene caller: glimmer, leftEnd: 5781, rightEnd: 5894, strand: -, length: 114, contig: contig_149, protein: unknown, score1: 0.8333333333333333, score2: 0.0
  --  Gene No. 14, gene caller: phanotate, leftEnd: 5781, rightEnd: 5894, strand: -, length: 114, contig: contig_149, protein: unknown, score1: 0.8333333333333333, score2: 0.0
Unique gene call 17
  --  Gene No. 15, gene caller: phanotate, leftEnd: 6059, rightEnd: 6169, strand: -, length: 111, contig: contig_149, protein: unknown, score1: 0.8333333333333333, score2: 0.0
  --  Gene No. 6, gene caller: prodigal, leftEnd: 6059, rightEnd: 6169, strand: -, length: 111, contig: contig_149, protein: unknown, score1: 0.8333333333333333, score2: 0.0
Unique gene call 18
  --  Gene No. 9, gene caller: glimmer, leftEnd: 6227, rightEnd: 6535, strand: -, length: 309, contig: contig_149, protein: unknown, score1: 1.0, score2: 0.0
  --  Gene No. 16, gene caller: phanotate, leftEnd: 6227, rightEnd: 6535, strand: -, length: 309, contig: contig_149, protein: unknown, score1: 1.0, score2: 0.0
  --  Gene No. 7, gene caller: prodigal, leftEnd: 6227, rightEnd: 6535, strand: -, length: 309, contig: contig_149, protein: unknown, score1: 1.0, score2: 0.0
Unique gene call 19
  --  Gene No. 10, gene caller: glimmer, leftEnd: 6558, rightEnd: 6716, strand: -, length: 159, contig: contig_149, protein: unknown, score1: 0.8333333333333333, score2: 0.0
  --  Gene No. 17, gene caller: phanotate, leftEnd: 6558, rightEnd: 6716, strand: -, length: 159, contig: contig_149, protein: unknown, score1: 0.8333333333333333, score2: 0.0
Unique gene call 20
  --  Gene No. 11, gene caller: glimmer, leftEnd: 6730, rightEnd: 6891, strand: -, length: 162, contig: contig_149, protein: unknown, score1: 1.0, score2: 0.0
  --  Gene No. 18, gene caller: phanotate, leftEnd: 6730, rightEnd: 6891, strand: -, length: 162, contig: contig_149, protein: unknown, score1: 1.0, score2: 0.0
  --  Gene No. 8, gene caller: prodigal, leftEnd: 6730, rightEnd: 6891, strand: -, length: 162, contig: contig_149, protein: unknown, score1: 1.0, score2: 0.0
Unique gene call 21
  --  Gene No. 12, gene caller: glimmer, leftEnd: 6894, rightEnd: 7250, strand: -, length: 357, contig: contig_149, protein: unknown, score1: 0.5, score2: 0.0
Unique gene call 22
  --  Gene No. 19, gene caller: phanotate, leftEnd: 6894, rightEnd: 7427, strand: -, length: 534, contig: contig_149, protein: unknown, score1: 0.8333333333333333, score2: 0.0
  --  Gene No. 9, gene caller: prodigal, leftEnd: 6894, rightEnd: 7427, strand: -, length: 534, contig: contig_149, protein: unknown, score1: 0.8333333333333333, score2: 0.0
Unique gene call 23
  --  Gene No. 13, gene caller: glimmer, leftEnd: 7378, rightEnd: 7914, strand: -, length: 537, contig: contig_149, protein: unknown, score1: 1.0, score2: 0.0
  --  Gene No. 20, gene caller: phanotate, leftEnd: 7378, rightEnd: 7914, strand: -, length: 537, contig: contig_149, protein: unknown, score1: 1.0, score2: 0.0
  --  Gene No. 10, gene caller: prodigal, leftEnd: 7378, rightEnd: 7914, strand: -, length: 537, contig: contig_149, protein: unknown, score1: 1.0, score2: 0.0
Unique gene call 24
  --  Gene No. 14, gene caller: glimmer, leftEnd: 7914, rightEnd: 8360, strand: -, length: 447, contig: contig_149, protein: unknown, score1: 1.0, score2: 0.0
  --  Gene No. 21, gene caller: phanotate, leftEnd: 7914, rightEnd: 8360, strand: -, length: 447, contig: contig_149, protein: unknown, score1: 1.0, score2: 0.0
  --  Gene No. 11, gene caller: prodigal, leftEnd: 7914, rightEnd: 8360, strand: -, length: 447, contig: contig_149, protein: unknown, score1: 1.0, score2: 0.0
Unique gene call 25
  --  Gene No. 15, gene caller: glimmer, leftEnd: 8357, rightEnd: 8509, strand: -, length: 153, contig: contig_149, protein: unknown, score1: 0.8333333333333333, score2: 0.0
  --  Gene No. 22, gene caller: phanotate, leftEnd: 8357, rightEnd: 8509, strand: -, length: 153, contig: contig_149, protein: unknown, score1: 0.8333333333333333, score2: 0.0
Unique gene call 26
  --  Gene No. 23, gene caller: phanotate, leftEnd: 8585, rightEnd: 8764, strand: -, length: 180, contig: contig_149, protein: unknown, score1: 0.3333333333333333, score2: 0.0
Unique gene call 27
  --  Gene No. 24, gene caller: phanotate, leftEnd: 8813, rightEnd: 8926, strand: -, length: 114, contig: contig_149, protein: unknown, score1: 0.3333333333333333, score2: 0.0
Unique gene call 28
  --  Gene No. 25, gene caller: phanotate, leftEnd: 8935, rightEnd: 9069, strand: -, length: 135, contig: contig_149, protein: unknown, score1: 0.8333333333333333, score2: 0.0
  --  Gene No. 12, gene caller: prodigal, leftEnd: 8935, rightEnd: 9069, strand: -, length: 135, contig: contig_149, protein: unknown, score1: 0.8333333333333333, score2: 0.0
Unique gene call 29
  --  Gene No. 26, gene caller: phanotate, leftEnd: 9041, rightEnd: 9145, strand: -, length: 105, contig: contig_149, protein: unknown, score1: 0.3333333333333333, score2: 0.0
Unique gene call 30
  --  Gene No. 16, gene caller: glimmer, leftEnd: 9158, rightEnd: 9316, strand: -, length: 159, contig: contig_149, protein: unknown, score1: 0.3333333333333333, score2: 0.0
Unique gene call 31
  --  Gene No. 27, gene caller: phanotate, leftEnd: 9191, rightEnd: 9457, strand: +, length: 267, contig: contig_149, protein: unknown, score1: 0.3333333333333333, score2: 0.0
Unique gene call 32
  --  Gene No. 17, gene caller: glimmer, leftEnd: 9522, rightEnd: 9707, strand: +, length: 186, contig: contig_149, protein: unknown, score1: 0.8333333333333333, score2: 0.0
  --  Gene No. 28, gene caller: phanotate, leftEnd: 9522, rightEnd: 9707, strand: +, length: 186, contig: contig_149, protein: unknown, score1: 0.8333333333333333, score2: 0.0
Unique gene call 33
  --  Gene No. 29, gene caller: phanotate, leftEnd: 9720, rightEnd: 9824, strand: +, length: 105, contig: contig_149, protein: unknown, score1: 0.3333333333333333, score2: 0.0
Unique gene call 34
  --  Gene No. 18, gene caller: glimmer, leftEnd: 9789, rightEnd: 9974, strand: -, length: 186, contig: contig_149, protein: unknown, score1: 0.8333333333333333, score2: 0.0
  --  Gene No. 30, gene caller: phanotate, leftEnd: 9789, rightEnd: 9974, strand: -, length: 186, contig: contig_149, protein: unknown, score1: 0.8333333333333333, score2: 0.0
Unique gene call 35
  --  Gene No. 13, gene caller: prodigal, leftEnd: 9796, rightEnd: 9930, strand: +, length: 135, contig: contig_149, protein: unknown, score1: 0.3333333333333333, score2: 0.0
Unique gene call 36
  --  Gene No. 31, gene caller: phanotate, leftEnd: 10197, rightEnd: 10292, strand: -, length: 96, contig: contig_149, protein: unknown, score1: 0.3333333333333333, score2: 0.0
Unique gene call 37
  --  Gene No. 32, gene caller: phanotate, leftEnd: 10360, rightEnd: 10620, strand: -, length: 261, contig: contig_149, protein: unknown, score1: 0.3333333333333333, score2: 0.0
Unique gene call 38
  --  Gene No. 19, gene caller: glimmer, leftEnd: 10535, rightEnd: 10672, strand: +, length: 138, contig: contig_149, protein: unknown, score1: 0.3333333333333333, score2: 0.0
Unique gene call 39
  --  Gene No. 14, gene caller: prodigal, leftEnd: 10602, rightEnd: 10967, strand: +, length: 366, contig: contig_149, protein: unknown, score1: 0.5, score2: 0.0
Unique gene call 40
  --  Gene No. 33, gene caller: phanotate, leftEnd: 10643, rightEnd: 10768, strand: -, length: 126, contig: contig_149, protein: unknown, score1: 0.3333333333333333, score2: 0.0
Unique gene call 41
  --  Gene No. 20, gene caller: glimmer, leftEnd: 10680, rightEnd: 10967, strand: +, length: 288, contig: contig_149, protein: unknown, score1: 0.5, score2: 0.0
Unique gene call 42
  --  Gene No. 34, gene caller: phanotate, leftEnd: 10770, rightEnd: 10967, strand: +, length: 198, contig: contig_149, protein: unknown, score1: 0.5, score2: 0.0
Unique gene call 43
  --  Gene No. 35, gene caller: phanotate, leftEnd: 10967, rightEnd: 11161, strand: +, length: 195, contig: contig_149, protein: unknown, score1: 0.8333333333333333, score2: 0.0
  --  Gene No. 15, gene caller: prodigal, leftEnd: 10967, rightEnd: 11161, strand: +, length: 195, contig: contig_149, protein: unknown, score1: 0.8333333333333333, score2: 0.0
Unique gene call 44
  --  Gene No. 16, gene caller: prodigal, leftEnd: 11121, rightEnd: 11357, strand: +, length: 237, contig: contig_149, protein: unknown, score1: 0.3333333333333333, score2: 0.0
Unique gene call 45
  --  Gene No. 36, gene caller: phanotate, leftEnd: 11269, rightEnd: 11370, strand: +, length: 102, contig: contig_149, protein: unknown, score1: 0.3333333333333333, score2: 0.0
Unique gene call 46
  --  Gene No. 37, gene caller: phanotate, leftEnd: 11438, rightEnd: 11536, strand: +, length: 99, contig: contig_149, protein: unknown, score1: 0.3333333333333333, score2: 0.0
Unique gene call 47
  --  Gene No. 38, gene caller: phanotate, leftEnd: 11533, rightEnd: 11625, strand: +, length: 93, contig: contig_149, protein: unknown, score1: 0.3333333333333333, score2: 0.0
Unique gene call 48
  --  Gene No. 39, gene caller: phanotate, leftEnd: 11655, rightEnd: 11756, strand: +, length: 102, contig: contig_149, protein: unknown, score1: 0.3333333333333333, score2: 0.0
Unique gene call 49
  --  Gene No. 40, gene caller: phanotate, leftEnd: 11765, rightEnd: 11989, strand: +, length: 225, contig: contig_149, protein: unknown, score1: 0.3333333333333333, score2: 0.0
Unique gene call 50
  --  Gene No. 21, gene caller: glimmer, leftEnd: 11859, rightEnd: 12002, strand: +, length: 144, contig: contig_149, protein: unknown, score1: 0.3333333333333333, score2: 0.0
Unique gene call 51
  --  Gene No. 41, gene caller: phanotate, leftEnd: 11992, rightEnd: 12081, strand: +, length: 90, contig: contig_149, protein: unknown, score1: 0.3333333333333333, score2: 0.0
Unique gene call 52
  --  Gene No. 22, gene caller: glimmer, leftEnd: 12166, rightEnd: 12330, strand: +, length: 165, contig: contig_149, protein: unknown, score1: 0.8333333333333333, score2: 0.0
  --  Gene No. 42, gene caller: phanotate, leftEnd: 12166, rightEnd: 12330, strand: +, length: 165, contig: contig_149, protein: unknown, score1: 0.8333333333333333, score2: 0.0
Unique gene call 53
  --  Gene No. 43, gene caller: phanotate, leftEnd: 12469, rightEnd: 12720, strand: +, length: 252, contig: contig_149, protein: unknown, score1: 0.8333333333333333, score2: 0.0
  --  Gene No. 17, gene caller: prodigal, leftEnd: 12469, rightEnd: 12720, strand: +, length: 252, contig: contig_149, protein: unknown, score1: 0.8333333333333333, score2: 0.0
Unique gene call 54
  --  Gene No. 23, gene caller: glimmer, leftEnd: 12589, rightEnd: 12720, strand: +, length: 132, contig: contig_149, protein: unknown, score1: 0.5, score2: 0.0
Unique gene call 55
  --  Gene No. 24, gene caller: glimmer, leftEnd: 12717, rightEnd: 12941, strand: +, length: 225, contig: contig_149, protein: unknown, score1: 1.0, score2: 0.0
  --  Gene No. 44, gene caller: phanotate, leftEnd: 12717, rightEnd: 12941, strand: +, length: 225, contig: contig_149, protein: unknown, score1: 1.0, score2: 0.0
  --  Gene No. 18, gene caller: prodigal, leftEnd: 12717, rightEnd: 12941, strand: +, length: 225, contig: contig_149, protein: unknown, score1: 1.0, score2: 0.0
Unique gene call 56
  --  Gene No. 19, gene caller: prodigal, leftEnd: 12902, rightEnd: 13156, strand: +, length: 255, contig: contig_149, protein: unknown, score1: 0.5, score2: 0.0
Unique gene call 57
  --  Gene No. 45, gene caller: phanotate, leftEnd: 13013, rightEnd: 13156, strand: +, length: 144, contig: contig_149, protein: unknown, score1: 0.5, score2: 0.0
Unique gene call 58
  --  Gene No. 46, gene caller: phanotate, leftEnd: 13153, rightEnd: 13557, strand: +, length: 405, contig: contig_149, protein: unknown, score1: 0.8333333333333333, score2: 0.0
  --  Gene No. 20, gene caller: prodigal, leftEnd: 13153, rightEnd: 13557, strand: +, length: 405, contig: contig_149, protein: unknown, score1: 0.8333333333333333, score2: 0.0
Unique gene call 59
  --  Gene No. 25, gene caller: glimmer, leftEnd: 13360, rightEnd: 13557, strand: +, length: 198, contig: contig_149, protein: unknown, score1: 0.5, score2: 0.0
Unique gene call 60
  --  Gene No. 26, gene caller: glimmer, leftEnd: 13554, rightEnd: 13706, strand: +, length: 153, contig: contig_149, protein: unknown, score1: 1.0, score2: 0.0
  --  Gene No. 47, gene caller: phanotate, leftEnd: 13554, rightEnd: 13706, strand: +, length: 153, contig: contig_149, protein: unknown, score1: 1.0, score2: 0.0
  --  Gene No. 21, gene caller: prodigal, leftEnd: 13554, rightEnd: 13706, strand: +, length: 153, contig: contig_149, protein: unknown, score1: 1.0, score2: 0.0
Unique gene call 61
  --  Gene No. 22, gene caller: prodigal, leftEnd: 13760, rightEnd: 14071, strand: +, length: 312, contig: contig_149, protein: unknown, score1: 0.5, score2: 0.0
Unique gene call 62
  --  Gene No. 27, gene caller: glimmer, leftEnd: 13778, rightEnd: 14071, strand: +, length: 294, contig: contig_149, protein: unknown, score1: 0.5, score2: 0.0
Unique gene call 63
  --  Gene No. 48, gene caller: phanotate, leftEnd: 13805, rightEnd: 14071, strand: +, length: 267, contig: contig_149, protein: unknown, score1: 0.5, score2: 0.0
Unique gene call 64
  --  Gene No. 28, gene caller: glimmer, leftEnd: 14036, rightEnd: 14173, strand: -, length: 138, contig: contig_149, protein: unknown, score1: 0.3333333333333333, score2: 0.0
Unique gene call 65
  --  Gene No. 29, gene caller: glimmer, leftEnd: 14187, rightEnd: 14612, strand: +, length: 426, contig: contig_149, protein: unknown, score1: 1.0, score2: 0.0
  --  Gene No. 49, gene caller: phanotate, leftEnd: 14187, rightEnd: 14612, strand: +, length: 426, contig: contig_149, protein: unknown, score1: 1.0, score2: 0.0
  --  Gene No. 23, gene caller: prodigal, leftEnd: 14187, rightEnd: 14612, strand: +, length: 426, contig: contig_149, protein: unknown, score1: 1.0, score2: 0.0
Unique gene call 66
  --  Gene No. 24, gene caller: prodigal, leftEnd: 14554, rightEnd: 14973, strand: +, length: 420, contig: contig_149, protein: unknown, score1: 0.5, score2: 0.0
Unique gene call 67
  --  Gene No. 30, gene caller: glimmer, leftEnd: 14590, rightEnd: 14973, strand: +, length: 384, contig: contig_149, protein: unknown, score1: 0.5, score2: 0.0
Unique gene call 68
  --  Gene No. 50, gene caller: phanotate, leftEnd: 14707, rightEnd: 14973, strand: +, length: 267, contig: contig_149, protein: unknown, score1: 0.5, score2: 0.0
Unique gene call 69
  --  Gene No. 31, gene caller: glimmer, leftEnd: 14993, rightEnd: 15478, strand: +, length: 486, contig: contig_149, protein: unknown, score1: 1.0, score2: 0.0
  --  Gene No. 51, gene caller: phanotate, leftEnd: 14993, rightEnd: 15478, strand: +, length: 486, contig: contig_149, protein: unknown, score1: 1.0, score2: 0.0
  --  Gene No. 25, gene caller: prodigal, leftEnd: 14993, rightEnd: 15478, strand: +, length: 486, contig: contig_149, protein: unknown, score1: 1.0, score2: 0.0
Unique gene call 70
  --  Gene No. 32, gene caller: glimmer, leftEnd: 15492, rightEnd: 15923, strand: +, length: 432, contig: contig_149, protein: unknown, score1: 1.0, score2: 0.0
  --  Gene No. 52, gene caller: phanotate, leftEnd: 15492, rightEnd: 15923, strand: +, length: 432, contig: contig_149, protein: unknown, score1: 1.0, score2: 0.0
  --  Gene No. 26, gene caller: prodigal, leftEnd: 15492, rightEnd: 15923, strand: +, length: 432, contig: contig_149, protein: unknown, score1: 1.0, score2: 0.0
Unique gene call 71
  --  Gene No. 53, gene caller: phanotate, leftEnd: 15924, rightEnd: 16025, strand: +, length: 102, contig: contig_149, protein: unknown, score1: 0.3333333333333333, score2: 0.0
Unique gene call 72
  --  Gene No. 54, gene caller: phanotate, leftEnd: 16038, rightEnd: 16136, strand: +, length: 99, contig: contig_149, protein: unknown, score1: 0.3333333333333333, score2: 0.0
Unique gene call 73
  --  Gene No. 27, gene caller: prodigal, leftEnd: 16117, rightEnd: 16848, strand: +, length: 732, contig: contig_149, protein: unknown, score1: 0.5, score2: 0.0
Unique gene call 74
  --  Gene No. 33, gene caller: glimmer, leftEnd: 16123, rightEnd: 16848, strand: +, length: 726, contig: contig_149, protein: unknown, score1: 0.8333333333333333, score2: 0.0
  --  Gene No. 55, gene caller: phanotate, leftEnd: 16123, rightEnd: 16848, strand: +, length: 726, contig: contig_149, protein: unknown, score1: 0.8333333333333333, score2: 0.0
Unique gene call 75
  --  Gene No. 34, gene caller: glimmer, leftEnd: 16823, rightEnd: 17212, strand: +, length: 390, contig: contig_149, protein: unknown, score1: 0.8333333333333333, score2: 0.0
  --  Gene No. 28, gene caller: prodigal, leftEnd: 16823, rightEnd: 17212, strand: +, length: 390, contig: contig_149, protein: unknown, score1: 0.8333333333333333, score2: 0.0
Unique gene call 76
  --  Gene No. 56, gene caller: phanotate, leftEnd: 16933, rightEnd: 17046, strand: -, length: 114, contig: contig_149, protein: unknown, score1: 0.3333333333333333, score2: 0.0
Unique gene call 77
  --  Gene No. 57, gene caller: phanotate, leftEnd: 17052, rightEnd: 17945, strand: +, length: 894, contig: contig_149, protein: unknown, score1: 0.5, score2: 0.0
Unique gene call 78
  --  Gene No. 35, gene caller: glimmer, leftEnd: 17196, rightEnd: 17945, strand: +, length: 750, contig: contig_149, protein: unknown, score1: 0.8333333333333333, score2: 0.0
  --  Gene No. 29, gene caller: prodigal, leftEnd: 17196, rightEnd: 17945, strand: +, length: 750, contig: contig_149, protein: unknown, score1: 0.8333333333333333, score2: 0.0
Unique gene call 79
  --  Gene No. 36, gene caller: glimmer, leftEnd: 17924, rightEnd: 18061, strand: +, length: 138, contig: contig_149, protein: unknown, score1: 1.0, score2: 0.0
  --  Gene No. 58, gene caller: phanotate, leftEnd: 17924, rightEnd: 18061, strand: +, length: 138, contig: contig_149, protein: unknown, score1: 1.0, score2: 0.0
  --  Gene No. 30, gene caller: prodigal, leftEnd: 17924, rightEnd: 18061, strand: +, length: 138, contig: contig_149, protein: unknown, score1: 1.0, score2: 0.0
Unique gene call 80
  --  Gene No. 37, gene caller: glimmer, leftEnd: 18130, rightEnd: 18543, strand: +, length: 414, contig: contig_149, protein: unknown, score1: 0.5, score2: 0.0
Unique gene call 81
  --  Gene No. 59, gene caller: phanotate, leftEnd: 18172, rightEnd: 18543, strand: +, length: 372, contig: contig_149, protein: unknown, score1: 0.8333333333333333, score2: 0.0
  --  Gene No. 31, gene caller: prodigal, leftEnd: 18172, rightEnd: 18543, strand: +, length: 372, contig: contig_149, protein: unknown, score1: 0.8333333333333333, score2: 0.0
Unique gene call 82
  --  Gene No. 38, gene caller: glimmer, leftEnd: 18560, rightEnd: 18970, strand: +, length: 411, contig: contig_149, protein: unknown, score1: 0.8333333333333333, score2: 0.0
  --  Gene No. 32, gene caller: prodigal, leftEnd: 18560, rightEnd: 18970, strand: +, length: 411, contig: contig_149, protein: unknown, score1: 0.8333333333333333, score2: 0.0
Unique gene call 83
  --  Gene No. 60, gene caller: phanotate, leftEnd: 18575, rightEnd: 18970, strand: +, length: 396, contig: contig_149, protein: unknown, score1: 0.5, score2: 0.0
Unique gene call 84
  --  Gene No. 61, gene caller: phanotate, leftEnd: 18967, rightEnd: 19113, strand: +, length: 147, contig: contig_149, protein: unknown, score1: 0.3333333333333333, score2: 0.0
Unique gene call 85
  --  Gene No. 39, gene caller: glimmer, leftEnd: 19031, rightEnd: 19228, strand: +, length: 198, contig: contig_149, protein: unknown, score1: 0.3333333333333333, score2: 0.0
Unique gene call 86
  --  Gene No. 62, gene caller: phanotate, leftEnd: 19125, rightEnd: 19217, strand: +, length: 93, contig: contig_149, protein: unknown, score1: 0.3333333333333333, score2: 0.0
Code complete at 2021-04-21 09:22:28.461421
