Opening log at 2021-04-21 09:15:36.837577
Iterating through fileSet at 2021-04-21 09:15:36.837976
fileSet is ['/home/james/Software/multiPhATE2/PipelineOutput/contig_1752/commoncore.cgc', '/home/james/Software/multiPhATE2/PipelineOutput/contig_1752/consensus.cgc', '/home/james/Software/multiPhATE2/PipelineOutput/contig_1752/glimmer.cgc', '/home/james/Software/multiPhATE2/PipelineOutput/contig_1752/phanotate.cgc', '/home/james/Software/multiPhATE2/PipelineOutput/contig_1752/prodigal.cgc', '/home/james/Software/multiPhATE2/PipelineOutput/contig_1752/superset.cgc']
Opening geneFile /home/james/Software/multiPhATE2/PipelineOutput/contig_1752/commoncore.cgc
Adding calls from geneFile /home/james/Software/multiPhATE2/PipelineOutput/contig_1752/commoncore.cgc
Appending call set  number of calls is: 0
Opening geneFile /home/james/Software/multiPhATE2/PipelineOutput/contig_1752/consensus.cgc
Adding calls from geneFile /home/james/Software/multiPhATE2/PipelineOutput/contig_1752/consensus.cgc
Appending call set  number of calls is: 0
Opening geneFile /home/james/Software/multiPhATE2/PipelineOutput/contig_1752/glimmer.cgc
Adding calls from geneFile /home/james/Software/multiPhATE2/PipelineOutput/contig_1752/glimmer.cgc
Appending call set  number of calls is: 4
Opening geneFile /home/james/Software/multiPhATE2/PipelineOutput/contig_1752/phanotate.cgc
Adding calls from geneFile /home/james/Software/multiPhATE2/PipelineOutput/contig_1752/phanotate.cgc
Appending call set  number of calls is: 5
Opening geneFile /home/james/Software/multiPhATE2/PipelineOutput/contig_1752/prodigal.cgc
Adding calls from geneFile /home/james/Software/multiPhATE2/PipelineOutput/contig_1752/prodigal.cgc
Appending call set  number of calls is: 4
Opening geneFile /home/james/Software/multiPhATE2/PipelineOutput/contig_1752/superset.cgc
Adding calls from geneFile /home/james/Software/multiPhATE2/PipelineOutput/contig_1752/superset.cgc
Appending call set  number of calls is: 0
All call sets have been added to caller list. Number of call sets in callerList: 6
callerList is   glimmer phanotate prodigal  
Total number of gene calls across callerList call sets is: 13
Sorting gene calls for each caller
Processing a callSet
Before sorting, Length of callerList for caller  is 0
After sorting, Length of callerList for caller  is 0
Processing a callSet
Before sorting, Length of callerList for caller  is 0
After sorting, Length of callerList for caller  is 0
Processing a callSet
Before sorting, Length of callerList for caller glimmer is 4
After sorting, Length of callerList for caller glimmer is 4
Processing a callSet
Before sorting, Length of callerList for caller phanotate is 5
After sorting, Length of callerList for caller phanotate is 5
Processing a callSet
Before sorting, Length of callerList for caller prodigal is 4
After sorting, Length of callerList for caller prodigal is 4
Processing a callSet
Before sorting, Length of callerList for caller  is 0
After sorting, Length of callerList for caller  is 0
callSet processing complete
Comparing across the call sets...
Merging the geneCall sets....
Final merged genes:

***************Merge List
1	Gene No. 2, gene caller: glimmer, leftEnd: 11, rightEnd: 805, strand: +, length: 795, contig: contig_1752, protein: unknown, score1: 1.0, score2: 0.0
2	Gene No. 1, gene caller: phanotate, leftEnd: 11, rightEnd: 805, strand: +, length: 795, contig: contig_1752, protein: unknown, score1: 1.0, score2: 0.0
3	Gene No. 1, gene caller: prodigal, leftEnd: 11, rightEnd: 805, strand: +, length: 795, contig: contig_1752, protein: unknown, score1: 1.0, score2: 0.0
4	Gene No. 3, gene caller: glimmer, leftEnd: 805, rightEnd: 1146, strand: +, length: 342, contig: contig_1752, protein: unknown, score1: 1.0, score2: 0.0
5	Gene No. 2, gene caller: phanotate, leftEnd: 805, rightEnd: 1146, strand: +, length: 342, contig: contig_1752, protein: unknown, score1: 1.0, score2: 0.0
6	Gene No. 2, gene caller: prodigal, leftEnd: 805, rightEnd: 1146, strand: +, length: 342, contig: contig_1752, protein: unknown, score1: 1.0, score2: 0.0
7	Gene No. 4, gene caller: glimmer, leftEnd: 1279, rightEnd: 1488, strand: +, length: 210, contig: contig_1752, protein: unknown, score1: 1.0, score2: 0.0
8	Gene No. 3, gene caller: phanotate, leftEnd: 1279, rightEnd: 1488, strand: +, length: 210, contig: contig_1752, protein: unknown, score1: 1.0, score2: 0.0
9	Gene No. 5, gene caller: glimmer, leftEnd: 1557, rightEnd: 1856, strand: +, length: 300, contig: contig_1752, protein: unknown, score1: 1.0, score2: 0.0
10	Gene No. 4, gene caller: phanotate, leftEnd: 1557, rightEnd: 1856, strand: +, length: 300, contig: contig_1752, protein: unknown, score1: 1.0, score2: 0.0
11	Gene No. 3, gene caller: prodigal, leftEnd: 1557, rightEnd: 1856, strand: +, length: 300, contig: contig_1752, protein: unknown, score1: 1.0, score2: 0.0
12	Gene No. 5, gene caller: phanotate, leftEnd: 1856, rightEnd: 2050, strand: +, length: 195, contig: contig_1752, protein: unknown, score1: 1.0, score2: 0.0
13	Gene No. 4, gene caller: prodigal, leftEnd: 1856, rightEnd: 2050, strand: +, length: 195, contig: contig_1752, protein: unknown, score1: 1.0, score2: 0.0
Comparing across geneCall sets....
Scoring gene calls....
Identifying common core...
This is the Common Core List:

***************Common Core
CC-gene 1	Gene No. 1, gene caller: All_callers, leftEnd: 11, rightEnd: 805, strand: +, length: 795, contig: contig_1752, protein: unknown, score1: 1.0, score2: 0.0
CC-gene 2	Gene No. 1, gene caller: All_callers, leftEnd: 805, rightEnd: 1146, strand: +, length: 342, contig: contig_1752, protein: unknown, score1: 1.0, score2: 0.0
CC-gene 3	Gene No. 1, gene caller: All_callers, leftEnd: 1557, rightEnd: 1856, strand: +, length: 300, contig: contig_1752, protein: unknown, score1: 1.0, score2: 0.0
Printing gene-call superset, consensus, and common_core in GFF and CGC formats
Printing report....
The following gene callers were considered: glimmer, phanotate, prodigal, The number of distinct gene calls over all gene callers is 5
The number of gene calls in common among all callers is 3
The number of unique (non-matching) gene calls is0
Caller glimmer produced 4 gene calls.
Caller glimmer gene-call length stats:  min: 210, max: 795, ave: 411.75
Caller phanotate produced 5 gene calls.
Caller phanotate gene-call length stats:  min: 195, max: 795, ave: 368.4
Caller prodigal produced 4 gene calls.
Caller prodigal gene-call length stats:  min: 195, max: 795, ave: 408.0

Gene-call Scores:
Caller	Contig	Gene No.	Left End	Right End	Strand	gcScore
glimmer	contig_1752	2	11	805	+	1.00
phanotate	contig_1752	1	11	805	+	1.00
prodigal	contig_1752	1	11	805	+	1.00
glimmer	contig_1752	3	805	1146	+	1.00
phanotate	contig_1752	2	805	1146	+	1.00
prodigal	contig_1752	2	805	1146	+	1.00
glimmer	contig_1752	4	1279	1488	+	0.83
phanotate	contig_1752	3	1279	1488	+	0.83
glimmer	contig_1752	5	1557	1856	+	1.00
phanotate	contig_1752	4	1557	1856	+	1.00
prodigal	contig_1752	3	1557	1856	+	1.00
phanotate	contig_1752	5	1856	2050	+	0.83
prodigal	contig_1752	4	1856	2050	+	0.83

Gene-call Consensus Scores:
Caller glimmer average gene-call score: 0.96
Caller phanotate average gene-call score: 0.93
Caller prodigal average gene-call score: 0.96

***************Unique List
Unique gene call 1
  --  Gene No. 2, gene caller: glimmer, leftEnd: 11, rightEnd: 805, strand: +, length: 795, contig: contig_1752, protein: unknown, score1: 1.0, score2: 0.0
  --  Gene No. 1, gene caller: phanotate, leftEnd: 11, rightEnd: 805, strand: +, length: 795, contig: contig_1752, protein: unknown, score1: 1.0, score2: 0.0
  --  Gene No. 1, gene caller: prodigal, leftEnd: 11, rightEnd: 805, strand: +, length: 795, contig: contig_1752, protein: unknown, score1: 1.0, score2: 0.0
Unique gene call 2
  --  Gene No. 3, gene caller: glimmer, leftEnd: 805, rightEnd: 1146, strand: +, length: 342, contig: contig_1752, protein: unknown, score1: 1.0, score2: 0.0
  --  Gene No. 2, gene caller: phanotate, leftEnd: 805, rightEnd: 1146, strand: +, length: 342, contig: contig_1752, protein: unknown, score1: 1.0, score2: 0.0
  --  Gene No. 2, gene caller: prodigal, leftEnd: 805, rightEnd: 1146, strand: +, length: 342, contig: contig_1752, protein: unknown, score1: 1.0, score2: 0.0
Unique gene call 3
  --  Gene No. 4, gene caller: glimmer, leftEnd: 1279, rightEnd: 1488, strand: +, length: 210, contig: contig_1752, protein: unknown, score1: 0.8333333333333333, score2: 0.0
  --  Gene No. 3, gene caller: phanotate, leftEnd: 1279, rightEnd: 1488, strand: +, length: 210, contig: contig_1752, protein: unknown, score1: 0.8333333333333333, score2: 0.0
Unique gene call 4
  --  Gene No. 5, gene caller: glimmer, leftEnd: 1557, rightEnd: 1856, strand: +, length: 300, contig: contig_1752, protein: unknown, score1: 1.0, score2: 0.0
  --  Gene No. 4, gene caller: phanotate, leftEnd: 1557, rightEnd: 1856, strand: +, length: 300, contig: contig_1752, protein: unknown, score1: 1.0, score2: 0.0
  --  Gene No. 3, gene caller: prodigal, leftEnd: 1557, rightEnd: 1856, strand: +, length: 300, contig: contig_1752, protein: unknown, score1: 1.0, score2: 0.0
Unique gene call 5
  --  Gene No. 5, gene caller: phanotate, leftEnd: 1856, rightEnd: 2050, strand: +, length: 195, contig: contig_1752, protein: unknown, score1: 0.8333333333333333, score2: 0.0
  --  Gene No. 4, gene caller: prodigal, leftEnd: 1856, rightEnd: 2050, strand: +, length: 195, contig: contig_1752, protein: unknown, score1: 0.8333333333333333, score2: 0.0
Code complete at 2021-04-21 09:15:36.845126
