Opening log at 2021-04-21 09:42:43.972357
Iterating through fileSet at 2021-04-21 09:42:43.972503
fileSet is ['/home/james/Software/multiPhATE2/PipelineOutput/contig_628/commoncore.cgc', '/home/james/Software/multiPhATE2/PipelineOutput/contig_628/consensus.cgc', '/home/james/Software/multiPhATE2/PipelineOutput/contig_628/glimmer.cgc', '/home/james/Software/multiPhATE2/PipelineOutput/contig_628/phanotate.cgc', '/home/james/Software/multiPhATE2/PipelineOutput/contig_628/prodigal.cgc', '/home/james/Software/multiPhATE2/PipelineOutput/contig_628/superset.cgc']
Opening geneFile /home/james/Software/multiPhATE2/PipelineOutput/contig_628/commoncore.cgc
Adding calls from geneFile /home/james/Software/multiPhATE2/PipelineOutput/contig_628/commoncore.cgc
Appending call set  number of calls is: 0
Opening geneFile /home/james/Software/multiPhATE2/PipelineOutput/contig_628/consensus.cgc
Adding calls from geneFile /home/james/Software/multiPhATE2/PipelineOutput/contig_628/consensus.cgc
Appending call set  number of calls is: 0
Opening geneFile /home/james/Software/multiPhATE2/PipelineOutput/contig_628/glimmer.cgc
Adding calls from geneFile /home/james/Software/multiPhATE2/PipelineOutput/contig_628/glimmer.cgc
Appending call set  number of calls is: 8
Opening geneFile /home/james/Software/multiPhATE2/PipelineOutput/contig_628/phanotate.cgc
Adding calls from geneFile /home/james/Software/multiPhATE2/PipelineOutput/contig_628/phanotate.cgc
Appending call set  number of calls is: 9
Opening geneFile /home/james/Software/multiPhATE2/PipelineOutput/contig_628/prodigal.cgc
Adding calls from geneFile /home/james/Software/multiPhATE2/PipelineOutput/contig_628/prodigal.cgc
Appending call set  number of calls is: 8
Opening geneFile /home/james/Software/multiPhATE2/PipelineOutput/contig_628/superset.cgc
Adding calls from geneFile /home/james/Software/multiPhATE2/PipelineOutput/contig_628/superset.cgc
Appending call set  number of calls is: 0
All call sets have been added to caller list. Number of call sets in callerList: 6
callerList is   glimmer phanotate prodigal  
Total number of gene calls across callerList call sets is: 25
Sorting gene calls for each caller
Processing a callSet
Before sorting, Length of callerList for caller  is 0
After sorting, Length of callerList for caller  is 0
Processing a callSet
Before sorting, Length of callerList for caller  is 0
After sorting, Length of callerList for caller  is 0
Processing a callSet
Before sorting, Length of callerList for caller glimmer is 8
After sorting, Length of callerList for caller glimmer is 8
Processing a callSet
Before sorting, Length of callerList for caller phanotate is 9
After sorting, Length of callerList for caller phanotate is 9
Processing a callSet
Before sorting, Length of callerList for caller prodigal is 8
After sorting, Length of callerList for caller prodigal is 8
Processing a callSet
Before sorting, Length of callerList for caller  is 0
After sorting, Length of callerList for caller  is 0
callSet processing complete
Comparing across the call sets...
Merging the geneCall sets....
Final merged genes:

***************Merge List
1	Gene No. 1, gene caller: phanotate, leftEnd: 1, rightEnd: 444, strand: +, length: 444, contig: contig_628, protein: unknown, score1: 1.0, score2: 0.0
2	Gene No. 1, gene caller: prodigal, leftEnd: 1, rightEnd: 444, strand: +, length: 444, contig: contig_628, protein: unknown, score1: 1.0, score2: 0.0
3	Gene No. 1, gene caller: glimmer, leftEnd: 79, rightEnd: 444, strand: +, length: 366, contig: contig_628, protein: unknown, score1: 1.0, score2: 0.0
4	Gene No. 2, gene caller: glimmer, leftEnd: 558, rightEnd: 983, strand: +, length: 426, contig: contig_628, protein: unknown, score1: 1.0, score2: 0.0
5	Gene No. 2, gene caller: phanotate, leftEnd: 558, rightEnd: 983, strand: +, length: 426, contig: contig_628, protein: unknown, score1: 1.0, score2: 0.0
6	Gene No. 2, gene caller: prodigal, leftEnd: 558, rightEnd: 983, strand: +, length: 426, contig: contig_628, protein: unknown, score1: 1.0, score2: 0.0
7	Gene No. 3, gene caller: glimmer, leftEnd: 980, rightEnd: 1405, strand: +, length: 426, contig: contig_628, protein: unknown, score1: 1.0, score2: 0.0
8	Gene No. 3, gene caller: phanotate, leftEnd: 980, rightEnd: 1405, strand: +, length: 426, contig: contig_628, protein: unknown, score1: 1.0, score2: 0.0
9	Gene No. 3, gene caller: prodigal, leftEnd: 980, rightEnd: 1405, strand: +, length: 426, contig: contig_628, protein: unknown, score1: 1.0, score2: 0.0
10	Gene No. 4, gene caller: glimmer, leftEnd: 1486, rightEnd: 1974, strand: +, length: 489, contig: contig_628, protein: unknown, score1: 1.0, score2: 0.0
11	Gene No. 4, gene caller: phanotate, leftEnd: 1486, rightEnd: 1974, strand: +, length: 489, contig: contig_628, protein: unknown, score1: 1.0, score2: 0.0
12	Gene No. 4, gene caller: prodigal, leftEnd: 1486, rightEnd: 1974, strand: +, length: 489, contig: contig_628, protein: unknown, score1: 1.0, score2: 0.0
13	Gene No. 5, gene caller: glimmer, leftEnd: 1977, rightEnd: 2372, strand: +, length: 396, contig: contig_628, protein: unknown, score1: 1.0, score2: 0.0
14	Gene No. 5, gene caller: phanotate, leftEnd: 1977, rightEnd: 2372, strand: +, length: 396, contig: contig_628, protein: unknown, score1: 1.0, score2: 0.0
15	Gene No. 5, gene caller: prodigal, leftEnd: 1977, rightEnd: 2372, strand: +, length: 396, contig: contig_628, protein: unknown, score1: 1.0, score2: 0.0
16	Gene No. 6, gene caller: glimmer, leftEnd: 2393, rightEnd: 2725, strand: +, length: 333, contig: contig_628, protein: unknown, score1: 1.0, score2: 0.0
17	Gene No. 6, gene caller: phanotate, leftEnd: 2393, rightEnd: 2725, strand: +, length: 333, contig: contig_628, protein: unknown, score1: 1.0, score2: 0.0
18	Gene No. 6, gene caller: prodigal, leftEnd: 2393, rightEnd: 2725, strand: +, length: 333, contig: contig_628, protein: unknown, score1: 1.0, score2: 0.0
19	Gene No. 7, gene caller: phanotate, leftEnd: 2795, rightEnd: 3292, strand: +, length: 498, contig: contig_628, protein: unknown, score1: 1.0, score2: 0.0
20	Gene No. 7, gene caller: prodigal, leftEnd: 2795, rightEnd: 3292, strand: +, length: 498, contig: contig_628, protein: unknown, score1: 1.0, score2: 0.0
21	Gene No. 7, gene caller: glimmer, leftEnd: 2813, rightEnd: 3292, strand: +, length: 480, contig: contig_628, protein: unknown, score1: 1.0, score2: 0.0
22	Gene No. 8, gene caller: phanotate, leftEnd: 3354, rightEnd: 3458, strand: -, length: 105, contig: contig_628, protein: unknown, score1: 1.0, score2: 0.0
23	Gene No. 8, gene caller: glimmer, leftEnd: 3424, rightEnd: 4032, strand: -, length: 609, contig: contig_628, protein: unknown, score1: 1.0, score2: 0.0
24	Gene No. 9, gene caller: phanotate, leftEnd: 3424, rightEnd: 4116, strand: -, length: 693, contig: contig_628, protein: unknown, score1: 1.0, score2: 0.0
25	Gene No. 8, gene caller: prodigal, leftEnd: 3424, rightEnd: 4116, strand: -, length: 693, contig: contig_628, protein: unknown, score1: 1.0, score2: 0.0
Comparing across geneCall sets....
Scoring gene calls....
Identifying common core...
This is the Common Core List:

***************Common Core
CC-gene 1	Gene No. 1, gene caller: All_callers, leftEnd: 558, rightEnd: 983, strand: +, length: 426, contig: contig_628, protein: unknown, score1: 1.0, score2: 0.0
CC-gene 2	Gene No. 1, gene caller: All_callers, leftEnd: 980, rightEnd: 1405, strand: +, length: 426, contig: contig_628, protein: unknown, score1: 1.0, score2: 0.0
CC-gene 3	Gene No. 1, gene caller: All_callers, leftEnd: 1486, rightEnd: 1974, strand: +, length: 489, contig: contig_628, protein: unknown, score1: 1.0, score2: 0.0
CC-gene 4	Gene No. 1, gene caller: All_callers, leftEnd: 1977, rightEnd: 2372, strand: +, length: 396, contig: contig_628, protein: unknown, score1: 1.0, score2: 0.0
CC-gene 5	Gene No. 1, gene caller: All_callers, leftEnd: 2393, rightEnd: 2725, strand: +, length: 333, contig: contig_628, protein: unknown, score1: 1.0, score2: 0.0
Printing gene-call superset, consensus, and common_core in GFF and CGC formats
Printing report....
The following gene callers were considered: glimmer, phanotate, prodigal, The number of distinct gene calls over all gene callers is 12
The number of gene calls in common among all callers is 5
The number of unique (non-matching) gene calls is4
Caller glimmer produced 8 gene calls.
Caller glimmer gene-call length stats:  min: 333, max: 609, ave: 440.625
Caller phanotate produced 9 gene calls.
Caller phanotate gene-call length stats:  min: 105, max: 693, ave: 423.3333333333333
Caller prodigal produced 8 gene calls.
Caller prodigal gene-call length stats:  min: 333, max: 693, ave: 463.125

Gene-call Scores:
Caller	Contig	Gene No.	Left End	Right End	Strand	gcScore
phanotate	contig_628	1	1	444	+	0.83
prodigal	contig_628	1	1	444	+	0.83
glimmer	contig_628	1	79	444	+	0.50
glimmer	contig_628	2	558	983	+	1.00
phanotate	contig_628	2	558	983	+	1.00
prodigal	contig_628	2	558	983	+	1.00
glimmer	contig_628	3	980	1405	+	1.00
phanotate	contig_628	3	980	1405	+	1.00
prodigal	contig_628	3	980	1405	+	1.00
glimmer	contig_628	4	1486	1974	+	1.00
phanotate	contig_628	4	1486	1974	+	1.00
prodigal	contig_628	4	1486	1974	+	1.00
glimmer	contig_628	5	1977	2372	+	1.00
phanotate	contig_628	5	1977	2372	+	1.00
prodigal	contig_628	5	1977	2372	+	1.00
glimmer	contig_628	6	2393	2725	+	1.00
phanotate	contig_628	6	2393	2725	+	1.00
prodigal	contig_628	6	2393	2725	+	1.00
phanotate	contig_628	7	2795	3292	+	0.83
prodigal	contig_628	7	2795	3292	+	0.83
glimmer	contig_628	7	2813	3292	+	0.50
phanotate	contig_628	8	3354	3458	-	0.33
glimmer	contig_628	8	3424	4032	-	0.50
phanotate	contig_628	9	3424	4116	-	0.83
prodigal	contig_628	8	3424	4116	-	0.83

Gene-call Consensus Scores:
Caller glimmer average gene-call score: 0.81
Caller phanotate average gene-call score: 0.87
Caller prodigal average gene-call score: 0.94

***************Unique List
Unique gene call 1
  --  Gene No. 1, gene caller: phanotate, leftEnd: 1, rightEnd: 444, strand: +, length: 444, contig: contig_628, protein: unknown, score1: 0.8333333333333333, score2: 0.0
  --  Gene No. 1, gene caller: prodigal, leftEnd: 1, rightEnd: 444, strand: +, length: 444, contig: contig_628, protein: unknown, score1: 0.8333333333333333, score2: 0.0
Unique gene call 2
  --  Gene No. 1, gene caller: glimmer, leftEnd: 79, rightEnd: 444, strand: +, length: 366, contig: contig_628, protein: unknown, score1: 0.5, score2: 0.0
Unique gene call 3
  --  Gene No. 2, gene caller: glimmer, leftEnd: 558, rightEnd: 983, strand: +, length: 426, contig: contig_628, protein: unknown, score1: 1.0, score2: 0.0
  --  Gene No. 2, gene caller: phanotate, leftEnd: 558, rightEnd: 983, strand: +, length: 426, contig: contig_628, protein: unknown, score1: 1.0, score2: 0.0
  --  Gene No. 2, gene caller: prodigal, leftEnd: 558, rightEnd: 983, strand: +, length: 426, contig: contig_628, protein: unknown, score1: 1.0, score2: 0.0
Unique gene call 4
  --  Gene No. 3, gene caller: glimmer, leftEnd: 980, rightEnd: 1405, strand: +, length: 426, contig: contig_628, protein: unknown, score1: 1.0, score2: 0.0
  --  Gene No. 3, gene caller: phanotate, leftEnd: 980, rightEnd: 1405, strand: +, length: 426, contig: contig_628, protein: unknown, score1: 1.0, score2: 0.0
  --  Gene No. 3, gene caller: prodigal, leftEnd: 980, rightEnd: 1405, strand: +, length: 426, contig: contig_628, protein: unknown, score1: 1.0, score2: 0.0
Unique gene call 5
  --  Gene No. 4, gene caller: glimmer, leftEnd: 1486, rightEnd: 1974, strand: +, length: 489, contig: contig_628, protein: unknown, score1: 1.0, score2: 0.0
  --  Gene No. 4, gene caller: phanotate, leftEnd: 1486, rightEnd: 1974, strand: +, length: 489, contig: contig_628, protein: unknown, score1: 1.0, score2: 0.0
  --  Gene No. 4, gene caller: prodigal, leftEnd: 1486, rightEnd: 1974, strand: +, length: 489, contig: contig_628, protein: unknown, score1: 1.0, score2: 0.0
Unique gene call 6
  --  Gene No. 5, gene caller: glimmer, leftEnd: 1977, rightEnd: 2372, strand: +, length: 396, contig: contig_628, protein: unknown, score1: 1.0, score2: 0.0
  --  Gene No. 5, gene caller: phanotate, leftEnd: 1977, rightEnd: 2372, strand: +, length: 396, contig: contig_628, protein: unknown, score1: 1.0, score2: 0.0
  --  Gene No. 5, gene caller: prodigal, leftEnd: 1977, rightEnd: 2372, strand: +, length: 396, contig: contig_628, protein: unknown, score1: 1.0, score2: 0.0
Unique gene call 7
  --  Gene No. 6, gene caller: glimmer, leftEnd: 2393, rightEnd: 2725, strand: +, length: 333, contig: contig_628, protein: unknown, score1: 1.0, score2: 0.0
  --  Gene No. 6, gene caller: phanotate, leftEnd: 2393, rightEnd: 2725, strand: +, length: 333, contig: contig_628, protein: unknown, score1: 1.0, score2: 0.0
  --  Gene No. 6, gene caller: prodigal, leftEnd: 2393, rightEnd: 2725, strand: +, length: 333, contig: contig_628, protein: unknown, score1: 1.0, score2: 0.0
Unique gene call 8
  --  Gene No. 7, gene caller: phanotate, leftEnd: 2795, rightEnd: 3292, strand: +, length: 498, contig: contig_628, protein: unknown, score1: 0.8333333333333333, score2: 0.0
  --  Gene No. 7, gene caller: prodigal, leftEnd: 2795, rightEnd: 3292, strand: +, length: 498, contig: contig_628, protein: unknown, score1: 0.8333333333333333, score2: 0.0
Unique gene call 9
  --  Gene No. 7, gene caller: glimmer, leftEnd: 2813, rightEnd: 3292, strand: +, length: 480, contig: contig_628, protein: unknown, score1: 0.5, score2: 0.0
Unique gene call 10
  --  Gene No. 8, gene caller: phanotate, leftEnd: 3354, rightEnd: 3458, strand: -, length: 105, contig: contig_628, protein: unknown, score1: 0.3333333333333333, score2: 0.0
Unique gene call 11
  --  Gene No. 8, gene caller: glimmer, leftEnd: 3424, rightEnd: 4032, strand: -, length: 609, contig: contig_628, protein: unknown, score1: 0.5, score2: 0.0
Unique gene call 12
  --  Gene No. 9, gene caller: phanotate, leftEnd: 3424, rightEnd: 4116, strand: -, length: 693, contig: contig_628, protein: unknown, score1: 0.8333333333333333, score2: 0.0
  --  Gene No. 8, gene caller: prodigal, leftEnd: 3424, rightEnd: 4116, strand: -, length: 693, contig: contig_628, protein: unknown, score1: 0.8333333333333333, score2: 0.0
Code complete at 2021-04-21 09:42:43.977201
