Discrepancy Report Results

Summary
FATAL: MISSING_PROTEIN_ID:12 proteins have invalid IDs.
DISC_SOURCE_QUALS_ASNDISC:strain (all present, all unique)
DISC_SOURCE_QUALS_ASNDISC:taxname (all present, all unique)
DISC_FEATURE_COUNT:CDS: 12 present
DISC_COUNT_NUCLEOTIDES:1 nucleotide Bioseqs are present
FEATURE_LOCATION_CONFLICT:12 features have inconsistent gene locations.
DISC_QUALITY_SCORES:Quality scores are missing on all sequences.
ONCALLER_COMMENT_PRESENT:1 comment descriptors were found (all same)
MISSING_GENOMEASSEMBLY_COMMENTS:1 bioseqs are missing GenomeAssembly structured comments
MOLTYPE_NOT_MRNA:1 molecule types are not set as mRNA.
TECHNIQUE_NOT_TSA:1 technique are not set as TSA
MISSING_STRUCTURED_COMMENT:1 sequences do not include structured comments.
MISSING_PROJECT:13 sequences do not include project.
DISC_INCONSISTENT_MOLINFO_TECH:Molinfo Technique Report (some missing, all same)


Detailed Report

FATAL: DiscRep_ALL:MISSING_PROTEIN_ID::12 proteins have invalid IDs.
prokkaJAAOBB010000010.1/JAAOBB010000010.1:JAAOBB010000010.1_1 (length 230)
prokkaJAAOBB010000010.1/JAAOBB010000010.1:JAAOBB010000010.1_2 (length 973)
prokkaJAAOBB010000010.1/JAAOBB010000010.1:JAAOBB010000010.1_3 (length 141)
prokkaJAAOBB010000010.1/JAAOBB010000010.1:JAAOBB010000010.1_4 (length 160)
prokkaJAAOBB010000010.1/JAAOBB010000010.1:JAAOBB010000010.1_5 (length 475)
prokkaJAAOBB010000010.1/JAAOBB010000010.1:JAAOBB010000010.1_6 (length 135)
prokkaJAAOBB010000010.1/JAAOBB010000010.1:JAAOBB010000010.1_7 (length 146)
prokkaJAAOBB010000010.1/JAAOBB010000010.1:JAAOBB010000010.1_8 (length 122)
prokkaJAAOBB010000010.1/JAAOBB010000010.1:JAAOBB010000010.1_9 (length 119)
prokkaJAAOBB010000010.1/JAAOBB010000010.1:JAAOBB010000010.1_10 (length 338)
prokkaJAAOBB010000010.1/JAAOBB010000010.1:JAAOBB010000010.1_11 (length 196)
prokkaJAAOBB010000010.1/JAAOBB010000010.1:JAAOBB010000010.1_12 (length 118)

DiscRep_ALL:DISC_SOURCE_QUALS_ASNDISC::strain (all present, all unique)
DiscRep_SUB:DISC_SOURCE_QUALS_ASNDISC::1 sources have unique values for strain
DiscRep_ALL:DISC_SOURCE_QUALS_ASNDISC::taxname (all present, all unique)
DiscRep_SUB:DISC_SOURCE_QUALS_ASNDISC::1 sources have unique values for taxname
DiscRep_ALL:DISC_FEATURE_COUNT::CDS: 12 present
DiscRep_ALL:DISC_COUNT_NUCLEOTIDES::1 nucleotide Bioseqs are present
prokkaJAAOBB010000010.1/JAAOBB010000010.1:JAAOBB010000010.1 (length 10483)

DiscRep_ALL:FEATURE_LOCATION_CONFLICT::12 features have inconsistent gene locations.
DiscRep_SUB:FEATURE_LOCATION_CONFLICT::Coding region xref gene does not exist
prokkaJAAOBB010000010.1/JAAOBB010000010.1:CDS	hypothetical protein	JAAOBB010000010.1:c1181-489	JANOIEMM_00001

DiscRep_SUB:FEATURE_LOCATION_CONFLICT::Coding region xref gene does not exist
prokkaJAAOBB010000010.1/JAAOBB010000010.1:CDS	hypothetical protein	JAAOBB010000010.1:c4114-1193	JANOIEMM_00002

DiscRep_SUB:FEATURE_LOCATION_CONFLICT::Coding region xref gene does not exist
prokkaJAAOBB010000010.1/JAAOBB010000010.1:CDS	hypothetical protein	JAAOBB010000010.1:c4733-4308	JANOIEMM_00003

DiscRep_SUB:FEATURE_LOCATION_CONFLICT::Coding region xref gene does not exist
prokkaJAAOBB010000010.1/JAAOBB010000010.1:CDS	Phage-like element PBSX protein XkdM	JAAOBB010000010.1:c5230-4748	JANOIEMM_00004

DiscRep_SUB:FEATURE_LOCATION_CONFLICT::Coding region xref gene does not exist
prokkaJAAOBB010000010.1/JAAOBB010000010.1:CDS	hypothetical protein	JAAOBB010000010.1:c6675-5248	JANOIEMM_00005

DiscRep_SUB:FEATURE_LOCATION_CONFLICT::Coding region xref gene does not exist
prokkaJAAOBB010000010.1/JAAOBB010000010.1:CDS	hypothetical protein	JAAOBB010000010.1:c7083-6676	JANOIEMM_00006

DiscRep_SUB:FEATURE_LOCATION_CONFLICT::Coding region xref gene does not exist
prokkaJAAOBB010000010.1/JAAOBB010000010.1:CDS	hypothetical protein	JAAOBB010000010.1:c7520-7080	JANOIEMM_00007

DiscRep_SUB:FEATURE_LOCATION_CONFLICT::Coding region xref gene does not exist
prokkaJAAOBB010000010.1/JAAOBB010000010.1:CDS	hypothetical protein	JAAOBB010000010.1:c7885-7517	JANOIEMM_00008

DiscRep_SUB:FEATURE_LOCATION_CONFLICT::Coding region xref gene does not exist
prokkaJAAOBB010000010.1/JAAOBB010000010.1:CDS	hypothetical protein	JAAOBB010000010.1:c8241-7882	JANOIEMM_00009

DiscRep_SUB:FEATURE_LOCATION_CONFLICT::Coding region xref gene does not exist
prokkaJAAOBB010000010.1/JAAOBB010000010.1:CDS	hypothetical protein	JAAOBB010000010.1:c9260-8244	JANOIEMM_00010

DiscRep_SUB:FEATURE_LOCATION_CONFLICT::Coding region xref gene does not exist
prokkaJAAOBB010000010.1/JAAOBB010000010.1:CDS	hypothetical protein	JAAOBB010000010.1:c9850-9260	JANOIEMM_00011

DiscRep_SUB:FEATURE_LOCATION_CONFLICT::Coding region xref gene does not exist
prokkaJAAOBB010000010.1/JAAOBB010000010.1:CDS	hypothetical protein	JAAOBB010000010.1:c10315-9959	JANOIEMM_00012

DiscRep_ALL:DISC_QUALITY_SCORES::Quality scores are missing on all sequences.

DiscRep_ALL:ONCALLER_COMMENT_PRESENT::1 comment descriptors were found (all same)
prokkaJAAOBB010000010.1/JAAOBB010000010.1:JAAOBB010000010.1:Annotated using prokka 1.14.6 from https://github.com/tseemann/prokka

DiscRep_ALL:MISSING_GENOMEASSEMBLY_COMMENTS::1 bioseqs are missing GenomeAssembly structured comments
prokkaJAAOBB010000010.1/JAAOBB010000010.1:JAAOBB010000010.1 (length 10483)

DiscRep_ALL:MOLTYPE_NOT_MRNA::1 molecule types are not set as mRNA.
prokkaJAAOBB010000010.1/JAAOBB010000010.1:JAAOBB010000010.1 (length 10483)

DiscRep_ALL:TECHNIQUE_NOT_TSA::1 technique are not set as TSA
prokkaJAAOBB010000010.1/JAAOBB010000010.1:JAAOBB010000010.1 (length 10483)

DiscRep_ALL:MISSING_STRUCTURED_COMMENT::1 sequences do not include structured comments.
prokkaJAAOBB010000010.1/JAAOBB010000010.1:JAAOBB010000010.1 (length 10483)

DiscRep_ALL:MISSING_PROJECT::13 sequences do not include project.
prokkaJAAOBB010000010.1/JAAOBB010000010.1:JAAOBB010000010.1 (length 10483)
prokkaJAAOBB010000010.1/JAAOBB010000010.1:JAAOBB010000010.1_1 (length 230)
prokkaJAAOBB010000010.1/JAAOBB010000010.1:JAAOBB010000010.1_2 (length 973)
prokkaJAAOBB010000010.1/JAAOBB010000010.1:JAAOBB010000010.1_3 (length 141)
prokkaJAAOBB010000010.1/JAAOBB010000010.1:JAAOBB010000010.1_4 (length 160)
prokkaJAAOBB010000010.1/JAAOBB010000010.1:JAAOBB010000010.1_5 (length 475)
prokkaJAAOBB010000010.1/JAAOBB010000010.1:JAAOBB010000010.1_6 (length 135)
prokkaJAAOBB010000010.1/JAAOBB010000010.1:JAAOBB010000010.1_7 (length 146)
prokkaJAAOBB010000010.1/JAAOBB010000010.1:JAAOBB010000010.1_8 (length 122)
prokkaJAAOBB010000010.1/JAAOBB010000010.1:JAAOBB010000010.1_9 (length 119)
prokkaJAAOBB010000010.1/JAAOBB010000010.1:JAAOBB010000010.1_10 (length 338)
prokkaJAAOBB010000010.1/JAAOBB010000010.1:JAAOBB010000010.1_11 (length 196)
prokkaJAAOBB010000010.1/JAAOBB010000010.1:JAAOBB010000010.1_12 (length 118)

DiscRep_ALL:DISC_INCONSISTENT_MOLINFO_TECH::Molinfo Technique Report (some missing, all same)
DiscRep_SUB:DISC_INCONSISTENT_MOLINFO_TECH::technique (all missing)
DiscRep_SUB:DISC_INCONSISTENT_MOLINFO_TECH::1 Molinfos are missing field technique
prokkaJAAOBB010000010.1/JAAOBB010000010.1:JAAOBB010000010.1 (length 10483)

