Discrepancy Report Results

Summary
DISC_PROTEIN_NAMES:All proteins have same name "hypothetical protein"
FATAL: MISSING_PROTEIN_ID:16 proteins have invalid IDs.
DISC_SOURCE_QUALS_ASNDISC:strain (all present, all unique)
DISC_SOURCE_QUALS_ASNDISC:taxname (all present, all unique)
DISC_FEATURE_COUNT:CDS: 16 present
DISC_COUNT_NUCLEOTIDES:1 nucleotide Bioseqs are present
FEATURE_LOCATION_CONFLICT:16 features have inconsistent gene locations.
DISC_QUALITY_SCORES:Quality scores are missing on all sequences.
ONCALLER_COMMENT_PRESENT:1 comment descriptors were found (all same)
MISSING_GENOMEASSEMBLY_COMMENTS:1 bioseqs are missing GenomeAssembly structured comments
MOLTYPE_NOT_MRNA:1 molecule types are not set as mRNA.
TECHNIQUE_NOT_TSA:1 technique are not set as TSA
MISSING_STRUCTURED_COMMENT:1 sequences do not include structured comments.
MISSING_PROJECT:17 sequences do not include project.
DISC_INCONSISTENT_MOLINFO_TECH:Molinfo Technique Report (some missing, all same)


Detailed Report

DiscRep_ALL:DISC_PROTEIN_NAMES::All proteins have same name "hypothetical protein"

FATAL: DiscRep_ALL:MISSING_PROTEIN_ID::16 proteins have invalid IDs.
prokkaJAAOBB010000117.1/JAAOBB010000117.1:JAAOBB010000117.1_1 (length 418)
prokkaJAAOBB010000117.1/JAAOBB010000117.1:JAAOBB010000117.1_2 (length 124)
prokkaJAAOBB010000117.1/JAAOBB010000117.1:JAAOBB010000117.1_3 (length 593)
prokkaJAAOBB010000117.1/JAAOBB010000117.1:JAAOBB010000117.1_4 (length 710)
prokkaJAAOBB010000117.1/JAAOBB010000117.1:JAAOBB010000117.1_5 (length 310)
prokkaJAAOBB010000117.1/JAAOBB010000117.1:JAAOBB010000117.1_6 (length 258)
prokkaJAAOBB010000117.1/JAAOBB010000117.1:JAAOBB010000117.1_7 (length 216)
prokkaJAAOBB010000117.1/JAAOBB010000117.1:JAAOBB010000117.1_8 (length 79)
prokkaJAAOBB010000117.1/JAAOBB010000117.1:JAAOBB010000117.1_9 (length 55)
prokkaJAAOBB010000117.1/JAAOBB010000117.1:JAAOBB010000117.1_10 (length 449)
prokkaJAAOBB010000117.1/JAAOBB010000117.1:JAAOBB010000117.1_11 (length 420)
prokkaJAAOBB010000117.1/JAAOBB010000117.1:JAAOBB010000117.1_12 (length 350)
prokkaJAAOBB010000117.1/JAAOBB010000117.1:JAAOBB010000117.1_13 (length 171)
prokkaJAAOBB010000117.1/JAAOBB010000117.1:JAAOBB010000117.1_14 (length 248)
prokkaJAAOBB010000117.1/JAAOBB010000117.1:JAAOBB010000117.1_15 (length 114)
prokkaJAAOBB010000117.1/JAAOBB010000117.1:JAAOBB010000117.1_16 (length 111)

DiscRep_ALL:DISC_SOURCE_QUALS_ASNDISC::strain (all present, all unique)
DiscRep_SUB:DISC_SOURCE_QUALS_ASNDISC::1 sources have unique values for strain
DiscRep_ALL:DISC_SOURCE_QUALS_ASNDISC::taxname (all present, all unique)
DiscRep_SUB:DISC_SOURCE_QUALS_ASNDISC::1 sources have unique values for taxname
DiscRep_ALL:DISC_FEATURE_COUNT::CDS: 16 present
DiscRep_ALL:DISC_COUNT_NUCLEOTIDES::1 nucleotide Bioseqs are present
prokkaJAAOBB010000117.1/JAAOBB010000117.1:JAAOBB010000117.1 (length 14388)

DiscRep_ALL:FEATURE_LOCATION_CONFLICT::16 features have inconsistent gene locations.
DiscRep_SUB:FEATURE_LOCATION_CONFLICT::Coding region xref gene does not exist
prokkaJAAOBB010000117.1/JAAOBB010000117.1:CDS	hypothetical protein	JAAOBB010000117.1:40-1296	PPKMEMJM_00001

DiscRep_SUB:FEATURE_LOCATION_CONFLICT::Coding region xref gene does not exist
prokkaJAAOBB010000117.1/JAAOBB010000117.1:CDS	hypothetical protein	JAAOBB010000117.1:1476-1850	PPKMEMJM_00002

DiscRep_SUB:FEATURE_LOCATION_CONFLICT::Coding region xref gene does not exist
prokkaJAAOBB010000117.1/JAAOBB010000117.1:CDS	hypothetical protein	JAAOBB010000117.1:1864-3645	PPKMEMJM_00003

DiscRep_SUB:FEATURE_LOCATION_CONFLICT::Coding region xref gene does not exist
prokkaJAAOBB010000117.1/JAAOBB010000117.1:CDS	hypothetical protein	JAAOBB010000117.1:3723-5855	PPKMEMJM_00004

DiscRep_SUB:FEATURE_LOCATION_CONFLICT::Coding region xref gene does not exist
prokkaJAAOBB010000117.1/JAAOBB010000117.1:CDS	hypothetical protein	JAAOBB010000117.1:5857-6789	PPKMEMJM_00005

DiscRep_SUB:FEATURE_LOCATION_CONFLICT::Coding region xref gene does not exist
prokkaJAAOBB010000117.1/JAAOBB010000117.1:CDS	hypothetical protein	JAAOBB010000117.1:6782-7558	PPKMEMJM_00006

DiscRep_SUB:FEATURE_LOCATION_CONFLICT::Coding region xref gene does not exist
prokkaJAAOBB010000117.1/JAAOBB010000117.1:CDS	hypothetical protein	JAAOBB010000117.1:7552-8202	PPKMEMJM_00007

DiscRep_SUB:FEATURE_LOCATION_CONFLICT::Coding region xref gene does not exist
prokkaJAAOBB010000117.1/JAAOBB010000117.1:CDS	hypothetical protein	JAAOBB010000117.1:8215-8454	PPKMEMJM_00008

DiscRep_SUB:FEATURE_LOCATION_CONFLICT::Coding region xref gene does not exist
prokkaJAAOBB010000117.1/JAAOBB010000117.1:CDS	hypothetical protein	JAAOBB010000117.1:8444-8611	PPKMEMJM_00009

DiscRep_SUB:FEATURE_LOCATION_CONFLICT::Coding region xref gene does not exist
prokkaJAAOBB010000117.1/JAAOBB010000117.1:CDS	hypothetical protein	JAAOBB010000117.1:8604-9953	PPKMEMJM_00010

DiscRep_SUB:FEATURE_LOCATION_CONFLICT::Coding region xref gene does not exist
prokkaJAAOBB010000117.1/JAAOBB010000117.1:CDS	hypothetical protein	JAAOBB010000117.1:9950-11212	PPKMEMJM_00011

DiscRep_SUB:FEATURE_LOCATION_CONFLICT::Coding region xref gene does not exist
prokkaJAAOBB010000117.1/JAAOBB010000117.1:CDS	hypothetical protein	JAAOBB010000117.1:11215-12267	PPKMEMJM_00012

DiscRep_SUB:FEATURE_LOCATION_CONFLICT::Coding region xref gene does not exist
prokkaJAAOBB010000117.1/JAAOBB010000117.1:CDS	hypothetical protein	JAAOBB010000117.1:12277-12792	PPKMEMJM_00013

DiscRep_SUB:FEATURE_LOCATION_CONFLICT::Coding region xref gene does not exist
prokkaJAAOBB010000117.1/JAAOBB010000117.1:CDS	hypothetical protein	JAAOBB010000117.1:12779-13525	PPKMEMJM_00014

DiscRep_SUB:FEATURE_LOCATION_CONFLICT::Coding region xref gene does not exist
prokkaJAAOBB010000117.1/JAAOBB010000117.1:CDS	hypothetical protein	JAAOBB010000117.1:c13906-13562	PPKMEMJM_00015

DiscRep_SUB:FEATURE_LOCATION_CONFLICT::Coding region xref gene does not exist
prokkaJAAOBB010000117.1/JAAOBB010000117.1:CDS	hypothetical protein	JAAOBB010000117.1:c14295-13960	PPKMEMJM_00016

DiscRep_ALL:DISC_QUALITY_SCORES::Quality scores are missing on all sequences.

DiscRep_ALL:ONCALLER_COMMENT_PRESENT::1 comment descriptors were found (all same)
prokkaJAAOBB010000117.1/JAAOBB010000117.1:JAAOBB010000117.1:Annotated using prokka 1.14.6 from https://github.com/tseemann/prokka

DiscRep_ALL:MISSING_GENOMEASSEMBLY_COMMENTS::1 bioseqs are missing GenomeAssembly structured comments
prokkaJAAOBB010000117.1/JAAOBB010000117.1:JAAOBB010000117.1 (length 14388)

DiscRep_ALL:MOLTYPE_NOT_MRNA::1 molecule types are not set as mRNA.
prokkaJAAOBB010000117.1/JAAOBB010000117.1:JAAOBB010000117.1 (length 14388)

DiscRep_ALL:TECHNIQUE_NOT_TSA::1 technique are not set as TSA
prokkaJAAOBB010000117.1/JAAOBB010000117.1:JAAOBB010000117.1 (length 14388)

DiscRep_ALL:MISSING_STRUCTURED_COMMENT::1 sequences do not include structured comments.
prokkaJAAOBB010000117.1/JAAOBB010000117.1:JAAOBB010000117.1 (length 14388)

DiscRep_ALL:MISSING_PROJECT::17 sequences do not include project.
prokkaJAAOBB010000117.1/JAAOBB010000117.1:JAAOBB010000117.1 (length 14388)
prokkaJAAOBB010000117.1/JAAOBB010000117.1:JAAOBB010000117.1_1 (length 418)
prokkaJAAOBB010000117.1/JAAOBB010000117.1:JAAOBB010000117.1_2 (length 124)
prokkaJAAOBB010000117.1/JAAOBB010000117.1:JAAOBB010000117.1_3 (length 593)
prokkaJAAOBB010000117.1/JAAOBB010000117.1:JAAOBB010000117.1_4 (length 710)
prokkaJAAOBB010000117.1/JAAOBB010000117.1:JAAOBB010000117.1_5 (length 310)
prokkaJAAOBB010000117.1/JAAOBB010000117.1:JAAOBB010000117.1_6 (length 258)
prokkaJAAOBB010000117.1/JAAOBB010000117.1:JAAOBB010000117.1_7 (length 216)
prokkaJAAOBB010000117.1/JAAOBB010000117.1:JAAOBB010000117.1_8 (length 79)
prokkaJAAOBB010000117.1/JAAOBB010000117.1:JAAOBB010000117.1_9 (length 55)
prokkaJAAOBB010000117.1/JAAOBB010000117.1:JAAOBB010000117.1_10 (length 449)
prokkaJAAOBB010000117.1/JAAOBB010000117.1:JAAOBB010000117.1_11 (length 420)
prokkaJAAOBB010000117.1/JAAOBB010000117.1:JAAOBB010000117.1_12 (length 350)
prokkaJAAOBB010000117.1/JAAOBB010000117.1:JAAOBB010000117.1_13 (length 171)
prokkaJAAOBB010000117.1/JAAOBB010000117.1:JAAOBB010000117.1_14 (length 248)
prokkaJAAOBB010000117.1/JAAOBB010000117.1:JAAOBB010000117.1_15 (length 114)
prokkaJAAOBB010000117.1/JAAOBB010000117.1:JAAOBB010000117.1_16 (length 111)

DiscRep_ALL:DISC_INCONSISTENT_MOLINFO_TECH::Molinfo Technique Report (some missing, all same)
DiscRep_SUB:DISC_INCONSISTENT_MOLINFO_TECH::technique (all missing)
DiscRep_SUB:DISC_INCONSISTENT_MOLINFO_TECH::1 Molinfos are missing field technique
prokkaJAAOBB010000117.1/JAAOBB010000117.1:JAAOBB010000117.1 (length 14388)

