Opening log at 2021-04-21 09:35:11.834882
Iterating through fileSet at 2021-04-21 09:35:11.835041
fileSet is ['/home/james/Software/multiPhATE2/PipelineOutput/contig_2343/commoncore.cgc', '/home/james/Software/multiPhATE2/PipelineOutput/contig_2343/consensus.cgc', '/home/james/Software/multiPhATE2/PipelineOutput/contig_2343/glimmer.cgc', '/home/james/Software/multiPhATE2/PipelineOutput/contig_2343/phanotate.cgc', '/home/james/Software/multiPhATE2/PipelineOutput/contig_2343/prodigal.cgc', '/home/james/Software/multiPhATE2/PipelineOutput/contig_2343/superset.cgc']
Opening geneFile /home/james/Software/multiPhATE2/PipelineOutput/contig_2343/commoncore.cgc
Adding calls from geneFile /home/james/Software/multiPhATE2/PipelineOutput/contig_2343/commoncore.cgc
Appending call set  number of calls is: 0
Opening geneFile /home/james/Software/multiPhATE2/PipelineOutput/contig_2343/consensus.cgc
Adding calls from geneFile /home/james/Software/multiPhATE2/PipelineOutput/contig_2343/consensus.cgc
Appending call set  number of calls is: 0
Opening geneFile /home/james/Software/multiPhATE2/PipelineOutput/contig_2343/glimmer.cgc
Adding calls from geneFile /home/james/Software/multiPhATE2/PipelineOutput/contig_2343/glimmer.cgc
Appending call set  number of calls is: 13
Opening geneFile /home/james/Software/multiPhATE2/PipelineOutput/contig_2343/phanotate.cgc
Adding calls from geneFile /home/james/Software/multiPhATE2/PipelineOutput/contig_2343/phanotate.cgc
Appending call set  number of calls is: 19
Opening geneFile /home/james/Software/multiPhATE2/PipelineOutput/contig_2343/prodigal.cgc
Adding calls from geneFile /home/james/Software/multiPhATE2/PipelineOutput/contig_2343/prodigal.cgc
Appending call set  number of calls is: 16
Opening geneFile /home/james/Software/multiPhATE2/PipelineOutput/contig_2343/superset.cgc
Adding calls from geneFile /home/james/Software/multiPhATE2/PipelineOutput/contig_2343/superset.cgc
Appending call set  number of calls is: 0
All call sets have been added to caller list. Number of call sets in callerList: 6
callerList is   glimmer phanotate prodigal  
Total number of gene calls across callerList call sets is: 48
Sorting gene calls for each caller
Processing a callSet
Before sorting, Length of callerList for caller  is 0
After sorting, Length of callerList for caller  is 0
Processing a callSet
Before sorting, Length of callerList for caller  is 0
After sorting, Length of callerList for caller  is 0
Processing a callSet
Before sorting, Length of callerList for caller glimmer is 13
After sorting, Length of callerList for caller glimmer is 13
Processing a callSet
Before sorting, Length of callerList for caller phanotate is 19
After sorting, Length of callerList for caller phanotate is 19
Processing a callSet
Before sorting, Length of callerList for caller prodigal is 16
After sorting, Length of callerList for caller prodigal is 16
Processing a callSet
Before sorting, Length of callerList for caller  is 0
After sorting, Length of callerList for caller  is 0
callSet processing complete
Comparing across the call sets...
Merging the geneCall sets....
Final merged genes:

***************Merge List
1	Gene No. 1, gene caller: phanotate, leftEnd: 3, rightEnd: 233, strand: -, length: 231, contig: contig_2343, protein: unknown, score1: 1.0, score2: 0.0
2	Gene No. 1, gene caller: prodigal, leftEnd: 3, rightEnd: 233, strand: -, length: 231, contig: contig_2343, protein: unknown, score1: 1.0, score2: 0.0
3	Gene No. 2, gene caller: glimmer, leftEnd: 230, rightEnd: 661, strand: -, length: 432, contig: contig_2343, protein: unknown, score1: 1.0, score2: 0.0
4	Gene No. 2, gene caller: phanotate, leftEnd: 230, rightEnd: 661, strand: -, length: 432, contig: contig_2343, protein: unknown, score1: 1.0, score2: 0.0
5	Gene No. 2, gene caller: prodigal, leftEnd: 230, rightEnd: 661, strand: -, length: 432, contig: contig_2343, protein: unknown, score1: 1.0, score2: 0.0
6	Gene No. 3, gene caller: phanotate, leftEnd: 664, rightEnd: 786, strand: -, length: 123, contig: contig_2343, protein: unknown, score1: 1.0, score2: 0.0
7	Gene No. 3, gene caller: glimmer, leftEnd: 664, rightEnd: 807, strand: -, length: 144, contig: contig_2343, protein: unknown, score1: 1.0, score2: 0.0
8	Gene No. 3, gene caller: prodigal, leftEnd: 664, rightEnd: 807, strand: -, length: 144, contig: contig_2343, protein: unknown, score1: 1.0, score2: 0.0
9	Gene No. 4, gene caller: glimmer, leftEnd: 811, rightEnd: 1197, strand: -, length: 387, contig: contig_2343, protein: unknown, score1: 1.0, score2: 0.0
10	Gene No. 4, gene caller: phanotate, leftEnd: 811, rightEnd: 1197, strand: -, length: 387, contig: contig_2343, protein: unknown, score1: 1.0, score2: 0.0
11	Gene No. 4, gene caller: prodigal, leftEnd: 811, rightEnd: 1197, strand: -, length: 387, contig: contig_2343, protein: unknown, score1: 1.0, score2: 0.0
12	Gene No. 5, gene caller: glimmer, leftEnd: 1208, rightEnd: 1918, strand: -, length: 711, contig: contig_2343, protein: unknown, score1: 1.0, score2: 0.0
13	Gene No. 5, gene caller: phanotate, leftEnd: 1208, rightEnd: 1918, strand: -, length: 711, contig: contig_2343, protein: unknown, score1: 1.0, score2: 0.0
14	Gene No. 5, gene caller: prodigal, leftEnd: 1208, rightEnd: 1918, strand: -, length: 711, contig: contig_2343, protein: unknown, score1: 1.0, score2: 0.0
15	Gene No. 6, gene caller: glimmer, leftEnd: 1961, rightEnd: 2479, strand: -, length: 519, contig: contig_2343, protein: unknown, score1: 1.0, score2: 0.0
16	Gene No. 6, gene caller: phanotate, leftEnd: 1961, rightEnd: 2479, strand: -, length: 519, contig: contig_2343, protein: unknown, score1: 1.0, score2: 0.0
17	Gene No. 6, gene caller: prodigal, leftEnd: 1961, rightEnd: 2479, strand: -, length: 519, contig: contig_2343, protein: unknown, score1: 1.0, score2: 0.0
18	Gene No. 7, gene caller: glimmer, leftEnd: 2492, rightEnd: 2728, strand: -, length: 237, contig: contig_2343, protein: unknown, score1: 1.0, score2: 0.0
19	Gene No. 7, gene caller: phanotate, leftEnd: 2492, rightEnd: 2728, strand: -, length: 237, contig: contig_2343, protein: unknown, score1: 1.0, score2: 0.0
20	Gene No. 7, gene caller: prodigal, leftEnd: 2492, rightEnd: 2728, strand: -, length: 237, contig: contig_2343, protein: unknown, score1: 1.0, score2: 0.0
21	Gene No. 8, gene caller: glimmer, leftEnd: 2738, rightEnd: 2950, strand: -, length: 213, contig: contig_2343, protein: unknown, score1: 1.0, score2: 0.0
22	Gene No. 8, gene caller: phanotate, leftEnd: 2738, rightEnd: 2950, strand: -, length: 213, contig: contig_2343, protein: unknown, score1: 1.0, score2: 0.0
23	Gene No. 8, gene caller: prodigal, leftEnd: 2738, rightEnd: 2950, strand: -, length: 213, contig: contig_2343, protein: unknown, score1: 1.0, score2: 0.0
24	Gene No. 9, gene caller: phanotate, leftEnd: 3018, rightEnd: 3263, strand: -, length: 246, contig: contig_2343, protein: unknown, score1: 1.0, score2: 0.0
25	Gene No. 9, gene caller: glimmer, leftEnd: 3018, rightEnd: 3347, strand: -, length: 330, contig: contig_2343, protein: unknown, score1: 1.0, score2: 0.0
26	Gene No. 9, gene caller: prodigal, leftEnd: 3018, rightEnd: 3347, strand: -, length: 330, contig: contig_2343, protein: unknown, score1: 1.0, score2: 0.0
27	Gene No. 10, gene caller: phanotate, leftEnd: 3322, rightEnd: 3429, strand: +, length: 108, contig: contig_2343, protein: unknown, score1: 1.0, score2: 0.0
28	Gene No. 11, gene caller: phanotate, leftEnd: 3451, rightEnd: 3582, strand: -, length: 132, contig: contig_2343, protein: unknown, score1: 1.0, score2: 0.0
29	Gene No. 10, gene caller: glimmer, leftEnd: 3695, rightEnd: 4315, strand: +, length: 621, contig: contig_2343, protein: unknown, score1: 1.0, score2: 0.0
30	Gene No. 12, gene caller: phanotate, leftEnd: 3695, rightEnd: 4315, strand: +, length: 621, contig: contig_2343, protein: unknown, score1: 1.0, score2: 0.0
31	Gene No. 10, gene caller: prodigal, leftEnd: 3695, rightEnd: 4315, strand: +, length: 621, contig: contig_2343, protein: unknown, score1: 1.0, score2: 0.0
32	Gene No. 11, gene caller: prodigal, leftEnd: 4254, rightEnd: 4394, strand: -, length: 141, contig: contig_2343, protein: unknown, score1: 1.0, score2: 0.0
33	Gene No. 13, gene caller: phanotate, leftEnd: 4356, rightEnd: 4481, strand: +, length: 126, contig: contig_2343, protein: unknown, score1: 1.0, score2: 0.0
34	Gene No. 14, gene caller: phanotate, leftEnd: 4503, rightEnd: 4610, strand: -, length: 108, contig: contig_2343, protein: unknown, score1: 1.0, score2: 0.0
35	Gene No. 11, gene caller: glimmer, leftEnd: 4585, rightEnd: 4914, strand: +, length: 330, contig: contig_2343, protein: unknown, score1: 1.0, score2: 0.0
36	Gene No. 12, gene caller: prodigal, leftEnd: 4585, rightEnd: 4914, strand: +, length: 330, contig: contig_2343, protein: unknown, score1: 1.0, score2: 0.0
37	Gene No. 15, gene caller: phanotate, leftEnd: 4669, rightEnd: 4914, strand: +, length: 246, contig: contig_2343, protein: unknown, score1: 1.0, score2: 0.0
38	Gene No. 12, gene caller: glimmer, leftEnd: 4982, rightEnd: 5194, strand: +, length: 213, contig: contig_2343, protein: unknown, score1: 1.0, score2: 0.0
39	Gene No. 16, gene caller: phanotate, leftEnd: 4982, rightEnd: 5194, strand: +, length: 213, contig: contig_2343, protein: unknown, score1: 1.0, score2: 0.0
40	Gene No. 13, gene caller: prodigal, leftEnd: 4982, rightEnd: 5194, strand: +, length: 213, contig: contig_2343, protein: unknown, score1: 1.0, score2: 0.0
41	Gene No. 13, gene caller: glimmer, leftEnd: 5204, rightEnd: 5440, strand: +, length: 237, contig: contig_2343, protein: unknown, score1: 1.0, score2: 0.0
42	Gene No. 17, gene caller: phanotate, leftEnd: 5204, rightEnd: 5440, strand: +, length: 237, contig: contig_2343, protein: unknown, score1: 1.0, score2: 0.0
43	Gene No. 14, gene caller: prodigal, leftEnd: 5204, rightEnd: 5440, strand: +, length: 237, contig: contig_2343, protein: unknown, score1: 1.0, score2: 0.0
44	Gene No. 14, gene caller: glimmer, leftEnd: 5453, rightEnd: 5971, strand: +, length: 519, contig: contig_2343, protein: unknown, score1: 1.0, score2: 0.0
45	Gene No. 18, gene caller: phanotate, leftEnd: 5453, rightEnd: 5971, strand: +, length: 519, contig: contig_2343, protein: unknown, score1: 1.0, score2: 0.0
46	Gene No. 15, gene caller: prodigal, leftEnd: 5453, rightEnd: 5971, strand: +, length: 519, contig: contig_2343, protein: unknown, score1: 1.0, score2: 0.0
47	Gene No. 19, gene caller: phanotate, leftEnd: 6014, rightEnd: 6601, strand: +, length: 588, contig: contig_2343, protein: unknown, score1: 1.0, score2: 0.0
48	Gene No. 16, gene caller: prodigal, leftEnd: 6014, rightEnd: 6601, strand: +, length: 588, contig: contig_2343, protein: unknown, score1: 1.0, score2: 0.0
Comparing across geneCall sets....
Scoring gene calls....
Identifying common core...
This is the Common Core List:

***************Common Core
CC-gene 1	Gene No. 1, gene caller: All_callers, leftEnd: 230, rightEnd: 661, strand: -, length: 432, contig: contig_2343, protein: unknown, score1: 1.0, score2: 0.0
CC-gene 2	Gene No. 1, gene caller: All_callers, leftEnd: 811, rightEnd: 1197, strand: -, length: 387, contig: contig_2343, protein: unknown, score1: 1.0, score2: 0.0
CC-gene 3	Gene No. 1, gene caller: All_callers, leftEnd: 1208, rightEnd: 1918, strand: -, length: 711, contig: contig_2343, protein: unknown, score1: 1.0, score2: 0.0
CC-gene 4	Gene No. 1, gene caller: All_callers, leftEnd: 1961, rightEnd: 2479, strand: -, length: 519, contig: contig_2343, protein: unknown, score1: 1.0, score2: 0.0
CC-gene 5	Gene No. 1, gene caller: All_callers, leftEnd: 2492, rightEnd: 2728, strand: -, length: 237, contig: contig_2343, protein: unknown, score1: 1.0, score2: 0.0
CC-gene 6	Gene No. 1, gene caller: All_callers, leftEnd: 2738, rightEnd: 2950, strand: -, length: 213, contig: contig_2343, protein: unknown, score1: 1.0, score2: 0.0
CC-gene 7	Gene No. 1, gene caller: All_callers, leftEnd: 3695, rightEnd: 4315, strand: +, length: 621, contig: contig_2343, protein: unknown, score1: 1.0, score2: 0.0
CC-gene 8	Gene No. 1, gene caller: All_callers, leftEnd: 4982, rightEnd: 5194, strand: +, length: 213, contig: contig_2343, protein: unknown, score1: 1.0, score2: 0.0
CC-gene 9	Gene No. 1, gene caller: All_callers, leftEnd: 5204, rightEnd: 5440, strand: +, length: 237, contig: contig_2343, protein: unknown, score1: 1.0, score2: 0.0
CC-gene 10	Gene No. 1, gene caller: All_callers, leftEnd: 5453, rightEnd: 5971, strand: +, length: 519, contig: contig_2343, protein: unknown, score1: 1.0, score2: 0.0
Printing gene-call superset, consensus, and common_core in GFF and CGC formats
Printing report....
The following gene callers were considered: glimmer, phanotate, prodigal, The number of distinct gene calls over all gene callers is 23
The number of gene calls in common among all callers is 10
The number of unique (non-matching) gene calls is8
Caller glimmer produced 13 gene calls.
Caller glimmer gene-call length stats:  min: 144, max: 711, ave: 376.38461538461536
Caller phanotate produced 19 gene calls.
Caller phanotate gene-call length stats:  min: 108, max: 711, ave: 315.63157894736844
Caller prodigal produced 16 gene calls.
Caller prodigal gene-call length stats:  min: 141, max: 711, ave: 365.8125

Gene-call Scores:
Caller	Contig	Gene No.	Left End	Right End	Strand	gcScore
phanotate	contig_2343	1	3	233	-	0.83
prodigal	contig_2343	1	3	233	-	0.83
glimmer	contig_2343	2	230	661	-	1.00
phanotate	contig_2343	2	230	661	-	1.00
prodigal	contig_2343	2	230	661	-	1.00
phanotate	contig_2343	3	664	786	-	0.50
glimmer	contig_2343	3	664	807	-	0.83
prodigal	contig_2343	3	664	807	-	0.83
glimmer	contig_2343	4	811	1197	-	1.00
phanotate	contig_2343	4	811	1197	-	1.00
prodigal	contig_2343	4	811	1197	-	1.00
glimmer	contig_2343	5	1208	1918	-	1.00
phanotate	contig_2343	5	1208	1918	-	1.00
prodigal	contig_2343	5	1208	1918	-	1.00
glimmer	contig_2343	6	1961	2479	-	1.00
phanotate	contig_2343	6	1961	2479	-	1.00
prodigal	contig_2343	6	1961	2479	-	1.00
glimmer	contig_2343	7	2492	2728	-	1.00
phanotate	contig_2343	7	2492	2728	-	1.00
prodigal	contig_2343	7	2492	2728	-	1.00
glimmer	contig_2343	8	2738	2950	-	1.00
phanotate	contig_2343	8	2738	2950	-	1.00
prodigal	contig_2343	8	2738	2950	-	1.00
phanotate	contig_2343	9	3018	3263	-	0.50
glimmer	contig_2343	9	3018	3347	-	0.83
prodigal	contig_2343	9	3018	3347	-	0.83
phanotate	contig_2343	10	3322	3429	+	0.33
phanotate	contig_2343	11	3451	3582	-	0.33
glimmer	contig_2343	10	3695	4315	+	1.00
phanotate	contig_2343	12	3695	4315	+	1.00
prodigal	contig_2343	10	3695	4315	+	1.00
prodigal	contig_2343	11	4254	4394	-	0.33
phanotate	contig_2343	13	4356	4481	+	0.33
phanotate	contig_2343	14	4503	4610	-	0.33
glimmer	contig_2343	11	4585	4914	+	0.83
prodigal	contig_2343	12	4585	4914	+	0.83
phanotate	contig_2343	15	4669	4914	+	0.50
glimmer	contig_2343	12	4982	5194	+	1.00
phanotate	contig_2343	16	4982	5194	+	1.00
prodigal	contig_2343	13	4982	5194	+	1.00
glimmer	contig_2343	13	5204	5440	+	1.00
phanotate	contig_2343	17	5204	5440	+	1.00
prodigal	contig_2343	14	5204	5440	+	1.00
glimmer	contig_2343	14	5453	5971	+	1.00
phanotate	contig_2343	18	5453	5971	+	1.00
prodigal	contig_2343	15	5453	5971	+	1.00
phanotate	contig_2343	19	6014	6601	+	0.83
prodigal	contig_2343	16	6014	6601	+	0.83

Gene-call Consensus Scores:
Caller glimmer average gene-call score: 0.96
Caller phanotate average gene-call score: 0.76
Caller prodigal average gene-call score: 0.91

***************Unique List
Unique gene call 1
  --  Gene No. 1, gene caller: phanotate, leftEnd: 3, rightEnd: 233, strand: -, length: 231, contig: contig_2343, protein: unknown, score1: 0.8333333333333333, score2: 0.0
  --  Gene No. 1, gene caller: prodigal, leftEnd: 3, rightEnd: 233, strand: -, length: 231, contig: contig_2343, protein: unknown, score1: 0.8333333333333333, score2: 0.0
Unique gene call 2
  --  Gene No. 2, gene caller: glimmer, leftEnd: 230, rightEnd: 661, strand: -, length: 432, contig: contig_2343, protein: unknown, score1: 1.0, score2: 0.0
  --  Gene No. 2, gene caller: phanotate, leftEnd: 230, rightEnd: 661, strand: -, length: 432, contig: contig_2343, protein: unknown, score1: 1.0, score2: 0.0
  --  Gene No. 2, gene caller: prodigal, leftEnd: 230, rightEnd: 661, strand: -, length: 432, contig: contig_2343, protein: unknown, score1: 1.0, score2: 0.0
Unique gene call 3
  --  Gene No. 3, gene caller: phanotate, leftEnd: 664, rightEnd: 786, strand: -, length: 123, contig: contig_2343, protein: unknown, score1: 0.5, score2: 0.0
Unique gene call 4
  --  Gene No. 3, gene caller: glimmer, leftEnd: 664, rightEnd: 807, strand: -, length: 144, contig: contig_2343, protein: unknown, score1: 0.8333333333333333, score2: 0.0
  --  Gene No. 3, gene caller: prodigal, leftEnd: 664, rightEnd: 807, strand: -, length: 144, contig: contig_2343, protein: unknown, score1: 0.8333333333333333, score2: 0.0
Unique gene call 5
  --  Gene No. 4, gene caller: glimmer, leftEnd: 811, rightEnd: 1197, strand: -, length: 387, contig: contig_2343, protein: unknown, score1: 1.0, score2: 0.0
  --  Gene No. 4, gene caller: phanotate, leftEnd: 811, rightEnd: 1197, strand: -, length: 387, contig: contig_2343, protein: unknown, score1: 1.0, score2: 0.0
  --  Gene No. 4, gene caller: prodigal, leftEnd: 811, rightEnd: 1197, strand: -, length: 387, contig: contig_2343, protein: unknown, score1: 1.0, score2: 0.0
Unique gene call 6
  --  Gene No. 5, gene caller: glimmer, leftEnd: 1208, rightEnd: 1918, strand: -, length: 711, contig: contig_2343, protein: unknown, score1: 1.0, score2: 0.0
  --  Gene No. 5, gene caller: phanotate, leftEnd: 1208, rightEnd: 1918, strand: -, length: 711, contig: contig_2343, protein: unknown, score1: 1.0, score2: 0.0
  --  Gene No. 5, gene caller: prodigal, leftEnd: 1208, rightEnd: 1918, strand: -, length: 711, contig: contig_2343, protein: unknown, score1: 1.0, score2: 0.0
Unique gene call 7
  --  Gene No. 6, gene caller: glimmer, leftEnd: 1961, rightEnd: 2479, strand: -, length: 519, contig: contig_2343, protein: unknown, score1: 1.0, score2: 0.0
  --  Gene No. 6, gene caller: phanotate, leftEnd: 1961, rightEnd: 2479, strand: -, length: 519, contig: contig_2343, protein: unknown, score1: 1.0, score2: 0.0
  --  Gene No. 6, gene caller: prodigal, leftEnd: 1961, rightEnd: 2479, strand: -, length: 519, contig: contig_2343, protein: unknown, score1: 1.0, score2: 0.0
Unique gene call 8
  --  Gene No. 7, gene caller: glimmer, leftEnd: 2492, rightEnd: 2728, strand: -, length: 237, contig: contig_2343, protein: unknown, score1: 1.0, score2: 0.0
  --  Gene No. 7, gene caller: phanotate, leftEnd: 2492, rightEnd: 2728, strand: -, length: 237, contig: contig_2343, protein: unknown, score1: 1.0, score2: 0.0
  --  Gene No. 7, gene caller: prodigal, leftEnd: 2492, rightEnd: 2728, strand: -, length: 237, contig: contig_2343, protein: unknown, score1: 1.0, score2: 0.0
Unique gene call 9
  --  Gene No. 8, gene caller: glimmer, leftEnd: 2738, rightEnd: 2950, strand: -, length: 213, contig: contig_2343, protein: unknown, score1: 1.0, score2: 0.0
  --  Gene No. 8, gene caller: phanotate, leftEnd: 2738, rightEnd: 2950, strand: -, length: 213, contig: contig_2343, protein: unknown, score1: 1.0, score2: 0.0
  --  Gene No. 8, gene caller: prodigal, leftEnd: 2738, rightEnd: 2950, strand: -, length: 213, contig: contig_2343, protein: unknown, score1: 1.0, score2: 0.0
Unique gene call 10
  --  Gene No. 9, gene caller: phanotate, leftEnd: 3018, rightEnd: 3263, strand: -, length: 246, contig: contig_2343, protein: unknown, score1: 0.5, score2: 0.0
Unique gene call 11
  --  Gene No. 9, gene caller: glimmer, leftEnd: 3018, rightEnd: 3347, strand: -, length: 330, contig: contig_2343, protein: unknown, score1: 0.8333333333333333, score2: 0.0
  --  Gene No. 9, gene caller: prodigal, leftEnd: 3018, rightEnd: 3347, strand: -, length: 330, contig: contig_2343, protein: unknown, score1: 0.8333333333333333, score2: 0.0
Unique gene call 12
  --  Gene No. 10, gene caller: phanotate, leftEnd: 3322, rightEnd: 3429, strand: +, length: 108, contig: contig_2343, protein: unknown, score1: 0.3333333333333333, score2: 0.0
Unique gene call 13
  --  Gene No. 11, gene caller: phanotate, leftEnd: 3451, rightEnd: 3582, strand: -, length: 132, contig: contig_2343, protein: unknown, score1: 0.3333333333333333, score2: 0.0
Unique gene call 14
  --  Gene No. 10, gene caller: glimmer, leftEnd: 3695, rightEnd: 4315, strand: +, length: 621, contig: contig_2343, protein: unknown, score1: 1.0, score2: 0.0
  --  Gene No. 12, gene caller: phanotate, leftEnd: 3695, rightEnd: 4315, strand: +, length: 621, contig: contig_2343, protein: unknown, score1: 1.0, score2: 0.0
  --  Gene No. 10, gene caller: prodigal, leftEnd: 3695, rightEnd: 4315, strand: +, length: 621, contig: contig_2343, protein: unknown, score1: 1.0, score2: 0.0
Unique gene call 15
  --  Gene No. 11, gene caller: prodigal, leftEnd: 4254, rightEnd: 4394, strand: -, length: 141, contig: contig_2343, protein: unknown, score1: 0.3333333333333333, score2: 0.0
Unique gene call 16
  --  Gene No. 13, gene caller: phanotate, leftEnd: 4356, rightEnd: 4481, strand: +, length: 126, contig: contig_2343, protein: unknown, score1: 0.3333333333333333, score2: 0.0
Unique gene call 17
  --  Gene No. 14, gene caller: phanotate, leftEnd: 4503, rightEnd: 4610, strand: -, length: 108, contig: contig_2343, protein: unknown, score1: 0.3333333333333333, score2: 0.0
Unique gene call 18
  --  Gene No. 11, gene caller: glimmer, leftEnd: 4585, rightEnd: 4914, strand: +, length: 330, contig: contig_2343, protein: unknown, score1: 0.8333333333333333, score2: 0.0
  --  Gene No. 12, gene caller: prodigal, leftEnd: 4585, rightEnd: 4914, strand: +, length: 330, contig: contig_2343, protein: unknown, score1: 0.8333333333333333, score2: 0.0
Unique gene call 19
  --  Gene No. 15, gene caller: phanotate, leftEnd: 4669, rightEnd: 4914, strand: +, length: 246, contig: contig_2343, protein: unknown, score1: 0.5, score2: 0.0
Unique gene call 20
  --  Gene No. 12, gene caller: glimmer, leftEnd: 4982, rightEnd: 5194, strand: +, length: 213, contig: contig_2343, protein: unknown, score1: 1.0, score2: 0.0
  --  Gene No. 16, gene caller: phanotate, leftEnd: 4982, rightEnd: 5194, strand: +, length: 213, contig: contig_2343, protein: unknown, score1: 1.0, score2: 0.0
  --  Gene No. 13, gene caller: prodigal, leftEnd: 4982, rightEnd: 5194, strand: +, length: 213, contig: contig_2343, protein: unknown, score1: 1.0, score2: 0.0
Unique gene call 21
  --  Gene No. 13, gene caller: glimmer, leftEnd: 5204, rightEnd: 5440, strand: +, length: 237, contig: contig_2343, protein: unknown, score1: 1.0, score2: 0.0
  --  Gene No. 17, gene caller: phanotate, leftEnd: 5204, rightEnd: 5440, strand: +, length: 237, contig: contig_2343, protein: unknown, score1: 1.0, score2: 0.0
  --  Gene No. 14, gene caller: prodigal, leftEnd: 5204, rightEnd: 5440, strand: +, length: 237, contig: contig_2343, protein: unknown, score1: 1.0, score2: 0.0
Unique gene call 22
  --  Gene No. 14, gene caller: glimmer, leftEnd: 5453, rightEnd: 5971, strand: +, length: 519, contig: contig_2343, protein: unknown, score1: 1.0, score2: 0.0
  --  Gene No. 18, gene caller: phanotate, leftEnd: 5453, rightEnd: 5971, strand: +, length: 519, contig: contig_2343, protein: unknown, score1: 1.0, score2: 0.0
  --  Gene No. 15, gene caller: prodigal, leftEnd: 5453, rightEnd: 5971, strand: +, length: 519, contig: contig_2343, protein: unknown, score1: 1.0, score2: 0.0
Unique gene call 23
  --  Gene No. 19, gene caller: phanotate, leftEnd: 6014, rightEnd: 6601, strand: +, length: 588, contig: contig_2343, protein: unknown, score1: 0.8333333333333333, score2: 0.0
  --  Gene No. 16, gene caller: prodigal, leftEnd: 6014, rightEnd: 6601, strand: +, length: 588, contig: contig_2343, protein: unknown, score1: 0.8333333333333333, score2: 0.0
Code complete at 2021-04-21 09:35:11.843385
