Opening log at 2021-04-21 09:47:12.573321
Iterating through fileSet at 2021-04-21 09:47:12.573742
fileSet is ['/home/james/Software/multiPhATE2/PipelineOutput/contig_887/commoncore.cgc', '/home/james/Software/multiPhATE2/PipelineOutput/contig_887/consensus.cgc', '/home/james/Software/multiPhATE2/PipelineOutput/contig_887/glimmer.cgc', '/home/james/Software/multiPhATE2/PipelineOutput/contig_887/phanotate.cgc', '/home/james/Software/multiPhATE2/PipelineOutput/contig_887/prodigal.cgc', '/home/james/Software/multiPhATE2/PipelineOutput/contig_887/superset.cgc']
Opening geneFile /home/james/Software/multiPhATE2/PipelineOutput/contig_887/commoncore.cgc
Adding calls from geneFile /home/james/Software/multiPhATE2/PipelineOutput/contig_887/commoncore.cgc
Appending call set  number of calls is: 0
Opening geneFile /home/james/Software/multiPhATE2/PipelineOutput/contig_887/consensus.cgc
Adding calls from geneFile /home/james/Software/multiPhATE2/PipelineOutput/contig_887/consensus.cgc
Appending call set  number of calls is: 0
Opening geneFile /home/james/Software/multiPhATE2/PipelineOutput/contig_887/glimmer.cgc
Adding calls from geneFile /home/james/Software/multiPhATE2/PipelineOutput/contig_887/glimmer.cgc
Appending call set  number of calls is: 6
Opening geneFile /home/james/Software/multiPhATE2/PipelineOutput/contig_887/phanotate.cgc
Adding calls from geneFile /home/james/Software/multiPhATE2/PipelineOutput/contig_887/phanotate.cgc
Appending call set  number of calls is: 7
Opening geneFile /home/james/Software/multiPhATE2/PipelineOutput/contig_887/prodigal.cgc
Adding calls from geneFile /home/james/Software/multiPhATE2/PipelineOutput/contig_887/prodigal.cgc
Appending call set  number of calls is: 6
Opening geneFile /home/james/Software/multiPhATE2/PipelineOutput/contig_887/superset.cgc
Adding calls from geneFile /home/james/Software/multiPhATE2/PipelineOutput/contig_887/superset.cgc
Appending call set  number of calls is: 0
All call sets have been added to caller list. Number of call sets in callerList: 6
callerList is   glimmer phanotate prodigal  
Total number of gene calls across callerList call sets is: 19
Sorting gene calls for each caller
Processing a callSet
Before sorting, Length of callerList for caller  is 0
After sorting, Length of callerList for caller  is 0
Processing a callSet
Before sorting, Length of callerList for caller  is 0
After sorting, Length of callerList for caller  is 0
Processing a callSet
Before sorting, Length of callerList for caller glimmer is 6
After sorting, Length of callerList for caller glimmer is 6
Processing a callSet
Before sorting, Length of callerList for caller phanotate is 7
After sorting, Length of callerList for caller phanotate is 7
Processing a callSet
Before sorting, Length of callerList for caller prodigal is 6
After sorting, Length of callerList for caller prodigal is 6
Processing a callSet
Before sorting, Length of callerList for caller  is 0
After sorting, Length of callerList for caller  is 0
callSet processing complete
Comparing across the call sets...
Merging the geneCall sets....
Final merged genes:

***************Merge List
1	Gene No. 1, gene caller: phanotate, leftEnd: 3, rightEnd: 788, strand: +, length: 786, contig: contig_887, protein: unknown, score1: 1.0, score2: 0.0
2	Gene No. 1, gene caller: prodigal, leftEnd: 3, rightEnd: 788, strand: +, length: 786, contig: contig_887, protein: unknown, score1: 1.0, score2: 0.0
3	Gene No. 2, gene caller: glimmer, leftEnd: 36, rightEnd: 788, strand: +, length: 753, contig: contig_887, protein: unknown, score1: 1.0, score2: 0.0
4	Gene No. 3, gene caller: glimmer, leftEnd: 760, rightEnd: 1614, strand: +, length: 855, contig: contig_887, protein: unknown, score1: 1.0, score2: 0.0
5	Gene No. 2, gene caller: phanotate, leftEnd: 760, rightEnd: 1614, strand: +, length: 855, contig: contig_887, protein: unknown, score1: 1.0, score2: 0.0
6	Gene No. 2, gene caller: prodigal, leftEnd: 760, rightEnd: 1614, strand: +, length: 855, contig: contig_887, protein: unknown, score1: 1.0, score2: 0.0
7	Gene No. 4, gene caller: glimmer, leftEnd: 1643, rightEnd: 2131, strand: +, length: 489, contig: contig_887, protein: unknown, score1: 1.0, score2: 0.0
8	Gene No. 3, gene caller: phanotate, leftEnd: 1643, rightEnd: 2131, strand: +, length: 489, contig: contig_887, protein: unknown, score1: 1.0, score2: 0.0
9	Gene No. 3, gene caller: prodigal, leftEnd: 1643, rightEnd: 2131, strand: +, length: 489, contig: contig_887, protein: unknown, score1: 1.0, score2: 0.0
10	Gene No. 5, gene caller: glimmer, leftEnd: 2125, rightEnd: 2250, strand: +, length: 126, contig: contig_887, protein: unknown, score1: 1.0, score2: 0.0
11	Gene No. 4, gene caller: phanotate, leftEnd: 2125, rightEnd: 2250, strand: +, length: 126, contig: contig_887, protein: unknown, score1: 1.0, score2: 0.0
12	Gene No. 5, gene caller: phanotate, leftEnd: 2254, rightEnd: 2604, strand: +, length: 351, contig: contig_887, protein: unknown, score1: 1.0, score2: 0.0
13	Gene No. 6, gene caller: glimmer, leftEnd: 2296, rightEnd: 2604, strand: +, length: 309, contig: contig_887, protein: unknown, score1: 1.0, score2: 0.0
14	Gene No. 4, gene caller: prodigal, leftEnd: 2296, rightEnd: 2604, strand: +, length: 309, contig: contig_887, protein: unknown, score1: 1.0, score2: 0.0
15	Gene No. 7, gene caller: glimmer, leftEnd: 2630, rightEnd: 2914, strand: +, length: 285, contig: contig_887, protein: unknown, score1: 1.0, score2: 0.0
16	Gene No. 6, gene caller: phanotate, leftEnd: 2630, rightEnd: 2914, strand: +, length: 285, contig: contig_887, protein: unknown, score1: 1.0, score2: 0.0
17	Gene No. 5, gene caller: prodigal, leftEnd: 2630, rightEnd: 2914, strand: +, length: 285, contig: contig_887, protein: unknown, score1: 1.0, score2: 0.0
18	Gene No. 7, gene caller: phanotate, leftEnd: 2892, rightEnd: 3098, strand: +, length: 207, contig: contig_887, protein: unknown, score1: 1.0, score2: 0.0
19	Gene No. 6, gene caller: prodigal, leftEnd: 2892, rightEnd: 3098, strand: +, length: 207, contig: contig_887, protein: unknown, score1: 1.0, score2: 0.0
Comparing across geneCall sets....
Scoring gene calls....
Identifying common core...
This is the Common Core List:

***************Common Core
CC-gene 1	Gene No. 1, gene caller: All_callers, leftEnd: 760, rightEnd: 1614, strand: +, length: 855, contig: contig_887, protein: unknown, score1: 1.0, score2: 0.0
CC-gene 2	Gene No. 1, gene caller: All_callers, leftEnd: 1643, rightEnd: 2131, strand: +, length: 489, contig: contig_887, protein: unknown, score1: 1.0, score2: 0.0
CC-gene 3	Gene No. 1, gene caller: All_callers, leftEnd: 2630, rightEnd: 2914, strand: +, length: 285, contig: contig_887, protein: unknown, score1: 1.0, score2: 0.0
Printing gene-call superset, consensus, and common_core in GFF and CGC formats
Printing report....
The following gene callers were considered: glimmer, phanotate, prodigal, The number of distinct gene calls over all gene callers is 9
The number of gene calls in common among all callers is 3
The number of unique (non-matching) gene calls is2
Caller glimmer produced 6 gene calls.
Caller glimmer gene-call length stats:  min: 126, max: 855, ave: 469.5
Caller phanotate produced 7 gene calls.
Caller phanotate gene-call length stats:  min: 126, max: 855, ave: 442.7142857142857
Caller prodigal produced 6 gene calls.
Caller prodigal gene-call length stats:  min: 207, max: 855, ave: 488.5

Gene-call Scores:
Caller	Contig	Gene No.	Left End	Right End	Strand	gcScore
phanotate	contig_887	1	3	788	+	0.83
prodigal	contig_887	1	3	788	+	0.83
glimmer	contig_887	2	36	788	+	0.50
glimmer	contig_887	3	760	1614	+	1.00
phanotate	contig_887	2	760	1614	+	1.00
prodigal	contig_887	2	760	1614	+	1.00
glimmer	contig_887	4	1643	2131	+	1.00
phanotate	contig_887	3	1643	2131	+	1.00
prodigal	contig_887	3	1643	2131	+	1.00
glimmer	contig_887	5	2125	2250	+	0.83
phanotate	contig_887	4	2125	2250	+	0.83
phanotate	contig_887	5	2254	2604	+	0.50
glimmer	contig_887	6	2296	2604	+	0.83
prodigal	contig_887	4	2296	2604	+	0.83
glimmer	contig_887	7	2630	2914	+	1.00
phanotate	contig_887	6	2630	2914	+	1.00
prodigal	contig_887	5	2630	2914	+	1.00
phanotate	contig_887	7	2892	3098	+	0.83
prodigal	contig_887	6	2892	3098	+	0.83

Gene-call Consensus Scores:
Caller glimmer average gene-call score: 0.86
Caller phanotate average gene-call score: 0.86
Caller prodigal average gene-call score: 0.92

***************Unique List
Unique gene call 1
  --  Gene No. 1, gene caller: phanotate, leftEnd: 3, rightEnd: 788, strand: +, length: 786, contig: contig_887, protein: unknown, score1: 0.8333333333333333, score2: 0.0
  --  Gene No. 1, gene caller: prodigal, leftEnd: 3, rightEnd: 788, strand: +, length: 786, contig: contig_887, protein: unknown, score1: 0.8333333333333333, score2: 0.0
Unique gene call 2
  --  Gene No. 2, gene caller: glimmer, leftEnd: 36, rightEnd: 788, strand: +, length: 753, contig: contig_887, protein: unknown, score1: 0.5, score2: 0.0
Unique gene call 3
  --  Gene No. 3, gene caller: glimmer, leftEnd: 760, rightEnd: 1614, strand: +, length: 855, contig: contig_887, protein: unknown, score1: 1.0, score2: 0.0
  --  Gene No. 2, gene caller: phanotate, leftEnd: 760, rightEnd: 1614, strand: +, length: 855, contig: contig_887, protein: unknown, score1: 1.0, score2: 0.0
  --  Gene No. 2, gene caller: prodigal, leftEnd: 760, rightEnd: 1614, strand: +, length: 855, contig: contig_887, protein: unknown, score1: 1.0, score2: 0.0
Unique gene call 4
  --  Gene No. 4, gene caller: glimmer, leftEnd: 1643, rightEnd: 2131, strand: +, length: 489, contig: contig_887, protein: unknown, score1: 1.0, score2: 0.0
  --  Gene No. 3, gene caller: phanotate, leftEnd: 1643, rightEnd: 2131, strand: +, length: 489, contig: contig_887, protein: unknown, score1: 1.0, score2: 0.0
  --  Gene No. 3, gene caller: prodigal, leftEnd: 1643, rightEnd: 2131, strand: +, length: 489, contig: contig_887, protein: unknown, score1: 1.0, score2: 0.0
Unique gene call 5
  --  Gene No. 5, gene caller: glimmer, leftEnd: 2125, rightEnd: 2250, strand: +, length: 126, contig: contig_887, protein: unknown, score1: 0.8333333333333333, score2: 0.0
  --  Gene No. 4, gene caller: phanotate, leftEnd: 2125, rightEnd: 2250, strand: +, length: 126, contig: contig_887, protein: unknown, score1: 0.8333333333333333, score2: 0.0
Unique gene call 6
  --  Gene No. 5, gene caller: phanotate, leftEnd: 2254, rightEnd: 2604, strand: +, length: 351, contig: contig_887, protein: unknown, score1: 0.5, score2: 0.0
Unique gene call 7
  --  Gene No. 6, gene caller: glimmer, leftEnd: 2296, rightEnd: 2604, strand: +, length: 309, contig: contig_887, protein: unknown, score1: 0.8333333333333333, score2: 0.0
  --  Gene No. 4, gene caller: prodigal, leftEnd: 2296, rightEnd: 2604, strand: +, length: 309, contig: contig_887, protein: unknown, score1: 0.8333333333333333, score2: 0.0
Unique gene call 8
  --  Gene No. 7, gene caller: glimmer, leftEnd: 2630, rightEnd: 2914, strand: +, length: 285, contig: contig_887, protein: unknown, score1: 1.0, score2: 0.0
  --  Gene No. 6, gene caller: phanotate, leftEnd: 2630, rightEnd: 2914, strand: +, length: 285, contig: contig_887, protein: unknown, score1: 1.0, score2: 0.0
  --  Gene No. 5, gene caller: prodigal, leftEnd: 2630, rightEnd: 2914, strand: +, length: 285, contig: contig_887, protein: unknown, score1: 1.0, score2: 0.0
Unique gene call 9
  --  Gene No. 7, gene caller: phanotate, leftEnd: 2892, rightEnd: 3098, strand: +, length: 207, contig: contig_887, protein: unknown, score1: 0.8333333333333333, score2: 0.0
  --  Gene No. 6, gene caller: prodigal, leftEnd: 2892, rightEnd: 3098, strand: +, length: 207, contig: contig_887, protein: unknown, score1: 0.8333333333333333, score2: 0.0
Code complete at 2021-04-21 09:47:12.578550
