Opening log at 2021-04-21 09:23:46.169047
Iterating through fileSet at 2021-04-21 09:23:46.169402
fileSet is ['/home/james/Software/multiPhATE2/PipelineOutput/contig_1516/commoncore.cgc', '/home/james/Software/multiPhATE2/PipelineOutput/contig_1516/consensus.cgc', '/home/james/Software/multiPhATE2/PipelineOutput/contig_1516/glimmer.cgc', '/home/james/Software/multiPhATE2/PipelineOutput/contig_1516/phanotate.cgc', '/home/james/Software/multiPhATE2/PipelineOutput/contig_1516/prodigal.cgc', '/home/james/Software/multiPhATE2/PipelineOutput/contig_1516/superset.cgc']
Opening geneFile /home/james/Software/multiPhATE2/PipelineOutput/contig_1516/commoncore.cgc
Adding calls from geneFile /home/james/Software/multiPhATE2/PipelineOutput/contig_1516/commoncore.cgc
Appending call set  number of calls is: 0
Opening geneFile /home/james/Software/multiPhATE2/PipelineOutput/contig_1516/consensus.cgc
Adding calls from geneFile /home/james/Software/multiPhATE2/PipelineOutput/contig_1516/consensus.cgc
Appending call set  number of calls is: 0
Opening geneFile /home/james/Software/multiPhATE2/PipelineOutput/contig_1516/glimmer.cgc
Adding calls from geneFile /home/james/Software/multiPhATE2/PipelineOutput/contig_1516/glimmer.cgc
Appending call set  number of calls is: 9
Opening geneFile /home/james/Software/multiPhATE2/PipelineOutput/contig_1516/phanotate.cgc
Adding calls from geneFile /home/james/Software/multiPhATE2/PipelineOutput/contig_1516/phanotate.cgc
Appending call set  number of calls is: 11
Opening geneFile /home/james/Software/multiPhATE2/PipelineOutput/contig_1516/prodigal.cgc
Adding calls from geneFile /home/james/Software/multiPhATE2/PipelineOutput/contig_1516/prodigal.cgc
Appending call set  number of calls is: 11
Opening geneFile /home/james/Software/multiPhATE2/PipelineOutput/contig_1516/superset.cgc
Adding calls from geneFile /home/james/Software/multiPhATE2/PipelineOutput/contig_1516/superset.cgc
Appending call set  number of calls is: 0
All call sets have been added to caller list. Number of call sets in callerList: 6
callerList is   glimmer phanotate prodigal  
Total number of gene calls across callerList call sets is: 31
Sorting gene calls for each caller
Processing a callSet
Before sorting, Length of callerList for caller  is 0
After sorting, Length of callerList for caller  is 0
Processing a callSet
Before sorting, Length of callerList for caller  is 0
After sorting, Length of callerList for caller  is 0
Processing a callSet
Before sorting, Length of callerList for caller glimmer is 9
After sorting, Length of callerList for caller glimmer is 9
Processing a callSet
Before sorting, Length of callerList for caller phanotate is 11
After sorting, Length of callerList for caller phanotate is 11
Processing a callSet
Before sorting, Length of callerList for caller prodigal is 11
After sorting, Length of callerList for caller prodigal is 11
Processing a callSet
Before sorting, Length of callerList for caller  is 0
After sorting, Length of callerList for caller  is 0
callSet processing complete
Comparing across the call sets...
Merging the geneCall sets....
Final merged genes:

***************Merge List
1	Gene No. 1, gene caller: phanotate, leftEnd: 1, rightEnd: 279, strand: -, length: 279, contig: contig_1516, protein: unknown, score1: 1.0, score2: 0.0
2	Gene No. 1, gene caller: prodigal, leftEnd: 1, rightEnd: 282, strand: -, length: 282, contig: contig_1516, protein: unknown, score1: 1.0, score2: 0.0
3	Gene No. 1, gene caller: glimmer, leftEnd: 269, rightEnd: 664, strand: -, length: 396, contig: contig_1516, protein: unknown, score1: 1.0, score2: 0.0
4	Gene No. 2, gene caller: phanotate, leftEnd: 269, rightEnd: 664, strand: -, length: 396, contig: contig_1516, protein: unknown, score1: 1.0, score2: 0.0
5	Gene No. 2, gene caller: prodigal, leftEnd: 269, rightEnd: 664, strand: -, length: 396, contig: contig_1516, protein: unknown, score1: 1.0, score2: 0.0
6	Gene No. 2, gene caller: glimmer, leftEnd: 661, rightEnd: 1002, strand: -, length: 342, contig: contig_1516, protein: unknown, score1: 1.0, score2: 0.0
7	Gene No. 3, gene caller: phanotate, leftEnd: 661, rightEnd: 1002, strand: -, length: 342, contig: contig_1516, protein: unknown, score1: 1.0, score2: 0.0
8	Gene No. 3, gene caller: prodigal, leftEnd: 661, rightEnd: 1002, strand: -, length: 342, contig: contig_1516, protein: unknown, score1: 1.0, score2: 0.0
9	Gene No. 3, gene caller: glimmer, leftEnd: 992, rightEnd: 1297, strand: -, length: 306, contig: contig_1516, protein: unknown, score1: 1.0, score2: 0.0
10	Gene No. 4, gene caller: phanotate, leftEnd: 992, rightEnd: 1297, strand: -, length: 306, contig: contig_1516, protein: unknown, score1: 1.0, score2: 0.0
11	Gene No. 4, gene caller: prodigal, leftEnd: 992, rightEnd: 1297, strand: -, length: 306, contig: contig_1516, protein: unknown, score1: 1.0, score2: 0.0
12	Gene No. 4, gene caller: glimmer, leftEnd: 1362, rightEnd: 3005, strand: -, length: 1644, contig: contig_1516, protein: unknown, score1: 1.0, score2: 0.0
13	Gene No. 5, gene caller: phanotate, leftEnd: 1362, rightEnd: 3149, strand: -, length: 1788, contig: contig_1516, protein: unknown, score1: 1.0, score2: 0.0
14	Gene No. 5, gene caller: prodigal, leftEnd: 1362, rightEnd: 3152, strand: -, length: 1791, contig: contig_1516, protein: unknown, score1: 1.0, score2: 0.0
15	Gene No. 6, gene caller: phanotate, leftEnd: 3136, rightEnd: 3570, strand: -, length: 435, contig: contig_1516, protein: unknown, score1: 1.0, score2: 0.0
16	Gene No. 5, gene caller: glimmer, leftEnd: 3136, rightEnd: 3636, strand: -, length: 501, contig: contig_1516, protein: unknown, score1: 1.0, score2: 0.0
17	Gene No. 6, gene caller: prodigal, leftEnd: 3136, rightEnd: 3636, strand: -, length: 501, contig: contig_1516, protein: unknown, score1: 1.0, score2: 0.0
18	Gene No. 7, gene caller: phanotate, leftEnd: 3683, rightEnd: 5473, strand: +, length: 1791, contig: contig_1516, protein: unknown, score1: 1.0, score2: 0.0
19	Gene No. 7, gene caller: prodigal, leftEnd: 3683, rightEnd: 5473, strand: +, length: 1791, contig: contig_1516, protein: unknown, score1: 1.0, score2: 0.0
20	Gene No. 6, gene caller: glimmer, leftEnd: 3830, rightEnd: 5473, strand: +, length: 1644, contig: contig_1516, protein: unknown, score1: 1.0, score2: 0.0
21	Gene No. 7, gene caller: glimmer, leftEnd: 5538, rightEnd: 5843, strand: +, length: 306, contig: contig_1516, protein: unknown, score1: 1.0, score2: 0.0
22	Gene No. 8, gene caller: phanotate, leftEnd: 5538, rightEnd: 5843, strand: +, length: 306, contig: contig_1516, protein: unknown, score1: 1.0, score2: 0.0
23	Gene No. 8, gene caller: prodigal, leftEnd: 5538, rightEnd: 5843, strand: +, length: 306, contig: contig_1516, protein: unknown, score1: 1.0, score2: 0.0
24	Gene No. 8, gene caller: glimmer, leftEnd: 5833, rightEnd: 6174, strand: +, length: 342, contig: contig_1516, protein: unknown, score1: 1.0, score2: 0.0
25	Gene No. 9, gene caller: phanotate, leftEnd: 5833, rightEnd: 6174, strand: +, length: 342, contig: contig_1516, protein: unknown, score1: 1.0, score2: 0.0
26	Gene No. 9, gene caller: prodigal, leftEnd: 5833, rightEnd: 6174, strand: +, length: 342, contig: contig_1516, protein: unknown, score1: 1.0, score2: 0.0
27	Gene No. 9, gene caller: glimmer, leftEnd: 6171, rightEnd: 6566, strand: +, length: 396, contig: contig_1516, protein: unknown, score1: 1.0, score2: 0.0
28	Gene No. 10, gene caller: phanotate, leftEnd: 6171, rightEnd: 6566, strand: +, length: 396, contig: contig_1516, protein: unknown, score1: 1.0, score2: 0.0
29	Gene No. 10, gene caller: prodigal, leftEnd: 6171, rightEnd: 6566, strand: +, length: 396, contig: contig_1516, protein: unknown, score1: 1.0, score2: 0.0
30	Gene No. 11, gene caller: phanotate, leftEnd: 6553, rightEnd: 6831, strand: +, length: 279, contig: contig_1516, protein: unknown, score1: 1.0, score2: 0.0
31	Gene No. 11, gene caller: prodigal, leftEnd: 6553, rightEnd: 6831, strand: +, length: 279, contig: contig_1516, protein: unknown, score1: 1.0, score2: 0.0
Comparing across geneCall sets....
Scoring gene calls....
Identifying common core...
This is the Common Core List:

***************Common Core
CC-gene 1	Gene No. 1, gene caller: All_callers, leftEnd: 269, rightEnd: 664, strand: -, length: 396, contig: contig_1516, protein: unknown, score1: 1.0, score2: 0.0
CC-gene 2	Gene No. 1, gene caller: All_callers, leftEnd: 661, rightEnd: 1002, strand: -, length: 342, contig: contig_1516, protein: unknown, score1: 1.0, score2: 0.0
CC-gene 3	Gene No. 1, gene caller: All_callers, leftEnd: 992, rightEnd: 1297, strand: -, length: 306, contig: contig_1516, protein: unknown, score1: 1.0, score2: 0.0
CC-gene 4	Gene No. 1, gene caller: All_callers, leftEnd: 5538, rightEnd: 5843, strand: +, length: 306, contig: contig_1516, protein: unknown, score1: 1.0, score2: 0.0
CC-gene 5	Gene No. 1, gene caller: All_callers, leftEnd: 5833, rightEnd: 6174, strand: +, length: 342, contig: contig_1516, protein: unknown, score1: 1.0, score2: 0.0
CC-gene 6	Gene No. 1, gene caller: All_callers, leftEnd: 6171, rightEnd: 6566, strand: +, length: 396, contig: contig_1516, protein: unknown, score1: 1.0, score2: 0.0
Printing gene-call superset, consensus, and common_core in GFF and CGC formats
Printing report....
The following gene callers were considered: glimmer, phanotate, prodigal, The number of distinct gene calls over all gene callers is 16
The number of gene calls in common among all callers is 6
The number of unique (non-matching) gene calls is7
Caller glimmer produced 9 gene calls.
Caller glimmer gene-call length stats:  min: 306, max: 1644, ave: 653.0
Caller phanotate produced 11 gene calls.
Caller phanotate gene-call length stats:  min: 279, max: 1791, ave: 605.4545454545455
Caller prodigal produced 11 gene calls.
Caller prodigal gene-call length stats:  min: 279, max: 1791, ave: 612.0

Gene-call Scores:
Caller	Contig	Gene No.	Left End	Right End	Strand	gcScore
phanotate	contig_1516	1	1	279	-	0.50
prodigal	contig_1516	1	1	282	-	0.50
glimmer	contig_1516	1	269	664	-	1.00
phanotate	contig_1516	2	269	664	-	1.00
prodigal	contig_1516	2	269	664	-	1.00
glimmer	contig_1516	2	661	1002	-	1.00
phanotate	contig_1516	3	661	1002	-	1.00
prodigal	contig_1516	3	661	1002	-	1.00
glimmer	contig_1516	3	992	1297	-	1.00
phanotate	contig_1516	4	992	1297	-	1.00
prodigal	contig_1516	4	992	1297	-	1.00
glimmer	contig_1516	4	1362	3005	-	0.50
phanotate	contig_1516	5	1362	3149	-	0.50
prodigal	contig_1516	5	1362	3152	-	0.50
phanotate	contig_1516	6	3136	3570	-	0.50
glimmer	contig_1516	5	3136	3636	-	0.83
prodigal	contig_1516	6	3136	3636	-	0.83
phanotate	contig_1516	7	3683	5473	+	0.83
prodigal	contig_1516	7	3683	5473	+	0.83
glimmer	contig_1516	6	3830	5473	+	0.50
glimmer	contig_1516	7	5538	5843	+	1.00
phanotate	contig_1516	8	5538	5843	+	1.00
prodigal	contig_1516	8	5538	5843	+	1.00
glimmer	contig_1516	8	5833	6174	+	1.00
phanotate	contig_1516	9	5833	6174	+	1.00
prodigal	contig_1516	9	5833	6174	+	1.00
glimmer	contig_1516	9	6171	6566	+	1.00
phanotate	contig_1516	10	6171	6566	+	1.00
prodigal	contig_1516	10	6171	6566	+	1.00
phanotate	contig_1516	11	6553	6831	+	0.83
prodigal	contig_1516	11	6553	6831	+	0.83

Gene-call Consensus Scores:
Caller glimmer average gene-call score: 0.87
Caller phanotate average gene-call score: 0.83
Caller prodigal average gene-call score: 0.86

***************Unique List
Unique gene call 1
  --  Gene No. 1, gene caller: phanotate, leftEnd: 1, rightEnd: 279, strand: -, length: 279, contig: contig_1516, protein: unknown, score1: 0.5, score2: 0.0
Unique gene call 2
  --  Gene No. 1, gene caller: prodigal, leftEnd: 1, rightEnd: 282, strand: -, length: 282, contig: contig_1516, protein: unknown, score1: 0.5, score2: 0.0
Unique gene call 3
  --  Gene No. 1, gene caller: glimmer, leftEnd: 269, rightEnd: 664, strand: -, length: 396, contig: contig_1516, protein: unknown, score1: 1.0, score2: 0.0
  --  Gene No. 2, gene caller: phanotate, leftEnd: 269, rightEnd: 664, strand: -, length: 396, contig: contig_1516, protein: unknown, score1: 1.0, score2: 0.0
  --  Gene No. 2, gene caller: prodigal, leftEnd: 269, rightEnd: 664, strand: -, length: 396, contig: contig_1516, protein: unknown, score1: 1.0, score2: 0.0
Unique gene call 4
  --  Gene No. 2, gene caller: glimmer, leftEnd: 661, rightEnd: 1002, strand: -, length: 342, contig: contig_1516, protein: unknown, score1: 1.0, score2: 0.0
  --  Gene No. 3, gene caller: phanotate, leftEnd: 661, rightEnd: 1002, strand: -, length: 342, contig: contig_1516, protein: unknown, score1: 1.0, score2: 0.0
  --  Gene No. 3, gene caller: prodigal, leftEnd: 661, rightEnd: 1002, strand: -, length: 342, contig: contig_1516, protein: unknown, score1: 1.0, score2: 0.0
Unique gene call 5
  --  Gene No. 3, gene caller: glimmer, leftEnd: 992, rightEnd: 1297, strand: -, length: 306, contig: contig_1516, protein: unknown, score1: 1.0, score2: 0.0
  --  Gene No. 4, gene caller: phanotate, leftEnd: 992, rightEnd: 1297, strand: -, length: 306, contig: contig_1516, protein: unknown, score1: 1.0, score2: 0.0
  --  Gene No. 4, gene caller: prodigal, leftEnd: 992, rightEnd: 1297, strand: -, length: 306, contig: contig_1516, protein: unknown, score1: 1.0, score2: 0.0
Unique gene call 6
  --  Gene No. 4, gene caller: glimmer, leftEnd: 1362, rightEnd: 3005, strand: -, length: 1644, contig: contig_1516, protein: unknown, score1: 0.5, score2: 0.0
Unique gene call 7
  --  Gene No. 5, gene caller: phanotate, leftEnd: 1362, rightEnd: 3149, strand: -, length: 1788, contig: contig_1516, protein: unknown, score1: 0.5, score2: 0.0
Unique gene call 8
  --  Gene No. 5, gene caller: prodigal, leftEnd: 1362, rightEnd: 3152, strand: -, length: 1791, contig: contig_1516, protein: unknown, score1: 0.5, score2: 0.0
Unique gene call 9
  --  Gene No. 6, gene caller: phanotate, leftEnd: 3136, rightEnd: 3570, strand: -, length: 435, contig: contig_1516, protein: unknown, score1: 0.5, score2: 0.0
Unique gene call 10
  --  Gene No. 5, gene caller: glimmer, leftEnd: 3136, rightEnd: 3636, strand: -, length: 501, contig: contig_1516, protein: unknown, score1: 0.8333333333333333, score2: 0.0
  --  Gene No. 6, gene caller: prodigal, leftEnd: 3136, rightEnd: 3636, strand: -, length: 501, contig: contig_1516, protein: unknown, score1: 0.8333333333333333, score2: 0.0
Unique gene call 11
  --  Gene No. 7, gene caller: phanotate, leftEnd: 3683, rightEnd: 5473, strand: +, length: 1791, contig: contig_1516, protein: unknown, score1: 0.8333333333333333, score2: 0.0
  --  Gene No. 7, gene caller: prodigal, leftEnd: 3683, rightEnd: 5473, strand: +, length: 1791, contig: contig_1516, protein: unknown, score1: 0.8333333333333333, score2: 0.0
Unique gene call 12
  --  Gene No. 6, gene caller: glimmer, leftEnd: 3830, rightEnd: 5473, strand: +, length: 1644, contig: contig_1516, protein: unknown, score1: 0.5, score2: 0.0
Unique gene call 13
  --  Gene No. 7, gene caller: glimmer, leftEnd: 5538, rightEnd: 5843, strand: +, length: 306, contig: contig_1516, protein: unknown, score1: 1.0, score2: 0.0
  --  Gene No. 8, gene caller: phanotate, leftEnd: 5538, rightEnd: 5843, strand: +, length: 306, contig: contig_1516, protein: unknown, score1: 1.0, score2: 0.0
  --  Gene No. 8, gene caller: prodigal, leftEnd: 5538, rightEnd: 5843, strand: +, length: 306, contig: contig_1516, protein: unknown, score1: 1.0, score2: 0.0
Unique gene call 14
  --  Gene No. 8, gene caller: glimmer, leftEnd: 5833, rightEnd: 6174, strand: +, length: 342, contig: contig_1516, protein: unknown, score1: 1.0, score2: 0.0
  --  Gene No. 9, gene caller: phanotate, leftEnd: 5833, rightEnd: 6174, strand: +, length: 342, contig: contig_1516, protein: unknown, score1: 1.0, score2: 0.0
  --  Gene No. 9, gene caller: prodigal, leftEnd: 5833, rightEnd: 6174, strand: +, length: 342, contig: contig_1516, protein: unknown, score1: 1.0, score2: 0.0
Unique gene call 15
  --  Gene No. 9, gene caller: glimmer, leftEnd: 6171, rightEnd: 6566, strand: +, length: 396, contig: contig_1516, protein: unknown, score1: 1.0, score2: 0.0
  --  Gene No. 10, gene caller: phanotate, leftEnd: 6171, rightEnd: 6566, strand: +, length: 396, contig: contig_1516, protein: unknown, score1: 1.0, score2: 0.0
  --  Gene No. 10, gene caller: prodigal, leftEnd: 6171, rightEnd: 6566, strand: +, length: 396, contig: contig_1516, protein: unknown, score1: 1.0, score2: 0.0
Unique gene call 16
  --  Gene No. 11, gene caller: phanotate, leftEnd: 6553, rightEnd: 6831, strand: +, length: 279, contig: contig_1516, protein: unknown, score1: 0.8333333333333333, score2: 0.0
  --  Gene No. 11, gene caller: prodigal, leftEnd: 6553, rightEnd: 6831, strand: +, length: 279, contig: contig_1516, protein: unknown, score1: 0.8333333333333333, score2: 0.0
Code complete at 2021-04-21 09:23:46.182649
