Opening log at 2021-04-21 09:30:32.475823
Iterating through fileSet at 2021-04-21 09:30:32.475996
fileSet is ['/home/james/Software/multiPhATE2/PipelineOutput/contig_2055/commoncore.cgc', '/home/james/Software/multiPhATE2/PipelineOutput/contig_2055/consensus.cgc', '/home/james/Software/multiPhATE2/PipelineOutput/contig_2055/glimmer.cgc', '/home/james/Software/multiPhATE2/PipelineOutput/contig_2055/phanotate.cgc', '/home/james/Software/multiPhATE2/PipelineOutput/contig_2055/prodigal.cgc', '/home/james/Software/multiPhATE2/PipelineOutput/contig_2055/superset.cgc']
Opening geneFile /home/james/Software/multiPhATE2/PipelineOutput/contig_2055/commoncore.cgc
Adding calls from geneFile /home/james/Software/multiPhATE2/PipelineOutput/contig_2055/commoncore.cgc
Appending call set  number of calls is: 0
Opening geneFile /home/james/Software/multiPhATE2/PipelineOutput/contig_2055/consensus.cgc
Adding calls from geneFile /home/james/Software/multiPhATE2/PipelineOutput/contig_2055/consensus.cgc
Appending call set  number of calls is: 0
Opening geneFile /home/james/Software/multiPhATE2/PipelineOutput/contig_2055/glimmer.cgc
Adding calls from geneFile /home/james/Software/multiPhATE2/PipelineOutput/contig_2055/glimmer.cgc
Appending call set  number of calls is: 51
Opening geneFile /home/james/Software/multiPhATE2/PipelineOutput/contig_2055/phanotate.cgc
Adding calls from geneFile /home/james/Software/multiPhATE2/PipelineOutput/contig_2055/phanotate.cgc
Appending call set  number of calls is: 100
Opening geneFile /home/james/Software/multiPhATE2/PipelineOutput/contig_2055/prodigal.cgc
Adding calls from geneFile /home/james/Software/multiPhATE2/PipelineOutput/contig_2055/prodigal.cgc
Appending call set  number of calls is: 35
Opening geneFile /home/james/Software/multiPhATE2/PipelineOutput/contig_2055/superset.cgc
Adding calls from geneFile /home/james/Software/multiPhATE2/PipelineOutput/contig_2055/superset.cgc
Appending call set  number of calls is: 0
All call sets have been added to caller list. Number of call sets in callerList: 6
callerList is   glimmer phanotate prodigal  
Total number of gene calls across callerList call sets is: 186
Sorting gene calls for each caller
Processing a callSet
Before sorting, Length of callerList for caller  is 0
After sorting, Length of callerList for caller  is 0
Processing a callSet
Before sorting, Length of callerList for caller  is 0
After sorting, Length of callerList for caller  is 0
Processing a callSet
Before sorting, Length of callerList for caller glimmer is 51
After sorting, Length of callerList for caller glimmer is 51
Processing a callSet
Before sorting, Length of callerList for caller phanotate is 100
After sorting, Length of callerList for caller phanotate is 100
Processing a callSet
Before sorting, Length of callerList for caller prodigal is 35
After sorting, Length of callerList for caller prodigal is 35
Processing a callSet
Before sorting, Length of callerList for caller  is 0
After sorting, Length of callerList for caller  is 0
callSet processing complete
Comparing across the call sets...
Merging the geneCall sets....
Final merged genes:

***************Merge List
1	Gene No. 1, gene caller: phanotate, leftEnd: 2, rightEnd: 106, strand: -, length: 105, contig: contig_2055, protein: unknown, score1: 1.0, score2: 0.0
2	Gene No. 1, gene caller: prodigal, leftEnd: 2, rightEnd: 106, strand: -, length: 105, contig: contig_2055, protein: unknown, score1: 1.0, score2: 0.0
3	Gene No. 1, gene caller: glimmer, leftEnd: 84, rightEnd: 233, strand: -, length: 150, contig: contig_2055, protein: unknown, score1: 1.0, score2: 0.0
4	Gene No. 2, gene caller: phanotate, leftEnd: 84, rightEnd: 242, strand: -, length: 159, contig: contig_2055, protein: unknown, score1: 1.0, score2: 0.0
5	Gene No. 2, gene caller: prodigal, leftEnd: 84, rightEnd: 242, strand: -, length: 159, contig: contig_2055, protein: unknown, score1: 1.0, score2: 0.0
6	Gene No. 2, gene caller: glimmer, leftEnd: 242, rightEnd: 559, strand: -, length: 318, contig: contig_2055, protein: unknown, score1: 1.0, score2: 0.0
7	Gene No. 3, gene caller: phanotate, leftEnd: 242, rightEnd: 571, strand: -, length: 330, contig: contig_2055, protein: unknown, score1: 1.0, score2: 0.0
8	Gene No. 3, gene caller: prodigal, leftEnd: 242, rightEnd: 571, strand: -, length: 330, contig: contig_2055, protein: unknown, score1: 1.0, score2: 0.0
9	Gene No. 3, gene caller: glimmer, leftEnd: 519, rightEnd: 674, strand: -, length: 156, contig: contig_2055, protein: unknown, score1: 1.0, score2: 0.0
10	Gene No. 4, gene caller: phanotate, leftEnd: 649, rightEnd: 738, strand: -, length: 90, contig: contig_2055, protein: unknown, score1: 1.0, score2: 0.0
11	Gene No. 5, gene caller: phanotate, leftEnd: 824, rightEnd: 934, strand: -, length: 111, contig: contig_2055, protein: unknown, score1: 1.0, score2: 0.0
12	Gene No. 6, gene caller: phanotate, leftEnd: 928, rightEnd: 1038, strand: -, length: 111, contig: contig_2055, protein: unknown, score1: 1.0, score2: 0.0
13	Gene No. 7, gene caller: phanotate, leftEnd: 1055, rightEnd: 1159, strand: -, length: 105, contig: contig_2055, protein: unknown, score1: 1.0, score2: 0.0
14	Gene No. 8, gene caller: phanotate, leftEnd: 1159, rightEnd: 1269, strand: -, length: 111, contig: contig_2055, protein: unknown, score1: 1.0, score2: 0.0
15	Gene No. 4, gene caller: glimmer, leftEnd: 1269, rightEnd: 1466, strand: +, length: 198, contig: contig_2055, protein: unknown, score1: 1.0, score2: 0.0
16	Gene No. 9, gene caller: phanotate, leftEnd: 1414, rightEnd: 1572, strand: -, length: 159, contig: contig_2055, protein: unknown, score1: 1.0, score2: 0.0
17	Gene No. 4, gene caller: prodigal, leftEnd: 1414, rightEnd: 1572, strand: -, length: 159, contig: contig_2055, protein: unknown, score1: 1.0, score2: 0.0
18	Gene No. 5, gene caller: glimmer, leftEnd: 1620, rightEnd: 1754, strand: -, length: 135, contig: contig_2055, protein: unknown, score1: 1.0, score2: 0.0
19	Gene No. 10, gene caller: phanotate, leftEnd: 1620, rightEnd: 1754, strand: -, length: 135, contig: contig_2055, protein: unknown, score1: 1.0, score2: 0.0
20	Gene No. 11, gene caller: phanotate, leftEnd: 1732, rightEnd: 2127, strand: -, length: 396, contig: contig_2055, protein: unknown, score1: 1.0, score2: 0.0
21	Gene No. 5, gene caller: prodigal, leftEnd: 1732, rightEnd: 2127, strand: -, length: 396, contig: contig_2055, protein: unknown, score1: 1.0, score2: 0.0
22	Gene No. 6, gene caller: glimmer, leftEnd: 1732, rightEnd: 2172, strand: -, length: 441, contig: contig_2055, protein: unknown, score1: 1.0, score2: 0.0
23	Gene No. 7, gene caller: glimmer, leftEnd: 2288, rightEnd: 2518, strand: -, length: 231, contig: contig_2055, protein: unknown, score1: 1.0, score2: 0.0
24	Gene No. 12, gene caller: phanotate, leftEnd: 2288, rightEnd: 2518, strand: -, length: 231, contig: contig_2055, protein: unknown, score1: 1.0, score2: 0.0
25	Gene No. 6, gene caller: prodigal, leftEnd: 2288, rightEnd: 2518, strand: -, length: 231, contig: contig_2055, protein: unknown, score1: 1.0, score2: 0.0
26	Gene No. 13, gene caller: phanotate, leftEnd: 2612, rightEnd: 2713, strand: -, length: 102, contig: contig_2055, protein: unknown, score1: 1.0, score2: 0.0
27	Gene No. 8, gene caller: glimmer, leftEnd: 2700, rightEnd: 2882, strand: -, length: 183, contig: contig_2055, protein: unknown, score1: 1.0, score2: 0.0
28	Gene No. 14, gene caller: phanotate, leftEnd: 2700, rightEnd: 2882, strand: -, length: 183, contig: contig_2055, protein: unknown, score1: 1.0, score2: 0.0
29	Gene No. 9, gene caller: glimmer, leftEnd: 2897, rightEnd: 3022, strand: -, length: 126, contig: contig_2055, protein: unknown, score1: 1.0, score2: 0.0
30	Gene No. 15, gene caller: phanotate, leftEnd: 2897, rightEnd: 3022, strand: -, length: 126, contig: contig_2055, protein: unknown, score1: 1.0, score2: 0.0
31	Gene No. 10, gene caller: glimmer, leftEnd: 3054, rightEnd: 3443, strand: -, length: 390, contig: contig_2055, protein: unknown, score1: 1.0, score2: 0.0
32	Gene No. 16, gene caller: phanotate, leftEnd: 3054, rightEnd: 3443, strand: -, length: 390, contig: contig_2055, protein: unknown, score1: 1.0, score2: 0.0
33	Gene No. 7, gene caller: prodigal, leftEnd: 3054, rightEnd: 3443, strand: -, length: 390, contig: contig_2055, protein: unknown, score1: 1.0, score2: 0.0
34	Gene No. 17, gene caller: phanotate, leftEnd: 3436, rightEnd: 3564, strand: -, length: 129, contig: contig_2055, protein: unknown, score1: 1.0, score2: 0.0
35	Gene No. 11, gene caller: glimmer, leftEnd: 3436, rightEnd: 3657, strand: -, length: 222, contig: contig_2055, protein: unknown, score1: 1.0, score2: 0.0
36	Gene No. 18, gene caller: phanotate, leftEnd: 3630, rightEnd: 3743, strand: -, length: 114, contig: contig_2055, protein: unknown, score1: 1.0, score2: 0.0
37	Gene No. 12, gene caller: glimmer, leftEnd: 3787, rightEnd: 3909, strand: +, length: 123, contig: contig_2055, protein: unknown, score1: 1.0, score2: 0.0
38	Gene No. 19, gene caller: phanotate, leftEnd: 3787, rightEnd: 3909, strand: +, length: 123, contig: contig_2055, protein: unknown, score1: 1.0, score2: 0.0
39	Gene No. 20, gene caller: phanotate, leftEnd: 3891, rightEnd: 3989, strand: -, length: 99, contig: contig_2055, protein: unknown, score1: 1.0, score2: 0.0
40	Gene No. 21, gene caller: phanotate, leftEnd: 4037, rightEnd: 4183, strand: -, length: 147, contig: contig_2055, protein: unknown, score1: 1.0, score2: 0.0
41	Gene No. 13, gene caller: glimmer, leftEnd: 4043, rightEnd: 4180, strand: +, length: 138, contig: contig_2055, protein: unknown, score1: 1.0, score2: 0.0
42	Gene No. 8, gene caller: prodigal, leftEnd: 4043, rightEnd: 4180, strand: +, length: 138, contig: contig_2055, protein: unknown, score1: 1.0, score2: 0.0
43	Gene No. 22, gene caller: phanotate, leftEnd: 4266, rightEnd: 4394, strand: -, length: 129, contig: contig_2055, protein: unknown, score1: 1.0, score2: 0.0
44	Gene No. 14, gene caller: glimmer, leftEnd: 4278, rightEnd: 4478, strand: +, length: 201, contig: contig_2055, protein: unknown, score1: 1.0, score2: 0.0
45	Gene No. 23, gene caller: phanotate, leftEnd: 4432, rightEnd: 4578, strand: -, length: 147, contig: contig_2055, protein: unknown, score1: 1.0, score2: 0.0
46	Gene No. 24, gene caller: phanotate, leftEnd: 4657, rightEnd: 4821, strand: -, length: 165, contig: contig_2055, protein: unknown, score1: 1.0, score2: 0.0
47	Gene No. 25, gene caller: phanotate, leftEnd: 4858, rightEnd: 4953, strand: -, length: 96, contig: contig_2055, protein: unknown, score1: 1.0, score2: 0.0
48	Gene No. 26, gene caller: phanotate, leftEnd: 5029, rightEnd: 5151, strand: +, length: 123, contig: contig_2055, protein: unknown, score1: 1.0, score2: 0.0
49	Gene No. 27, gene caller: phanotate, leftEnd: 5123, rightEnd: 5266, strand: +, length: 144, contig: contig_2055, protein: unknown, score1: 1.0, score2: 0.0
50	Gene No. 28, gene caller: phanotate, leftEnd: 5363, rightEnd: 5623, strand: +, length: 261, contig: contig_2055, protein: unknown, score1: 1.0, score2: 0.0
51	Gene No. 15, gene caller: glimmer, leftEnd: 5367, rightEnd: 5480, strand: +, length: 114, contig: contig_2055, protein: unknown, score1: 1.0, score2: 0.0
52	Gene No. 16, gene caller: glimmer, leftEnd: 5695, rightEnd: 6759, strand: +, length: 1065, contig: contig_2055, protein: unknown, score1: 1.0, score2: 0.0
53	Gene No. 29, gene caller: phanotate, leftEnd: 5695, rightEnd: 6759, strand: +, length: 1065, contig: contig_2055, protein: unknown, score1: 1.0, score2: 0.0
54	Gene No. 9, gene caller: prodigal, leftEnd: 5695, rightEnd: 6759, strand: +, length: 1065, contig: contig_2055, protein: unknown, score1: 1.0, score2: 0.0
55	Gene No. 30, gene caller: phanotate, leftEnd: 6948, rightEnd: 7079, strand: -, length: 132, contig: contig_2055, protein: unknown, score1: 1.0, score2: 0.0
56	Gene No. 17, gene caller: glimmer, leftEnd: 7020, rightEnd: 7388, strand: +, length: 369, contig: contig_2055, protein: unknown, score1: 1.0, score2: 0.0
57	Gene No. 31, gene caller: phanotate, leftEnd: 7029, rightEnd: 7388, strand: +, length: 360, contig: contig_2055, protein: unknown, score1: 1.0, score2: 0.0
58	Gene No. 10, gene caller: prodigal, leftEnd: 7029, rightEnd: 7388, strand: +, length: 360, contig: contig_2055, protein: unknown, score1: 1.0, score2: 0.0
59	Gene No. 18, gene caller: glimmer, leftEnd: 7445, rightEnd: 7792, strand: +, length: 348, contig: contig_2055, protein: unknown, score1: 1.0, score2: 0.0
60	Gene No. 32, gene caller: phanotate, leftEnd: 7445, rightEnd: 7792, strand: +, length: 348, contig: contig_2055, protein: unknown, score1: 1.0, score2: 0.0
61	Gene No. 11, gene caller: prodigal, leftEnd: 7445, rightEnd: 7792, strand: +, length: 348, contig: contig_2055, protein: unknown, score1: 1.0, score2: 0.0
62	Gene No. 19, gene caller: glimmer, leftEnd: 7949, rightEnd: 9466, strand: +, length: 1518, contig: contig_2055, protein: unknown, score1: 1.0, score2: 0.0
63	Gene No. 33, gene caller: phanotate, leftEnd: 7949, rightEnd: 9466, strand: +, length: 1518, contig: contig_2055, protein: unknown, score1: 1.0, score2: 0.0
64	Gene No. 12, gene caller: prodigal, leftEnd: 7949, rightEnd: 9466, strand: +, length: 1518, contig: contig_2055, protein: unknown, score1: 1.0, score2: 0.0
65	Gene No. 20, gene caller: glimmer, leftEnd: 9481, rightEnd: 9900, strand: +, length: 420, contig: contig_2055, protein: unknown, score1: 1.0, score2: 0.0
66	Gene No. 34, gene caller: phanotate, leftEnd: 9481, rightEnd: 9900, strand: +, length: 420, contig: contig_2055, protein: unknown, score1: 1.0, score2: 0.0
67	Gene No. 13, gene caller: prodigal, leftEnd: 9481, rightEnd: 9900, strand: +, length: 420, contig: contig_2055, protein: unknown, score1: 1.0, score2: 0.0
68	Gene No. 21, gene caller: glimmer, leftEnd: 9894, rightEnd: 10190, strand: +, length: 297, contig: contig_2055, protein: unknown, score1: 1.0, score2: 0.0
69	Gene No. 35, gene caller: phanotate, leftEnd: 9894, rightEnd: 10190, strand: +, length: 297, contig: contig_2055, protein: unknown, score1: 1.0, score2: 0.0
70	Gene No. 14, gene caller: prodigal, leftEnd: 9900, rightEnd: 10190, strand: +, length: 291, contig: contig_2055, protein: unknown, score1: 1.0, score2: 0.0
71	Gene No. 22, gene caller: glimmer, leftEnd: 10202, rightEnd: 10594, strand: +, length: 393, contig: contig_2055, protein: unknown, score1: 1.0, score2: 0.0
72	Gene No. 36, gene caller: phanotate, leftEnd: 10202, rightEnd: 10594, strand: +, length: 393, contig: contig_2055, protein: unknown, score1: 1.0, score2: 0.0
73	Gene No. 15, gene caller: prodigal, leftEnd: 10202, rightEnd: 10594, strand: +, length: 393, contig: contig_2055, protein: unknown, score1: 1.0, score2: 0.0
74	Gene No. 37, gene caller: phanotate, leftEnd: 10594, rightEnd: 10749, strand: +, length: 156, contig: contig_2055, protein: unknown, score1: 1.0, score2: 0.0
75	Gene No. 16, gene caller: prodigal, leftEnd: 10594, rightEnd: 10749, strand: +, length: 156, contig: contig_2055, protein: unknown, score1: 1.0, score2: 0.0
76	Gene No. 23, gene caller: glimmer, leftEnd: 10603, rightEnd: 10749, strand: +, length: 147, contig: contig_2055, protein: unknown, score1: 1.0, score2: 0.0
77	Gene No. 38, gene caller: phanotate, leftEnd: 10724, rightEnd: 11113, strand: +, length: 390, contig: contig_2055, protein: unknown, score1: 1.0, score2: 0.0
78	Gene No. 24, gene caller: glimmer, leftEnd: 10730, rightEnd: 11113, strand: +, length: 384, contig: contig_2055, protein: unknown, score1: 1.0, score2: 0.0
79	Gene No. 17, gene caller: prodigal, leftEnd: 10730, rightEnd: 11113, strand: +, length: 384, contig: contig_2055, protein: unknown, score1: 1.0, score2: 0.0
80	Gene No. 25, gene caller: glimmer, leftEnd: 11126, rightEnd: 11356, strand: +, length: 231, contig: contig_2055, protein: unknown, score1: 1.0, score2: 0.0
81	Gene No. 39, gene caller: phanotate, leftEnd: 11126, rightEnd: 11356, strand: +, length: 231, contig: contig_2055, protein: unknown, score1: 1.0, score2: 0.0
82	Gene No. 18, gene caller: prodigal, leftEnd: 11126, rightEnd: 11356, strand: +, length: 231, contig: contig_2055, protein: unknown, score1: 1.0, score2: 0.0
83	Gene No. 26, gene caller: glimmer, leftEnd: 11387, rightEnd: 11707, strand: +, length: 321, contig: contig_2055, protein: unknown, score1: 1.0, score2: 0.0
84	Gene No. 40, gene caller: phanotate, leftEnd: 11387, rightEnd: 11707, strand: +, length: 321, contig: contig_2055, protein: unknown, score1: 1.0, score2: 0.0
85	Gene No. 19, gene caller: prodigal, leftEnd: 11387, rightEnd: 11707, strand: +, length: 321, contig: contig_2055, protein: unknown, score1: 1.0, score2: 0.0
86	Gene No. 27, gene caller: glimmer, leftEnd: 11694, rightEnd: 12494, strand: +, length: 801, contig: contig_2055, protein: unknown, score1: 1.0, score2: 0.0
87	Gene No. 41, gene caller: phanotate, leftEnd: 11694, rightEnd: 12494, strand: +, length: 801, contig: contig_2055, protein: unknown, score1: 1.0, score2: 0.0
88	Gene No. 20, gene caller: prodigal, leftEnd: 11694, rightEnd: 12494, strand: +, length: 801, contig: contig_2055, protein: unknown, score1: 1.0, score2: 0.0
89	Gene No. 21, gene caller: prodigal, leftEnd: 12487, rightEnd: 12750, strand: -, length: 264, contig: contig_2055, protein: unknown, score1: 1.0, score2: 0.0
90	Gene No. 28, gene caller: glimmer, leftEnd: 12487, rightEnd: 12753, strand: -, length: 267, contig: contig_2055, protein: unknown, score1: 1.0, score2: 0.0
91	Gene No. 42, gene caller: phanotate, leftEnd: 12487, rightEnd: 12753, strand: -, length: 267, contig: contig_2055, protein: unknown, score1: 1.0, score2: 0.0
92	Gene No. 29, gene caller: glimmer, leftEnd: 12812, rightEnd: 13114, strand: -, length: 303, contig: contig_2055, protein: unknown, score1: 1.0, score2: 0.0
93	Gene No. 43, gene caller: phanotate, leftEnd: 12812, rightEnd: 13114, strand: -, length: 303, contig: contig_2055, protein: unknown, score1: 1.0, score2: 0.0
94	Gene No. 22, gene caller: prodigal, leftEnd: 12812, rightEnd: 13114, strand: -, length: 303, contig: contig_2055, protein: unknown, score1: 1.0, score2: 0.0
95	Gene No. 44, gene caller: phanotate, leftEnd: 13120, rightEnd: 13224, strand: -, length: 105, contig: contig_2055, protein: unknown, score1: 1.0, score2: 0.0
96	Gene No. 23, gene caller: prodigal, leftEnd: 13120, rightEnd: 13254, strand: -, length: 135, contig: contig_2055, protein: unknown, score1: 1.0, score2: 0.0
97	Gene No. 30, gene caller: glimmer, leftEnd: 13120, rightEnd: 13314, strand: -, length: 195, contig: contig_2055, protein: unknown, score1: 1.0, score2: 0.0
98	Gene No. 45, gene caller: phanotate, leftEnd: 13316, rightEnd: 13444, strand: -, length: 129, contig: contig_2055, protein: unknown, score1: 1.0, score2: 0.0
99	Gene No. 31, gene caller: glimmer, leftEnd: 13359, rightEnd: 13472, strand: +, length: 114, contig: contig_2055, protein: unknown, score1: 1.0, score2: 0.0
100	Gene No. 46, gene caller: phanotate, leftEnd: 13626, rightEnd: 13787, strand: -, length: 162, contig: contig_2055, protein: unknown, score1: 1.0, score2: 0.0
101	Gene No. 47, gene caller: phanotate, leftEnd: 13895, rightEnd: 14044, strand: +, length: 150, contig: contig_2055, protein: unknown, score1: 1.0, score2: 0.0
102	Gene No. 24, gene caller: prodigal, leftEnd: 13895, rightEnd: 14044, strand: +, length: 150, contig: contig_2055, protein: unknown, score1: 1.0, score2: 0.0
103	Gene No. 32, gene caller: glimmer, leftEnd: 13995, rightEnd: 14201, strand: +, length: 207, contig: contig_2055, protein: unknown, score1: 1.0, score2: 0.0
104	Gene No. 48, gene caller: phanotate, leftEnd: 13998, rightEnd: 14201, strand: +, length: 204, contig: contig_2055, protein: unknown, score1: 1.0, score2: 0.0
105	Gene No. 49, gene caller: phanotate, leftEnd: 14253, rightEnd: 14612, strand: -, length: 360, contig: contig_2055, protein: unknown, score1: 1.0, score2: 0.0
106	Gene No. 25, gene caller: prodigal, leftEnd: 14253, rightEnd: 14612, strand: -, length: 360, contig: contig_2055, protein: unknown, score1: 1.0, score2: 0.0
107	Gene No. 33, gene caller: glimmer, leftEnd: 14253, rightEnd: 14684, strand: -, length: 432, contig: contig_2055, protein: unknown, score1: 1.0, score2: 0.0
108	Gene No. 50, gene caller: phanotate, leftEnd: 14602, rightEnd: 14703, strand: -, length: 102, contig: contig_2055, protein: unknown, score1: 1.0, score2: 0.0
109	Gene No. 34, gene caller: glimmer, leftEnd: 14700, rightEnd: 14891, strand: -, length: 192, contig: contig_2055, protein: unknown, score1: 1.0, score2: 0.0
110	Gene No. 51, gene caller: phanotate, leftEnd: 14700, rightEnd: 14891, strand: -, length: 192, contig: contig_2055, protein: unknown, score1: 1.0, score2: 0.0
111	Gene No. 26, gene caller: prodigal, leftEnd: 14700, rightEnd: 14891, strand: -, length: 192, contig: contig_2055, protein: unknown, score1: 1.0, score2: 0.0
112	Gene No. 52, gene caller: phanotate, leftEnd: 14879, rightEnd: 15028, strand: -, length: 150, contig: contig_2055, protein: unknown, score1: 1.0, score2: 0.0
113	Gene No. 35, gene caller: glimmer, leftEnd: 14879, rightEnd: 15121, strand: -, length: 243, contig: contig_2055, protein: unknown, score1: 1.0, score2: 0.0
114	Gene No. 27, gene caller: prodigal, leftEnd: 14879, rightEnd: 15121, strand: -, length: 243, contig: contig_2055, protein: unknown, score1: 1.0, score2: 0.0
115	Gene No. 36, gene caller: glimmer, leftEnd: 15112, rightEnd: 15312, strand: +, length: 201, contig: contig_2055, protein: unknown, score1: 1.0, score2: 0.0
116	Gene No. 53, gene caller: phanotate, leftEnd: 15112, rightEnd: 15312, strand: +, length: 201, contig: contig_2055, protein: unknown, score1: 1.0, score2: 0.0
117	Gene No. 37, gene caller: glimmer, leftEnd: 15380, rightEnd: 15514, strand: -, length: 135, contig: contig_2055, protein: unknown, score1: 1.0, score2: 0.0
118	Gene No. 54, gene caller: phanotate, leftEnd: 15380, rightEnd: 15514, strand: -, length: 135, contig: contig_2055, protein: unknown, score1: 1.0, score2: 0.0
119	Gene No. 38, gene caller: glimmer, leftEnd: 15502, rightEnd: 16452, strand: +, length: 951, contig: contig_2055, protein: unknown, score1: 1.0, score2: 0.0
120	Gene No. 55, gene caller: phanotate, leftEnd: 15502, rightEnd: 16452, strand: +, length: 951, contig: contig_2055, protein: unknown, score1: 1.0, score2: 0.0
121	Gene No. 28, gene caller: prodigal, leftEnd: 15502, rightEnd: 16452, strand: +, length: 951, contig: contig_2055, protein: unknown, score1: 1.0, score2: 0.0
122	Gene No. 39, gene caller: glimmer, leftEnd: 16546, rightEnd: 17343, strand: -, length: 798, contig: contig_2055, protein: unknown, score1: 1.0, score2: 0.0
123	Gene No. 29, gene caller: prodigal, leftEnd: 16546, rightEnd: 17343, strand: -, length: 798, contig: contig_2055, protein: unknown, score1: 1.0, score2: 0.0
124	Gene No. 56, gene caller: phanotate, leftEnd: 16546, rightEnd: 17382, strand: -, length: 837, contig: contig_2055, protein: unknown, score1: 1.0, score2: 0.0
125	Gene No. 40, gene caller: glimmer, leftEnd: 17330, rightEnd: 17689, strand: -, length: 360, contig: contig_2055, protein: unknown, score1: 1.0, score2: 0.0
126	Gene No. 57, gene caller: phanotate, leftEnd: 17330, rightEnd: 17689, strand: -, length: 360, contig: contig_2055, protein: unknown, score1: 1.0, score2: 0.0
127	Gene No. 30, gene caller: prodigal, leftEnd: 17330, rightEnd: 17689, strand: -, length: 360, contig: contig_2055, protein: unknown, score1: 1.0, score2: 0.0
128	Gene No. 41, gene caller: glimmer, leftEnd: 17722, rightEnd: 17952, strand: -, length: 231, contig: contig_2055, protein: unknown, score1: 1.0, score2: 0.0
129	Gene No. 58, gene caller: phanotate, leftEnd: 17722, rightEnd: 17952, strand: -, length: 231, contig: contig_2055, protein: unknown, score1: 1.0, score2: 0.0
130	Gene No. 31, gene caller: prodigal, leftEnd: 17722, rightEnd: 17952, strand: -, length: 231, contig: contig_2055, protein: unknown, score1: 1.0, score2: 0.0
131	Gene No. 42, gene caller: glimmer, leftEnd: 17965, rightEnd: 18348, strand: -, length: 384, contig: contig_2055, protein: unknown, score1: 1.0, score2: 0.0
132	Gene No. 59, gene caller: phanotate, leftEnd: 17965, rightEnd: 18348, strand: -, length: 384, contig: contig_2055, protein: unknown, score1: 1.0, score2: 0.0
133	Gene No. 32, gene caller: prodigal, leftEnd: 17965, rightEnd: 18348, strand: -, length: 384, contig: contig_2055, protein: unknown, score1: 1.0, score2: 0.0
134	Gene No. 43, gene caller: glimmer, leftEnd: 18326, rightEnd: 18484, strand: -, length: 159, contig: contig_2055, protein: unknown, score1: 1.0, score2: 0.0
135	Gene No. 60, gene caller: phanotate, leftEnd: 18326, rightEnd: 18484, strand: -, length: 159, contig: contig_2055, protein: unknown, score1: 1.0, score2: 0.0
136	Gene No. 44, gene caller: glimmer, leftEnd: 18477, rightEnd: 18959, strand: -, length: 483, contig: contig_2055, protein: unknown, score1: 1.0, score2: 0.0
137	Gene No. 61, gene caller: phanotate, leftEnd: 18477, rightEnd: 18959, strand: -, length: 483, contig: contig_2055, protein: unknown, score1: 1.0, score2: 0.0
138	Gene No. 33, gene caller: prodigal, leftEnd: 18477, rightEnd: 18959, strand: -, length: 483, contig: contig_2055, protein: unknown, score1: 1.0, score2: 0.0
139	Gene No. 45, gene caller: glimmer, leftEnd: 18972, rightEnd: 19202, strand: -, length: 231, contig: contig_2055, protein: unknown, score1: 1.0, score2: 0.0
140	Gene No. 62, gene caller: phanotate, leftEnd: 18972, rightEnd: 19202, strand: -, length: 231, contig: contig_2055, protein: unknown, score1: 1.0, score2: 0.0
141	Gene No. 34, gene caller: prodigal, leftEnd: 18972, rightEnd: 19202, strand: -, length: 231, contig: contig_2055, protein: unknown, score1: 1.0, score2: 0.0
142	Gene No. 63, gene caller: phanotate, leftEnd: 19270, rightEnd: 19410, strand: -, length: 141, contig: contig_2055, protein: unknown, score1: 1.0, score2: 0.0
143	Gene No. 46, gene caller: glimmer, leftEnd: 19407, rightEnd: 19604, strand: -, length: 198, contig: contig_2055, protein: unknown, score1: 1.0, score2: 0.0
144	Gene No. 64, gene caller: phanotate, leftEnd: 19407, rightEnd: 19604, strand: -, length: 198, contig: contig_2055, protein: unknown, score1: 1.0, score2: 0.0
145	Gene No. 65, gene caller: phanotate, leftEnd: 19711, rightEnd: 19800, strand: -, length: 90, contig: contig_2055, protein: unknown, score1: 1.0, score2: 0.0
146	Gene No. 47, gene caller: glimmer, leftEnd: 19967, rightEnd: 20206, strand: -, length: 240, contig: contig_2055, protein: unknown, score1: 1.0, score2: 0.0
147	Gene No. 66, gene caller: phanotate, leftEnd: 19967, rightEnd: 20206, strand: -, length: 240, contig: contig_2055, protein: unknown, score1: 1.0, score2: 0.0
148	Gene No. 67, gene caller: phanotate, leftEnd: 20245, rightEnd: 20382, strand: -, length: 138, contig: contig_2055, protein: unknown, score1: 1.0, score2: 0.0
149	Gene No. 68, gene caller: phanotate, leftEnd: 20397, rightEnd: 20705, strand: -, length: 309, contig: contig_2055, protein: unknown, score1: 1.0, score2: 0.0
150	Gene No. 69, gene caller: phanotate, leftEnd: 20728, rightEnd: 20967, strand: -, length: 240, contig: contig_2055, protein: unknown, score1: 1.0, score2: 0.0
151	Gene No. 70, gene caller: phanotate, leftEnd: 21099, rightEnd: 21206, strand: -, length: 108, contig: contig_2055, protein: unknown, score1: 1.0, score2: 0.0
152	Gene No. 48, gene caller: glimmer, leftEnd: 21334, rightEnd: 21561, strand: -, length: 228, contig: contig_2055, protein: unknown, score1: 1.0, score2: 0.0
153	Gene No. 71, gene caller: phanotate, leftEnd: 21334, rightEnd: 21561, strand: -, length: 228, contig: contig_2055, protein: unknown, score1: 1.0, score2: 0.0
154	Gene No. 72, gene caller: phanotate, leftEnd: 21618, rightEnd: 21800, strand: +, length: 183, contig: contig_2055, protein: unknown, score1: 1.0, score2: 0.0
155	Gene No. 73, gene caller: phanotate, leftEnd: 21869, rightEnd: 21964, strand: +, length: 96, contig: contig_2055, protein: unknown, score1: 1.0, score2: 0.0
156	Gene No. 74, gene caller: phanotate, leftEnd: 22067, rightEnd: 22201, strand: +, length: 135, contig: contig_2055, protein: unknown, score1: 1.0, score2: 0.0
157	Gene No. 75, gene caller: phanotate, leftEnd: 22277, rightEnd: 22408, strand: +, length: 132, contig: contig_2055, protein: unknown, score1: 1.0, score2: 0.0
158	Gene No. 76, gene caller: phanotate, leftEnd: 22449, rightEnd: 22652, strand: +, length: 204, contig: contig_2055, protein: unknown, score1: 1.0, score2: 0.0
159	Gene No. 77, gene caller: phanotate, leftEnd: 22724, rightEnd: 22822, strand: +, length: 99, contig: contig_2055, protein: unknown, score1: 1.0, score2: 0.0
160	Gene No. 78, gene caller: phanotate, leftEnd: 22866, rightEnd: 22970, strand: +, length: 105, contig: contig_2055, protein: unknown, score1: 1.0, score2: 0.0
161	Gene No. 79, gene caller: phanotate, leftEnd: 22973, rightEnd: 23077, strand: +, length: 105, contig: contig_2055, protein: unknown, score1: 1.0, score2: 0.0
162	Gene No. 80, gene caller: phanotate, leftEnd: 23119, rightEnd: 23301, strand: +, length: 183, contig: contig_2055, protein: unknown, score1: 1.0, score2: 0.0
163	Gene No. 81, gene caller: phanotate, leftEnd: 23347, rightEnd: 23706, strand: +, length: 360, contig: contig_2055, protein: unknown, score1: 1.0, score2: 0.0
164	Gene No. 82, gene caller: phanotate, leftEnd: 23738, rightEnd: 23836, strand: -, length: 99, contig: contig_2055, protein: unknown, score1: 1.0, score2: 0.0
165	Gene No. 83, gene caller: phanotate, leftEnd: 23851, rightEnd: 24042, strand: -, length: 192, contig: contig_2055, protein: unknown, score1: 1.0, score2: 0.0
166	Gene No. 35, gene caller: prodigal, leftEnd: 23851, rightEnd: 24366, strand: -, length: 516, contig: contig_2055, protein: unknown, score1: 1.0, score2: 0.0
167	Gene No. 49, gene caller: glimmer, leftEnd: 24072, rightEnd: 24668, strand: +, length: 597, contig: contig_2055, protein: unknown, score1: 1.0, score2: 0.0
168	Gene No. 84, gene caller: phanotate, leftEnd: 24090, rightEnd: 24668, strand: +, length: 579, contig: contig_2055, protein: unknown, score1: 1.0, score2: 0.0
169	Gene No. 85, gene caller: phanotate, leftEnd: 24743, rightEnd: 24874, strand: +, length: 132, contig: contig_2055, protein: unknown, score1: 1.0, score2: 0.0
170	Gene No. 86, gene caller: phanotate, leftEnd: 24871, rightEnd: 25044, strand: +, length: 174, contig: contig_2055, protein: unknown, score1: 1.0, score2: 0.0
171	Gene No. 87, gene caller: phanotate, leftEnd: 25105, rightEnd: 25281, strand: +, length: 177, contig: contig_2055, protein: unknown, score1: 1.0, score2: 0.0
172	Gene No. 88, gene caller: phanotate, leftEnd: 25392, rightEnd: 25607, strand: +, length: 216, contig: contig_2055, protein: unknown, score1: 1.0, score2: 0.0
173	Gene No. 89, gene caller: phanotate, leftEnd: 25580, rightEnd: 25897, strand: +, length: 318, contig: contig_2055, protein: unknown, score1: 1.0, score2: 0.0
174	Gene No. 90, gene caller: phanotate, leftEnd: 25901, rightEnd: 26011, strand: +, length: 111, contig: contig_2055, protein: unknown, score1: 1.0, score2: 0.0
175	Gene No. 91, gene caller: phanotate, leftEnd: 26008, rightEnd: 26130, strand: +, length: 123, contig: contig_2055, protein: unknown, score1: 1.0, score2: 0.0
176	Gene No. 92, gene caller: phanotate, leftEnd: 26198, rightEnd: 26332, strand: -, length: 135, contig: contig_2055, protein: unknown, score1: 1.0, score2: 0.0
177	Gene No. 93, gene caller: phanotate, leftEnd: 26606, rightEnd: 26701, strand: +, length: 96, contig: contig_2055, protein: unknown, score1: 1.0, score2: 0.0
178	Gene No. 50, gene caller: glimmer, leftEnd: 26702, rightEnd: 26941, strand: +, length: 240, contig: contig_2055, protein: unknown, score1: 1.0, score2: 0.0
179	Gene No. 94, gene caller: phanotate, leftEnd: 26702, rightEnd: 26941, strand: +, length: 240, contig: contig_2055, protein: unknown, score1: 1.0, score2: 0.0
180	Gene No. 95, gene caller: phanotate, leftEnd: 26980, rightEnd: 27243, strand: -, length: 264, contig: contig_2055, protein: unknown, score1: 1.0, score2: 0.0
181	Gene No. 96, gene caller: phanotate, leftEnd: 27273, rightEnd: 27383, strand: -, length: 111, contig: contig_2055, protein: unknown, score1: 1.0, score2: 0.0
182	Gene No. 51, gene caller: glimmer, leftEnd: 27282, rightEnd: 27482, strand: +, length: 201, contig: contig_2055, protein: unknown, score1: 1.0, score2: 0.0
183	Gene No. 97, gene caller: phanotate, leftEnd: 27466, rightEnd: 27744, strand: -, length: 279, contig: contig_2055, protein: unknown, score1: 1.0, score2: 0.0
184	Gene No. 98, gene caller: phanotate, leftEnd: 27862, rightEnd: 27996, strand: +, length: 135, contig: contig_2055, protein: unknown, score1: 1.0, score2: 0.0
185	Gene No. 99, gene caller: phanotate, leftEnd: 28062, rightEnd: 28223, strand: -, length: 162, contig: contig_2055, protein: unknown, score1: 1.0, score2: 0.0
186	Gene No. 100, gene caller: phanotate, leftEnd: 28441, rightEnd: 28539, strand: +, length: 99, contig: contig_2055, protein: unknown, score1: 1.0, score2: 0.0
Comparing across geneCall sets....
Scoring gene calls....
Identifying common core...
This is the Common Core List:

***************Common Core
CC-gene 1	Gene No. 1, gene caller: All_callers, leftEnd: 2288, rightEnd: 2518, strand: -, length: 231, contig: contig_2055, protein: unknown, score1: 1.0, score2: 0.0
CC-gene 2	Gene No. 1, gene caller: All_callers, leftEnd: 3054, rightEnd: 3443, strand: -, length: 390, contig: contig_2055, protein: unknown, score1: 1.0, score2: 0.0
CC-gene 3	Gene No. 1, gene caller: All_callers, leftEnd: 5695, rightEnd: 6759, strand: +, length: 1065, contig: contig_2055, protein: unknown, score1: 1.0, score2: 0.0
CC-gene 4	Gene No. 1, gene caller: All_callers, leftEnd: 7445, rightEnd: 7792, strand: +, length: 348, contig: contig_2055, protein: unknown, score1: 1.0, score2: 0.0
CC-gene 5	Gene No. 1, gene caller: All_callers, leftEnd: 7949, rightEnd: 9466, strand: +, length: 1518, contig: contig_2055, protein: unknown, score1: 1.0, score2: 0.0
CC-gene 6	Gene No. 1, gene caller: All_callers, leftEnd: 9481, rightEnd: 9900, strand: +, length: 420, contig: contig_2055, protein: unknown, score1: 1.0, score2: 0.0
CC-gene 7	Gene No. 1, gene caller: All_callers, leftEnd: 10202, rightEnd: 10594, strand: +, length: 393, contig: contig_2055, protein: unknown, score1: 1.0, score2: 0.0
CC-gene 8	Gene No. 1, gene caller: All_callers, leftEnd: 11126, rightEnd: 11356, strand: +, length: 231, contig: contig_2055, protein: unknown, score1: 1.0, score2: 0.0
CC-gene 9	Gene No. 1, gene caller: All_callers, leftEnd: 11387, rightEnd: 11707, strand: +, length: 321, contig: contig_2055, protein: unknown, score1: 1.0, score2: 0.0
CC-gene 10	Gene No. 1, gene caller: All_callers, leftEnd: 11694, rightEnd: 12494, strand: +, length: 801, contig: contig_2055, protein: unknown, score1: 1.0, score2: 0.0
CC-gene 11	Gene No. 1, gene caller: All_callers, leftEnd: 12812, rightEnd: 13114, strand: -, length: 303, contig: contig_2055, protein: unknown, score1: 1.0, score2: 0.0
CC-gene 12	Gene No. 1, gene caller: All_callers, leftEnd: 14700, rightEnd: 14891, strand: -, length: 192, contig: contig_2055, protein: unknown, score1: 1.0, score2: 0.0
CC-gene 13	Gene No. 1, gene caller: All_callers, leftEnd: 15502, rightEnd: 16452, strand: +, length: 951, contig: contig_2055, protein: unknown, score1: 1.0, score2: 0.0
CC-gene 14	Gene No. 1, gene caller: All_callers, leftEnd: 17330, rightEnd: 17689, strand: -, length: 360, contig: contig_2055, protein: unknown, score1: 1.0, score2: 0.0
CC-gene 15	Gene No. 1, gene caller: All_callers, leftEnd: 17722, rightEnd: 17952, strand: -, length: 231, contig: contig_2055, protein: unknown, score1: 1.0, score2: 0.0
CC-gene 16	Gene No. 1, gene caller: All_callers, leftEnd: 17965, rightEnd: 18348, strand: -, length: 384, contig: contig_2055, protein: unknown, score1: 1.0, score2: 0.0
CC-gene 17	Gene No. 1, gene caller: All_callers, leftEnd: 18477, rightEnd: 18959, strand: -, length: 483, contig: contig_2055, protein: unknown, score1: 1.0, score2: 0.0
CC-gene 18	Gene No. 1, gene caller: All_callers, leftEnd: 18972, rightEnd: 19202, strand: -, length: 231, contig: contig_2055, protein: unknown, score1: 1.0, score2: 0.0
Printing gene-call superset, consensus, and common_core in GFF and CGC formats
Printing report....
The following gene callers were considered: glimmer, phanotate, prodigal, The number of distinct gene calls over all gene callers is 124
The number of gene calls in common among all callers is 18
The number of unique (non-matching) gene calls is80
Caller glimmer produced 51 gene calls.
Caller glimmer gene-call length stats:  min: 114, max: 1518, ave: 333.52941176470586
Caller phanotate produced 100 gene calls.
Caller phanotate gene-call length stats:  min: 90, max: 1518, ave: 239.85
Caller prodigal produced 35 gene calls.
Caller prodigal gene-call length stats:  min: 105, max: 1518, ave: 394.2

Gene-call Scores:
Caller	Contig	Gene No.	Left End	Right End	Strand	gcScore
phanotate	contig_2055	1	2	106	-	0.83
prodigal	contig_2055	1	2	106	-	0.83
glimmer	contig_2055	1	84	233	-	0.50
phanotate	contig_2055	2	84	242	-	0.83
prodigal	contig_2055	2	84	242	-	0.83
glimmer	contig_2055	2	242	559	-	0.50
phanotate	contig_2055	3	242	571	-	0.83
prodigal	contig_2055	3	242	571	-	0.83
glimmer	contig_2055	3	519	674	-	0.33
phanotate	contig_2055	4	649	738	-	0.33
phanotate	contig_2055	5	824	934	-	0.33
phanotate	contig_2055	6	928	1038	-	0.33
phanotate	contig_2055	7	1055	1159	-	0.33
phanotate	contig_2055	8	1159	1269	-	0.33
glimmer	contig_2055	4	1269	1466	+	0.33
phanotate	contig_2055	9	1414	1572	-	0.83
prodigal	contig_2055	4	1414	1572	-	0.83
glimmer	contig_2055	5	1620	1754	-	0.83
phanotate	contig_2055	10	1620	1754	-	0.83
phanotate	contig_2055	11	1732	2127	-	0.83
prodigal	contig_2055	5	1732	2127	-	0.83
glimmer	contig_2055	6	1732	2172	-	0.50
glimmer	contig_2055	7	2288	2518	-	1.00
phanotate	contig_2055	12	2288	2518	-	1.00
prodigal	contig_2055	6	2288	2518	-	1.00
phanotate	contig_2055	13	2612	2713	-	0.33
glimmer	contig_2055	8	2700	2882	-	0.83
phanotate	contig_2055	14	2700	2882	-	0.83
glimmer	contig_2055	9	2897	3022	-	0.83
phanotate	contig_2055	15	2897	3022	-	0.83
glimmer	contig_2055	10	3054	3443	-	1.00
phanotate	contig_2055	16	3054	3443	-	1.00
prodigal	contig_2055	7	3054	3443	-	1.00
phanotate	contig_2055	17	3436	3564	-	0.50
glimmer	contig_2055	11	3436	3657	-	0.50
phanotate	contig_2055	18	3630	3743	-	0.33
glimmer	contig_2055	12	3787	3909	+	0.83
phanotate	contig_2055	19	3787	3909	+	0.83
phanotate	contig_2055	20	3891	3989	-	0.33
phanotate	contig_2055	21	4037	4183	-	0.33
glimmer	contig_2055	13	4043	4180	+	0.83
prodigal	contig_2055	8	4043	4180	+	0.83
phanotate	contig_2055	22	4266	4394	-	0.33
glimmer	contig_2055	14	4278	4478	+	0.33
phanotate	contig_2055	23	4432	4578	-	0.33
phanotate	contig_2055	24	4657	4821	-	0.33
phanotate	contig_2055	25	4858	4953	-	0.33
phanotate	contig_2055	26	5029	5151	+	0.33
phanotate	contig_2055	27	5123	5266	+	0.33
phanotate	contig_2055	28	5363	5623	+	0.33
glimmer	contig_2055	15	5367	5480	+	0.33
glimmer	contig_2055	16	5695	6759	+	1.00
phanotate	contig_2055	29	5695	6759	+	1.00
prodigal	contig_2055	9	5695	6759	+	1.00
phanotate	contig_2055	30	6948	7079	-	0.33
glimmer	contig_2055	17	7020	7388	+	0.50
phanotate	contig_2055	31	7029	7388	+	0.83
prodigal	contig_2055	10	7029	7388	+	0.83
glimmer	contig_2055	18	7445	7792	+	1.00
phanotate	contig_2055	32	7445	7792	+	1.00
prodigal	contig_2055	11	7445	7792	+	1.00
glimmer	contig_2055	19	7949	9466	+	1.00
phanotate	contig_2055	33	7949	9466	+	1.00
prodigal	contig_2055	12	7949	9466	+	1.00
glimmer	contig_2055	20	9481	9900	+	1.00
phanotate	contig_2055	34	9481	9900	+	1.00
prodigal	contig_2055	13	9481	9900	+	1.00
glimmer	contig_2055	21	9894	10190	+	0.83
phanotate	contig_2055	35	9894	10190	+	0.83
prodigal	contig_2055	14	9900	10190	+	0.50
glimmer	contig_2055	22	10202	10594	+	1.00
phanotate	contig_2055	36	10202	10594	+	1.00
prodigal	contig_2055	15	10202	10594	+	1.00
phanotate	contig_2055	37	10594	10749	+	0.83
prodigal	contig_2055	16	10594	10749	+	0.83
glimmer	contig_2055	23	10603	10749	+	0.50
phanotate	contig_2055	38	10724	11113	+	0.50
glimmer	contig_2055	24	10730	11113	+	0.83
prodigal	contig_2055	17	10730	11113	+	0.83
glimmer	contig_2055	25	11126	11356	+	1.00
phanotate	contig_2055	39	11126	11356	+	1.00
prodigal	contig_2055	18	11126	11356	+	1.00
glimmer	contig_2055	26	11387	11707	+	1.00
phanotate	contig_2055	40	11387	11707	+	1.00
prodigal	contig_2055	19	11387	11707	+	1.00
glimmer	contig_2055	27	11694	12494	+	1.00
phanotate	contig_2055	41	11694	12494	+	1.00
prodigal	contig_2055	20	11694	12494	+	1.00
prodigal	contig_2055	21	12487	12750	-	0.50
glimmer	contig_2055	28	12487	12753	-	0.83
phanotate	contig_2055	42	12487	12753	-	0.83
glimmer	contig_2055	29	12812	13114	-	1.00
phanotate	contig_2055	43	12812	13114	-	1.00
prodigal	contig_2055	22	12812	13114	-	1.00
phanotate	contig_2055	44	13120	13224	-	0.50
prodigal	contig_2055	23	13120	13254	-	0.50
glimmer	contig_2055	30	13120	13314	-	0.50
phanotate	contig_2055	45	13316	13444	-	0.33
glimmer	contig_2055	31	13359	13472	+	0.33
phanotate	contig_2055	46	13626	13787	-	0.33
phanotate	contig_2055	47	13895	14044	+	0.83
prodigal	contig_2055	24	13895	14044	+	0.83
glimmer	contig_2055	32	13995	14201	+	0.50
phanotate	contig_2055	48	13998	14201	+	0.50
phanotate	contig_2055	49	14253	14612	-	0.83
prodigal	contig_2055	25	14253	14612	-	0.83
glimmer	contig_2055	33	14253	14684	-	0.50
phanotate	contig_2055	50	14602	14703	-	0.33
glimmer	contig_2055	34	14700	14891	-	1.00
phanotate	contig_2055	51	14700	14891	-	1.00
prodigal	contig_2055	26	14700	14891	-	1.00
phanotate	contig_2055	52	14879	15028	-	0.50
glimmer	contig_2055	35	14879	15121	-	0.83
prodigal	contig_2055	27	14879	15121	-	0.83
glimmer	contig_2055	36	15112	15312	+	0.83
phanotate	contig_2055	53	15112	15312	+	0.83
glimmer	contig_2055	37	15380	15514	-	0.83
phanotate	contig_2055	54	15380	15514	-	0.83
glimmer	contig_2055	38	15502	16452	+	1.00
phanotate	contig_2055	55	15502	16452	+	1.00
prodigal	contig_2055	28	15502	16452	+	1.00
glimmer	contig_2055	39	16546	17343	-	0.83
prodigal	contig_2055	29	16546	17343	-	0.83
phanotate	contig_2055	56	16546	17382	-	0.50
glimmer	contig_2055	40	17330	17689	-	1.00
phanotate	contig_2055	57	17330	17689	-	1.00
prodigal	contig_2055	30	17330	17689	-	1.00
glimmer	contig_2055	41	17722	17952	-	1.00
phanotate	contig_2055	58	17722	17952	-	1.00
prodigal	contig_2055	31	17722	17952	-	1.00
glimmer	contig_2055	42	17965	18348	-	1.00
phanotate	contig_2055	59	17965	18348	-	1.00
prodigal	contig_2055	32	17965	18348	-	1.00
glimmer	contig_2055	43	18326	18484	-	0.83
phanotate	contig_2055	60	18326	18484	-	0.83
glimmer	contig_2055	44	18477	18959	-	1.00
phanotate	contig_2055	61	18477	18959	-	1.00
prodigal	contig_2055	33	18477	18959	-	1.00
glimmer	contig_2055	45	18972	19202	-	1.00
phanotate	contig_2055	62	18972	19202	-	1.00
prodigal	contig_2055	34	18972	19202	-	1.00
phanotate	contig_2055	63	19270	19410	-	0.33
glimmer	contig_2055	46	19407	19604	-	0.83
phanotate	contig_2055	64	19407	19604	-	0.83
phanotate	contig_2055	65	19711	19800	-	0.33
glimmer	contig_2055	47	19967	20206	-	0.83
phanotate	contig_2055	66	19967	20206	-	0.83
phanotate	contig_2055	67	20245	20382	-	0.33
phanotate	contig_2055	68	20397	20705	-	0.33
phanotate	contig_2055	69	20728	20967	-	0.33
phanotate	contig_2055	70	21099	21206	-	0.33
glimmer	contig_2055	48	21334	21561	-	0.83
phanotate	contig_2055	71	21334	21561	-	0.83
phanotate	contig_2055	72	21618	21800	+	0.33
phanotate	contig_2055	73	21869	21964	+	0.33
phanotate	contig_2055	74	22067	22201	+	0.33
phanotate	contig_2055	75	22277	22408	+	0.33
phanotate	contig_2055	76	22449	22652	+	0.33
phanotate	contig_2055	77	22724	22822	+	0.33
phanotate	contig_2055	78	22866	22970	+	0.33
phanotate	contig_2055	79	22973	23077	+	0.33
phanotate	contig_2055	80	23119	23301	+	0.33
phanotate	contig_2055	81	23347	23706	+	0.33
phanotate	contig_2055	82	23738	23836	-	0.33
phanotate	contig_2055	83	23851	24042	-	0.50
prodigal	contig_2055	35	23851	24366	-	0.50
glimmer	contig_2055	49	24072	24668	+	0.50
phanotate	contig_2055	84	24090	24668	+	0.50
phanotate	contig_2055	85	24743	24874	+	0.33
phanotate	contig_2055	86	24871	25044	+	0.33
phanotate	contig_2055	87	25105	25281	+	0.33
phanotate	contig_2055	88	25392	25607	+	0.33
phanotate	contig_2055	89	25580	25897	+	0.33
phanotate	contig_2055	90	25901	26011	+	0.33
phanotate	contig_2055	91	26008	26130	+	0.33
phanotate	contig_2055	92	26198	26332	-	0.33
phanotate	contig_2055	93	26606	26701	+	0.33
glimmer	contig_2055	50	26702	26941	+	0.83
phanotate	contig_2055	94	26702	26941	+	0.83
phanotate	contig_2055	95	26980	27243	-	0.33
phanotate	contig_2055	96	27273	27383	-	0.33
glimmer	contig_2055	51	27282	27482	+	0.33
phanotate	contig_2055	97	27466	27744	-	0.33
phanotate	contig_2055	98	27862	27996	+	0.33
phanotate	contig_2055	99	28062	28223	-	0.33
phanotate	contig_2055	100	28441	28539	+	0.33

Gene-call Consensus Scores:
Caller glimmer average gene-call score: 0.77
Caller phanotate average gene-call score: 0.58
Caller prodigal average gene-call score: 0.88

***************Unique List
Unique gene call 1
  --  Gene No. 1, gene caller: phanotate, leftEnd: 2, rightEnd: 106, strand: -, length: 105, contig: contig_2055, protein: unknown, score1: 0.8333333333333333, score2: 0.0
  --  Gene No. 1, gene caller: prodigal, leftEnd: 2, rightEnd: 106, strand: -, length: 105, contig: contig_2055, protein: unknown, score1: 0.8333333333333333, score2: 0.0
Unique gene call 2
  --  Gene No. 1, gene caller: glimmer, leftEnd: 84, rightEnd: 233, strand: -, length: 150, contig: contig_2055, protein: unknown, score1: 0.5, score2: 0.0
Unique gene call 3
  --  Gene No. 2, gene caller: phanotate, leftEnd: 84, rightEnd: 242, strand: -, length: 159, contig: contig_2055, protein: unknown, score1: 0.8333333333333333, score2: 0.0
  --  Gene No. 2, gene caller: prodigal, leftEnd: 84, rightEnd: 242, strand: -, length: 159, contig: contig_2055, protein: unknown, score1: 0.8333333333333333, score2: 0.0
Unique gene call 4
  --  Gene No. 2, gene caller: glimmer, leftEnd: 242, rightEnd: 559, strand: -, length: 318, contig: contig_2055, protein: unknown, score1: 0.5, score2: 0.0
Unique gene call 5
  --  Gene No. 3, gene caller: phanotate, leftEnd: 242, rightEnd: 571, strand: -, length: 330, contig: contig_2055, protein: unknown, score1: 0.8333333333333333, score2: 0.0
  --  Gene No. 3, gene caller: prodigal, leftEnd: 242, rightEnd: 571, strand: -, length: 330, contig: contig_2055, protein: unknown, score1: 0.8333333333333333, score2: 0.0
Unique gene call 6
  --  Gene No. 3, gene caller: glimmer, leftEnd: 519, rightEnd: 674, strand: -, length: 156, contig: contig_2055, protein: unknown, score1: 0.3333333333333333, score2: 0.0
Unique gene call 7
  --  Gene No. 4, gene caller: phanotate, leftEnd: 649, rightEnd: 738, strand: -, length: 90, contig: contig_2055, protein: unknown, score1: 0.3333333333333333, score2: 0.0
Unique gene call 8
  --  Gene No. 5, gene caller: phanotate, leftEnd: 824, rightEnd: 934, strand: -, length: 111, contig: contig_2055, protein: unknown, score1: 0.3333333333333333, score2: 0.0
Unique gene call 9
  --  Gene No. 6, gene caller: phanotate, leftEnd: 928, rightEnd: 1038, strand: -, length: 111, contig: contig_2055, protein: unknown, score1: 0.3333333333333333, score2: 0.0
Unique gene call 10
  --  Gene No. 7, gene caller: phanotate, leftEnd: 1055, rightEnd: 1159, strand: -, length: 105, contig: contig_2055, protein: unknown, score1: 0.3333333333333333, score2: 0.0
Unique gene call 11
  --  Gene No. 8, gene caller: phanotate, leftEnd: 1159, rightEnd: 1269, strand: -, length: 111, contig: contig_2055, protein: unknown, score1: 0.3333333333333333, score2: 0.0
Unique gene call 12
  --  Gene No. 4, gene caller: glimmer, leftEnd: 1269, rightEnd: 1466, strand: +, length: 198, contig: contig_2055, protein: unknown, score1: 0.3333333333333333, score2: 0.0
Unique gene call 13
  --  Gene No. 9, gene caller: phanotate, leftEnd: 1414, rightEnd: 1572, strand: -, length: 159, contig: contig_2055, protein: unknown, score1: 0.8333333333333333, score2: 0.0
  --  Gene No. 4, gene caller: prodigal, leftEnd: 1414, rightEnd: 1572, strand: -, length: 159, contig: contig_2055, protein: unknown, score1: 0.8333333333333333, score2: 0.0
Unique gene call 14
  --  Gene No. 5, gene caller: glimmer, leftEnd: 1620, rightEnd: 1754, strand: -, length: 135, contig: contig_2055, protein: unknown, score1: 0.8333333333333333, score2: 0.0
  --  Gene No. 10, gene caller: phanotate, leftEnd: 1620, rightEnd: 1754, strand: -, length: 135, contig: contig_2055, protein: unknown, score1: 0.8333333333333333, score2: 0.0
Unique gene call 15
  --  Gene No. 11, gene caller: phanotate, leftEnd: 1732, rightEnd: 2127, strand: -, length: 396, contig: contig_2055, protein: unknown, score1: 0.8333333333333333, score2: 0.0
  --  Gene No. 5, gene caller: prodigal, leftEnd: 1732, rightEnd: 2127, strand: -, length: 396, contig: contig_2055, protein: unknown, score1: 0.8333333333333333, score2: 0.0
Unique gene call 16
  --  Gene No. 6, gene caller: glimmer, leftEnd: 1732, rightEnd: 2172, strand: -, length: 441, contig: contig_2055, protein: unknown, score1: 0.5, score2: 0.0
Unique gene call 17
  --  Gene No. 7, gene caller: glimmer, leftEnd: 2288, rightEnd: 2518, strand: -, length: 231, contig: contig_2055, protein: unknown, score1: 1.0, score2: 0.0
  --  Gene No. 12, gene caller: phanotate, leftEnd: 2288, rightEnd: 2518, strand: -, length: 231, contig: contig_2055, protein: unknown, score1: 1.0, score2: 0.0
  --  Gene No. 6, gene caller: prodigal, leftEnd: 2288, rightEnd: 2518, strand: -, length: 231, contig: contig_2055, protein: unknown, score1: 1.0, score2: 0.0
Unique gene call 18
  --  Gene No. 13, gene caller: phanotate, leftEnd: 2612, rightEnd: 2713, strand: -, length: 102, contig: contig_2055, protein: unknown, score1: 0.3333333333333333, score2: 0.0
Unique gene call 19
  --  Gene No. 8, gene caller: glimmer, leftEnd: 2700, rightEnd: 2882, strand: -, length: 183, contig: contig_2055, protein: unknown, score1: 0.8333333333333333, score2: 0.0
  --  Gene No. 14, gene caller: phanotate, leftEnd: 2700, rightEnd: 2882, strand: -, length: 183, contig: contig_2055, protein: unknown, score1: 0.8333333333333333, score2: 0.0
Unique gene call 20
  --  Gene No. 9, gene caller: glimmer, leftEnd: 2897, rightEnd: 3022, strand: -, length: 126, contig: contig_2055, protein: unknown, score1: 0.8333333333333333, score2: 0.0
  --  Gene No. 15, gene caller: phanotate, leftEnd: 2897, rightEnd: 3022, strand: -, length: 126, contig: contig_2055, protein: unknown, score1: 0.8333333333333333, score2: 0.0
Unique gene call 21
  --  Gene No. 10, gene caller: glimmer, leftEnd: 3054, rightEnd: 3443, strand: -, length: 390, contig: contig_2055, protein: unknown, score1: 1.0, score2: 0.0
  --  Gene No. 16, gene caller: phanotate, leftEnd: 3054, rightEnd: 3443, strand: -, length: 390, contig: contig_2055, protein: unknown, score1: 1.0, score2: 0.0
  --  Gene No. 7, gene caller: prodigal, leftEnd: 3054, rightEnd: 3443, strand: -, length: 390, contig: contig_2055, protein: unknown, score1: 1.0, score2: 0.0
Unique gene call 22
  --  Gene No. 17, gene caller: phanotate, leftEnd: 3436, rightEnd: 3564, strand: -, length: 129, contig: contig_2055, protein: unknown, score1: 0.5, score2: 0.0
Unique gene call 23
  --  Gene No. 11, gene caller: glimmer, leftEnd: 3436, rightEnd: 3657, strand: -, length: 222, contig: contig_2055, protein: unknown, score1: 0.5, score2: 0.0
Unique gene call 24
  --  Gene No. 18, gene caller: phanotate, leftEnd: 3630, rightEnd: 3743, strand: -, length: 114, contig: contig_2055, protein: unknown, score1: 0.3333333333333333, score2: 0.0
Unique gene call 25
  --  Gene No. 12, gene caller: glimmer, leftEnd: 3787, rightEnd: 3909, strand: +, length: 123, contig: contig_2055, protein: unknown, score1: 0.8333333333333333, score2: 0.0
  --  Gene No. 19, gene caller: phanotate, leftEnd: 3787, rightEnd: 3909, strand: +, length: 123, contig: contig_2055, protein: unknown, score1: 0.8333333333333333, score2: 0.0
Unique gene call 26
  --  Gene No. 20, gene caller: phanotate, leftEnd: 3891, rightEnd: 3989, strand: -, length: 99, contig: contig_2055, protein: unknown, score1: 0.3333333333333333, score2: 0.0
Unique gene call 27
  --  Gene No. 21, gene caller: phanotate, leftEnd: 4037, rightEnd: 4183, strand: -, length: 147, contig: contig_2055, protein: unknown, score1: 0.3333333333333333, score2: 0.0
Unique gene call 28
  --  Gene No. 13, gene caller: glimmer, leftEnd: 4043, rightEnd: 4180, strand: +, length: 138, contig: contig_2055, protein: unknown, score1: 0.8333333333333333, score2: 0.0
  --  Gene No. 8, gene caller: prodigal, leftEnd: 4043, rightEnd: 4180, strand: +, length: 138, contig: contig_2055, protein: unknown, score1: 0.8333333333333333, score2: 0.0
Unique gene call 29
  --  Gene No. 22, gene caller: phanotate, leftEnd: 4266, rightEnd: 4394, strand: -, length: 129, contig: contig_2055, protein: unknown, score1: 0.3333333333333333, score2: 0.0
Unique gene call 30
  --  Gene No. 14, gene caller: glimmer, leftEnd: 4278, rightEnd: 4478, strand: +, length: 201, contig: contig_2055, protein: unknown, score1: 0.3333333333333333, score2: 0.0
Unique gene call 31
  --  Gene No. 23, gene caller: phanotate, leftEnd: 4432, rightEnd: 4578, strand: -, length: 147, contig: contig_2055, protein: unknown, score1: 0.3333333333333333, score2: 0.0
Unique gene call 32
  --  Gene No. 24, gene caller: phanotate, leftEnd: 4657, rightEnd: 4821, strand: -, length: 165, contig: contig_2055, protein: unknown, score1: 0.3333333333333333, score2: 0.0
Unique gene call 33
  --  Gene No. 25, gene caller: phanotate, leftEnd: 4858, rightEnd: 4953, strand: -, length: 96, contig: contig_2055, protein: unknown, score1: 0.3333333333333333, score2: 0.0
Unique gene call 34
  --  Gene No. 26, gene caller: phanotate, leftEnd: 5029, rightEnd: 5151, strand: +, length: 123, contig: contig_2055, protein: unknown, score1: 0.3333333333333333, score2: 0.0
Unique gene call 35
  --  Gene No. 27, gene caller: phanotate, leftEnd: 5123, rightEnd: 5266, strand: +, length: 144, contig: contig_2055, protein: unknown, score1: 0.3333333333333333, score2: 0.0
Unique gene call 36
  --  Gene No. 28, gene caller: phanotate, leftEnd: 5363, rightEnd: 5623, strand: +, length: 261, contig: contig_2055, protein: unknown, score1: 0.3333333333333333, score2: 0.0
Unique gene call 37
  --  Gene No. 15, gene caller: glimmer, leftEnd: 5367, rightEnd: 5480, strand: +, length: 114, contig: contig_2055, protein: unknown, score1: 0.3333333333333333, score2: 0.0
Unique gene call 38
  --  Gene No. 16, gene caller: glimmer, leftEnd: 5695, rightEnd: 6759, strand: +, length: 1065, contig: contig_2055, protein: unknown, score1: 1.0, score2: 0.0
  --  Gene No. 29, gene caller: phanotate, leftEnd: 5695, rightEnd: 6759, strand: +, length: 1065, contig: contig_2055, protein: unknown, score1: 1.0, score2: 0.0
  --  Gene No. 9, gene caller: prodigal, leftEnd: 5695, rightEnd: 6759, strand: +, length: 1065, contig: contig_2055, protein: unknown, score1: 1.0, score2: 0.0
Unique gene call 39
  --  Gene No. 30, gene caller: phanotate, leftEnd: 6948, rightEnd: 7079, strand: -, length: 132, contig: contig_2055, protein: unknown, score1: 0.3333333333333333, score2: 0.0
Unique gene call 40
  --  Gene No. 17, gene caller: glimmer, leftEnd: 7020, rightEnd: 7388, strand: +, length: 369, contig: contig_2055, protein: unknown, score1: 0.5, score2: 0.0
Unique gene call 41
  --  Gene No. 31, gene caller: phanotate, leftEnd: 7029, rightEnd: 7388, strand: +, length: 360, contig: contig_2055, protein: unknown, score1: 0.8333333333333333, score2: 0.0
  --  Gene No. 10, gene caller: prodigal, leftEnd: 7029, rightEnd: 7388, strand: +, length: 360, contig: contig_2055, protein: unknown, score1: 0.8333333333333333, score2: 0.0
Unique gene call 42
  --  Gene No. 18, gene caller: glimmer, leftEnd: 7445, rightEnd: 7792, strand: +, length: 348, contig: contig_2055, protein: unknown, score1: 1.0, score2: 0.0
  --  Gene No. 32, gene caller: phanotate, leftEnd: 7445, rightEnd: 7792, strand: +, length: 348, contig: contig_2055, protein: unknown, score1: 1.0, score2: 0.0
  --  Gene No. 11, gene caller: prodigal, leftEnd: 7445, rightEnd: 7792, strand: +, length: 348, contig: contig_2055, protein: unknown, score1: 1.0, score2: 0.0
Unique gene call 43
  --  Gene No. 19, gene caller: glimmer, leftEnd: 7949, rightEnd: 9466, strand: +, length: 1518, contig: contig_2055, protein: unknown, score1: 1.0, score2: 0.0
  --  Gene No. 33, gene caller: phanotate, leftEnd: 7949, rightEnd: 9466, strand: +, length: 1518, contig: contig_2055, protein: unknown, score1: 1.0, score2: 0.0
  --  Gene No. 12, gene caller: prodigal, leftEnd: 7949, rightEnd: 9466, strand: +, length: 1518, contig: contig_2055, protein: unknown, score1: 1.0, score2: 0.0
Unique gene call 44
  --  Gene No. 20, gene caller: glimmer, leftEnd: 9481, rightEnd: 9900, strand: +, length: 420, contig: contig_2055, protein: unknown, score1: 1.0, score2: 0.0
  --  Gene No. 34, gene caller: phanotate, leftEnd: 9481, rightEnd: 9900, strand: +, length: 420, contig: contig_2055, protein: unknown, score1: 1.0, score2: 0.0
  --  Gene No. 13, gene caller: prodigal, leftEnd: 9481, rightEnd: 9900, strand: +, length: 420, contig: contig_2055, protein: unknown, score1: 1.0, score2: 0.0
Unique gene call 45
  --  Gene No. 21, gene caller: glimmer, leftEnd: 9894, rightEnd: 10190, strand: +, length: 297, contig: contig_2055, protein: unknown, score1: 0.8333333333333333, score2: 0.0
  --  Gene No. 35, gene caller: phanotate, leftEnd: 9894, rightEnd: 10190, strand: +, length: 297, contig: contig_2055, protein: unknown, score1: 0.8333333333333333, score2: 0.0
Unique gene call 46
  --  Gene No. 14, gene caller: prodigal, leftEnd: 9900, rightEnd: 10190, strand: +, length: 291, contig: contig_2055, protein: unknown, score1: 0.5, score2: 0.0
Unique gene call 47
  --  Gene No. 22, gene caller: glimmer, leftEnd: 10202, rightEnd: 10594, strand: +, length: 393, contig: contig_2055, protein: unknown, score1: 1.0, score2: 0.0
  --  Gene No. 36, gene caller: phanotate, leftEnd: 10202, rightEnd: 10594, strand: +, length: 393, contig: contig_2055, protein: unknown, score1: 1.0, score2: 0.0
  --  Gene No. 15, gene caller: prodigal, leftEnd: 10202, rightEnd: 10594, strand: +, length: 393, contig: contig_2055, protein: unknown, score1: 1.0, score2: 0.0
Unique gene call 48
  --  Gene No. 37, gene caller: phanotate, leftEnd: 10594, rightEnd: 10749, strand: +, length: 156, contig: contig_2055, protein: unknown, score1: 0.8333333333333333, score2: 0.0
  --  Gene No. 16, gene caller: prodigal, leftEnd: 10594, rightEnd: 10749, strand: +, length: 156, contig: contig_2055, protein: unknown, score1: 0.8333333333333333, score2: 0.0
Unique gene call 49
  --  Gene No. 23, gene caller: glimmer, leftEnd: 10603, rightEnd: 10749, strand: +, length: 147, contig: contig_2055, protein: unknown, score1: 0.5, score2: 0.0
Unique gene call 50
  --  Gene No. 38, gene caller: phanotate, leftEnd: 10724, rightEnd: 11113, strand: +, length: 390, contig: contig_2055, protein: unknown, score1: 0.5, score2: 0.0
Unique gene call 51
  --  Gene No. 24, gene caller: glimmer, leftEnd: 10730, rightEnd: 11113, strand: +, length: 384, contig: contig_2055, protein: unknown, score1: 0.8333333333333333, score2: 0.0
  --  Gene No. 17, gene caller: prodigal, leftEnd: 10730, rightEnd: 11113, strand: +, length: 384, contig: contig_2055, protein: unknown, score1: 0.8333333333333333, score2: 0.0
Unique gene call 52
  --  Gene No. 25, gene caller: glimmer, leftEnd: 11126, rightEnd: 11356, strand: +, length: 231, contig: contig_2055, protein: unknown, score1: 1.0, score2: 0.0
  --  Gene No. 39, gene caller: phanotate, leftEnd: 11126, rightEnd: 11356, strand: +, length: 231, contig: contig_2055, protein: unknown, score1: 1.0, score2: 0.0
  --  Gene No. 18, gene caller: prodigal, leftEnd: 11126, rightEnd: 11356, strand: +, length: 231, contig: contig_2055, protein: unknown, score1: 1.0, score2: 0.0
Unique gene call 53
  --  Gene No. 26, gene caller: glimmer, leftEnd: 11387, rightEnd: 11707, strand: +, length: 321, contig: contig_2055, protein: unknown, score1: 1.0, score2: 0.0
  --  Gene No. 40, gene caller: phanotate, leftEnd: 11387, rightEnd: 11707, strand: +, length: 321, contig: contig_2055, protein: unknown, score1: 1.0, score2: 0.0
  --  Gene No. 19, gene caller: prodigal, leftEnd: 11387, rightEnd: 11707, strand: +, length: 321, contig: contig_2055, protein: unknown, score1: 1.0, score2: 0.0
Unique gene call 54
  --  Gene No. 27, gene caller: glimmer, leftEnd: 11694, rightEnd: 12494, strand: +, length: 801, contig: contig_2055, protein: unknown, score1: 1.0, score2: 0.0
  --  Gene No. 41, gene caller: phanotate, leftEnd: 11694, rightEnd: 12494, strand: +, length: 801, contig: contig_2055, protein: unknown, score1: 1.0, score2: 0.0
  --  Gene No. 20, gene caller: prodigal, leftEnd: 11694, rightEnd: 12494, strand: +, length: 801, contig: contig_2055, protein: unknown, score1: 1.0, score2: 0.0
Unique gene call 55
  --  Gene No. 21, gene caller: prodigal, leftEnd: 12487, rightEnd: 12750, strand: -, length: 264, contig: contig_2055, protein: unknown, score1: 0.5, score2: 0.0
Unique gene call 56
  --  Gene No. 28, gene caller: glimmer, leftEnd: 12487, rightEnd: 12753, strand: -, length: 267, contig: contig_2055, protein: unknown, score1: 0.8333333333333333, score2: 0.0
  --  Gene No. 42, gene caller: phanotate, leftEnd: 12487, rightEnd: 12753, strand: -, length: 267, contig: contig_2055, protein: unknown, score1: 0.8333333333333333, score2: 0.0
Unique gene call 57
  --  Gene No. 29, gene caller: glimmer, leftEnd: 12812, rightEnd: 13114, strand: -, length: 303, contig: contig_2055, protein: unknown, score1: 1.0, score2: 0.0
  --  Gene No. 43, gene caller: phanotate, leftEnd: 12812, rightEnd: 13114, strand: -, length: 303, contig: contig_2055, protein: unknown, score1: 1.0, score2: 0.0
  --  Gene No. 22, gene caller: prodigal, leftEnd: 12812, rightEnd: 13114, strand: -, length: 303, contig: contig_2055, protein: unknown, score1: 1.0, score2: 0.0
Unique gene call 58
  --  Gene No. 44, gene caller: phanotate, leftEnd: 13120, rightEnd: 13224, strand: -, length: 105, contig: contig_2055, protein: unknown, score1: 0.5, score2: 0.0
Unique gene call 59
  --  Gene No. 23, gene caller: prodigal, leftEnd: 13120, rightEnd: 13254, strand: -, length: 135, contig: contig_2055, protein: unknown, score1: 0.5, score2: 0.0
Unique gene call 60
  --  Gene No. 30, gene caller: glimmer, leftEnd: 13120, rightEnd: 13314, strand: -, length: 195, contig: contig_2055, protein: unknown, score1: 0.5, score2: 0.0
Unique gene call 61
  --  Gene No. 45, gene caller: phanotate, leftEnd: 13316, rightEnd: 13444, strand: -, length: 129, contig: contig_2055, protein: unknown, score1: 0.3333333333333333, score2: 0.0
Unique gene call 62
  --  Gene No. 31, gene caller: glimmer, leftEnd: 13359, rightEnd: 13472, strand: +, length: 114, contig: contig_2055, protein: unknown, score1: 0.3333333333333333, score2: 0.0
Unique gene call 63
  --  Gene No. 46, gene caller: phanotate, leftEnd: 13626, rightEnd: 13787, strand: -, length: 162, contig: contig_2055, protein: unknown, score1: 0.3333333333333333, score2: 0.0
Unique gene call 64
  --  Gene No. 47, gene caller: phanotate, leftEnd: 13895, rightEnd: 14044, strand: +, length: 150, contig: contig_2055, protein: unknown, score1: 0.8333333333333333, score2: 0.0
  --  Gene No. 24, gene caller: prodigal, leftEnd: 13895, rightEnd: 14044, strand: +, length: 150, contig: contig_2055, protein: unknown, score1: 0.8333333333333333, score2: 0.0
Unique gene call 65
  --  Gene No. 32, gene caller: glimmer, leftEnd: 13995, rightEnd: 14201, strand: +, length: 207, contig: contig_2055, protein: unknown, score1: 0.5, score2: 0.0
Unique gene call 66
  --  Gene No. 48, gene caller: phanotate, leftEnd: 13998, rightEnd: 14201, strand: +, length: 204, contig: contig_2055, protein: unknown, score1: 0.5, score2: 0.0
Unique gene call 67
  --  Gene No. 49, gene caller: phanotate, leftEnd: 14253, rightEnd: 14612, strand: -, length: 360, contig: contig_2055, protein: unknown, score1: 0.8333333333333333, score2: 0.0
  --  Gene No. 25, gene caller: prodigal, leftEnd: 14253, rightEnd: 14612, strand: -, length: 360, contig: contig_2055, protein: unknown, score1: 0.8333333333333333, score2: 0.0
Unique gene call 68
  --  Gene No. 33, gene caller: glimmer, leftEnd: 14253, rightEnd: 14684, strand: -, length: 432, contig: contig_2055, protein: unknown, score1: 0.5, score2: 0.0
Unique gene call 69
  --  Gene No. 50, gene caller: phanotate, leftEnd: 14602, rightEnd: 14703, strand: -, length: 102, contig: contig_2055, protein: unknown, score1: 0.3333333333333333, score2: 0.0
Unique gene call 70
  --  Gene No. 34, gene caller: glimmer, leftEnd: 14700, rightEnd: 14891, strand: -, length: 192, contig: contig_2055, protein: unknown, score1: 1.0, score2: 0.0
  --  Gene No. 51, gene caller: phanotate, leftEnd: 14700, rightEnd: 14891, strand: -, length: 192, contig: contig_2055, protein: unknown, score1: 1.0, score2: 0.0
  --  Gene No. 26, gene caller: prodigal, leftEnd: 14700, rightEnd: 14891, strand: -, length: 192, contig: contig_2055, protein: unknown, score1: 1.0, score2: 0.0
Unique gene call 71
  --  Gene No. 52, gene caller: phanotate, leftEnd: 14879, rightEnd: 15028, strand: -, length: 150, contig: contig_2055, protein: unknown, score1: 0.5, score2: 0.0
Unique gene call 72
  --  Gene No. 35, gene caller: glimmer, leftEnd: 14879, rightEnd: 15121, strand: -, length: 243, contig: contig_2055, protein: unknown, score1: 0.8333333333333333, score2: 0.0
  --  Gene No. 27, gene caller: prodigal, leftEnd: 14879, rightEnd: 15121, strand: -, length: 243, contig: contig_2055, protein: unknown, score1: 0.8333333333333333, score2: 0.0
Unique gene call 73
  --  Gene No. 36, gene caller: glimmer, leftEnd: 15112, rightEnd: 15312, strand: +, length: 201, contig: contig_2055, protein: unknown, score1: 0.8333333333333333, score2: 0.0
  --  Gene No. 53, gene caller: phanotate, leftEnd: 15112, rightEnd: 15312, strand: +, length: 201, contig: contig_2055, protein: unknown, score1: 0.8333333333333333, score2: 0.0
Unique gene call 74
  --  Gene No. 37, gene caller: glimmer, leftEnd: 15380, rightEnd: 15514, strand: -, length: 135, contig: contig_2055, protein: unknown, score1: 0.8333333333333333, score2: 0.0
  --  Gene No. 54, gene caller: phanotate, leftEnd: 15380, rightEnd: 15514, strand: -, length: 135, contig: contig_2055, protein: unknown, score1: 0.8333333333333333, score2: 0.0
Unique gene call 75
  --  Gene No. 38, gene caller: glimmer, leftEnd: 15502, rightEnd: 16452, strand: +, length: 951, contig: contig_2055, protein: unknown, score1: 1.0, score2: 0.0
  --  Gene No. 55, gene caller: phanotate, leftEnd: 15502, rightEnd: 16452, strand: +, length: 951, contig: contig_2055, protein: unknown, score1: 1.0, score2: 0.0
  --  Gene No. 28, gene caller: prodigal, leftEnd: 15502, rightEnd: 16452, strand: +, length: 951, contig: contig_2055, protein: unknown, score1: 1.0, score2: 0.0
Unique gene call 76
  --  Gene No. 39, gene caller: glimmer, leftEnd: 16546, rightEnd: 17343, strand: -, length: 798, contig: contig_2055, protein: unknown, score1: 0.8333333333333333, score2: 0.0
  --  Gene No. 29, gene caller: prodigal, leftEnd: 16546, rightEnd: 17343, strand: -, length: 798, contig: contig_2055, protein: unknown, score1: 0.8333333333333333, score2: 0.0
Unique gene call 77
  --  Gene No. 56, gene caller: phanotate, leftEnd: 16546, rightEnd: 17382, strand: -, length: 837, contig: contig_2055, protein: unknown, score1: 0.5, score2: 0.0
Unique gene call 78
  --  Gene No. 40, gene caller: glimmer, leftEnd: 17330, rightEnd: 17689, strand: -, length: 360, contig: contig_2055, protein: unknown, score1: 1.0, score2: 0.0
  --  Gene No. 57, gene caller: phanotate, leftEnd: 17330, rightEnd: 17689, strand: -, length: 360, contig: contig_2055, protein: unknown, score1: 1.0, score2: 0.0
  --  Gene No. 30, gene caller: prodigal, leftEnd: 17330, rightEnd: 17689, strand: -, length: 360, contig: contig_2055, protein: unknown, score1: 1.0, score2: 0.0
Unique gene call 79
  --  Gene No. 41, gene caller: glimmer, leftEnd: 17722, rightEnd: 17952, strand: -, length: 231, contig: contig_2055, protein: unknown, score1: 1.0, score2: 0.0
  --  Gene No. 58, gene caller: phanotate, leftEnd: 17722, rightEnd: 17952, strand: -, length: 231, contig: contig_2055, protein: unknown, score1: 1.0, score2: 0.0
  --  Gene No. 31, gene caller: prodigal, leftEnd: 17722, rightEnd: 17952, strand: -, length: 231, contig: contig_2055, protein: unknown, score1: 1.0, score2: 0.0
Unique gene call 80
  --  Gene No. 42, gene caller: glimmer, leftEnd: 17965, rightEnd: 18348, strand: -, length: 384, contig: contig_2055, protein: unknown, score1: 1.0, score2: 0.0
  --  Gene No. 59, gene caller: phanotate, leftEnd: 17965, rightEnd: 18348, strand: -, length: 384, contig: contig_2055, protein: unknown, score1: 1.0, score2: 0.0
  --  Gene No. 32, gene caller: prodigal, leftEnd: 17965, rightEnd: 18348, strand: -, length: 384, contig: contig_2055, protein: unknown, score1: 1.0, score2: 0.0
Unique gene call 81
  --  Gene No. 43, gene caller: glimmer, leftEnd: 18326, rightEnd: 18484, strand: -, length: 159, contig: contig_2055, protein: unknown, score1: 0.8333333333333333, score2: 0.0
  --  Gene No. 60, gene caller: phanotate, leftEnd: 18326, rightEnd: 18484, strand: -, length: 159, contig: contig_2055, protein: unknown, score1: 0.8333333333333333, score2: 0.0
Unique gene call 82
  --  Gene No. 44, gene caller: glimmer, leftEnd: 18477, rightEnd: 18959, strand: -, length: 483, contig: contig_2055, protein: unknown, score1: 1.0, score2: 0.0
  --  Gene No. 61, gene caller: phanotate, leftEnd: 18477, rightEnd: 18959, strand: -, length: 483, contig: contig_2055, protein: unknown, score1: 1.0, score2: 0.0
  --  Gene No. 33, gene caller: prodigal, leftEnd: 18477, rightEnd: 18959, strand: -, length: 483, contig: contig_2055, protein: unknown, score1: 1.0, score2: 0.0
Unique gene call 83
  --  Gene No. 45, gene caller: glimmer, leftEnd: 18972, rightEnd: 19202, strand: -, length: 231, contig: contig_2055, protein: unknown, score1: 1.0, score2: 0.0
  --  Gene No. 62, gene caller: phanotate, leftEnd: 18972, rightEnd: 19202, strand: -, length: 231, contig: contig_2055, protein: unknown, score1: 1.0, score2: 0.0
  --  Gene No. 34, gene caller: prodigal, leftEnd: 18972, rightEnd: 19202, strand: -, length: 231, contig: contig_2055, protein: unknown, score1: 1.0, score2: 0.0
Unique gene call 84
  --  Gene No. 63, gene caller: phanotate, leftEnd: 19270, rightEnd: 19410, strand: -, length: 141, contig: contig_2055, protein: unknown, score1: 0.3333333333333333, score2: 0.0
Unique gene call 85
  --  Gene No. 46, gene caller: glimmer, leftEnd: 19407, rightEnd: 19604, strand: -, length: 198, contig: contig_2055, protein: unknown, score1: 0.8333333333333333, score2: 0.0
  --  Gene No. 64, gene caller: phanotate, leftEnd: 19407, rightEnd: 19604, strand: -, length: 198, contig: contig_2055, protein: unknown, score1: 0.8333333333333333, score2: 0.0
Unique gene call 86
  --  Gene No. 65, gene caller: phanotate, leftEnd: 19711, rightEnd: 19800, strand: -, length: 90, contig: contig_2055, protein: unknown, score1: 0.3333333333333333, score2: 0.0
Unique gene call 87
  --  Gene No. 47, gene caller: glimmer, leftEnd: 19967, rightEnd: 20206, strand: -, length: 240, contig: contig_2055, protein: unknown, score1: 0.8333333333333333, score2: 0.0
  --  Gene No. 66, gene caller: phanotate, leftEnd: 19967, rightEnd: 20206, strand: -, length: 240, contig: contig_2055, protein: unknown, score1: 0.8333333333333333, score2: 0.0
Unique gene call 88
  --  Gene No. 67, gene caller: phanotate, leftEnd: 20245, rightEnd: 20382, strand: -, length: 138, contig: contig_2055, protein: unknown, score1: 0.3333333333333333, score2: 0.0
Unique gene call 89
  --  Gene No. 68, gene caller: phanotate, leftEnd: 20397, rightEnd: 20705, strand: -, length: 309, contig: contig_2055, protein: unknown, score1: 0.3333333333333333, score2: 0.0
Unique gene call 90
  --  Gene No. 69, gene caller: phanotate, leftEnd: 20728, rightEnd: 20967, strand: -, length: 240, contig: contig_2055, protein: unknown, score1: 0.3333333333333333, score2: 0.0
Unique gene call 91
  --  Gene No. 70, gene caller: phanotate, leftEnd: 21099, rightEnd: 21206, strand: -, length: 108, contig: contig_2055, protein: unknown, score1: 0.3333333333333333, score2: 0.0
Unique gene call 92
  --  Gene No. 48, gene caller: glimmer, leftEnd: 21334, rightEnd: 21561, strand: -, length: 228, contig: contig_2055, protein: unknown, score1: 0.8333333333333333, score2: 0.0
  --  Gene No. 71, gene caller: phanotate, leftEnd: 21334, rightEnd: 21561, strand: -, length: 228, contig: contig_2055, protein: unknown, score1: 0.8333333333333333, score2: 0.0
Unique gene call 93
  --  Gene No. 72, gene caller: phanotate, leftEnd: 21618, rightEnd: 21800, strand: +, length: 183, contig: contig_2055, protein: unknown, score1: 0.3333333333333333, score2: 0.0
Unique gene call 94
  --  Gene No. 73, gene caller: phanotate, leftEnd: 21869, rightEnd: 21964, strand: +, length: 96, contig: contig_2055, protein: unknown, score1: 0.3333333333333333, score2: 0.0
Unique gene call 95
  --  Gene No. 74, gene caller: phanotate, leftEnd: 22067, rightEnd: 22201, strand: +, length: 135, contig: contig_2055, protein: unknown, score1: 0.3333333333333333, score2: 0.0
Unique gene call 96
  --  Gene No. 75, gene caller: phanotate, leftEnd: 22277, rightEnd: 22408, strand: +, length: 132, contig: contig_2055, protein: unknown, score1: 0.3333333333333333, score2: 0.0
Unique gene call 97
  --  Gene No. 76, gene caller: phanotate, leftEnd: 22449, rightEnd: 22652, strand: +, length: 204, contig: contig_2055, protein: unknown, score1: 0.3333333333333333, score2: 0.0
Unique gene call 98
  --  Gene No. 77, gene caller: phanotate, leftEnd: 22724, rightEnd: 22822, strand: +, length: 99, contig: contig_2055, protein: unknown, score1: 0.3333333333333333, score2: 0.0
Unique gene call 99
  --  Gene No. 78, gene caller: phanotate, leftEnd: 22866, rightEnd: 22970, strand: +, length: 105, contig: contig_2055, protein: unknown, score1: 0.3333333333333333, score2: 0.0
Unique gene call 100
  --  Gene No. 79, gene caller: phanotate, leftEnd: 22973, rightEnd: 23077, strand: +, length: 105, contig: contig_2055, protein: unknown, score1: 0.3333333333333333, score2: 0.0
Unique gene call 101
  --  Gene No. 80, gene caller: phanotate, leftEnd: 23119, rightEnd: 23301, strand: +, length: 183, contig: contig_2055, protein: unknown, score1: 0.3333333333333333, score2: 0.0
Unique gene call 102
  --  Gene No. 81, gene caller: phanotate, leftEnd: 23347, rightEnd: 23706, strand: +, length: 360, contig: contig_2055, protein: unknown, score1: 0.3333333333333333, score2: 0.0
Unique gene call 103
  --  Gene No. 82, gene caller: phanotate, leftEnd: 23738, rightEnd: 23836, strand: -, length: 99, contig: contig_2055, protein: unknown, score1: 0.3333333333333333, score2: 0.0
Unique gene call 104
  --  Gene No. 83, gene caller: phanotate, leftEnd: 23851, rightEnd: 24042, strand: -, length: 192, contig: contig_2055, protein: unknown, score1: 0.5, score2: 0.0
Unique gene call 105
  --  Gene No. 35, gene caller: prodigal, leftEnd: 23851, rightEnd: 24366, strand: -, length: 516, contig: contig_2055, protein: unknown, score1: 0.5, score2: 0.0
Unique gene call 106
  --  Gene No. 49, gene caller: glimmer, leftEnd: 24072, rightEnd: 24668, strand: +, length: 597, contig: contig_2055, protein: unknown, score1: 0.5, score2: 0.0
Unique gene call 107
  --  Gene No. 84, gene caller: phanotate, leftEnd: 24090, rightEnd: 24668, strand: +, length: 579, contig: contig_2055, protein: unknown, score1: 0.5, score2: 0.0
Unique gene call 108
  --  Gene No. 85, gene caller: phanotate, leftEnd: 24743, rightEnd: 24874, strand: +, length: 132, contig: contig_2055, protein: unknown, score1: 0.3333333333333333, score2: 0.0
Unique gene call 109
  --  Gene No. 86, gene caller: phanotate, leftEnd: 24871, rightEnd: 25044, strand: +, length: 174, contig: contig_2055, protein: unknown, score1: 0.3333333333333333, score2: 0.0
Unique gene call 110
  --  Gene No. 87, gene caller: phanotate, leftEnd: 25105, rightEnd: 25281, strand: +, length: 177, contig: contig_2055, protein: unknown, score1: 0.3333333333333333, score2: 0.0
Unique gene call 111
  --  Gene No. 88, gene caller: phanotate, leftEnd: 25392, rightEnd: 25607, strand: +, length: 216, contig: contig_2055, protein: unknown, score1: 0.3333333333333333, score2: 0.0
Unique gene call 112
  --  Gene No. 89, gene caller: phanotate, leftEnd: 25580, rightEnd: 25897, strand: +, length: 318, contig: contig_2055, protein: unknown, score1: 0.3333333333333333, score2: 0.0
Unique gene call 113
  --  Gene No. 90, gene caller: phanotate, leftEnd: 25901, rightEnd: 26011, strand: +, length: 111, contig: contig_2055, protein: unknown, score1: 0.3333333333333333, score2: 0.0
Unique gene call 114
  --  Gene No. 91, gene caller: phanotate, leftEnd: 26008, rightEnd: 26130, strand: +, length: 123, contig: contig_2055, protein: unknown, score1: 0.3333333333333333, score2: 0.0
Unique gene call 115
  --  Gene No. 92, gene caller: phanotate, leftEnd: 26198, rightEnd: 26332, strand: -, length: 135, contig: contig_2055, protein: unknown, score1: 0.3333333333333333, score2: 0.0
Unique gene call 116
  --  Gene No. 93, gene caller: phanotate, leftEnd: 26606, rightEnd: 26701, strand: +, length: 96, contig: contig_2055, protein: unknown, score1: 0.3333333333333333, score2: 0.0
Unique gene call 117
  --  Gene No. 50, gene caller: glimmer, leftEnd: 26702, rightEnd: 26941, strand: +, length: 240, contig: contig_2055, protein: unknown, score1: 0.8333333333333333, score2: 0.0
  --  Gene No. 94, gene caller: phanotate, leftEnd: 26702, rightEnd: 26941, strand: +, length: 240, contig: contig_2055, protein: unknown, score1: 0.8333333333333333, score2: 0.0
Unique gene call 118
  --  Gene No. 95, gene caller: phanotate, leftEnd: 26980, rightEnd: 27243, strand: -, length: 264, contig: contig_2055, protein: unknown, score1: 0.3333333333333333, score2: 0.0
Unique gene call 119
  --  Gene No. 96, gene caller: phanotate, leftEnd: 27273, rightEnd: 27383, strand: -, length: 111, contig: contig_2055, protein: unknown, score1: 0.3333333333333333, score2: 0.0
Unique gene call 120
  --  Gene No. 51, gene caller: glimmer, leftEnd: 27282, rightEnd: 27482, strand: +, length: 201, contig: contig_2055, protein: unknown, score1: 0.3333333333333333, score2: 0.0
Unique gene call 121
  --  Gene No. 97, gene caller: phanotate, leftEnd: 27466, rightEnd: 27744, strand: -, length: 279, contig: contig_2055, protein: unknown, score1: 0.3333333333333333, score2: 0.0
Unique gene call 122
  --  Gene No. 98, gene caller: phanotate, leftEnd: 27862, rightEnd: 27996, strand: +, length: 135, contig: contig_2055, protein: unknown, score1: 0.3333333333333333, score2: 0.0
Unique gene call 123
  --  Gene No. 99, gene caller: phanotate, leftEnd: 28062, rightEnd: 28223, strand: -, length: 162, contig: contig_2055, protein: unknown, score1: 0.3333333333333333, score2: 0.0
Unique gene call 124
  --  Gene No. 100, gene caller: phanotate, leftEnd: 28441, rightEnd: 28539, strand: +, length: 99, contig: contig_2055, protein: unknown, score1: 0.3333333333333333, score2: 0.0
Code complete at 2021-04-21 09:30:32.505470
