Opening log at 2021-04-21 09:35:47.779582
Iterating through fileSet at 2021-04-21 09:35:47.779751
fileSet is ['/home/james/Software/multiPhATE2/PipelineOutput/contig_2104/commoncore.cgc', '/home/james/Software/multiPhATE2/PipelineOutput/contig_2104/consensus.cgc', '/home/james/Software/multiPhATE2/PipelineOutput/contig_2104/glimmer.cgc', '/home/james/Software/multiPhATE2/PipelineOutput/contig_2104/phanotate.cgc', '/home/james/Software/multiPhATE2/PipelineOutput/contig_2104/prodigal.cgc', '/home/james/Software/multiPhATE2/PipelineOutput/contig_2104/superset.cgc']
Opening geneFile /home/james/Software/multiPhATE2/PipelineOutput/contig_2104/commoncore.cgc
Adding calls from geneFile /home/james/Software/multiPhATE2/PipelineOutput/contig_2104/commoncore.cgc
Appending call set  number of calls is: 0
Opening geneFile /home/james/Software/multiPhATE2/PipelineOutput/contig_2104/consensus.cgc
Adding calls from geneFile /home/james/Software/multiPhATE2/PipelineOutput/contig_2104/consensus.cgc
Appending call set  number of calls is: 0
Opening geneFile /home/james/Software/multiPhATE2/PipelineOutput/contig_2104/glimmer.cgc
Adding calls from geneFile /home/james/Software/multiPhATE2/PipelineOutput/contig_2104/glimmer.cgc
Appending call set  number of calls is: 16
Opening geneFile /home/james/Software/multiPhATE2/PipelineOutput/contig_2104/phanotate.cgc
Adding calls from geneFile /home/james/Software/multiPhATE2/PipelineOutput/contig_2104/phanotate.cgc
Appending call set  number of calls is: 21
Opening geneFile /home/james/Software/multiPhATE2/PipelineOutput/contig_2104/prodigal.cgc
Adding calls from geneFile /home/james/Software/multiPhATE2/PipelineOutput/contig_2104/prodigal.cgc
Appending call set  number of calls is: 17
Opening geneFile /home/james/Software/multiPhATE2/PipelineOutput/contig_2104/superset.cgc
Adding calls from geneFile /home/james/Software/multiPhATE2/PipelineOutput/contig_2104/superset.cgc
Appending call set  number of calls is: 0
All call sets have been added to caller list. Number of call sets in callerList: 6
callerList is   glimmer phanotate prodigal  
Total number of gene calls across callerList call sets is: 54
Sorting gene calls for each caller
Processing a callSet
Before sorting, Length of callerList for caller  is 0
After sorting, Length of callerList for caller  is 0
Processing a callSet
Before sorting, Length of callerList for caller  is 0
After sorting, Length of callerList for caller  is 0
Processing a callSet
Before sorting, Length of callerList for caller glimmer is 16
After sorting, Length of callerList for caller glimmer is 16
Processing a callSet
Before sorting, Length of callerList for caller phanotate is 21
After sorting, Length of callerList for caller phanotate is 21
Processing a callSet
Before sorting, Length of callerList for caller prodigal is 17
After sorting, Length of callerList for caller prodigal is 17
Processing a callSet
Before sorting, Length of callerList for caller  is 0
After sorting, Length of callerList for caller  is 0
callSet processing complete
Comparing across the call sets...
Merging the geneCall sets....
Final merged genes:

***************Merge List
1	Gene No. 1, gene caller: prodigal, leftEnd: 1, rightEnd: 78, strand: +, length: 78, contig: contig_2104, protein: unknown, score1: 1.0, score2: 0.0
2	Gene No. 1, gene caller: glimmer, leftEnd: 60, rightEnd: 437, strand: +, length: 378, contig: contig_2104, protein: unknown, score1: 1.0, score2: 0.0
3	Gene No. 1, gene caller: phanotate, leftEnd: 60, rightEnd: 437, strand: +, length: 378, contig: contig_2104, protein: unknown, score1: 1.0, score2: 0.0
4	Gene No. 2, gene caller: prodigal, leftEnd: 60, rightEnd: 437, strand: +, length: 378, contig: contig_2104, protein: unknown, score1: 1.0, score2: 0.0
5	Gene No. 2, gene caller: glimmer, leftEnd: 439, rightEnd: 633, strand: +, length: 195, contig: contig_2104, protein: unknown, score1: 1.0, score2: 0.0
6	Gene No. 2, gene caller: phanotate, leftEnd: 439, rightEnd: 633, strand: +, length: 195, contig: contig_2104, protein: unknown, score1: 1.0, score2: 0.0
7	Gene No. 3, gene caller: prodigal, leftEnd: 439, rightEnd: 633, strand: +, length: 195, contig: contig_2104, protein: unknown, score1: 1.0, score2: 0.0
8	Gene No. 4, gene caller: prodigal, leftEnd: 578, rightEnd: 778, strand: +, length: 201, contig: contig_2104, protein: unknown, score1: 1.0, score2: 0.0
9	Gene No. 3, gene caller: phanotate, leftEnd: 599, rightEnd: 778, strand: +, length: 180, contig: contig_2104, protein: unknown, score1: 1.0, score2: 0.0
10	Gene No. 4, gene caller: phanotate, leftEnd: 898, rightEnd: 1176, strand: +, length: 279, contig: contig_2104, protein: unknown, score1: 1.0, score2: 0.0
11	Gene No. 5, gene caller: prodigal, leftEnd: 898, rightEnd: 1176, strand: +, length: 279, contig: contig_2104, protein: unknown, score1: 1.0, score2: 0.0
12	Gene No. 3, gene caller: glimmer, leftEnd: 961, rightEnd: 1176, strand: +, length: 216, contig: contig_2104, protein: unknown, score1: 1.0, score2: 0.0
13	Gene No. 4, gene caller: glimmer, leftEnd: 1136, rightEnd: 1294, strand: +, length: 159, contig: contig_2104, protein: unknown, score1: 1.0, score2: 0.0
14	Gene No. 5, gene caller: phanotate, leftEnd: 1270, rightEnd: 1476, strand: +, length: 207, contig: contig_2104, protein: unknown, score1: 1.0, score2: 0.0
15	Gene No. 5, gene caller: glimmer, leftEnd: 1383, rightEnd: 1505, strand: +, length: 123, contig: contig_2104, protein: unknown, score1: 1.0, score2: 0.0
16	Gene No. 6, gene caller: phanotate, leftEnd: 1508, rightEnd: 1597, strand: +, length: 90, contig: contig_2104, protein: unknown, score1: 1.0, score2: 0.0
17	Gene No. 6, gene caller: glimmer, leftEnd: 1601, rightEnd: 2041, strand: +, length: 441, contig: contig_2104, protein: unknown, score1: 1.0, score2: 0.0
18	Gene No. 7, gene caller: phanotate, leftEnd: 1601, rightEnd: 2041, strand: +, length: 441, contig: contig_2104, protein: unknown, score1: 1.0, score2: 0.0
19	Gene No. 6, gene caller: prodigal, leftEnd: 1601, rightEnd: 2041, strand: +, length: 441, contig: contig_2104, protein: unknown, score1: 1.0, score2: 0.0
20	Gene No. 7, gene caller: glimmer, leftEnd: 2034, rightEnd: 2567, strand: +, length: 534, contig: contig_2104, protein: unknown, score1: 1.0, score2: 0.0
21	Gene No. 8, gene caller: phanotate, leftEnd: 2034, rightEnd: 2567, strand: +, length: 534, contig: contig_2104, protein: unknown, score1: 1.0, score2: 0.0
22	Gene No. 7, gene caller: prodigal, leftEnd: 2034, rightEnd: 2567, strand: +, length: 534, contig: contig_2104, protein: unknown, score1: 1.0, score2: 0.0
23	Gene No. 8, gene caller: glimmer, leftEnd: 2542, rightEnd: 2655, strand: +, length: 114, contig: contig_2104, protein: unknown, score1: 1.0, score2: 0.0
24	Gene No. 9, gene caller: phanotate, leftEnd: 2615, rightEnd: 2704, strand: +, length: 90, contig: contig_2104, protein: unknown, score1: 1.0, score2: 0.0
25	Gene No. 9, gene caller: glimmer, leftEnd: 2711, rightEnd: 3052, strand: +, length: 342, contig: contig_2104, protein: unknown, score1: 1.0, score2: 0.0
26	Gene No. 10, gene caller: phanotate, leftEnd: 2711, rightEnd: 3052, strand: +, length: 342, contig: contig_2104, protein: unknown, score1: 1.0, score2: 0.0
27	Gene No. 8, gene caller: prodigal, leftEnd: 2711, rightEnd: 3052, strand: +, length: 342, contig: contig_2104, protein: unknown, score1: 1.0, score2: 0.0
28	Gene No. 10, gene caller: glimmer, leftEnd: 3076, rightEnd: 3261, strand: +, length: 186, contig: contig_2104, protein: unknown, score1: 1.0, score2: 0.0
29	Gene No. 9, gene caller: prodigal, leftEnd: 3076, rightEnd: 3261, strand: +, length: 186, contig: contig_2104, protein: unknown, score1: 1.0, score2: 0.0
30	Gene No. 11, gene caller: phanotate, leftEnd: 3173, rightEnd: 3790, strand: +, length: 618, contig: contig_2104, protein: unknown, score1: 1.0, score2: 0.0
31	Gene No. 10, gene caller: prodigal, leftEnd: 3218, rightEnd: 3790, strand: +, length: 573, contig: contig_2104, protein: unknown, score1: 1.0, score2: 0.0
32	Gene No. 11, gene caller: glimmer, leftEnd: 3254, rightEnd: 3790, strand: +, length: 537, contig: contig_2104, protein: unknown, score1: 1.0, score2: 0.0
33	Gene No. 12, gene caller: glimmer, leftEnd: 3802, rightEnd: 4266, strand: +, length: 465, contig: contig_2104, protein: unknown, score1: 1.0, score2: 0.0
34	Gene No. 11, gene caller: prodigal, leftEnd: 3802, rightEnd: 4266, strand: +, length: 465, contig: contig_2104, protein: unknown, score1: 1.0, score2: 0.0
35	Gene No. 12, gene caller: phanotate, leftEnd: 3835, rightEnd: 4266, strand: +, length: 432, contig: contig_2104, protein: unknown, score1: 1.0, score2: 0.0
36	Gene No. 13, gene caller: glimmer, leftEnd: 4256, rightEnd: 4408, strand: +, length: 153, contig: contig_2104, protein: unknown, score1: 1.0, score2: 0.0
37	Gene No. 13, gene caller: phanotate, leftEnd: 4256, rightEnd: 4408, strand: +, length: 153, contig: contig_2104, protein: unknown, score1: 1.0, score2: 0.0
38	Gene No. 12, gene caller: prodigal, leftEnd: 4256, rightEnd: 4408, strand: +, length: 153, contig: contig_2104, protein: unknown, score1: 1.0, score2: 0.0
39	Gene No. 14, gene caller: phanotate, leftEnd: 4389, rightEnd: 4517, strand: +, length: 129, contig: contig_2104, protein: unknown, score1: 1.0, score2: 0.0
40	Gene No. 15, gene caller: phanotate, leftEnd: 4543, rightEnd: 4653, strand: +, length: 111, contig: contig_2104, protein: unknown, score1: 1.0, score2: 0.0
41	Gene No. 16, gene caller: phanotate, leftEnd: 4671, rightEnd: 4913, strand: +, length: 243, contig: contig_2104, protein: unknown, score1: 1.0, score2: 0.0
42	Gene No. 14, gene caller: glimmer, leftEnd: 4702, rightEnd: 5271, strand: -, length: 570, contig: contig_2104, protein: unknown, score1: 1.0, score2: 0.0
43	Gene No. 13, gene caller: prodigal, leftEnd: 4820, rightEnd: 5071, strand: +, length: 252, contig: contig_2104, protein: unknown, score1: 1.0, score2: 0.0
44	Gene No. 17, gene caller: phanotate, leftEnd: 4889, rightEnd: 5071, strand: +, length: 183, contig: contig_2104, protein: unknown, score1: 1.0, score2: 0.0
45	Gene No. 14, gene caller: prodigal, leftEnd: 5071, rightEnd: 5226, strand: +, length: 156, contig: contig_2104, protein: unknown, score1: 1.0, score2: 0.0
46	Gene No. 18, gene caller: phanotate, leftEnd: 5153, rightEnd: 5590, strand: +, length: 438, contig: contig_2104, protein: unknown, score1: 1.0, score2: 0.0
47	Gene No. 15, gene caller: prodigal, leftEnd: 5207, rightEnd: 5590, strand: +, length: 384, contig: contig_2104, protein: unknown, score1: 1.0, score2: 0.0
48	Gene No. 15, gene caller: glimmer, leftEnd: 5603, rightEnd: 5779, strand: +, length: 177, contig: contig_2104, protein: unknown, score1: 1.0, score2: 0.0
49	Gene No. 19, gene caller: phanotate, leftEnd: 5603, rightEnd: 5779, strand: +, length: 177, contig: contig_2104, protein: unknown, score1: 1.0, score2: 0.0
50	Gene No. 16, gene caller: prodigal, leftEnd: 5603, rightEnd: 5779, strand: +, length: 177, contig: contig_2104, protein: unknown, score1: 1.0, score2: 0.0
51	Gene No. 16, gene caller: glimmer, leftEnd: 5863, rightEnd: 6075, strand: +, length: 213, contig: contig_2104, protein: unknown, score1: 1.0, score2: 0.0
52	Gene No. 20, gene caller: phanotate, leftEnd: 5863, rightEnd: 6075, strand: +, length: 213, contig: contig_2104, protein: unknown, score1: 1.0, score2: 0.0
53	Gene No. 17, gene caller: prodigal, leftEnd: 5863, rightEnd: 6075, strand: +, length: 213, contig: contig_2104, protein: unknown, score1: 1.0, score2: 0.0
54	Gene No. 21, gene caller: phanotate, leftEnd: 6172, rightEnd: 6279, strand: +, length: 108, contig: contig_2104, protein: unknown, score1: 1.0, score2: 0.0
Comparing across geneCall sets....
Scoring gene calls....
Identifying common core...
This is the Common Core List:

***************Common Core
CC-gene 1	Gene No. 1, gene caller: All_callers, leftEnd: 60, rightEnd: 437, strand: +, length: 378, contig: contig_2104, protein: unknown, score1: 1.0, score2: 0.0
CC-gene 2	Gene No. 1, gene caller: All_callers, leftEnd: 439, rightEnd: 633, strand: +, length: 195, contig: contig_2104, protein: unknown, score1: 1.0, score2: 0.0
CC-gene 3	Gene No. 1, gene caller: All_callers, leftEnd: 1601, rightEnd: 2041, strand: +, length: 441, contig: contig_2104, protein: unknown, score1: 1.0, score2: 0.0
CC-gene 4	Gene No. 1, gene caller: All_callers, leftEnd: 2034, rightEnd: 2567, strand: +, length: 534, contig: contig_2104, protein: unknown, score1: 1.0, score2: 0.0
CC-gene 5	Gene No. 1, gene caller: All_callers, leftEnd: 2711, rightEnd: 3052, strand: +, length: 342, contig: contig_2104, protein: unknown, score1: 1.0, score2: 0.0
CC-gene 6	Gene No. 1, gene caller: All_callers, leftEnd: 4256, rightEnd: 4408, strand: +, length: 153, contig: contig_2104, protein: unknown, score1: 1.0, score2: 0.0
CC-gene 7	Gene No. 1, gene caller: All_callers, leftEnd: 5603, rightEnd: 5779, strand: +, length: 177, contig: contig_2104, protein: unknown, score1: 1.0, score2: 0.0
CC-gene 8	Gene No. 1, gene caller: All_callers, leftEnd: 5863, rightEnd: 6075, strand: +, length: 213, contig: contig_2104, protein: unknown, score1: 1.0, score2: 0.0
Printing gene-call superset, consensus, and common_core in GFF and CGC formats
Printing report....
The following gene callers were considered: glimmer, phanotate, prodigal, The number of distinct gene calls over all gene callers is 35
The number of gene calls in common among all callers is 8
The number of unique (non-matching) gene calls is24
Caller glimmer produced 16 gene calls.
Caller glimmer gene-call length stats:  min: 114, max: 570, ave: 300.1875
Caller phanotate produced 21 gene calls.
Caller phanotate gene-call length stats:  min: 90, max: 618, ave: 263.85714285714283
Caller prodigal produced 17 gene calls.
Caller prodigal gene-call length stats:  min: 78, max: 573, ave: 294.52941176470586

Gene-call Scores:
Caller	Contig	Gene No.	Left End	Right End	Strand	gcScore
prodigal	contig_2104	1	1	78	+	0.33
glimmer	contig_2104	1	60	437	+	1.00
phanotate	contig_2104	1	60	437	+	1.00
prodigal	contig_2104	2	60	437	+	1.00
glimmer	contig_2104	2	439	633	+	1.00
phanotate	contig_2104	2	439	633	+	1.00
prodigal	contig_2104	3	439	633	+	1.00
prodigal	contig_2104	4	578	778	+	0.50
phanotate	contig_2104	3	599	778	+	0.50
phanotate	contig_2104	4	898	1176	+	0.83
prodigal	contig_2104	5	898	1176	+	0.83
glimmer	contig_2104	3	961	1176	+	0.50
glimmer	contig_2104	4	1136	1294	+	0.33
phanotate	contig_2104	5	1270	1476	+	0.33
glimmer	contig_2104	5	1383	1505	+	0.33
phanotate	contig_2104	6	1508	1597	+	0.33
glimmer	contig_2104	6	1601	2041	+	1.00
phanotate	contig_2104	7	1601	2041	+	1.00
prodigal	contig_2104	6	1601	2041	+	1.00
glimmer	contig_2104	7	2034	2567	+	1.00
phanotate	contig_2104	8	2034	2567	+	1.00
prodigal	contig_2104	7	2034	2567	+	1.00
glimmer	contig_2104	8	2542	2655	+	0.33
phanotate	contig_2104	9	2615	2704	+	0.33
glimmer	contig_2104	9	2711	3052	+	1.00
phanotate	contig_2104	10	2711	3052	+	1.00
prodigal	contig_2104	8	2711	3052	+	1.00
glimmer	contig_2104	10	3076	3261	+	0.83
prodigal	contig_2104	9	3076	3261	+	0.83
phanotate	contig_2104	11	3173	3790	+	0.50
prodigal	contig_2104	10	3218	3790	+	0.50
glimmer	contig_2104	11	3254	3790	+	0.50
glimmer	contig_2104	12	3802	4266	+	0.83
prodigal	contig_2104	11	3802	4266	+	0.83
phanotate	contig_2104	12	3835	4266	+	0.50
glimmer	contig_2104	13	4256	4408	+	1.00
phanotate	contig_2104	13	4256	4408	+	1.00
prodigal	contig_2104	12	4256	4408	+	1.00
phanotate	contig_2104	14	4389	4517	+	0.33
phanotate	contig_2104	15	4543	4653	+	0.33
phanotate	contig_2104	16	4671	4913	+	0.33
glimmer	contig_2104	14	4702	5271	-	0.33
prodigal	contig_2104	13	4820	5071	+	0.50
phanotate	contig_2104	17	4889	5071	+	0.50
prodigal	contig_2104	14	5071	5226	+	0.33
phanotate	contig_2104	18	5153	5590	+	0.50
prodigal	contig_2104	15	5207	5590	+	0.50
glimmer	contig_2104	15	5603	5779	+	1.00
phanotate	contig_2104	19	5603	5779	+	1.00
prodigal	contig_2104	16	5603	5779	+	1.00
glimmer	contig_2104	16	5863	6075	+	1.00
phanotate	contig_2104	20	5863	6075	+	1.00
prodigal	contig_2104	17	5863	6075	+	1.00
phanotate	contig_2104	21	6172	6279	+	0.33

Gene-call Consensus Scores:
Caller glimmer average gene-call score: 0.75
Caller phanotate average gene-call score: 0.65
Caller prodigal average gene-call score: 0.77

***************Unique List
Unique gene call 1
  --  Gene No. 1, gene caller: prodigal, leftEnd: 1, rightEnd: 78, strand: +, length: 78, contig: contig_2104, protein: unknown, score1: 0.3333333333333333, score2: 0.0
Unique gene call 2
  --  Gene No. 1, gene caller: glimmer, leftEnd: 60, rightEnd: 437, strand: +, length: 378, contig: contig_2104, protein: unknown, score1: 1.0, score2: 0.0
  --  Gene No. 1, gene caller: phanotate, leftEnd: 60, rightEnd: 437, strand: +, length: 378, contig: contig_2104, protein: unknown, score1: 1.0, score2: 0.0
  --  Gene No. 2, gene caller: prodigal, leftEnd: 60, rightEnd: 437, strand: +, length: 378, contig: contig_2104, protein: unknown, score1: 1.0, score2: 0.0
Unique gene call 3
  --  Gene No. 2, gene caller: glimmer, leftEnd: 439, rightEnd: 633, strand: +, length: 195, contig: contig_2104, protein: unknown, score1: 1.0, score2: 0.0
  --  Gene No. 2, gene caller: phanotate, leftEnd: 439, rightEnd: 633, strand: +, length: 195, contig: contig_2104, protein: unknown, score1: 1.0, score2: 0.0
  --  Gene No. 3, gene caller: prodigal, leftEnd: 439, rightEnd: 633, strand: +, length: 195, contig: contig_2104, protein: unknown, score1: 1.0, score2: 0.0
Unique gene call 4
  --  Gene No. 4, gene caller: prodigal, leftEnd: 578, rightEnd: 778, strand: +, length: 201, contig: contig_2104, protein: unknown, score1: 0.5, score2: 0.0
Unique gene call 5
  --  Gene No. 3, gene caller: phanotate, leftEnd: 599, rightEnd: 778, strand: +, length: 180, contig: contig_2104, protein: unknown, score1: 0.5, score2: 0.0
Unique gene call 6
  --  Gene No. 4, gene caller: phanotate, leftEnd: 898, rightEnd: 1176, strand: +, length: 279, contig: contig_2104, protein: unknown, score1: 0.8333333333333333, score2: 0.0
  --  Gene No. 5, gene caller: prodigal, leftEnd: 898, rightEnd: 1176, strand: +, length: 279, contig: contig_2104, protein: unknown, score1: 0.8333333333333333, score2: 0.0
Unique gene call 7
  --  Gene No. 3, gene caller: glimmer, leftEnd: 961, rightEnd: 1176, strand: +, length: 216, contig: contig_2104, protein: unknown, score1: 0.5, score2: 0.0
Unique gene call 8
  --  Gene No. 4, gene caller: glimmer, leftEnd: 1136, rightEnd: 1294, strand: +, length: 159, contig: contig_2104, protein: unknown, score1: 0.3333333333333333, score2: 0.0
Unique gene call 9
  --  Gene No. 5, gene caller: phanotate, leftEnd: 1270, rightEnd: 1476, strand: +, length: 207, contig: contig_2104, protein: unknown, score1: 0.3333333333333333, score2: 0.0
Unique gene call 10
  --  Gene No. 5, gene caller: glimmer, leftEnd: 1383, rightEnd: 1505, strand: +, length: 123, contig: contig_2104, protein: unknown, score1: 0.3333333333333333, score2: 0.0
Unique gene call 11
  --  Gene No. 6, gene caller: phanotate, leftEnd: 1508, rightEnd: 1597, strand: +, length: 90, contig: contig_2104, protein: unknown, score1: 0.3333333333333333, score2: 0.0
Unique gene call 12
  --  Gene No. 6, gene caller: glimmer, leftEnd: 1601, rightEnd: 2041, strand: +, length: 441, contig: contig_2104, protein: unknown, score1: 1.0, score2: 0.0
  --  Gene No. 7, gene caller: phanotate, leftEnd: 1601, rightEnd: 2041, strand: +, length: 441, contig: contig_2104, protein: unknown, score1: 1.0, score2: 0.0
  --  Gene No. 6, gene caller: prodigal, leftEnd: 1601, rightEnd: 2041, strand: +, length: 441, contig: contig_2104, protein: unknown, score1: 1.0, score2: 0.0
Unique gene call 13
  --  Gene No. 7, gene caller: glimmer, leftEnd: 2034, rightEnd: 2567, strand: +, length: 534, contig: contig_2104, protein: unknown, score1: 1.0, score2: 0.0
  --  Gene No. 8, gene caller: phanotate, leftEnd: 2034, rightEnd: 2567, strand: +, length: 534, contig: contig_2104, protein: unknown, score1: 1.0, score2: 0.0
  --  Gene No. 7, gene caller: prodigal, leftEnd: 2034, rightEnd: 2567, strand: +, length: 534, contig: contig_2104, protein: unknown, score1: 1.0, score2: 0.0
Unique gene call 14
  --  Gene No. 8, gene caller: glimmer, leftEnd: 2542, rightEnd: 2655, strand: +, length: 114, contig: contig_2104, protein: unknown, score1: 0.3333333333333333, score2: 0.0
Unique gene call 15
  --  Gene No. 9, gene caller: phanotate, leftEnd: 2615, rightEnd: 2704, strand: +, length: 90, contig: contig_2104, protein: unknown, score1: 0.3333333333333333, score2: 0.0
Unique gene call 16
  --  Gene No. 9, gene caller: glimmer, leftEnd: 2711, rightEnd: 3052, strand: +, length: 342, contig: contig_2104, protein: unknown, score1: 1.0, score2: 0.0
  --  Gene No. 10, gene caller: phanotate, leftEnd: 2711, rightEnd: 3052, strand: +, length: 342, contig: contig_2104, protein: unknown, score1: 1.0, score2: 0.0
  --  Gene No. 8, gene caller: prodigal, leftEnd: 2711, rightEnd: 3052, strand: +, length: 342, contig: contig_2104, protein: unknown, score1: 1.0, score2: 0.0
Unique gene call 17
  --  Gene No. 10, gene caller: glimmer, leftEnd: 3076, rightEnd: 3261, strand: +, length: 186, contig: contig_2104, protein: unknown, score1: 0.8333333333333333, score2: 0.0
  --  Gene No. 9, gene caller: prodigal, leftEnd: 3076, rightEnd: 3261, strand: +, length: 186, contig: contig_2104, protein: unknown, score1: 0.8333333333333333, score2: 0.0
Unique gene call 18
  --  Gene No. 11, gene caller: phanotate, leftEnd: 3173, rightEnd: 3790, strand: +, length: 618, contig: contig_2104, protein: unknown, score1: 0.5, score2: 0.0
Unique gene call 19
  --  Gene No. 10, gene caller: prodigal, leftEnd: 3218, rightEnd: 3790, strand: +, length: 573, contig: contig_2104, protein: unknown, score1: 0.5, score2: 0.0
Unique gene call 20
  --  Gene No. 11, gene caller: glimmer, leftEnd: 3254, rightEnd: 3790, strand: +, length: 537, contig: contig_2104, protein: unknown, score1: 0.5, score2: 0.0
Unique gene call 21
  --  Gene No. 12, gene caller: glimmer, leftEnd: 3802, rightEnd: 4266, strand: +, length: 465, contig: contig_2104, protein: unknown, score1: 0.8333333333333333, score2: 0.0
  --  Gene No. 11, gene caller: prodigal, leftEnd: 3802, rightEnd: 4266, strand: +, length: 465, contig: contig_2104, protein: unknown, score1: 0.8333333333333333, score2: 0.0
Unique gene call 22
  --  Gene No. 12, gene caller: phanotate, leftEnd: 3835, rightEnd: 4266, strand: +, length: 432, contig: contig_2104, protein: unknown, score1: 0.5, score2: 0.0
Unique gene call 23
  --  Gene No. 13, gene caller: glimmer, leftEnd: 4256, rightEnd: 4408, strand: +, length: 153, contig: contig_2104, protein: unknown, score1: 1.0, score2: 0.0
  --  Gene No. 13, gene caller: phanotate, leftEnd: 4256, rightEnd: 4408, strand: +, length: 153, contig: contig_2104, protein: unknown, score1: 1.0, score2: 0.0
  --  Gene No. 12, gene caller: prodigal, leftEnd: 4256, rightEnd: 4408, strand: +, length: 153, contig: contig_2104, protein: unknown, score1: 1.0, score2: 0.0
Unique gene call 24
  --  Gene No. 14, gene caller: phanotate, leftEnd: 4389, rightEnd: 4517, strand: +, length: 129, contig: contig_2104, protein: unknown, score1: 0.3333333333333333, score2: 0.0
Unique gene call 25
  --  Gene No. 15, gene caller: phanotate, leftEnd: 4543, rightEnd: 4653, strand: +, length: 111, contig: contig_2104, protein: unknown, score1: 0.3333333333333333, score2: 0.0
Unique gene call 26
  --  Gene No. 16, gene caller: phanotate, leftEnd: 4671, rightEnd: 4913, strand: +, length: 243, contig: contig_2104, protein: unknown, score1: 0.3333333333333333, score2: 0.0
Unique gene call 27
  --  Gene No. 14, gene caller: glimmer, leftEnd: 4702, rightEnd: 5271, strand: -, length: 570, contig: contig_2104, protein: unknown, score1: 0.3333333333333333, score2: 0.0
Unique gene call 28
  --  Gene No. 13, gene caller: prodigal, leftEnd: 4820, rightEnd: 5071, strand: +, length: 252, contig: contig_2104, protein: unknown, score1: 0.5, score2: 0.0
Unique gene call 29
  --  Gene No. 17, gene caller: phanotate, leftEnd: 4889, rightEnd: 5071, strand: +, length: 183, contig: contig_2104, protein: unknown, score1: 0.5, score2: 0.0
Unique gene call 30
  --  Gene No. 14, gene caller: prodigal, leftEnd: 5071, rightEnd: 5226, strand: +, length: 156, contig: contig_2104, protein: unknown, score1: 0.3333333333333333, score2: 0.0
Unique gene call 31
  --  Gene No. 18, gene caller: phanotate, leftEnd: 5153, rightEnd: 5590, strand: +, length: 438, contig: contig_2104, protein: unknown, score1: 0.5, score2: 0.0
Unique gene call 32
  --  Gene No. 15, gene caller: prodigal, leftEnd: 5207, rightEnd: 5590, strand: +, length: 384, contig: contig_2104, protein: unknown, score1: 0.5, score2: 0.0
Unique gene call 33
  --  Gene No. 15, gene caller: glimmer, leftEnd: 5603, rightEnd: 5779, strand: +, length: 177, contig: contig_2104, protein: unknown, score1: 1.0, score2: 0.0
  --  Gene No. 19, gene caller: phanotate, leftEnd: 5603, rightEnd: 5779, strand: +, length: 177, contig: contig_2104, protein: unknown, score1: 1.0, score2: 0.0
  --  Gene No. 16, gene caller: prodigal, leftEnd: 5603, rightEnd: 5779, strand: +, length: 177, contig: contig_2104, protein: unknown, score1: 1.0, score2: 0.0
Unique gene call 34
  --  Gene No. 16, gene caller: glimmer, leftEnd: 5863, rightEnd: 6075, strand: +, length: 213, contig: contig_2104, protein: unknown, score1: 1.0, score2: 0.0
  --  Gene No. 20, gene caller: phanotate, leftEnd: 5863, rightEnd: 6075, strand: +, length: 213, contig: contig_2104, protein: unknown, score1: 1.0, score2: 0.0
  --  Gene No. 17, gene caller: prodigal, leftEnd: 5863, rightEnd: 6075, strand: +, length: 213, contig: contig_2104, protein: unknown, score1: 1.0, score2: 0.0
Unique gene call 35
  --  Gene No. 21, gene caller: phanotate, leftEnd: 6172, rightEnd: 6279, strand: +, length: 108, contig: contig_2104, protein: unknown, score1: 0.3333333333333333, score2: 0.0
Code complete at 2021-04-21 09:35:47.785945
