Opening log at 2021-04-21 09:52:17.192378
Iterating through fileSet at 2021-04-21 09:52:17.192540
fileSet is ['/home/james/Software/multiPhATE2/PipelineOutput/circular_read_667/commoncore.cgc', '/home/james/Software/multiPhATE2/PipelineOutput/circular_read_667/consensus.cgc', '/home/james/Software/multiPhATE2/PipelineOutput/circular_read_667/glimmer.cgc', '/home/james/Software/multiPhATE2/PipelineOutput/circular_read_667/phanotate.cgc', '/home/james/Software/multiPhATE2/PipelineOutput/circular_read_667/prodigal.cgc', '/home/james/Software/multiPhATE2/PipelineOutput/circular_read_667/superset.cgc']
Opening geneFile /home/james/Software/multiPhATE2/PipelineOutput/circular_read_667/commoncore.cgc
Adding calls from geneFile /home/james/Software/multiPhATE2/PipelineOutput/circular_read_667/commoncore.cgc
Appending call set  number of calls is: 0
Opening geneFile /home/james/Software/multiPhATE2/PipelineOutput/circular_read_667/consensus.cgc
Adding calls from geneFile /home/james/Software/multiPhATE2/PipelineOutput/circular_read_667/consensus.cgc
Appending call set  number of calls is: 0
Opening geneFile /home/james/Software/multiPhATE2/PipelineOutput/circular_read_667/glimmer.cgc
Adding calls from geneFile /home/james/Software/multiPhATE2/PipelineOutput/circular_read_667/glimmer.cgc
Appending call set  number of calls is: 8
Opening geneFile /home/james/Software/multiPhATE2/PipelineOutput/circular_read_667/phanotate.cgc
Adding calls from geneFile /home/james/Software/multiPhATE2/PipelineOutput/circular_read_667/phanotate.cgc
Appending call set  number of calls is: 11
Opening geneFile /home/james/Software/multiPhATE2/PipelineOutput/circular_read_667/prodigal.cgc
Adding calls from geneFile /home/james/Software/multiPhATE2/PipelineOutput/circular_read_667/prodigal.cgc
Appending call set  number of calls is: 8
Opening geneFile /home/james/Software/multiPhATE2/PipelineOutput/circular_read_667/superset.cgc
Adding calls from geneFile /home/james/Software/multiPhATE2/PipelineOutput/circular_read_667/superset.cgc
Appending call set  number of calls is: 0
All call sets have been added to caller list. Number of call sets in callerList: 6
callerList is   glimmer phanotate prodigal  
Total number of gene calls across callerList call sets is: 27
Sorting gene calls for each caller
Processing a callSet
Before sorting, Length of callerList for caller  is 0
After sorting, Length of callerList for caller  is 0
Processing a callSet
Before sorting, Length of callerList for caller  is 0
After sorting, Length of callerList for caller  is 0
Processing a callSet
Before sorting, Length of callerList for caller glimmer is 8
After sorting, Length of callerList for caller glimmer is 8
Processing a callSet
Before sorting, Length of callerList for caller phanotate is 11
After sorting, Length of callerList for caller phanotate is 11
Processing a callSet
Before sorting, Length of callerList for caller prodigal is 8
After sorting, Length of callerList for caller prodigal is 8
Processing a callSet
Before sorting, Length of callerList for caller  is 0
After sorting, Length of callerList for caller  is 0
callSet processing complete
Comparing across the call sets...
Merging the geneCall sets....
Final merged genes:

***************Merge List
1	Gene No. 1, gene caller: glimmer, leftEnd: 80, rightEnd: 364, strand: -, length: 285, contig: circular_read_667, protein: unknown, score1: 1.0, score2: 0.0
2	Gene No. 1, gene caller: phanotate, leftEnd: 80, rightEnd: 364, strand: -, length: 285, contig: circular_read_667, protein: unknown, score1: 1.0, score2: 0.0
3	Gene No. 1, gene caller: prodigal, leftEnd: 80, rightEnd: 364, strand: -, length: 285, contig: circular_read_667, protein: unknown, score1: 1.0, score2: 0.0
4	Gene No. 2, gene caller: phanotate, leftEnd: 364, rightEnd: 525, strand: -, length: 162, contig: circular_read_667, protein: unknown, score1: 1.0, score2: 0.0
5	Gene No. 2, gene caller: glimmer, leftEnd: 364, rightEnd: 651, strand: -, length: 288, contig: circular_read_667, protein: unknown, score1: 1.0, score2: 0.0
6	Gene No. 2, gene caller: prodigal, leftEnd: 364, rightEnd: 651, strand: -, length: 288, contig: circular_read_667, protein: unknown, score1: 1.0, score2: 0.0
7	Gene No. 3, gene caller: glimmer, leftEnd: 602, rightEnd: 808, strand: -, length: 207, contig: circular_read_667, protein: unknown, score1: 1.0, score2: 0.0
8	Gene No. 3, gene caller: phanotate, leftEnd: 602, rightEnd: 808, strand: -, length: 207, contig: circular_read_667, protein: unknown, score1: 1.0, score2: 0.0
9	Gene No. 3, gene caller: prodigal, leftEnd: 602, rightEnd: 808, strand: -, length: 207, contig: circular_read_667, protein: unknown, score1: 1.0, score2: 0.0
10	Gene No. 4, gene caller: glimmer, leftEnd: 815, rightEnd: 1159, strand: -, length: 345, contig: circular_read_667, protein: unknown, score1: 1.0, score2: 0.0
11	Gene No. 4, gene caller: phanotate, leftEnd: 815, rightEnd: 1159, strand: -, length: 345, contig: circular_read_667, protein: unknown, score1: 1.0, score2: 0.0
12	Gene No. 4, gene caller: prodigal, leftEnd: 815, rightEnd: 1159, strand: -, length: 345, contig: circular_read_667, protein: unknown, score1: 1.0, score2: 0.0
13	Gene No. 5, gene caller: phanotate, leftEnd: 1182, rightEnd: 1328, strand: +, length: 147, contig: circular_read_667, protein: unknown, score1: 1.0, score2: 0.0
14	Gene No. 5, gene caller: glimmer, leftEnd: 1383, rightEnd: 1676, strand: +, length: 294, contig: circular_read_667, protein: unknown, score1: 1.0, score2: 0.0
15	Gene No. 6, gene caller: phanotate, leftEnd: 1383, rightEnd: 1676, strand: +, length: 294, contig: circular_read_667, protein: unknown, score1: 1.0, score2: 0.0
16	Gene No. 6, gene caller: glimmer, leftEnd: 1651, rightEnd: 1989, strand: +, length: 339, contig: circular_read_667, protein: unknown, score1: 1.0, score2: 0.0
17	Gene No. 7, gene caller: phanotate, leftEnd: 1651, rightEnd: 1989, strand: +, length: 339, contig: circular_read_667, protein: unknown, score1: 1.0, score2: 0.0
18	Gene No. 5, gene caller: prodigal, leftEnd: 1651, rightEnd: 1989, strand: +, length: 339, contig: circular_read_667, protein: unknown, score1: 1.0, score2: 0.0
19	Gene No. 6, gene caller: prodigal, leftEnd: 1952, rightEnd: 2122, strand: +, length: 171, contig: circular_read_667, protein: unknown, score1: 1.0, score2: 0.0
20	Gene No. 7, gene caller: glimmer, leftEnd: 1982, rightEnd: 2122, strand: +, length: 141, contig: circular_read_667, protein: unknown, score1: 1.0, score2: 0.0
21	Gene No. 8, gene caller: phanotate, leftEnd: 1982, rightEnd: 2122, strand: +, length: 141, contig: circular_read_667, protein: unknown, score1: 1.0, score2: 0.0
22	Gene No. 9, gene caller: phanotate, leftEnd: 2152, rightEnd: 2253, strand: -, length: 102, contig: circular_read_667, protein: unknown, score1: 1.0, score2: 0.0
23	Gene No. 10, gene caller: phanotate, leftEnd: 2314, rightEnd: 2637, strand: +, length: 324, contig: circular_read_667, protein: unknown, score1: 1.0, score2: 0.0
24	Gene No. 7, gene caller: prodigal, leftEnd: 2314, rightEnd: 2637, strand: +, length: 324, contig: circular_read_667, protein: unknown, score1: 1.0, score2: 0.0
25	Gene No. 8, gene caller: glimmer, leftEnd: 2329, rightEnd: 2637, strand: +, length: 309, contig: circular_read_667, protein: unknown, score1: 1.0, score2: 0.0
26	Gene No. 11, gene caller: phanotate, leftEnd: 2723, rightEnd: 2866, strand: +, length: 144, contig: circular_read_667, protein: unknown, score1: 1.0, score2: 0.0
27	Gene No. 8, gene caller: prodigal, leftEnd: 2868, rightEnd: 2939, strand: -, length: 72, contig: circular_read_667, protein: unknown, score1: 1.0, score2: 0.0
Comparing across geneCall sets....
Scoring gene calls....
Identifying common core...
This is the Common Core List:

***************Common Core
CC-gene 1	Gene No. 1, gene caller: All_callers, leftEnd: 80, rightEnd: 364, strand: -, length: 285, contig: circular_read_667, protein: unknown, score1: 1.0, score2: 0.0
CC-gene 2	Gene No. 1, gene caller: All_callers, leftEnd: 602, rightEnd: 808, strand: -, length: 207, contig: circular_read_667, protein: unknown, score1: 1.0, score2: 0.0
CC-gene 3	Gene No. 1, gene caller: All_callers, leftEnd: 815, rightEnd: 1159, strand: -, length: 345, contig: circular_read_667, protein: unknown, score1: 1.0, score2: 0.0
CC-gene 4	Gene No. 1, gene caller: All_callers, leftEnd: 1651, rightEnd: 1989, strand: +, length: 339, contig: circular_read_667, protein: unknown, score1: 1.0, score2: 0.0
Printing gene-call superset, consensus, and common_core in GFF and CGC formats
Printing report....
The following gene callers were considered: glimmer, phanotate, prodigal, The number of distinct gene calls over all gene callers is 15
The number of gene calls in common among all callers is 4
The number of unique (non-matching) gene calls is7
Caller glimmer produced 8 gene calls.
Caller glimmer gene-call length stats:  min: 141, max: 345, ave: 276.0
Caller phanotate produced 11 gene calls.
Caller phanotate gene-call length stats:  min: 102, max: 345, ave: 226.36363636363637
Caller prodigal produced 8 gene calls.
Caller prodigal gene-call length stats:  min: 72, max: 345, ave: 253.875

Gene-call Scores:
Caller	Contig	Gene No.	Left End	Right End	Strand	gcScore
glimmer	circular_read_667	1	80	364	-	1.00
phanotate	circular_read_667	1	80	364	-	1.00
prodigal	circular_read_667	1	80	364	-	1.00
phanotate	circular_read_667	2	364	525	-	0.50
glimmer	circular_read_667	2	364	651	-	0.83
prodigal	circular_read_667	2	364	651	-	0.83
glimmer	circular_read_667	3	602	808	-	1.00
phanotate	circular_read_667	3	602	808	-	1.00
prodigal	circular_read_667	3	602	808	-	1.00
glimmer	circular_read_667	4	815	1159	-	1.00
phanotate	circular_read_667	4	815	1159	-	1.00
prodigal	circular_read_667	4	815	1159	-	1.00
phanotate	circular_read_667	5	1182	1328	+	0.33
glimmer	circular_read_667	5	1383	1676	+	0.83
phanotate	circular_read_667	6	1383	1676	+	0.83
glimmer	circular_read_667	6	1651	1989	+	1.00
phanotate	circular_read_667	7	1651	1989	+	1.00
prodigal	circular_read_667	5	1651	1989	+	1.00
prodigal	circular_read_667	6	1952	2122	+	0.50
glimmer	circular_read_667	7	1982	2122	+	0.83
phanotate	circular_read_667	8	1982	2122	+	0.83
phanotate	circular_read_667	9	2152	2253	-	0.33
phanotate	circular_read_667	10	2314	2637	+	0.83
prodigal	circular_read_667	7	2314	2637	+	0.83
glimmer	circular_read_667	8	2329	2637	+	0.50
phanotate	circular_read_667	11	2723	2866	+	0.33
prodigal	circular_read_667	8	2868	2939	-	0.33

Gene-call Consensus Scores:
Caller glimmer average gene-call score: 0.87
Caller phanotate average gene-call score: 0.73
Caller prodigal average gene-call score: 0.81

***************Unique List
Unique gene call 1
  --  Gene No. 1, gene caller: glimmer, leftEnd: 80, rightEnd: 364, strand: -, length: 285, contig: circular_read_667, protein: unknown, score1: 1.0, score2: 0.0
  --  Gene No. 1, gene caller: phanotate, leftEnd: 80, rightEnd: 364, strand: -, length: 285, contig: circular_read_667, protein: unknown, score1: 1.0, score2: 0.0
  --  Gene No. 1, gene caller: prodigal, leftEnd: 80, rightEnd: 364, strand: -, length: 285, contig: circular_read_667, protein: unknown, score1: 1.0, score2: 0.0
Unique gene call 2
  --  Gene No. 2, gene caller: phanotate, leftEnd: 364, rightEnd: 525, strand: -, length: 162, contig: circular_read_667, protein: unknown, score1: 0.5, score2: 0.0
Unique gene call 3
  --  Gene No. 2, gene caller: glimmer, leftEnd: 364, rightEnd: 651, strand: -, length: 288, contig: circular_read_667, protein: unknown, score1: 0.8333333333333333, score2: 0.0
  --  Gene No. 2, gene caller: prodigal, leftEnd: 364, rightEnd: 651, strand: -, length: 288, contig: circular_read_667, protein: unknown, score1: 0.8333333333333333, score2: 0.0
Unique gene call 4
  --  Gene No. 3, gene caller: glimmer, leftEnd: 602, rightEnd: 808, strand: -, length: 207, contig: circular_read_667, protein: unknown, score1: 1.0, score2: 0.0
  --  Gene No. 3, gene caller: phanotate, leftEnd: 602, rightEnd: 808, strand: -, length: 207, contig: circular_read_667, protein: unknown, score1: 1.0, score2: 0.0
  --  Gene No. 3, gene caller: prodigal, leftEnd: 602, rightEnd: 808, strand: -, length: 207, contig: circular_read_667, protein: unknown, score1: 1.0, score2: 0.0
Unique gene call 5
  --  Gene No. 4, gene caller: glimmer, leftEnd: 815, rightEnd: 1159, strand: -, length: 345, contig: circular_read_667, protein: unknown, score1: 1.0, score2: 0.0
  --  Gene No. 4, gene caller: phanotate, leftEnd: 815, rightEnd: 1159, strand: -, length: 345, contig: circular_read_667, protein: unknown, score1: 1.0, score2: 0.0
  --  Gene No. 4, gene caller: prodigal, leftEnd: 815, rightEnd: 1159, strand: -, length: 345, contig: circular_read_667, protein: unknown, score1: 1.0, score2: 0.0
Unique gene call 6
  --  Gene No. 5, gene caller: phanotate, leftEnd: 1182, rightEnd: 1328, strand: +, length: 147, contig: circular_read_667, protein: unknown, score1: 0.3333333333333333, score2: 0.0
Unique gene call 7
  --  Gene No. 5, gene caller: glimmer, leftEnd: 1383, rightEnd: 1676, strand: +, length: 294, contig: circular_read_667, protein: unknown, score1: 0.8333333333333333, score2: 0.0
  --  Gene No. 6, gene caller: phanotate, leftEnd: 1383, rightEnd: 1676, strand: +, length: 294, contig: circular_read_667, protein: unknown, score1: 0.8333333333333333, score2: 0.0
Unique gene call 8
  --  Gene No. 6, gene caller: glimmer, leftEnd: 1651, rightEnd: 1989, strand: +, length: 339, contig: circular_read_667, protein: unknown, score1: 1.0, score2: 0.0
  --  Gene No. 7, gene caller: phanotate, leftEnd: 1651, rightEnd: 1989, strand: +, length: 339, contig: circular_read_667, protein: unknown, score1: 1.0, score2: 0.0
  --  Gene No. 5, gene caller: prodigal, leftEnd: 1651, rightEnd: 1989, strand: +, length: 339, contig: circular_read_667, protein: unknown, score1: 1.0, score2: 0.0
Unique gene call 9
  --  Gene No. 6, gene caller: prodigal, leftEnd: 1952, rightEnd: 2122, strand: +, length: 171, contig: circular_read_667, protein: unknown, score1: 0.5, score2: 0.0
Unique gene call 10
  --  Gene No. 7, gene caller: glimmer, leftEnd: 1982, rightEnd: 2122, strand: +, length: 141, contig: circular_read_667, protein: unknown, score1: 0.8333333333333333, score2: 0.0
  --  Gene No. 8, gene caller: phanotate, leftEnd: 1982, rightEnd: 2122, strand: +, length: 141, contig: circular_read_667, protein: unknown, score1: 0.8333333333333333, score2: 0.0
Unique gene call 11
  --  Gene No. 9, gene caller: phanotate, leftEnd: 2152, rightEnd: 2253, strand: -, length: 102, contig: circular_read_667, protein: unknown, score1: 0.3333333333333333, score2: 0.0
Unique gene call 12
  --  Gene No. 10, gene caller: phanotate, leftEnd: 2314, rightEnd: 2637, strand: +, length: 324, contig: circular_read_667, protein: unknown, score1: 0.8333333333333333, score2: 0.0
  --  Gene No. 7, gene caller: prodigal, leftEnd: 2314, rightEnd: 2637, strand: +, length: 324, contig: circular_read_667, protein: unknown, score1: 0.8333333333333333, score2: 0.0
Unique gene call 13
  --  Gene No. 8, gene caller: glimmer, leftEnd: 2329, rightEnd: 2637, strand: +, length: 309, contig: circular_read_667, protein: unknown, score1: 0.5, score2: 0.0
Unique gene call 14
  --  Gene No. 11, gene caller: phanotate, leftEnd: 2723, rightEnd: 2866, strand: +, length: 144, contig: circular_read_667, protein: unknown, score1: 0.3333333333333333, score2: 0.0
Unique gene call 15
  --  Gene No. 8, gene caller: prodigal, leftEnd: 2868, rightEnd: 2939, strand: -, length: 72, contig: circular_read_667, protein: unknown, score1: 0.3333333333333333, score2: 0.0
Code complete at 2021-04-21 09:52:17.198016
