Opening log at 2021-04-21 09:33:32.235645
Iterating through fileSet at 2021-04-21 09:33:32.235750
fileSet is ['/home/james/Software/multiPhATE2/PipelineOutput/contig_2086/commoncore.cgc', '/home/james/Software/multiPhATE2/PipelineOutput/contig_2086/consensus.cgc', '/home/james/Software/multiPhATE2/PipelineOutput/contig_2086/glimmer.cgc', '/home/james/Software/multiPhATE2/PipelineOutput/contig_2086/phanotate.cgc', '/home/james/Software/multiPhATE2/PipelineOutput/contig_2086/prodigal.cgc', '/home/james/Software/multiPhATE2/PipelineOutput/contig_2086/superset.cgc']
Opening geneFile /home/james/Software/multiPhATE2/PipelineOutput/contig_2086/commoncore.cgc
Adding calls from geneFile /home/james/Software/multiPhATE2/PipelineOutput/contig_2086/commoncore.cgc
Appending call set  number of calls is: 0
Opening geneFile /home/james/Software/multiPhATE2/PipelineOutput/contig_2086/consensus.cgc
Adding calls from geneFile /home/james/Software/multiPhATE2/PipelineOutput/contig_2086/consensus.cgc
Appending call set  number of calls is: 0
Opening geneFile /home/james/Software/multiPhATE2/PipelineOutput/contig_2086/glimmer.cgc
Adding calls from geneFile /home/james/Software/multiPhATE2/PipelineOutput/contig_2086/glimmer.cgc
Appending call set  number of calls is: 50
Opening geneFile /home/james/Software/multiPhATE2/PipelineOutput/contig_2086/phanotate.cgc
Adding calls from geneFile /home/james/Software/multiPhATE2/PipelineOutput/contig_2086/phanotate.cgc
Appending call set  number of calls is: 61
Opening geneFile /home/james/Software/multiPhATE2/PipelineOutput/contig_2086/prodigal.cgc
Adding calls from geneFile /home/james/Software/multiPhATE2/PipelineOutput/contig_2086/prodigal.cgc
Appending call set  number of calls is: 46
Opening geneFile /home/james/Software/multiPhATE2/PipelineOutput/contig_2086/superset.cgc
Adding calls from geneFile /home/james/Software/multiPhATE2/PipelineOutput/contig_2086/superset.cgc
Appending call set  number of calls is: 0
All call sets have been added to caller list. Number of call sets in callerList: 6
callerList is   glimmer phanotate prodigal  
Total number of gene calls across callerList call sets is: 157
Sorting gene calls for each caller
Processing a callSet
Before sorting, Length of callerList for caller  is 0
After sorting, Length of callerList for caller  is 0
Processing a callSet
Before sorting, Length of callerList for caller  is 0
After sorting, Length of callerList for caller  is 0
Processing a callSet
Before sorting, Length of callerList for caller glimmer is 50
After sorting, Length of callerList for caller glimmer is 50
Processing a callSet
Before sorting, Length of callerList for caller phanotate is 61
After sorting, Length of callerList for caller phanotate is 61
Processing a callSet
Before sorting, Length of callerList for caller prodigal is 46
After sorting, Length of callerList for caller prodigal is 46
Processing a callSet
Before sorting, Length of callerList for caller  is 0
After sorting, Length of callerList for caller  is 0
callSet processing complete
Comparing across the call sets...
Merging the geneCall sets....
Final merged genes:

***************Merge List
1	Gene No. 1, gene caller: phanotate, leftEnd: 3, rightEnd: 3662, strand: -, length: 3660, contig: contig_2086, protein: unknown, score1: 1.0, score2: 0.0
2	Gene No. 1, gene caller: prodigal, leftEnd: 3, rightEnd: 3662, strand: -, length: 3660, contig: contig_2086, protein: unknown, score1: 1.0, score2: 0.0
3	Gene No. 1, gene caller: glimmer, leftEnd: 3681, rightEnd: 3794, strand: -, length: 114, contig: contig_2086, protein: unknown, score1: 1.0, score2: 0.0
4	Gene No. 2, gene caller: phanotate, leftEnd: 3681, rightEnd: 3851, strand: -, length: 171, contig: contig_2086, protein: unknown, score1: 1.0, score2: 0.0
5	Gene No. 2, gene caller: prodigal, leftEnd: 3681, rightEnd: 3851, strand: -, length: 171, contig: contig_2086, protein: unknown, score1: 1.0, score2: 0.0
6	Gene No. 2, gene caller: glimmer, leftEnd: 3961, rightEnd: 4104, strand: -, length: 144, contig: contig_2086, protein: unknown, score1: 1.0, score2: 0.0
7	Gene No. 3, gene caller: phanotate, leftEnd: 3961, rightEnd: 4104, strand: -, length: 144, contig: contig_2086, protein: unknown, score1: 1.0, score2: 0.0
8	Gene No. 3, gene caller: glimmer, leftEnd: 4109, rightEnd: 4357, strand: -, length: 249, contig: contig_2086, protein: unknown, score1: 1.0, score2: 0.0
9	Gene No. 4, gene caller: phanotate, leftEnd: 4109, rightEnd: 4357, strand: -, length: 249, contig: contig_2086, protein: unknown, score1: 1.0, score2: 0.0
10	Gene No. 3, gene caller: prodigal, leftEnd: 4109, rightEnd: 4357, strand: -, length: 249, contig: contig_2086, protein: unknown, score1: 1.0, score2: 0.0
11	Gene No. 4, gene caller: glimmer, leftEnd: 4402, rightEnd: 4830, strand: -, length: 429, contig: contig_2086, protein: unknown, score1: 1.0, score2: 0.0
12	Gene No. 5, gene caller: phanotate, leftEnd: 4402, rightEnd: 4830, strand: -, length: 429, contig: contig_2086, protein: unknown, score1: 1.0, score2: 0.0
13	Gene No. 4, gene caller: prodigal, leftEnd: 4402, rightEnd: 4830, strand: -, length: 429, contig: contig_2086, protein: unknown, score1: 1.0, score2: 0.0
14	Gene No. 5, gene caller: glimmer, leftEnd: 4851, rightEnd: 5972, strand: -, length: 1122, contig: contig_2086, protein: unknown, score1: 1.0, score2: 0.0
15	Gene No. 6, gene caller: phanotate, leftEnd: 4851, rightEnd: 5972, strand: -, length: 1122, contig: contig_2086, protein: unknown, score1: 1.0, score2: 0.0
16	Gene No. 5, gene caller: prodigal, leftEnd: 4851, rightEnd: 5972, strand: -, length: 1122, contig: contig_2086, protein: unknown, score1: 1.0, score2: 0.0
17	Gene No. 6, gene caller: glimmer, leftEnd: 5976, rightEnd: 6488, strand: -, length: 513, contig: contig_2086, protein: unknown, score1: 1.0, score2: 0.0
18	Gene No. 7, gene caller: phanotate, leftEnd: 5976, rightEnd: 6512, strand: -, length: 537, contig: contig_2086, protein: unknown, score1: 1.0, score2: 0.0
19	Gene No. 6, gene caller: prodigal, leftEnd: 5976, rightEnd: 6512, strand: -, length: 537, contig: contig_2086, protein: unknown, score1: 1.0, score2: 0.0
20	Gene No. 7, gene caller: glimmer, leftEnd: 6472, rightEnd: 6873, strand: -, length: 402, contig: contig_2086, protein: unknown, score1: 1.0, score2: 0.0
21	Gene No. 8, gene caller: phanotate, leftEnd: 6472, rightEnd: 6876, strand: -, length: 405, contig: contig_2086, protein: unknown, score1: 1.0, score2: 0.0
22	Gene No. 7, gene caller: prodigal, leftEnd: 6472, rightEnd: 6876, strand: -, length: 405, contig: contig_2086, protein: unknown, score1: 1.0, score2: 0.0
23	Gene No. 8, gene caller: prodigal, leftEnd: 6873, rightEnd: 7466, strand: -, length: 594, contig: contig_2086, protein: unknown, score1: 1.0, score2: 0.0
24	Gene No. 8, gene caller: glimmer, leftEnd: 6873, rightEnd: 7493, strand: -, length: 621, contig: contig_2086, protein: unknown, score1: 1.0, score2: 0.0
25	Gene No. 9, gene caller: phanotate, leftEnd: 6873, rightEnd: 7493, strand: -, length: 621, contig: contig_2086, protein: unknown, score1: 1.0, score2: 0.0
26	Gene No. 9, gene caller: glimmer, leftEnd: 7495, rightEnd: 7893, strand: -, length: 399, contig: contig_2086, protein: unknown, score1: 1.0, score2: 0.0
27	Gene No. 10, gene caller: phanotate, leftEnd: 7495, rightEnd: 7893, strand: -, length: 399, contig: contig_2086, protein: unknown, score1: 1.0, score2: 0.0
28	Gene No. 9, gene caller: prodigal, leftEnd: 7495, rightEnd: 7893, strand: -, length: 399, contig: contig_2086, protein: unknown, score1: 1.0, score2: 0.0
29	Gene No. 10, gene caller: glimmer, leftEnd: 7919, rightEnd: 8836, strand: -, length: 918, contig: contig_2086, protein: unknown, score1: 1.0, score2: 0.0
30	Gene No. 11, gene caller: phanotate, leftEnd: 7919, rightEnd: 8836, strand: -, length: 918, contig: contig_2086, protein: unknown, score1: 1.0, score2: 0.0
31	Gene No. 10, gene caller: prodigal, leftEnd: 7919, rightEnd: 8836, strand: -, length: 918, contig: contig_2086, protein: unknown, score1: 1.0, score2: 0.0
32	Gene No. 11, gene caller: glimmer, leftEnd: 8843, rightEnd: 9391, strand: -, length: 549, contig: contig_2086, protein: unknown, score1: 1.0, score2: 0.0
33	Gene No. 12, gene caller: phanotate, leftEnd: 8843, rightEnd: 9391, strand: -, length: 549, contig: contig_2086, protein: unknown, score1: 1.0, score2: 0.0
34	Gene No. 11, gene caller: prodigal, leftEnd: 8843, rightEnd: 9391, strand: -, length: 549, contig: contig_2086, protein: unknown, score1: 1.0, score2: 0.0
35	Gene No. 12, gene caller: glimmer, leftEnd: 9410, rightEnd: 10564, strand: -, length: 1155, contig: contig_2086, protein: unknown, score1: 1.0, score2: 0.0
36	Gene No. 13, gene caller: phanotate, leftEnd: 9410, rightEnd: 10564, strand: -, length: 1155, contig: contig_2086, protein: unknown, score1: 1.0, score2: 0.0
37	Gene No. 12, gene caller: prodigal, leftEnd: 9410, rightEnd: 10564, strand: -, length: 1155, contig: contig_2086, protein: unknown, score1: 1.0, score2: 0.0
38	Gene No. 13, gene caller: glimmer, leftEnd: 10567, rightEnd: 11007, strand: -, length: 441, contig: contig_2086, protein: unknown, score1: 1.0, score2: 0.0
39	Gene No. 14, gene caller: phanotate, leftEnd: 10567, rightEnd: 11007, strand: -, length: 441, contig: contig_2086, protein: unknown, score1: 1.0, score2: 0.0
40	Gene No. 13, gene caller: prodigal, leftEnd: 10567, rightEnd: 11007, strand: -, length: 441, contig: contig_2086, protein: unknown, score1: 1.0, score2: 0.0
41	Gene No. 14, gene caller: glimmer, leftEnd: 11035, rightEnd: 11811, strand: -, length: 777, contig: contig_2086, protein: unknown, score1: 1.0, score2: 0.0
42	Gene No. 15, gene caller: phanotate, leftEnd: 11035, rightEnd: 11955, strand: -, length: 921, contig: contig_2086, protein: unknown, score1: 1.0, score2: 0.0
43	Gene No. 14, gene caller: prodigal, leftEnd: 11035, rightEnd: 11955, strand: -, length: 921, contig: contig_2086, protein: unknown, score1: 1.0, score2: 0.0
44	Gene No. 15, gene caller: glimmer, leftEnd: 11936, rightEnd: 13402, strand: -, length: 1467, contig: contig_2086, protein: unknown, score1: 1.0, score2: 0.0
45	Gene No. 16, gene caller: phanotate, leftEnd: 11936, rightEnd: 13402, strand: -, length: 1467, contig: contig_2086, protein: unknown, score1: 1.0, score2: 0.0
46	Gene No. 15, gene caller: prodigal, leftEnd: 11936, rightEnd: 13402, strand: -, length: 1467, contig: contig_2086, protein: unknown, score1: 1.0, score2: 0.0
47	Gene No. 16, gene caller: glimmer, leftEnd: 13491, rightEnd: 14906, strand: -, length: 1416, contig: contig_2086, protein: unknown, score1: 1.0, score2: 0.0
48	Gene No. 17, gene caller: phanotate, leftEnd: 13491, rightEnd: 14936, strand: -, length: 1446, contig: contig_2086, protein: unknown, score1: 1.0, score2: 0.0
49	Gene No. 16, gene caller: prodigal, leftEnd: 13491, rightEnd: 14936, strand: -, length: 1446, contig: contig_2086, protein: unknown, score1: 1.0, score2: 0.0
50	Gene No. 17, gene caller: glimmer, leftEnd: 14884, rightEnd: 15462, strand: -, length: 579, contig: contig_2086, protein: unknown, score1: 1.0, score2: 0.0
51	Gene No. 18, gene caller: phanotate, leftEnd: 14884, rightEnd: 15462, strand: -, length: 579, contig: contig_2086, protein: unknown, score1: 1.0, score2: 0.0
52	Gene No. 17, gene caller: prodigal, leftEnd: 14884, rightEnd: 15462, strand: -, length: 579, contig: contig_2086, protein: unknown, score1: 1.0, score2: 0.0
53	Gene No. 18, gene caller: glimmer, leftEnd: 15462, rightEnd: 15695, strand: -, length: 234, contig: contig_2086, protein: unknown, score1: 1.0, score2: 0.0
54	Gene No. 18, gene caller: prodigal, leftEnd: 15462, rightEnd: 15800, strand: -, length: 339, contig: contig_2086, protein: unknown, score1: 1.0, score2: 0.0
55	Gene No. 19, gene caller: phanotate, leftEnd: 15462, rightEnd: 15968, strand: -, length: 507, contig: contig_2086, protein: unknown, score1: 1.0, score2: 0.0
56	Gene No. 19, gene caller: prodigal, leftEnd: 15877, rightEnd: 16797, strand: -, length: 921, contig: contig_2086, protein: unknown, score1: 1.0, score2: 0.0
57	Gene No. 19, gene caller: glimmer, leftEnd: 15877, rightEnd: 16818, strand: -, length: 942, contig: contig_2086, protein: unknown, score1: 1.0, score2: 0.0
58	Gene No. 20, gene caller: phanotate, leftEnd: 15877, rightEnd: 16818, strand: -, length: 942, contig: contig_2086, protein: unknown, score1: 1.0, score2: 0.0
59	Gene No. 21, gene caller: phanotate, leftEnd: 16822, rightEnd: 17112, strand: -, length: 291, contig: contig_2086, protein: unknown, score1: 1.0, score2: 0.0
60	Gene No. 20, gene caller: prodigal, leftEnd: 16822, rightEnd: 17112, strand: -, length: 291, contig: contig_2086, protein: unknown, score1: 1.0, score2: 0.0
61	Gene No. 20, gene caller: glimmer, leftEnd: 16822, rightEnd: 17121, strand: -, length: 300, contig: contig_2086, protein: unknown, score1: 1.0, score2: 0.0
62	Gene No. 22, gene caller: phanotate, leftEnd: 17132, rightEnd: 17230, strand: -, length: 99, contig: contig_2086, protein: unknown, score1: 1.0, score2: 0.0
63	Gene No. 21, gene caller: prodigal, leftEnd: 17132, rightEnd: 17314, strand: -, length: 183, contig: contig_2086, protein: unknown, score1: 1.0, score2: 0.0
64	Gene No. 21, gene caller: glimmer, leftEnd: 17132, rightEnd: 17323, strand: -, length: 192, contig: contig_2086, protein: unknown, score1: 1.0, score2: 0.0
65	Gene No. 23, gene caller: phanotate, leftEnd: 17267, rightEnd: 17362, strand: +, length: 96, contig: contig_2086, protein: unknown, score1: 1.0, score2: 0.0
66	Gene No. 22, gene caller: glimmer, leftEnd: 17549, rightEnd: 17797, strand: +, length: 249, contig: contig_2086, protein: unknown, score1: 1.0, score2: 0.0
67	Gene No. 24, gene caller: phanotate, leftEnd: 17549, rightEnd: 17797, strand: +, length: 249, contig: contig_2086, protein: unknown, score1: 1.0, score2: 0.0
68	Gene No. 22, gene caller: prodigal, leftEnd: 17549, rightEnd: 17797, strand: +, length: 249, contig: contig_2086, protein: unknown, score1: 1.0, score2: 0.0
69	Gene No. 25, gene caller: phanotate, leftEnd: 17888, rightEnd: 17995, strand: +, length: 108, contig: contig_2086, protein: unknown, score1: 1.0, score2: 0.0
70	Gene No. 23, gene caller: glimmer, leftEnd: 17999, rightEnd: 18415, strand: +, length: 417, contig: contig_2086, protein: unknown, score1: 1.0, score2: 0.0
71	Gene No. 26, gene caller: phanotate, leftEnd: 17999, rightEnd: 18415, strand: +, length: 417, contig: contig_2086, protein: unknown, score1: 1.0, score2: 0.0
72	Gene No. 23, gene caller: prodigal, leftEnd: 17999, rightEnd: 18415, strand: +, length: 417, contig: contig_2086, protein: unknown, score1: 1.0, score2: 0.0
73	Gene No. 24, gene caller: glimmer, leftEnd: 18420, rightEnd: 18791, strand: +, length: 372, contig: contig_2086, protein: unknown, score1: 1.0, score2: 0.0
74	Gene No. 27, gene caller: phanotate, leftEnd: 18420, rightEnd: 18791, strand: +, length: 372, contig: contig_2086, protein: unknown, score1: 1.0, score2: 0.0
75	Gene No. 24, gene caller: prodigal, leftEnd: 18420, rightEnd: 18791, strand: +, length: 372, contig: contig_2086, protein: unknown, score1: 1.0, score2: 0.0
76	Gene No. 25, gene caller: glimmer, leftEnd: 18791, rightEnd: 19231, strand: +, length: 441, contig: contig_2086, protein: unknown, score1: 1.0, score2: 0.0
77	Gene No. 28, gene caller: phanotate, leftEnd: 18791, rightEnd: 19231, strand: +, length: 441, contig: contig_2086, protein: unknown, score1: 1.0, score2: 0.0
78	Gene No. 25, gene caller: prodigal, leftEnd: 18791, rightEnd: 19231, strand: +, length: 441, contig: contig_2086, protein: unknown, score1: 1.0, score2: 0.0
79	Gene No. 26, gene caller: glimmer, leftEnd: 19241, rightEnd: 19681, strand: +, length: 441, contig: contig_2086, protein: unknown, score1: 1.0, score2: 0.0
80	Gene No. 29, gene caller: phanotate, leftEnd: 19241, rightEnd: 19681, strand: +, length: 441, contig: contig_2086, protein: unknown, score1: 1.0, score2: 0.0
81	Gene No. 26, gene caller: prodigal, leftEnd: 19241, rightEnd: 19681, strand: +, length: 441, contig: contig_2086, protein: unknown, score1: 1.0, score2: 0.0
82	Gene No. 27, gene caller: glimmer, leftEnd: 19681, rightEnd: 20109, strand: +, length: 429, contig: contig_2086, protein: unknown, score1: 1.0, score2: 0.0
83	Gene No. 30, gene caller: phanotate, leftEnd: 19681, rightEnd: 20109, strand: +, length: 429, contig: contig_2086, protein: unknown, score1: 1.0, score2: 0.0
84	Gene No. 27, gene caller: prodigal, leftEnd: 19681, rightEnd: 20109, strand: +, length: 429, contig: contig_2086, protein: unknown, score1: 1.0, score2: 0.0
85	Gene No. 28, gene caller: glimmer, leftEnd: 20109, rightEnd: 20471, strand: +, length: 363, contig: contig_2086, protein: unknown, score1: 1.0, score2: 0.0
86	Gene No. 31, gene caller: phanotate, leftEnd: 20109, rightEnd: 20471, strand: +, length: 363, contig: contig_2086, protein: unknown, score1: 1.0, score2: 0.0
87	Gene No. 28, gene caller: prodigal, leftEnd: 20109, rightEnd: 20471, strand: +, length: 363, contig: contig_2086, protein: unknown, score1: 1.0, score2: 0.0
88	Gene No. 29, gene caller: glimmer, leftEnd: 20471, rightEnd: 20914, strand: +, length: 444, contig: contig_2086, protein: unknown, score1: 1.0, score2: 0.0
89	Gene No. 32, gene caller: phanotate, leftEnd: 20471, rightEnd: 20914, strand: +, length: 444, contig: contig_2086, protein: unknown, score1: 1.0, score2: 0.0
90	Gene No. 29, gene caller: prodigal, leftEnd: 20471, rightEnd: 20914, strand: +, length: 444, contig: contig_2086, protein: unknown, score1: 1.0, score2: 0.0
91	Gene No. 30, gene caller: glimmer, leftEnd: 21073, rightEnd: 21786, strand: +, length: 714, contig: contig_2086, protein: unknown, score1: 1.0, score2: 0.0
92	Gene No. 33, gene caller: phanotate, leftEnd: 21073, rightEnd: 21786, strand: +, length: 714, contig: contig_2086, protein: unknown, score1: 1.0, score2: 0.0
93	Gene No. 30, gene caller: prodigal, leftEnd: 21073, rightEnd: 21786, strand: +, length: 714, contig: contig_2086, protein: unknown, score1: 1.0, score2: 0.0
94	Gene No. 31, gene caller: glimmer, leftEnd: 21798, rightEnd: 22052, strand: +, length: 255, contig: contig_2086, protein: unknown, score1: 1.0, score2: 0.0
95	Gene No. 34, gene caller: phanotate, leftEnd: 21798, rightEnd: 22052, strand: +, length: 255, contig: contig_2086, protein: unknown, score1: 1.0, score2: 0.0
96	Gene No. 31, gene caller: prodigal, leftEnd: 21798, rightEnd: 22052, strand: +, length: 255, contig: contig_2086, protein: unknown, score1: 1.0, score2: 0.0
97	Gene No. 32, gene caller: glimmer, leftEnd: 22064, rightEnd: 22420, strand: +, length: 357, contig: contig_2086, protein: unknown, score1: 1.0, score2: 0.0
98	Gene No. 35, gene caller: phanotate, leftEnd: 22064, rightEnd: 22420, strand: +, length: 357, contig: contig_2086, protein: unknown, score1: 1.0, score2: 0.0
99	Gene No. 32, gene caller: prodigal, leftEnd: 22064, rightEnd: 22420, strand: +, length: 357, contig: contig_2086, protein: unknown, score1: 1.0, score2: 0.0
100	Gene No. 33, gene caller: glimmer, leftEnd: 22439, rightEnd: 22789, strand: +, length: 351, contig: contig_2086, protein: unknown, score1: 1.0, score2: 0.0
101	Gene No. 36, gene caller: phanotate, leftEnd: 22439, rightEnd: 22789, strand: +, length: 351, contig: contig_2086, protein: unknown, score1: 1.0, score2: 0.0
102	Gene No. 33, gene caller: prodigal, leftEnd: 22439, rightEnd: 22789, strand: +, length: 351, contig: contig_2086, protein: unknown, score1: 1.0, score2: 0.0
103	Gene No. 34, gene caller: glimmer, leftEnd: 22803, rightEnd: 23171, strand: +, length: 369, contig: contig_2086, protein: unknown, score1: 1.0, score2: 0.0
104	Gene No. 37, gene caller: phanotate, leftEnd: 22803, rightEnd: 23171, strand: +, length: 369, contig: contig_2086, protein: unknown, score1: 1.0, score2: 0.0
105	Gene No. 34, gene caller: prodigal, leftEnd: 22803, rightEnd: 23171, strand: +, length: 369, contig: contig_2086, protein: unknown, score1: 1.0, score2: 0.0
106	Gene No. 35, gene caller: glimmer, leftEnd: 23174, rightEnd: 23326, strand: +, length: 153, contig: contig_2086, protein: unknown, score1: 1.0, score2: 0.0
107	Gene No. 38, gene caller: phanotate, leftEnd: 23174, rightEnd: 23326, strand: +, length: 153, contig: contig_2086, protein: unknown, score1: 1.0, score2: 0.0
108	Gene No. 35, gene caller: prodigal, leftEnd: 23198, rightEnd: 23326, strand: +, length: 129, contig: contig_2086, protein: unknown, score1: 1.0, score2: 0.0
109	Gene No. 36, gene caller: glimmer, leftEnd: 23323, rightEnd: 23439, strand: +, length: 117, contig: contig_2086, protein: unknown, score1: 1.0, score2: 0.0
110	Gene No. 39, gene caller: phanotate, leftEnd: 23335, rightEnd: 23439, strand: +, length: 105, contig: contig_2086, protein: unknown, score1: 1.0, score2: 0.0
111	Gene No. 37, gene caller: glimmer, leftEnd: 23420, rightEnd: 23563, strand: +, length: 144, contig: contig_2086, protein: unknown, score1: 1.0, score2: 0.0
112	Gene No. 40, gene caller: phanotate, leftEnd: 23420, rightEnd: 23563, strand: +, length: 144, contig: contig_2086, protein: unknown, score1: 1.0, score2: 0.0
113	Gene No. 38, gene caller: glimmer, leftEnd: 23553, rightEnd: 24788, strand: +, length: 1236, contig: contig_2086, protein: unknown, score1: 1.0, score2: 0.0
114	Gene No. 41, gene caller: phanotate, leftEnd: 23553, rightEnd: 24788, strand: +, length: 1236, contig: contig_2086, protein: unknown, score1: 1.0, score2: 0.0
115	Gene No. 36, gene caller: prodigal, leftEnd: 23553, rightEnd: 24788, strand: +, length: 1236, contig: contig_2086, protein: unknown, score1: 1.0, score2: 0.0
116	Gene No. 39, gene caller: glimmer, leftEnd: 24798, rightEnd: 25685, strand: +, length: 888, contig: contig_2086, protein: unknown, score1: 1.0, score2: 0.0
117	Gene No. 42, gene caller: phanotate, leftEnd: 24798, rightEnd: 25685, strand: +, length: 888, contig: contig_2086, protein: unknown, score1: 1.0, score2: 0.0
118	Gene No. 37, gene caller: prodigal, leftEnd: 24798, rightEnd: 25685, strand: +, length: 888, contig: contig_2086, protein: unknown, score1: 1.0, score2: 0.0
119	Gene No. 43, gene caller: phanotate, leftEnd: 25697, rightEnd: 25828, strand: -, length: 132, contig: contig_2086, protein: unknown, score1: 1.0, score2: 0.0
120	Gene No. 40, gene caller: glimmer, leftEnd: 25704, rightEnd: 26138, strand: +, length: 435, contig: contig_2086, protein: unknown, score1: 1.0, score2: 0.0
121	Gene No. 38, gene caller: prodigal, leftEnd: 25704, rightEnd: 26138, strand: +, length: 435, contig: contig_2086, protein: unknown, score1: 1.0, score2: 0.0
122	Gene No. 44, gene caller: phanotate, leftEnd: 25876, rightEnd: 26007, strand: +, length: 132, contig: contig_2086, protein: unknown, score1: 1.0, score2: 0.0
123	Gene No. 45, gene caller: phanotate, leftEnd: 26044, rightEnd: 26514, strand: +, length: 471, contig: contig_2086, protein: unknown, score1: 1.0, score2: 0.0
124	Gene No. 41, gene caller: glimmer, leftEnd: 26224, rightEnd: 26514, strand: +, length: 291, contig: contig_2086, protein: unknown, score1: 1.0, score2: 0.0
125	Gene No. 42, gene caller: glimmer, leftEnd: 26524, rightEnd: 27435, strand: +, length: 912, contig: contig_2086, protein: unknown, score1: 1.0, score2: 0.0
126	Gene No. 46, gene caller: phanotate, leftEnd: 26524, rightEnd: 27435, strand: +, length: 912, contig: contig_2086, protein: unknown, score1: 1.0, score2: 0.0
127	Gene No. 39, gene caller: prodigal, leftEnd: 26524, rightEnd: 27435, strand: +, length: 912, contig: contig_2086, protein: unknown, score1: 1.0, score2: 0.0
128	Gene No. 43, gene caller: glimmer, leftEnd: 27498, rightEnd: 27716, strand: +, length: 219, contig: contig_2086, protein: unknown, score1: 1.0, score2: 0.0
129	Gene No. 47, gene caller: phanotate, leftEnd: 27498, rightEnd: 27716, strand: +, length: 219, contig: contig_2086, protein: unknown, score1: 1.0, score2: 0.0
130	Gene No. 40, gene caller: prodigal, leftEnd: 27498, rightEnd: 27716, strand: +, length: 219, contig: contig_2086, protein: unknown, score1: 1.0, score2: 0.0
131	Gene No. 44, gene caller: glimmer, leftEnd: 27900, rightEnd: 28283, strand: +, length: 384, contig: contig_2086, protein: unknown, score1: 1.0, score2: 0.0
132	Gene No. 48, gene caller: phanotate, leftEnd: 27900, rightEnd: 28283, strand: +, length: 384, contig: contig_2086, protein: unknown, score1: 1.0, score2: 0.0
133	Gene No. 41, gene caller: prodigal, leftEnd: 27900, rightEnd: 28283, strand: +, length: 384, contig: contig_2086, protein: unknown, score1: 1.0, score2: 0.0
134	Gene No. 45, gene caller: glimmer, leftEnd: 28301, rightEnd: 28561, strand: +, length: 261, contig: contig_2086, protein: unknown, score1: 1.0, score2: 0.0
135	Gene No. 49, gene caller: phanotate, leftEnd: 28301, rightEnd: 28561, strand: +, length: 261, contig: contig_2086, protein: unknown, score1: 1.0, score2: 0.0
136	Gene No. 42, gene caller: prodigal, leftEnd: 28301, rightEnd: 28561, strand: +, length: 261, contig: contig_2086, protein: unknown, score1: 1.0, score2: 0.0
137	Gene No. 46, gene caller: glimmer, leftEnd: 28574, rightEnd: 28927, strand: +, length: 354, contig: contig_2086, protein: unknown, score1: 1.0, score2: 0.0
138	Gene No. 50, gene caller: phanotate, leftEnd: 28574, rightEnd: 28927, strand: +, length: 354, contig: contig_2086, protein: unknown, score1: 1.0, score2: 0.0
139	Gene No. 43, gene caller: prodigal, leftEnd: 28574, rightEnd: 28927, strand: +, length: 354, contig: contig_2086, protein: unknown, score1: 1.0, score2: 0.0
140	Gene No. 47, gene caller: glimmer, leftEnd: 28937, rightEnd: 29560, strand: +, length: 624, contig: contig_2086, protein: unknown, score1: 1.0, score2: 0.0
141	Gene No. 51, gene caller: phanotate, leftEnd: 28937, rightEnd: 29560, strand: +, length: 624, contig: contig_2086, protein: unknown, score1: 1.0, score2: 0.0
142	Gene No. 44, gene caller: prodigal, leftEnd: 28937, rightEnd: 29560, strand: +, length: 624, contig: contig_2086, protein: unknown, score1: 1.0, score2: 0.0
143	Gene No. 48, gene caller: glimmer, leftEnd: 29557, rightEnd: 29907, strand: +, length: 351, contig: contig_2086, protein: unknown, score1: 1.0, score2: 0.0
144	Gene No. 52, gene caller: phanotate, leftEnd: 29557, rightEnd: 29907, strand: +, length: 351, contig: contig_2086, protein: unknown, score1: 1.0, score2: 0.0
145	Gene No. 45, gene caller: prodigal, leftEnd: 29557, rightEnd: 29907, strand: +, length: 351, contig: contig_2086, protein: unknown, score1: 1.0, score2: 0.0
146	Gene No. 53, gene caller: phanotate, leftEnd: 29919, rightEnd: 30011, strand: +, length: 93, contig: contig_2086, protein: unknown, score1: 1.0, score2: 0.0
147	Gene No. 54, gene caller: phanotate, leftEnd: 30118, rightEnd: 30279, strand: -, length: 162, contig: contig_2086, protein: unknown, score1: 1.0, score2: 0.0
148	Gene No. 49, gene caller: glimmer, leftEnd: 30321, rightEnd: 30449, strand: -, length: 129, contig: contig_2086, protein: unknown, score1: 1.0, score2: 0.0
149	Gene No. 55, gene caller: phanotate, leftEnd: 30321, rightEnd: 30449, strand: -, length: 129, contig: contig_2086, protein: unknown, score1: 1.0, score2: 0.0
150	Gene No. 46, gene caller: prodigal, leftEnd: 30321, rightEnd: 30449, strand: -, length: 129, contig: contig_2086, protein: unknown, score1: 1.0, score2: 0.0
151	Gene No. 56, gene caller: phanotate, leftEnd: 30559, rightEnd: 30759, strand: +, length: 201, contig: contig_2086, protein: unknown, score1: 1.0, score2: 0.0
152	Gene No. 57, gene caller: phanotate, leftEnd: 31205, rightEnd: 31336, strand: +, length: 132, contig: contig_2086, protein: unknown, score1: 1.0, score2: 0.0
153	Gene No. 58, gene caller: phanotate, leftEnd: 31420, rightEnd: 31524, strand: +, length: 105, contig: contig_2086, protein: unknown, score1: 1.0, score2: 0.0
154	Gene No. 59, gene caller: phanotate, leftEnd: 31528, rightEnd: 31623, strand: +, length: 96, contig: contig_2086, protein: unknown, score1: 1.0, score2: 0.0
155	Gene No. 50, gene caller: glimmer, leftEnd: 31606, rightEnd: 31758, strand: -, length: 153, contig: contig_2086, protein: unknown, score1: 1.0, score2: 0.0
156	Gene No. 60, gene caller: phanotate, leftEnd: 31606, rightEnd: 31758, strand: -, length: 153, contig: contig_2086, protein: unknown, score1: 1.0, score2: 0.0
157	Gene No. 61, gene caller: phanotate, leftEnd: 31779, rightEnd: 31889, strand: -, length: 111, contig: contig_2086, protein: unknown, score1: 1.0, score2: 0.0
Comparing across geneCall sets....
Scoring gene calls....
Identifying common core...
This is the Common Core List:

***************Common Core
CC-gene 1	Gene No. 1, gene caller: All_callers, leftEnd: 4109, rightEnd: 4357, strand: -, length: 249, contig: contig_2086, protein: unknown, score1: 1.0, score2: 0.0
CC-gene 2	Gene No. 1, gene caller: All_callers, leftEnd: 4402, rightEnd: 4830, strand: -, length: 429, contig: contig_2086, protein: unknown, score1: 1.0, score2: 0.0
CC-gene 3	Gene No. 1, gene caller: All_callers, leftEnd: 4851, rightEnd: 5972, strand: -, length: 1122, contig: contig_2086, protein: unknown, score1: 1.0, score2: 0.0
CC-gene 4	Gene No. 1, gene caller: All_callers, leftEnd: 7495, rightEnd: 7893, strand: -, length: 399, contig: contig_2086, protein: unknown, score1: 1.0, score2: 0.0
CC-gene 5	Gene No. 1, gene caller: All_callers, leftEnd: 7919, rightEnd: 8836, strand: -, length: 918, contig: contig_2086, protein: unknown, score1: 1.0, score2: 0.0
CC-gene 6	Gene No. 1, gene caller: All_callers, leftEnd: 8843, rightEnd: 9391, strand: -, length: 549, contig: contig_2086, protein: unknown, score1: 1.0, score2: 0.0
CC-gene 7	Gene No. 1, gene caller: All_callers, leftEnd: 9410, rightEnd: 10564, strand: -, length: 1155, contig: contig_2086, protein: unknown, score1: 1.0, score2: 0.0
CC-gene 8	Gene No. 1, gene caller: All_callers, leftEnd: 10567, rightEnd: 11007, strand: -, length: 441, contig: contig_2086, protein: unknown, score1: 1.0, score2: 0.0
CC-gene 9	Gene No. 1, gene caller: All_callers, leftEnd: 11936, rightEnd: 13402, strand: -, length: 1467, contig: contig_2086, protein: unknown, score1: 1.0, score2: 0.0
CC-gene 10	Gene No. 1, gene caller: All_callers, leftEnd: 14884, rightEnd: 15462, strand: -, length: 579, contig: contig_2086, protein: unknown, score1: 1.0, score2: 0.0
CC-gene 11	Gene No. 1, gene caller: All_callers, leftEnd: 17549, rightEnd: 17797, strand: +, length: 249, contig: contig_2086, protein: unknown, score1: 1.0, score2: 0.0
CC-gene 12	Gene No. 1, gene caller: All_callers, leftEnd: 17999, rightEnd: 18415, strand: +, length: 417, contig: contig_2086, protein: unknown, score1: 1.0, score2: 0.0
CC-gene 13	Gene No. 1, gene caller: All_callers, leftEnd: 18420, rightEnd: 18791, strand: +, length: 372, contig: contig_2086, protein: unknown, score1: 1.0, score2: 0.0
CC-gene 14	Gene No. 1, gene caller: All_callers, leftEnd: 18791, rightEnd: 19231, strand: +, length: 441, contig: contig_2086, protein: unknown, score1: 1.0, score2: 0.0
CC-gene 15	Gene No. 1, gene caller: All_callers, leftEnd: 19241, rightEnd: 19681, strand: +, length: 441, contig: contig_2086, protein: unknown, score1: 1.0, score2: 0.0
CC-gene 16	Gene No. 1, gene caller: All_callers, leftEnd: 19681, rightEnd: 20109, strand: +, length: 429, contig: contig_2086, protein: unknown, score1: 1.0, score2: 0.0
CC-gene 17	Gene No. 1, gene caller: All_callers, leftEnd: 20109, rightEnd: 20471, strand: +, length: 363, contig: contig_2086, protein: unknown, score1: 1.0, score2: 0.0
CC-gene 18	Gene No. 1, gene caller: All_callers, leftEnd: 20471, rightEnd: 20914, strand: +, length: 444, contig: contig_2086, protein: unknown, score1: 1.0, score2: 0.0
CC-gene 19	Gene No. 1, gene caller: All_callers, leftEnd: 21073, rightEnd: 21786, strand: +, length: 714, contig: contig_2086, protein: unknown, score1: 1.0, score2: 0.0
CC-gene 20	Gene No. 1, gene caller: All_callers, leftEnd: 21798, rightEnd: 22052, strand: +, length: 255, contig: contig_2086, protein: unknown, score1: 1.0, score2: 0.0
CC-gene 21	Gene No. 1, gene caller: All_callers, leftEnd: 22064, rightEnd: 22420, strand: +, length: 357, contig: contig_2086, protein: unknown, score1: 1.0, score2: 0.0
CC-gene 22	Gene No. 1, gene caller: All_callers, leftEnd: 22439, rightEnd: 22789, strand: +, length: 351, contig: contig_2086, protein: unknown, score1: 1.0, score2: 0.0
CC-gene 23	Gene No. 1, gene caller: All_callers, leftEnd: 22803, rightEnd: 23171, strand: +, length: 369, contig: contig_2086, protein: unknown, score1: 1.0, score2: 0.0
CC-gene 24	Gene No. 1, gene caller: All_callers, leftEnd: 23553, rightEnd: 24788, strand: +, length: 1236, contig: contig_2086, protein: unknown, score1: 1.0, score2: 0.0
CC-gene 25	Gene No. 1, gene caller: All_callers, leftEnd: 24798, rightEnd: 25685, strand: +, length: 888, contig: contig_2086, protein: unknown, score1: 1.0, score2: 0.0
CC-gene 26	Gene No. 1, gene caller: All_callers, leftEnd: 26524, rightEnd: 27435, strand: +, length: 912, contig: contig_2086, protein: unknown, score1: 1.0, score2: 0.0
CC-gene 27	Gene No. 1, gene caller: All_callers, leftEnd: 27498, rightEnd: 27716, strand: +, length: 219, contig: contig_2086, protein: unknown, score1: 1.0, score2: 0.0
CC-gene 28	Gene No. 1, gene caller: All_callers, leftEnd: 27900, rightEnd: 28283, strand: +, length: 384, contig: contig_2086, protein: unknown, score1: 1.0, score2: 0.0
CC-gene 29	Gene No. 1, gene caller: All_callers, leftEnd: 28301, rightEnd: 28561, strand: +, length: 261, contig: contig_2086, protein: unknown, score1: 1.0, score2: 0.0
CC-gene 30	Gene No. 1, gene caller: All_callers, leftEnd: 28574, rightEnd: 28927, strand: +, length: 354, contig: contig_2086, protein: unknown, score1: 1.0, score2: 0.0
CC-gene 31	Gene No. 1, gene caller: All_callers, leftEnd: 28937, rightEnd: 29560, strand: +, length: 624, contig: contig_2086, protein: unknown, score1: 1.0, score2: 0.0
CC-gene 32	Gene No. 1, gene caller: All_callers, leftEnd: 29557, rightEnd: 29907, strand: +, length: 351, contig: contig_2086, protein: unknown, score1: 1.0, score2: 0.0
CC-gene 33	Gene No. 1, gene caller: All_callers, leftEnd: 30321, rightEnd: 30449, strand: -, length: 129, contig: contig_2086, protein: unknown, score1: 1.0, score2: 0.0
Printing gene-call superset, consensus, and common_core in GFF and CGC formats
Printing report....
The following gene callers were considered: glimmer, phanotate, prodigal, The number of distinct gene calls over all gene callers is 77
The number of gene calls in common among all callers is 33
The number of unique (non-matching) gene calls is30
Caller glimmer produced 50 gene calls.
Caller glimmer gene-call length stats:  min: 114, max: 1467, ave: 496.32
Caller phanotate produced 61 gene calls.
Caller phanotate gene-call length stats:  min: 93, max: 3660, ave: 491.9016393442623
Caller prodigal produced 46 gene calls.
Caller prodigal gene-call length stats:  min: 129, max: 3660, ave: 606.5217391304348

Gene-call Scores:
Caller	Contig	Gene No.	Left End	Right End	Strand	gcScore
phanotate	contig_2086	1	3	3662	-	0.83
prodigal	contig_2086	1	3	3662	-	0.83
glimmer	contig_2086	1	3681	3794	-	0.50
phanotate	contig_2086	2	3681	3851	-	0.83
prodigal	contig_2086	2	3681	3851	-	0.83
glimmer	contig_2086	2	3961	4104	-	0.83
phanotate	contig_2086	3	3961	4104	-	0.83
glimmer	contig_2086	3	4109	4357	-	1.00
phanotate	contig_2086	4	4109	4357	-	1.00
prodigal	contig_2086	3	4109	4357	-	1.00
glimmer	contig_2086	4	4402	4830	-	1.00
phanotate	contig_2086	5	4402	4830	-	1.00
prodigal	contig_2086	4	4402	4830	-	1.00
glimmer	contig_2086	5	4851	5972	-	1.00
phanotate	contig_2086	6	4851	5972	-	1.00
prodigal	contig_2086	5	4851	5972	-	1.00
glimmer	contig_2086	6	5976	6488	-	0.50
phanotate	contig_2086	7	5976	6512	-	0.83
prodigal	contig_2086	6	5976	6512	-	0.83
glimmer	contig_2086	7	6472	6873	-	0.50
phanotate	contig_2086	8	6472	6876	-	0.83
prodigal	contig_2086	7	6472	6876	-	0.83
prodigal	contig_2086	8	6873	7466	-	0.50
glimmer	contig_2086	8	6873	7493	-	0.83
phanotate	contig_2086	9	6873	7493	-	0.83
glimmer	contig_2086	9	7495	7893	-	1.00
phanotate	contig_2086	10	7495	7893	-	1.00
prodigal	contig_2086	9	7495	7893	-	1.00
glimmer	contig_2086	10	7919	8836	-	1.00
phanotate	contig_2086	11	7919	8836	-	1.00
prodigal	contig_2086	10	7919	8836	-	1.00
glimmer	contig_2086	11	8843	9391	-	1.00
phanotate	contig_2086	12	8843	9391	-	1.00
prodigal	contig_2086	11	8843	9391	-	1.00
glimmer	contig_2086	12	9410	10564	-	1.00
phanotate	contig_2086	13	9410	10564	-	1.00
prodigal	contig_2086	12	9410	10564	-	1.00
glimmer	contig_2086	13	10567	11007	-	1.00
phanotate	contig_2086	14	10567	11007	-	1.00
prodigal	contig_2086	13	10567	11007	-	1.00
glimmer	contig_2086	14	11035	11811	-	0.50
phanotate	contig_2086	15	11035	11955	-	0.83
prodigal	contig_2086	14	11035	11955	-	0.83
glimmer	contig_2086	15	11936	13402	-	1.00
phanotate	contig_2086	16	11936	13402	-	1.00
prodigal	contig_2086	15	11936	13402	-	1.00
glimmer	contig_2086	16	13491	14906	-	0.50
phanotate	contig_2086	17	13491	14936	-	0.83
prodigal	contig_2086	16	13491	14936	-	0.83
glimmer	contig_2086	17	14884	15462	-	1.00
phanotate	contig_2086	18	14884	15462	-	1.00
prodigal	contig_2086	17	14884	15462	-	1.00
glimmer	contig_2086	18	15462	15695	-	0.50
prodigal	contig_2086	18	15462	15800	-	0.50
phanotate	contig_2086	19	15462	15968	-	0.50
prodigal	contig_2086	19	15877	16797	-	0.50
glimmer	contig_2086	19	15877	16818	-	0.83
phanotate	contig_2086	20	15877	16818	-	0.83
phanotate	contig_2086	21	16822	17112	-	0.83
prodigal	contig_2086	20	16822	17112	-	0.83
glimmer	contig_2086	20	16822	17121	-	0.50
phanotate	contig_2086	22	17132	17230	-	0.50
prodigal	contig_2086	21	17132	17314	-	0.50
glimmer	contig_2086	21	17132	17323	-	0.50
phanotate	contig_2086	23	17267	17362	+	0.33
glimmer	contig_2086	22	17549	17797	+	1.00
phanotate	contig_2086	24	17549	17797	+	1.00
prodigal	contig_2086	22	17549	17797	+	1.00
phanotate	contig_2086	25	17888	17995	+	0.33
glimmer	contig_2086	23	17999	18415	+	1.00
phanotate	contig_2086	26	17999	18415	+	1.00
prodigal	contig_2086	23	17999	18415	+	1.00
glimmer	contig_2086	24	18420	18791	+	1.00
phanotate	contig_2086	27	18420	18791	+	1.00
prodigal	contig_2086	24	18420	18791	+	1.00
glimmer	contig_2086	25	18791	19231	+	1.00
phanotate	contig_2086	28	18791	19231	+	1.00
prodigal	contig_2086	25	18791	19231	+	1.00
glimmer	contig_2086	26	19241	19681	+	1.00
phanotate	contig_2086	29	19241	19681	+	1.00
prodigal	contig_2086	26	19241	19681	+	1.00
glimmer	contig_2086	27	19681	20109	+	1.00
phanotate	contig_2086	30	19681	20109	+	1.00
prodigal	contig_2086	27	19681	20109	+	1.00
glimmer	contig_2086	28	20109	20471	+	1.00
phanotate	contig_2086	31	20109	20471	+	1.00
prodigal	contig_2086	28	20109	20471	+	1.00
glimmer	contig_2086	29	20471	20914	+	1.00
phanotate	contig_2086	32	20471	20914	+	1.00
prodigal	contig_2086	29	20471	20914	+	1.00
glimmer	contig_2086	30	21073	21786	+	1.00
phanotate	contig_2086	33	21073	21786	+	1.00
prodigal	contig_2086	30	21073	21786	+	1.00
glimmer	contig_2086	31	21798	22052	+	1.00
phanotate	contig_2086	34	21798	22052	+	1.00
prodigal	contig_2086	31	21798	22052	+	1.00
glimmer	contig_2086	32	22064	22420	+	1.00
phanotate	contig_2086	35	22064	22420	+	1.00
prodigal	contig_2086	32	22064	22420	+	1.00
glimmer	contig_2086	33	22439	22789	+	1.00
phanotate	contig_2086	36	22439	22789	+	1.00
prodigal	contig_2086	33	22439	22789	+	1.00
glimmer	contig_2086	34	22803	23171	+	1.00
phanotate	contig_2086	37	22803	23171	+	1.00
prodigal	contig_2086	34	22803	23171	+	1.00
glimmer	contig_2086	35	23174	23326	+	0.83
phanotate	contig_2086	38	23174	23326	+	0.83
prodigal	contig_2086	35	23198	23326	+	0.50
glimmer	contig_2086	36	23323	23439	+	0.50
phanotate	contig_2086	39	23335	23439	+	0.50
glimmer	contig_2086	37	23420	23563	+	0.83
phanotate	contig_2086	40	23420	23563	+	0.83
glimmer	contig_2086	38	23553	24788	+	1.00
phanotate	contig_2086	41	23553	24788	+	1.00
prodigal	contig_2086	36	23553	24788	+	1.00
glimmer	contig_2086	39	24798	25685	+	1.00
phanotate	contig_2086	42	24798	25685	+	1.00
prodigal	contig_2086	37	24798	25685	+	1.00
phanotate	contig_2086	43	25697	25828	-	0.33
glimmer	contig_2086	40	25704	26138	+	0.83
prodigal	contig_2086	38	25704	26138	+	0.83
phanotate	contig_2086	44	25876	26007	+	0.33
phanotate	contig_2086	45	26044	26514	+	0.50
glimmer	contig_2086	41	26224	26514	+	0.50
glimmer	contig_2086	42	26524	27435	+	1.00
phanotate	contig_2086	46	26524	27435	+	1.00
prodigal	contig_2086	39	26524	27435	+	1.00
glimmer	contig_2086	43	27498	27716	+	1.00
phanotate	contig_2086	47	27498	27716	+	1.00
prodigal	contig_2086	40	27498	27716	+	1.00
glimmer	contig_2086	44	27900	28283	+	1.00
phanotate	contig_2086	48	27900	28283	+	1.00
prodigal	contig_2086	41	27900	28283	+	1.00
glimmer	contig_2086	45	28301	28561	+	1.00
phanotate	contig_2086	49	28301	28561	+	1.00
prodigal	contig_2086	42	28301	28561	+	1.00
glimmer	contig_2086	46	28574	28927	+	1.00
phanotate	contig_2086	50	28574	28927	+	1.00
prodigal	contig_2086	43	28574	28927	+	1.00
glimmer	contig_2086	47	28937	29560	+	1.00
phanotate	contig_2086	51	28937	29560	+	1.00
prodigal	contig_2086	44	28937	29560	+	1.00
glimmer	contig_2086	48	29557	29907	+	1.00
phanotate	contig_2086	52	29557	29907	+	1.00
prodigal	contig_2086	45	29557	29907	+	1.00
phanotate	contig_2086	53	29919	30011	+	0.33
phanotate	contig_2086	54	30118	30279	-	0.33
glimmer	contig_2086	49	30321	30449	-	1.00
phanotate	contig_2086	55	30321	30449	-	1.00
prodigal	contig_2086	46	30321	30449	-	1.00
phanotate	contig_2086	56	30559	30759	+	0.33
phanotate	contig_2086	57	31205	31336	+	0.33
phanotate	contig_2086	58	31420	31524	+	0.33
phanotate	contig_2086	59	31528	31623	+	0.33
glimmer	contig_2086	50	31606	31758	-	0.83
phanotate	contig_2086	60	31606	31758	-	0.83
phanotate	contig_2086	61	31779	31889	-	0.33

Gene-call Consensus Scores:
Caller glimmer average gene-call score: 0.88
Caller phanotate average gene-call score: 0.81
Caller prodigal average gene-call score: 0.92

***************Unique List
Unique gene call 1
  --  Gene No. 1, gene caller: phanotate, leftEnd: 3, rightEnd: 3662, strand: -, length: 3660, contig: contig_2086, protein: unknown, score1: 0.8333333333333333, score2: 0.0
  --  Gene No. 1, gene caller: prodigal, leftEnd: 3, rightEnd: 3662, strand: -, length: 3660, contig: contig_2086, protein: unknown, score1: 0.8333333333333333, score2: 0.0
Unique gene call 2
  --  Gene No. 1, gene caller: glimmer, leftEnd: 3681, rightEnd: 3794, strand: -, length: 114, contig: contig_2086, protein: unknown, score1: 0.5, score2: 0.0
Unique gene call 3
  --  Gene No. 2, gene caller: phanotate, leftEnd: 3681, rightEnd: 3851, strand: -, length: 171, contig: contig_2086, protein: unknown, score1: 0.8333333333333333, score2: 0.0
  --  Gene No. 2, gene caller: prodigal, leftEnd: 3681, rightEnd: 3851, strand: -, length: 171, contig: contig_2086, protein: unknown, score1: 0.8333333333333333, score2: 0.0
Unique gene call 4
  --  Gene No. 2, gene caller: glimmer, leftEnd: 3961, rightEnd: 4104, strand: -, length: 144, contig: contig_2086, protein: unknown, score1: 0.8333333333333333, score2: 0.0
  --  Gene No. 3, gene caller: phanotate, leftEnd: 3961, rightEnd: 4104, strand: -, length: 144, contig: contig_2086, protein: unknown, score1: 0.8333333333333333, score2: 0.0
Unique gene call 5
  --  Gene No. 3, gene caller: glimmer, leftEnd: 4109, rightEnd: 4357, strand: -, length: 249, contig: contig_2086, protein: unknown, score1: 1.0, score2: 0.0
  --  Gene No. 4, gene caller: phanotate, leftEnd: 4109, rightEnd: 4357, strand: -, length: 249, contig: contig_2086, protein: unknown, score1: 1.0, score2: 0.0
  --  Gene No. 3, gene caller: prodigal, leftEnd: 4109, rightEnd: 4357, strand: -, length: 249, contig: contig_2086, protein: unknown, score1: 1.0, score2: 0.0
Unique gene call 6
  --  Gene No. 4, gene caller: glimmer, leftEnd: 4402, rightEnd: 4830, strand: -, length: 429, contig: contig_2086, protein: unknown, score1: 1.0, score2: 0.0
  --  Gene No. 5, gene caller: phanotate, leftEnd: 4402, rightEnd: 4830, strand: -, length: 429, contig: contig_2086, protein: unknown, score1: 1.0, score2: 0.0
  --  Gene No. 4, gene caller: prodigal, leftEnd: 4402, rightEnd: 4830, strand: -, length: 429, contig: contig_2086, protein: unknown, score1: 1.0, score2: 0.0
Unique gene call 7
  --  Gene No. 5, gene caller: glimmer, leftEnd: 4851, rightEnd: 5972, strand: -, length: 1122, contig: contig_2086, protein: unknown, score1: 1.0, score2: 0.0
  --  Gene No. 6, gene caller: phanotate, leftEnd: 4851, rightEnd: 5972, strand: -, length: 1122, contig: contig_2086, protein: unknown, score1: 1.0, score2: 0.0
  --  Gene No. 5, gene caller: prodigal, leftEnd: 4851, rightEnd: 5972, strand: -, length: 1122, contig: contig_2086, protein: unknown, score1: 1.0, score2: 0.0
Unique gene call 8
  --  Gene No. 6, gene caller: glimmer, leftEnd: 5976, rightEnd: 6488, strand: -, length: 513, contig: contig_2086, protein: unknown, score1: 0.5, score2: 0.0
Unique gene call 9
  --  Gene No. 7, gene caller: phanotate, leftEnd: 5976, rightEnd: 6512, strand: -, length: 537, contig: contig_2086, protein: unknown, score1: 0.8333333333333333, score2: 0.0
  --  Gene No. 6, gene caller: prodigal, leftEnd: 5976, rightEnd: 6512, strand: -, length: 537, contig: contig_2086, protein: unknown, score1: 0.8333333333333333, score2: 0.0
Unique gene call 10
  --  Gene No. 7, gene caller: glimmer, leftEnd: 6472, rightEnd: 6873, strand: -, length: 402, contig: contig_2086, protein: unknown, score1: 0.5, score2: 0.0
Unique gene call 11
  --  Gene No. 8, gene caller: phanotate, leftEnd: 6472, rightEnd: 6876, strand: -, length: 405, contig: contig_2086, protein: unknown, score1: 0.8333333333333333, score2: 0.0
  --  Gene No. 7, gene caller: prodigal, leftEnd: 6472, rightEnd: 6876, strand: -, length: 405, contig: contig_2086, protein: unknown, score1: 0.8333333333333333, score2: 0.0
Unique gene call 12
  --  Gene No. 8, gene caller: prodigal, leftEnd: 6873, rightEnd: 7466, strand: -, length: 594, contig: contig_2086, protein: unknown, score1: 0.5, score2: 0.0
Unique gene call 13
  --  Gene No. 8, gene caller: glimmer, leftEnd: 6873, rightEnd: 7493, strand: -, length: 621, contig: contig_2086, protein: unknown, score1: 0.8333333333333333, score2: 0.0
  --  Gene No. 9, gene caller: phanotate, leftEnd: 6873, rightEnd: 7493, strand: -, length: 621, contig: contig_2086, protein: unknown, score1: 0.8333333333333333, score2: 0.0
Unique gene call 14
  --  Gene No. 9, gene caller: glimmer, leftEnd: 7495, rightEnd: 7893, strand: -, length: 399, contig: contig_2086, protein: unknown, score1: 1.0, score2: 0.0
  --  Gene No. 10, gene caller: phanotate, leftEnd: 7495, rightEnd: 7893, strand: -, length: 399, contig: contig_2086, protein: unknown, score1: 1.0, score2: 0.0
  --  Gene No. 9, gene caller: prodigal, leftEnd: 7495, rightEnd: 7893, strand: -, length: 399, contig: contig_2086, protein: unknown, score1: 1.0, score2: 0.0
Unique gene call 15
  --  Gene No. 10, gene caller: glimmer, leftEnd: 7919, rightEnd: 8836, strand: -, length: 918, contig: contig_2086, protein: unknown, score1: 1.0, score2: 0.0
  --  Gene No. 11, gene caller: phanotate, leftEnd: 7919, rightEnd: 8836, strand: -, length: 918, contig: contig_2086, protein: unknown, score1: 1.0, score2: 0.0
  --  Gene No. 10, gene caller: prodigal, leftEnd: 7919, rightEnd: 8836, strand: -, length: 918, contig: contig_2086, protein: unknown, score1: 1.0, score2: 0.0
Unique gene call 16
  --  Gene No. 11, gene caller: glimmer, leftEnd: 8843, rightEnd: 9391, strand: -, length: 549, contig: contig_2086, protein: unknown, score1: 1.0, score2: 0.0
  --  Gene No. 12, gene caller: phanotate, leftEnd: 8843, rightEnd: 9391, strand: -, length: 549, contig: contig_2086, protein: unknown, score1: 1.0, score2: 0.0
  --  Gene No. 11, gene caller: prodigal, leftEnd: 8843, rightEnd: 9391, strand: -, length: 549, contig: contig_2086, protein: unknown, score1: 1.0, score2: 0.0
Unique gene call 17
  --  Gene No. 12, gene caller: glimmer, leftEnd: 9410, rightEnd: 10564, strand: -, length: 1155, contig: contig_2086, protein: unknown, score1: 1.0, score2: 0.0
  --  Gene No. 13, gene caller: phanotate, leftEnd: 9410, rightEnd: 10564, strand: -, length: 1155, contig: contig_2086, protein: unknown, score1: 1.0, score2: 0.0
  --  Gene No. 12, gene caller: prodigal, leftEnd: 9410, rightEnd: 10564, strand: -, length: 1155, contig: contig_2086, protein: unknown, score1: 1.0, score2: 0.0
Unique gene call 18
  --  Gene No. 13, gene caller: glimmer, leftEnd: 10567, rightEnd: 11007, strand: -, length: 441, contig: contig_2086, protein: unknown, score1: 1.0, score2: 0.0
  --  Gene No. 14, gene caller: phanotate, leftEnd: 10567, rightEnd: 11007, strand: -, length: 441, contig: contig_2086, protein: unknown, score1: 1.0, score2: 0.0
  --  Gene No. 13, gene caller: prodigal, leftEnd: 10567, rightEnd: 11007, strand: -, length: 441, contig: contig_2086, protein: unknown, score1: 1.0, score2: 0.0
Unique gene call 19
  --  Gene No. 14, gene caller: glimmer, leftEnd: 11035, rightEnd: 11811, strand: -, length: 777, contig: contig_2086, protein: unknown, score1: 0.5, score2: 0.0
Unique gene call 20
  --  Gene No. 15, gene caller: phanotate, leftEnd: 11035, rightEnd: 11955, strand: -, length: 921, contig: contig_2086, protein: unknown, score1: 0.8333333333333333, score2: 0.0
  --  Gene No. 14, gene caller: prodigal, leftEnd: 11035, rightEnd: 11955, strand: -, length: 921, contig: contig_2086, protein: unknown, score1: 0.8333333333333333, score2: 0.0
Unique gene call 21
  --  Gene No. 15, gene caller: glimmer, leftEnd: 11936, rightEnd: 13402, strand: -, length: 1467, contig: contig_2086, protein: unknown, score1: 1.0, score2: 0.0
  --  Gene No. 16, gene caller: phanotate, leftEnd: 11936, rightEnd: 13402, strand: -, length: 1467, contig: contig_2086, protein: unknown, score1: 1.0, score2: 0.0
  --  Gene No. 15, gene caller: prodigal, leftEnd: 11936, rightEnd: 13402, strand: -, length: 1467, contig: contig_2086, protein: unknown, score1: 1.0, score2: 0.0
Unique gene call 22
  --  Gene No. 16, gene caller: glimmer, leftEnd: 13491, rightEnd: 14906, strand: -, length: 1416, contig: contig_2086, protein: unknown, score1: 0.5, score2: 0.0
Unique gene call 23
  --  Gene No. 17, gene caller: phanotate, leftEnd: 13491, rightEnd: 14936, strand: -, length: 1446, contig: contig_2086, protein: unknown, score1: 0.8333333333333333, score2: 0.0
  --  Gene No. 16, gene caller: prodigal, leftEnd: 13491, rightEnd: 14936, strand: -, length: 1446, contig: contig_2086, protein: unknown, score1: 0.8333333333333333, score2: 0.0
Unique gene call 24
  --  Gene No. 17, gene caller: glimmer, leftEnd: 14884, rightEnd: 15462, strand: -, length: 579, contig: contig_2086, protein: unknown, score1: 1.0, score2: 0.0
  --  Gene No. 18, gene caller: phanotate, leftEnd: 14884, rightEnd: 15462, strand: -, length: 579, contig: contig_2086, protein: unknown, score1: 1.0, score2: 0.0
  --  Gene No. 17, gene caller: prodigal, leftEnd: 14884, rightEnd: 15462, strand: -, length: 579, contig: contig_2086, protein: unknown, score1: 1.0, score2: 0.0
Unique gene call 25
  --  Gene No. 18, gene caller: glimmer, leftEnd: 15462, rightEnd: 15695, strand: -, length: 234, contig: contig_2086, protein: unknown, score1: 0.5, score2: 0.0
Unique gene call 26
  --  Gene No. 18, gene caller: prodigal, leftEnd: 15462, rightEnd: 15800, strand: -, length: 339, contig: contig_2086, protein: unknown, score1: 0.5, score2: 0.0
Unique gene call 27
  --  Gene No. 19, gene caller: phanotate, leftEnd: 15462, rightEnd: 15968, strand: -, length: 507, contig: contig_2086, protein: unknown, score1: 0.5, score2: 0.0
Unique gene call 28
  --  Gene No. 19, gene caller: prodigal, leftEnd: 15877, rightEnd: 16797, strand: -, length: 921, contig: contig_2086, protein: unknown, score1: 0.5, score2: 0.0
Unique gene call 29
  --  Gene No. 19, gene caller: glimmer, leftEnd: 15877, rightEnd: 16818, strand: -, length: 942, contig: contig_2086, protein: unknown, score1: 0.8333333333333333, score2: 0.0
  --  Gene No. 20, gene caller: phanotate, leftEnd: 15877, rightEnd: 16818, strand: -, length: 942, contig: contig_2086, protein: unknown, score1: 0.8333333333333333, score2: 0.0
Unique gene call 30
  --  Gene No. 21, gene caller: phanotate, leftEnd: 16822, rightEnd: 17112, strand: -, length: 291, contig: contig_2086, protein: unknown, score1: 0.8333333333333333, score2: 0.0
  --  Gene No. 20, gene caller: prodigal, leftEnd: 16822, rightEnd: 17112, strand: -, length: 291, contig: contig_2086, protein: unknown, score1: 0.8333333333333333, score2: 0.0
Unique gene call 31
  --  Gene No. 20, gene caller: glimmer, leftEnd: 16822, rightEnd: 17121, strand: -, length: 300, contig: contig_2086, protein: unknown, score1: 0.5, score2: 0.0
Unique gene call 32
  --  Gene No. 22, gene caller: phanotate, leftEnd: 17132, rightEnd: 17230, strand: -, length: 99, contig: contig_2086, protein: unknown, score1: 0.5, score2: 0.0
Unique gene call 33
  --  Gene No. 21, gene caller: prodigal, leftEnd: 17132, rightEnd: 17314, strand: -, length: 183, contig: contig_2086, protein: unknown, score1: 0.5, score2: 0.0
Unique gene call 34
  --  Gene No. 21, gene caller: glimmer, leftEnd: 17132, rightEnd: 17323, strand: -, length: 192, contig: contig_2086, protein: unknown, score1: 0.5, score2: 0.0
Unique gene call 35
  --  Gene No. 23, gene caller: phanotate, leftEnd: 17267, rightEnd: 17362, strand: +, length: 96, contig: contig_2086, protein: unknown, score1: 0.3333333333333333, score2: 0.0
Unique gene call 36
  --  Gene No. 22, gene caller: glimmer, leftEnd: 17549, rightEnd: 17797, strand: +, length: 249, contig: contig_2086, protein: unknown, score1: 1.0, score2: 0.0
  --  Gene No. 24, gene caller: phanotate, leftEnd: 17549, rightEnd: 17797, strand: +, length: 249, contig: contig_2086, protein: unknown, score1: 1.0, score2: 0.0
  --  Gene No. 22, gene caller: prodigal, leftEnd: 17549, rightEnd: 17797, strand: +, length: 249, contig: contig_2086, protein: unknown, score1: 1.0, score2: 0.0
Unique gene call 37
  --  Gene No. 25, gene caller: phanotate, leftEnd: 17888, rightEnd: 17995, strand: +, length: 108, contig: contig_2086, protein: unknown, score1: 0.3333333333333333, score2: 0.0
Unique gene call 38
  --  Gene No. 23, gene caller: glimmer, leftEnd: 17999, rightEnd: 18415, strand: +, length: 417, contig: contig_2086, protein: unknown, score1: 1.0, score2: 0.0
  --  Gene No. 26, gene caller: phanotate, leftEnd: 17999, rightEnd: 18415, strand: +, length: 417, contig: contig_2086, protein: unknown, score1: 1.0, score2: 0.0
  --  Gene No. 23, gene caller: prodigal, leftEnd: 17999, rightEnd: 18415, strand: +, length: 417, contig: contig_2086, protein: unknown, score1: 1.0, score2: 0.0
Unique gene call 39
  --  Gene No. 24, gene caller: glimmer, leftEnd: 18420, rightEnd: 18791, strand: +, length: 372, contig: contig_2086, protein: unknown, score1: 1.0, score2: 0.0
  --  Gene No. 27, gene caller: phanotate, leftEnd: 18420, rightEnd: 18791, strand: +, length: 372, contig: contig_2086, protein: unknown, score1: 1.0, score2: 0.0
  --  Gene No. 24, gene caller: prodigal, leftEnd: 18420, rightEnd: 18791, strand: +, length: 372, contig: contig_2086, protein: unknown, score1: 1.0, score2: 0.0
Unique gene call 40
  --  Gene No. 25, gene caller: glimmer, leftEnd: 18791, rightEnd: 19231, strand: +, length: 441, contig: contig_2086, protein: unknown, score1: 1.0, score2: 0.0
  --  Gene No. 28, gene caller: phanotate, leftEnd: 18791, rightEnd: 19231, strand: +, length: 441, contig: contig_2086, protein: unknown, score1: 1.0, score2: 0.0
  --  Gene No. 25, gene caller: prodigal, leftEnd: 18791, rightEnd: 19231, strand: +, length: 441, contig: contig_2086, protein: unknown, score1: 1.0, score2: 0.0
Unique gene call 41
  --  Gene No. 26, gene caller: glimmer, leftEnd: 19241, rightEnd: 19681, strand: +, length: 441, contig: contig_2086, protein: unknown, score1: 1.0, score2: 0.0
  --  Gene No. 29, gene caller: phanotate, leftEnd: 19241, rightEnd: 19681, strand: +, length: 441, contig: contig_2086, protein: unknown, score1: 1.0, score2: 0.0
  --  Gene No. 26, gene caller: prodigal, leftEnd: 19241, rightEnd: 19681, strand: +, length: 441, contig: contig_2086, protein: unknown, score1: 1.0, score2: 0.0
Unique gene call 42
  --  Gene No. 27, gene caller: glimmer, leftEnd: 19681, rightEnd: 20109, strand: +, length: 429, contig: contig_2086, protein: unknown, score1: 1.0, score2: 0.0
  --  Gene No. 30, gene caller: phanotate, leftEnd: 19681, rightEnd: 20109, strand: +, length: 429, contig: contig_2086, protein: unknown, score1: 1.0, score2: 0.0
  --  Gene No. 27, gene caller: prodigal, leftEnd: 19681, rightEnd: 20109, strand: +, length: 429, contig: contig_2086, protein: unknown, score1: 1.0, score2: 0.0
Unique gene call 43
  --  Gene No. 28, gene caller: glimmer, leftEnd: 20109, rightEnd: 20471, strand: +, length: 363, contig: contig_2086, protein: unknown, score1: 1.0, score2: 0.0
  --  Gene No. 31, gene caller: phanotate, leftEnd: 20109, rightEnd: 20471, strand: +, length: 363, contig: contig_2086, protein: unknown, score1: 1.0, score2: 0.0
  --  Gene No. 28, gene caller: prodigal, leftEnd: 20109, rightEnd: 20471, strand: +, length: 363, contig: contig_2086, protein: unknown, score1: 1.0, score2: 0.0
Unique gene call 44
  --  Gene No. 29, gene caller: glimmer, leftEnd: 20471, rightEnd: 20914, strand: +, length: 444, contig: contig_2086, protein: unknown, score1: 1.0, score2: 0.0
  --  Gene No. 32, gene caller: phanotate, leftEnd: 20471, rightEnd: 20914, strand: +, length: 444, contig: contig_2086, protein: unknown, score1: 1.0, score2: 0.0
  --  Gene No. 29, gene caller: prodigal, leftEnd: 20471, rightEnd: 20914, strand: +, length: 444, contig: contig_2086, protein: unknown, score1: 1.0, score2: 0.0
Unique gene call 45
  --  Gene No. 30, gene caller: glimmer, leftEnd: 21073, rightEnd: 21786, strand: +, length: 714, contig: contig_2086, protein: unknown, score1: 1.0, score2: 0.0
  --  Gene No. 33, gene caller: phanotate, leftEnd: 21073, rightEnd: 21786, strand: +, length: 714, contig: contig_2086, protein: unknown, score1: 1.0, score2: 0.0
  --  Gene No. 30, gene caller: prodigal, leftEnd: 21073, rightEnd: 21786, strand: +, length: 714, contig: contig_2086, protein: unknown, score1: 1.0, score2: 0.0
Unique gene call 46
  --  Gene No. 31, gene caller: glimmer, leftEnd: 21798, rightEnd: 22052, strand: +, length: 255, contig: contig_2086, protein: unknown, score1: 1.0, score2: 0.0
  --  Gene No. 34, gene caller: phanotate, leftEnd: 21798, rightEnd: 22052, strand: +, length: 255, contig: contig_2086, protein: unknown, score1: 1.0, score2: 0.0
  --  Gene No. 31, gene caller: prodigal, leftEnd: 21798, rightEnd: 22052, strand: +, length: 255, contig: contig_2086, protein: unknown, score1: 1.0, score2: 0.0
Unique gene call 47
  --  Gene No. 32, gene caller: glimmer, leftEnd: 22064, rightEnd: 22420, strand: +, length: 357, contig: contig_2086, protein: unknown, score1: 1.0, score2: 0.0
  --  Gene No. 35, gene caller: phanotate, leftEnd: 22064, rightEnd: 22420, strand: +, length: 357, contig: contig_2086, protein: unknown, score1: 1.0, score2: 0.0
  --  Gene No. 32, gene caller: prodigal, leftEnd: 22064, rightEnd: 22420, strand: +, length: 357, contig: contig_2086, protein: unknown, score1: 1.0, score2: 0.0
Unique gene call 48
  --  Gene No. 33, gene caller: glimmer, leftEnd: 22439, rightEnd: 22789, strand: +, length: 351, contig: contig_2086, protein: unknown, score1: 1.0, score2: 0.0
  --  Gene No. 36, gene caller: phanotate, leftEnd: 22439, rightEnd: 22789, strand: +, length: 351, contig: contig_2086, protein: unknown, score1: 1.0, score2: 0.0
  --  Gene No. 33, gene caller: prodigal, leftEnd: 22439, rightEnd: 22789, strand: +, length: 351, contig: contig_2086, protein: unknown, score1: 1.0, score2: 0.0
Unique gene call 49
  --  Gene No. 34, gene caller: glimmer, leftEnd: 22803, rightEnd: 23171, strand: +, length: 369, contig: contig_2086, protein: unknown, score1: 1.0, score2: 0.0
  --  Gene No. 37, gene caller: phanotate, leftEnd: 22803, rightEnd: 23171, strand: +, length: 369, contig: contig_2086, protein: unknown, score1: 1.0, score2: 0.0
  --  Gene No. 34, gene caller: prodigal, leftEnd: 22803, rightEnd: 23171, strand: +, length: 369, contig: contig_2086, protein: unknown, score1: 1.0, score2: 0.0
Unique gene call 50
  --  Gene No. 35, gene caller: glimmer, leftEnd: 23174, rightEnd: 23326, strand: +, length: 153, contig: contig_2086, protein: unknown, score1: 0.8333333333333333, score2: 0.0
  --  Gene No. 38, gene caller: phanotate, leftEnd: 23174, rightEnd: 23326, strand: +, length: 153, contig: contig_2086, protein: unknown, score1: 0.8333333333333333, score2: 0.0
Unique gene call 51
  --  Gene No. 35, gene caller: prodigal, leftEnd: 23198, rightEnd: 23326, strand: +, length: 129, contig: contig_2086, protein: unknown, score1: 0.5, score2: 0.0
Unique gene call 52
  --  Gene No. 36, gene caller: glimmer, leftEnd: 23323, rightEnd: 23439, strand: +, length: 117, contig: contig_2086, protein: unknown, score1: 0.5, score2: 0.0
Unique gene call 53
  --  Gene No. 39, gene caller: phanotate, leftEnd: 23335, rightEnd: 23439, strand: +, length: 105, contig: contig_2086, protein: unknown, score1: 0.5, score2: 0.0
Unique gene call 54
  --  Gene No. 37, gene caller: glimmer, leftEnd: 23420, rightEnd: 23563, strand: +, length: 144, contig: contig_2086, protein: unknown, score1: 0.8333333333333333, score2: 0.0
  --  Gene No. 40, gene caller: phanotate, leftEnd: 23420, rightEnd: 23563, strand: +, length: 144, contig: contig_2086, protein: unknown, score1: 0.8333333333333333, score2: 0.0
Unique gene call 55
  --  Gene No. 38, gene caller: glimmer, leftEnd: 23553, rightEnd: 24788, strand: +, length: 1236, contig: contig_2086, protein: unknown, score1: 1.0, score2: 0.0
  --  Gene No. 41, gene caller: phanotate, leftEnd: 23553, rightEnd: 24788, strand: +, length: 1236, contig: contig_2086, protein: unknown, score1: 1.0, score2: 0.0
  --  Gene No. 36, gene caller: prodigal, leftEnd: 23553, rightEnd: 24788, strand: +, length: 1236, contig: contig_2086, protein: unknown, score1: 1.0, score2: 0.0
Unique gene call 56
  --  Gene No. 39, gene caller: glimmer, leftEnd: 24798, rightEnd: 25685, strand: +, length: 888, contig: contig_2086, protein: unknown, score1: 1.0, score2: 0.0
  --  Gene No. 42, gene caller: phanotate, leftEnd: 24798, rightEnd: 25685, strand: +, length: 888, contig: contig_2086, protein: unknown, score1: 1.0, score2: 0.0
  --  Gene No. 37, gene caller: prodigal, leftEnd: 24798, rightEnd: 25685, strand: +, length: 888, contig: contig_2086, protein: unknown, score1: 1.0, score2: 0.0
Unique gene call 57
  --  Gene No. 43, gene caller: phanotate, leftEnd: 25697, rightEnd: 25828, strand: -, length: 132, contig: contig_2086, protein: unknown, score1: 0.3333333333333333, score2: 0.0
Unique gene call 58
  --  Gene No. 40, gene caller: glimmer, leftEnd: 25704, rightEnd: 26138, strand: +, length: 435, contig: contig_2086, protein: unknown, score1: 0.8333333333333333, score2: 0.0
  --  Gene No. 38, gene caller: prodigal, leftEnd: 25704, rightEnd: 26138, strand: +, length: 435, contig: contig_2086, protein: unknown, score1: 0.8333333333333333, score2: 0.0
Unique gene call 59
  --  Gene No. 44, gene caller: phanotate, leftEnd: 25876, rightEnd: 26007, strand: +, length: 132, contig: contig_2086, protein: unknown, score1: 0.3333333333333333, score2: 0.0
Unique gene call 60
  --  Gene No. 45, gene caller: phanotate, leftEnd: 26044, rightEnd: 26514, strand: +, length: 471, contig: contig_2086, protein: unknown, score1: 0.5, score2: 0.0
Unique gene call 61
  --  Gene No. 41, gene caller: glimmer, leftEnd: 26224, rightEnd: 26514, strand: +, length: 291, contig: contig_2086, protein: unknown, score1: 0.5, score2: 0.0
Unique gene call 62
  --  Gene No. 42, gene caller: glimmer, leftEnd: 26524, rightEnd: 27435, strand: +, length: 912, contig: contig_2086, protein: unknown, score1: 1.0, score2: 0.0
  --  Gene No. 46, gene caller: phanotate, leftEnd: 26524, rightEnd: 27435, strand: +, length: 912, contig: contig_2086, protein: unknown, score1: 1.0, score2: 0.0
  --  Gene No. 39, gene caller: prodigal, leftEnd: 26524, rightEnd: 27435, strand: +, length: 912, contig: contig_2086, protein: unknown, score1: 1.0, score2: 0.0
Unique gene call 63
  --  Gene No. 43, gene caller: glimmer, leftEnd: 27498, rightEnd: 27716, strand: +, length: 219, contig: contig_2086, protein: unknown, score1: 1.0, score2: 0.0
  --  Gene No. 47, gene caller: phanotate, leftEnd: 27498, rightEnd: 27716, strand: +, length: 219, contig: contig_2086, protein: unknown, score1: 1.0, score2: 0.0
  --  Gene No. 40, gene caller: prodigal, leftEnd: 27498, rightEnd: 27716, strand: +, length: 219, contig: contig_2086, protein: unknown, score1: 1.0, score2: 0.0
Unique gene call 64
  --  Gene No. 44, gene caller: glimmer, leftEnd: 27900, rightEnd: 28283, strand: +, length: 384, contig: contig_2086, protein: unknown, score1: 1.0, score2: 0.0
  --  Gene No. 48, gene caller: phanotate, leftEnd: 27900, rightEnd: 28283, strand: +, length: 384, contig: contig_2086, protein: unknown, score1: 1.0, score2: 0.0
  --  Gene No. 41, gene caller: prodigal, leftEnd: 27900, rightEnd: 28283, strand: +, length: 384, contig: contig_2086, protein: unknown, score1: 1.0, score2: 0.0
Unique gene call 65
  --  Gene No. 45, gene caller: glimmer, leftEnd: 28301, rightEnd: 28561, strand: +, length: 261, contig: contig_2086, protein: unknown, score1: 1.0, score2: 0.0
  --  Gene No. 49, gene caller: phanotate, leftEnd: 28301, rightEnd: 28561, strand: +, length: 261, contig: contig_2086, protein: unknown, score1: 1.0, score2: 0.0
  --  Gene No. 42, gene caller: prodigal, leftEnd: 28301, rightEnd: 28561, strand: +, length: 261, contig: contig_2086, protein: unknown, score1: 1.0, score2: 0.0
Unique gene call 66
  --  Gene No. 46, gene caller: glimmer, leftEnd: 28574, rightEnd: 28927, strand: +, length: 354, contig: contig_2086, protein: unknown, score1: 1.0, score2: 0.0
  --  Gene No. 50, gene caller: phanotate, leftEnd: 28574, rightEnd: 28927, strand: +, length: 354, contig: contig_2086, protein: unknown, score1: 1.0, score2: 0.0
  --  Gene No. 43, gene caller: prodigal, leftEnd: 28574, rightEnd: 28927, strand: +, length: 354, contig: contig_2086, protein: unknown, score1: 1.0, score2: 0.0
Unique gene call 67
  --  Gene No. 47, gene caller: glimmer, leftEnd: 28937, rightEnd: 29560, strand: +, length: 624, contig: contig_2086, protein: unknown, score1: 1.0, score2: 0.0
  --  Gene No. 51, gene caller: phanotate, leftEnd: 28937, rightEnd: 29560, strand: +, length: 624, contig: contig_2086, protein: unknown, score1: 1.0, score2: 0.0
  --  Gene No. 44, gene caller: prodigal, leftEnd: 28937, rightEnd: 29560, strand: +, length: 624, contig: contig_2086, protein: unknown, score1: 1.0, score2: 0.0
Unique gene call 68
  --  Gene No. 48, gene caller: glimmer, leftEnd: 29557, rightEnd: 29907, strand: +, length: 351, contig: contig_2086, protein: unknown, score1: 1.0, score2: 0.0
  --  Gene No. 52, gene caller: phanotate, leftEnd: 29557, rightEnd: 29907, strand: +, length: 351, contig: contig_2086, protein: unknown, score1: 1.0, score2: 0.0
  --  Gene No. 45, gene caller: prodigal, leftEnd: 29557, rightEnd: 29907, strand: +, length: 351, contig: contig_2086, protein: unknown, score1: 1.0, score2: 0.0
Unique gene call 69
  --  Gene No. 53, gene caller: phanotate, leftEnd: 29919, rightEnd: 30011, strand: +, length: 93, contig: contig_2086, protein: unknown, score1: 0.3333333333333333, score2: 0.0
Unique gene call 70
  --  Gene No. 54, gene caller: phanotate, leftEnd: 30118, rightEnd: 30279, strand: -, length: 162, contig: contig_2086, protein: unknown, score1: 0.3333333333333333, score2: 0.0
Unique gene call 71
  --  Gene No. 49, gene caller: glimmer, leftEnd: 30321, rightEnd: 30449, strand: -, length: 129, contig: contig_2086, protein: unknown, score1: 1.0, score2: 0.0
  --  Gene No. 55, gene caller: phanotate, leftEnd: 30321, rightEnd: 30449, strand: -, length: 129, contig: contig_2086, protein: unknown, score1: 1.0, score2: 0.0
  --  Gene No. 46, gene caller: prodigal, leftEnd: 30321, rightEnd: 30449, strand: -, length: 129, contig: contig_2086, protein: unknown, score1: 1.0, score2: 0.0
Unique gene call 72
  --  Gene No. 56, gene caller: phanotate, leftEnd: 30559, rightEnd: 30759, strand: +, length: 201, contig: contig_2086, protein: unknown, score1: 0.3333333333333333, score2: 0.0
Unique gene call 73
  --  Gene No. 57, gene caller: phanotate, leftEnd: 31205, rightEnd: 31336, strand: +, length: 132, contig: contig_2086, protein: unknown, score1: 0.3333333333333333, score2: 0.0
Unique gene call 74
  --  Gene No. 58, gene caller: phanotate, leftEnd: 31420, rightEnd: 31524, strand: +, length: 105, contig: contig_2086, protein: unknown, score1: 0.3333333333333333, score2: 0.0
Unique gene call 75
  --  Gene No. 59, gene caller: phanotate, leftEnd: 31528, rightEnd: 31623, strand: +, length: 96, contig: contig_2086, protein: unknown, score1: 0.3333333333333333, score2: 0.0
Unique gene call 76
  --  Gene No. 50, gene caller: glimmer, leftEnd: 31606, rightEnd: 31758, strand: -, length: 153, contig: contig_2086, protein: unknown, score1: 0.8333333333333333, score2: 0.0
  --  Gene No. 60, gene caller: phanotate, leftEnd: 31606, rightEnd: 31758, strand: -, length: 153, contig: contig_2086, protein: unknown, score1: 0.8333333333333333, score2: 0.0
Unique gene call 77
  --  Gene No. 61, gene caller: phanotate, leftEnd: 31779, rightEnd: 31889, strand: -, length: 111, contig: contig_2086, protein: unknown, score1: 0.3333333333333333, score2: 0.0
Code complete at 2021-04-21 09:33:32.248265
