Opening log at 2021-04-21 09:40:47.534551
Iterating through fileSet at 2021-04-21 09:40:47.534690
fileSet is ['/home/james/Software/multiPhATE2/PipelineOutput/contig_362/commoncore.cgc', '/home/james/Software/multiPhATE2/PipelineOutput/contig_362/consensus.cgc', '/home/james/Software/multiPhATE2/PipelineOutput/contig_362/glimmer.cgc', '/home/james/Software/multiPhATE2/PipelineOutput/contig_362/phanotate.cgc', '/home/james/Software/multiPhATE2/PipelineOutput/contig_362/prodigal.cgc', '/home/james/Software/multiPhATE2/PipelineOutput/contig_362/superset.cgc']
Opening geneFile /home/james/Software/multiPhATE2/PipelineOutput/contig_362/commoncore.cgc
Adding calls from geneFile /home/james/Software/multiPhATE2/PipelineOutput/contig_362/commoncore.cgc
Appending call set  number of calls is: 0
Opening geneFile /home/james/Software/multiPhATE2/PipelineOutput/contig_362/consensus.cgc
Adding calls from geneFile /home/james/Software/multiPhATE2/PipelineOutput/contig_362/consensus.cgc
Appending call set  number of calls is: 0
Opening geneFile /home/james/Software/multiPhATE2/PipelineOutput/contig_362/glimmer.cgc
Adding calls from geneFile /home/james/Software/multiPhATE2/PipelineOutput/contig_362/glimmer.cgc
Appending call set  number of calls is: 3
Opening geneFile /home/james/Software/multiPhATE2/PipelineOutput/contig_362/phanotate.cgc
Adding calls from geneFile /home/james/Software/multiPhATE2/PipelineOutput/contig_362/phanotate.cgc
Appending call set  number of calls is: 5
Opening geneFile /home/james/Software/multiPhATE2/PipelineOutput/contig_362/prodigal.cgc
Adding calls from geneFile /home/james/Software/multiPhATE2/PipelineOutput/contig_362/prodigal.cgc
Appending call set  number of calls is: 4
Opening geneFile /home/james/Software/multiPhATE2/PipelineOutput/contig_362/superset.cgc
Adding calls from geneFile /home/james/Software/multiPhATE2/PipelineOutput/contig_362/superset.cgc
Appending call set  number of calls is: 0
All call sets have been added to caller list. Number of call sets in callerList: 6
callerList is   glimmer phanotate prodigal  
Total number of gene calls across callerList call sets is: 12
Sorting gene calls for each caller
Processing a callSet
Before sorting, Length of callerList for caller  is 0
After sorting, Length of callerList for caller  is 0
Processing a callSet
Before sorting, Length of callerList for caller  is 0
After sorting, Length of callerList for caller  is 0
Processing a callSet
Before sorting, Length of callerList for caller glimmer is 3
After sorting, Length of callerList for caller glimmer is 3
Processing a callSet
Before sorting, Length of callerList for caller phanotate is 5
After sorting, Length of callerList for caller phanotate is 5
Processing a callSet
Before sorting, Length of callerList for caller prodigal is 4
After sorting, Length of callerList for caller prodigal is 4
Processing a callSet
Before sorting, Length of callerList for caller  is 0
After sorting, Length of callerList for caller  is 0
callSet processing complete
Comparing across the call sets...
Merging the geneCall sets....
Final merged genes:

***************Merge List
1	Gene No. 1, gene caller: phanotate, leftEnd: 1, rightEnd: 885, strand: -, length: 885, contig: contig_362, protein: unknown, score1: 1.0, score2: 0.0
2	Gene No. 1, gene caller: prodigal, leftEnd: 1, rightEnd: 885, strand: -, length: 885, contig: contig_362, protein: unknown, score1: 1.0, score2: 0.0
3	Gene No. 2, gene caller: phanotate, leftEnd: 888, rightEnd: 1298, strand: -, length: 411, contig: contig_362, protein: unknown, score1: 1.0, score2: 0.0
4	Gene No. 2, gene caller: prodigal, leftEnd: 888, rightEnd: 1298, strand: -, length: 411, contig: contig_362, protein: unknown, score1: 1.0, score2: 0.0
5	Gene No. 1, gene caller: glimmer, leftEnd: 888, rightEnd: 1415, strand: -, length: 528, contig: contig_362, protein: unknown, score1: 1.0, score2: 0.0
6	Gene No. 3, gene caller: phanotate, leftEnd: 1354, rightEnd: 1461, strand: -, length: 108, contig: contig_362, protein: unknown, score1: 1.0, score2: 0.0
7	Gene No. 2, gene caller: glimmer, leftEnd: 1437, rightEnd: 2012, strand: -, length: 576, contig: contig_362, protein: unknown, score1: 1.0, score2: 0.0
8	Gene No. 4, gene caller: phanotate, leftEnd: 1437, rightEnd: 2012, strand: -, length: 576, contig: contig_362, protein: unknown, score1: 1.0, score2: 0.0
9	Gene No. 3, gene caller: prodigal, leftEnd: 1437, rightEnd: 2012, strand: -, length: 576, contig: contig_362, protein: unknown, score1: 1.0, score2: 0.0
10	Gene No. 3, gene caller: glimmer, leftEnd: 2009, rightEnd: 2599, strand: -, length: 591, contig: contig_362, protein: unknown, score1: 1.0, score2: 0.0
11	Gene No. 4, gene caller: prodigal, leftEnd: 2009, rightEnd: 2599, strand: -, length: 591, contig: contig_362, protein: unknown, score1: 1.0, score2: 0.0
12	Gene No. 5, gene caller: phanotate, leftEnd: 2009, rightEnd: 2638, strand: -, length: 630, contig: contig_362, protein: unknown, score1: 1.0, score2: 0.0
Comparing across geneCall sets....
Scoring gene calls....
Identifying common core...
This is the Common Core List:

***************Common Core
CC-gene 1	Gene No. 1, gene caller: All_callers, leftEnd: 1437, rightEnd: 2012, strand: -, length: 576, contig: contig_362, protein: unknown, score1: 1.0, score2: 0.0
Printing gene-call superset, consensus, and common_core in GFF and CGC formats
Printing report....
The following gene callers were considered: glimmer, phanotate, prodigal, The number of distinct gene calls over all gene callers is 7
The number of gene calls in common among all callers is 1
The number of unique (non-matching) gene calls is3
Caller glimmer produced 3 gene calls.
Caller glimmer gene-call length stats:  min: 528, max: 591, ave: 565.0
Caller phanotate produced 5 gene calls.
Caller phanotate gene-call length stats:  min: 108, max: 885, ave: 522.0
Caller prodigal produced 4 gene calls.
Caller prodigal gene-call length stats:  min: 411, max: 885, ave: 615.75

Gene-call Scores:
Caller	Contig	Gene No.	Left End	Right End	Strand	gcScore
phanotate	contig_362	1	1	885	-	0.83
prodigal	contig_362	1	1	885	-	0.83
phanotate	contig_362	2	888	1298	-	0.83
prodigal	contig_362	2	888	1298	-	0.83
glimmer	contig_362	1	888	1415	-	0.50
phanotate	contig_362	3	1354	1461	-	0.33
glimmer	contig_362	2	1437	2012	-	1.00
phanotate	contig_362	4	1437	2012	-	1.00
prodigal	contig_362	3	1437	2012	-	1.00
glimmer	contig_362	3	2009	2599	-	0.83
prodigal	contig_362	4	2009	2599	-	0.83
phanotate	contig_362	5	2009	2638	-	0.50

Gene-call Consensus Scores:
Caller glimmer average gene-call score: 0.78
Caller phanotate average gene-call score: 0.70
Caller prodigal average gene-call score: 0.88

***************Unique List
Unique gene call 1
  --  Gene No. 1, gene caller: phanotate, leftEnd: 1, rightEnd: 885, strand: -, length: 885, contig: contig_362, protein: unknown, score1: 0.8333333333333333, score2: 0.0
  --  Gene No. 1, gene caller: prodigal, leftEnd: 1, rightEnd: 885, strand: -, length: 885, contig: contig_362, protein: unknown, score1: 0.8333333333333333, score2: 0.0
Unique gene call 2
  --  Gene No. 2, gene caller: phanotate, leftEnd: 888, rightEnd: 1298, strand: -, length: 411, contig: contig_362, protein: unknown, score1: 0.8333333333333333, score2: 0.0
  --  Gene No. 2, gene caller: prodigal, leftEnd: 888, rightEnd: 1298, strand: -, length: 411, contig: contig_362, protein: unknown, score1: 0.8333333333333333, score2: 0.0
Unique gene call 3
  --  Gene No. 1, gene caller: glimmer, leftEnd: 888, rightEnd: 1415, strand: -, length: 528, contig: contig_362, protein: unknown, score1: 0.5, score2: 0.0
Unique gene call 4
  --  Gene No. 3, gene caller: phanotate, leftEnd: 1354, rightEnd: 1461, strand: -, length: 108, contig: contig_362, protein: unknown, score1: 0.3333333333333333, score2: 0.0
Unique gene call 5
  --  Gene No. 2, gene caller: glimmer, leftEnd: 1437, rightEnd: 2012, strand: -, length: 576, contig: contig_362, protein: unknown, score1: 1.0, score2: 0.0
  --  Gene No. 4, gene caller: phanotate, leftEnd: 1437, rightEnd: 2012, strand: -, length: 576, contig: contig_362, protein: unknown, score1: 1.0, score2: 0.0
  --  Gene No. 3, gene caller: prodigal, leftEnd: 1437, rightEnd: 2012, strand: -, length: 576, contig: contig_362, protein: unknown, score1: 1.0, score2: 0.0
Unique gene call 6
  --  Gene No. 3, gene caller: glimmer, leftEnd: 2009, rightEnd: 2599, strand: -, length: 591, contig: contig_362, protein: unknown, score1: 0.8333333333333333, score2: 0.0
  --  Gene No. 4, gene caller: prodigal, leftEnd: 2009, rightEnd: 2599, strand: -, length: 591, contig: contig_362, protein: unknown, score1: 0.8333333333333333, score2: 0.0
Unique gene call 7
  --  Gene No. 5, gene caller: phanotate, leftEnd: 2009, rightEnd: 2638, strand: -, length: 630, contig: contig_362, protein: unknown, score1: 0.5, score2: 0.0
Code complete at 2021-04-21 09:40:47.536538
