Opening log at 2021-04-21 09:45:51.312007
Iterating through fileSet at 2021-04-21 09:45:51.312154
fileSet is ['/home/james/Software/multiPhATE2/PipelineOutput/circular_pair_3329/commoncore.cgc', '/home/james/Software/multiPhATE2/PipelineOutput/circular_pair_3329/consensus.cgc', '/home/james/Software/multiPhATE2/PipelineOutput/circular_pair_3329/glimmer.cgc', '/home/james/Software/multiPhATE2/PipelineOutput/circular_pair_3329/phanotate.cgc', '/home/james/Software/multiPhATE2/PipelineOutput/circular_pair_3329/prodigal.cgc', '/home/james/Software/multiPhATE2/PipelineOutput/circular_pair_3329/superset.cgc']
Opening geneFile /home/james/Software/multiPhATE2/PipelineOutput/circular_pair_3329/commoncore.cgc
Adding calls from geneFile /home/james/Software/multiPhATE2/PipelineOutput/circular_pair_3329/commoncore.cgc
Appending call set  number of calls is: 0
Opening geneFile /home/james/Software/multiPhATE2/PipelineOutput/circular_pair_3329/consensus.cgc
Adding calls from geneFile /home/james/Software/multiPhATE2/PipelineOutput/circular_pair_3329/consensus.cgc
Appending call set  number of calls is: 0
Opening geneFile /home/james/Software/multiPhATE2/PipelineOutput/circular_pair_3329/glimmer.cgc
Adding calls from geneFile /home/james/Software/multiPhATE2/PipelineOutput/circular_pair_3329/glimmer.cgc
Appending call set  number of calls is: 6
Opening geneFile /home/james/Software/multiPhATE2/PipelineOutput/circular_pair_3329/phanotate.cgc
Adding calls from geneFile /home/james/Software/multiPhATE2/PipelineOutput/circular_pair_3329/phanotate.cgc
Appending call set  number of calls is: 13
Opening geneFile /home/james/Software/multiPhATE2/PipelineOutput/circular_pair_3329/prodigal.cgc
Adding calls from geneFile /home/james/Software/multiPhATE2/PipelineOutput/circular_pair_3329/prodigal.cgc
Appending call set  number of calls is: 8
Opening geneFile /home/james/Software/multiPhATE2/PipelineOutput/circular_pair_3329/superset.cgc
Adding calls from geneFile /home/james/Software/multiPhATE2/PipelineOutput/circular_pair_3329/superset.cgc
Appending call set  number of calls is: 0
All call sets have been added to caller list. Number of call sets in callerList: 6
callerList is   glimmer phanotate prodigal  
Total number of gene calls across callerList call sets is: 27
Sorting gene calls for each caller
Processing a callSet
Before sorting, Length of callerList for caller  is 0
After sorting, Length of callerList for caller  is 0
Processing a callSet
Before sorting, Length of callerList for caller  is 0
After sorting, Length of callerList for caller  is 0
Processing a callSet
Before sorting, Length of callerList for caller glimmer is 6
After sorting, Length of callerList for caller glimmer is 6
Processing a callSet
Before sorting, Length of callerList for caller phanotate is 13
After sorting, Length of callerList for caller phanotate is 13
Processing a callSet
Before sorting, Length of callerList for caller prodigal is 8
After sorting, Length of callerList for caller prodigal is 8
Processing a callSet
Before sorting, Length of callerList for caller  is 0
After sorting, Length of callerList for caller  is 0
callSet processing complete
Comparing across the call sets...
Merging the geneCall sets....
Final merged genes:

***************Merge List
1	Gene No. 1, gene caller: phanotate, leftEnd: 2, rightEnd: 100, strand: -, length: 99, contig: circular_pair_3329, protein: unknown, score1: 1.0, score2: 0.0
2	Gene No. 1, gene caller: prodigal, leftEnd: 2, rightEnd: 100, strand: -, length: 99, contig: circular_pair_3329, protein: unknown, score1: 1.0, score2: 0.0
3	Gene No. 2, gene caller: phanotate, leftEnd: 280, rightEnd: 369, strand: +, length: 90, contig: circular_pair_3329, protein: unknown, score1: 1.0, score2: 0.0
4	Gene No. 1, gene caller: glimmer, leftEnd: 377, rightEnd: 1246, strand: -, length: 870, contig: circular_pair_3329, protein: unknown, score1: 1.0, score2: 0.0
5	Gene No. 3, gene caller: phanotate, leftEnd: 377, rightEnd: 1246, strand: -, length: 870, contig: circular_pair_3329, protein: unknown, score1: 1.0, score2: 0.0
6	Gene No. 2, gene caller: prodigal, leftEnd: 377, rightEnd: 1246, strand: -, length: 870, contig: circular_pair_3329, protein: unknown, score1: 1.0, score2: 0.0
7	Gene No. 4, gene caller: phanotate, leftEnd: 1475, rightEnd: 1579, strand: -, length: 105, contig: circular_pair_3329, protein: unknown, score1: 1.0, score2: 0.0
8	Gene No. 5, gene caller: phanotate, leftEnd: 1664, rightEnd: 1813, strand: -, length: 150, contig: circular_pair_3329, protein: unknown, score1: 1.0, score2: 0.0
9	Gene No. 3, gene caller: prodigal, leftEnd: 1664, rightEnd: 1813, strand: -, length: 150, contig: circular_pair_3329, protein: unknown, score1: 1.0, score2: 0.0
10	Gene No. 2, gene caller: glimmer, leftEnd: 1664, rightEnd: 1891, strand: -, length: 228, contig: circular_pair_3329, protein: unknown, score1: 1.0, score2: 0.0
11	Gene No. 6, gene caller: phanotate, leftEnd: 1915, rightEnd: 2229, strand: -, length: 315, contig: circular_pair_3329, protein: unknown, score1: 1.0, score2: 0.0
12	Gene No. 4, gene caller: prodigal, leftEnd: 1915, rightEnd: 2229, strand: -, length: 315, contig: circular_pair_3329, protein: unknown, score1: 1.0, score2: 0.0
13	Gene No. 3, gene caller: glimmer, leftEnd: 1915, rightEnd: 2268, strand: -, length: 354, contig: circular_pair_3329, protein: unknown, score1: 1.0, score2: 0.0
14	Gene No. 7, gene caller: phanotate, leftEnd: 2409, rightEnd: 2498, strand: +, length: 90, contig: circular_pair_3329, protein: unknown, score1: 1.0, score2: 0.0
15	Gene No. 4, gene caller: glimmer, leftEnd: 2506, rightEnd: 2907, strand: -, length: 402, contig: circular_pair_3329, protein: unknown, score1: 1.0, score2: 0.0
16	Gene No. 8, gene caller: phanotate, leftEnd: 2506, rightEnd: 2922, strand: -, length: 417, contig: circular_pair_3329, protein: unknown, score1: 1.0, score2: 0.0
17	Gene No. 5, gene caller: prodigal, leftEnd: 2506, rightEnd: 2922, strand: -, length: 417, contig: circular_pair_3329, protein: unknown, score1: 1.0, score2: 0.0
18	Gene No. 5, gene caller: glimmer, leftEnd: 2891, rightEnd: 3376, strand: -, length: 486, contig: circular_pair_3329, protein: unknown, score1: 1.0, score2: 0.0
19	Gene No. 9, gene caller: phanotate, leftEnd: 2891, rightEnd: 3376, strand: -, length: 486, contig: circular_pair_3329, protein: unknown, score1: 1.0, score2: 0.0
20	Gene No. 6, gene caller: prodigal, leftEnd: 2891, rightEnd: 3376, strand: -, length: 486, contig: circular_pair_3329, protein: unknown, score1: 1.0, score2: 0.0
21	Gene No. 10, gene caller: phanotate, leftEnd: 3423, rightEnd: 3587, strand: -, length: 165, contig: circular_pair_3329, protein: unknown, score1: 1.0, score2: 0.0
22	Gene No. 11, gene caller: phanotate, leftEnd: 3684, rightEnd: 3773, strand: +, length: 90, contig: circular_pair_3329, protein: unknown, score1: 1.0, score2: 0.0
23	Gene No. 6, gene caller: glimmer, leftEnd: 3788, rightEnd: 4054, strand: -, length: 267, contig: circular_pair_3329, protein: unknown, score1: 1.0, score2: 0.0
24	Gene No. 12, gene caller: phanotate, leftEnd: 3788, rightEnd: 4054, strand: -, length: 267, contig: circular_pair_3329, protein: unknown, score1: 1.0, score2: 0.0
25	Gene No. 7, gene caller: prodigal, leftEnd: 3788, rightEnd: 4054, strand: -, length: 267, contig: circular_pair_3329, protein: unknown, score1: 1.0, score2: 0.0
26	Gene No. 13, gene caller: phanotate, leftEnd: 4108, rightEnd: 4332, strand: -, length: 225, contig: circular_pair_3329, protein: unknown, score1: 1.0, score2: 0.0
27	Gene No. 8, gene caller: prodigal, leftEnd: 4108, rightEnd: 4332, strand: -, length: 225, contig: circular_pair_3329, protein: unknown, score1: 1.0, score2: 0.0
Comparing across geneCall sets....
Scoring gene calls....
Identifying common core...
This is the Common Core List:

***************Common Core
CC-gene 1	Gene No. 1, gene caller: All_callers, leftEnd: 377, rightEnd: 1246, strand: -, length: 870, contig: circular_pair_3329, protein: unknown, score1: 1.0, score2: 0.0
CC-gene 2	Gene No. 1, gene caller: All_callers, leftEnd: 2891, rightEnd: 3376, strand: -, length: 486, contig: circular_pair_3329, protein: unknown, score1: 1.0, score2: 0.0
CC-gene 3	Gene No. 1, gene caller: All_callers, leftEnd: 3788, rightEnd: 4054, strand: -, length: 267, contig: circular_pair_3329, protein: unknown, score1: 1.0, score2: 0.0
Printing gene-call superset, consensus, and common_core in GFF and CGC formats
Printing report....
The following gene callers were considered: glimmer, phanotate, prodigal, The number of distinct gene calls over all gene callers is 16
The number of gene calls in common among all callers is 3
The number of unique (non-matching) gene calls is8
Caller glimmer produced 6 gene calls.
Caller glimmer gene-call length stats:  min: 228, max: 870, ave: 434.5
Caller phanotate produced 13 gene calls.
Caller phanotate gene-call length stats:  min: 90, max: 870, ave: 259.15384615384613
Caller prodigal produced 8 gene calls.
Caller prodigal gene-call length stats:  min: 99, max: 870, ave: 353.625

Gene-call Scores:
Caller	Contig	Gene No.	Left End	Right End	Strand	gcScore
phanotate	circular_pair_3329	1	2	100	-	0.83
prodigal	circular_pair_3329	1	2	100	-	0.83
phanotate	circular_pair_3329	2	280	369	+	0.33
glimmer	circular_pair_3329	1	377	1246	-	1.00
phanotate	circular_pair_3329	3	377	1246	-	1.00
prodigal	circular_pair_3329	2	377	1246	-	1.00
phanotate	circular_pair_3329	4	1475	1579	-	0.33
phanotate	circular_pair_3329	5	1664	1813	-	0.83
prodigal	circular_pair_3329	3	1664	1813	-	0.83
glimmer	circular_pair_3329	2	1664	1891	-	0.50
phanotate	circular_pair_3329	6	1915	2229	-	0.83
prodigal	circular_pair_3329	4	1915	2229	-	0.83
glimmer	circular_pair_3329	3	1915	2268	-	0.50
phanotate	circular_pair_3329	7	2409	2498	+	0.33
glimmer	circular_pair_3329	4	2506	2907	-	0.50
phanotate	circular_pair_3329	8	2506	2922	-	0.83
prodigal	circular_pair_3329	5	2506	2922	-	0.83
glimmer	circular_pair_3329	5	2891	3376	-	1.00
phanotate	circular_pair_3329	9	2891	3376	-	1.00
prodigal	circular_pair_3329	6	2891	3376	-	1.00
phanotate	circular_pair_3329	10	3423	3587	-	0.33
phanotate	circular_pair_3329	11	3684	3773	+	0.33
glimmer	circular_pair_3329	6	3788	4054	-	1.00
phanotate	circular_pair_3329	12	3788	4054	-	1.00
prodigal	circular_pair_3329	7	3788	4054	-	1.00
phanotate	circular_pair_3329	13	4108	4332	-	0.83
prodigal	circular_pair_3329	8	4108	4332	-	0.83

Gene-call Consensus Scores:
Caller glimmer average gene-call score: 0.75
Caller phanotate average gene-call score: 0.68
Caller prodigal average gene-call score: 0.90

***************Unique List
Unique gene call 1
  --  Gene No. 1, gene caller: phanotate, leftEnd: 2, rightEnd: 100, strand: -, length: 99, contig: circular_pair_3329, protein: unknown, score1: 0.8333333333333333, score2: 0.0
  --  Gene No. 1, gene caller: prodigal, leftEnd: 2, rightEnd: 100, strand: -, length: 99, contig: circular_pair_3329, protein: unknown, score1: 0.8333333333333333, score2: 0.0
Unique gene call 2
  --  Gene No. 2, gene caller: phanotate, leftEnd: 280, rightEnd: 369, strand: +, length: 90, contig: circular_pair_3329, protein: unknown, score1: 0.3333333333333333, score2: 0.0
Unique gene call 3
  --  Gene No. 1, gene caller: glimmer, leftEnd: 377, rightEnd: 1246, strand: -, length: 870, contig: circular_pair_3329, protein: unknown, score1: 1.0, score2: 0.0
  --  Gene No. 3, gene caller: phanotate, leftEnd: 377, rightEnd: 1246, strand: -, length: 870, contig: circular_pair_3329, protein: unknown, score1: 1.0, score2: 0.0
  --  Gene No. 2, gene caller: prodigal, leftEnd: 377, rightEnd: 1246, strand: -, length: 870, contig: circular_pair_3329, protein: unknown, score1: 1.0, score2: 0.0
Unique gene call 4
  --  Gene No. 4, gene caller: phanotate, leftEnd: 1475, rightEnd: 1579, strand: -, length: 105, contig: circular_pair_3329, protein: unknown, score1: 0.3333333333333333, score2: 0.0
Unique gene call 5
  --  Gene No. 5, gene caller: phanotate, leftEnd: 1664, rightEnd: 1813, strand: -, length: 150, contig: circular_pair_3329, protein: unknown, score1: 0.8333333333333333, score2: 0.0
  --  Gene No. 3, gene caller: prodigal, leftEnd: 1664, rightEnd: 1813, strand: -, length: 150, contig: circular_pair_3329, protein: unknown, score1: 0.8333333333333333, score2: 0.0
Unique gene call 6
  --  Gene No. 2, gene caller: glimmer, leftEnd: 1664, rightEnd: 1891, strand: -, length: 228, contig: circular_pair_3329, protein: unknown, score1: 0.5, score2: 0.0
Unique gene call 7
  --  Gene No. 6, gene caller: phanotate, leftEnd: 1915, rightEnd: 2229, strand: -, length: 315, contig: circular_pair_3329, protein: unknown, score1: 0.8333333333333333, score2: 0.0
  --  Gene No. 4, gene caller: prodigal, leftEnd: 1915, rightEnd: 2229, strand: -, length: 315, contig: circular_pair_3329, protein: unknown, score1: 0.8333333333333333, score2: 0.0
Unique gene call 8
  --  Gene No. 3, gene caller: glimmer, leftEnd: 1915, rightEnd: 2268, strand: -, length: 354, contig: circular_pair_3329, protein: unknown, score1: 0.5, score2: 0.0
Unique gene call 9
  --  Gene No. 7, gene caller: phanotate, leftEnd: 2409, rightEnd: 2498, strand: +, length: 90, contig: circular_pair_3329, protein: unknown, score1: 0.3333333333333333, score2: 0.0
Unique gene call 10
  --  Gene No. 4, gene caller: glimmer, leftEnd: 2506, rightEnd: 2907, strand: -, length: 402, contig: circular_pair_3329, protein: unknown, score1: 0.5, score2: 0.0
Unique gene call 11
  --  Gene No. 8, gene caller: phanotate, leftEnd: 2506, rightEnd: 2922, strand: -, length: 417, contig: circular_pair_3329, protein: unknown, score1: 0.8333333333333333, score2: 0.0
  --  Gene No. 5, gene caller: prodigal, leftEnd: 2506, rightEnd: 2922, strand: -, length: 417, contig: circular_pair_3329, protein: unknown, score1: 0.8333333333333333, score2: 0.0
Unique gene call 12
  --  Gene No. 5, gene caller: glimmer, leftEnd: 2891, rightEnd: 3376, strand: -, length: 486, contig: circular_pair_3329, protein: unknown, score1: 1.0, score2: 0.0
  --  Gene No. 9, gene caller: phanotate, leftEnd: 2891, rightEnd: 3376, strand: -, length: 486, contig: circular_pair_3329, protein: unknown, score1: 1.0, score2: 0.0
  --  Gene No. 6, gene caller: prodigal, leftEnd: 2891, rightEnd: 3376, strand: -, length: 486, contig: circular_pair_3329, protein: unknown, score1: 1.0, score2: 0.0
Unique gene call 13
  --  Gene No. 10, gene caller: phanotate, leftEnd: 3423, rightEnd: 3587, strand: -, length: 165, contig: circular_pair_3329, protein: unknown, score1: 0.3333333333333333, score2: 0.0
Unique gene call 14
  --  Gene No. 11, gene caller: phanotate, leftEnd: 3684, rightEnd: 3773, strand: +, length: 90, contig: circular_pair_3329, protein: unknown, score1: 0.3333333333333333, score2: 0.0
Unique gene call 15
  --  Gene No. 6, gene caller: glimmer, leftEnd: 3788, rightEnd: 4054, strand: -, length: 267, contig: circular_pair_3329, protein: unknown, score1: 1.0, score2: 0.0
  --  Gene No. 12, gene caller: phanotate, leftEnd: 3788, rightEnd: 4054, strand: -, length: 267, contig: circular_pair_3329, protein: unknown, score1: 1.0, score2: 0.0
  --  Gene No. 7, gene caller: prodigal, leftEnd: 3788, rightEnd: 4054, strand: -, length: 267, contig: circular_pair_3329, protein: unknown, score1: 1.0, score2: 0.0
Unique gene call 16
  --  Gene No. 13, gene caller: phanotate, leftEnd: 4108, rightEnd: 4332, strand: -, length: 225, contig: circular_pair_3329, protein: unknown, score1: 0.8333333333333333, score2: 0.0
  --  Gene No. 8, gene caller: prodigal, leftEnd: 4108, rightEnd: 4332, strand: -, length: 225, contig: circular_pair_3329, protein: unknown, score1: 0.8333333333333333, score2: 0.0
Code complete at 2021-04-21 09:45:51.315886
