Opening log at 2021-04-21 09:43:33.233614
Iterating through fileSet at 2021-04-21 09:43:33.233759
fileSet is ['/home/james/Software/multiPhATE2/PipelineOutput/contig_3013/commoncore.cgc', '/home/james/Software/multiPhATE2/PipelineOutput/contig_3013/consensus.cgc', '/home/james/Software/multiPhATE2/PipelineOutput/contig_3013/glimmer.cgc', '/home/james/Software/multiPhATE2/PipelineOutput/contig_3013/phanotate.cgc', '/home/james/Software/multiPhATE2/PipelineOutput/contig_3013/prodigal.cgc', '/home/james/Software/multiPhATE2/PipelineOutput/contig_3013/superset.cgc']
Opening geneFile /home/james/Software/multiPhATE2/PipelineOutput/contig_3013/commoncore.cgc
Adding calls from geneFile /home/james/Software/multiPhATE2/PipelineOutput/contig_3013/commoncore.cgc
Appending call set  number of calls is: 0
Opening geneFile /home/james/Software/multiPhATE2/PipelineOutput/contig_3013/consensus.cgc
Adding calls from geneFile /home/james/Software/multiPhATE2/PipelineOutput/contig_3013/consensus.cgc
Appending call set  number of calls is: 0
Opening geneFile /home/james/Software/multiPhATE2/PipelineOutput/contig_3013/glimmer.cgc
Adding calls from geneFile /home/james/Software/multiPhATE2/PipelineOutput/contig_3013/glimmer.cgc
Appending call set  number of calls is: 23
Opening geneFile /home/james/Software/multiPhATE2/PipelineOutput/contig_3013/phanotate.cgc
Adding calls from geneFile /home/james/Software/multiPhATE2/PipelineOutput/contig_3013/phanotate.cgc
Appending call set  number of calls is: 51
Opening geneFile /home/james/Software/multiPhATE2/PipelineOutput/contig_3013/prodigal.cgc
Adding calls from geneFile /home/james/Software/multiPhATE2/PipelineOutput/contig_3013/prodigal.cgc
Appending call set  number of calls is: 15
Opening geneFile /home/james/Software/multiPhATE2/PipelineOutput/contig_3013/superset.cgc
Adding calls from geneFile /home/james/Software/multiPhATE2/PipelineOutput/contig_3013/superset.cgc
Appending call set  number of calls is: 0
All call sets have been added to caller list. Number of call sets in callerList: 6
callerList is   glimmer phanotate prodigal  
Total number of gene calls across callerList call sets is: 89
Sorting gene calls for each caller
Processing a callSet
Before sorting, Length of callerList for caller  is 0
After sorting, Length of callerList for caller  is 0
Processing a callSet
Before sorting, Length of callerList for caller  is 0
After sorting, Length of callerList for caller  is 0
Processing a callSet
Before sorting, Length of callerList for caller glimmer is 23
After sorting, Length of callerList for caller glimmer is 23
Processing a callSet
Before sorting, Length of callerList for caller phanotate is 51
After sorting, Length of callerList for caller phanotate is 51
Processing a callSet
Before sorting, Length of callerList for caller prodigal is 15
After sorting, Length of callerList for caller prodigal is 15
Processing a callSet
Before sorting, Length of callerList for caller  is 0
After sorting, Length of callerList for caller  is 0
callSet processing complete
Comparing across the call sets...
Merging the geneCall sets....
Final merged genes:

***************Merge List
1	Gene No. 1, gene caller: phanotate, leftEnd: 1, rightEnd: 108, strand: +, length: 108, contig: contig_3013, protein: unknown, score1: 1.0, score2: 0.0
2	Gene No. 2, gene caller: phanotate, leftEnd: 161, rightEnd: 259, strand: -, length: 99, contig: contig_3013, protein: unknown, score1: 1.0, score2: 0.0
3	Gene No. 1, gene caller: glimmer, leftEnd: 420, rightEnd: 560, strand: -, length: 141, contig: contig_3013, protein: unknown, score1: 1.0, score2: 0.0
4	Gene No. 3, gene caller: phanotate, leftEnd: 420, rightEnd: 560, strand: -, length: 141, contig: contig_3013, protein: unknown, score1: 1.0, score2: 0.0
5	Gene No. 4, gene caller: phanotate, leftEnd: 700, rightEnd: 792, strand: -, length: 93, contig: contig_3013, protein: unknown, score1: 1.0, score2: 0.0
6	Gene No. 2, gene caller: glimmer, leftEnd: 705, rightEnd: 902, strand: +, length: 198, contig: contig_3013, protein: unknown, score1: 1.0, score2: 0.0
7	Gene No. 5, gene caller: phanotate, leftEnd: 810, rightEnd: 902, strand: +, length: 93, contig: contig_3013, protein: unknown, score1: 1.0, score2: 0.0
8	Gene No. 3, gene caller: glimmer, leftEnd: 977, rightEnd: 1108, strand: +, length: 132, contig: contig_3013, protein: unknown, score1: 1.0, score2: 0.0
9	Gene No. 6, gene caller: phanotate, leftEnd: 977, rightEnd: 1108, strand: +, length: 132, contig: contig_3013, protein: unknown, score1: 1.0, score2: 0.0
10	Gene No. 7, gene caller: phanotate, leftEnd: 1311, rightEnd: 1409, strand: -, length: 99, contig: contig_3013, protein: unknown, score1: 1.0, score2: 0.0
11	Gene No. 4, gene caller: glimmer, leftEnd: 1488, rightEnd: 1607, strand: +, length: 120, contig: contig_3013, protein: unknown, score1: 1.0, score2: 0.0
12	Gene No. 8, gene caller: phanotate, leftEnd: 1488, rightEnd: 1607, strand: +, length: 120, contig: contig_3013, protein: unknown, score1: 1.0, score2: 0.0
13	Gene No. 9, gene caller: phanotate, leftEnd: 1995, rightEnd: 2093, strand: -, length: 99, contig: contig_3013, protein: unknown, score1: 1.0, score2: 0.0
14	Gene No. 10, gene caller: phanotate, leftEnd: 2209, rightEnd: 2319, strand: -, length: 111, contig: contig_3013, protein: unknown, score1: 1.0, score2: 0.0
15	Gene No. 5, gene caller: glimmer, leftEnd: 2599, rightEnd: 2724, strand: -, length: 126, contig: contig_3013, protein: unknown, score1: 1.0, score2: 0.0
16	Gene No. 11, gene caller: phanotate, leftEnd: 2599, rightEnd: 2724, strand: -, length: 126, contig: contig_3013, protein: unknown, score1: 1.0, score2: 0.0
17	Gene No. 1, gene caller: prodigal, leftEnd: 2599, rightEnd: 2724, strand: -, length: 126, contig: contig_3013, protein: unknown, score1: 1.0, score2: 0.0
18	Gene No. 12, gene caller: phanotate, leftEnd: 2745, rightEnd: 3134, strand: -, length: 390, contig: contig_3013, protein: unknown, score1: 1.0, score2: 0.0
19	Gene No. 2, gene caller: prodigal, leftEnd: 2745, rightEnd: 3134, strand: -, length: 390, contig: contig_3013, protein: unknown, score1: 1.0, score2: 0.0
20	Gene No. 6, gene caller: glimmer, leftEnd: 3211, rightEnd: 3603, strand: -, length: 393, contig: contig_3013, protein: unknown, score1: 1.0, score2: 0.0
21	Gene No. 13, gene caller: phanotate, leftEnd: 3211, rightEnd: 3603, strand: -, length: 393, contig: contig_3013, protein: unknown, score1: 1.0, score2: 0.0
22	Gene No. 3, gene caller: prodigal, leftEnd: 3211, rightEnd: 3603, strand: -, length: 393, contig: contig_3013, protein: unknown, score1: 1.0, score2: 0.0
23	Gene No. 14, gene caller: phanotate, leftEnd: 3553, rightEnd: 3900, strand: +, length: 348, contig: contig_3013, protein: unknown, score1: 1.0, score2: 0.0
24	Gene No. 4, gene caller: prodigal, leftEnd: 3664, rightEnd: 3900, strand: +, length: 237, contig: contig_3013, protein: unknown, score1: 1.0, score2: 0.0
25	Gene No. 15, gene caller: phanotate, leftEnd: 3977, rightEnd: 4366, strand: +, length: 390, contig: contig_3013, protein: unknown, score1: 1.0, score2: 0.0
26	Gene No. 5, gene caller: prodigal, leftEnd: 3977, rightEnd: 4366, strand: +, length: 390, contig: contig_3013, protein: unknown, score1: 1.0, score2: 0.0
27	Gene No. 7, gene caller: glimmer, leftEnd: 4387, rightEnd: 4512, strand: +, length: 126, contig: contig_3013, protein: unknown, score1: 1.0, score2: 0.0
28	Gene No. 16, gene caller: phanotate, leftEnd: 4387, rightEnd: 4512, strand: +, length: 126, contig: contig_3013, protein: unknown, score1: 1.0, score2: 0.0
29	Gene No. 6, gene caller: prodigal, leftEnd: 4387, rightEnd: 4512, strand: +, length: 126, contig: contig_3013, protein: unknown, score1: 1.0, score2: 0.0
30	Gene No. 17, gene caller: phanotate, leftEnd: 4792, rightEnd: 4902, strand: +, length: 111, contig: contig_3013, protein: unknown, score1: 1.0, score2: 0.0
31	Gene No. 18, gene caller: phanotate, leftEnd: 5018, rightEnd: 5116, strand: +, length: 99, contig: contig_3013, protein: unknown, score1: 1.0, score2: 0.0
32	Gene No. 8, gene caller: glimmer, leftEnd: 5504, rightEnd: 5623, strand: -, length: 120, contig: contig_3013, protein: unknown, score1: 1.0, score2: 0.0
33	Gene No. 19, gene caller: phanotate, leftEnd: 5504, rightEnd: 5623, strand: -, length: 120, contig: contig_3013, protein: unknown, score1: 1.0, score2: 0.0
34	Gene No. 20, gene caller: phanotate, leftEnd: 5702, rightEnd: 5800, strand: +, length: 99, contig: contig_3013, protein: unknown, score1: 1.0, score2: 0.0
35	Gene No. 9, gene caller: glimmer, leftEnd: 6003, rightEnd: 6134, strand: -, length: 132, contig: contig_3013, protein: unknown, score1: 1.0, score2: 0.0
36	Gene No. 21, gene caller: phanotate, leftEnd: 6003, rightEnd: 6134, strand: -, length: 132, contig: contig_3013, protein: unknown, score1: 1.0, score2: 0.0
37	Gene No. 22, gene caller: phanotate, leftEnd: 6209, rightEnd: 6301, strand: -, length: 93, contig: contig_3013, protein: unknown, score1: 1.0, score2: 0.0
38	Gene No. 10, gene caller: glimmer, leftEnd: 6209, rightEnd: 6406, strand: -, length: 198, contig: contig_3013, protein: unknown, score1: 1.0, score2: 0.0
39	Gene No. 23, gene caller: phanotate, leftEnd: 6319, rightEnd: 6411, strand: +, length: 93, contig: contig_3013, protein: unknown, score1: 1.0, score2: 0.0
40	Gene No. 11, gene caller: glimmer, leftEnd: 6551, rightEnd: 6691, strand: +, length: 141, contig: contig_3013, protein: unknown, score1: 1.0, score2: 0.0
41	Gene No. 24, gene caller: phanotate, leftEnd: 6551, rightEnd: 6691, strand: +, length: 141, contig: contig_3013, protein: unknown, score1: 1.0, score2: 0.0
42	Gene No. 25, gene caller: phanotate, leftEnd: 6852, rightEnd: 6950, strand: +, length: 99, contig: contig_3013, protein: unknown, score1: 1.0, score2: 0.0
43	Gene No. 26, gene caller: phanotate, leftEnd: 7289, rightEnd: 7393, strand: -, length: 105, contig: contig_3013, protein: unknown, score1: 1.0, score2: 0.0
44	Gene No. 27, gene caller: phanotate, leftEnd: 7390, rightEnd: 7482, strand: -, length: 93, contig: contig_3013, protein: unknown, score1: 1.0, score2: 0.0
45	Gene No. 7, gene caller: prodigal, leftEnd: 7465, rightEnd: 7719, strand: +, length: 255, contig: contig_3013, protein: unknown, score1: 1.0, score2: 0.0
46	Gene No. 12, gene caller: glimmer, leftEnd: 7483, rightEnd: 7719, strand: +, length: 237, contig: contig_3013, protein: unknown, score1: 1.0, score2: 0.0
47	Gene No. 28, gene caller: phanotate, leftEnd: 7483, rightEnd: 7719, strand: +, length: 237, contig: contig_3013, protein: unknown, score1: 1.0, score2: 0.0
48	Gene No. 29, gene caller: phanotate, leftEnd: 7796, rightEnd: 8185, strand: +, length: 390, contig: contig_3013, protein: unknown, score1: 1.0, score2: 0.0
49	Gene No. 8, gene caller: prodigal, leftEnd: 7796, rightEnd: 8185, strand: +, length: 390, contig: contig_3013, protein: unknown, score1: 1.0, score2: 0.0
50	Gene No. 13, gene caller: glimmer, leftEnd: 8206, rightEnd: 8331, strand: +, length: 126, contig: contig_3013, protein: unknown, score1: 1.0, score2: 0.0
51	Gene No. 30, gene caller: phanotate, leftEnd: 8206, rightEnd: 8331, strand: +, length: 126, contig: contig_3013, protein: unknown, score1: 1.0, score2: 0.0
52	Gene No. 9, gene caller: prodigal, leftEnd: 8206, rightEnd: 8331, strand: +, length: 126, contig: contig_3013, protein: unknown, score1: 1.0, score2: 0.0
53	Gene No. 31, gene caller: phanotate, leftEnd: 8611, rightEnd: 8721, strand: +, length: 111, contig: contig_3013, protein: unknown, score1: 1.0, score2: 0.0
54	Gene No. 32, gene caller: phanotate, leftEnd: 8837, rightEnd: 8935, strand: +, length: 99, contig: contig_3013, protein: unknown, score1: 1.0, score2: 0.0
55	Gene No. 14, gene caller: glimmer, leftEnd: 9323, rightEnd: 9442, strand: -, length: 120, contig: contig_3013, protein: unknown, score1: 1.0, score2: 0.0
56	Gene No. 33, gene caller: phanotate, leftEnd: 9323, rightEnd: 9442, strand: -, length: 120, contig: contig_3013, protein: unknown, score1: 1.0, score2: 0.0
57	Gene No. 34, gene caller: phanotate, leftEnd: 9521, rightEnd: 9619, strand: +, length: 99, contig: contig_3013, protein: unknown, score1: 1.0, score2: 0.0
58	Gene No. 15, gene caller: glimmer, leftEnd: 9822, rightEnd: 9953, strand: -, length: 132, contig: contig_3013, protein: unknown, score1: 1.0, score2: 0.0
59	Gene No. 35, gene caller: phanotate, leftEnd: 9822, rightEnd: 9953, strand: -, length: 132, contig: contig_3013, protein: unknown, score1: 1.0, score2: 0.0
60	Gene No. 36, gene caller: phanotate, leftEnd: 10028, rightEnd: 10120, strand: -, length: 93, contig: contig_3013, protein: unknown, score1: 1.0, score2: 0.0
61	Gene No. 16, gene caller: glimmer, leftEnd: 10028, rightEnd: 10225, strand: -, length: 198, contig: contig_3013, protein: unknown, score1: 1.0, score2: 0.0
62	Gene No. 37, gene caller: phanotate, leftEnd: 10138, rightEnd: 10230, strand: +, length: 93, contig: contig_3013, protein: unknown, score1: 1.0, score2: 0.0
63	Gene No. 17, gene caller: glimmer, leftEnd: 10370, rightEnd: 10510, strand: +, length: 141, contig: contig_3013, protein: unknown, score1: 1.0, score2: 0.0
64	Gene No. 38, gene caller: phanotate, leftEnd: 10370, rightEnd: 10510, strand: +, length: 141, contig: contig_3013, protein: unknown, score1: 1.0, score2: 0.0
65	Gene No. 39, gene caller: phanotate, leftEnd: 10671, rightEnd: 10769, strand: +, length: 99, contig: contig_3013, protein: unknown, score1: 1.0, score2: 0.0
66	Gene No. 40, gene caller: phanotate, leftEnd: 11108, rightEnd: 11278, strand: -, length: 171, contig: contig_3013, protein: unknown, score1: 1.0, score2: 0.0
67	Gene No. 10, gene caller: prodigal, leftEnd: 11235, rightEnd: 11759, strand: -, length: 525, contig: contig_3013, protein: unknown, score1: 1.0, score2: 0.0
68	Gene No. 18, gene caller: glimmer, leftEnd: 11262, rightEnd: 11759, strand: -, length: 498, contig: contig_3013, protein: unknown, score1: 1.0, score2: 0.0
69	Gene No. 41, gene caller: phanotate, leftEnd: 11262, rightEnd: 11759, strand: -, length: 498, contig: contig_3013, protein: unknown, score1: 1.0, score2: 0.0
70	Gene No. 42, gene caller: phanotate, leftEnd: 11882, rightEnd: 11989, strand: -, length: 108, contig: contig_3013, protein: unknown, score1: 1.0, score2: 0.0
71	Gene No. 19, gene caller: glimmer, leftEnd: 11955, rightEnd: 12500, strand: +, length: 546, contig: contig_3013, protein: unknown, score1: 1.0, score2: 0.0
72	Gene No. 43, gene caller: phanotate, leftEnd: 11955, rightEnd: 12500, strand: +, length: 546, contig: contig_3013, protein: unknown, score1: 1.0, score2: 0.0
73	Gene No. 11, gene caller: prodigal, leftEnd: 11955, rightEnd: 12500, strand: +, length: 546, contig: contig_3013, protein: unknown, score1: 1.0, score2: 0.0
74	Gene No. 20, gene caller: glimmer, leftEnd: 12503, rightEnd: 13000, strand: +, length: 498, contig: contig_3013, protein: unknown, score1: 1.0, score2: 0.0
75	Gene No. 44, gene caller: phanotate, leftEnd: 12503, rightEnd: 13000, strand: +, length: 498, contig: contig_3013, protein: unknown, score1: 1.0, score2: 0.0
76	Gene No. 12, gene caller: prodigal, leftEnd: 12503, rightEnd: 13027, strand: +, length: 525, contig: contig_3013, protein: unknown, score1: 1.0, score2: 0.0
77	Gene No. 45, gene caller: phanotate, leftEnd: 12984, rightEnd: 13154, strand: +, length: 171, contig: contig_3013, protein: unknown, score1: 1.0, score2: 0.0
78	Gene No. 46, gene caller: phanotate, leftEnd: 13522, rightEnd: 13692, strand: -, length: 171, contig: contig_3013, protein: unknown, score1: 1.0, score2: 0.0
79	Gene No. 13, gene caller: prodigal, leftEnd: 13649, rightEnd: 14173, strand: -, length: 525, contig: contig_3013, protein: unknown, score1: 1.0, score2: 0.0
80	Gene No. 21, gene caller: glimmer, leftEnd: 13676, rightEnd: 14173, strand: -, length: 498, contig: contig_3013, protein: unknown, score1: 1.0, score2: 0.0
81	Gene No. 47, gene caller: phanotate, leftEnd: 13676, rightEnd: 14173, strand: -, length: 498, contig: contig_3013, protein: unknown, score1: 1.0, score2: 0.0
82	Gene No. 22, gene caller: glimmer, leftEnd: 14176, rightEnd: 14721, strand: -, length: 546, contig: contig_3013, protein: unknown, score1: 1.0, score2: 0.0
83	Gene No. 48, gene caller: phanotate, leftEnd: 14176, rightEnd: 14721, strand: -, length: 546, contig: contig_3013, protein: unknown, score1: 1.0, score2: 0.0
84	Gene No. 14, gene caller: prodigal, leftEnd: 14176, rightEnd: 14721, strand: -, length: 546, contig: contig_3013, protein: unknown, score1: 1.0, score2: 0.0
85	Gene No. 49, gene caller: phanotate, leftEnd: 14807, rightEnd: 14911, strand: +, length: 105, contig: contig_3013, protein: unknown, score1: 1.0, score2: 0.0
86	Gene No. 23, gene caller: glimmer, leftEnd: 14914, rightEnd: 15411, strand: +, length: 498, contig: contig_3013, protein: unknown, score1: 1.0, score2: 0.0
87	Gene No. 50, gene caller: phanotate, leftEnd: 14914, rightEnd: 15411, strand: +, length: 498, contig: contig_3013, protein: unknown, score1: 1.0, score2: 0.0
88	Gene No. 15, gene caller: prodigal, leftEnd: 14914, rightEnd: 15438, strand: +, length: 525, contig: contig_3013, protein: unknown, score1: 1.0, score2: 0.0
89	Gene No. 51, gene caller: phanotate, leftEnd: 15489, rightEnd: 15581, strand: -, length: 93, contig: contig_3013, protein: unknown, score1: 1.0, score2: 0.0
Comparing across geneCall sets....
Scoring gene calls....
Identifying common core...
This is the Common Core List:

***************Common Core
CC-gene 1	Gene No. 1, gene caller: All_callers, leftEnd: 2599, rightEnd: 2724, strand: -, length: 126, contig: contig_3013, protein: unknown, score1: 1.0, score2: 0.0
CC-gene 2	Gene No. 1, gene caller: All_callers, leftEnd: 3211, rightEnd: 3603, strand: -, length: 393, contig: contig_3013, protein: unknown, score1: 1.0, score2: 0.0
CC-gene 3	Gene No. 1, gene caller: All_callers, leftEnd: 4387, rightEnd: 4512, strand: +, length: 126, contig: contig_3013, protein: unknown, score1: 1.0, score2: 0.0
CC-gene 4	Gene No. 1, gene caller: All_callers, leftEnd: 8206, rightEnd: 8331, strand: +, length: 126, contig: contig_3013, protein: unknown, score1: 1.0, score2: 0.0
CC-gene 5	Gene No. 1, gene caller: All_callers, leftEnd: 11955, rightEnd: 12500, strand: +, length: 546, contig: contig_3013, protein: unknown, score1: 1.0, score2: 0.0
CC-gene 6	Gene No. 1, gene caller: All_callers, leftEnd: 14176, rightEnd: 14721, strand: -, length: 546, contig: contig_3013, protein: unknown, score1: 1.0, score2: 0.0
Printing gene-call superset, consensus, and common_core in GFF and CGC formats
Printing report....
The following gene callers were considered: glimmer, phanotate, prodigal, The number of distinct gene calls over all gene callers is 60
The number of gene calls in common among all callers is 6
The number of unique (non-matching) gene calls is37
Caller glimmer produced 23 gene calls.
Caller glimmer gene-call length stats:  min: 120, max: 546, ave: 255.0
Caller phanotate produced 51 gene calls.
Caller phanotate gene-call length stats:  min: 93, max: 546, ave: 190.11764705882354
Caller prodigal produced 15 gene calls.
Caller prodigal gene-call length stats:  min: 126, max: 546, ave: 375.0

Gene-call Scores:
Caller	Contig	Gene No.	Left End	Right End	Strand	gcScore
phanotate	contig_3013	1	1	108	+	0.33
phanotate	contig_3013	2	161	259	-	0.33
glimmer	contig_3013	1	420	560	-	0.83
phanotate	contig_3013	3	420	560	-	0.83
phanotate	contig_3013	4	700	792	-	0.33
glimmer	contig_3013	2	705	902	+	0.50
phanotate	contig_3013	5	810	902	+	0.50
glimmer	contig_3013	3	977	1108	+	0.83
phanotate	contig_3013	6	977	1108	+	0.83
phanotate	contig_3013	7	1311	1409	-	0.33
glimmer	contig_3013	4	1488	1607	+	0.83
phanotate	contig_3013	8	1488	1607	+	0.83
phanotate	contig_3013	9	1995	2093	-	0.33
phanotate	contig_3013	10	2209	2319	-	0.33
glimmer	contig_3013	5	2599	2724	-	1.00
phanotate	contig_3013	11	2599	2724	-	1.00
prodigal	contig_3013	1	2599	2724	-	1.00
phanotate	contig_3013	12	2745	3134	-	0.83
prodigal	contig_3013	2	2745	3134	-	0.83
glimmer	contig_3013	6	3211	3603	-	1.00
phanotate	contig_3013	13	3211	3603	-	1.00
prodigal	contig_3013	3	3211	3603	-	1.00
phanotate	contig_3013	14	3553	3900	+	0.50
prodigal	contig_3013	4	3664	3900	+	0.50
phanotate	contig_3013	15	3977	4366	+	0.83
prodigal	contig_3013	5	3977	4366	+	0.83
glimmer	contig_3013	7	4387	4512	+	1.00
phanotate	contig_3013	16	4387	4512	+	1.00
prodigal	contig_3013	6	4387	4512	+	1.00
phanotate	contig_3013	17	4792	4902	+	0.33
phanotate	contig_3013	18	5018	5116	+	0.33
glimmer	contig_3013	8	5504	5623	-	0.83
phanotate	contig_3013	19	5504	5623	-	0.83
phanotate	contig_3013	20	5702	5800	+	0.33
glimmer	contig_3013	9	6003	6134	-	0.83
phanotate	contig_3013	21	6003	6134	-	0.83
phanotate	contig_3013	22	6209	6301	-	0.50
glimmer	contig_3013	10	6209	6406	-	0.50
phanotate	contig_3013	23	6319	6411	+	0.33
glimmer	contig_3013	11	6551	6691	+	0.83
phanotate	contig_3013	24	6551	6691	+	0.83
phanotate	contig_3013	25	6852	6950	+	0.33
phanotate	contig_3013	26	7289	7393	-	0.33
phanotate	contig_3013	27	7390	7482	-	0.33
prodigal	contig_3013	7	7465	7719	+	0.50
glimmer	contig_3013	12	7483	7719	+	0.83
phanotate	contig_3013	28	7483	7719	+	0.83
phanotate	contig_3013	29	7796	8185	+	0.83
prodigal	contig_3013	8	7796	8185	+	0.83
glimmer	contig_3013	13	8206	8331	+	1.00
phanotate	contig_3013	30	8206	8331	+	1.00
prodigal	contig_3013	9	8206	8331	+	1.00
phanotate	contig_3013	31	8611	8721	+	0.33
phanotate	contig_3013	32	8837	8935	+	0.33
glimmer	contig_3013	14	9323	9442	-	0.83
phanotate	contig_3013	33	9323	9442	-	0.83
phanotate	contig_3013	34	9521	9619	+	0.33
glimmer	contig_3013	15	9822	9953	-	0.83
phanotate	contig_3013	35	9822	9953	-	0.83
phanotate	contig_3013	36	10028	10120	-	0.50
glimmer	contig_3013	16	10028	10225	-	0.50
phanotate	contig_3013	37	10138	10230	+	0.33
glimmer	contig_3013	17	10370	10510	+	0.83
phanotate	contig_3013	38	10370	10510	+	0.83
phanotate	contig_3013	39	10671	10769	+	0.33
phanotate	contig_3013	40	11108	11278	-	0.33
prodigal	contig_3013	10	11235	11759	-	0.33
glimmer	contig_3013	18	11262	11759	-	0.83
phanotate	contig_3013	41	11262	11759	-	0.83
phanotate	contig_3013	42	11882	11989	-	0.33
glimmer	contig_3013	19	11955	12500	+	1.00
phanotate	contig_3013	43	11955	12500	+	1.00
prodigal	contig_3013	11	11955	12500	+	1.00
glimmer	contig_3013	20	12503	13000	+	0.83
phanotate	contig_3013	44	12503	13000	+	0.83
prodigal	contig_3013	12	12503	13027	+	0.33
phanotate	contig_3013	45	12984	13154	+	0.33
phanotate	contig_3013	46	13522	13692	-	0.33
prodigal	contig_3013	13	13649	14173	-	0.33
glimmer	contig_3013	21	13676	14173	-	0.83
phanotate	contig_3013	47	13676	14173	-	0.83
glimmer	contig_3013	22	14176	14721	-	1.00
phanotate	contig_3013	48	14176	14721	-	1.00
prodigal	contig_3013	14	14176	14721	-	1.00
phanotate	contig_3013	49	14807	14911	+	0.33
glimmer	contig_3013	23	14914	15411	+	0.83
phanotate	contig_3013	50	14914	15411	+	0.83
prodigal	contig_3013	15	14914	15438	+	0.33
phanotate	contig_3013	51	15489	15581	-	0.33

Gene-call Consensus Scores:
Caller glimmer average gene-call score: 0.83
Caller phanotate average gene-call score: 0.59
Caller prodigal average gene-call score: 0.72

***************Unique List
Unique gene call 1
  --  Gene No. 1, gene caller: phanotate, leftEnd: 1, rightEnd: 108, strand: +, length: 108, contig: contig_3013, protein: unknown, score1: 0.3333333333333333, score2: 0.0
Unique gene call 2
  --  Gene No. 2, gene caller: phanotate, leftEnd: 161, rightEnd: 259, strand: -, length: 99, contig: contig_3013, protein: unknown, score1: 0.3333333333333333, score2: 0.0
Unique gene call 3
  --  Gene No. 1, gene caller: glimmer, leftEnd: 420, rightEnd: 560, strand: -, length: 141, contig: contig_3013, protein: unknown, score1: 0.8333333333333333, score2: 0.0
  --  Gene No. 3, gene caller: phanotate, leftEnd: 420, rightEnd: 560, strand: -, length: 141, contig: contig_3013, protein: unknown, score1: 0.8333333333333333, score2: 0.0
Unique gene call 4
  --  Gene No. 4, gene caller: phanotate, leftEnd: 700, rightEnd: 792, strand: -, length: 93, contig: contig_3013, protein: unknown, score1: 0.3333333333333333, score2: 0.0
Unique gene call 5
  --  Gene No. 2, gene caller: glimmer, leftEnd: 705, rightEnd: 902, strand: +, length: 198, contig: contig_3013, protein: unknown, score1: 0.5, score2: 0.0
Unique gene call 6
  --  Gene No. 5, gene caller: phanotate, leftEnd: 810, rightEnd: 902, strand: +, length: 93, contig: contig_3013, protein: unknown, score1: 0.5, score2: 0.0
Unique gene call 7
  --  Gene No. 3, gene caller: glimmer, leftEnd: 977, rightEnd: 1108, strand: +, length: 132, contig: contig_3013, protein: unknown, score1: 0.8333333333333333, score2: 0.0
  --  Gene No. 6, gene caller: phanotate, leftEnd: 977, rightEnd: 1108, strand: +, length: 132, contig: contig_3013, protein: unknown, score1: 0.8333333333333333, score2: 0.0
Unique gene call 8
  --  Gene No. 7, gene caller: phanotate, leftEnd: 1311, rightEnd: 1409, strand: -, length: 99, contig: contig_3013, protein: unknown, score1: 0.3333333333333333, score2: 0.0
Unique gene call 9
  --  Gene No. 4, gene caller: glimmer, leftEnd: 1488, rightEnd: 1607, strand: +, length: 120, contig: contig_3013, protein: unknown, score1: 0.8333333333333333, score2: 0.0
  --  Gene No. 8, gene caller: phanotate, leftEnd: 1488, rightEnd: 1607, strand: +, length: 120, contig: contig_3013, protein: unknown, score1: 0.8333333333333333, score2: 0.0
Unique gene call 10
  --  Gene No. 9, gene caller: phanotate, leftEnd: 1995, rightEnd: 2093, strand: -, length: 99, contig: contig_3013, protein: unknown, score1: 0.3333333333333333, score2: 0.0
Unique gene call 11
  --  Gene No. 10, gene caller: phanotate, leftEnd: 2209, rightEnd: 2319, strand: -, length: 111, contig: contig_3013, protein: unknown, score1: 0.3333333333333333, score2: 0.0
Unique gene call 12
  --  Gene No. 5, gene caller: glimmer, leftEnd: 2599, rightEnd: 2724, strand: -, length: 126, contig: contig_3013, protein: unknown, score1: 1.0, score2: 0.0
  --  Gene No. 11, gene caller: phanotate, leftEnd: 2599, rightEnd: 2724, strand: -, length: 126, contig: contig_3013, protein: unknown, score1: 1.0, score2: 0.0
  --  Gene No. 1, gene caller: prodigal, leftEnd: 2599, rightEnd: 2724, strand: -, length: 126, contig: contig_3013, protein: unknown, score1: 1.0, score2: 0.0
Unique gene call 13
  --  Gene No. 12, gene caller: phanotate, leftEnd: 2745, rightEnd: 3134, strand: -, length: 390, contig: contig_3013, protein: unknown, score1: 0.8333333333333333, score2: 0.0
  --  Gene No. 2, gene caller: prodigal, leftEnd: 2745, rightEnd: 3134, strand: -, length: 390, contig: contig_3013, protein: unknown, score1: 0.8333333333333333, score2: 0.0
Unique gene call 14
  --  Gene No. 6, gene caller: glimmer, leftEnd: 3211, rightEnd: 3603, strand: -, length: 393, contig: contig_3013, protein: unknown, score1: 1.0, score2: 0.0
  --  Gene No. 13, gene caller: phanotate, leftEnd: 3211, rightEnd: 3603, strand: -, length: 393, contig: contig_3013, protein: unknown, score1: 1.0, score2: 0.0
  --  Gene No. 3, gene caller: prodigal, leftEnd: 3211, rightEnd: 3603, strand: -, length: 393, contig: contig_3013, protein: unknown, score1: 1.0, score2: 0.0
Unique gene call 15
  --  Gene No. 14, gene caller: phanotate, leftEnd: 3553, rightEnd: 3900, strand: +, length: 348, contig: contig_3013, protein: unknown, score1: 0.5, score2: 0.0
Unique gene call 16
  --  Gene No. 4, gene caller: prodigal, leftEnd: 3664, rightEnd: 3900, strand: +, length: 237, contig: contig_3013, protein: unknown, score1: 0.5, score2: 0.0
Unique gene call 17
  --  Gene No. 15, gene caller: phanotate, leftEnd: 3977, rightEnd: 4366, strand: +, length: 390, contig: contig_3013, protein: unknown, score1: 0.8333333333333333, score2: 0.0
  --  Gene No. 5, gene caller: prodigal, leftEnd: 3977, rightEnd: 4366, strand: +, length: 390, contig: contig_3013, protein: unknown, score1: 0.8333333333333333, score2: 0.0
Unique gene call 18
  --  Gene No. 7, gene caller: glimmer, leftEnd: 4387, rightEnd: 4512, strand: +, length: 126, contig: contig_3013, protein: unknown, score1: 1.0, score2: 0.0
  --  Gene No. 16, gene caller: phanotate, leftEnd: 4387, rightEnd: 4512, strand: +, length: 126, contig: contig_3013, protein: unknown, score1: 1.0, score2: 0.0
  --  Gene No. 6, gene caller: prodigal, leftEnd: 4387, rightEnd: 4512, strand: +, length: 126, contig: contig_3013, protein: unknown, score1: 1.0, score2: 0.0
Unique gene call 19
  --  Gene No. 17, gene caller: phanotate, leftEnd: 4792, rightEnd: 4902, strand: +, length: 111, contig: contig_3013, protein: unknown, score1: 0.3333333333333333, score2: 0.0
Unique gene call 20
  --  Gene No. 18, gene caller: phanotate, leftEnd: 5018, rightEnd: 5116, strand: +, length: 99, contig: contig_3013, protein: unknown, score1: 0.3333333333333333, score2: 0.0
Unique gene call 21
  --  Gene No. 8, gene caller: glimmer, leftEnd: 5504, rightEnd: 5623, strand: -, length: 120, contig: contig_3013, protein: unknown, score1: 0.8333333333333333, score2: 0.0
  --  Gene No. 19, gene caller: phanotate, leftEnd: 5504, rightEnd: 5623, strand: -, length: 120, contig: contig_3013, protein: unknown, score1: 0.8333333333333333, score2: 0.0
Unique gene call 22
  --  Gene No. 20, gene caller: phanotate, leftEnd: 5702, rightEnd: 5800, strand: +, length: 99, contig: contig_3013, protein: unknown, score1: 0.3333333333333333, score2: 0.0
Unique gene call 23
  --  Gene No. 9, gene caller: glimmer, leftEnd: 6003, rightEnd: 6134, strand: -, length: 132, contig: contig_3013, protein: unknown, score1: 0.8333333333333333, score2: 0.0
  --  Gene No. 21, gene caller: phanotate, leftEnd: 6003, rightEnd: 6134, strand: -, length: 132, contig: contig_3013, protein: unknown, score1: 0.8333333333333333, score2: 0.0
Unique gene call 24
  --  Gene No. 22, gene caller: phanotate, leftEnd: 6209, rightEnd: 6301, strand: -, length: 93, contig: contig_3013, protein: unknown, score1: 0.5, score2: 0.0
Unique gene call 25
  --  Gene No. 10, gene caller: glimmer, leftEnd: 6209, rightEnd: 6406, strand: -, length: 198, contig: contig_3013, protein: unknown, score1: 0.5, score2: 0.0
Unique gene call 26
  --  Gene No. 23, gene caller: phanotate, leftEnd: 6319, rightEnd: 6411, strand: +, length: 93, contig: contig_3013, protein: unknown, score1: 0.3333333333333333, score2: 0.0
Unique gene call 27
  --  Gene No. 11, gene caller: glimmer, leftEnd: 6551, rightEnd: 6691, strand: +, length: 141, contig: contig_3013, protein: unknown, score1: 0.8333333333333333, score2: 0.0
  --  Gene No. 24, gene caller: phanotate, leftEnd: 6551, rightEnd: 6691, strand: +, length: 141, contig: contig_3013, protein: unknown, score1: 0.8333333333333333, score2: 0.0
Unique gene call 28
  --  Gene No. 25, gene caller: phanotate, leftEnd: 6852, rightEnd: 6950, strand: +, length: 99, contig: contig_3013, protein: unknown, score1: 0.3333333333333333, score2: 0.0
Unique gene call 29
  --  Gene No. 26, gene caller: phanotate, leftEnd: 7289, rightEnd: 7393, strand: -, length: 105, contig: contig_3013, protein: unknown, score1: 0.3333333333333333, score2: 0.0
Unique gene call 30
  --  Gene No. 27, gene caller: phanotate, leftEnd: 7390, rightEnd: 7482, strand: -, length: 93, contig: contig_3013, protein: unknown, score1: 0.3333333333333333, score2: 0.0
Unique gene call 31
  --  Gene No. 7, gene caller: prodigal, leftEnd: 7465, rightEnd: 7719, strand: +, length: 255, contig: contig_3013, protein: unknown, score1: 0.5, score2: 0.0
Unique gene call 32
  --  Gene No. 12, gene caller: glimmer, leftEnd: 7483, rightEnd: 7719, strand: +, length: 237, contig: contig_3013, protein: unknown, score1: 0.8333333333333333, score2: 0.0
  --  Gene No. 28, gene caller: phanotate, leftEnd: 7483, rightEnd: 7719, strand: +, length: 237, contig: contig_3013, protein: unknown, score1: 0.8333333333333333, score2: 0.0
Unique gene call 33
  --  Gene No. 29, gene caller: phanotate, leftEnd: 7796, rightEnd: 8185, strand: +, length: 390, contig: contig_3013, protein: unknown, score1: 0.8333333333333333, score2: 0.0
  --  Gene No. 8, gene caller: prodigal, leftEnd: 7796, rightEnd: 8185, strand: +, length: 390, contig: contig_3013, protein: unknown, score1: 0.8333333333333333, score2: 0.0
Unique gene call 34
  --  Gene No. 13, gene caller: glimmer, leftEnd: 8206, rightEnd: 8331, strand: +, length: 126, contig: contig_3013, protein: unknown, score1: 1.0, score2: 0.0
  --  Gene No. 30, gene caller: phanotate, leftEnd: 8206, rightEnd: 8331, strand: +, length: 126, contig: contig_3013, protein: unknown, score1: 1.0, score2: 0.0
  --  Gene No. 9, gene caller: prodigal, leftEnd: 8206, rightEnd: 8331, strand: +, length: 126, contig: contig_3013, protein: unknown, score1: 1.0, score2: 0.0
Unique gene call 35
  --  Gene No. 31, gene caller: phanotate, leftEnd: 8611, rightEnd: 8721, strand: +, length: 111, contig: contig_3013, protein: unknown, score1: 0.3333333333333333, score2: 0.0
Unique gene call 36
  --  Gene No. 32, gene caller: phanotate, leftEnd: 8837, rightEnd: 8935, strand: +, length: 99, contig: contig_3013, protein: unknown, score1: 0.3333333333333333, score2: 0.0
Unique gene call 37
  --  Gene No. 14, gene caller: glimmer, leftEnd: 9323, rightEnd: 9442, strand: -, length: 120, contig: contig_3013, protein: unknown, score1: 0.8333333333333333, score2: 0.0
  --  Gene No. 33, gene caller: phanotate, leftEnd: 9323, rightEnd: 9442, strand: -, length: 120, contig: contig_3013, protein: unknown, score1: 0.8333333333333333, score2: 0.0
Unique gene call 38
  --  Gene No. 34, gene caller: phanotate, leftEnd: 9521, rightEnd: 9619, strand: +, length: 99, contig: contig_3013, protein: unknown, score1: 0.3333333333333333, score2: 0.0
Unique gene call 39
  --  Gene No. 15, gene caller: glimmer, leftEnd: 9822, rightEnd: 9953, strand: -, length: 132, contig: contig_3013, protein: unknown, score1: 0.8333333333333333, score2: 0.0
  --  Gene No. 35, gene caller: phanotate, leftEnd: 9822, rightEnd: 9953, strand: -, length: 132, contig: contig_3013, protein: unknown, score1: 0.8333333333333333, score2: 0.0
Unique gene call 40
  --  Gene No. 36, gene caller: phanotate, leftEnd: 10028, rightEnd: 10120, strand: -, length: 93, contig: contig_3013, protein: unknown, score1: 0.5, score2: 0.0
Unique gene call 41
  --  Gene No. 16, gene caller: glimmer, leftEnd: 10028, rightEnd: 10225, strand: -, length: 198, contig: contig_3013, protein: unknown, score1: 0.5, score2: 0.0
Unique gene call 42
  --  Gene No. 37, gene caller: phanotate, leftEnd: 10138, rightEnd: 10230, strand: +, length: 93, contig: contig_3013, protein: unknown, score1: 0.3333333333333333, score2: 0.0
Unique gene call 43
  --  Gene No. 17, gene caller: glimmer, leftEnd: 10370, rightEnd: 10510, strand: +, length: 141, contig: contig_3013, protein: unknown, score1: 0.8333333333333333, score2: 0.0
  --  Gene No. 38, gene caller: phanotate, leftEnd: 10370, rightEnd: 10510, strand: +, length: 141, contig: contig_3013, protein: unknown, score1: 0.8333333333333333, score2: 0.0
Unique gene call 44
  --  Gene No. 39, gene caller: phanotate, leftEnd: 10671, rightEnd: 10769, strand: +, length: 99, contig: contig_3013, protein: unknown, score1: 0.3333333333333333, score2: 0.0
Unique gene call 45
  --  Gene No. 40, gene caller: phanotate, leftEnd: 11108, rightEnd: 11278, strand: -, length: 171, contig: contig_3013, protein: unknown, score1: 0.3333333333333333, score2: 0.0
Unique gene call 46
  --  Gene No. 10, gene caller: prodigal, leftEnd: 11235, rightEnd: 11759, strand: -, length: 525, contig: contig_3013, protein: unknown, score1: 0.3333333333333333, score2: 0.0
Unique gene call 47
  --  Gene No. 18, gene caller: glimmer, leftEnd: 11262, rightEnd: 11759, strand: -, length: 498, contig: contig_3013, protein: unknown, score1: 0.8333333333333333, score2: 0.0
  --  Gene No. 41, gene caller: phanotate, leftEnd: 11262, rightEnd: 11759, strand: -, length: 498, contig: contig_3013, protein: unknown, score1: 0.8333333333333333, score2: 0.0
Unique gene call 48
  --  Gene No. 42, gene caller: phanotate, leftEnd: 11882, rightEnd: 11989, strand: -, length: 108, contig: contig_3013, protein: unknown, score1: 0.3333333333333333, score2: 0.0
Unique gene call 49
  --  Gene No. 19, gene caller: glimmer, leftEnd: 11955, rightEnd: 12500, strand: +, length: 546, contig: contig_3013, protein: unknown, score1: 1.0, score2: 0.0
  --  Gene No. 43, gene caller: phanotate, leftEnd: 11955, rightEnd: 12500, strand: +, length: 546, contig: contig_3013, protein: unknown, score1: 1.0, score2: 0.0
  --  Gene No. 11, gene caller: prodigal, leftEnd: 11955, rightEnd: 12500, strand: +, length: 546, contig: contig_3013, protein: unknown, score1: 1.0, score2: 0.0
Unique gene call 50
  --  Gene No. 20, gene caller: glimmer, leftEnd: 12503, rightEnd: 13000, strand: +, length: 498, contig: contig_3013, protein: unknown, score1: 0.8333333333333333, score2: 0.0
  --  Gene No. 44, gene caller: phanotate, leftEnd: 12503, rightEnd: 13000, strand: +, length: 498, contig: contig_3013, protein: unknown, score1: 0.8333333333333333, score2: 0.0
Unique gene call 51
  --  Gene No. 12, gene caller: prodigal, leftEnd: 12503, rightEnd: 13027, strand: +, length: 525, contig: contig_3013, protein: unknown, score1: 0.3333333333333333, score2: 0.0
Unique gene call 52
  --  Gene No. 45, gene caller: phanotate, leftEnd: 12984, rightEnd: 13154, strand: +, length: 171, contig: contig_3013, protein: unknown, score1: 0.3333333333333333, score2: 0.0
Unique gene call 53
  --  Gene No. 46, gene caller: phanotate, leftEnd: 13522, rightEnd: 13692, strand: -, length: 171, contig: contig_3013, protein: unknown, score1: 0.3333333333333333, score2: 0.0
Unique gene call 54
  --  Gene No. 13, gene caller: prodigal, leftEnd: 13649, rightEnd: 14173, strand: -, length: 525, contig: contig_3013, protein: unknown, score1: 0.3333333333333333, score2: 0.0
Unique gene call 55
  --  Gene No. 21, gene caller: glimmer, leftEnd: 13676, rightEnd: 14173, strand: -, length: 498, contig: contig_3013, protein: unknown, score1: 0.8333333333333333, score2: 0.0
  --  Gene No. 47, gene caller: phanotate, leftEnd: 13676, rightEnd: 14173, strand: -, length: 498, contig: contig_3013, protein: unknown, score1: 0.8333333333333333, score2: 0.0
Unique gene call 56
  --  Gene No. 22, gene caller: glimmer, leftEnd: 14176, rightEnd: 14721, strand: -, length: 546, contig: contig_3013, protein: unknown, score1: 1.0, score2: 0.0
  --  Gene No. 48, gene caller: phanotate, leftEnd: 14176, rightEnd: 14721, strand: -, length: 546, contig: contig_3013, protein: unknown, score1: 1.0, score2: 0.0
  --  Gene No. 14, gene caller: prodigal, leftEnd: 14176, rightEnd: 14721, strand: -, length: 546, contig: contig_3013, protein: unknown, score1: 1.0, score2: 0.0
Unique gene call 57
  --  Gene No. 49, gene caller: phanotate, leftEnd: 14807, rightEnd: 14911, strand: +, length: 105, contig: contig_3013, protein: unknown, score1: 0.3333333333333333, score2: 0.0
Unique gene call 58
  --  Gene No. 23, gene caller: glimmer, leftEnd: 14914, rightEnd: 15411, strand: +, length: 498, contig: contig_3013, protein: unknown, score1: 0.8333333333333333, score2: 0.0
  --  Gene No. 50, gene caller: phanotate, leftEnd: 14914, rightEnd: 15411, strand: +, length: 498, contig: contig_3013, protein: unknown, score1: 0.8333333333333333, score2: 0.0
Unique gene call 59
  --  Gene No. 15, gene caller: prodigal, leftEnd: 14914, rightEnd: 15438, strand: +, length: 525, contig: contig_3013, protein: unknown, score1: 0.3333333333333333, score2: 0.0
Unique gene call 60
  --  Gene No. 51, gene caller: phanotate, leftEnd: 15489, rightEnd: 15581, strand: -, length: 93, contig: contig_3013, protein: unknown, score1: 0.3333333333333333, score2: 0.0
Code complete at 2021-04-21 09:43:33.243473
