Discrepancy Report Results

Summary
DISC_PROTEIN_NAMES:All proteins have same name "hypothetical protein"
FATAL: MISSING_PROTEIN_ID:9 proteins have invalid IDs.
DISC_SOURCE_QUALS_ASNDISC:strain (all present, all unique)
DISC_SOURCE_QUALS_ASNDISC:taxname (all present, all unique)
DISC_FEATURE_COUNT:CDS: 9 present
DISC_COUNT_NUCLEOTIDES:1 nucleotide Bioseqs are present
FEATURE_LOCATION_CONFLICT:9 features have inconsistent gene locations.
DISC_QUALITY_SCORES:Quality scores are missing on all sequences.
ONCALLER_COMMENT_PRESENT:1 comment descriptors were found (all same)
MISSING_GENOMEASSEMBLY_COMMENTS:1 bioseqs are missing GenomeAssembly structured comments
MOLTYPE_NOT_MRNA:1 molecule types are not set as mRNA.
TECHNIQUE_NOT_TSA:1 technique are not set as TSA
MISSING_STRUCTURED_COMMENT:1 sequences do not include structured comments.
MISSING_PROJECT:10 sequences do not include project.
DISC_INCONSISTENT_MOLINFO_TECH:Molinfo Technique Report (some missing, all same)


Detailed Report

DiscRep_ALL:DISC_PROTEIN_NAMES::All proteins have same name "hypothetical protein"

FATAL: DiscRep_ALL:MISSING_PROTEIN_ID::9 proteins have invalid IDs.
prokkaMN856050/MN856050:MN856050_1 (length 146)
prokkaMN856050/MN856050:MN856050_2 (length 141)
prokkaMN856050/MN856050:MN856050_3 (length 55)
prokkaMN856050/MN856050:MN856050_4 (length 130)
prokkaMN856050/MN856050:MN856050_5 (length 153)
prokkaMN856050/MN856050:MN856050_6 (length 136)
prokkaMN856050/MN856050:MN856050_7 (length 152)
prokkaMN856050/MN856050:MN856050_8 (length 60)
prokkaMN856050/MN856050:MN856050_9 (length 125)

DiscRep_ALL:DISC_SOURCE_QUALS_ASNDISC::strain (all present, all unique)
DiscRep_SUB:DISC_SOURCE_QUALS_ASNDISC::1 sources have unique values for strain
DiscRep_ALL:DISC_SOURCE_QUALS_ASNDISC::taxname (all present, all unique)
DiscRep_SUB:DISC_SOURCE_QUALS_ASNDISC::1 sources have unique values for taxname
DiscRep_ALL:DISC_FEATURE_COUNT::CDS: 9 present
DiscRep_ALL:DISC_COUNT_NUCLEOTIDES::1 nucleotide Bioseqs are present
prokkaMN856050/MN856050:MN856050 (length 5294)

DiscRep_ALL:FEATURE_LOCATION_CONFLICT::9 features have inconsistent gene locations.
DiscRep_SUB:FEATURE_LOCATION_CONFLICT::Coding region xref gene does not exist
prokkaMN856050/MN856050:CDS	hypothetical protein	MN856050:c595-155	HEGGNEME_00001

DiscRep_SUB:FEATURE_LOCATION_CONFLICT::Coding region xref gene does not exist
prokkaMN856050/MN856050:CDS	hypothetical protein	MN856050:817-1242	HEGGNEME_00002

DiscRep_SUB:FEATURE_LOCATION_CONFLICT::Coding region xref gene does not exist
prokkaMN856050/MN856050:CDS	hypothetical protein	MN856050:c2367-2200	HEGGNEME_00003

DiscRep_SUB:FEATURE_LOCATION_CONFLICT::Coding region xref gene does not exist
prokkaMN856050/MN856050:CDS	hypothetical protein	MN856050:c2792-2400	HEGGNEME_00004

DiscRep_SUB:FEATURE_LOCATION_CONFLICT::Coding region xref gene does not exist
prokkaMN856050/MN856050:CDS	hypothetical protein	MN856050:c3256-2795	HEGGNEME_00005

DiscRep_SUB:FEATURE_LOCATION_CONFLICT::Coding region xref gene does not exist
prokkaMN856050/MN856050:CDS	hypothetical protein	MN856050:c3733-3323	HEGGNEME_00006

DiscRep_SUB:FEATURE_LOCATION_CONFLICT::Coding region xref gene does not exist
prokkaMN856050/MN856050:CDS	hypothetical protein	MN856050:c4188-3730	HEGGNEME_00007

DiscRep_SUB:FEATURE_LOCATION_CONFLICT::Coding region xref gene does not exist
prokkaMN856050/MN856050:CDS	hypothetical protein	MN856050:c4355-4173	HEGGNEME_00008

DiscRep_SUB:FEATURE_LOCATION_CONFLICT::Coding region xref gene does not exist
prokkaMN856050/MN856050:CDS	hypothetical protein	MN856050:c4741-4364	HEGGNEME_00009

DiscRep_ALL:DISC_QUALITY_SCORES::Quality scores are missing on all sequences.

DiscRep_ALL:ONCALLER_COMMENT_PRESENT::1 comment descriptors were found (all same)
prokkaMN856050/MN856050:MN856050:Annotated using prokka 1.14.6 from https://github.com/tseemann/prokka

DiscRep_ALL:MISSING_GENOMEASSEMBLY_COMMENTS::1 bioseqs are missing GenomeAssembly structured comments
prokkaMN856050/MN856050:MN856050 (length 5294)

DiscRep_ALL:MOLTYPE_NOT_MRNA::1 molecule types are not set as mRNA.
prokkaMN856050/MN856050:MN856050 (length 5294)

DiscRep_ALL:TECHNIQUE_NOT_TSA::1 technique are not set as TSA
prokkaMN856050/MN856050:MN856050 (length 5294)

DiscRep_ALL:MISSING_STRUCTURED_COMMENT::1 sequences do not include structured comments.
prokkaMN856050/MN856050:MN856050 (length 5294)

DiscRep_ALL:MISSING_PROJECT::10 sequences do not include project.
prokkaMN856050/MN856050:MN856050 (length 5294)
prokkaMN856050/MN856050:MN856050_1 (length 146)
prokkaMN856050/MN856050:MN856050_2 (length 141)
prokkaMN856050/MN856050:MN856050_3 (length 55)
prokkaMN856050/MN856050:MN856050_4 (length 130)
prokkaMN856050/MN856050:MN856050_5 (length 153)
prokkaMN856050/MN856050:MN856050_6 (length 136)
prokkaMN856050/MN856050:MN856050_7 (length 152)
prokkaMN856050/MN856050:MN856050_8 (length 60)
prokkaMN856050/MN856050:MN856050_9 (length 125)

DiscRep_ALL:DISC_INCONSISTENT_MOLINFO_TECH::Molinfo Technique Report (some missing, all same)
DiscRep_SUB:DISC_INCONSISTENT_MOLINFO_TECH::technique (all missing)
DiscRep_SUB:DISC_INCONSISTENT_MOLINFO_TECH::1 Molinfos are missing field technique
prokkaMN856050/MN856050:MN856050 (length 5294)

