Opening log at 2021-04-18 20:45:11.084050
Iterating through fileSet at 2021-04-18 20:45:11.084180
fileSet is ['/home/james/Software/multiPhATE2/PipelineOutput/Eb_P2/commoncore.cgc', '/home/james/Software/multiPhATE2/PipelineOutput/Eb_P2/consensus.cgc', '/home/james/Software/multiPhATE2/PipelineOutput/Eb_P2/glimmer.cgc', '/home/james/Software/multiPhATE2/PipelineOutput/Eb_P2/phanotate.cgc', '/home/james/Software/multiPhATE2/PipelineOutput/Eb_P2/prodigal.cgc', '/home/james/Software/multiPhATE2/PipelineOutput/Eb_P2/superset.cgc']
Opening geneFile /home/james/Software/multiPhATE2/PipelineOutput/Eb_P2/commoncore.cgc
Adding calls from geneFile /home/james/Software/multiPhATE2/PipelineOutput/Eb_P2/commoncore.cgc
Appending call set  number of calls is: 0
Opening geneFile /home/james/Software/multiPhATE2/PipelineOutput/Eb_P2/consensus.cgc
Adding calls from geneFile /home/james/Software/multiPhATE2/PipelineOutput/Eb_P2/consensus.cgc
Appending call set  number of calls is: 0
Opening geneFile /home/james/Software/multiPhATE2/PipelineOutput/Eb_P2/glimmer.cgc
Adding calls from geneFile /home/james/Software/multiPhATE2/PipelineOutput/Eb_P2/glimmer.cgc
Appending call set  number of calls is: 42
Opening geneFile /home/james/Software/multiPhATE2/PipelineOutput/Eb_P2/phanotate.cgc
Adding calls from geneFile /home/james/Software/multiPhATE2/PipelineOutput/Eb_P2/phanotate.cgc
Appending call set  number of calls is: 49
Opening geneFile /home/james/Software/multiPhATE2/PipelineOutput/Eb_P2/prodigal.cgc
Adding calls from geneFile /home/james/Software/multiPhATE2/PipelineOutput/Eb_P2/prodigal.cgc
Appending call set  number of calls is: 43
Opening geneFile /home/james/Software/multiPhATE2/PipelineOutput/Eb_P2/superset.cgc
Adding calls from geneFile /home/james/Software/multiPhATE2/PipelineOutput/Eb_P2/superset.cgc
Appending call set  number of calls is: 0
All call sets have been added to caller list. Number of call sets in callerList: 6
callerList is   glimmer phanotate prodigal  
Total number of gene calls across callerList call sets is: 134
Sorting gene calls for each caller
Processing a callSet
Before sorting, Length of callerList for caller  is 0
After sorting, Length of callerList for caller  is 0
Processing a callSet
Before sorting, Length of callerList for caller  is 0
After sorting, Length of callerList for caller  is 0
Processing a callSet
Before sorting, Length of callerList for caller glimmer is 42
After sorting, Length of callerList for caller glimmer is 42
Processing a callSet
Before sorting, Length of callerList for caller phanotate is 49
After sorting, Length of callerList for caller phanotate is 49
Processing a callSet
Before sorting, Length of callerList for caller prodigal is 43
After sorting, Length of callerList for caller prodigal is 43
Processing a callSet
Before sorting, Length of callerList for caller  is 0
After sorting, Length of callerList for caller  is 0
callSet processing complete
Comparing across the call sets...
Merging the geneCall sets....
Final merged genes:

***************Merge List
1	Gene No. 1, gene caller: prodigal, leftEnd: 1, rightEnd: 141, strand: +, length: 141, contig: Eb_P2_NC_001895_1_Enterobacteria_phage_P2__complete_genome, protein: unknown, score1: 1.0, score2: 0.0
2	Gene No. 1, gene caller: glimmer, leftEnd: 187, rightEnd: 1221, strand: -, length: 1035, contig: Eb_P2_NC_001895_1_Enterobacteria_phage_P2__complete_genome, protein: unknown, score1: 1.0, score2: 0.0
3	Gene No. 1, gene caller: phanotate, leftEnd: 187, rightEnd: 1221, strand: -, length: 1035, contig: Eb_P2_NC_001895_1_Enterobacteria_phage_P2__complete_genome, protein: unknown, score1: 1.0, score2: 0.0
4	Gene No. 2, gene caller: prodigal, leftEnd: 187, rightEnd: 1221, strand: -, length: 1035, contig: Eb_P2_NC_001895_1_Enterobacteria_phage_P2__complete_genome, protein: unknown, score1: 1.0, score2: 0.0
5	Gene No. 2, gene caller: phanotate, leftEnd: 1221, rightEnd: 2993, strand: -, length: 1773, contig: Eb_P2_NC_001895_1_Enterobacteria_phage_P2__complete_genome, protein: unknown, score1: 1.0, score2: 0.0
6	Gene No. 3, gene caller: prodigal, leftEnd: 1221, rightEnd: 2993, strand: -, length: 1773, contig: Eb_P2_NC_001895_1_Enterobacteria_phage_P2__complete_genome, protein: unknown, score1: 1.0, score2: 0.0
7	Gene No. 2, gene caller: glimmer, leftEnd: 1221, rightEnd: 3023, strand: -, length: 1803, contig: Eb_P2_NC_001895_1_Enterobacteria_phage_P2__complete_genome, protein: unknown, score1: 1.0, score2: 0.0
8	Gene No. 3, gene caller: glimmer, leftEnd: 3101, rightEnd: 4021, strand: +, length: 921, contig: Eb_P2_NC_001895_1_Enterobacteria_phage_P2__complete_genome, protein: unknown, score1: 1.0, score2: 0.0
9	Gene No. 3, gene caller: phanotate, leftEnd: 3101, rightEnd: 4021, strand: +, length: 921, contig: Eb_P2_NC_001895_1_Enterobacteria_phage_P2__complete_genome, protein: unknown, score1: 1.0, score2: 0.0
10	Gene No. 4, gene caller: prodigal, leftEnd: 3167, rightEnd: 4021, strand: +, length: 855, contig: Eb_P2_NC_001895_1_Enterobacteria_phage_P2__complete_genome, protein: unknown, score1: 1.0, score2: 0.0
11	Gene No. 4, gene caller: glimmer, leftEnd: 4080, rightEnd: 5153, strand: +, length: 1074, contig: Eb_P2_NC_001895_1_Enterobacteria_phage_P2__complete_genome, protein: unknown, score1: 1.0, score2: 0.0
12	Gene No. 4, gene caller: phanotate, leftEnd: 4080, rightEnd: 5153, strand: +, length: 1074, contig: Eb_P2_NC_001895_1_Enterobacteria_phage_P2__complete_genome, protein: unknown, score1: 1.0, score2: 0.0
13	Gene No. 5, gene caller: prodigal, leftEnd: 4080, rightEnd: 5153, strand: +, length: 1074, contig: Eb_P2_NC_001895_1_Enterobacteria_phage_P2__complete_genome, protein: unknown, score1: 1.0, score2: 0.0
14	Gene No. 5, gene caller: glimmer, leftEnd: 5157, rightEnd: 5900, strand: +, length: 744, contig: Eb_P2_NC_001895_1_Enterobacteria_phage_P2__complete_genome, protein: unknown, score1: 1.0, score2: 0.0
15	Gene No. 5, gene caller: phanotate, leftEnd: 5157, rightEnd: 5900, strand: +, length: 744, contig: Eb_P2_NC_001895_1_Enterobacteria_phage_P2__complete_genome, protein: unknown, score1: 1.0, score2: 0.0
16	Gene No. 6, gene caller: prodigal, leftEnd: 5157, rightEnd: 5900, strand: +, length: 744, contig: Eb_P2_NC_001895_1_Enterobacteria_phage_P2__complete_genome, protein: unknown, score1: 1.0, score2: 0.0
17	Gene No. 6, gene caller: glimmer, leftEnd: 5940, rightEnd: 6509, strand: +, length: 570, contig: Eb_P2_NC_001895_1_Enterobacteria_phage_P2__complete_genome, protein: unknown, score1: 1.0, score2: 0.0
18	Gene No. 6, gene caller: phanotate, leftEnd: 6000, rightEnd: 6509, strand: +, length: 510, contig: Eb_P2_NC_001895_1_Enterobacteria_phage_P2__complete_genome, protein: unknown, score1: 1.0, score2: 0.0
19	Gene No. 7, gene caller: prodigal, leftEnd: 6000, rightEnd: 6509, strand: +, length: 510, contig: Eb_P2_NC_001895_1_Enterobacteria_phage_P2__complete_genome, protein: unknown, score1: 1.0, score2: 0.0
20	Gene No. 7, gene caller: glimmer, leftEnd: 6509, rightEnd: 6712, strand: +, length: 204, contig: Eb_P2_NC_001895_1_Enterobacteria_phage_P2__complete_genome, protein: unknown, score1: 1.0, score2: 0.0
21	Gene No. 7, gene caller: phanotate, leftEnd: 6509, rightEnd: 6712, strand: +, length: 204, contig: Eb_P2_NC_001895_1_Enterobacteria_phage_P2__complete_genome, protein: unknown, score1: 1.0, score2: 0.0
22	Gene No. 8, gene caller: prodigal, leftEnd: 6509, rightEnd: 6712, strand: +, length: 204, contig: Eb_P2_NC_001895_1_Enterobacteria_phage_P2__complete_genome, protein: unknown, score1: 1.0, score2: 0.0
23	Gene No. 8, gene caller: glimmer, leftEnd: 6716, rightEnd: 6997, strand: +, length: 282, contig: Eb_P2_NC_001895_1_Enterobacteria_phage_P2__complete_genome, protein: unknown, score1: 1.0, score2: 0.0
24	Gene No. 8, gene caller: phanotate, leftEnd: 6716, rightEnd: 6997, strand: +, length: 282, contig: Eb_P2_NC_001895_1_Enterobacteria_phage_P2__complete_genome, protein: unknown, score1: 1.0, score2: 0.0
25	Gene No. 9, gene caller: prodigal, leftEnd: 6716, rightEnd: 6997, strand: +, length: 282, contig: Eb_P2_NC_001895_1_Enterobacteria_phage_P2__complete_genome, protein: unknown, score1: 1.0, score2: 0.0
26	Gene No. 9, gene caller: glimmer, leftEnd: 6997, rightEnd: 7494, strand: +, length: 498, contig: Eb_P2_NC_001895_1_Enterobacteria_phage_P2__complete_genome, protein: unknown, score1: 1.0, score2: 0.0
27	Gene No. 9, gene caller: phanotate, leftEnd: 6997, rightEnd: 7494, strand: +, length: 498, contig: Eb_P2_NC_001895_1_Enterobacteria_phage_P2__complete_genome, protein: unknown, score1: 1.0, score2: 0.0
28	Gene No. 10, gene caller: prodigal, leftEnd: 6997, rightEnd: 7494, strand: +, length: 498, contig: Eb_P2_NC_001895_1_Enterobacteria_phage_P2__complete_genome, protein: unknown, score1: 1.0, score2: 0.0
29	Gene No. 10, gene caller: glimmer, leftEnd: 7509, rightEnd: 7934, strand: +, length: 426, contig: Eb_P2_NC_001895_1_Enterobacteria_phage_P2__complete_genome, protein: unknown, score1: 1.0, score2: 0.0
30	Gene No. 10, gene caller: phanotate, leftEnd: 7509, rightEnd: 7934, strand: +, length: 426, contig: Eb_P2_NC_001895_1_Enterobacteria_phage_P2__complete_genome, protein: unknown, score1: 1.0, score2: 0.0
31	Gene No. 11, gene caller: prodigal, leftEnd: 7509, rightEnd: 7934, strand: +, length: 426, contig: Eb_P2_NC_001895_1_Enterobacteria_phage_P2__complete_genome, protein: unknown, score1: 1.0, score2: 0.0
32	Gene No. 11, gene caller: glimmer, leftEnd: 7922, rightEnd: 8347, strand: +, length: 426, contig: Eb_P2_NC_001895_1_Enterobacteria_phage_P2__complete_genome, protein: unknown, score1: 1.0, score2: 0.0
33	Gene No. 11, gene caller: phanotate, leftEnd: 7922, rightEnd: 8347, strand: +, length: 426, contig: Eb_P2_NC_001895_1_Enterobacteria_phage_P2__complete_genome, protein: unknown, score1: 1.0, score2: 0.0
34	Gene No. 12, gene caller: prodigal, leftEnd: 7922, rightEnd: 8347, strand: +, length: 426, contig: Eb_P2_NC_001895_1_Enterobacteria_phage_P2__complete_genome, protein: unknown, score1: 1.0, score2: 0.0
35	Gene No. 12, gene caller: glimmer, leftEnd: 8334, rightEnd: 8492, strand: +, length: 159, contig: Eb_P2_NC_001895_1_Enterobacteria_phage_P2__complete_genome, protein: unknown, score1: 1.0, score2: 0.0
36	Gene No. 12, gene caller: phanotate, leftEnd: 8334, rightEnd: 8492, strand: +, length: 159, contig: Eb_P2_NC_001895_1_Enterobacteria_phage_P2__complete_genome, protein: unknown, score1: 1.0, score2: 0.0
37	Gene No. 13, gene caller: prodigal, leftEnd: 8334, rightEnd: 8492, strand: +, length: 159, contig: Eb_P2_NC_001895_1_Enterobacteria_phage_P2__complete_genome, protein: unknown, score1: 1.0, score2: 0.0
38	Gene No. 13, gene caller: glimmer, leftEnd: 8455, rightEnd: 8922, strand: +, length: 468, contig: Eb_P2_NC_001895_1_Enterobacteria_phage_P2__complete_genome, protein: unknown, score1: 1.0, score2: 0.0
39	Gene No. 13, gene caller: phanotate, leftEnd: 8455, rightEnd: 8922, strand: +, length: 468, contig: Eb_P2_NC_001895_1_Enterobacteria_phage_P2__complete_genome, protein: unknown, score1: 1.0, score2: 0.0
40	Gene No. 14, gene caller: prodigal, leftEnd: 8455, rightEnd: 8922, strand: +, length: 468, contig: Eb_P2_NC_001895_1_Enterobacteria_phage_P2__complete_genome, protein: unknown, score1: 1.0, score2: 0.0
41	Gene No. 14, gene caller: glimmer, leftEnd: 8915, rightEnd: 9367, strand: +, length: 453, contig: Eb_P2_NC_001895_1_Enterobacteria_phage_P2__complete_genome, protein: unknown, score1: 1.0, score2: 0.0
42	Gene No. 14, gene caller: phanotate, leftEnd: 8915, rightEnd: 9367, strand: +, length: 453, contig: Eb_P2_NC_001895_1_Enterobacteria_phage_P2__complete_genome, protein: unknown, score1: 1.0, score2: 0.0
43	Gene No. 15, gene caller: prodigal, leftEnd: 8915, rightEnd: 9367, strand: +, length: 453, contig: Eb_P2_NC_001895_1_Enterobacteria_phage_P2__complete_genome, protein: unknown, score1: 1.0, score2: 0.0
44	Gene No. 15, gene caller: glimmer, leftEnd: 9439, rightEnd: 10125, strand: -, length: 687, contig: Eb_P2_NC_001895_1_Enterobacteria_phage_P2__complete_genome, protein: unknown, score1: 1.0, score2: 0.0
45	Gene No. 15, gene caller: phanotate, leftEnd: 9439, rightEnd: 10224, strand: -, length: 786, contig: Eb_P2_NC_001895_1_Enterobacteria_phage_P2__complete_genome, protein: unknown, score1: 1.0, score2: 0.0
46	Gene No. 16, gene caller: prodigal, leftEnd: 9439, rightEnd: 10224, strand: -, length: 786, contig: Eb_P2_NC_001895_1_Enterobacteria_phage_P2__complete_genome, protein: unknown, score1: 1.0, score2: 0.0
47	Gene No. 16, gene caller: glimmer, leftEnd: 10308, rightEnd: 10943, strand: +, length: 636, contig: Eb_P2_NC_001895_1_Enterobacteria_phage_P2__complete_genome, protein: unknown, score1: 1.0, score2: 0.0
48	Gene No. 16, gene caller: phanotate, leftEnd: 10308, rightEnd: 10943, strand: +, length: 636, contig: Eb_P2_NC_001895_1_Enterobacteria_phage_P2__complete_genome, protein: unknown, score1: 1.0, score2: 0.0
49	Gene No. 17, gene caller: prodigal, leftEnd: 10308, rightEnd: 10943, strand: +, length: 636, contig: Eb_P2_NC_001895_1_Enterobacteria_phage_P2__complete_genome, protein: unknown, score1: 1.0, score2: 0.0
50	Gene No. 17, gene caller: glimmer, leftEnd: 10940, rightEnd: 11287, strand: +, length: 348, contig: Eb_P2_NC_001895_1_Enterobacteria_phage_P2__complete_genome, protein: unknown, score1: 1.0, score2: 0.0
51	Gene No. 17, gene caller: phanotate, leftEnd: 10940, rightEnd: 11287, strand: +, length: 348, contig: Eb_P2_NC_001895_1_Enterobacteria_phage_P2__complete_genome, protein: unknown, score1: 1.0, score2: 0.0
52	Gene No. 18, gene caller: prodigal, leftEnd: 10940, rightEnd: 11287, strand: +, length: 348, contig: Eb_P2_NC_001895_1_Enterobacteria_phage_P2__complete_genome, protein: unknown, score1: 1.0, score2: 0.0
53	Gene No. 18, gene caller: glimmer, leftEnd: 11292, rightEnd: 12200, strand: +, length: 909, contig: Eb_P2_NC_001895_1_Enterobacteria_phage_P2__complete_genome, protein: unknown, score1: 1.0, score2: 0.0
54	Gene No. 18, gene caller: phanotate, leftEnd: 11292, rightEnd: 12200, strand: +, length: 909, contig: Eb_P2_NC_001895_1_Enterobacteria_phage_P2__complete_genome, protein: unknown, score1: 1.0, score2: 0.0
55	Gene No. 19, gene caller: prodigal, leftEnd: 11292, rightEnd: 12200, strand: +, length: 909, contig: Eb_P2_NC_001895_1_Enterobacteria_phage_P2__complete_genome, protein: unknown, score1: 1.0, score2: 0.0
56	Gene No. 19, gene caller: glimmer, leftEnd: 12193, rightEnd: 12723, strand: +, length: 531, contig: Eb_P2_NC_001895_1_Enterobacteria_phage_P2__complete_genome, protein: unknown, score1: 1.0, score2: 0.0
57	Gene No. 19, gene caller: phanotate, leftEnd: 12193, rightEnd: 12723, strand: +, length: 531, contig: Eb_P2_NC_001895_1_Enterobacteria_phage_P2__complete_genome, protein: unknown, score1: 1.0, score2: 0.0
58	Gene No. 20, gene caller: prodigal, leftEnd: 12193, rightEnd: 12723, strand: +, length: 531, contig: Eb_P2_NC_001895_1_Enterobacteria_phage_P2__complete_genome, protein: unknown, score1: 1.0, score2: 0.0
59	Gene No. 20, gene caller: glimmer, leftEnd: 12734, rightEnd: 14743, strand: +, length: 2010, contig: Eb_P2_NC_001895_1_Enterobacteria_phage_P2__complete_genome, protein: unknown, score1: 1.0, score2: 0.0
60	Gene No. 20, gene caller: phanotate, leftEnd: 12734, rightEnd: 14743, strand: +, length: 2010, contig: Eb_P2_NC_001895_1_Enterobacteria_phage_P2__complete_genome, protein: unknown, score1: 1.0, score2: 0.0
61	Gene No. 21, gene caller: prodigal, leftEnd: 12734, rightEnd: 14743, strand: +, length: 2010, contig: Eb_P2_NC_001895_1_Enterobacteria_phage_P2__complete_genome, protein: unknown, score1: 1.0, score2: 0.0
62	Gene No. 21, gene caller: glimmer, leftEnd: 14747, rightEnd: 15274, strand: +, length: 528, contig: Eb_P2_NC_001895_1_Enterobacteria_phage_P2__complete_genome, protein: unknown, score1: 1.0, score2: 0.0
63	Gene No. 21, gene caller: phanotate, leftEnd: 14747, rightEnd: 15274, strand: +, length: 528, contig: Eb_P2_NC_001895_1_Enterobacteria_phage_P2__complete_genome, protein: unknown, score1: 1.0, score2: 0.0
64	Gene No. 22, gene caller: prodigal, leftEnd: 14747, rightEnd: 15274, strand: +, length: 528, contig: Eb_P2_NC_001895_1_Enterobacteria_phage_P2__complete_genome, protein: unknown, score1: 1.0, score2: 0.0
65	Gene No. 22, gene caller: phanotate, leftEnd: 15276, rightEnd: 15365, strand: +, length: 90, contig: Eb_P2_NC_001895_1_Enterobacteria_phage_P2__complete_genome, protein: unknown, score1: 1.0, score2: 0.0
66	Gene No. 23, gene caller: phanotate, leftEnd: 15455, rightEnd: 15559, strand: +, length: 105, contig: Eb_P2_NC_001895_1_Enterobacteria_phage_P2__complete_genome, protein: unknown, score1: 1.0, score2: 0.0
67	Gene No. 22, gene caller: glimmer, leftEnd: 15474, rightEnd: 15587, strand: -, length: 114, contig: Eb_P2_NC_001895_1_Enterobacteria_phage_P2__complete_genome, protein: unknown, score1: 1.0, score2: 0.0
68	Gene No. 23, gene caller: glimmer, leftEnd: 15675, rightEnd: 17261, strand: -, length: 1587, contig: Eb_P2_NC_001895_1_Enterobacteria_phage_P2__complete_genome, protein: unknown, score1: 1.0, score2: 0.0
69	Gene No. 24, gene caller: phanotate, leftEnd: 15675, rightEnd: 17261, strand: -, length: 1587, contig: Eb_P2_NC_001895_1_Enterobacteria_phage_P2__complete_genome, protein: unknown, score1: 1.0, score2: 0.0
70	Gene No. 23, gene caller: prodigal, leftEnd: 15675, rightEnd: 17261, strand: -, length: 1587, contig: Eb_P2_NC_001895_1_Enterobacteria_phage_P2__complete_genome, protein: unknown, score1: 1.0, score2: 0.0
71	Gene No. 25, gene caller: phanotate, leftEnd: 17269, rightEnd: 17430, strand: -, length: 162, contig: Eb_P2_NC_001895_1_Enterobacteria_phage_P2__complete_genome, protein: unknown, score1: 1.0, score2: 0.0
72	Gene No. 26, gene caller: phanotate, leftEnd: 17402, rightEnd: 17632, strand: -, length: 231, contig: Eb_P2_NC_001895_1_Enterobacteria_phage_P2__complete_genome, protein: unknown, score1: 1.0, score2: 0.0
73	Gene No. 24, gene caller: glimmer, leftEnd: 17652, rightEnd: 18842, strand: +, length: 1191, contig: Eb_P2_NC_001895_1_Enterobacteria_phage_P2__complete_genome, protein: unknown, score1: 1.0, score2: 0.0
74	Gene No. 27, gene caller: phanotate, leftEnd: 17652, rightEnd: 18842, strand: +, length: 1191, contig: Eb_P2_NC_001895_1_Enterobacteria_phage_P2__complete_genome, protein: unknown, score1: 1.0, score2: 0.0
75	Gene No. 24, gene caller: prodigal, leftEnd: 17652, rightEnd: 18842, strand: +, length: 1191, contig: Eb_P2_NC_001895_1_Enterobacteria_phage_P2__complete_genome, protein: unknown, score1: 1.0, score2: 0.0
76	Gene No. 25, gene caller: glimmer, leftEnd: 18855, rightEnd: 19373, strand: +, length: 519, contig: Eb_P2_NC_001895_1_Enterobacteria_phage_P2__complete_genome, protein: unknown, score1: 1.0, score2: 0.0
77	Gene No. 25, gene caller: prodigal, leftEnd: 18855, rightEnd: 19373, strand: +, length: 519, contig: Eb_P2_NC_001895_1_Enterobacteria_phage_P2__complete_genome, protein: unknown, score1: 1.0, score2: 0.0
78	Gene No. 28, gene caller: phanotate, leftEnd: 18861, rightEnd: 19373, strand: +, length: 513, contig: Eb_P2_NC_001895_1_Enterobacteria_phage_P2__complete_genome, protein: unknown, score1: 1.0, score2: 0.0
79	Gene No. 26, gene caller: glimmer, leftEnd: 19430, rightEnd: 19705, strand: +, length: 276, contig: Eb_P2_NC_001895_1_Enterobacteria_phage_P2__complete_genome, protein: unknown, score1: 1.0, score2: 0.0
80	Gene No. 29, gene caller: phanotate, leftEnd: 19430, rightEnd: 19705, strand: +, length: 276, contig: Eb_P2_NC_001895_1_Enterobacteria_phage_P2__complete_genome, protein: unknown, score1: 1.0, score2: 0.0
81	Gene No. 26, gene caller: prodigal, leftEnd: 19430, rightEnd: 19705, strand: +, length: 276, contig: Eb_P2_NC_001895_1_Enterobacteria_phage_P2__complete_genome, protein: unknown, score1: 1.0, score2: 0.0
82	Gene No. 27, gene caller: glimmer, leftEnd: 19702, rightEnd: 19857, strand: +, length: 156, contig: Eb_P2_NC_001895_1_Enterobacteria_phage_P2__complete_genome, protein: unknown, score1: 1.0, score2: 0.0
83	Gene No. 30, gene caller: phanotate, leftEnd: 19738, rightEnd: 19857, strand: +, length: 120, contig: Eb_P2_NC_001895_1_Enterobacteria_phage_P2__complete_genome, protein: unknown, score1: 1.0, score2: 0.0
84	Gene No. 28, gene caller: glimmer, leftEnd: 19850, rightEnd: 22297, strand: +, length: 2448, contig: Eb_P2_NC_001895_1_Enterobacteria_phage_P2__complete_genome, protein: unknown, score1: 1.0, score2: 0.0
85	Gene No. 31, gene caller: phanotate, leftEnd: 19850, rightEnd: 22297, strand: +, length: 2448, contig: Eb_P2_NC_001895_1_Enterobacteria_phage_P2__complete_genome, protein: unknown, score1: 1.0, score2: 0.0
86	Gene No. 27, gene caller: prodigal, leftEnd: 19850, rightEnd: 22297, strand: +, length: 2448, contig: Eb_P2_NC_001895_1_Enterobacteria_phage_P2__complete_genome, protein: unknown, score1: 1.0, score2: 0.0
87	Gene No. 29, gene caller: glimmer, leftEnd: 22312, rightEnd: 22791, strand: +, length: 480, contig: Eb_P2_NC_001895_1_Enterobacteria_phage_P2__complete_genome, protein: unknown, score1: 1.0, score2: 0.0
88	Gene No. 32, gene caller: phanotate, leftEnd: 22312, rightEnd: 22791, strand: +, length: 480, contig: Eb_P2_NC_001895_1_Enterobacteria_phage_P2__complete_genome, protein: unknown, score1: 1.0, score2: 0.0
89	Gene No. 28, gene caller: prodigal, leftEnd: 22312, rightEnd: 22791, strand: +, length: 480, contig: Eb_P2_NC_001895_1_Enterobacteria_phage_P2__complete_genome, protein: unknown, score1: 1.0, score2: 0.0
90	Gene No. 30, gene caller: glimmer, leftEnd: 22791, rightEnd: 23954, strand: +, length: 1164, contig: Eb_P2_NC_001895_1_Enterobacteria_phage_P2__complete_genome, protein: unknown, score1: 1.0, score2: 0.0
91	Gene No. 33, gene caller: phanotate, leftEnd: 22791, rightEnd: 23954, strand: +, length: 1164, contig: Eb_P2_NC_001895_1_Enterobacteria_phage_P2__complete_genome, protein: unknown, score1: 1.0, score2: 0.0
92	Gene No. 29, gene caller: prodigal, leftEnd: 22791, rightEnd: 23954, strand: +, length: 1164, contig: Eb_P2_NC_001895_1_Enterobacteria_phage_P2__complete_genome, protein: unknown, score1: 1.0, score2: 0.0
93	Gene No. 34, gene caller: phanotate, leftEnd: 24000, rightEnd: 24254, strand: +, length: 255, contig: Eb_P2_NC_001895_1_Enterobacteria_phage_P2__complete_genome, protein: unknown, score1: 1.0, score2: 0.0
94	Gene No. 30, gene caller: prodigal, leftEnd: 24036, rightEnd: 24254, strand: +, length: 219, contig: Eb_P2_NC_001895_1_Enterobacteria_phage_P2__complete_genome, protein: unknown, score1: 1.0, score2: 0.0
95	Gene No. 35, gene caller: phanotate, leftEnd: 24335, rightEnd: 24445, strand: -, length: 111, contig: Eb_P2_NC_001895_1_Enterobacteria_phage_P2__complete_genome, protein: unknown, score1: 1.0, score2: 0.0
96	Gene No. 31, gene caller: glimmer, leftEnd: 24462, rightEnd: 25475, strand: -, length: 1014, contig: Eb_P2_NC_001895_1_Enterobacteria_phage_P2__complete_genome, protein: unknown, score1: 1.0, score2: 0.0
97	Gene No. 36, gene caller: phanotate, leftEnd: 24462, rightEnd: 25475, strand: -, length: 1014, contig: Eb_P2_NC_001895_1_Enterobacteria_phage_P2__complete_genome, protein: unknown, score1: 1.0, score2: 0.0
98	Gene No. 31, gene caller: prodigal, leftEnd: 24462, rightEnd: 25475, strand: -, length: 1014, contig: Eb_P2_NC_001895_1_Enterobacteria_phage_P2__complete_genome, protein: unknown, score1: 1.0, score2: 0.0
99	Gene No. 37, gene caller: phanotate, leftEnd: 25591, rightEnd: 25890, strand: -, length: 300, contig: Eb_P2_NC_001895_1_Enterobacteria_phage_P2__complete_genome, protein: unknown, score1: 1.0, score2: 0.0
100	Gene No. 32, gene caller: prodigal, leftEnd: 25591, rightEnd: 25890, strand: -, length: 300, contig: Eb_P2_NC_001895_1_Enterobacteria_phage_P2__complete_genome, protein: unknown, score1: 1.0, score2: 0.0
101	Gene No. 38, gene caller: phanotate, leftEnd: 26005, rightEnd: 26280, strand: +, length: 276, contig: Eb_P2_NC_001895_1_Enterobacteria_phage_P2__complete_genome, protein: unknown, score1: 1.0, score2: 0.0
102	Gene No. 33, gene caller: prodigal, leftEnd: 26005, rightEnd: 26280, strand: +, length: 276, contig: Eb_P2_NC_001895_1_Enterobacteria_phage_P2__complete_genome, protein: unknown, score1: 1.0, score2: 0.0
103	Gene No. 32, gene caller: glimmer, leftEnd: 26095, rightEnd: 26280, strand: +, length: 186, contig: Eb_P2_NC_001895_1_Enterobacteria_phage_P2__complete_genome, protein: unknown, score1: 1.0, score2: 0.0
104	Gene No. 33, gene caller: glimmer, leftEnd: 26291, rightEnd: 26461, strand: +, length: 171, contig: Eb_P2_NC_001895_1_Enterobacteria_phage_P2__complete_genome, protein: unknown, score1: 1.0, score2: 0.0
105	Gene No. 39, gene caller: phanotate, leftEnd: 26291, rightEnd: 26461, strand: +, length: 171, contig: Eb_P2_NC_001895_1_Enterobacteria_phage_P2__complete_genome, protein: unknown, score1: 1.0, score2: 0.0
106	Gene No. 34, gene caller: prodigal, leftEnd: 26291, rightEnd: 26461, strand: +, length: 171, contig: Eb_P2_NC_001895_1_Enterobacteria_phage_P2__complete_genome, protein: unknown, score1: 1.0, score2: 0.0
107	Gene No. 34, gene caller: glimmer, leftEnd: 26452, rightEnd: 26958, strand: +, length: 507, contig: Eb_P2_NC_001895_1_Enterobacteria_phage_P2__complete_genome, protein: unknown, score1: 1.0, score2: 0.0
108	Gene No. 40, gene caller: phanotate, leftEnd: 26452, rightEnd: 26958, strand: +, length: 507, contig: Eb_P2_NC_001895_1_Enterobacteria_phage_P2__complete_genome, protein: unknown, score1: 1.0, score2: 0.0
109	Gene No. 35, gene caller: prodigal, leftEnd: 26458, rightEnd: 26958, strand: +, length: 501, contig: Eb_P2_NC_001895_1_Enterobacteria_phage_P2__complete_genome, protein: unknown, score1: 1.0, score2: 0.0
110	Gene No. 35, gene caller: glimmer, leftEnd: 27022, rightEnd: 27246, strand: +, length: 225, contig: Eb_P2_NC_001895_1_Enterobacteria_phage_P2__complete_genome, protein: unknown, score1: 1.0, score2: 0.0
111	Gene No. 41, gene caller: phanotate, leftEnd: 27022, rightEnd: 27246, strand: +, length: 225, contig: Eb_P2_NC_001895_1_Enterobacteria_phage_P2__complete_genome, protein: unknown, score1: 1.0, score2: 0.0
112	Gene No. 36, gene caller: prodigal, leftEnd: 27022, rightEnd: 27246, strand: +, length: 225, contig: Eb_P2_NC_001895_1_Enterobacteria_phage_P2__complete_genome, protein: unknown, score1: 1.0, score2: 0.0
113	Gene No. 36, gene caller: glimmer, leftEnd: 27246, rightEnd: 27548, strand: +, length: 303, contig: Eb_P2_NC_001895_1_Enterobacteria_phage_P2__complete_genome, protein: unknown, score1: 1.0, score2: 0.0
114	Gene No. 42, gene caller: phanotate, leftEnd: 27246, rightEnd: 27548, strand: +, length: 303, contig: Eb_P2_NC_001895_1_Enterobacteria_phage_P2__complete_genome, protein: unknown, score1: 1.0, score2: 0.0
115	Gene No. 37, gene caller: prodigal, leftEnd: 27246, rightEnd: 27548, strand: +, length: 303, contig: Eb_P2_NC_001895_1_Enterobacteria_phage_P2__complete_genome, protein: unknown, score1: 1.0, score2: 0.0
116	Gene No. 37, gene caller: glimmer, leftEnd: 27548, rightEnd: 27772, strand: +, length: 225, contig: Eb_P2_NC_001895_1_Enterobacteria_phage_P2__complete_genome, protein: unknown, score1: 1.0, score2: 0.0
117	Gene No. 43, gene caller: phanotate, leftEnd: 27548, rightEnd: 27772, strand: +, length: 225, contig: Eb_P2_NC_001895_1_Enterobacteria_phage_P2__complete_genome, protein: unknown, score1: 1.0, score2: 0.0
118	Gene No. 38, gene caller: prodigal, leftEnd: 27548, rightEnd: 27772, strand: +, length: 225, contig: Eb_P2_NC_001895_1_Enterobacteria_phage_P2__complete_genome, protein: unknown, score1: 1.0, score2: 0.0
119	Gene No. 38, gene caller: glimmer, leftEnd: 27769, rightEnd: 28044, strand: +, length: 276, contig: Eb_P2_NC_001895_1_Enterobacteria_phage_P2__complete_genome, protein: unknown, score1: 1.0, score2: 0.0
120	Gene No. 44, gene caller: phanotate, leftEnd: 27769, rightEnd: 28044, strand: +, length: 276, contig: Eb_P2_NC_001895_1_Enterobacteria_phage_P2__complete_genome, protein: unknown, score1: 1.0, score2: 0.0
121	Gene No. 39, gene caller: prodigal, leftEnd: 27769, rightEnd: 28044, strand: +, length: 276, contig: Eb_P2_NC_001895_1_Enterobacteria_phage_P2__complete_genome, protein: unknown, score1: 1.0, score2: 0.0
122	Gene No. 39, gene caller: glimmer, leftEnd: 28034, rightEnd: 30319, strand: +, length: 2286, contig: Eb_P2_NC_001895_1_Enterobacteria_phage_P2__complete_genome, protein: unknown, score1: 1.0, score2: 0.0
123	Gene No. 45, gene caller: phanotate, leftEnd: 28034, rightEnd: 30319, strand: +, length: 2286, contig: Eb_P2_NC_001895_1_Enterobacteria_phage_P2__complete_genome, protein: unknown, score1: 1.0, score2: 0.0
124	Gene No. 40, gene caller: prodigal, leftEnd: 28034, rightEnd: 30319, strand: +, length: 2286, contig: Eb_P2_NC_001895_1_Enterobacteria_phage_P2__complete_genome, protein: unknown, score1: 1.0, score2: 0.0
125	Gene No. 40, gene caller: glimmer, leftEnd: 30316, rightEnd: 30645, strand: +, length: 330, contig: Eb_P2_NC_001895_1_Enterobacteria_phage_P2__complete_genome, protein: unknown, score1: 1.0, score2: 0.0
126	Gene No. 46, gene caller: phanotate, leftEnd: 30316, rightEnd: 30645, strand: +, length: 330, contig: Eb_P2_NC_001895_1_Enterobacteria_phage_P2__complete_genome, protein: unknown, score1: 1.0, score2: 0.0
127	Gene No. 41, gene caller: prodigal, leftEnd: 30316, rightEnd: 30645, strand: +, length: 330, contig: Eb_P2_NC_001895_1_Enterobacteria_phage_P2__complete_genome, protein: unknown, score1: 1.0, score2: 0.0
128	Gene No. 41, gene caller: glimmer, leftEnd: 30684, rightEnd: 31445, strand: -, length: 762, contig: Eb_P2_NC_001895_1_Enterobacteria_phage_P2__complete_genome, protein: unknown, score1: 1.0, score2: 0.0
129	Gene No. 47, gene caller: phanotate, leftEnd: 30684, rightEnd: 31445, strand: -, length: 762, contig: Eb_P2_NC_001895_1_Enterobacteria_phage_P2__complete_genome, protein: unknown, score1: 1.0, score2: 0.0
130	Gene No. 42, gene caller: prodigal, leftEnd: 30684, rightEnd: 31445, strand: -, length: 762, contig: Eb_P2_NC_001895_1_Enterobacteria_phage_P2__complete_genome, protein: unknown, score1: 1.0, score2: 0.0
131	Gene No. 42, gene caller: glimmer, leftEnd: 31620, rightEnd: 33314, strand: -, length: 1695, contig: Eb_P2_NC_001895_1_Enterobacteria_phage_P2__complete_genome, protein: unknown, score1: 1.0, score2: 0.0
132	Gene No. 48, gene caller: phanotate, leftEnd: 31620, rightEnd: 33380, strand: -, length: 1761, contig: Eb_P2_NC_001895_1_Enterobacteria_phage_P2__complete_genome, protein: unknown, score1: 1.0, score2: 0.0
133	Gene No. 43, gene caller: prodigal, leftEnd: 31620, rightEnd: 33380, strand: -, length: 1761, contig: Eb_P2_NC_001895_1_Enterobacteria_phage_P2__complete_genome, protein: unknown, score1: 1.0, score2: 0.0
134	Gene No. 49, gene caller: phanotate, leftEnd: 33380, rightEnd: 33592, strand: -, length: 213, contig: Eb_P2_NC_001895_1_Enterobacteria_phage_P2__complete_genome, protein: unknown, score1: 1.0, score2: 0.0
Comparing across geneCall sets....
Scoring gene calls....
Identifying common core...
This is the Common Core List:

***************Common Core
CC-gene 1	Gene No. 1, gene caller: All_callers, leftEnd: 187, rightEnd: 1221, strand: -, length: 1035, contig: Eb_P2_NC_001895_1_Enterobacteria_phage_P2__complete_genome, protein: unknown, score1: 1.0, score2: 0.0
CC-gene 2	Gene No. 1, gene caller: All_callers, leftEnd: 4080, rightEnd: 5153, strand: +, length: 1074, contig: Eb_P2_NC_001895_1_Enterobacteria_phage_P2__complete_genome, protein: unknown, score1: 1.0, score2: 0.0
CC-gene 3	Gene No. 1, gene caller: All_callers, leftEnd: 5157, rightEnd: 5900, strand: +, length: 744, contig: Eb_P2_NC_001895_1_Enterobacteria_phage_P2__complete_genome, protein: unknown, score1: 1.0, score2: 0.0
CC-gene 4	Gene No. 1, gene caller: All_callers, leftEnd: 6509, rightEnd: 6712, strand: +, length: 204, contig: Eb_P2_NC_001895_1_Enterobacteria_phage_P2__complete_genome, protein: unknown, score1: 1.0, score2: 0.0
CC-gene 5	Gene No. 1, gene caller: All_callers, leftEnd: 6716, rightEnd: 6997, strand: +, length: 282, contig: Eb_P2_NC_001895_1_Enterobacteria_phage_P2__complete_genome, protein: unknown, score1: 1.0, score2: 0.0
CC-gene 6	Gene No. 1, gene caller: All_callers, leftEnd: 6997, rightEnd: 7494, strand: +, length: 498, contig: Eb_P2_NC_001895_1_Enterobacteria_phage_P2__complete_genome, protein: unknown, score1: 1.0, score2: 0.0
CC-gene 7	Gene No. 1, gene caller: All_callers, leftEnd: 7509, rightEnd: 7934, strand: +, length: 426, contig: Eb_P2_NC_001895_1_Enterobacteria_phage_P2__complete_genome, protein: unknown, score1: 1.0, score2: 0.0
CC-gene 8	Gene No. 1, gene caller: All_callers, leftEnd: 7922, rightEnd: 8347, strand: +, length: 426, contig: Eb_P2_NC_001895_1_Enterobacteria_phage_P2__complete_genome, protein: unknown, score1: 1.0, score2: 0.0
CC-gene 9	Gene No. 1, gene caller: All_callers, leftEnd: 8334, rightEnd: 8492, strand: +, length: 159, contig: Eb_P2_NC_001895_1_Enterobacteria_phage_P2__complete_genome, protein: unknown, score1: 1.0, score2: 0.0
CC-gene 10	Gene No. 1, gene caller: All_callers, leftEnd: 8455, rightEnd: 8922, strand: +, length: 468, contig: Eb_P2_NC_001895_1_Enterobacteria_phage_P2__complete_genome, protein: unknown, score1: 1.0, score2: 0.0
CC-gene 11	Gene No. 1, gene caller: All_callers, leftEnd: 8915, rightEnd: 9367, strand: +, length: 453, contig: Eb_P2_NC_001895_1_Enterobacteria_phage_P2__complete_genome, protein: unknown, score1: 1.0, score2: 0.0
CC-gene 12	Gene No. 1, gene caller: All_callers, leftEnd: 10308, rightEnd: 10943, strand: +, length: 636, contig: Eb_P2_NC_001895_1_Enterobacteria_phage_P2__complete_genome, protein: unknown, score1: 1.0, score2: 0.0
CC-gene 13	Gene No. 1, gene caller: All_callers, leftEnd: 10940, rightEnd: 11287, strand: +, length: 348, contig: Eb_P2_NC_001895_1_Enterobacteria_phage_P2__complete_genome, protein: unknown, score1: 1.0, score2: 0.0
CC-gene 14	Gene No. 1, gene caller: All_callers, leftEnd: 11292, rightEnd: 12200, strand: +, length: 909, contig: Eb_P2_NC_001895_1_Enterobacteria_phage_P2__complete_genome, protein: unknown, score1: 1.0, score2: 0.0
CC-gene 15	Gene No. 1, gene caller: All_callers, leftEnd: 12193, rightEnd: 12723, strand: +, length: 531, contig: Eb_P2_NC_001895_1_Enterobacteria_phage_P2__complete_genome, protein: unknown, score1: 1.0, score2: 0.0
CC-gene 16	Gene No. 1, gene caller: All_callers, leftEnd: 12734, rightEnd: 14743, strand: +, length: 2010, contig: Eb_P2_NC_001895_1_Enterobacteria_phage_P2__complete_genome, protein: unknown, score1: 1.0, score2: 0.0
CC-gene 17	Gene No. 1, gene caller: All_callers, leftEnd: 14747, rightEnd: 15274, strand: +, length: 528, contig: Eb_P2_NC_001895_1_Enterobacteria_phage_P2__complete_genome, protein: unknown, score1: 1.0, score2: 0.0
CC-gene 18	Gene No. 1, gene caller: All_callers, leftEnd: 15675, rightEnd: 17261, strand: -, length: 1587, contig: Eb_P2_NC_001895_1_Enterobacteria_phage_P2__complete_genome, protein: unknown, score1: 1.0, score2: 0.0
CC-gene 19	Gene No. 1, gene caller: All_callers, leftEnd: 17652, rightEnd: 18842, strand: +, length: 1191, contig: Eb_P2_NC_001895_1_Enterobacteria_phage_P2__complete_genome, protein: unknown, score1: 1.0, score2: 0.0
CC-gene 20	Gene No. 1, gene caller: All_callers, leftEnd: 19430, rightEnd: 19705, strand: +, length: 276, contig: Eb_P2_NC_001895_1_Enterobacteria_phage_P2__complete_genome, protein: unknown, score1: 1.0, score2: 0.0
CC-gene 21	Gene No. 1, gene caller: All_callers, leftEnd: 19850, rightEnd: 22297, strand: +, length: 2448, contig: Eb_P2_NC_001895_1_Enterobacteria_phage_P2__complete_genome, protein: unknown, score1: 1.0, score2: 0.0
CC-gene 22	Gene No. 1, gene caller: All_callers, leftEnd: 22312, rightEnd: 22791, strand: +, length: 480, contig: Eb_P2_NC_001895_1_Enterobacteria_phage_P2__complete_genome, protein: unknown, score1: 1.0, score2: 0.0
CC-gene 23	Gene No. 1, gene caller: All_callers, leftEnd: 22791, rightEnd: 23954, strand: +, length: 1164, contig: Eb_P2_NC_001895_1_Enterobacteria_phage_P2__complete_genome, protein: unknown, score1: 1.0, score2: 0.0
CC-gene 24	Gene No. 1, gene caller: All_callers, leftEnd: 24462, rightEnd: 25475, strand: -, length: 1014, contig: Eb_P2_NC_001895_1_Enterobacteria_phage_P2__complete_genome, protein: unknown, score1: 1.0, score2: 0.0
CC-gene 25	Gene No. 1, gene caller: All_callers, leftEnd: 26291, rightEnd: 26461, strand: +, length: 171, contig: Eb_P2_NC_001895_1_Enterobacteria_phage_P2__complete_genome, protein: unknown, score1: 1.0, score2: 0.0
CC-gene 26	Gene No. 1, gene caller: All_callers, leftEnd: 27022, rightEnd: 27246, strand: +, length: 225, contig: Eb_P2_NC_001895_1_Enterobacteria_phage_P2__complete_genome, protein: unknown, score1: 1.0, score2: 0.0
CC-gene 27	Gene No. 1, gene caller: All_callers, leftEnd: 27246, rightEnd: 27548, strand: +, length: 303, contig: Eb_P2_NC_001895_1_Enterobacteria_phage_P2__complete_genome, protein: unknown, score1: 1.0, score2: 0.0
CC-gene 28	Gene No. 1, gene caller: All_callers, leftEnd: 27548, rightEnd: 27772, strand: +, length: 225, contig: Eb_P2_NC_001895_1_Enterobacteria_phage_P2__complete_genome, protein: unknown, score1: 1.0, score2: 0.0
CC-gene 29	Gene No. 1, gene caller: All_callers, leftEnd: 27769, rightEnd: 28044, strand: +, length: 276, contig: Eb_P2_NC_001895_1_Enterobacteria_phage_P2__complete_genome, protein: unknown, score1: 1.0, score2: 0.0
CC-gene 30	Gene No. 1, gene caller: All_callers, leftEnd: 28034, rightEnd: 30319, strand: +, length: 2286, contig: Eb_P2_NC_001895_1_Enterobacteria_phage_P2__complete_genome, protein: unknown, score1: 1.0, score2: 0.0
CC-gene 31	Gene No. 1, gene caller: All_callers, leftEnd: 30316, rightEnd: 30645, strand: +, length: 330, contig: Eb_P2_NC_001895_1_Enterobacteria_phage_P2__complete_genome, protein: unknown, score1: 1.0, score2: 0.0
CC-gene 32	Gene No. 1, gene caller: All_callers, leftEnd: 30684, rightEnd: 31445, strand: -, length: 762, contig: Eb_P2_NC_001895_1_Enterobacteria_phage_P2__complete_genome, protein: unknown, score1: 1.0, score2: 0.0
Printing gene-call superset, consensus, and common_core in GFF and CGC formats
Printing report....
The following gene callers were considered: glimmer, phanotate, prodigal, The number of distinct gene calls over all gene callers is 61
The number of gene calls in common among all callers is 32
The number of unique (non-matching) gene calls is20
Caller glimmer produced 42 gene calls.
Caller glimmer gene-call length stats:  min: 114, max: 2448, ave: 729.2142857142857
Caller phanotate produced 49 gene calls.
Caller phanotate gene-call length stats:  min: 90, max: 2448, ave: 655.1632653061224
Caller prodigal produced 43 gene calls.
Caller prodigal gene-call length stats:  min: 141, max: 2448, ave: 723.4883720930233

Gene-call Scores:
Caller	Contig	Gene No.	Left End	Right End	Strand	gcScore
prodigal	Eb_P2_NC_001895_1_Enterobacteria_phage_P2__complete_genome	1	1	141	+	0.33
glimmer	Eb_P2_NC_001895_1_Enterobacteria_phage_P2__complete_genome	1	187	1221	-	1.00
phanotate	Eb_P2_NC_001895_1_Enterobacteria_phage_P2__complete_genome	1	187	1221	-	1.00
prodigal	Eb_P2_NC_001895_1_Enterobacteria_phage_P2__complete_genome	2	187	1221	-	1.00
phanotate	Eb_P2_NC_001895_1_Enterobacteria_phage_P2__complete_genome	2	1221	2993	-	0.83
prodigal	Eb_P2_NC_001895_1_Enterobacteria_phage_P2__complete_genome	3	1221	2993	-	0.83
glimmer	Eb_P2_NC_001895_1_Enterobacteria_phage_P2__complete_genome	2	1221	3023	-	0.50
glimmer	Eb_P2_NC_001895_1_Enterobacteria_phage_P2__complete_genome	3	3101	4021	+	0.83
phanotate	Eb_P2_NC_001895_1_Enterobacteria_phage_P2__complete_genome	3	3101	4021	+	0.83
prodigal	Eb_P2_NC_001895_1_Enterobacteria_phage_P2__complete_genome	4	3167	4021	+	0.50
glimmer	Eb_P2_NC_001895_1_Enterobacteria_phage_P2__complete_genome	4	4080	5153	+	1.00
phanotate	Eb_P2_NC_001895_1_Enterobacteria_phage_P2__complete_genome	4	4080	5153	+	1.00
prodigal	Eb_P2_NC_001895_1_Enterobacteria_phage_P2__complete_genome	5	4080	5153	+	1.00
glimmer	Eb_P2_NC_001895_1_Enterobacteria_phage_P2__complete_genome	5	5157	5900	+	1.00
phanotate	Eb_P2_NC_001895_1_Enterobacteria_phage_P2__complete_genome	5	5157	5900	+	1.00
prodigal	Eb_P2_NC_001895_1_Enterobacteria_phage_P2__complete_genome	6	5157	5900	+	1.00
glimmer	Eb_P2_NC_001895_1_Enterobacteria_phage_P2__complete_genome	6	5940	6509	+	0.50
phanotate	Eb_P2_NC_001895_1_Enterobacteria_phage_P2__complete_genome	6	6000	6509	+	0.83
prodigal	Eb_P2_NC_001895_1_Enterobacteria_phage_P2__complete_genome	7	6000	6509	+	0.83
glimmer	Eb_P2_NC_001895_1_Enterobacteria_phage_P2__complete_genome	7	6509	6712	+	1.00
phanotate	Eb_P2_NC_001895_1_Enterobacteria_phage_P2__complete_genome	7	6509	6712	+	1.00
prodigal	Eb_P2_NC_001895_1_Enterobacteria_phage_P2__complete_genome	8	6509	6712	+	1.00
glimmer	Eb_P2_NC_001895_1_Enterobacteria_phage_P2__complete_genome	8	6716	6997	+	1.00
phanotate	Eb_P2_NC_001895_1_Enterobacteria_phage_P2__complete_genome	8	6716	6997	+	1.00
prodigal	Eb_P2_NC_001895_1_Enterobacteria_phage_P2__complete_genome	9	6716	6997	+	1.00
glimmer	Eb_P2_NC_001895_1_Enterobacteria_phage_P2__complete_genome	9	6997	7494	+	1.00
phanotate	Eb_P2_NC_001895_1_Enterobacteria_phage_P2__complete_genome	9	6997	7494	+	1.00
prodigal	Eb_P2_NC_001895_1_Enterobacteria_phage_P2__complete_genome	10	6997	7494	+	1.00
glimmer	Eb_P2_NC_001895_1_Enterobacteria_phage_P2__complete_genome	10	7509	7934	+	1.00
phanotate	Eb_P2_NC_001895_1_Enterobacteria_phage_P2__complete_genome	10	7509	7934	+	1.00
prodigal	Eb_P2_NC_001895_1_Enterobacteria_phage_P2__complete_genome	11	7509	7934	+	1.00
glimmer	Eb_P2_NC_001895_1_Enterobacteria_phage_P2__complete_genome	11	7922	8347	+	1.00
phanotate	Eb_P2_NC_001895_1_Enterobacteria_phage_P2__complete_genome	11	7922	8347	+	1.00
prodigal	Eb_P2_NC_001895_1_Enterobacteria_phage_P2__complete_genome	12	7922	8347	+	1.00
glimmer	Eb_P2_NC_001895_1_Enterobacteria_phage_P2__complete_genome	12	8334	8492	+	1.00
phanotate	Eb_P2_NC_001895_1_Enterobacteria_phage_P2__complete_genome	12	8334	8492	+	1.00
prodigal	Eb_P2_NC_001895_1_Enterobacteria_phage_P2__complete_genome	13	8334	8492	+	1.00
glimmer	Eb_P2_NC_001895_1_Enterobacteria_phage_P2__complete_genome	13	8455	8922	+	1.00
phanotate	Eb_P2_NC_001895_1_Enterobacteria_phage_P2__complete_genome	13	8455	8922	+	1.00
prodigal	Eb_P2_NC_001895_1_Enterobacteria_phage_P2__complete_genome	14	8455	8922	+	1.00
glimmer	Eb_P2_NC_001895_1_Enterobacteria_phage_P2__complete_genome	14	8915	9367	+	1.00
phanotate	Eb_P2_NC_001895_1_Enterobacteria_phage_P2__complete_genome	14	8915	9367	+	1.00
prodigal	Eb_P2_NC_001895_1_Enterobacteria_phage_P2__complete_genome	15	8915	9367	+	1.00
glimmer	Eb_P2_NC_001895_1_Enterobacteria_phage_P2__complete_genome	15	9439	10125	-	0.50
phanotate	Eb_P2_NC_001895_1_Enterobacteria_phage_P2__complete_genome	15	9439	10224	-	0.83
prodigal	Eb_P2_NC_001895_1_Enterobacteria_phage_P2__complete_genome	16	9439	10224	-	0.83
glimmer	Eb_P2_NC_001895_1_Enterobacteria_phage_P2__complete_genome	16	10308	10943	+	1.00
phanotate	Eb_P2_NC_001895_1_Enterobacteria_phage_P2__complete_genome	16	10308	10943	+	1.00
prodigal	Eb_P2_NC_001895_1_Enterobacteria_phage_P2__complete_genome	17	10308	10943	+	1.00
glimmer	Eb_P2_NC_001895_1_Enterobacteria_phage_P2__complete_genome	17	10940	11287	+	1.00
phanotate	Eb_P2_NC_001895_1_Enterobacteria_phage_P2__complete_genome	17	10940	11287	+	1.00
prodigal	Eb_P2_NC_001895_1_Enterobacteria_phage_P2__complete_genome	18	10940	11287	+	1.00
glimmer	Eb_P2_NC_001895_1_Enterobacteria_phage_P2__complete_genome	18	11292	12200	+	1.00
phanotate	Eb_P2_NC_001895_1_Enterobacteria_phage_P2__complete_genome	18	11292	12200	+	1.00
prodigal	Eb_P2_NC_001895_1_Enterobacteria_phage_P2__complete_genome	19	11292	12200	+	1.00
glimmer	Eb_P2_NC_001895_1_Enterobacteria_phage_P2__complete_genome	19	12193	12723	+	1.00
phanotate	Eb_P2_NC_001895_1_Enterobacteria_phage_P2__complete_genome	19	12193	12723	+	1.00
prodigal	Eb_P2_NC_001895_1_Enterobacteria_phage_P2__complete_genome	20	12193	12723	+	1.00
glimmer	Eb_P2_NC_001895_1_Enterobacteria_phage_P2__complete_genome	20	12734	14743	+	1.00
phanotate	Eb_P2_NC_001895_1_Enterobacteria_phage_P2__complete_genome	20	12734	14743	+	1.00
prodigal	Eb_P2_NC_001895_1_Enterobacteria_phage_P2__complete_genome	21	12734	14743	+	1.00
glimmer	Eb_P2_NC_001895_1_Enterobacteria_phage_P2__complete_genome	21	14747	15274	+	1.00
phanotate	Eb_P2_NC_001895_1_Enterobacteria_phage_P2__complete_genome	21	14747	15274	+	1.00
prodigal	Eb_P2_NC_001895_1_Enterobacteria_phage_P2__complete_genome	22	14747	15274	+	1.00
phanotate	Eb_P2_NC_001895_1_Enterobacteria_phage_P2__complete_genome	22	15276	15365	+	0.33
phanotate	Eb_P2_NC_001895_1_Enterobacteria_phage_P2__complete_genome	23	15455	15559	+	0.33
glimmer	Eb_P2_NC_001895_1_Enterobacteria_phage_P2__complete_genome	22	15474	15587	-	0.33
glimmer	Eb_P2_NC_001895_1_Enterobacteria_phage_P2__complete_genome	23	15675	17261	-	1.00
phanotate	Eb_P2_NC_001895_1_Enterobacteria_phage_P2__complete_genome	24	15675	17261	-	1.00
prodigal	Eb_P2_NC_001895_1_Enterobacteria_phage_P2__complete_genome	23	15675	17261	-	1.00
phanotate	Eb_P2_NC_001895_1_Enterobacteria_phage_P2__complete_genome	25	17269	17430	-	0.33
phanotate	Eb_P2_NC_001895_1_Enterobacteria_phage_P2__complete_genome	26	17402	17632	-	0.33
glimmer	Eb_P2_NC_001895_1_Enterobacteria_phage_P2__complete_genome	24	17652	18842	+	1.00
phanotate	Eb_P2_NC_001895_1_Enterobacteria_phage_P2__complete_genome	27	17652	18842	+	1.00
prodigal	Eb_P2_NC_001895_1_Enterobacteria_phage_P2__complete_genome	24	17652	18842	+	1.00
glimmer	Eb_P2_NC_001895_1_Enterobacteria_phage_P2__complete_genome	25	18855	19373	+	0.83
prodigal	Eb_P2_NC_001895_1_Enterobacteria_phage_P2__complete_genome	25	18855	19373	+	0.83
phanotate	Eb_P2_NC_001895_1_Enterobacteria_phage_P2__complete_genome	28	18861	19373	+	0.50
glimmer	Eb_P2_NC_001895_1_Enterobacteria_phage_P2__complete_genome	26	19430	19705	+	1.00
phanotate	Eb_P2_NC_001895_1_Enterobacteria_phage_P2__complete_genome	29	19430	19705	+	1.00
prodigal	Eb_P2_NC_001895_1_Enterobacteria_phage_P2__complete_genome	26	19430	19705	+	1.00
glimmer	Eb_P2_NC_001895_1_Enterobacteria_phage_P2__complete_genome	27	19702	19857	+	0.50
phanotate	Eb_P2_NC_001895_1_Enterobacteria_phage_P2__complete_genome	30	19738	19857	+	0.50
glimmer	Eb_P2_NC_001895_1_Enterobacteria_phage_P2__complete_genome	28	19850	22297	+	1.00
phanotate	Eb_P2_NC_001895_1_Enterobacteria_phage_P2__complete_genome	31	19850	22297	+	1.00
prodigal	Eb_P2_NC_001895_1_Enterobacteria_phage_P2__complete_genome	27	19850	22297	+	1.00
glimmer	Eb_P2_NC_001895_1_Enterobacteria_phage_P2__complete_genome	29	22312	22791	+	1.00
phanotate	Eb_P2_NC_001895_1_Enterobacteria_phage_P2__complete_genome	32	22312	22791	+	1.00
prodigal	Eb_P2_NC_001895_1_Enterobacteria_phage_P2__complete_genome	28	22312	22791	+	1.00
glimmer	Eb_P2_NC_001895_1_Enterobacteria_phage_P2__complete_genome	30	22791	23954	+	1.00
phanotate	Eb_P2_NC_001895_1_Enterobacteria_phage_P2__complete_genome	33	22791	23954	+	1.00
prodigal	Eb_P2_NC_001895_1_Enterobacteria_phage_P2__complete_genome	29	22791	23954	+	1.00
phanotate	Eb_P2_NC_001895_1_Enterobacteria_phage_P2__complete_genome	34	24000	24254	+	0.50
prodigal	Eb_P2_NC_001895_1_Enterobacteria_phage_P2__complete_genome	30	24036	24254	+	0.50
phanotate	Eb_P2_NC_001895_1_Enterobacteria_phage_P2__complete_genome	35	24335	24445	-	0.33
glimmer	Eb_P2_NC_001895_1_Enterobacteria_phage_P2__complete_genome	31	24462	25475	-	1.00
phanotate	Eb_P2_NC_001895_1_Enterobacteria_phage_P2__complete_genome	36	24462	25475	-	1.00
prodigal	Eb_P2_NC_001895_1_Enterobacteria_phage_P2__complete_genome	31	24462	25475	-	1.00
phanotate	Eb_P2_NC_001895_1_Enterobacteria_phage_P2__complete_genome	37	25591	25890	-	0.83
prodigal	Eb_P2_NC_001895_1_Enterobacteria_phage_P2__complete_genome	32	25591	25890	-	0.83
phanotate	Eb_P2_NC_001895_1_Enterobacteria_phage_P2__complete_genome	38	26005	26280	+	0.83
prodigal	Eb_P2_NC_001895_1_Enterobacteria_phage_P2__complete_genome	33	26005	26280	+	0.83
glimmer	Eb_P2_NC_001895_1_Enterobacteria_phage_P2__complete_genome	32	26095	26280	+	0.50
glimmer	Eb_P2_NC_001895_1_Enterobacteria_phage_P2__complete_genome	33	26291	26461	+	1.00
phanotate	Eb_P2_NC_001895_1_Enterobacteria_phage_P2__complete_genome	39	26291	26461	+	1.00
prodigal	Eb_P2_NC_001895_1_Enterobacteria_phage_P2__complete_genome	34	26291	26461	+	1.00
glimmer	Eb_P2_NC_001895_1_Enterobacteria_phage_P2__complete_genome	34	26452	26958	+	0.83
phanotate	Eb_P2_NC_001895_1_Enterobacteria_phage_P2__complete_genome	40	26452	26958	+	0.83
prodigal	Eb_P2_NC_001895_1_Enterobacteria_phage_P2__complete_genome	35	26458	26958	+	0.50
glimmer	Eb_P2_NC_001895_1_Enterobacteria_phage_P2__complete_genome	35	27022	27246	+	1.00
phanotate	Eb_P2_NC_001895_1_Enterobacteria_phage_P2__complete_genome	41	27022	27246	+	1.00
prodigal	Eb_P2_NC_001895_1_Enterobacteria_phage_P2__complete_genome	36	27022	27246	+	1.00
glimmer	Eb_P2_NC_001895_1_Enterobacteria_phage_P2__complete_genome	36	27246	27548	+	1.00
phanotate	Eb_P2_NC_001895_1_Enterobacteria_phage_P2__complete_genome	42	27246	27548	+	1.00
prodigal	Eb_P2_NC_001895_1_Enterobacteria_phage_P2__complete_genome	37	27246	27548	+	1.00
glimmer	Eb_P2_NC_001895_1_Enterobacteria_phage_P2__complete_genome	37	27548	27772	+	1.00
phanotate	Eb_P2_NC_001895_1_Enterobacteria_phage_P2__complete_genome	43	27548	27772	+	1.00
prodigal	Eb_P2_NC_001895_1_Enterobacteria_phage_P2__complete_genome	38	27548	27772	+	1.00
glimmer	Eb_P2_NC_001895_1_Enterobacteria_phage_P2__complete_genome	38	27769	28044	+	1.00
phanotate	Eb_P2_NC_001895_1_Enterobacteria_phage_P2__complete_genome	44	27769	28044	+	1.00
prodigal	Eb_P2_NC_001895_1_Enterobacteria_phage_P2__complete_genome	39	27769	28044	+	1.00
glimmer	Eb_P2_NC_001895_1_Enterobacteria_phage_P2__complete_genome	39	28034	30319	+	1.00
phanotate	Eb_P2_NC_001895_1_Enterobacteria_phage_P2__complete_genome	45	28034	30319	+	1.00
prodigal	Eb_P2_NC_001895_1_Enterobacteria_phage_P2__complete_genome	40	28034	30319	+	1.00
glimmer	Eb_P2_NC_001895_1_Enterobacteria_phage_P2__complete_genome	40	30316	30645	+	1.00
phanotate	Eb_P2_NC_001895_1_Enterobacteria_phage_P2__complete_genome	46	30316	30645	+	1.00
prodigal	Eb_P2_NC_001895_1_Enterobacteria_phage_P2__complete_genome	41	30316	30645	+	1.00
glimmer	Eb_P2_NC_001895_1_Enterobacteria_phage_P2__complete_genome	41	30684	31445	-	1.00
phanotate	Eb_P2_NC_001895_1_Enterobacteria_phage_P2__complete_genome	47	30684	31445	-	1.00
prodigal	Eb_P2_NC_001895_1_Enterobacteria_phage_P2__complete_genome	42	30684	31445	-	1.00
glimmer	Eb_P2_NC_001895_1_Enterobacteria_phage_P2__complete_genome	42	31620	33314	-	0.50
phanotate	Eb_P2_NC_001895_1_Enterobacteria_phage_P2__complete_genome	48	31620	33380	-	0.83
prodigal	Eb_P2_NC_001895_1_Enterobacteria_phage_P2__complete_genome	43	31620	33380	-	0.83
phanotate	Eb_P2_NC_001895_1_Enterobacteria_phage_P2__complete_genome	49	33380	33592	-	0.33

Gene-call Consensus Scores:
Caller glimmer average gene-call score: 0.90
Caller phanotate average gene-call score: 0.86
Caller prodigal average gene-call score: 0.92

***************Unique List
Unique gene call 1
  --  Gene No. 1, gene caller: prodigal, leftEnd: 1, rightEnd: 141, strand: +, length: 141, contig: Eb_P2_NC_001895_1_Enterobacteria_phage_P2__complete_genome, protein: unknown, score1: 0.3333333333333333, score2: 0.0
Unique gene call 2
  --  Gene No. 1, gene caller: glimmer, leftEnd: 187, rightEnd: 1221, strand: -, length: 1035, contig: Eb_P2_NC_001895_1_Enterobacteria_phage_P2__complete_genome, protein: unknown, score1: 1.0, score2: 0.0
  --  Gene No. 1, gene caller: phanotate, leftEnd: 187, rightEnd: 1221, strand: -, length: 1035, contig: Eb_P2_NC_001895_1_Enterobacteria_phage_P2__complete_genome, protein: unknown, score1: 1.0, score2: 0.0
  --  Gene No. 2, gene caller: prodigal, leftEnd: 187, rightEnd: 1221, strand: -, length: 1035, contig: Eb_P2_NC_001895_1_Enterobacteria_phage_P2__complete_genome, protein: unknown, score1: 1.0, score2: 0.0
Unique gene call 3
  --  Gene No. 2, gene caller: phanotate, leftEnd: 1221, rightEnd: 2993, strand: -, length: 1773, contig: Eb_P2_NC_001895_1_Enterobacteria_phage_P2__complete_genome, protein: unknown, score1: 0.8333333333333333, score2: 0.0
  --  Gene No. 3, gene caller: prodigal, leftEnd: 1221, rightEnd: 2993, strand: -, length: 1773, contig: Eb_P2_NC_001895_1_Enterobacteria_phage_P2__complete_genome, protein: unknown, score1: 0.8333333333333333, score2: 0.0
Unique gene call 4
  --  Gene No. 2, gene caller: glimmer, leftEnd: 1221, rightEnd: 3023, strand: -, length: 1803, contig: Eb_P2_NC_001895_1_Enterobacteria_phage_P2__complete_genome, protein: unknown, score1: 0.5, score2: 0.0
Unique gene call 5
  --  Gene No. 3, gene caller: glimmer, leftEnd: 3101, rightEnd: 4021, strand: +, length: 921, contig: Eb_P2_NC_001895_1_Enterobacteria_phage_P2__complete_genome, protein: unknown, score1: 0.8333333333333333, score2: 0.0
  --  Gene No. 3, gene caller: phanotate, leftEnd: 3101, rightEnd: 4021, strand: +, length: 921, contig: Eb_P2_NC_001895_1_Enterobacteria_phage_P2__complete_genome, protein: unknown, score1: 0.8333333333333333, score2: 0.0
Unique gene call 6
  --  Gene No. 4, gene caller: prodigal, leftEnd: 3167, rightEnd: 4021, strand: +, length: 855, contig: Eb_P2_NC_001895_1_Enterobacteria_phage_P2__complete_genome, protein: unknown, score1: 0.5, score2: 0.0
Unique gene call 7
  --  Gene No. 4, gene caller: glimmer, leftEnd: 4080, rightEnd: 5153, strand: +, length: 1074, contig: Eb_P2_NC_001895_1_Enterobacteria_phage_P2__complete_genome, protein: unknown, score1: 1.0, score2: 0.0
  --  Gene No. 4, gene caller: phanotate, leftEnd: 4080, rightEnd: 5153, strand: +, length: 1074, contig: Eb_P2_NC_001895_1_Enterobacteria_phage_P2__complete_genome, protein: unknown, score1: 1.0, score2: 0.0
  --  Gene No. 5, gene caller: prodigal, leftEnd: 4080, rightEnd: 5153, strand: +, length: 1074, contig: Eb_P2_NC_001895_1_Enterobacteria_phage_P2__complete_genome, protein: unknown, score1: 1.0, score2: 0.0
Unique gene call 8
  --  Gene No. 5, gene caller: glimmer, leftEnd: 5157, rightEnd: 5900, strand: +, length: 744, contig: Eb_P2_NC_001895_1_Enterobacteria_phage_P2__complete_genome, protein: unknown, score1: 1.0, score2: 0.0
  --  Gene No. 5, gene caller: phanotate, leftEnd: 5157, rightEnd: 5900, strand: +, length: 744, contig: Eb_P2_NC_001895_1_Enterobacteria_phage_P2__complete_genome, protein: unknown, score1: 1.0, score2: 0.0
  --  Gene No. 6, gene caller: prodigal, leftEnd: 5157, rightEnd: 5900, strand: +, length: 744, contig: Eb_P2_NC_001895_1_Enterobacteria_phage_P2__complete_genome, protein: unknown, score1: 1.0, score2: 0.0
Unique gene call 9
  --  Gene No. 6, gene caller: glimmer, leftEnd: 5940, rightEnd: 6509, strand: +, length: 570, contig: Eb_P2_NC_001895_1_Enterobacteria_phage_P2__complete_genome, protein: unknown, score1: 0.5, score2: 0.0
Unique gene call 10
  --  Gene No. 6, gene caller: phanotate, leftEnd: 6000, rightEnd: 6509, strand: +, length: 510, contig: Eb_P2_NC_001895_1_Enterobacteria_phage_P2__complete_genome, protein: unknown, score1: 0.8333333333333333, score2: 0.0
  --  Gene No. 7, gene caller: prodigal, leftEnd: 6000, rightEnd: 6509, strand: +, length: 510, contig: Eb_P2_NC_001895_1_Enterobacteria_phage_P2__complete_genome, protein: unknown, score1: 0.8333333333333333, score2: 0.0
Unique gene call 11
  --  Gene No. 7, gene caller: glimmer, leftEnd: 6509, rightEnd: 6712, strand: +, length: 204, contig: Eb_P2_NC_001895_1_Enterobacteria_phage_P2__complete_genome, protein: unknown, score1: 1.0, score2: 0.0
  --  Gene No. 7, gene caller: phanotate, leftEnd: 6509, rightEnd: 6712, strand: +, length: 204, contig: Eb_P2_NC_001895_1_Enterobacteria_phage_P2__complete_genome, protein: unknown, score1: 1.0, score2: 0.0
  --  Gene No. 8, gene caller: prodigal, leftEnd: 6509, rightEnd: 6712, strand: +, length: 204, contig: Eb_P2_NC_001895_1_Enterobacteria_phage_P2__complete_genome, protein: unknown, score1: 1.0, score2: 0.0
Unique gene call 12
  --  Gene No. 8, gene caller: glimmer, leftEnd: 6716, rightEnd: 6997, strand: +, length: 282, contig: Eb_P2_NC_001895_1_Enterobacteria_phage_P2__complete_genome, protein: unknown, score1: 1.0, score2: 0.0
  --  Gene No. 8, gene caller: phanotate, leftEnd: 6716, rightEnd: 6997, strand: +, length: 282, contig: Eb_P2_NC_001895_1_Enterobacteria_phage_P2__complete_genome, protein: unknown, score1: 1.0, score2: 0.0
  --  Gene No. 9, gene caller: prodigal, leftEnd: 6716, rightEnd: 6997, strand: +, length: 282, contig: Eb_P2_NC_001895_1_Enterobacteria_phage_P2__complete_genome, protein: unknown, score1: 1.0, score2: 0.0
Unique gene call 13
  --  Gene No. 9, gene caller: glimmer, leftEnd: 6997, rightEnd: 7494, strand: +, length: 498, contig: Eb_P2_NC_001895_1_Enterobacteria_phage_P2__complete_genome, protein: unknown, score1: 1.0, score2: 0.0
  --  Gene No. 9, gene caller: phanotate, leftEnd: 6997, rightEnd: 7494, strand: +, length: 498, contig: Eb_P2_NC_001895_1_Enterobacteria_phage_P2__complete_genome, protein: unknown, score1: 1.0, score2: 0.0
  --  Gene No. 10, gene caller: prodigal, leftEnd: 6997, rightEnd: 7494, strand: +, length: 498, contig: Eb_P2_NC_001895_1_Enterobacteria_phage_P2__complete_genome, protein: unknown, score1: 1.0, score2: 0.0
Unique gene call 14
  --  Gene No. 10, gene caller: glimmer, leftEnd: 7509, rightEnd: 7934, strand: +, length: 426, contig: Eb_P2_NC_001895_1_Enterobacteria_phage_P2__complete_genome, protein: unknown, score1: 1.0, score2: 0.0
  --  Gene No. 10, gene caller: phanotate, leftEnd: 7509, rightEnd: 7934, strand: +, length: 426, contig: Eb_P2_NC_001895_1_Enterobacteria_phage_P2__complete_genome, protein: unknown, score1: 1.0, score2: 0.0
  --  Gene No. 11, gene caller: prodigal, leftEnd: 7509, rightEnd: 7934, strand: +, length: 426, contig: Eb_P2_NC_001895_1_Enterobacteria_phage_P2__complete_genome, protein: unknown, score1: 1.0, score2: 0.0
Unique gene call 15
  --  Gene No. 11, gene caller: glimmer, leftEnd: 7922, rightEnd: 8347, strand: +, length: 426, contig: Eb_P2_NC_001895_1_Enterobacteria_phage_P2__complete_genome, protein: unknown, score1: 1.0, score2: 0.0
  --  Gene No. 11, gene caller: phanotate, leftEnd: 7922, rightEnd: 8347, strand: +, length: 426, contig: Eb_P2_NC_001895_1_Enterobacteria_phage_P2__complete_genome, protein: unknown, score1: 1.0, score2: 0.0
  --  Gene No. 12, gene caller: prodigal, leftEnd: 7922, rightEnd: 8347, strand: +, length: 426, contig: Eb_P2_NC_001895_1_Enterobacteria_phage_P2__complete_genome, protein: unknown, score1: 1.0, score2: 0.0
Unique gene call 16
  --  Gene No. 12, gene caller: glimmer, leftEnd: 8334, rightEnd: 8492, strand: +, length: 159, contig: Eb_P2_NC_001895_1_Enterobacteria_phage_P2__complete_genome, protein: unknown, score1: 1.0, score2: 0.0
  --  Gene No. 12, gene caller: phanotate, leftEnd: 8334, rightEnd: 8492, strand: +, length: 159, contig: Eb_P2_NC_001895_1_Enterobacteria_phage_P2__complete_genome, protein: unknown, score1: 1.0, score2: 0.0
  --  Gene No. 13, gene caller: prodigal, leftEnd: 8334, rightEnd: 8492, strand: +, length: 159, contig: Eb_P2_NC_001895_1_Enterobacteria_phage_P2__complete_genome, protein: unknown, score1: 1.0, score2: 0.0
Unique gene call 17
  --  Gene No. 13, gene caller: glimmer, leftEnd: 8455, rightEnd: 8922, strand: +, length: 468, contig: Eb_P2_NC_001895_1_Enterobacteria_phage_P2__complete_genome, protein: unknown, score1: 1.0, score2: 0.0
  --  Gene No. 13, gene caller: phanotate, leftEnd: 8455, rightEnd: 8922, strand: +, length: 468, contig: Eb_P2_NC_001895_1_Enterobacteria_phage_P2__complete_genome, protein: unknown, score1: 1.0, score2: 0.0
  --  Gene No. 14, gene caller: prodigal, leftEnd: 8455, rightEnd: 8922, strand: +, length: 468, contig: Eb_P2_NC_001895_1_Enterobacteria_phage_P2__complete_genome, protein: unknown, score1: 1.0, score2: 0.0
Unique gene call 18
  --  Gene No. 14, gene caller: glimmer, leftEnd: 8915, rightEnd: 9367, strand: +, length: 453, contig: Eb_P2_NC_001895_1_Enterobacteria_phage_P2__complete_genome, protein: unknown, score1: 1.0, score2: 0.0
  --  Gene No. 14, gene caller: phanotate, leftEnd: 8915, rightEnd: 9367, strand: +, length: 453, contig: Eb_P2_NC_001895_1_Enterobacteria_phage_P2__complete_genome, protein: unknown, score1: 1.0, score2: 0.0
  --  Gene No. 15, gene caller: prodigal, leftEnd: 8915, rightEnd: 9367, strand: +, length: 453, contig: Eb_P2_NC_001895_1_Enterobacteria_phage_P2__complete_genome, protein: unknown, score1: 1.0, score2: 0.0
Unique gene call 19
  --  Gene No. 15, gene caller: glimmer, leftEnd: 9439, rightEnd: 10125, strand: -, length: 687, contig: Eb_P2_NC_001895_1_Enterobacteria_phage_P2__complete_genome, protein: unknown, score1: 0.5, score2: 0.0
Unique gene call 20
  --  Gene No. 15, gene caller: phanotate, leftEnd: 9439, rightEnd: 10224, strand: -, length: 786, contig: Eb_P2_NC_001895_1_Enterobacteria_phage_P2__complete_genome, protein: unknown, score1: 0.8333333333333333, score2: 0.0
  --  Gene No. 16, gene caller: prodigal, leftEnd: 9439, rightEnd: 10224, strand: -, length: 786, contig: Eb_P2_NC_001895_1_Enterobacteria_phage_P2__complete_genome, protein: unknown, score1: 0.8333333333333333, score2: 0.0
Unique gene call 21
  --  Gene No. 16, gene caller: glimmer, leftEnd: 10308, rightEnd: 10943, strand: +, length: 636, contig: Eb_P2_NC_001895_1_Enterobacteria_phage_P2__complete_genome, protein: unknown, score1: 1.0, score2: 0.0
  --  Gene No. 16, gene caller: phanotate, leftEnd: 10308, rightEnd: 10943, strand: +, length: 636, contig: Eb_P2_NC_001895_1_Enterobacteria_phage_P2__complete_genome, protein: unknown, score1: 1.0, score2: 0.0
  --  Gene No. 17, gene caller: prodigal, leftEnd: 10308, rightEnd: 10943, strand: +, length: 636, contig: Eb_P2_NC_001895_1_Enterobacteria_phage_P2__complete_genome, protein: unknown, score1: 1.0, score2: 0.0
Unique gene call 22
  --  Gene No. 17, gene caller: glimmer, leftEnd: 10940, rightEnd: 11287, strand: +, length: 348, contig: Eb_P2_NC_001895_1_Enterobacteria_phage_P2__complete_genome, protein: unknown, score1: 1.0, score2: 0.0
  --  Gene No. 17, gene caller: phanotate, leftEnd: 10940, rightEnd: 11287, strand: +, length: 348, contig: Eb_P2_NC_001895_1_Enterobacteria_phage_P2__complete_genome, protein: unknown, score1: 1.0, score2: 0.0
  --  Gene No. 18, gene caller: prodigal, leftEnd: 10940, rightEnd: 11287, strand: +, length: 348, contig: Eb_P2_NC_001895_1_Enterobacteria_phage_P2__complete_genome, protein: unknown, score1: 1.0, score2: 0.0
Unique gene call 23
  --  Gene No. 18, gene caller: glimmer, leftEnd: 11292, rightEnd: 12200, strand: +, length: 909, contig: Eb_P2_NC_001895_1_Enterobacteria_phage_P2__complete_genome, protein: unknown, score1: 1.0, score2: 0.0
  --  Gene No. 18, gene caller: phanotate, leftEnd: 11292, rightEnd: 12200, strand: +, length: 909, contig: Eb_P2_NC_001895_1_Enterobacteria_phage_P2__complete_genome, protein: unknown, score1: 1.0, score2: 0.0
  --  Gene No. 19, gene caller: prodigal, leftEnd: 11292, rightEnd: 12200, strand: +, length: 909, contig: Eb_P2_NC_001895_1_Enterobacteria_phage_P2__complete_genome, protein: unknown, score1: 1.0, score2: 0.0
Unique gene call 24
  --  Gene No. 19, gene caller: glimmer, leftEnd: 12193, rightEnd: 12723, strand: +, length: 531, contig: Eb_P2_NC_001895_1_Enterobacteria_phage_P2__complete_genome, protein: unknown, score1: 1.0, score2: 0.0
  --  Gene No. 19, gene caller: phanotate, leftEnd: 12193, rightEnd: 12723, strand: +, length: 531, contig: Eb_P2_NC_001895_1_Enterobacteria_phage_P2__complete_genome, protein: unknown, score1: 1.0, score2: 0.0
  --  Gene No. 20, gene caller: prodigal, leftEnd: 12193, rightEnd: 12723, strand: +, length: 531, contig: Eb_P2_NC_001895_1_Enterobacteria_phage_P2__complete_genome, protein: unknown, score1: 1.0, score2: 0.0
Unique gene call 25
  --  Gene No. 20, gene caller: glimmer, leftEnd: 12734, rightEnd: 14743, strand: +, length: 2010, contig: Eb_P2_NC_001895_1_Enterobacteria_phage_P2__complete_genome, protein: unknown, score1: 1.0, score2: 0.0
  --  Gene No. 20, gene caller: phanotate, leftEnd: 12734, rightEnd: 14743, strand: +, length: 2010, contig: Eb_P2_NC_001895_1_Enterobacteria_phage_P2__complete_genome, protein: unknown, score1: 1.0, score2: 0.0
  --  Gene No. 21, gene caller: prodigal, leftEnd: 12734, rightEnd: 14743, strand: +, length: 2010, contig: Eb_P2_NC_001895_1_Enterobacteria_phage_P2__complete_genome, protein: unknown, score1: 1.0, score2: 0.0
Unique gene call 26
  --  Gene No. 21, gene caller: glimmer, leftEnd: 14747, rightEnd: 15274, strand: +, length: 528, contig: Eb_P2_NC_001895_1_Enterobacteria_phage_P2__complete_genome, protein: unknown, score1: 1.0, score2: 0.0
  --  Gene No. 21, gene caller: phanotate, leftEnd: 14747, rightEnd: 15274, strand: +, length: 528, contig: Eb_P2_NC_001895_1_Enterobacteria_phage_P2__complete_genome, protein: unknown, score1: 1.0, score2: 0.0
  --  Gene No. 22, gene caller: prodigal, leftEnd: 14747, rightEnd: 15274, strand: +, length: 528, contig: Eb_P2_NC_001895_1_Enterobacteria_phage_P2__complete_genome, protein: unknown, score1: 1.0, score2: 0.0
Unique gene call 27
  --  Gene No. 22, gene caller: phanotate, leftEnd: 15276, rightEnd: 15365, strand: +, length: 90, contig: Eb_P2_NC_001895_1_Enterobacteria_phage_P2__complete_genome, protein: unknown, score1: 0.3333333333333333, score2: 0.0
Unique gene call 28
  --  Gene No. 23, gene caller: phanotate, leftEnd: 15455, rightEnd: 15559, strand: +, length: 105, contig: Eb_P2_NC_001895_1_Enterobacteria_phage_P2__complete_genome, protein: unknown, score1: 0.3333333333333333, score2: 0.0
Unique gene call 29
  --  Gene No. 22, gene caller: glimmer, leftEnd: 15474, rightEnd: 15587, strand: -, length: 114, contig: Eb_P2_NC_001895_1_Enterobacteria_phage_P2__complete_genome, protein: unknown, score1: 0.3333333333333333, score2: 0.0
Unique gene call 30
  --  Gene No. 23, gene caller: glimmer, leftEnd: 15675, rightEnd: 17261, strand: -, length: 1587, contig: Eb_P2_NC_001895_1_Enterobacteria_phage_P2__complete_genome, protein: unknown, score1: 1.0, score2: 0.0
  --  Gene No. 24, gene caller: phanotate, leftEnd: 15675, rightEnd: 17261, strand: -, length: 1587, contig: Eb_P2_NC_001895_1_Enterobacteria_phage_P2__complete_genome, protein: unknown, score1: 1.0, score2: 0.0
  --  Gene No. 23, gene caller: prodigal, leftEnd: 15675, rightEnd: 17261, strand: -, length: 1587, contig: Eb_P2_NC_001895_1_Enterobacteria_phage_P2__complete_genome, protein: unknown, score1: 1.0, score2: 0.0
Unique gene call 31
  --  Gene No. 25, gene caller: phanotate, leftEnd: 17269, rightEnd: 17430, strand: -, length: 162, contig: Eb_P2_NC_001895_1_Enterobacteria_phage_P2__complete_genome, protein: unknown, score1: 0.3333333333333333, score2: 0.0
Unique gene call 32
  --  Gene No. 26, gene caller: phanotate, leftEnd: 17402, rightEnd: 17632, strand: -, length: 231, contig: Eb_P2_NC_001895_1_Enterobacteria_phage_P2__complete_genome, protein: unknown, score1: 0.3333333333333333, score2: 0.0
Unique gene call 33
  --  Gene No. 24, gene caller: glimmer, leftEnd: 17652, rightEnd: 18842, strand: +, length: 1191, contig: Eb_P2_NC_001895_1_Enterobacteria_phage_P2__complete_genome, protein: unknown, score1: 1.0, score2: 0.0
  --  Gene No. 27, gene caller: phanotate, leftEnd: 17652, rightEnd: 18842, strand: +, length: 1191, contig: Eb_P2_NC_001895_1_Enterobacteria_phage_P2__complete_genome, protein: unknown, score1: 1.0, score2: 0.0
  --  Gene No. 24, gene caller: prodigal, leftEnd: 17652, rightEnd: 18842, strand: +, length: 1191, contig: Eb_P2_NC_001895_1_Enterobacteria_phage_P2__complete_genome, protein: unknown, score1: 1.0, score2: 0.0
Unique gene call 34
  --  Gene No. 25, gene caller: glimmer, leftEnd: 18855, rightEnd: 19373, strand: +, length: 519, contig: Eb_P2_NC_001895_1_Enterobacteria_phage_P2__complete_genome, protein: unknown, score1: 0.8333333333333333, score2: 0.0
  --  Gene No. 25, gene caller: prodigal, leftEnd: 18855, rightEnd: 19373, strand: +, length: 519, contig: Eb_P2_NC_001895_1_Enterobacteria_phage_P2__complete_genome, protein: unknown, score1: 0.8333333333333333, score2: 0.0
Unique gene call 35
  --  Gene No. 28, gene caller: phanotate, leftEnd: 18861, rightEnd: 19373, strand: +, length: 513, contig: Eb_P2_NC_001895_1_Enterobacteria_phage_P2__complete_genome, protein: unknown, score1: 0.5, score2: 0.0
Unique gene call 36
  --  Gene No. 26, gene caller: glimmer, leftEnd: 19430, rightEnd: 19705, strand: +, length: 276, contig: Eb_P2_NC_001895_1_Enterobacteria_phage_P2__complete_genome, protein: unknown, score1: 1.0, score2: 0.0
  --  Gene No. 29, gene caller: phanotate, leftEnd: 19430, rightEnd: 19705, strand: +, length: 276, contig: Eb_P2_NC_001895_1_Enterobacteria_phage_P2__complete_genome, protein: unknown, score1: 1.0, score2: 0.0
  --  Gene No. 26, gene caller: prodigal, leftEnd: 19430, rightEnd: 19705, strand: +, length: 276, contig: Eb_P2_NC_001895_1_Enterobacteria_phage_P2__complete_genome, protein: unknown, score1: 1.0, score2: 0.0
Unique gene call 37
  --  Gene No. 27, gene caller: glimmer, leftEnd: 19702, rightEnd: 19857, strand: +, length: 156, contig: Eb_P2_NC_001895_1_Enterobacteria_phage_P2__complete_genome, protein: unknown, score1: 0.5, score2: 0.0
Unique gene call 38
  --  Gene No. 30, gene caller: phanotate, leftEnd: 19738, rightEnd: 19857, strand: +, length: 120, contig: Eb_P2_NC_001895_1_Enterobacteria_phage_P2__complete_genome, protein: unknown, score1: 0.5, score2: 0.0
Unique gene call 39
  --  Gene No. 28, gene caller: glimmer, leftEnd: 19850, rightEnd: 22297, strand: +, length: 2448, contig: Eb_P2_NC_001895_1_Enterobacteria_phage_P2__complete_genome, protein: unknown, score1: 1.0, score2: 0.0
  --  Gene No. 31, gene caller: phanotate, leftEnd: 19850, rightEnd: 22297, strand: +, length: 2448, contig: Eb_P2_NC_001895_1_Enterobacteria_phage_P2__complete_genome, protein: unknown, score1: 1.0, score2: 0.0
  --  Gene No. 27, gene caller: prodigal, leftEnd: 19850, rightEnd: 22297, strand: +, length: 2448, contig: Eb_P2_NC_001895_1_Enterobacteria_phage_P2__complete_genome, protein: unknown, score1: 1.0, score2: 0.0
Unique gene call 40
  --  Gene No. 29, gene caller: glimmer, leftEnd: 22312, rightEnd: 22791, strand: +, length: 480, contig: Eb_P2_NC_001895_1_Enterobacteria_phage_P2__complete_genome, protein: unknown, score1: 1.0, score2: 0.0
  --  Gene No. 32, gene caller: phanotate, leftEnd: 22312, rightEnd: 22791, strand: +, length: 480, contig: Eb_P2_NC_001895_1_Enterobacteria_phage_P2__complete_genome, protein: unknown, score1: 1.0, score2: 0.0
  --  Gene No. 28, gene caller: prodigal, leftEnd: 22312, rightEnd: 22791, strand: +, length: 480, contig: Eb_P2_NC_001895_1_Enterobacteria_phage_P2__complete_genome, protein: unknown, score1: 1.0, score2: 0.0
Unique gene call 41
  --  Gene No. 30, gene caller: glimmer, leftEnd: 22791, rightEnd: 23954, strand: +, length: 1164, contig: Eb_P2_NC_001895_1_Enterobacteria_phage_P2__complete_genome, protein: unknown, score1: 1.0, score2: 0.0
  --  Gene No. 33, gene caller: phanotate, leftEnd: 22791, rightEnd: 23954, strand: +, length: 1164, contig: Eb_P2_NC_001895_1_Enterobacteria_phage_P2__complete_genome, protein: unknown, score1: 1.0, score2: 0.0
  --  Gene No. 29, gene caller: prodigal, leftEnd: 22791, rightEnd: 23954, strand: +, length: 1164, contig: Eb_P2_NC_001895_1_Enterobacteria_phage_P2__complete_genome, protein: unknown, score1: 1.0, score2: 0.0
Unique gene call 42
  --  Gene No. 34, gene caller: phanotate, leftEnd: 24000, rightEnd: 24254, strand: +, length: 255, contig: Eb_P2_NC_001895_1_Enterobacteria_phage_P2__complete_genome, protein: unknown, score1: 0.5, score2: 0.0
Unique gene call 43
  --  Gene No. 30, gene caller: prodigal, leftEnd: 24036, rightEnd: 24254, strand: +, length: 219, contig: Eb_P2_NC_001895_1_Enterobacteria_phage_P2__complete_genome, protein: unknown, score1: 0.5, score2: 0.0
Unique gene call 44
  --  Gene No. 35, gene caller: phanotate, leftEnd: 24335, rightEnd: 24445, strand: -, length: 111, contig: Eb_P2_NC_001895_1_Enterobacteria_phage_P2__complete_genome, protein: unknown, score1: 0.3333333333333333, score2: 0.0
Unique gene call 45
  --  Gene No. 31, gene caller: glimmer, leftEnd: 24462, rightEnd: 25475, strand: -, length: 1014, contig: Eb_P2_NC_001895_1_Enterobacteria_phage_P2__complete_genome, protein: unknown, score1: 1.0, score2: 0.0
  --  Gene No. 36, gene caller: phanotate, leftEnd: 24462, rightEnd: 25475, strand: -, length: 1014, contig: Eb_P2_NC_001895_1_Enterobacteria_phage_P2__complete_genome, protein: unknown, score1: 1.0, score2: 0.0
  --  Gene No. 31, gene caller: prodigal, leftEnd: 24462, rightEnd: 25475, strand: -, length: 1014, contig: Eb_P2_NC_001895_1_Enterobacteria_phage_P2__complete_genome, protein: unknown, score1: 1.0, score2: 0.0
Unique gene call 46
  --  Gene No. 37, gene caller: phanotate, leftEnd: 25591, rightEnd: 25890, strand: -, length: 300, contig: Eb_P2_NC_001895_1_Enterobacteria_phage_P2__complete_genome, protein: unknown, score1: 0.8333333333333333, score2: 0.0
  --  Gene No. 32, gene caller: prodigal, leftEnd: 25591, rightEnd: 25890, strand: -, length: 300, contig: Eb_P2_NC_001895_1_Enterobacteria_phage_P2__complete_genome, protein: unknown, score1: 0.8333333333333333, score2: 0.0
Unique gene call 47
  --  Gene No. 38, gene caller: phanotate, leftEnd: 26005, rightEnd: 26280, strand: +, length: 276, contig: Eb_P2_NC_001895_1_Enterobacteria_phage_P2__complete_genome, protein: unknown, score1: 0.8333333333333333, score2: 0.0
  --  Gene No. 33, gene caller: prodigal, leftEnd: 26005, rightEnd: 26280, strand: +, length: 276, contig: Eb_P2_NC_001895_1_Enterobacteria_phage_P2__complete_genome, protein: unknown, score1: 0.8333333333333333, score2: 0.0
Unique gene call 48
  --  Gene No. 32, gene caller: glimmer, leftEnd: 26095, rightEnd: 26280, strand: +, length: 186, contig: Eb_P2_NC_001895_1_Enterobacteria_phage_P2__complete_genome, protein: unknown, score1: 0.5, score2: 0.0
Unique gene call 49
  --  Gene No. 33, gene caller: glimmer, leftEnd: 26291, rightEnd: 26461, strand: +, length: 171, contig: Eb_P2_NC_001895_1_Enterobacteria_phage_P2__complete_genome, protein: unknown, score1: 1.0, score2: 0.0
  --  Gene No. 39, gene caller: phanotate, leftEnd: 26291, rightEnd: 26461, strand: +, length: 171, contig: Eb_P2_NC_001895_1_Enterobacteria_phage_P2__complete_genome, protein: unknown, score1: 1.0, score2: 0.0
  --  Gene No. 34, gene caller: prodigal, leftEnd: 26291, rightEnd: 26461, strand: +, length: 171, contig: Eb_P2_NC_001895_1_Enterobacteria_phage_P2__complete_genome, protein: unknown, score1: 1.0, score2: 0.0
Unique gene call 50
  --  Gene No. 34, gene caller: glimmer, leftEnd: 26452, rightEnd: 26958, strand: +, length: 507, contig: Eb_P2_NC_001895_1_Enterobacteria_phage_P2__complete_genome, protein: unknown, score1: 0.8333333333333333, score2: 0.0
  --  Gene No. 40, gene caller: phanotate, leftEnd: 26452, rightEnd: 26958, strand: +, length: 507, contig: Eb_P2_NC_001895_1_Enterobacteria_phage_P2__complete_genome, protein: unknown, score1: 0.8333333333333333, score2: 0.0
Unique gene call 51
  --  Gene No. 35, gene caller: prodigal, leftEnd: 26458, rightEnd: 26958, strand: +, length: 501, contig: Eb_P2_NC_001895_1_Enterobacteria_phage_P2__complete_genome, protein: unknown, score1: 0.5, score2: 0.0
Unique gene call 52
  --  Gene No. 35, gene caller: glimmer, leftEnd: 27022, rightEnd: 27246, strand: +, length: 225, contig: Eb_P2_NC_001895_1_Enterobacteria_phage_P2__complete_genome, protein: unknown, score1: 1.0, score2: 0.0
  --  Gene No. 41, gene caller: phanotate, leftEnd: 27022, rightEnd: 27246, strand: +, length: 225, contig: Eb_P2_NC_001895_1_Enterobacteria_phage_P2__complete_genome, protein: unknown, score1: 1.0, score2: 0.0
  --  Gene No. 36, gene caller: prodigal, leftEnd: 27022, rightEnd: 27246, strand: +, length: 225, contig: Eb_P2_NC_001895_1_Enterobacteria_phage_P2__complete_genome, protein: unknown, score1: 1.0, score2: 0.0
Unique gene call 53
  --  Gene No. 36, gene caller: glimmer, leftEnd: 27246, rightEnd: 27548, strand: +, length: 303, contig: Eb_P2_NC_001895_1_Enterobacteria_phage_P2__complete_genome, protein: unknown, score1: 1.0, score2: 0.0
  --  Gene No. 42, gene caller: phanotate, leftEnd: 27246, rightEnd: 27548, strand: +, length: 303, contig: Eb_P2_NC_001895_1_Enterobacteria_phage_P2__complete_genome, protein: unknown, score1: 1.0, score2: 0.0
  --  Gene No. 37, gene caller: prodigal, leftEnd: 27246, rightEnd: 27548, strand: +, length: 303, contig: Eb_P2_NC_001895_1_Enterobacteria_phage_P2__complete_genome, protein: unknown, score1: 1.0, score2: 0.0
Unique gene call 54
  --  Gene No. 37, gene caller: glimmer, leftEnd: 27548, rightEnd: 27772, strand: +, length: 225, contig: Eb_P2_NC_001895_1_Enterobacteria_phage_P2__complete_genome, protein: unknown, score1: 1.0, score2: 0.0
  --  Gene No. 43, gene caller: phanotate, leftEnd: 27548, rightEnd: 27772, strand: +, length: 225, contig: Eb_P2_NC_001895_1_Enterobacteria_phage_P2__complete_genome, protein: unknown, score1: 1.0, score2: 0.0
  --  Gene No. 38, gene caller: prodigal, leftEnd: 27548, rightEnd: 27772, strand: +, length: 225, contig: Eb_P2_NC_001895_1_Enterobacteria_phage_P2__complete_genome, protein: unknown, score1: 1.0, score2: 0.0
Unique gene call 55
  --  Gene No. 38, gene caller: glimmer, leftEnd: 27769, rightEnd: 28044, strand: +, length: 276, contig: Eb_P2_NC_001895_1_Enterobacteria_phage_P2__complete_genome, protein: unknown, score1: 1.0, score2: 0.0
  --  Gene No. 44, gene caller: phanotate, leftEnd: 27769, rightEnd: 28044, strand: +, length: 276, contig: Eb_P2_NC_001895_1_Enterobacteria_phage_P2__complete_genome, protein: unknown, score1: 1.0, score2: 0.0
  --  Gene No. 39, gene caller: prodigal, leftEnd: 27769, rightEnd: 28044, strand: +, length: 276, contig: Eb_P2_NC_001895_1_Enterobacteria_phage_P2__complete_genome, protein: unknown, score1: 1.0, score2: 0.0
Unique gene call 56
  --  Gene No. 39, gene caller: glimmer, leftEnd: 28034, rightEnd: 30319, strand: +, length: 2286, contig: Eb_P2_NC_001895_1_Enterobacteria_phage_P2__complete_genome, protein: unknown, score1: 1.0, score2: 0.0
  --  Gene No. 45, gene caller: phanotate, leftEnd: 28034, rightEnd: 30319, strand: +, length: 2286, contig: Eb_P2_NC_001895_1_Enterobacteria_phage_P2__complete_genome, protein: unknown, score1: 1.0, score2: 0.0
  --  Gene No. 40, gene caller: prodigal, leftEnd: 28034, rightEnd: 30319, strand: +, length: 2286, contig: Eb_P2_NC_001895_1_Enterobacteria_phage_P2__complete_genome, protein: unknown, score1: 1.0, score2: 0.0
Unique gene call 57
  --  Gene No. 40, gene caller: glimmer, leftEnd: 30316, rightEnd: 30645, strand: +, length: 330, contig: Eb_P2_NC_001895_1_Enterobacteria_phage_P2__complete_genome, protein: unknown, score1: 1.0, score2: 0.0
  --  Gene No. 46, gene caller: phanotate, leftEnd: 30316, rightEnd: 30645, strand: +, length: 330, contig: Eb_P2_NC_001895_1_Enterobacteria_phage_P2__complete_genome, protein: unknown, score1: 1.0, score2: 0.0
  --  Gene No. 41, gene caller: prodigal, leftEnd: 30316, rightEnd: 30645, strand: +, length: 330, contig: Eb_P2_NC_001895_1_Enterobacteria_phage_P2__complete_genome, protein: unknown, score1: 1.0, score2: 0.0
Unique gene call 58
  --  Gene No. 41, gene caller: glimmer, leftEnd: 30684, rightEnd: 31445, strand: -, length: 762, contig: Eb_P2_NC_001895_1_Enterobacteria_phage_P2__complete_genome, protein: unknown, score1: 1.0, score2: 0.0
  --  Gene No. 47, gene caller: phanotate, leftEnd: 30684, rightEnd: 31445, strand: -, length: 762, contig: Eb_P2_NC_001895_1_Enterobacteria_phage_P2__complete_genome, protein: unknown, score1: 1.0, score2: 0.0
  --  Gene No. 42, gene caller: prodigal, leftEnd: 30684, rightEnd: 31445, strand: -, length: 762, contig: Eb_P2_NC_001895_1_Enterobacteria_phage_P2__complete_genome, protein: unknown, score1: 1.0, score2: 0.0
Unique gene call 59
  --  Gene No. 42, gene caller: glimmer, leftEnd: 31620, rightEnd: 33314, strand: -, length: 1695, contig: Eb_P2_NC_001895_1_Enterobacteria_phage_P2__complete_genome, protein: unknown, score1: 0.5, score2: 0.0
Unique gene call 60
  --  Gene No. 48, gene caller: phanotate, leftEnd: 31620, rightEnd: 33380, strand: -, length: 1761, contig: Eb_P2_NC_001895_1_Enterobacteria_phage_P2__complete_genome, protein: unknown, score1: 0.8333333333333333, score2: 0.0
  --  Gene No. 43, gene caller: prodigal, leftEnd: 31620, rightEnd: 33380, strand: -, length: 1761, contig: Eb_P2_NC_001895_1_Enterobacteria_phage_P2__complete_genome, protein: unknown, score1: 0.8333333333333333, score2: 0.0
Unique gene call 61
  --  Gene No. 49, gene caller: phanotate, leftEnd: 33380, rightEnd: 33592, strand: -, length: 213, contig: Eb_P2_NC_001895_1_Enterobacteria_phage_P2__complete_genome, protein: unknown, score1: 0.3333333333333333, score2: 0.0
Code complete at 2021-04-18 20:45:11.098320
