Opening log at 2021-04-21 09:54:22.280030
Iterating through fileSet at 2021-04-21 09:54:22.280151
fileSet is ['/home/james/Software/multiPhATE2/PipelineOutput/circular_read_999/commoncore.cgc', '/home/james/Software/multiPhATE2/PipelineOutput/circular_read_999/consensus.cgc', '/home/james/Software/multiPhATE2/PipelineOutput/circular_read_999/glimmer.cgc', '/home/james/Software/multiPhATE2/PipelineOutput/circular_read_999/phanotate.cgc', '/home/james/Software/multiPhATE2/PipelineOutput/circular_read_999/prodigal.cgc', '/home/james/Software/multiPhATE2/PipelineOutput/circular_read_999/superset.cgc']
Opening geneFile /home/james/Software/multiPhATE2/PipelineOutput/circular_read_999/commoncore.cgc
Adding calls from geneFile /home/james/Software/multiPhATE2/PipelineOutput/circular_read_999/commoncore.cgc
Appending call set  number of calls is: 0
Opening geneFile /home/james/Software/multiPhATE2/PipelineOutput/circular_read_999/consensus.cgc
Adding calls from geneFile /home/james/Software/multiPhATE2/PipelineOutput/circular_read_999/consensus.cgc
Appending call set  number of calls is: 0
Opening geneFile /home/james/Software/multiPhATE2/PipelineOutput/circular_read_999/glimmer.cgc
Adding calls from geneFile /home/james/Software/multiPhATE2/PipelineOutput/circular_read_999/glimmer.cgc
Appending call set  number of calls is: 10
Opening geneFile /home/james/Software/multiPhATE2/PipelineOutput/circular_read_999/phanotate.cgc
Adding calls from geneFile /home/james/Software/multiPhATE2/PipelineOutput/circular_read_999/phanotate.cgc
Appending call set  number of calls is: 14
Opening geneFile /home/james/Software/multiPhATE2/PipelineOutput/circular_read_999/prodigal.cgc
Adding calls from geneFile /home/james/Software/multiPhATE2/PipelineOutput/circular_read_999/prodigal.cgc
Appending call set  number of calls is: 10
Opening geneFile /home/james/Software/multiPhATE2/PipelineOutput/circular_read_999/superset.cgc
Adding calls from geneFile /home/james/Software/multiPhATE2/PipelineOutput/circular_read_999/superset.cgc
Appending call set  number of calls is: 0
All call sets have been added to caller list. Number of call sets in callerList: 6
callerList is   glimmer phanotate prodigal  
Total number of gene calls across callerList call sets is: 34
Sorting gene calls for each caller
Processing a callSet
Before sorting, Length of callerList for caller  is 0
After sorting, Length of callerList for caller  is 0
Processing a callSet
Before sorting, Length of callerList for caller  is 0
After sorting, Length of callerList for caller  is 0
Processing a callSet
Before sorting, Length of callerList for caller glimmer is 10
After sorting, Length of callerList for caller glimmer is 10
Processing a callSet
Before sorting, Length of callerList for caller phanotate is 14
After sorting, Length of callerList for caller phanotate is 14
Processing a callSet
Before sorting, Length of callerList for caller prodigal is 10
After sorting, Length of callerList for caller prodigal is 10
Processing a callSet
Before sorting, Length of callerList for caller  is 0
After sorting, Length of callerList for caller  is 0
callSet processing complete
Comparing across the call sets...
Merging the geneCall sets....
Final merged genes:

***************Merge List
1	Gene No. 1, gene caller: phanotate, leftEnd: 2, rightEnd: 157, strand: -, length: 156, contig: circular_read_999, protein: unknown, score1: 1.0, score2: 0.0
2	Gene No. 2, gene caller: phanotate, leftEnd: 147, rightEnd: 533, strand: -, length: 387, contig: circular_read_999, protein: unknown, score1: 1.0, score2: 0.0
3	Gene No. 1, gene caller: glimmer, leftEnd: 147, rightEnd: 581, strand: -, length: 435, contig: circular_read_999, protein: unknown, score1: 1.0, score2: 0.0
4	Gene No. 1, gene caller: prodigal, leftEnd: 147, rightEnd: 581, strand: -, length: 435, contig: circular_read_999, protein: unknown, score1: 1.0, score2: 0.0
5	Gene No. 2, gene caller: glimmer, leftEnd: 644, rightEnd: 799, strand: -, length: 156, contig: circular_read_999, protein: unknown, score1: 1.0, score2: 0.0
6	Gene No. 3, gene caller: phanotate, leftEnd: 644, rightEnd: 799, strand: -, length: 156, contig: circular_read_999, protein: unknown, score1: 1.0, score2: 0.0
7	Gene No. 2, gene caller: prodigal, leftEnd: 644, rightEnd: 799, strand: -, length: 156, contig: circular_read_999, protein: unknown, score1: 1.0, score2: 0.0
8	Gene No. 3, gene caller: glimmer, leftEnd: 939, rightEnd: 1196, strand: -, length: 258, contig: circular_read_999, protein: unknown, score1: 1.0, score2: 0.0
9	Gene No. 4, gene caller: phanotate, leftEnd: 939, rightEnd: 1196, strand: -, length: 258, contig: circular_read_999, protein: unknown, score1: 1.0, score2: 0.0
10	Gene No. 3, gene caller: prodigal, leftEnd: 939, rightEnd: 1196, strand: -, length: 258, contig: circular_read_999, protein: unknown, score1: 1.0, score2: 0.0
11	Gene No. 4, gene caller: glimmer, leftEnd: 1252, rightEnd: 1905, strand: -, length: 654, contig: circular_read_999, protein: unknown, score1: 1.0, score2: 0.0
12	Gene No. 5, gene caller: phanotate, leftEnd: 1252, rightEnd: 1905, strand: -, length: 654, contig: circular_read_999, protein: unknown, score1: 1.0, score2: 0.0
13	Gene No. 4, gene caller: prodigal, leftEnd: 1252, rightEnd: 1905, strand: -, length: 654, contig: circular_read_999, protein: unknown, score1: 1.0, score2: 0.0
14	Gene No. 5, gene caller: glimmer, leftEnd: 1988, rightEnd: 2167, strand: +, length: 180, contig: circular_read_999, protein: unknown, score1: 1.0, score2: 0.0
15	Gene No. 6, gene caller: phanotate, leftEnd: 1988, rightEnd: 2167, strand: +, length: 180, contig: circular_read_999, protein: unknown, score1: 1.0, score2: 0.0
16	Gene No. 5, gene caller: prodigal, leftEnd: 1988, rightEnd: 2167, strand: +, length: 180, contig: circular_read_999, protein: unknown, score1: 1.0, score2: 0.0
17	Gene No. 7, gene caller: phanotate, leftEnd: 2313, rightEnd: 2426, strand: -, length: 114, contig: circular_read_999, protein: unknown, score1: 1.0, score2: 0.0
18	Gene No. 8, gene caller: phanotate, leftEnd: 2527, rightEnd: 2637, strand: -, length: 111, contig: circular_read_999, protein: unknown, score1: 1.0, score2: 0.0
19	Gene No. 9, gene caller: phanotate, leftEnd: 2759, rightEnd: 2920, strand: -, length: 162, contig: circular_read_999, protein: unknown, score1: 1.0, score2: 0.0
20	Gene No. 6, gene caller: glimmer, leftEnd: 2805, rightEnd: 3494, strand: +, length: 690, contig: circular_read_999, protein: unknown, score1: 1.0, score2: 0.0
21	Gene No. 6, gene caller: prodigal, leftEnd: 2805, rightEnd: 3494, strand: +, length: 690, contig: circular_read_999, protein: unknown, score1: 1.0, score2: 0.0
22	Gene No. 10, gene caller: phanotate, leftEnd: 2853, rightEnd: 3494, strand: +, length: 642, contig: circular_read_999, protein: unknown, score1: 1.0, score2: 0.0
23	Gene No. 7, gene caller: glimmer, leftEnd: 3558, rightEnd: 3800, strand: -, length: 243, contig: circular_read_999, protein: unknown, score1: 1.0, score2: 0.0
24	Gene No. 11, gene caller: phanotate, leftEnd: 3558, rightEnd: 3818, strand: -, length: 261, contig: circular_read_999, protein: unknown, score1: 1.0, score2: 0.0
25	Gene No. 7, gene caller: prodigal, leftEnd: 3558, rightEnd: 3818, strand: -, length: 261, contig: circular_read_999, protein: unknown, score1: 1.0, score2: 0.0
26	Gene No. 8, gene caller: glimmer, leftEnd: 3847, rightEnd: 4053, strand: -, length: 207, contig: circular_read_999, protein: unknown, score1: 1.0, score2: 0.0
27	Gene No. 12, gene caller: phanotate, leftEnd: 3847, rightEnd: 4065, strand: -, length: 219, contig: circular_read_999, protein: unknown, score1: 1.0, score2: 0.0
28	Gene No. 8, gene caller: prodigal, leftEnd: 3847, rightEnd: 4065, strand: -, length: 219, contig: circular_read_999, protein: unknown, score1: 1.0, score2: 0.0
29	Gene No. 9, gene caller: glimmer, leftEnd: 4068, rightEnd: 4319, strand: -, length: 252, contig: circular_read_999, protein: unknown, score1: 1.0, score2: 0.0
30	Gene No. 13, gene caller: phanotate, leftEnd: 4068, rightEnd: 4319, strand: -, length: 252, contig: circular_read_999, protein: unknown, score1: 1.0, score2: 0.0
31	Gene No. 9, gene caller: prodigal, leftEnd: 4068, rightEnd: 4319, strand: -, length: 252, contig: circular_read_999, protein: unknown, score1: 1.0, score2: 0.0
32	Gene No. 10, gene caller: glimmer, leftEnd: 4331, rightEnd: 4480, strand: -, length: 150, contig: circular_read_999, protein: unknown, score1: 1.0, score2: 0.0
33	Gene No. 14, gene caller: phanotate, leftEnd: 4331, rightEnd: 4684, strand: -, length: 354, contig: circular_read_999, protein: unknown, score1: 1.0, score2: 0.0
34	Gene No. 10, gene caller: prodigal, leftEnd: 4331, rightEnd: 4684, strand: -, length: 354, contig: circular_read_999, protein: unknown, score1: 1.0, score2: 0.0
Comparing across geneCall sets....
Scoring gene calls....
Identifying common core...
This is the Common Core List:

***************Common Core
CC-gene 1	Gene No. 1, gene caller: All_callers, leftEnd: 644, rightEnd: 799, strand: -, length: 156, contig: circular_read_999, protein: unknown, score1: 1.0, score2: 0.0
CC-gene 2	Gene No. 1, gene caller: All_callers, leftEnd: 939, rightEnd: 1196, strand: -, length: 258, contig: circular_read_999, protein: unknown, score1: 1.0, score2: 0.0
CC-gene 3	Gene No. 1, gene caller: All_callers, leftEnd: 1252, rightEnd: 1905, strand: -, length: 654, contig: circular_read_999, protein: unknown, score1: 1.0, score2: 0.0
CC-gene 4	Gene No. 1, gene caller: All_callers, leftEnd: 1988, rightEnd: 2167, strand: +, length: 180, contig: circular_read_999, protein: unknown, score1: 1.0, score2: 0.0
CC-gene 5	Gene No. 1, gene caller: All_callers, leftEnd: 4068, rightEnd: 4319, strand: -, length: 252, contig: circular_read_999, protein: unknown, score1: 1.0, score2: 0.0
Printing gene-call superset, consensus, and common_core in GFF and CGC formats
Printing report....
The following gene callers were considered: glimmer, phanotate, prodigal, The number of distinct gene calls over all gene callers is 19
The number of gene calls in common among all callers is 5
The number of unique (non-matching) gene calls is9
Caller glimmer produced 10 gene calls.
Caller glimmer gene-call length stats:  min: 150, max: 690, ave: 322.5
Caller phanotate produced 14 gene calls.
Caller phanotate gene-call length stats:  min: 111, max: 654, ave: 279.0
Caller prodigal produced 10 gene calls.
Caller prodigal gene-call length stats:  min: 156, max: 690, ave: 345.9

Gene-call Scores:
Caller	Contig	Gene No.	Left End	Right End	Strand	gcScore
phanotate	circular_read_999	1	2	157	-	0.33
phanotate	circular_read_999	2	147	533	-	0.50
glimmer	circular_read_999	1	147	581	-	0.83
prodigal	circular_read_999	1	147	581	-	0.83
glimmer	circular_read_999	2	644	799	-	1.00
phanotate	circular_read_999	3	644	799	-	1.00
prodigal	circular_read_999	2	644	799	-	1.00
glimmer	circular_read_999	3	939	1196	-	1.00
phanotate	circular_read_999	4	939	1196	-	1.00
prodigal	circular_read_999	3	939	1196	-	1.00
glimmer	circular_read_999	4	1252	1905	-	1.00
phanotate	circular_read_999	5	1252	1905	-	1.00
prodigal	circular_read_999	4	1252	1905	-	1.00
glimmer	circular_read_999	5	1988	2167	+	1.00
phanotate	circular_read_999	6	1988	2167	+	1.00
prodigal	circular_read_999	5	1988	2167	+	1.00
phanotate	circular_read_999	7	2313	2426	-	0.33
phanotate	circular_read_999	8	2527	2637	-	0.33
phanotate	circular_read_999	9	2759	2920	-	0.33
glimmer	circular_read_999	6	2805	3494	+	0.83
prodigal	circular_read_999	6	2805	3494	+	0.83
phanotate	circular_read_999	10	2853	3494	+	0.50
glimmer	circular_read_999	7	3558	3800	-	0.50
phanotate	circular_read_999	11	3558	3818	-	0.83
prodigal	circular_read_999	7	3558	3818	-	0.83
glimmer	circular_read_999	8	3847	4053	-	0.50
phanotate	circular_read_999	12	3847	4065	-	0.83
prodigal	circular_read_999	8	3847	4065	-	0.83
glimmer	circular_read_999	9	4068	4319	-	1.00
phanotate	circular_read_999	13	4068	4319	-	1.00
prodigal	circular_read_999	9	4068	4319	-	1.00
glimmer	circular_read_999	10	4331	4480	-	0.50
phanotate	circular_read_999	14	4331	4684	-	0.83
prodigal	circular_read_999	10	4331	4684	-	0.83

Gene-call Consensus Scores:
Caller glimmer average gene-call score: 0.82
Caller phanotate average gene-call score: 0.70
Caller prodigal average gene-call score: 0.92

***************Unique List
Unique gene call 1
  --  Gene No. 1, gene caller: phanotate, leftEnd: 2, rightEnd: 157, strand: -, length: 156, contig: circular_read_999, protein: unknown, score1: 0.3333333333333333, score2: 0.0
Unique gene call 2
  --  Gene No. 2, gene caller: phanotate, leftEnd: 147, rightEnd: 533, strand: -, length: 387, contig: circular_read_999, protein: unknown, score1: 0.5, score2: 0.0
Unique gene call 3
  --  Gene No. 1, gene caller: glimmer, leftEnd: 147, rightEnd: 581, strand: -, length: 435, contig: circular_read_999, protein: unknown, score1: 0.8333333333333333, score2: 0.0
  --  Gene No. 1, gene caller: prodigal, leftEnd: 147, rightEnd: 581, strand: -, length: 435, contig: circular_read_999, protein: unknown, score1: 0.8333333333333333, score2: 0.0
Unique gene call 4
  --  Gene No. 2, gene caller: glimmer, leftEnd: 644, rightEnd: 799, strand: -, length: 156, contig: circular_read_999, protein: unknown, score1: 1.0, score2: 0.0
  --  Gene No. 3, gene caller: phanotate, leftEnd: 644, rightEnd: 799, strand: -, length: 156, contig: circular_read_999, protein: unknown, score1: 1.0, score2: 0.0
  --  Gene No. 2, gene caller: prodigal, leftEnd: 644, rightEnd: 799, strand: -, length: 156, contig: circular_read_999, protein: unknown, score1: 1.0, score2: 0.0
Unique gene call 5
  --  Gene No. 3, gene caller: glimmer, leftEnd: 939, rightEnd: 1196, strand: -, length: 258, contig: circular_read_999, protein: unknown, score1: 1.0, score2: 0.0
  --  Gene No. 4, gene caller: phanotate, leftEnd: 939, rightEnd: 1196, strand: -, length: 258, contig: circular_read_999, protein: unknown, score1: 1.0, score2: 0.0
  --  Gene No. 3, gene caller: prodigal, leftEnd: 939, rightEnd: 1196, strand: -, length: 258, contig: circular_read_999, protein: unknown, score1: 1.0, score2: 0.0
Unique gene call 6
  --  Gene No. 4, gene caller: glimmer, leftEnd: 1252, rightEnd: 1905, strand: -, length: 654, contig: circular_read_999, protein: unknown, score1: 1.0, score2: 0.0
  --  Gene No. 5, gene caller: phanotate, leftEnd: 1252, rightEnd: 1905, strand: -, length: 654, contig: circular_read_999, protein: unknown, score1: 1.0, score2: 0.0
  --  Gene No. 4, gene caller: prodigal, leftEnd: 1252, rightEnd: 1905, strand: -, length: 654, contig: circular_read_999, protein: unknown, score1: 1.0, score2: 0.0
Unique gene call 7
  --  Gene No. 5, gene caller: glimmer, leftEnd: 1988, rightEnd: 2167, strand: +, length: 180, contig: circular_read_999, protein: unknown, score1: 1.0, score2: 0.0
  --  Gene No. 6, gene caller: phanotate, leftEnd: 1988, rightEnd: 2167, strand: +, length: 180, contig: circular_read_999, protein: unknown, score1: 1.0, score2: 0.0
  --  Gene No. 5, gene caller: prodigal, leftEnd: 1988, rightEnd: 2167, strand: +, length: 180, contig: circular_read_999, protein: unknown, score1: 1.0, score2: 0.0
Unique gene call 8
  --  Gene No. 7, gene caller: phanotate, leftEnd: 2313, rightEnd: 2426, strand: -, length: 114, contig: circular_read_999, protein: unknown, score1: 0.3333333333333333, score2: 0.0
Unique gene call 9
  --  Gene No. 8, gene caller: phanotate, leftEnd: 2527, rightEnd: 2637, strand: -, length: 111, contig: circular_read_999, protein: unknown, score1: 0.3333333333333333, score2: 0.0
Unique gene call 10
  --  Gene No. 9, gene caller: phanotate, leftEnd: 2759, rightEnd: 2920, strand: -, length: 162, contig: circular_read_999, protein: unknown, score1: 0.3333333333333333, score2: 0.0
Unique gene call 11
  --  Gene No. 6, gene caller: glimmer, leftEnd: 2805, rightEnd: 3494, strand: +, length: 690, contig: circular_read_999, protein: unknown, score1: 0.8333333333333333, score2: 0.0
  --  Gene No. 6, gene caller: prodigal, leftEnd: 2805, rightEnd: 3494, strand: +, length: 690, contig: circular_read_999, protein: unknown, score1: 0.8333333333333333, score2: 0.0
Unique gene call 12
  --  Gene No. 10, gene caller: phanotate, leftEnd: 2853, rightEnd: 3494, strand: +, length: 642, contig: circular_read_999, protein: unknown, score1: 0.5, score2: 0.0
Unique gene call 13
  --  Gene No. 7, gene caller: glimmer, leftEnd: 3558, rightEnd: 3800, strand: -, length: 243, contig: circular_read_999, protein: unknown, score1: 0.5, score2: 0.0
Unique gene call 14
  --  Gene No. 11, gene caller: phanotate, leftEnd: 3558, rightEnd: 3818, strand: -, length: 261, contig: circular_read_999, protein: unknown, score1: 0.8333333333333333, score2: 0.0
  --  Gene No. 7, gene caller: prodigal, leftEnd: 3558, rightEnd: 3818, strand: -, length: 261, contig: circular_read_999, protein: unknown, score1: 0.8333333333333333, score2: 0.0
Unique gene call 15
  --  Gene No. 8, gene caller: glimmer, leftEnd: 3847, rightEnd: 4053, strand: -, length: 207, contig: circular_read_999, protein: unknown, score1: 0.5, score2: 0.0
Unique gene call 16
  --  Gene No. 12, gene caller: phanotate, leftEnd: 3847, rightEnd: 4065, strand: -, length: 219, contig: circular_read_999, protein: unknown, score1: 0.8333333333333333, score2: 0.0
  --  Gene No. 8, gene caller: prodigal, leftEnd: 3847, rightEnd: 4065, strand: -, length: 219, contig: circular_read_999, protein: unknown, score1: 0.8333333333333333, score2: 0.0
Unique gene call 17
  --  Gene No. 9, gene caller: glimmer, leftEnd: 4068, rightEnd: 4319, strand: -, length: 252, contig: circular_read_999, protein: unknown, score1: 1.0, score2: 0.0
  --  Gene No. 13, gene caller: phanotate, leftEnd: 4068, rightEnd: 4319, strand: -, length: 252, contig: circular_read_999, protein: unknown, score1: 1.0, score2: 0.0
  --  Gene No. 9, gene caller: prodigal, leftEnd: 4068, rightEnd: 4319, strand: -, length: 252, contig: circular_read_999, protein: unknown, score1: 1.0, score2: 0.0
Unique gene call 18
  --  Gene No. 10, gene caller: glimmer, leftEnd: 4331, rightEnd: 4480, strand: -, length: 150, contig: circular_read_999, protein: unknown, score1: 0.5, score2: 0.0
Unique gene call 19
  --  Gene No. 14, gene caller: phanotate, leftEnd: 4331, rightEnd: 4684, strand: -, length: 354, contig: circular_read_999, protein: unknown, score1: 0.8333333333333333, score2: 0.0
  --  Gene No. 10, gene caller: prodigal, leftEnd: 4331, rightEnd: 4684, strand: -, length: 354, contig: circular_read_999, protein: unknown, score1: 0.8333333333333333, score2: 0.0
Code complete at 2021-04-21 09:54:22.283903
