Discrepancy Report Results

Summary
DISC_PROTEIN_NAMES:All proteins have same name "hypothetical protein"
FATAL: MISSING_PROTEIN_ID:23 proteins have invalid IDs.
DISC_SOURCE_QUALS_ASNDISC:strain (all present, all unique)
DISC_SOURCE_QUALS_ASNDISC:taxname (all present, all unique)
DISC_FEATURE_COUNT:CDS: 23 present
DISC_COUNT_NUCLEOTIDES:1 nucleotide Bioseqs are present
FEATURE_LOCATION_CONFLICT:23 features have inconsistent gene locations.
DISC_QUALITY_SCORES:Quality scores are missing on all sequences.
ONCALLER_COMMENT_PRESENT:1 comment descriptors were found (all same)
MISSING_GENOMEASSEMBLY_COMMENTS:1 bioseqs are missing GenomeAssembly structured comments
MOLTYPE_NOT_MRNA:1 molecule types are not set as mRNA.
TECHNIQUE_NOT_TSA:1 technique are not set as TSA
MISSING_STRUCTURED_COMMENT:1 sequences do not include structured comments.
MISSING_PROJECT:24 sequences do not include project.
DISC_INCONSISTENT_MOLINFO_TECH:Molinfo Technique Report (some missing, all same)


Detailed Report

DiscRep_ALL:DISC_PROTEIN_NAMES::All proteins have same name "hypothetical protein"

FATAL: DiscRep_ALL:MISSING_PROTEIN_ID::23 proteins have invalid IDs.
prokkacontig_1647/contig_1647:contig_1647_1 (length 238)
prokkacontig_1647/contig_1647:contig_1647_2 (length 113)
prokkacontig_1647/contig_1647:contig_1647_3 (length 158)
prokkacontig_1647/contig_1647:contig_1647_4 (length 382)
prokkacontig_1647/contig_1647:contig_1647_5 (length 70)
prokkacontig_1647/contig_1647:contig_1647_6 (length 103)
prokkacontig_1647/contig_1647:contig_1647_7 (length 505)
prokkacontig_1647/contig_1647:contig_1647_8 (length 101)
prokkacontig_1647/contig_1647:contig_1647_9 (length 98)
prokkacontig_1647/contig_1647:contig_1647_10 (length 141)
prokkacontig_1647/contig_1647:contig_1647_11 (length 51)
prokkacontig_1647/contig_1647:contig_1647_12 (length 129)
prokkacontig_1647/contig_1647:contig_1647_13 (length 76)
prokkacontig_1647/contig_1647:contig_1647_14 (length 107)
prokkacontig_1647/contig_1647:contig_1647_15 (length 180)
prokkacontig_1647/contig_1647:contig_1647_16 (length 173)
prokkacontig_1647/contig_1647:contig_1647_17 (length 200)
prokkacontig_1647/contig_1647:contig_1647_18 (length 265)
prokkacontig_1647/contig_1647:contig_1647_19 (length 83)
prokkacontig_1647/contig_1647:contig_1647_20 (length 65)
prokkacontig_1647/contig_1647:contig_1647_21 (length 51)
prokkacontig_1647/contig_1647:contig_1647_22 (length 108)
prokkacontig_1647/contig_1647:contig_1647_23 (length 214)

DiscRep_ALL:DISC_SOURCE_QUALS_ASNDISC::strain (all present, all unique)
DiscRep_SUB:DISC_SOURCE_QUALS_ASNDISC::1 sources have unique values for strain
DiscRep_ALL:DISC_SOURCE_QUALS_ASNDISC::taxname (all present, all unique)
DiscRep_SUB:DISC_SOURCE_QUALS_ASNDISC::1 sources have unique values for taxname
DiscRep_ALL:DISC_FEATURE_COUNT::CDS: 23 present
DiscRep_ALL:DISC_COUNT_NUCLEOTIDES::1 nucleotide Bioseqs are present
prokkacontig_1647/contig_1647:contig_1647 (length 13223)

DiscRep_ALL:FEATURE_LOCATION_CONFLICT::23 features have inconsistent gene locations.
DiscRep_SUB:FEATURE_LOCATION_CONFLICT::Coding region xref gene does not exist
prokkacontig_1647/contig_1647:CDS	hypothetical protein	contig_1647:26-742	LPCOELHB_00001

DiscRep_SUB:FEATURE_LOCATION_CONFLICT::Coding region xref gene does not exist
prokkacontig_1647/contig_1647:CDS	hypothetical protein	contig_1647:724-1065	LPCOELHB_00002

DiscRep_SUB:FEATURE_LOCATION_CONFLICT::Coding region xref gene does not exist
prokkacontig_1647/contig_1647:CDS	hypothetical protein	contig_1647:1067-1543	LPCOELHB_00003

DiscRep_SUB:FEATURE_LOCATION_CONFLICT::Coding region xref gene does not exist
prokkacontig_1647/contig_1647:CDS	hypothetical protein	contig_1647:1530-2678	LPCOELHB_00004

DiscRep_SUB:FEATURE_LOCATION_CONFLICT::Coding region xref gene does not exist
prokkacontig_1647/contig_1647:CDS	hypothetical protein	contig_1647:2671-2883	LPCOELHB_00005

DiscRep_SUB:FEATURE_LOCATION_CONFLICT::Coding region xref gene does not exist
prokkacontig_1647/contig_1647:CDS	hypothetical protein	contig_1647:2907-3218	LPCOELHB_00006

DiscRep_SUB:FEATURE_LOCATION_CONFLICT::Coding region xref gene does not exist
prokkacontig_1647/contig_1647:CDS	hypothetical protein	contig_1647:3234-4751	LPCOELHB_00007

DiscRep_SUB:FEATURE_LOCATION_CONFLICT::Coding region xref gene does not exist
prokkacontig_1647/contig_1647:CDS	hypothetical protein	contig_1647:4763-5068	LPCOELHB_00008

DiscRep_SUB:FEATURE_LOCATION_CONFLICT::Coding region xref gene does not exist
prokkacontig_1647/contig_1647:CDS	hypothetical protein	contig_1647:5122-5418	LPCOELHB_00009

DiscRep_SUB:FEATURE_LOCATION_CONFLICT::Coding region xref gene does not exist
prokkacontig_1647/contig_1647:CDS	hypothetical protein	contig_1647:5434-5859	LPCOELHB_00010

DiscRep_SUB:FEATURE_LOCATION_CONFLICT::Coding region xref gene does not exist
prokkacontig_1647/contig_1647:CDS	hypothetical protein	contig_1647:5846-6001	LPCOELHB_00011

DiscRep_SUB:FEATURE_LOCATION_CONFLICT::Coding region xref gene does not exist
prokkacontig_1647/contig_1647:CDS	hypothetical protein	contig_1647:5976-6365	LPCOELHB_00012

DiscRep_SUB:FEATURE_LOCATION_CONFLICT::Coding region xref gene does not exist
prokkacontig_1647/contig_1647:CDS	hypothetical protein	contig_1647:6378-6608	LPCOELHB_00013

DiscRep_SUB:FEATURE_LOCATION_CONFLICT::Coding region xref gene does not exist
prokkacontig_1647/contig_1647:CDS	hypothetical protein	contig_1647:6639-6962	LPCOELHB_00014

DiscRep_SUB:FEATURE_LOCATION_CONFLICT::Coding region xref gene does not exist
prokkacontig_1647/contig_1647:CDS	hypothetical protein	contig_1647:7207-7749	LPCOELHB_00015

DiscRep_SUB:FEATURE_LOCATION_CONFLICT::Coding region xref gene does not exist
prokkacontig_1647/contig_1647:CDS	hypothetical protein	contig_1647:7831-8352	LPCOELHB_00016

DiscRep_SUB:FEATURE_LOCATION_CONFLICT::Coding region xref gene does not exist
prokkacontig_1647/contig_1647:CDS	hypothetical protein	contig_1647:c8979-8377	LPCOELHB_00017

DiscRep_SUB:FEATURE_LOCATION_CONFLICT::Coding region xref gene does not exist
prokkacontig_1647/contig_1647:CDS	hypothetical protein	contig_1647:c9858-9061	LPCOELHB_00018

DiscRep_SUB:FEATURE_LOCATION_CONFLICT::Coding region xref gene does not exist
prokkacontig_1647/contig_1647:CDS	hypothetical protein	contig_1647:c10165-9914	LPCOELHB_00019

DiscRep_SUB:FEATURE_LOCATION_CONFLICT::Coding region xref gene does not exist
prokkacontig_1647/contig_1647:CDS	hypothetical protein	contig_1647:c11157-10960	LPCOELHB_00020

DiscRep_SUB:FEATURE_LOCATION_CONFLICT::Coding region xref gene does not exist
prokkacontig_1647/contig_1647:CDS	hypothetical protein	contig_1647:c11365-11210	LPCOELHB_00021

DiscRep_SUB:FEATURE_LOCATION_CONFLICT::Coding region xref gene does not exist
prokkacontig_1647/contig_1647:CDS	hypothetical protein	contig_1647:c12040-11714	LPCOELHB_00022

DiscRep_SUB:FEATURE_LOCATION_CONFLICT::Coding region xref gene does not exist
prokkacontig_1647/contig_1647:CDS	hypothetical protein	contig_1647:c12911-12267	LPCOELHB_00023

DiscRep_ALL:DISC_QUALITY_SCORES::Quality scores are missing on all sequences.

DiscRep_ALL:ONCALLER_COMMENT_PRESENT::1 comment descriptors were found (all same)
prokkacontig_1647/contig_1647:contig_1647:Annotated using prokka 1.14.6 from https://github.com/tseemann/prokka

DiscRep_ALL:MISSING_GENOMEASSEMBLY_COMMENTS::1 bioseqs are missing GenomeAssembly structured comments
prokkacontig_1647/contig_1647:contig_1647 (length 13223)

DiscRep_ALL:MOLTYPE_NOT_MRNA::1 molecule types are not set as mRNA.
prokkacontig_1647/contig_1647:contig_1647 (length 13223)

DiscRep_ALL:TECHNIQUE_NOT_TSA::1 technique are not set as TSA
prokkacontig_1647/contig_1647:contig_1647 (length 13223)

DiscRep_ALL:MISSING_STRUCTURED_COMMENT::1 sequences do not include structured comments.
prokkacontig_1647/contig_1647:contig_1647 (length 13223)

DiscRep_ALL:MISSING_PROJECT::24 sequences do not include project.
prokkacontig_1647/contig_1647:contig_1647 (length 13223)
prokkacontig_1647/contig_1647:contig_1647_1 (length 238)
prokkacontig_1647/contig_1647:contig_1647_2 (length 113)
prokkacontig_1647/contig_1647:contig_1647_3 (length 158)
prokkacontig_1647/contig_1647:contig_1647_4 (length 382)
prokkacontig_1647/contig_1647:contig_1647_5 (length 70)
prokkacontig_1647/contig_1647:contig_1647_6 (length 103)
prokkacontig_1647/contig_1647:contig_1647_7 (length 505)
prokkacontig_1647/contig_1647:contig_1647_8 (length 101)
prokkacontig_1647/contig_1647:contig_1647_9 (length 98)
prokkacontig_1647/contig_1647:contig_1647_10 (length 141)
prokkacontig_1647/contig_1647:contig_1647_11 (length 51)
prokkacontig_1647/contig_1647:contig_1647_12 (length 129)
prokkacontig_1647/contig_1647:contig_1647_13 (length 76)
prokkacontig_1647/contig_1647:contig_1647_14 (length 107)
prokkacontig_1647/contig_1647:contig_1647_15 (length 180)
prokkacontig_1647/contig_1647:contig_1647_16 (length 173)
prokkacontig_1647/contig_1647:contig_1647_17 (length 200)
prokkacontig_1647/contig_1647:contig_1647_18 (length 265)
prokkacontig_1647/contig_1647:contig_1647_19 (length 83)
prokkacontig_1647/contig_1647:contig_1647_20 (length 65)
prokkacontig_1647/contig_1647:contig_1647_21 (length 51)
prokkacontig_1647/contig_1647:contig_1647_22 (length 108)
prokkacontig_1647/contig_1647:contig_1647_23 (length 214)

DiscRep_ALL:DISC_INCONSISTENT_MOLINFO_TECH::Molinfo Technique Report (some missing, all same)
DiscRep_SUB:DISC_INCONSISTENT_MOLINFO_TECH::technique (all missing)
DiscRep_SUB:DISC_INCONSISTENT_MOLINFO_TECH::1 Molinfos are missing field technique
prokkacontig_1647/contig_1647:contig_1647 (length 13223)

