Opening log at 2021-04-21 09:43:18.706815
Iterating through fileSet at 2021-04-21 09:43:18.706991
fileSet is ['/home/james/Software/multiPhATE2/PipelineOutput/circular_pair_2958/commoncore.cgc', '/home/james/Software/multiPhATE2/PipelineOutput/circular_pair_2958/consensus.cgc', '/home/james/Software/multiPhATE2/PipelineOutput/circular_pair_2958/glimmer.cgc', '/home/james/Software/multiPhATE2/PipelineOutput/circular_pair_2958/phanotate.cgc', '/home/james/Software/multiPhATE2/PipelineOutput/circular_pair_2958/prodigal.cgc', '/home/james/Software/multiPhATE2/PipelineOutput/circular_pair_2958/superset.cgc']
Opening geneFile /home/james/Software/multiPhATE2/PipelineOutput/circular_pair_2958/commoncore.cgc
Adding calls from geneFile /home/james/Software/multiPhATE2/PipelineOutput/circular_pair_2958/commoncore.cgc
Appending call set  number of calls is: 0
Opening geneFile /home/james/Software/multiPhATE2/PipelineOutput/circular_pair_2958/consensus.cgc
Adding calls from geneFile /home/james/Software/multiPhATE2/PipelineOutput/circular_pair_2958/consensus.cgc
Appending call set  number of calls is: 0
Opening geneFile /home/james/Software/multiPhATE2/PipelineOutput/circular_pair_2958/glimmer.cgc
Adding calls from geneFile /home/james/Software/multiPhATE2/PipelineOutput/circular_pair_2958/glimmer.cgc
Appending call set  number of calls is: 9
Opening geneFile /home/james/Software/multiPhATE2/PipelineOutput/circular_pair_2958/phanotate.cgc
Adding calls from geneFile /home/james/Software/multiPhATE2/PipelineOutput/circular_pair_2958/phanotate.cgc
Appending call set  number of calls is: 14
Opening geneFile /home/james/Software/multiPhATE2/PipelineOutput/circular_pair_2958/prodigal.cgc
Adding calls from geneFile /home/james/Software/multiPhATE2/PipelineOutput/circular_pair_2958/prodigal.cgc
Appending call set  number of calls is: 9
Opening geneFile /home/james/Software/multiPhATE2/PipelineOutput/circular_pair_2958/superset.cgc
Adding calls from geneFile /home/james/Software/multiPhATE2/PipelineOutput/circular_pair_2958/superset.cgc
Appending call set  number of calls is: 0
All call sets have been added to caller list. Number of call sets in callerList: 6
callerList is   glimmer phanotate prodigal  
Total number of gene calls across callerList call sets is: 32
Sorting gene calls for each caller
Processing a callSet
Before sorting, Length of callerList for caller  is 0
After sorting, Length of callerList for caller  is 0
Processing a callSet
Before sorting, Length of callerList for caller  is 0
After sorting, Length of callerList for caller  is 0
Processing a callSet
Before sorting, Length of callerList for caller glimmer is 9
After sorting, Length of callerList for caller glimmer is 9
Processing a callSet
Before sorting, Length of callerList for caller phanotate is 14
After sorting, Length of callerList for caller phanotate is 14
Processing a callSet
Before sorting, Length of callerList for caller prodigal is 9
After sorting, Length of callerList for caller prodigal is 9
Processing a callSet
Before sorting, Length of callerList for caller  is 0
After sorting, Length of callerList for caller  is 0
callSet processing complete
Comparing across the call sets...
Merging the geneCall sets....
Final merged genes:

***************Merge List
1	Gene No. 1, gene caller: phanotate, leftEnd: 102, rightEnd: 197, strand: +, length: 96, contig: circular_pair_2958, protein: unknown, score1: 1.0, score2: 0.0
2	Gene No. 2, gene caller: phanotate, leftEnd: 182, rightEnd: 283, strand: +, length: 102, contig: circular_pair_2958, protein: unknown, score1: 1.0, score2: 0.0
3	Gene No. 1, gene caller: prodigal, leftEnd: 283, rightEnd: 822, strand: +, length: 540, contig: circular_pair_2958, protein: unknown, score1: 1.0, score2: 0.0
4	Gene No. 1, gene caller: glimmer, leftEnd: 322, rightEnd: 822, strand: +, length: 501, contig: circular_pair_2958, protein: unknown, score1: 1.0, score2: 0.0
5	Gene No. 3, gene caller: phanotate, leftEnd: 322, rightEnd: 822, strand: +, length: 501, contig: circular_pair_2958, protein: unknown, score1: 1.0, score2: 0.0
6	Gene No. 2, gene caller: glimmer, leftEnd: 871, rightEnd: 1080, strand: +, length: 210, contig: circular_pair_2958, protein: unknown, score1: 1.0, score2: 0.0
7	Gene No. 4, gene caller: phanotate, leftEnd: 871, rightEnd: 1080, strand: +, length: 210, contig: circular_pair_2958, protein: unknown, score1: 1.0, score2: 0.0
8	Gene No. 2, gene caller: prodigal, leftEnd: 871, rightEnd: 1080, strand: +, length: 210, contig: circular_pair_2958, protein: unknown, score1: 1.0, score2: 0.0
9	Gene No. 3, gene caller: glimmer, leftEnd: 1230, rightEnd: 1898, strand: +, length: 669, contig: circular_pair_2958, protein: unknown, score1: 1.0, score2: 0.0
10	Gene No. 5, gene caller: phanotate, leftEnd: 1230, rightEnd: 1898, strand: +, length: 669, contig: circular_pair_2958, protein: unknown, score1: 1.0, score2: 0.0
11	Gene No. 3, gene caller: prodigal, leftEnd: 1230, rightEnd: 1898, strand: +, length: 669, contig: circular_pair_2958, protein: unknown, score1: 1.0, score2: 0.0
12	Gene No. 4, gene caller: glimmer, leftEnd: 1895, rightEnd: 2104, strand: +, length: 210, contig: circular_pair_2958, protein: unknown, score1: 1.0, score2: 0.0
13	Gene No. 6, gene caller: phanotate, leftEnd: 1895, rightEnd: 2104, strand: +, length: 210, contig: circular_pair_2958, protein: unknown, score1: 1.0, score2: 0.0
14	Gene No. 4, gene caller: prodigal, leftEnd: 1895, rightEnd: 2104, strand: +, length: 210, contig: circular_pair_2958, protein: unknown, score1: 1.0, score2: 0.0
15	Gene No. 7, gene caller: phanotate, leftEnd: 2133, rightEnd: 2225, strand: +, length: 93, contig: circular_pair_2958, protein: unknown, score1: 1.0, score2: 0.0
16	Gene No. 5, gene caller: glimmer, leftEnd: 2210, rightEnd: 2488, strand: +, length: 279, contig: circular_pair_2958, protein: unknown, score1: 1.0, score2: 0.0
17	Gene No. 8, gene caller: phanotate, leftEnd: 2210, rightEnd: 2488, strand: +, length: 279, contig: circular_pair_2958, protein: unknown, score1: 1.0, score2: 0.0
18	Gene No. 5, gene caller: prodigal, leftEnd: 2210, rightEnd: 2488, strand: +, length: 279, contig: circular_pair_2958, protein: unknown, score1: 1.0, score2: 0.0
19	Gene No. 6, gene caller: glimmer, leftEnd: 2506, rightEnd: 2718, strand: +, length: 213, contig: circular_pair_2958, protein: unknown, score1: 1.0, score2: 0.0
20	Gene No. 9, gene caller: phanotate, leftEnd: 2506, rightEnd: 2718, strand: +, length: 213, contig: circular_pair_2958, protein: unknown, score1: 1.0, score2: 0.0
21	Gene No. 6, gene caller: prodigal, leftEnd: 2506, rightEnd: 2718, strand: +, length: 213, contig: circular_pair_2958, protein: unknown, score1: 1.0, score2: 0.0
22	Gene No. 7, gene caller: glimmer, leftEnd: 2730, rightEnd: 3296, strand: +, length: 567, contig: circular_pair_2958, protein: unknown, score1: 1.0, score2: 0.0
23	Gene No. 10, gene caller: phanotate, leftEnd: 2730, rightEnd: 3296, strand: +, length: 567, contig: circular_pair_2958, protein: unknown, score1: 1.0, score2: 0.0
24	Gene No. 7, gene caller: prodigal, leftEnd: 2730, rightEnd: 3296, strand: +, length: 567, contig: circular_pair_2958, protein: unknown, score1: 1.0, score2: 0.0
25	Gene No. 8, gene caller: glimmer, leftEnd: 3262, rightEnd: 3828, strand: +, length: 567, contig: circular_pair_2958, protein: unknown, score1: 1.0, score2: 0.0
26	Gene No. 11, gene caller: phanotate, leftEnd: 3262, rightEnd: 3828, strand: +, length: 567, contig: circular_pair_2958, protein: unknown, score1: 1.0, score2: 0.0
27	Gene No. 8, gene caller: prodigal, leftEnd: 3262, rightEnd: 3828, strand: +, length: 567, contig: circular_pair_2958, protein: unknown, score1: 1.0, score2: 0.0
28	Gene No. 12, gene caller: phanotate, leftEnd: 3925, rightEnd: 4065, strand: +, length: 141, contig: circular_pair_2958, protein: unknown, score1: 1.0, score2: 0.0
29	Gene No. 9, gene caller: glimmer, leftEnd: 4144, rightEnd: 4746, strand: -, length: 603, contig: circular_pair_2958, protein: unknown, score1: 1.0, score2: 0.0
30	Gene No. 13, gene caller: phanotate, leftEnd: 4144, rightEnd: 4746, strand: -, length: 603, contig: circular_pair_2958, protein: unknown, score1: 1.0, score2: 0.0
31	Gene No. 9, gene caller: prodigal, leftEnd: 4144, rightEnd: 4746, strand: -, length: 603, contig: circular_pair_2958, protein: unknown, score1: 1.0, score2: 0.0
32	Gene No. 14, gene caller: phanotate, leftEnd: 4743, rightEnd: 4847, strand: -, length: 105, contig: circular_pair_2958, protein: unknown, score1: 1.0, score2: 0.0
Comparing across geneCall sets....
Scoring gene calls....
Identifying common core...
This is the Common Core List:

***************Common Core
CC-gene 1	Gene No. 1, gene caller: All_callers, leftEnd: 871, rightEnd: 1080, strand: +, length: 210, contig: circular_pair_2958, protein: unknown, score1: 1.0, score2: 0.0
CC-gene 2	Gene No. 1, gene caller: All_callers, leftEnd: 1230, rightEnd: 1898, strand: +, length: 669, contig: circular_pair_2958, protein: unknown, score1: 1.0, score2: 0.0
CC-gene 3	Gene No. 1, gene caller: All_callers, leftEnd: 1895, rightEnd: 2104, strand: +, length: 210, contig: circular_pair_2958, protein: unknown, score1: 1.0, score2: 0.0
CC-gene 4	Gene No. 1, gene caller: All_callers, leftEnd: 2210, rightEnd: 2488, strand: +, length: 279, contig: circular_pair_2958, protein: unknown, score1: 1.0, score2: 0.0
CC-gene 5	Gene No. 1, gene caller: All_callers, leftEnd: 2506, rightEnd: 2718, strand: +, length: 213, contig: circular_pair_2958, protein: unknown, score1: 1.0, score2: 0.0
CC-gene 6	Gene No. 1, gene caller: All_callers, leftEnd: 2730, rightEnd: 3296, strand: +, length: 567, contig: circular_pair_2958, protein: unknown, score1: 1.0, score2: 0.0
CC-gene 7	Gene No. 1, gene caller: All_callers, leftEnd: 3262, rightEnd: 3828, strand: +, length: 567, contig: circular_pair_2958, protein: unknown, score1: 1.0, score2: 0.0
CC-gene 8	Gene No. 1, gene caller: All_callers, leftEnd: 4144, rightEnd: 4746, strand: -, length: 603, contig: circular_pair_2958, protein: unknown, score1: 1.0, score2: 0.0
Printing gene-call superset, consensus, and common_core in GFF and CGC formats
Printing report....
The following gene callers were considered: glimmer, phanotate, prodigal, The number of distinct gene calls over all gene callers is 15
The number of gene calls in common among all callers is 8
The number of unique (non-matching) gene calls is6
Caller glimmer produced 9 gene calls.
Caller glimmer gene-call length stats:  min: 210, max: 669, ave: 424.3333333333333
Caller phanotate produced 14 gene calls.
Caller phanotate gene-call length stats:  min: 93, max: 669, ave: 311.14285714285717
Caller prodigal produced 9 gene calls.
Caller prodigal gene-call length stats:  min: 210, max: 669, ave: 428.6666666666667

Gene-call Scores:
Caller	Contig	Gene No.	Left End	Right End	Strand	gcScore
phanotate	circular_pair_2958	1	102	197	+	0.33
phanotate	circular_pair_2958	2	182	283	+	0.33
prodigal	circular_pair_2958	1	283	822	+	0.50
glimmer	circular_pair_2958	1	322	822	+	0.83
phanotate	circular_pair_2958	3	322	822	+	0.83
glimmer	circular_pair_2958	2	871	1080	+	1.00
phanotate	circular_pair_2958	4	871	1080	+	1.00
prodigal	circular_pair_2958	2	871	1080	+	1.00
glimmer	circular_pair_2958	3	1230	1898	+	1.00
phanotate	circular_pair_2958	5	1230	1898	+	1.00
prodigal	circular_pair_2958	3	1230	1898	+	1.00
glimmer	circular_pair_2958	4	1895	2104	+	1.00
phanotate	circular_pair_2958	6	1895	2104	+	1.00
prodigal	circular_pair_2958	4	1895	2104	+	1.00
phanotate	circular_pair_2958	7	2133	2225	+	0.33
glimmer	circular_pair_2958	5	2210	2488	+	1.00
phanotate	circular_pair_2958	8	2210	2488	+	1.00
prodigal	circular_pair_2958	5	2210	2488	+	1.00
glimmer	circular_pair_2958	6	2506	2718	+	1.00
phanotate	circular_pair_2958	9	2506	2718	+	1.00
prodigal	circular_pair_2958	6	2506	2718	+	1.00
glimmer	circular_pair_2958	7	2730	3296	+	1.00
phanotate	circular_pair_2958	10	2730	3296	+	1.00
prodigal	circular_pair_2958	7	2730	3296	+	1.00
glimmer	circular_pair_2958	8	3262	3828	+	1.00
phanotate	circular_pair_2958	11	3262	3828	+	1.00
prodigal	circular_pair_2958	8	3262	3828	+	1.00
phanotate	circular_pair_2958	12	3925	4065	+	0.33
glimmer	circular_pair_2958	9	4144	4746	-	1.00
phanotate	circular_pair_2958	13	4144	4746	-	1.00
prodigal	circular_pair_2958	9	4144	4746	-	1.00
phanotate	circular_pair_2958	14	4743	4847	-	0.33

Gene-call Consensus Scores:
Caller glimmer average gene-call score: 0.98
Caller phanotate average gene-call score: 0.75
Caller prodigal average gene-call score: 0.94

***************Unique List
Unique gene call 1
  --  Gene No. 1, gene caller: phanotate, leftEnd: 102, rightEnd: 197, strand: +, length: 96, contig: circular_pair_2958, protein: unknown, score1: 0.3333333333333333, score2: 0.0
Unique gene call 2
  --  Gene No. 2, gene caller: phanotate, leftEnd: 182, rightEnd: 283, strand: +, length: 102, contig: circular_pair_2958, protein: unknown, score1: 0.3333333333333333, score2: 0.0
Unique gene call 3
  --  Gene No. 1, gene caller: prodigal, leftEnd: 283, rightEnd: 822, strand: +, length: 540, contig: circular_pair_2958, protein: unknown, score1: 0.5, score2: 0.0
Unique gene call 4
  --  Gene No. 1, gene caller: glimmer, leftEnd: 322, rightEnd: 822, strand: +, length: 501, contig: circular_pair_2958, protein: unknown, score1: 0.8333333333333333, score2: 0.0
  --  Gene No. 3, gene caller: phanotate, leftEnd: 322, rightEnd: 822, strand: +, length: 501, contig: circular_pair_2958, protein: unknown, score1: 0.8333333333333333, score2: 0.0
Unique gene call 5
  --  Gene No. 2, gene caller: glimmer, leftEnd: 871, rightEnd: 1080, strand: +, length: 210, contig: circular_pair_2958, protein: unknown, score1: 1.0, score2: 0.0
  --  Gene No. 4, gene caller: phanotate, leftEnd: 871, rightEnd: 1080, strand: +, length: 210, contig: circular_pair_2958, protein: unknown, score1: 1.0, score2: 0.0
  --  Gene No. 2, gene caller: prodigal, leftEnd: 871, rightEnd: 1080, strand: +, length: 210, contig: circular_pair_2958, protein: unknown, score1: 1.0, score2: 0.0
Unique gene call 6
  --  Gene No. 3, gene caller: glimmer, leftEnd: 1230, rightEnd: 1898, strand: +, length: 669, contig: circular_pair_2958, protein: unknown, score1: 1.0, score2: 0.0
  --  Gene No. 5, gene caller: phanotate, leftEnd: 1230, rightEnd: 1898, strand: +, length: 669, contig: circular_pair_2958, protein: unknown, score1: 1.0, score2: 0.0
  --  Gene No. 3, gene caller: prodigal, leftEnd: 1230, rightEnd: 1898, strand: +, length: 669, contig: circular_pair_2958, protein: unknown, score1: 1.0, score2: 0.0
Unique gene call 7
  --  Gene No. 4, gene caller: glimmer, leftEnd: 1895, rightEnd: 2104, strand: +, length: 210, contig: circular_pair_2958, protein: unknown, score1: 1.0, score2: 0.0
  --  Gene No. 6, gene caller: phanotate, leftEnd: 1895, rightEnd: 2104, strand: +, length: 210, contig: circular_pair_2958, protein: unknown, score1: 1.0, score2: 0.0
  --  Gene No. 4, gene caller: prodigal, leftEnd: 1895, rightEnd: 2104, strand: +, length: 210, contig: circular_pair_2958, protein: unknown, score1: 1.0, score2: 0.0
Unique gene call 8
  --  Gene No. 7, gene caller: phanotate, leftEnd: 2133, rightEnd: 2225, strand: +, length: 93, contig: circular_pair_2958, protein: unknown, score1: 0.3333333333333333, score2: 0.0
Unique gene call 9
  --  Gene No. 5, gene caller: glimmer, leftEnd: 2210, rightEnd: 2488, strand: +, length: 279, contig: circular_pair_2958, protein: unknown, score1: 1.0, score2: 0.0
  --  Gene No. 8, gene caller: phanotate, leftEnd: 2210, rightEnd: 2488, strand: +, length: 279, contig: circular_pair_2958, protein: unknown, score1: 1.0, score2: 0.0
  --  Gene No. 5, gene caller: prodigal, leftEnd: 2210, rightEnd: 2488, strand: +, length: 279, contig: circular_pair_2958, protein: unknown, score1: 1.0, score2: 0.0
Unique gene call 10
  --  Gene No. 6, gene caller: glimmer, leftEnd: 2506, rightEnd: 2718, strand: +, length: 213, contig: circular_pair_2958, protein: unknown, score1: 1.0, score2: 0.0
  --  Gene No. 9, gene caller: phanotate, leftEnd: 2506, rightEnd: 2718, strand: +, length: 213, contig: circular_pair_2958, protein: unknown, score1: 1.0, score2: 0.0
  --  Gene No. 6, gene caller: prodigal, leftEnd: 2506, rightEnd: 2718, strand: +, length: 213, contig: circular_pair_2958, protein: unknown, score1: 1.0, score2: 0.0
Unique gene call 11
  --  Gene No. 7, gene caller: glimmer, leftEnd: 2730, rightEnd: 3296, strand: +, length: 567, contig: circular_pair_2958, protein: unknown, score1: 1.0, score2: 0.0
  --  Gene No. 10, gene caller: phanotate, leftEnd: 2730, rightEnd: 3296, strand: +, length: 567, contig: circular_pair_2958, protein: unknown, score1: 1.0, score2: 0.0
  --  Gene No. 7, gene caller: prodigal, leftEnd: 2730, rightEnd: 3296, strand: +, length: 567, contig: circular_pair_2958, protein: unknown, score1: 1.0, score2: 0.0
Unique gene call 12
  --  Gene No. 8, gene caller: glimmer, leftEnd: 3262, rightEnd: 3828, strand: +, length: 567, contig: circular_pair_2958, protein: unknown, score1: 1.0, score2: 0.0
  --  Gene No. 11, gene caller: phanotate, leftEnd: 3262, rightEnd: 3828, strand: +, length: 567, contig: circular_pair_2958, protein: unknown, score1: 1.0, score2: 0.0
  --  Gene No. 8, gene caller: prodigal, leftEnd: 3262, rightEnd: 3828, strand: +, length: 567, contig: circular_pair_2958, protein: unknown, score1: 1.0, score2: 0.0
Unique gene call 13
  --  Gene No. 12, gene caller: phanotate, leftEnd: 3925, rightEnd: 4065, strand: +, length: 141, contig: circular_pair_2958, protein: unknown, score1: 0.3333333333333333, score2: 0.0
Unique gene call 14
  --  Gene No. 9, gene caller: glimmer, leftEnd: 4144, rightEnd: 4746, strand: -, length: 603, contig: circular_pair_2958, protein: unknown, score1: 1.0, score2: 0.0
  --  Gene No. 13, gene caller: phanotate, leftEnd: 4144, rightEnd: 4746, strand: -, length: 603, contig: circular_pair_2958, protein: unknown, score1: 1.0, score2: 0.0
  --  Gene No. 9, gene caller: prodigal, leftEnd: 4144, rightEnd: 4746, strand: -, length: 603, contig: circular_pair_2958, protein: unknown, score1: 1.0, score2: 0.0
Unique gene call 15
  --  Gene No. 14, gene caller: phanotate, leftEnd: 4743, rightEnd: 4847, strand: -, length: 105, contig: circular_pair_2958, protein: unknown, score1: 0.3333333333333333, score2: 0.0
Code complete at 2021-04-21 09:43:18.713530
