Opening log at 2021-04-21 09:32:19.810388
Iterating through fileSet at 2021-04-21 09:32:19.810558
fileSet is ['/home/james/Software/multiPhATE2/PipelineOutput/contig_2572/commoncore.cgc', '/home/james/Software/multiPhATE2/PipelineOutput/contig_2572/consensus.cgc', '/home/james/Software/multiPhATE2/PipelineOutput/contig_2572/glimmer.cgc', '/home/james/Software/multiPhATE2/PipelineOutput/contig_2572/phanotate.cgc', '/home/james/Software/multiPhATE2/PipelineOutput/contig_2572/prodigal.cgc', '/home/james/Software/multiPhATE2/PipelineOutput/contig_2572/superset.cgc']
Opening geneFile /home/james/Software/multiPhATE2/PipelineOutput/contig_2572/commoncore.cgc
Adding calls from geneFile /home/james/Software/multiPhATE2/PipelineOutput/contig_2572/commoncore.cgc
Appending call set  number of calls is: 0
Opening geneFile /home/james/Software/multiPhATE2/PipelineOutput/contig_2572/consensus.cgc
Adding calls from geneFile /home/james/Software/multiPhATE2/PipelineOutput/contig_2572/consensus.cgc
Appending call set  number of calls is: 0
Opening geneFile /home/james/Software/multiPhATE2/PipelineOutput/contig_2572/glimmer.cgc
Adding calls from geneFile /home/james/Software/multiPhATE2/PipelineOutput/contig_2572/glimmer.cgc
Appending call set  number of calls is: 19
Opening geneFile /home/james/Software/multiPhATE2/PipelineOutput/contig_2572/phanotate.cgc
Adding calls from geneFile /home/james/Software/multiPhATE2/PipelineOutput/contig_2572/phanotate.cgc
Appending call set  number of calls is: 29
Opening geneFile /home/james/Software/multiPhATE2/PipelineOutput/contig_2572/prodigal.cgc
Adding calls from geneFile /home/james/Software/multiPhATE2/PipelineOutput/contig_2572/prodigal.cgc
Appending call set  number of calls is: 15
Opening geneFile /home/james/Software/multiPhATE2/PipelineOutput/contig_2572/superset.cgc
Adding calls from geneFile /home/james/Software/multiPhATE2/PipelineOutput/contig_2572/superset.cgc
Appending call set  number of calls is: 0
All call sets have been added to caller list. Number of call sets in callerList: 6
callerList is   glimmer phanotate prodigal  
Total number of gene calls across callerList call sets is: 63
Sorting gene calls for each caller
Processing a callSet
Before sorting, Length of callerList for caller  is 0
After sorting, Length of callerList for caller  is 0
Processing a callSet
Before sorting, Length of callerList for caller  is 0
After sorting, Length of callerList for caller  is 0
Processing a callSet
Before sorting, Length of callerList for caller glimmer is 19
After sorting, Length of callerList for caller glimmer is 19
Processing a callSet
Before sorting, Length of callerList for caller phanotate is 29
After sorting, Length of callerList for caller phanotate is 29
Processing a callSet
Before sorting, Length of callerList for caller prodigal is 15
After sorting, Length of callerList for caller prodigal is 15
Processing a callSet
Before sorting, Length of callerList for caller  is 0
After sorting, Length of callerList for caller  is 0
callSet processing complete
Comparing across the call sets...
Merging the geneCall sets....
Final merged genes:

***************Merge List
1	Gene No. 1, gene caller: phanotate, leftEnd: 3, rightEnd: 134, strand: -, length: 132, contig: contig_2572, protein: unknown, score1: 1.0, score2: 0.0
2	Gene No. 2, gene caller: phanotate, leftEnd: 131, rightEnd: 232, strand: -, length: 102, contig: contig_2572, protein: unknown, score1: 1.0, score2: 0.0
3	Gene No. 1, gene caller: glimmer, leftEnd: 131, rightEnd: 328, strand: -, length: 198, contig: contig_2572, protein: unknown, score1: 1.0, score2: 0.0
4	Gene No. 3, gene caller: phanotate, leftEnd: 283, rightEnd: 453, strand: -, length: 171, contig: contig_2572, protein: unknown, score1: 1.0, score2: 0.0
5	Gene No. 2, gene caller: glimmer, leftEnd: 1360, rightEnd: 1569, strand: +, length: 210, contig: contig_2572, protein: unknown, score1: 1.0, score2: 0.0
6	Gene No. 4, gene caller: phanotate, leftEnd: 1360, rightEnd: 1569, strand: +, length: 210, contig: contig_2572, protein: unknown, score1: 1.0, score2: 0.0
7	Gene No. 3, gene caller: glimmer, leftEnd: 1739, rightEnd: 2260, strand: +, length: 522, contig: contig_2572, protein: unknown, score1: 1.0, score2: 0.0
8	Gene No. 5, gene caller: phanotate, leftEnd: 1739, rightEnd: 2260, strand: +, length: 522, contig: contig_2572, protein: unknown, score1: 1.0, score2: 0.0
9	Gene No. 1, gene caller: prodigal, leftEnd: 1739, rightEnd: 2260, strand: +, length: 522, contig: contig_2572, protein: unknown, score1: 1.0, score2: 0.0
10	Gene No. 6, gene caller: phanotate, leftEnd: 2224, rightEnd: 2439, strand: -, length: 216, contig: contig_2572, protein: unknown, score1: 1.0, score2: 0.0
11	Gene No. 4, gene caller: glimmer, leftEnd: 2455, rightEnd: 2667, strand: +, length: 213, contig: contig_2572, protein: unknown, score1: 1.0, score2: 0.0
12	Gene No. 7, gene caller: phanotate, leftEnd: 2455, rightEnd: 2667, strand: +, length: 213, contig: contig_2572, protein: unknown, score1: 1.0, score2: 0.0
13	Gene No. 2, gene caller: prodigal, leftEnd: 2455, rightEnd: 2667, strand: +, length: 213, contig: contig_2572, protein: unknown, score1: 1.0, score2: 0.0
14	Gene No. 8, gene caller: phanotate, leftEnd: 2688, rightEnd: 2777, strand: +, length: 90, contig: contig_2572, protein: unknown, score1: 1.0, score2: 0.0
15	Gene No. 9, gene caller: phanotate, leftEnd: 2774, rightEnd: 2890, strand: +, length: 117, contig: contig_2572, protein: unknown, score1: 1.0, score2: 0.0
16	Gene No. 10, gene caller: phanotate, leftEnd: 2971, rightEnd: 3339, strand: +, length: 369, contig: contig_2572, protein: unknown, score1: 1.0, score2: 0.0
17	Gene No. 5, gene caller: glimmer, leftEnd: 2980, rightEnd: 3339, strand: +, length: 360, contig: contig_2572, protein: unknown, score1: 1.0, score2: 0.0
18	Gene No. 3, gene caller: prodigal, leftEnd: 2980, rightEnd: 3339, strand: +, length: 360, contig: contig_2572, protein: unknown, score1: 1.0, score2: 0.0
19	Gene No. 6, gene caller: glimmer, leftEnd: 3344, rightEnd: 5095, strand: +, length: 1752, contig: contig_2572, protein: unknown, score1: 1.0, score2: 0.0
20	Gene No. 11, gene caller: phanotate, leftEnd: 3344, rightEnd: 5095, strand: +, length: 1752, contig: contig_2572, protein: unknown, score1: 1.0, score2: 0.0
21	Gene No. 4, gene caller: prodigal, leftEnd: 3344, rightEnd: 5095, strand: +, length: 1752, contig: contig_2572, protein: unknown, score1: 1.0, score2: 0.0
22	Gene No. 7, gene caller: glimmer, leftEnd: 5242, rightEnd: 6030, strand: +, length: 789, contig: contig_2572, protein: unknown, score1: 1.0, score2: 0.0
23	Gene No. 12, gene caller: phanotate, leftEnd: 5242, rightEnd: 6030, strand: +, length: 789, contig: contig_2572, protein: unknown, score1: 1.0, score2: 0.0
24	Gene No. 5, gene caller: prodigal, leftEnd: 5242, rightEnd: 6030, strand: +, length: 789, contig: contig_2572, protein: unknown, score1: 1.0, score2: 0.0
25	Gene No. 8, gene caller: glimmer, leftEnd: 6039, rightEnd: 7085, strand: +, length: 1047, contig: contig_2572, protein: unknown, score1: 1.0, score2: 0.0
26	Gene No. 13, gene caller: phanotate, leftEnd: 6039, rightEnd: 7085, strand: +, length: 1047, contig: contig_2572, protein: unknown, score1: 1.0, score2: 0.0
27	Gene No. 6, gene caller: prodigal, leftEnd: 6039, rightEnd: 7085, strand: +, length: 1047, contig: contig_2572, protein: unknown, score1: 1.0, score2: 0.0
28	Gene No. 9, gene caller: glimmer, leftEnd: 7170, rightEnd: 8777, strand: +, length: 1608, contig: contig_2572, protein: unknown, score1: 1.0, score2: 0.0
29	Gene No. 14, gene caller: phanotate, leftEnd: 7170, rightEnd: 8777, strand: +, length: 1608, contig: contig_2572, protein: unknown, score1: 1.0, score2: 0.0
30	Gene No. 7, gene caller: prodigal, leftEnd: 7170, rightEnd: 8777, strand: +, length: 1608, contig: contig_2572, protein: unknown, score1: 1.0, score2: 0.0
31	Gene No. 10, gene caller: glimmer, leftEnd: 8843, rightEnd: 10450, strand: -, length: 1608, contig: contig_2572, protein: unknown, score1: 1.0, score2: 0.0
32	Gene No. 15, gene caller: phanotate, leftEnd: 8843, rightEnd: 10450, strand: -, length: 1608, contig: contig_2572, protein: unknown, score1: 1.0, score2: 0.0
33	Gene No. 8, gene caller: prodigal, leftEnd: 8843, rightEnd: 10450, strand: -, length: 1608, contig: contig_2572, protein: unknown, score1: 1.0, score2: 0.0
34	Gene No. 11, gene caller: glimmer, leftEnd: 10535, rightEnd: 11581, strand: -, length: 1047, contig: contig_2572, protein: unknown, score1: 1.0, score2: 0.0
35	Gene No. 16, gene caller: phanotate, leftEnd: 10535, rightEnd: 11581, strand: -, length: 1047, contig: contig_2572, protein: unknown, score1: 1.0, score2: 0.0
36	Gene No. 9, gene caller: prodigal, leftEnd: 10535, rightEnd: 11581, strand: -, length: 1047, contig: contig_2572, protein: unknown, score1: 1.0, score2: 0.0
37	Gene No. 12, gene caller: glimmer, leftEnd: 11590, rightEnd: 12348, strand: -, length: 759, contig: contig_2572, protein: unknown, score1: 1.0, score2: 0.0
38	Gene No. 17, gene caller: phanotate, leftEnd: 11590, rightEnd: 12390, strand: -, length: 801, contig: contig_2572, protein: unknown, score1: 1.0, score2: 0.0
39	Gene No. 10, gene caller: prodigal, leftEnd: 11590, rightEnd: 12390, strand: -, length: 801, contig: contig_2572, protein: unknown, score1: 1.0, score2: 0.0
40	Gene No. 13, gene caller: glimmer, leftEnd: 12354, rightEnd: 12899, strand: -, length: 546, contig: contig_2572, protein: unknown, score1: 1.0, score2: 0.0
41	Gene No. 18, gene caller: phanotate, leftEnd: 12354, rightEnd: 12899, strand: -, length: 546, contig: contig_2572, protein: unknown, score1: 1.0, score2: 0.0
42	Gene No. 11, gene caller: prodigal, leftEnd: 12354, rightEnd: 12899, strand: -, length: 546, contig: contig_2572, protein: unknown, score1: 1.0, score2: 0.0
43	Gene No. 14, gene caller: glimmer, leftEnd: 13017, rightEnd: 14768, strand: -, length: 1752, contig: contig_2572, protein: unknown, score1: 1.0, score2: 0.0
44	Gene No. 19, gene caller: phanotate, leftEnd: 13017, rightEnd: 14768, strand: -, length: 1752, contig: contig_2572, protein: unknown, score1: 1.0, score2: 0.0
45	Gene No. 12, gene caller: prodigal, leftEnd: 13017, rightEnd: 14768, strand: -, length: 1752, contig: contig_2572, protein: unknown, score1: 1.0, score2: 0.0
46	Gene No. 15, gene caller: glimmer, leftEnd: 14773, rightEnd: 15132, strand: -, length: 360, contig: contig_2572, protein: unknown, score1: 1.0, score2: 0.0
47	Gene No. 13, gene caller: prodigal, leftEnd: 14773, rightEnd: 15132, strand: -, length: 360, contig: contig_2572, protein: unknown, score1: 1.0, score2: 0.0
48	Gene No. 20, gene caller: phanotate, leftEnd: 14773, rightEnd: 15141, strand: -, length: 369, contig: contig_2572, protein: unknown, score1: 1.0, score2: 0.0
49	Gene No. 21, gene caller: phanotate, leftEnd: 15222, rightEnd: 15338, strand: -, length: 117, contig: contig_2572, protein: unknown, score1: 1.0, score2: 0.0
50	Gene No. 22, gene caller: phanotate, leftEnd: 15335, rightEnd: 15424, strand: -, length: 90, contig: contig_2572, protein: unknown, score1: 1.0, score2: 0.0
51	Gene No. 16, gene caller: glimmer, leftEnd: 15445, rightEnd: 15657, strand: -, length: 213, contig: contig_2572, protein: unknown, score1: 1.0, score2: 0.0
52	Gene No. 23, gene caller: phanotate, leftEnd: 15445, rightEnd: 15657, strand: -, length: 213, contig: contig_2572, protein: unknown, score1: 1.0, score2: 0.0
53	Gene No. 14, gene caller: prodigal, leftEnd: 15445, rightEnd: 15657, strand: -, length: 213, contig: contig_2572, protein: unknown, score1: 1.0, score2: 0.0
54	Gene No. 24, gene caller: phanotate, leftEnd: 15673, rightEnd: 15888, strand: +, length: 216, contig: contig_2572, protein: unknown, score1: 1.0, score2: 0.0
55	Gene No. 17, gene caller: glimmer, leftEnd: 15852, rightEnd: 16373, strand: -, length: 522, contig: contig_2572, protein: unknown, score1: 1.0, score2: 0.0
56	Gene No. 25, gene caller: phanotate, leftEnd: 15852, rightEnd: 16373, strand: -, length: 522, contig: contig_2572, protein: unknown, score1: 1.0, score2: 0.0
57	Gene No. 15, gene caller: prodigal, leftEnd: 15852, rightEnd: 16373, strand: -, length: 522, contig: contig_2572, protein: unknown, score1: 1.0, score2: 0.0
58	Gene No. 18, gene caller: glimmer, leftEnd: 16543, rightEnd: 16752, strand: -, length: 210, contig: contig_2572, protein: unknown, score1: 1.0, score2: 0.0
59	Gene No. 26, gene caller: phanotate, leftEnd: 16543, rightEnd: 16752, strand: -, length: 210, contig: contig_2572, protein: unknown, score1: 1.0, score2: 0.0
60	Gene No. 27, gene caller: phanotate, leftEnd: 17659, rightEnd: 17829, strand: +, length: 171, contig: contig_2572, protein: unknown, score1: 1.0, score2: 0.0
61	Gene No. 19, gene caller: glimmer, leftEnd: 17784, rightEnd: 17981, strand: +, length: 198, contig: contig_2572, protein: unknown, score1: 1.0, score2: 0.0
62	Gene No. 28, gene caller: phanotate, leftEnd: 17880, rightEnd: 17981, strand: +, length: 102, contig: contig_2572, protein: unknown, score1: 1.0, score2: 0.0
63	Gene No. 29, gene caller: phanotate, leftEnd: 17971, rightEnd: 18060, strand: -, length: 90, contig: contig_2572, protein: unknown, score1: 1.0, score2: 0.0
Comparing across geneCall sets....
Scoring gene calls....
Identifying common core...
This is the Common Core List:

***************Common Core
CC-gene 1	Gene No. 1, gene caller: All_callers, leftEnd: 1739, rightEnd: 2260, strand: +, length: 522, contig: contig_2572, protein: unknown, score1: 1.0, score2: 0.0
CC-gene 2	Gene No. 1, gene caller: All_callers, leftEnd: 2455, rightEnd: 2667, strand: +, length: 213, contig: contig_2572, protein: unknown, score1: 1.0, score2: 0.0
CC-gene 3	Gene No. 1, gene caller: All_callers, leftEnd: 3344, rightEnd: 5095, strand: +, length: 1752, contig: contig_2572, protein: unknown, score1: 1.0, score2: 0.0
CC-gene 4	Gene No. 1, gene caller: All_callers, leftEnd: 5242, rightEnd: 6030, strand: +, length: 789, contig: contig_2572, protein: unknown, score1: 1.0, score2: 0.0
CC-gene 5	Gene No. 1, gene caller: All_callers, leftEnd: 6039, rightEnd: 7085, strand: +, length: 1047, contig: contig_2572, protein: unknown, score1: 1.0, score2: 0.0
CC-gene 6	Gene No. 1, gene caller: All_callers, leftEnd: 7170, rightEnd: 8777, strand: +, length: 1608, contig: contig_2572, protein: unknown, score1: 1.0, score2: 0.0
CC-gene 7	Gene No. 1, gene caller: All_callers, leftEnd: 8843, rightEnd: 10450, strand: -, length: 1608, contig: contig_2572, protein: unknown, score1: 1.0, score2: 0.0
CC-gene 8	Gene No. 1, gene caller: All_callers, leftEnd: 10535, rightEnd: 11581, strand: -, length: 1047, contig: contig_2572, protein: unknown, score1: 1.0, score2: 0.0
CC-gene 9	Gene No. 1, gene caller: All_callers, leftEnd: 12354, rightEnd: 12899, strand: -, length: 546, contig: contig_2572, protein: unknown, score1: 1.0, score2: 0.0
CC-gene 10	Gene No. 1, gene caller: All_callers, leftEnd: 13017, rightEnd: 14768, strand: -, length: 1752, contig: contig_2572, protein: unknown, score1: 1.0, score2: 0.0
CC-gene 11	Gene No. 1, gene caller: All_callers, leftEnd: 15445, rightEnd: 15657, strand: -, length: 213, contig: contig_2572, protein: unknown, score1: 1.0, score2: 0.0
CC-gene 12	Gene No. 1, gene caller: All_callers, leftEnd: 15852, rightEnd: 16373, strand: -, length: 522, contig: contig_2572, protein: unknown, score1: 1.0, score2: 0.0
Printing gene-call superset, consensus, and common_core in GFF and CGC formats
Printing report....
The following gene callers were considered: glimmer, phanotate, prodigal, The number of distinct gene calls over all gene callers is 34
The number of gene calls in common among all callers is 12
The number of unique (non-matching) gene calls is17
Caller glimmer produced 19 gene calls.
Caller glimmer gene-call length stats:  min: 198, max: 1752, ave: 732.3157894736842
Caller phanotate produced 29 gene calls.
Caller phanotate gene-call length stats:  min: 90, max: 1752, ave: 523.8620689655172
Caller prodigal produced 15 gene calls.
Caller prodigal gene-call length stats:  min: 213, max: 1752, ave: 876.0

Gene-call Scores:
Caller	Contig	Gene No.	Left End	Right End	Strand	gcScore
phanotate	contig_2572	1	3	134	-	0.33
phanotate	contig_2572	2	131	232	-	0.50
glimmer	contig_2572	1	131	328	-	0.50
phanotate	contig_2572	3	283	453	-	0.33
glimmer	contig_2572	2	1360	1569	+	0.83
phanotate	contig_2572	4	1360	1569	+	0.83
glimmer	contig_2572	3	1739	2260	+	1.00
phanotate	contig_2572	5	1739	2260	+	1.00
prodigal	contig_2572	1	1739	2260	+	1.00
phanotate	contig_2572	6	2224	2439	-	0.33
glimmer	contig_2572	4	2455	2667	+	1.00
phanotate	contig_2572	7	2455	2667	+	1.00
prodigal	contig_2572	2	2455	2667	+	1.00
phanotate	contig_2572	8	2688	2777	+	0.33
phanotate	contig_2572	9	2774	2890	+	0.33
phanotate	contig_2572	10	2971	3339	+	0.50
glimmer	contig_2572	5	2980	3339	+	0.83
prodigal	contig_2572	3	2980	3339	+	0.83
glimmer	contig_2572	6	3344	5095	+	1.00
phanotate	contig_2572	11	3344	5095	+	1.00
prodigal	contig_2572	4	3344	5095	+	1.00
glimmer	contig_2572	7	5242	6030	+	1.00
phanotate	contig_2572	12	5242	6030	+	1.00
prodigal	contig_2572	5	5242	6030	+	1.00
glimmer	contig_2572	8	6039	7085	+	1.00
phanotate	contig_2572	13	6039	7085	+	1.00
prodigal	contig_2572	6	6039	7085	+	1.00
glimmer	contig_2572	9	7170	8777	+	1.00
phanotate	contig_2572	14	7170	8777	+	1.00
prodigal	contig_2572	7	7170	8777	+	1.00
glimmer	contig_2572	10	8843	10450	-	1.00
phanotate	contig_2572	15	8843	10450	-	1.00
prodigal	contig_2572	8	8843	10450	-	1.00
glimmer	contig_2572	11	10535	11581	-	1.00
phanotate	contig_2572	16	10535	11581	-	1.00
prodigal	contig_2572	9	10535	11581	-	1.00
glimmer	contig_2572	12	11590	12348	-	0.50
phanotate	contig_2572	17	11590	12390	-	0.83
prodigal	contig_2572	10	11590	12390	-	0.83
glimmer	contig_2572	13	12354	12899	-	1.00
phanotate	contig_2572	18	12354	12899	-	1.00
prodigal	contig_2572	11	12354	12899	-	1.00
glimmer	contig_2572	14	13017	14768	-	1.00
phanotate	contig_2572	19	13017	14768	-	1.00
prodigal	contig_2572	12	13017	14768	-	1.00
glimmer	contig_2572	15	14773	15132	-	0.83
prodigal	contig_2572	13	14773	15132	-	0.83
phanotate	contig_2572	20	14773	15141	-	0.50
phanotate	contig_2572	21	15222	15338	-	0.33
phanotate	contig_2572	22	15335	15424	-	0.33
glimmer	contig_2572	16	15445	15657	-	1.00
phanotate	contig_2572	23	15445	15657	-	1.00
prodigal	contig_2572	14	15445	15657	-	1.00
phanotate	contig_2572	24	15673	15888	+	0.33
glimmer	contig_2572	17	15852	16373	-	1.00
phanotate	contig_2572	25	15852	16373	-	1.00
prodigal	contig_2572	15	15852	16373	-	1.00
glimmer	contig_2572	18	16543	16752	-	0.83
phanotate	contig_2572	26	16543	16752	-	0.83
phanotate	contig_2572	27	17659	17829	+	0.33
glimmer	contig_2572	19	17784	17981	+	0.50
phanotate	contig_2572	28	17880	17981	+	0.50
phanotate	contig_2572	29	17971	18060	-	0.33

Gene-call Consensus Scores:
Caller glimmer average gene-call score: 0.89
Caller phanotate average gene-call score: 0.68
Caller prodigal average gene-call score: 0.97

***************Unique List
Unique gene call 1
  --  Gene No. 1, gene caller: phanotate, leftEnd: 3, rightEnd: 134, strand: -, length: 132, contig: contig_2572, protein: unknown, score1: 0.3333333333333333, score2: 0.0
Unique gene call 2
  --  Gene No. 2, gene caller: phanotate, leftEnd: 131, rightEnd: 232, strand: -, length: 102, contig: contig_2572, protein: unknown, score1: 0.5, score2: 0.0
Unique gene call 3
  --  Gene No. 1, gene caller: glimmer, leftEnd: 131, rightEnd: 328, strand: -, length: 198, contig: contig_2572, protein: unknown, score1: 0.5, score2: 0.0
Unique gene call 4
  --  Gene No. 3, gene caller: phanotate, leftEnd: 283, rightEnd: 453, strand: -, length: 171, contig: contig_2572, protein: unknown, score1: 0.3333333333333333, score2: 0.0
Unique gene call 5
  --  Gene No. 2, gene caller: glimmer, leftEnd: 1360, rightEnd: 1569, strand: +, length: 210, contig: contig_2572, protein: unknown, score1: 0.8333333333333333, score2: 0.0
  --  Gene No. 4, gene caller: phanotate, leftEnd: 1360, rightEnd: 1569, strand: +, length: 210, contig: contig_2572, protein: unknown, score1: 0.8333333333333333, score2: 0.0
Unique gene call 6
  --  Gene No. 3, gene caller: glimmer, leftEnd: 1739, rightEnd: 2260, strand: +, length: 522, contig: contig_2572, protein: unknown, score1: 1.0, score2: 0.0
  --  Gene No. 5, gene caller: phanotate, leftEnd: 1739, rightEnd: 2260, strand: +, length: 522, contig: contig_2572, protein: unknown, score1: 1.0, score2: 0.0
  --  Gene No. 1, gene caller: prodigal, leftEnd: 1739, rightEnd: 2260, strand: +, length: 522, contig: contig_2572, protein: unknown, score1: 1.0, score2: 0.0
Unique gene call 7
  --  Gene No. 6, gene caller: phanotate, leftEnd: 2224, rightEnd: 2439, strand: -, length: 216, contig: contig_2572, protein: unknown, score1: 0.3333333333333333, score2: 0.0
Unique gene call 8
  --  Gene No. 4, gene caller: glimmer, leftEnd: 2455, rightEnd: 2667, strand: +, length: 213, contig: contig_2572, protein: unknown, score1: 1.0, score2: 0.0
  --  Gene No. 7, gene caller: phanotate, leftEnd: 2455, rightEnd: 2667, strand: +, length: 213, contig: contig_2572, protein: unknown, score1: 1.0, score2: 0.0
  --  Gene No. 2, gene caller: prodigal, leftEnd: 2455, rightEnd: 2667, strand: +, length: 213, contig: contig_2572, protein: unknown, score1: 1.0, score2: 0.0
Unique gene call 9
  --  Gene No. 8, gene caller: phanotate, leftEnd: 2688, rightEnd: 2777, strand: +, length: 90, contig: contig_2572, protein: unknown, score1: 0.3333333333333333, score2: 0.0
Unique gene call 10
  --  Gene No. 9, gene caller: phanotate, leftEnd: 2774, rightEnd: 2890, strand: +, length: 117, contig: contig_2572, protein: unknown, score1: 0.3333333333333333, score2: 0.0
Unique gene call 11
  --  Gene No. 10, gene caller: phanotate, leftEnd: 2971, rightEnd: 3339, strand: +, length: 369, contig: contig_2572, protein: unknown, score1: 0.5, score2: 0.0
Unique gene call 12
  --  Gene No. 5, gene caller: glimmer, leftEnd: 2980, rightEnd: 3339, strand: +, length: 360, contig: contig_2572, protein: unknown, score1: 0.8333333333333333, score2: 0.0
  --  Gene No. 3, gene caller: prodigal, leftEnd: 2980, rightEnd: 3339, strand: +, length: 360, contig: contig_2572, protein: unknown, score1: 0.8333333333333333, score2: 0.0
Unique gene call 13
  --  Gene No. 6, gene caller: glimmer, leftEnd: 3344, rightEnd: 5095, strand: +, length: 1752, contig: contig_2572, protein: unknown, score1: 1.0, score2: 0.0
  --  Gene No. 11, gene caller: phanotate, leftEnd: 3344, rightEnd: 5095, strand: +, length: 1752, contig: contig_2572, protein: unknown, score1: 1.0, score2: 0.0
  --  Gene No. 4, gene caller: prodigal, leftEnd: 3344, rightEnd: 5095, strand: +, length: 1752, contig: contig_2572, protein: unknown, score1: 1.0, score2: 0.0
Unique gene call 14
  --  Gene No. 7, gene caller: glimmer, leftEnd: 5242, rightEnd: 6030, strand: +, length: 789, contig: contig_2572, protein: unknown, score1: 1.0, score2: 0.0
  --  Gene No. 12, gene caller: phanotate, leftEnd: 5242, rightEnd: 6030, strand: +, length: 789, contig: contig_2572, protein: unknown, score1: 1.0, score2: 0.0
  --  Gene No. 5, gene caller: prodigal, leftEnd: 5242, rightEnd: 6030, strand: +, length: 789, contig: contig_2572, protein: unknown, score1: 1.0, score2: 0.0
Unique gene call 15
  --  Gene No. 8, gene caller: glimmer, leftEnd: 6039, rightEnd: 7085, strand: +, length: 1047, contig: contig_2572, protein: unknown, score1: 1.0, score2: 0.0
  --  Gene No. 13, gene caller: phanotate, leftEnd: 6039, rightEnd: 7085, strand: +, length: 1047, contig: contig_2572, protein: unknown, score1: 1.0, score2: 0.0
  --  Gene No. 6, gene caller: prodigal, leftEnd: 6039, rightEnd: 7085, strand: +, length: 1047, contig: contig_2572, protein: unknown, score1: 1.0, score2: 0.0
Unique gene call 16
  --  Gene No. 9, gene caller: glimmer, leftEnd: 7170, rightEnd: 8777, strand: +, length: 1608, contig: contig_2572, protein: unknown, score1: 1.0, score2: 0.0
  --  Gene No. 14, gene caller: phanotate, leftEnd: 7170, rightEnd: 8777, strand: +, length: 1608, contig: contig_2572, protein: unknown, score1: 1.0, score2: 0.0
  --  Gene No. 7, gene caller: prodigal, leftEnd: 7170, rightEnd: 8777, strand: +, length: 1608, contig: contig_2572, protein: unknown, score1: 1.0, score2: 0.0
Unique gene call 17
  --  Gene No. 10, gene caller: glimmer, leftEnd: 8843, rightEnd: 10450, strand: -, length: 1608, contig: contig_2572, protein: unknown, score1: 1.0, score2: 0.0
  --  Gene No. 15, gene caller: phanotate, leftEnd: 8843, rightEnd: 10450, strand: -, length: 1608, contig: contig_2572, protein: unknown, score1: 1.0, score2: 0.0
  --  Gene No. 8, gene caller: prodigal, leftEnd: 8843, rightEnd: 10450, strand: -, length: 1608, contig: contig_2572, protein: unknown, score1: 1.0, score2: 0.0
Unique gene call 18
  --  Gene No. 11, gene caller: glimmer, leftEnd: 10535, rightEnd: 11581, strand: -, length: 1047, contig: contig_2572, protein: unknown, score1: 1.0, score2: 0.0
  --  Gene No. 16, gene caller: phanotate, leftEnd: 10535, rightEnd: 11581, strand: -, length: 1047, contig: contig_2572, protein: unknown, score1: 1.0, score2: 0.0
  --  Gene No. 9, gene caller: prodigal, leftEnd: 10535, rightEnd: 11581, strand: -, length: 1047, contig: contig_2572, protein: unknown, score1: 1.0, score2: 0.0
Unique gene call 19
  --  Gene No. 12, gene caller: glimmer, leftEnd: 11590, rightEnd: 12348, strand: -, length: 759, contig: contig_2572, protein: unknown, score1: 0.5, score2: 0.0
Unique gene call 20
  --  Gene No. 17, gene caller: phanotate, leftEnd: 11590, rightEnd: 12390, strand: -, length: 801, contig: contig_2572, protein: unknown, score1: 0.8333333333333333, score2: 0.0
  --  Gene No. 10, gene caller: prodigal, leftEnd: 11590, rightEnd: 12390, strand: -, length: 801, contig: contig_2572, protein: unknown, score1: 0.8333333333333333, score2: 0.0
Unique gene call 21
  --  Gene No. 13, gene caller: glimmer, leftEnd: 12354, rightEnd: 12899, strand: -, length: 546, contig: contig_2572, protein: unknown, score1: 1.0, score2: 0.0
  --  Gene No. 18, gene caller: phanotate, leftEnd: 12354, rightEnd: 12899, strand: -, length: 546, contig: contig_2572, protein: unknown, score1: 1.0, score2: 0.0
  --  Gene No. 11, gene caller: prodigal, leftEnd: 12354, rightEnd: 12899, strand: -, length: 546, contig: contig_2572, protein: unknown, score1: 1.0, score2: 0.0
Unique gene call 22
  --  Gene No. 14, gene caller: glimmer, leftEnd: 13017, rightEnd: 14768, strand: -, length: 1752, contig: contig_2572, protein: unknown, score1: 1.0, score2: 0.0
  --  Gene No. 19, gene caller: phanotate, leftEnd: 13017, rightEnd: 14768, strand: -, length: 1752, contig: contig_2572, protein: unknown, score1: 1.0, score2: 0.0
  --  Gene No. 12, gene caller: prodigal, leftEnd: 13017, rightEnd: 14768, strand: -, length: 1752, contig: contig_2572, protein: unknown, score1: 1.0, score2: 0.0
Unique gene call 23
  --  Gene No. 15, gene caller: glimmer, leftEnd: 14773, rightEnd: 15132, strand: -, length: 360, contig: contig_2572, protein: unknown, score1: 0.8333333333333333, score2: 0.0
  --  Gene No. 13, gene caller: prodigal, leftEnd: 14773, rightEnd: 15132, strand: -, length: 360, contig: contig_2572, protein: unknown, score1: 0.8333333333333333, score2: 0.0
Unique gene call 24
  --  Gene No. 20, gene caller: phanotate, leftEnd: 14773, rightEnd: 15141, strand: -, length: 369, contig: contig_2572, protein: unknown, score1: 0.5, score2: 0.0
Unique gene call 25
  --  Gene No. 21, gene caller: phanotate, leftEnd: 15222, rightEnd: 15338, strand: -, length: 117, contig: contig_2572, protein: unknown, score1: 0.3333333333333333, score2: 0.0
Unique gene call 26
  --  Gene No. 22, gene caller: phanotate, leftEnd: 15335, rightEnd: 15424, strand: -, length: 90, contig: contig_2572, protein: unknown, score1: 0.3333333333333333, score2: 0.0
Unique gene call 27
  --  Gene No. 16, gene caller: glimmer, leftEnd: 15445, rightEnd: 15657, strand: -, length: 213, contig: contig_2572, protein: unknown, score1: 1.0, score2: 0.0
  --  Gene No. 23, gene caller: phanotate, leftEnd: 15445, rightEnd: 15657, strand: -, length: 213, contig: contig_2572, protein: unknown, score1: 1.0, score2: 0.0
  --  Gene No. 14, gene caller: prodigal, leftEnd: 15445, rightEnd: 15657, strand: -, length: 213, contig: contig_2572, protein: unknown, score1: 1.0, score2: 0.0
Unique gene call 28
  --  Gene No. 24, gene caller: phanotate, leftEnd: 15673, rightEnd: 15888, strand: +, length: 216, contig: contig_2572, protein: unknown, score1: 0.3333333333333333, score2: 0.0
Unique gene call 29
  --  Gene No. 17, gene caller: glimmer, leftEnd: 15852, rightEnd: 16373, strand: -, length: 522, contig: contig_2572, protein: unknown, score1: 1.0, score2: 0.0
  --  Gene No. 25, gene caller: phanotate, leftEnd: 15852, rightEnd: 16373, strand: -, length: 522, contig: contig_2572, protein: unknown, score1: 1.0, score2: 0.0
  --  Gene No. 15, gene caller: prodigal, leftEnd: 15852, rightEnd: 16373, strand: -, length: 522, contig: contig_2572, protein: unknown, score1: 1.0, score2: 0.0
Unique gene call 30
  --  Gene No. 18, gene caller: glimmer, leftEnd: 16543, rightEnd: 16752, strand: -, length: 210, contig: contig_2572, protein: unknown, score1: 0.8333333333333333, score2: 0.0
  --  Gene No. 26, gene caller: phanotate, leftEnd: 16543, rightEnd: 16752, strand: -, length: 210, contig: contig_2572, protein: unknown, score1: 0.8333333333333333, score2: 0.0
Unique gene call 31
  --  Gene No. 27, gene caller: phanotate, leftEnd: 17659, rightEnd: 17829, strand: +, length: 171, contig: contig_2572, protein: unknown, score1: 0.3333333333333333, score2: 0.0
Unique gene call 32
  --  Gene No. 19, gene caller: glimmer, leftEnd: 17784, rightEnd: 17981, strand: +, length: 198, contig: contig_2572, protein: unknown, score1: 0.5, score2: 0.0
Unique gene call 33
  --  Gene No. 28, gene caller: phanotate, leftEnd: 17880, rightEnd: 17981, strand: +, length: 102, contig: contig_2572, protein: unknown, score1: 0.5, score2: 0.0
Unique gene call 34
  --  Gene No. 29, gene caller: phanotate, leftEnd: 17971, rightEnd: 18060, strand: -, length: 90, contig: contig_2572, protein: unknown, score1: 0.3333333333333333, score2: 0.0
Code complete at 2021-04-21 09:32:19.820813
