[12:14:35] This is prokka 1.14.6
[12:14:35] Written by Torsten Seemann <torsten.seemann@gmail.com>
[12:14:35] Homepage is https://github.com/tseemann/prokka
[12:14:35] Local time is Mon Aug 23 12:14:35 2021
[12:14:35] You are james
[12:14:35] Operating system is linux
[12:14:35] You have BioPerl 1.007002
[12:14:35] System has 12 cores.
[12:14:35] Will use maximum of 8 cores.
[12:14:35] Annotating as >>> Bacteria <<<
[12:14:35] Generating locus_tag from 'MN855721_reorder.fasta' contents.
[12:14:35] Setting --locustag PPPGEDIH from MD5 9990ed217df4e3c72ae2d09abc304635
[12:14:35] Creating new output folder: prokkaMN855721_reorder
[12:14:35] Running: mkdir -p prokkaMN855721_reorder
[12:14:35] Using filename prefix: MN855721_reorder.XXX
[12:14:35] Setting HMMER_NCPU=1
[12:14:35] Writing log to: prokkaMN855721_reorder/MN855721_reorder.log
[12:14:35] Command: /home/james/miniconda3/envs/prokka/bin/prokka MN855721_reorder.fasta --outdir prokkaMN855721_reorder --prefix MN855721_reorder --force
[12:14:35] Appending to PATH: /home/james/miniconda3/envs/prokka/bin
[12:14:35] Looking for 'aragorn' - found /home/james/miniconda3/envs/prokka/bin/aragorn
[12:14:35] Determined aragorn version is 001002 from 'ARAGORN v1.2.38 Dean Laslett'
[12:14:35] Looking for 'barrnap' - found /home/james/miniconda3/envs/prokka/bin/barrnap
[12:14:35] Determined barrnap version is 000009 from 'barrnap 0.9'
[12:14:35] Looking for 'blastp' - found /home/james/miniconda3/envs/prokka/bin/blastp
[12:14:36] Determined blastp version is 002012 from 'blastp: 2.12.0+'
[12:14:36] Looking for 'cmpress' - found /home/james/miniconda3/envs/prokka/bin/cmpress
[12:14:36] Determined cmpress version is 001001 from '# INFERNAL 1.1.4 (Dec 2020)'
[12:14:36] Looking for 'cmscan' - found /home/james/miniconda3/envs/prokka/bin/cmscan
[12:14:36] Determined cmscan version is 001001 from '# INFERNAL 1.1.4 (Dec 2020)'
[12:14:36] Looking for 'egrep' - found /bin/egrep
[12:14:36] Looking for 'find' - found /usr/bin/find
[12:14:36] Looking for 'grep' - found /bin/grep
[12:14:36] Looking for 'hmmpress' - found /home/james/miniconda3/envs/prokka/bin/hmmpress
[12:14:36] Determined hmmpress version is 003003 from '# HMMER 3.3.2 (Nov 2020); http://hmmer.org/'
[12:14:36] Looking for 'hmmscan' - found /home/james/miniconda3/envs/prokka/bin/hmmscan
[12:14:36] Determined hmmscan version is 003003 from '# HMMER 3.3.2 (Nov 2020); http://hmmer.org/'
[12:14:36] Looking for 'java' - found /home/james/miniconda3/envs/prokka/bin/java
[12:14:36] Looking for 'makeblastdb' - found /home/james/miniconda3/envs/prokka/bin/makeblastdb
[12:14:36] Determined makeblastdb version is 002012 from 'makeblastdb: 2.12.0+'
[12:14:36] Looking for 'minced' - found /home/james/miniconda3/envs/prokka/bin/minced
[12:14:36] Determined minced version is 004002 from 'minced 0.4.2'
[12:14:36] Looking for 'parallel' - found /home/james/miniconda3/envs/prokka/bin/parallel
[12:14:36] Determined parallel version is 20210622 from 'GNU parallel 20210622'
[12:14:36] Looking for 'prodigal' - found /home/james/miniconda3/envs/prokka/bin/prodigal
[12:14:36] Determined prodigal version is 002006 from 'Prodigal V2.6.3: February, 2016'
[12:14:36] Looking for 'prokka-genbank_to_fasta_db' - found /home/james/miniconda3/envs/prokka/bin/prokka-genbank_to_fasta_db
[12:14:36] Looking for 'sed' - found /bin/sed
[12:14:36] Looking for 'tbl2asn' - found /home/james/miniconda3/envs/prokka/bin/tbl2asn
[12:14:36] Determined tbl2asn version is 025007 from 'tbl2asn 25.7   arguments:'
[12:14:36] Using genetic code table 11.
[12:14:36] Loading and checking input file: MN855721_reorder.fasta
[12:14:36] Wrote 1 contigs totalling 32306 bp.
[12:14:36] Predicting tRNAs and tmRNAs
[12:14:36] Running: aragorn -l -gc11  -w prokkaMN855721_reorder\/MN855721_reorder\.fna
[12:14:36] Found 0 tRNAs
[12:14:36] Predicting Ribosomal RNAs
[12:14:36] Running Barrnap with 8 threads
[12:14:36] Found 0 rRNAs
[12:14:36] Skipping ncRNA search, enable with --rfam if desired.
[12:14:36] Total of 0 tRNA + rRNA features
[12:14:36] Searching for CRISPR repeats
[12:14:36] Found 0 CRISPRs
[12:14:36] Predicting coding sequences
[12:14:36] Contigs total 32306 bp, so using meta mode
[12:14:36] Running: prodigal -i prokkaMN855721_reorder\/MN855721_reorder\.fna -c -m -g 11 -p meta -f sco -q
[12:14:37] Found 54 CDS
[12:14:37] Connecting features back to sequences
[12:14:37] Not using genus-specific database. Try --usegenus to enable it.
[12:14:37] Annotating CDS, please be patient.
[12:14:37] Will use 8 CPUs for similarity searching.
[12:14:37] There are still 54 unannotated CDS left (started with 54)
[12:14:37] Will use blast to search against /home/james/miniconda3/envs/prokka/db/kingdom/Bacteria/IS with 8 CPUs
[12:14:37] Running: cat prokkaMN855721_reorder\/MN855721_reorder\.IS\.tmp\.57123\.faa | parallel --gnu --plain -j 8 --block 629 --recstart '>' --pipe blastp -query - -db /home/james/miniconda3/envs/prokka/db/kingdom/Bacteria/IS -evalue 1e-30 -qcov_hsp_perc 90 -num_threads 1 -num_descriptions 1 -num_alignments 1 -seg no > prokkaMN855721_reorder\/MN855721_reorder\.IS\.tmp\.57123\.blast 2> /dev/null
[12:14:38] Deleting unwanted file: prokkaMN855721_reorder/MN855721_reorder.IS.tmp.57123.faa
[12:14:38] Deleting unwanted file: prokkaMN855721_reorder/MN855721_reorder.IS.tmp.57123.blast
[12:14:38] There are still 54 unannotated CDS left (started with 54)
[12:14:38] Will use blast to search against /home/james/miniconda3/envs/prokka/db/kingdom/Bacteria/AMR with 8 CPUs
[12:14:38] Running: cat prokkaMN855721_reorder\/MN855721_reorder\.AMR\.tmp\.57123\.faa | parallel --gnu --plain -j 8 --block 629 --recstart '>' --pipe blastp -query - -db /home/james/miniconda3/envs/prokka/db/kingdom/Bacteria/AMR -evalue 9.99999999999999e-301 -qcov_hsp_perc 90 -num_threads 1 -num_descriptions 1 -num_alignments 1 -seg no > prokkaMN855721_reorder\/MN855721_reorder\.AMR\.tmp\.57123\.blast 2> /dev/null
[12:14:39] Deleting unwanted file: prokkaMN855721_reorder/MN855721_reorder.AMR.tmp.57123.faa
[12:14:39] Deleting unwanted file: prokkaMN855721_reorder/MN855721_reorder.AMR.tmp.57123.blast
[12:14:39] There are still 54 unannotated CDS left (started with 54)
[12:14:39] Will use blast to search against /home/james/miniconda3/envs/prokka/db/kingdom/Bacteria/sprot with 8 CPUs
[12:14:39] Running: cat prokkaMN855721_reorder\/MN855721_reorder\.sprot\.tmp\.57123\.faa | parallel --gnu --plain -j 8 --block 629 --recstart '>' --pipe blastp -query - -db /home/james/miniconda3/envs/prokka/db/kingdom/Bacteria/sprot -evalue 1e-09 -qcov_hsp_perc 80 -num_threads 1 -num_descriptions 1 -num_alignments 1 -seg no > prokkaMN855721_reorder\/MN855721_reorder\.sprot\.tmp\.57123\.blast 2> /dev/null
[12:14:41] Modify product: Uncharacterized protein HI_1410 => putative protein
[12:14:41] Cleaned 1 /product names
[12:14:41] Deleting unwanted file: prokkaMN855721_reorder/MN855721_reorder.sprot.tmp.57123.faa
[12:14:41] Deleting unwanted file: prokkaMN855721_reorder/MN855721_reorder.sprot.tmp.57123.blast
[12:14:41] There are still 52 unannotated CDS left (started with 54)
[12:14:41] Will use hmmer3 to search against /home/james/miniconda3/envs/prokka/db/hmm/HAMAP.hmm with 8 CPUs
[12:14:41] Running: cat prokkaMN855721_reorder\/MN855721_reorder\.HAMAP\.hmm\.tmp\.57123\.faa | parallel --gnu --plain -j 8 --block 581 --recstart '>' --pipe hmmscan --noali --notextw --acc -E 1e-09 --cpu 1 /home/james/miniconda3/envs/prokka/db/hmm/HAMAP.hmm /dev/stdin > prokkaMN855721_reorder\/MN855721_reorder\.HAMAP\.hmm\.tmp\.57123\.hmmer3 2> /dev/null
[12:14:42] Deleting unwanted file: prokkaMN855721_reorder/MN855721_reorder.HAMAP.hmm.tmp.57123.faa
[12:14:42] Deleting unwanted file: prokkaMN855721_reorder/MN855721_reorder.HAMAP.hmm.tmp.57123.hmmer3
[12:14:42] Labelling remaining 51 proteins as 'hypothetical protein'
[12:14:42] Found 1 unique /gene codes.
[12:14:42] Fixed 0 colliding /gene names.
[12:14:42] Adding /locus_tag identifiers
[12:14:42] Assigned 54 locus_tags to CDS and RNA features.
[12:14:42] Writing outputs to prokkaMN855721_reorder/
[12:14:42] Generating annotation statistics file
[12:14:42] Generating Genbank and Sequin files
[12:14:42] Running: tbl2asn -V b -a r10k -l paired-ends -M n -N 1 -y 'Annotated using prokka 1.14.6 from https://github.com/tseemann/prokka' -Z prokkaMN855721_reorder\/MN855721_reorder\.err -i prokkaMN855721_reorder\/MN855721_reorder\.fsa 2> /dev/null
[12:14:42] Deleting unwanted file: prokkaMN855721_reorder/errorsummary.val
[12:14:42] Deleting unwanted file: prokkaMN855721_reorder/MN855721_reorder.dr
[12:14:42] Deleting unwanted file: prokkaMN855721_reorder/MN855721_reorder.fixedproducts
[12:14:42] Deleting unwanted file: prokkaMN855721_reorder/MN855721_reorder.ecn
[12:14:42] Deleting unwanted file: prokkaMN855721_reorder/MN855721_reorder.val
[12:14:42] Repairing broken .GBK output that tbl2asn produces...
[12:14:42] Running: sed 's/COORDINATES: profile/COORDINATES:profile/' < prokkaMN855721_reorder\/MN855721_reorder\.gbf > prokkaMN855721_reorder\/MN855721_reorder\.gbk
[12:14:42] Deleting unwanted file: prokkaMN855721_reorder/MN855721_reorder.gbf
[12:14:42] Output files:
[12:14:42] prokkaMN855721_reorder/MN855721_reorder.tbl
[12:14:42] prokkaMN855721_reorder/MN855721_reorder.gff
[12:14:42] prokkaMN855721_reorder/MN855721_reorder.err
[12:14:42] prokkaMN855721_reorder/MN855721_reorder.tsv
[12:14:42] prokkaMN855721_reorder/MN855721_reorder.fsa
[12:14:42] prokkaMN855721_reorder/MN855721_reorder.faa
[12:14:42] prokkaMN855721_reorder/MN855721_reorder.log
[12:14:42] prokkaMN855721_reorder/MN855721_reorder.ffn
[12:14:42] prokkaMN855721_reorder/MN855721_reorder.fna
[12:14:42] prokkaMN855721_reorder/MN855721_reorder.txt
[12:14:42] prokkaMN855721_reorder/MN855721_reorder.gbk
[12:14:42] prokkaMN855721_reorder/MN855721_reorder.sqn
[12:14:42] Annotation finished successfully.
[12:14:42] Walltime used: 0.12 minutes
[12:14:42] If you use this result please cite the Prokka paper:
[12:14:42] Seemann T (2014) Prokka: rapid prokaryotic genome annotation. Bioinformatics. 30(14):2068-9.
[12:14:42] Type 'prokka --citation' for more details.
[12:14:42] Share and enjoy!
