Opening log at 2021-04-21 09:49:27.119685
Iterating through fileSet at 2021-04-21 09:49:27.119805
fileSet is ['/home/james/Software/multiPhATE2/PipelineOutput/circular_pair_738/commoncore.cgc', '/home/james/Software/multiPhATE2/PipelineOutput/circular_pair_738/consensus.cgc', '/home/james/Software/multiPhATE2/PipelineOutput/circular_pair_738/glimmer.cgc', '/home/james/Software/multiPhATE2/PipelineOutput/circular_pair_738/phanotate.cgc', '/home/james/Software/multiPhATE2/PipelineOutput/circular_pair_738/prodigal.cgc', '/home/james/Software/multiPhATE2/PipelineOutput/circular_pair_738/superset.cgc']
Opening geneFile /home/james/Software/multiPhATE2/PipelineOutput/circular_pair_738/commoncore.cgc
Adding calls from geneFile /home/james/Software/multiPhATE2/PipelineOutput/circular_pair_738/commoncore.cgc
Appending call set  number of calls is: 0
Opening geneFile /home/james/Software/multiPhATE2/PipelineOutput/circular_pair_738/consensus.cgc
Adding calls from geneFile /home/james/Software/multiPhATE2/PipelineOutput/circular_pair_738/consensus.cgc
Appending call set  number of calls is: 0
Opening geneFile /home/james/Software/multiPhATE2/PipelineOutput/circular_pair_738/glimmer.cgc
Adding calls from geneFile /home/james/Software/multiPhATE2/PipelineOutput/circular_pair_738/glimmer.cgc
Appending call set  number of calls is: 17
Opening geneFile /home/james/Software/multiPhATE2/PipelineOutput/circular_pair_738/phanotate.cgc
Adding calls from geneFile /home/james/Software/multiPhATE2/PipelineOutput/circular_pair_738/phanotate.cgc
Appending call set  number of calls is: 25
Opening geneFile /home/james/Software/multiPhATE2/PipelineOutput/circular_pair_738/prodigal.cgc
Adding calls from geneFile /home/james/Software/multiPhATE2/PipelineOutput/circular_pair_738/prodigal.cgc
Appending call set  number of calls is: 8
Opening geneFile /home/james/Software/multiPhATE2/PipelineOutput/circular_pair_738/superset.cgc
Adding calls from geneFile /home/james/Software/multiPhATE2/PipelineOutput/circular_pair_738/superset.cgc
Appending call set  number of calls is: 0
All call sets have been added to caller list. Number of call sets in callerList: 6
callerList is   glimmer phanotate prodigal  
Total number of gene calls across callerList call sets is: 50
Sorting gene calls for each caller
Processing a callSet
Before sorting, Length of callerList for caller  is 0
After sorting, Length of callerList for caller  is 0
Processing a callSet
Before sorting, Length of callerList for caller  is 0
After sorting, Length of callerList for caller  is 0
Processing a callSet
Before sorting, Length of callerList for caller glimmer is 17
After sorting, Length of callerList for caller glimmer is 17
Processing a callSet
Before sorting, Length of callerList for caller phanotate is 25
After sorting, Length of callerList for caller phanotate is 25
Processing a callSet
Before sorting, Length of callerList for caller prodigal is 8
After sorting, Length of callerList for caller prodigal is 8
Processing a callSet
Before sorting, Length of callerList for caller  is 0
After sorting, Length of callerList for caller  is 0
callSet processing complete
Comparing across the call sets...
Merging the geneCall sets....
Final merged genes:

***************Merge List
1	Gene No. 1, gene caller: phanotate, leftEnd: 1, rightEnd: 117, strand: +, length: 117, contig: circular_pair_738, protein: unknown, score1: 1.0, score2: 0.0
2	Gene No. 1, gene caller: prodigal, leftEnd: 1, rightEnd: 117, strand: +, length: 117, contig: circular_pair_738, protein: unknown, score1: 1.0, score2: 0.0
3	Gene No. 2, gene caller: glimmer, leftEnd: 93, rightEnd: 287, strand: +, length: 195, contig: circular_pair_738, protein: unknown, score1: 1.0, score2: 0.0
4	Gene No. 2, gene caller: phanotate, leftEnd: 180, rightEnd: 287, strand: +, length: 108, contig: circular_pair_738, protein: unknown, score1: 1.0, score2: 0.0
5	Gene No. 3, gene caller: phanotate, leftEnd: 358, rightEnd: 465, strand: +, length: 108, contig: circular_pair_738, protein: unknown, score1: 1.0, score2: 0.0
6	Gene No. 3, gene caller: glimmer, leftEnd: 398, rightEnd: 556, strand: +, length: 159, contig: circular_pair_738, protein: unknown, score1: 1.0, score2: 0.0
7	Gene No. 4, gene caller: phanotate, leftEnd: 443, rightEnd: 556, strand: +, length: 114, contig: circular_pair_738, protein: unknown, score1: 1.0, score2: 0.0
8	Gene No. 4, gene caller: glimmer, leftEnd: 556, rightEnd: 669, strand: +, length: 114, contig: circular_pair_738, protein: unknown, score1: 1.0, score2: 0.0
9	Gene No. 5, gene caller: phanotate, leftEnd: 556, rightEnd: 669, strand: +, length: 114, contig: circular_pair_738, protein: unknown, score1: 1.0, score2: 0.0
10	Gene No. 5, gene caller: glimmer, leftEnd: 751, rightEnd: 888, strand: -, length: 138, contig: circular_pair_738, protein: unknown, score1: 1.0, score2: 0.0
11	Gene No. 6, gene caller: phanotate, leftEnd: 751, rightEnd: 888, strand: -, length: 138, contig: circular_pair_738, protein: unknown, score1: 1.0, score2: 0.0
12	Gene No. 6, gene caller: glimmer, leftEnd: 955, rightEnd: 1098, strand: -, length: 144, contig: circular_pair_738, protein: unknown, score1: 1.0, score2: 0.0
13	Gene No. 7, gene caller: phanotate, leftEnd: 955, rightEnd: 1098, strand: -, length: 144, contig: circular_pair_738, protein: unknown, score1: 1.0, score2: 0.0
14	Gene No. 7, gene caller: glimmer, leftEnd: 1116, rightEnd: 1259, strand: +, length: 144, contig: circular_pair_738, protein: unknown, score1: 1.0, score2: 0.0
15	Gene No. 8, gene caller: phanotate, leftEnd: 1150, rightEnd: 1245, strand: -, length: 96, contig: circular_pair_738, protein: unknown, score1: 1.0, score2: 0.0
16	Gene No. 9, gene caller: phanotate, leftEnd: 1297, rightEnd: 1392, strand: -, length: 96, contig: circular_pair_738, protein: unknown, score1: 1.0, score2: 0.0
17	Gene No. 8, gene caller: glimmer, leftEnd: 1317, rightEnd: 1433, strand: +, length: 117, contig: circular_pair_738, protein: unknown, score1: 1.0, score2: 0.0
18	Gene No. 9, gene caller: glimmer, leftEnd: 1424, rightEnd: 1879, strand: -, length: 456, contig: circular_pair_738, protein: unknown, score1: 1.0, score2: 0.0
19	Gene No. 10, gene caller: phanotate, leftEnd: 1424, rightEnd: 1918, strand: -, length: 495, contig: circular_pair_738, protein: unknown, score1: 1.0, score2: 0.0
20	Gene No. 2, gene caller: prodigal, leftEnd: 1424, rightEnd: 1918, strand: -, length: 495, contig: circular_pair_738, protein: unknown, score1: 1.0, score2: 0.0
21	Gene No. 10, gene caller: glimmer, leftEnd: 1893, rightEnd: 2009, strand: +, length: 117, contig: circular_pair_738, protein: unknown, score1: 1.0, score2: 0.0
22	Gene No. 11, gene caller: phanotate, leftEnd: 1893, rightEnd: 2009, strand: +, length: 117, contig: circular_pair_738, protein: unknown, score1: 1.0, score2: 0.0
23	Gene No. 12, gene caller: phanotate, leftEnd: 2077, rightEnd: 2187, strand: +, length: 111, contig: circular_pair_738, protein: unknown, score1: 1.0, score2: 0.0
24	Gene No. 11, gene caller: glimmer, leftEnd: 2150, rightEnd: 3478, strand: -, length: 1329, contig: circular_pair_738, protein: unknown, score1: 1.0, score2: 0.0
25	Gene No. 13, gene caller: phanotate, leftEnd: 2150, rightEnd: 3478, strand: -, length: 1329, contig: circular_pair_738, protein: unknown, score1: 1.0, score2: 0.0
26	Gene No. 3, gene caller: prodigal, leftEnd: 2150, rightEnd: 3478, strand: -, length: 1329, contig: circular_pair_738, protein: unknown, score1: 1.0, score2: 0.0
27	Gene No. 12, gene caller: glimmer, leftEnd: 3477, rightEnd: 4400, strand: +, length: 924, contig: circular_pair_738, protein: unknown, score1: 1.0, score2: 0.0
28	Gene No. 15, gene caller: phanotate, leftEnd: 3477, rightEnd: 4400, strand: +, length: 924, contig: circular_pair_738, protein: unknown, score1: 1.0, score2: 0.0
29	Gene No. 4, gene caller: prodigal, leftEnd: 3486, rightEnd: 4400, strand: +, length: 915, contig: circular_pair_738, protein: unknown, score1: 1.0, score2: 0.0
30	Gene No. 14, gene caller: phanotate, leftEnd: 3514, rightEnd: 3609, strand: +, length: 96, contig: circular_pair_738, protein: unknown, score1: 1.0, score2: 0.0
31	Gene No. 16, gene caller: phanotate, leftEnd: 4363, rightEnd: 4473, strand: -, length: 111, contig: circular_pair_738, protein: unknown, score1: 1.0, score2: 0.0
32	Gene No. 13, gene caller: glimmer, leftEnd: 4541, rightEnd: 4657, strand: -, length: 117, contig: circular_pair_738, protein: unknown, score1: 1.0, score2: 0.0
33	Gene No. 17, gene caller: phanotate, leftEnd: 4541, rightEnd: 4657, strand: -, length: 117, contig: circular_pair_738, protein: unknown, score1: 1.0, score2: 0.0
34	Gene No. 14, gene caller: glimmer, leftEnd: 4663, rightEnd: 4803, strand: -, length: 141, contig: circular_pair_738, protein: unknown, score1: 1.0, score2: 0.0
35	Gene No. 18, gene caller: phanotate, leftEnd: 4663, rightEnd: 4803, strand: -, length: 141, contig: circular_pair_738, protein: unknown, score1: 1.0, score2: 0.0
36	Gene No. 5, gene caller: prodigal, leftEnd: 4663, rightEnd: 4803, strand: -, length: 141, contig: circular_pair_738, protein: unknown, score1: 1.0, score2: 0.0
37	Gene No. 15, gene caller: glimmer, leftEnd: 4778, rightEnd: 4894, strand: +, length: 117, contig: circular_pair_738, protein: unknown, score1: 1.0, score2: 0.0
38	Gene No. 19, gene caller: phanotate, leftEnd: 4778, rightEnd: 4894, strand: +, length: 117, contig: circular_pair_738, protein: unknown, score1: 1.0, score2: 0.0
39	Gene No. 20, gene caller: phanotate, leftEnd: 4962, rightEnd: 5072, strand: +, length: 111, contig: circular_pair_738, protein: unknown, score1: 1.0, score2: 0.0
40	Gene No. 6, gene caller: prodigal, leftEnd: 5035, rightEnd: 5949, strand: -, length: 915, contig: circular_pair_738, protein: unknown, score1: 1.0, score2: 0.0
41	Gene No. 16, gene caller: glimmer, leftEnd: 5035, rightEnd: 5958, strand: -, length: 924, contig: circular_pair_738, protein: unknown, score1: 1.0, score2: 0.0
42	Gene No. 21, gene caller: phanotate, leftEnd: 5035, rightEnd: 5958, strand: -, length: 924, contig: circular_pair_738, protein: unknown, score1: 1.0, score2: 0.0
43	Gene No. 17, gene caller: glimmer, leftEnd: 5957, rightEnd: 7285, strand: +, length: 1329, contig: circular_pair_738, protein: unknown, score1: 1.0, score2: 0.0
44	Gene No. 7, gene caller: prodigal, leftEnd: 5957, rightEnd: 7285, strand: +, length: 1329, contig: circular_pair_738, protein: unknown, score1: 1.0, score2: 0.0
45	Gene No. 22, gene caller: phanotate, leftEnd: 5981, rightEnd: 7285, strand: +, length: 1305, contig: circular_pair_738, protein: unknown, score1: 1.0, score2: 0.0
46	Gene No. 23, gene caller: phanotate, leftEnd: 7248, rightEnd: 7358, strand: -, length: 111, contig: circular_pair_738, protein: unknown, score1: 1.0, score2: 0.0
47	Gene No. 18, gene caller: glimmer, leftEnd: 7426, rightEnd: 7542, strand: -, length: 117, contig: circular_pair_738, protein: unknown, score1: 1.0, score2: 0.0
48	Gene No. 24, gene caller: phanotate, leftEnd: 7426, rightEnd: 7542, strand: -, length: 117, contig: circular_pair_738, protein: unknown, score1: 1.0, score2: 0.0
49	Gene No. 25, gene caller: phanotate, leftEnd: 7517, rightEnd: 8284, strand: +, length: 768, contig: circular_pair_738, protein: unknown, score1: 1.0, score2: 0.0
50	Gene No. 8, gene caller: prodigal, leftEnd: 7517, rightEnd: 8284, strand: +, length: 768, contig: circular_pair_738, protein: unknown, score1: 1.0, score2: 0.0
Comparing across geneCall sets....
Scoring gene calls....
Identifying common core...
This is the Common Core List:

***************Common Core
CC-gene 1	Gene No. 1, gene caller: All_callers, leftEnd: 2150, rightEnd: 3478, strand: -, length: 1329, contig: circular_pair_738, protein: unknown, score1: 1.0, score2: 0.0
CC-gene 2	Gene No. 1, gene caller: All_callers, leftEnd: 4663, rightEnd: 4803, strand: -, length: 141, contig: circular_pair_738, protein: unknown, score1: 1.0, score2: 0.0
Printing gene-call superset, consensus, and common_core in GFF and CGC formats
Printing report....
The following gene callers were considered: glimmer, phanotate, prodigal, The number of distinct gene calls over all gene callers is 33
The number of gene calls in common among all callers is 2
The number of unique (non-matching) gene calls is18
Caller glimmer produced 17 gene calls.
Caller glimmer gene-call length stats:  min: 114, max: 1329, ave: 387.1764705882353
Caller phanotate produced 25 gene calls.
Caller phanotate gene-call length stats:  min: 96, max: 1329, ave: 317.16
Caller prodigal produced 8 gene calls.
Caller prodigal gene-call length stats:  min: 117, max: 1329, ave: 751.125

Gene-call Scores:
Caller	Contig	Gene No.	Left End	Right End	Strand	gcScore
phanotate	circular_pair_738	1	1	117	+	0.83
prodigal	circular_pair_738	1	1	117	+	0.83
glimmer	circular_pair_738	2	93	287	+	0.50
phanotate	circular_pair_738	2	180	287	+	0.50
phanotate	circular_pair_738	3	358	465	+	0.33
glimmer	circular_pair_738	3	398	556	+	0.50
phanotate	circular_pair_738	4	443	556	+	0.50
glimmer	circular_pair_738	4	556	669	+	0.83
phanotate	circular_pair_738	5	556	669	+	0.83
glimmer	circular_pair_738	5	751	888	-	0.83
phanotate	circular_pair_738	6	751	888	-	0.83
glimmer	circular_pair_738	6	955	1098	-	0.83
phanotate	circular_pair_738	7	955	1098	-	0.83
glimmer	circular_pair_738	7	1116	1259	+	0.33
phanotate	circular_pair_738	8	1150	1245	-	0.33
phanotate	circular_pair_738	9	1297	1392	-	0.33
glimmer	circular_pair_738	8	1317	1433	+	0.33
glimmer	circular_pair_738	9	1424	1879	-	0.50
phanotate	circular_pair_738	10	1424	1918	-	0.83
prodigal	circular_pair_738	2	1424	1918	-	0.83
glimmer	circular_pair_738	10	1893	2009	+	0.83
phanotate	circular_pair_738	11	1893	2009	+	0.83
phanotate	circular_pair_738	12	2077	2187	+	0.33
glimmer	circular_pair_738	11	2150	3478	-	1.00
phanotate	circular_pair_738	13	2150	3478	-	1.00
prodigal	circular_pair_738	3	2150	3478	-	1.00
glimmer	circular_pair_738	12	3477	4400	+	0.83
phanotate	circular_pair_738	15	3477	4400	+	0.83
prodigal	circular_pair_738	4	3486	4400	+	0.50
phanotate	circular_pair_738	14	3514	3609	+	0.33
phanotate	circular_pair_738	16	4363	4473	-	0.33
glimmer	circular_pair_738	13	4541	4657	-	0.83
phanotate	circular_pair_738	17	4541	4657	-	0.83
glimmer	circular_pair_738	14	4663	4803	-	1.00
phanotate	circular_pair_738	18	4663	4803	-	1.00
prodigal	circular_pair_738	5	4663	4803	-	1.00
glimmer	circular_pair_738	15	4778	4894	+	0.83
phanotate	circular_pair_738	19	4778	4894	+	0.83
phanotate	circular_pair_738	20	4962	5072	+	0.33
prodigal	circular_pair_738	6	5035	5949	-	0.50
glimmer	circular_pair_738	16	5035	5958	-	0.83
phanotate	circular_pair_738	21	5035	5958	-	0.83
glimmer	circular_pair_738	17	5957	7285	+	0.83
prodigal	circular_pair_738	7	5957	7285	+	0.83
phanotate	circular_pair_738	22	5981	7285	+	0.50
phanotate	circular_pair_738	23	7248	7358	-	0.33
glimmer	circular_pair_738	18	7426	7542	-	0.83
phanotate	circular_pair_738	24	7426	7542	-	0.83
phanotate	circular_pair_738	25	7517	8284	+	0.83
prodigal	circular_pair_738	8	7517	8284	+	0.83

Gene-call Consensus Scores:
Caller glimmer average gene-call score: 0.74
Caller phanotate average gene-call score: 0.65
Caller prodigal average gene-call score: 0.79

***************Unique List
Unique gene call 1
  --  Gene No. 1, gene caller: phanotate, leftEnd: 1, rightEnd: 117, strand: +, length: 117, contig: circular_pair_738, protein: unknown, score1: 0.8333333333333333, score2: 0.0
  --  Gene No. 1, gene caller: prodigal, leftEnd: 1, rightEnd: 117, strand: +, length: 117, contig: circular_pair_738, protein: unknown, score1: 0.8333333333333333, score2: 0.0
Unique gene call 2
  --  Gene No. 2, gene caller: glimmer, leftEnd: 93, rightEnd: 287, strand: +, length: 195, contig: circular_pair_738, protein: unknown, score1: 0.5, score2: 0.0
Unique gene call 3
  --  Gene No. 2, gene caller: phanotate, leftEnd: 180, rightEnd: 287, strand: +, length: 108, contig: circular_pair_738, protein: unknown, score1: 0.5, score2: 0.0
Unique gene call 4
  --  Gene No. 3, gene caller: phanotate, leftEnd: 358, rightEnd: 465, strand: +, length: 108, contig: circular_pair_738, protein: unknown, score1: 0.3333333333333333, score2: 0.0
Unique gene call 5
  --  Gene No. 3, gene caller: glimmer, leftEnd: 398, rightEnd: 556, strand: +, length: 159, contig: circular_pair_738, protein: unknown, score1: 0.5, score2: 0.0
Unique gene call 6
  --  Gene No. 4, gene caller: phanotate, leftEnd: 443, rightEnd: 556, strand: +, length: 114, contig: circular_pair_738, protein: unknown, score1: 0.5, score2: 0.0
Unique gene call 7
  --  Gene No. 4, gene caller: glimmer, leftEnd: 556, rightEnd: 669, strand: +, length: 114, contig: circular_pair_738, protein: unknown, score1: 0.8333333333333333, score2: 0.0
  --  Gene No. 5, gene caller: phanotate, leftEnd: 556, rightEnd: 669, strand: +, length: 114, contig: circular_pair_738, protein: unknown, score1: 0.8333333333333333, score2: 0.0
Unique gene call 8
  --  Gene No. 5, gene caller: glimmer, leftEnd: 751, rightEnd: 888, strand: -, length: 138, contig: circular_pair_738, protein: unknown, score1: 0.8333333333333333, score2: 0.0
  --  Gene No. 6, gene caller: phanotate, leftEnd: 751, rightEnd: 888, strand: -, length: 138, contig: circular_pair_738, protein: unknown, score1: 0.8333333333333333, score2: 0.0
Unique gene call 9
  --  Gene No. 6, gene caller: glimmer, leftEnd: 955, rightEnd: 1098, strand: -, length: 144, contig: circular_pair_738, protein: unknown, score1: 0.8333333333333333, score2: 0.0
  --  Gene No. 7, gene caller: phanotate, leftEnd: 955, rightEnd: 1098, strand: -, length: 144, contig: circular_pair_738, protein: unknown, score1: 0.8333333333333333, score2: 0.0
Unique gene call 10
  --  Gene No. 7, gene caller: glimmer, leftEnd: 1116, rightEnd: 1259, strand: +, length: 144, contig: circular_pair_738, protein: unknown, score1: 0.3333333333333333, score2: 0.0
Unique gene call 11
  --  Gene No. 8, gene caller: phanotate, leftEnd: 1150, rightEnd: 1245, strand: -, length: 96, contig: circular_pair_738, protein: unknown, score1: 0.3333333333333333, score2: 0.0
Unique gene call 12
  --  Gene No. 9, gene caller: phanotate, leftEnd: 1297, rightEnd: 1392, strand: -, length: 96, contig: circular_pair_738, protein: unknown, score1: 0.3333333333333333, score2: 0.0
Unique gene call 13
  --  Gene No. 8, gene caller: glimmer, leftEnd: 1317, rightEnd: 1433, strand: +, length: 117, contig: circular_pair_738, protein: unknown, score1: 0.3333333333333333, score2: 0.0
Unique gene call 14
  --  Gene No. 9, gene caller: glimmer, leftEnd: 1424, rightEnd: 1879, strand: -, length: 456, contig: circular_pair_738, protein: unknown, score1: 0.5, score2: 0.0
Unique gene call 15
  --  Gene No. 10, gene caller: phanotate, leftEnd: 1424, rightEnd: 1918, strand: -, length: 495, contig: circular_pair_738, protein: unknown, score1: 0.8333333333333333, score2: 0.0
  --  Gene No. 2, gene caller: prodigal, leftEnd: 1424, rightEnd: 1918, strand: -, length: 495, contig: circular_pair_738, protein: unknown, score1: 0.8333333333333333, score2: 0.0
Unique gene call 16
  --  Gene No. 10, gene caller: glimmer, leftEnd: 1893, rightEnd: 2009, strand: +, length: 117, contig: circular_pair_738, protein: unknown, score1: 0.8333333333333333, score2: 0.0
  --  Gene No. 11, gene caller: phanotate, leftEnd: 1893, rightEnd: 2009, strand: +, length: 117, contig: circular_pair_738, protein: unknown, score1: 0.8333333333333333, score2: 0.0
Unique gene call 17
  --  Gene No. 12, gene caller: phanotate, leftEnd: 2077, rightEnd: 2187, strand: +, length: 111, contig: circular_pair_738, protein: unknown, score1: 0.3333333333333333, score2: 0.0
Unique gene call 18
  --  Gene No. 11, gene caller: glimmer, leftEnd: 2150, rightEnd: 3478, strand: -, length: 1329, contig: circular_pair_738, protein: unknown, score1: 1.0, score2: 0.0
  --  Gene No. 13, gene caller: phanotate, leftEnd: 2150, rightEnd: 3478, strand: -, length: 1329, contig: circular_pair_738, protein: unknown, score1: 1.0, score2: 0.0
  --  Gene No. 3, gene caller: prodigal, leftEnd: 2150, rightEnd: 3478, strand: -, length: 1329, contig: circular_pair_738, protein: unknown, score1: 1.0, score2: 0.0
Unique gene call 19
  --  Gene No. 12, gene caller: glimmer, leftEnd: 3477, rightEnd: 4400, strand: +, length: 924, contig: circular_pair_738, protein: unknown, score1: 0.8333333333333333, score2: 0.0
  --  Gene No. 15, gene caller: phanotate, leftEnd: 3477, rightEnd: 4400, strand: +, length: 924, contig: circular_pair_738, protein: unknown, score1: 0.8333333333333333, score2: 0.0
Unique gene call 20
  --  Gene No. 4, gene caller: prodigal, leftEnd: 3486, rightEnd: 4400, strand: +, length: 915, contig: circular_pair_738, protein: unknown, score1: 0.5, score2: 0.0
Unique gene call 21
  --  Gene No. 14, gene caller: phanotate, leftEnd: 3514, rightEnd: 3609, strand: +, length: 96, contig: circular_pair_738, protein: unknown, score1: 0.3333333333333333, score2: 0.0
Unique gene call 22
  --  Gene No. 16, gene caller: phanotate, leftEnd: 4363, rightEnd: 4473, strand: -, length: 111, contig: circular_pair_738, protein: unknown, score1: 0.3333333333333333, score2: 0.0
Unique gene call 23
  --  Gene No. 13, gene caller: glimmer, leftEnd: 4541, rightEnd: 4657, strand: -, length: 117, contig: circular_pair_738, protein: unknown, score1: 0.8333333333333333, score2: 0.0
  --  Gene No. 17, gene caller: phanotate, leftEnd: 4541, rightEnd: 4657, strand: -, length: 117, contig: circular_pair_738, protein: unknown, score1: 0.8333333333333333, score2: 0.0
Unique gene call 24
  --  Gene No. 14, gene caller: glimmer, leftEnd: 4663, rightEnd: 4803, strand: -, length: 141, contig: circular_pair_738, protein: unknown, score1: 1.0, score2: 0.0
  --  Gene No. 18, gene caller: phanotate, leftEnd: 4663, rightEnd: 4803, strand: -, length: 141, contig: circular_pair_738, protein: unknown, score1: 1.0, score2: 0.0
  --  Gene No. 5, gene caller: prodigal, leftEnd: 4663, rightEnd: 4803, strand: -, length: 141, contig: circular_pair_738, protein: unknown, score1: 1.0, score2: 0.0
Unique gene call 25
  --  Gene No. 15, gene caller: glimmer, leftEnd: 4778, rightEnd: 4894, strand: +, length: 117, contig: circular_pair_738, protein: unknown, score1: 0.8333333333333333, score2: 0.0
  --  Gene No. 19, gene caller: phanotate, leftEnd: 4778, rightEnd: 4894, strand: +, length: 117, contig: circular_pair_738, protein: unknown, score1: 0.8333333333333333, score2: 0.0
Unique gene call 26
  --  Gene No. 20, gene caller: phanotate, leftEnd: 4962, rightEnd: 5072, strand: +, length: 111, contig: circular_pair_738, protein: unknown, score1: 0.3333333333333333, score2: 0.0
Unique gene call 27
  --  Gene No. 6, gene caller: prodigal, leftEnd: 5035, rightEnd: 5949, strand: -, length: 915, contig: circular_pair_738, protein: unknown, score1: 0.5, score2: 0.0
Unique gene call 28
  --  Gene No. 16, gene caller: glimmer, leftEnd: 5035, rightEnd: 5958, strand: -, length: 924, contig: circular_pair_738, protein: unknown, score1: 0.8333333333333333, score2: 0.0
  --  Gene No. 21, gene caller: phanotate, leftEnd: 5035, rightEnd: 5958, strand: -, length: 924, contig: circular_pair_738, protein: unknown, score1: 0.8333333333333333, score2: 0.0
Unique gene call 29
  --  Gene No. 17, gene caller: glimmer, leftEnd: 5957, rightEnd: 7285, strand: +, length: 1329, contig: circular_pair_738, protein: unknown, score1: 0.8333333333333333, score2: 0.0
  --  Gene No. 7, gene caller: prodigal, leftEnd: 5957, rightEnd: 7285, strand: +, length: 1329, contig: circular_pair_738, protein: unknown, score1: 0.8333333333333333, score2: 0.0
Unique gene call 30
  --  Gene No. 22, gene caller: phanotate, leftEnd: 5981, rightEnd: 7285, strand: +, length: 1305, contig: circular_pair_738, protein: unknown, score1: 0.5, score2: 0.0
Unique gene call 31
  --  Gene No. 23, gene caller: phanotate, leftEnd: 7248, rightEnd: 7358, strand: -, length: 111, contig: circular_pair_738, protein: unknown, score1: 0.3333333333333333, score2: 0.0
Unique gene call 32
  --  Gene No. 18, gene caller: glimmer, leftEnd: 7426, rightEnd: 7542, strand: -, length: 117, contig: circular_pair_738, protein: unknown, score1: 0.8333333333333333, score2: 0.0
  --  Gene No. 24, gene caller: phanotate, leftEnd: 7426, rightEnd: 7542, strand: -, length: 117, contig: circular_pair_738, protein: unknown, score1: 0.8333333333333333, score2: 0.0
Unique gene call 33
  --  Gene No. 25, gene caller: phanotate, leftEnd: 7517, rightEnd: 8284, strand: +, length: 768, contig: circular_pair_738, protein: unknown, score1: 0.8333333333333333, score2: 0.0
  --  Gene No. 8, gene caller: prodigal, leftEnd: 7517, rightEnd: 8284, strand: +, length: 768, contig: circular_pair_738, protein: unknown, score1: 0.8333333333333333, score2: 0.0
Code complete at 2021-04-21 09:49:27.127319
