Discrepancy Report Results

Summary
FATAL: MISSING_PROTEIN_ID:14 proteins have invalid IDs.
DISC_SOURCE_QUALS_ASNDISC:strain (all present, all unique)
DISC_SOURCE_QUALS_ASNDISC:taxname (all present, all unique)
DISC_FEATURE_COUNT:CDS: 14 present
DISC_COUNT_NUCLEOTIDES:1 nucleotide Bioseqs are present
FEATURE_LOCATION_CONFLICT:14 features have inconsistent gene locations.
DISC_QUALITY_SCORES:Quality scores are missing on all sequences.
ONCALLER_COMMENT_PRESENT:1 comment descriptors were found (all same)
MISSING_GENOMEASSEMBLY_COMMENTS:1 bioseqs are missing GenomeAssembly structured comments
MOLTYPE_NOT_MRNA:1 molecule types are not set as mRNA.
TECHNIQUE_NOT_TSA:1 technique are not set as TSA
MISSING_STRUCTURED_COMMENT:1 sequences do not include structured comments.
MISSING_PROJECT:15 sequences do not include project.
DISC_INCONSISTENT_MOLINFO_TECH:Molinfo Technique Report (some missing, all same)


Detailed Report

FATAL: DiscRep_ALL:MISSING_PROTEIN_ID::14 proteins have invalid IDs.
prokkaMN855645/MN855645:MN855645_1 (length 261)
prokkaMN855645/MN855645:MN855645_2 (length 416)
prokkaMN855645/MN855645:MN855645_3 (length 477)
prokkaMN855645/MN855645:MN855645_4 (length 344)
prokkaMN855645/MN855645:MN855645_5 (length 198)
prokkaMN855645/MN855645:MN855645_6 (length 336)
prokkaMN855645/MN855645:MN855645_7 (length 119)
prokkaMN855645/MN855645:MN855645_8 (length 122)
prokkaMN855645/MN855645:MN855645_9 (length 146)
prokkaMN855645/MN855645:MN855645_10 (length 135)
prokkaMN855645/MN855645:MN855645_11 (length 475)
prokkaMN855645/MN855645:MN855645_12 (length 160)
prokkaMN855645/MN855645:MN855645_13 (length 141)
prokkaMN855645/MN855645:MN855645_14 (length 151)

DiscRep_ALL:DISC_SOURCE_QUALS_ASNDISC::strain (all present, all unique)
DiscRep_SUB:DISC_SOURCE_QUALS_ASNDISC::1 sources have unique values for strain
DiscRep_ALL:DISC_SOURCE_QUALS_ASNDISC::taxname (all present, all unique)
DiscRep_SUB:DISC_SOURCE_QUALS_ASNDISC::1 sources have unique values for taxname
DiscRep_ALL:DISC_FEATURE_COUNT::CDS: 14 present
DiscRep_ALL:DISC_COUNT_NUCLEOTIDES::1 nucleotide Bioseqs are present
prokkaMN855645/MN855645:MN855645 (length 12964)

DiscRep_ALL:FEATURE_LOCATION_CONFLICT::14 features have inconsistent gene locations.
DiscRep_SUB:FEATURE_LOCATION_CONFLICT::Coding region xref gene does not exist
prokkaMN855645/MN855645:CDS	hypothetical protein	MN855645:206-991	BALMGDEK_00001

DiscRep_SUB:FEATURE_LOCATION_CONFLICT::Coding region xref gene does not exist
prokkaMN855645/MN855645:CDS	hypothetical protein	MN855645:975-2225	BALMGDEK_00002

DiscRep_SUB:FEATURE_LOCATION_CONFLICT::Coding region xref gene does not exist
prokkaMN855645/MN855645:CDS	hypothetical protein	MN855645:2216-3649	BALMGDEK_00003

DiscRep_SUB:FEATURE_LOCATION_CONFLICT::Coding region xref gene does not exist
prokkaMN855645/MN855645:CDS	hypothetical protein	MN855645:3627-4661	BALMGDEK_00004

DiscRep_SUB:FEATURE_LOCATION_CONFLICT::Coding region xref gene does not exist
prokkaMN855645/MN855645:CDS	hypothetical protein	MN855645:4860-5456	BALMGDEK_00005

DiscRep_SUB:FEATURE_LOCATION_CONFLICT::Coding region xref gene does not exist
prokkaMN855645/MN855645:CDS	hypothetical protein	MN855645:5456-6466	BALMGDEK_00006

DiscRep_SUB:FEATURE_LOCATION_CONFLICT::Coding region xref gene does not exist
prokkaMN855645/MN855645:CDS	hypothetical protein	MN855645:6469-6828	BALMGDEK_00007

DiscRep_SUB:FEATURE_LOCATION_CONFLICT::Coding region xref gene does not exist
prokkaMN855645/MN855645:CDS	hypothetical protein	MN855645:6825-7193	BALMGDEK_00008

DiscRep_SUB:FEATURE_LOCATION_CONFLICT::Coding region xref gene does not exist
prokkaMN855645/MN855645:CDS	hypothetical protein	MN855645:7190-7630	BALMGDEK_00009

DiscRep_SUB:FEATURE_LOCATION_CONFLICT::Coding region xref gene does not exist
prokkaMN855645/MN855645:CDS	hypothetical protein	MN855645:7627-8034	BALMGDEK_00010

DiscRep_SUB:FEATURE_LOCATION_CONFLICT::Coding region xref gene does not exist
prokkaMN855645/MN855645:CDS	hypothetical protein	MN855645:8031-9458	BALMGDEK_00011

DiscRep_SUB:FEATURE_LOCATION_CONFLICT::Coding region xref gene does not exist
prokkaMN855645/MN855645:CDS	Phage-like element PBSX protein XkdM	MN855645:9476-9958	BALMGDEK_00012

DiscRep_SUB:FEATURE_LOCATION_CONFLICT::Coding region xref gene does not exist
prokkaMN855645/MN855645:CDS	hypothetical protein	MN855645:9973-10398	BALMGDEK_00013

DiscRep_SUB:FEATURE_LOCATION_CONFLICT::Coding region xref gene does not exist
prokkaMN855645/MN855645:CDS	hypothetical protein	MN855645:c12324-11869	BALMGDEK_00014

DiscRep_ALL:DISC_QUALITY_SCORES::Quality scores are missing on all sequences.

DiscRep_ALL:ONCALLER_COMMENT_PRESENT::1 comment descriptors were found (all same)
prokkaMN855645/MN855645:MN855645:Annotated using prokka 1.14.6 from https://github.com/tseemann/prokka

DiscRep_ALL:MISSING_GENOMEASSEMBLY_COMMENTS::1 bioseqs are missing GenomeAssembly structured comments
prokkaMN855645/MN855645:MN855645 (length 12964)

DiscRep_ALL:MOLTYPE_NOT_MRNA::1 molecule types are not set as mRNA.
prokkaMN855645/MN855645:MN855645 (length 12964)

DiscRep_ALL:TECHNIQUE_NOT_TSA::1 technique are not set as TSA
prokkaMN855645/MN855645:MN855645 (length 12964)

DiscRep_ALL:MISSING_STRUCTURED_COMMENT::1 sequences do not include structured comments.
prokkaMN855645/MN855645:MN855645 (length 12964)

DiscRep_ALL:MISSING_PROJECT::15 sequences do not include project.
prokkaMN855645/MN855645:MN855645 (length 12964)
prokkaMN855645/MN855645:MN855645_1 (length 261)
prokkaMN855645/MN855645:MN855645_2 (length 416)
prokkaMN855645/MN855645:MN855645_3 (length 477)
prokkaMN855645/MN855645:MN855645_4 (length 344)
prokkaMN855645/MN855645:MN855645_5 (length 198)
prokkaMN855645/MN855645:MN855645_6 (length 336)
prokkaMN855645/MN855645:MN855645_7 (length 119)
prokkaMN855645/MN855645:MN855645_8 (length 122)
prokkaMN855645/MN855645:MN855645_9 (length 146)
prokkaMN855645/MN855645:MN855645_10 (length 135)
prokkaMN855645/MN855645:MN855645_11 (length 475)
prokkaMN855645/MN855645:MN855645_12 (length 160)
prokkaMN855645/MN855645:MN855645_13 (length 141)
prokkaMN855645/MN855645:MN855645_14 (length 151)

DiscRep_ALL:DISC_INCONSISTENT_MOLINFO_TECH::Molinfo Technique Report (some missing, all same)
DiscRep_SUB:DISC_INCONSISTENT_MOLINFO_TECH::technique (all missing)
DiscRep_SUB:DISC_INCONSISTENT_MOLINFO_TECH::1 Molinfos are missing field technique
prokkaMN855645/MN855645:MN855645 (length 12964)

