Opening log at 2021-04-21 09:31:13.384647
Iterating through fileSet at 2021-04-21 09:31:13.384767
fileSet is ['/home/james/Software/multiPhATE2/PipelineOutput/contig_2059/commoncore.cgc', '/home/james/Software/multiPhATE2/PipelineOutput/contig_2059/consensus.cgc', '/home/james/Software/multiPhATE2/PipelineOutput/contig_2059/glimmer.cgc', '/home/james/Software/multiPhATE2/PipelineOutput/contig_2059/phanotate.cgc', '/home/james/Software/multiPhATE2/PipelineOutput/contig_2059/prodigal.cgc', '/home/james/Software/multiPhATE2/PipelineOutput/contig_2059/superset.cgc']
Opening geneFile /home/james/Software/multiPhATE2/PipelineOutput/contig_2059/commoncore.cgc
Adding calls from geneFile /home/james/Software/multiPhATE2/PipelineOutput/contig_2059/commoncore.cgc
Appending call set  number of calls is: 0
Opening geneFile /home/james/Software/multiPhATE2/PipelineOutput/contig_2059/consensus.cgc
Adding calls from geneFile /home/james/Software/multiPhATE2/PipelineOutput/contig_2059/consensus.cgc
Appending call set  number of calls is: 0
Opening geneFile /home/james/Software/multiPhATE2/PipelineOutput/contig_2059/glimmer.cgc
Adding calls from geneFile /home/james/Software/multiPhATE2/PipelineOutput/contig_2059/glimmer.cgc
Appending call set  number of calls is: 18
Opening geneFile /home/james/Software/multiPhATE2/PipelineOutput/contig_2059/phanotate.cgc
Adding calls from geneFile /home/james/Software/multiPhATE2/PipelineOutput/contig_2059/phanotate.cgc
Appending call set  number of calls is: 40
Opening geneFile /home/james/Software/multiPhATE2/PipelineOutput/contig_2059/prodigal.cgc
Adding calls from geneFile /home/james/Software/multiPhATE2/PipelineOutput/contig_2059/prodigal.cgc
Appending call set  number of calls is: 20
Opening geneFile /home/james/Software/multiPhATE2/PipelineOutput/contig_2059/superset.cgc
Adding calls from geneFile /home/james/Software/multiPhATE2/PipelineOutput/contig_2059/superset.cgc
Appending call set  number of calls is: 0
All call sets have been added to caller list. Number of call sets in callerList: 6
callerList is   glimmer phanotate prodigal  
Total number of gene calls across callerList call sets is: 78
Sorting gene calls for each caller
Processing a callSet
Before sorting, Length of callerList for caller  is 0
After sorting, Length of callerList for caller  is 0
Processing a callSet
Before sorting, Length of callerList for caller  is 0
After sorting, Length of callerList for caller  is 0
Processing a callSet
Before sorting, Length of callerList for caller glimmer is 18
After sorting, Length of callerList for caller glimmer is 18
Processing a callSet
Before sorting, Length of callerList for caller phanotate is 40
After sorting, Length of callerList for caller phanotate is 40
Processing a callSet
Before sorting, Length of callerList for caller prodigal is 20
After sorting, Length of callerList for caller prodigal is 20
Processing a callSet
Before sorting, Length of callerList for caller  is 0
After sorting, Length of callerList for caller  is 0
callSet processing complete
Comparing across the call sets...
Merging the geneCall sets....
Final merged genes:

***************Merge List
1	Gene No. 1, gene caller: glimmer, leftEnd: 114, rightEnd: 395, strand: -, length: 282, contig: contig_2059, protein: unknown, score1: 1.0, score2: 0.0
2	Gene No. 1, gene caller: phanotate, leftEnd: 114, rightEnd: 395, strand: -, length: 282, contig: contig_2059, protein: unknown, score1: 1.0, score2: 0.0
3	Gene No. 1, gene caller: prodigal, leftEnd: 118, rightEnd: 279, strand: +, length: 162, contig: contig_2059, protein: unknown, score1: 1.0, score2: 0.0
4	Gene No. 2, gene caller: phanotate, leftEnd: 372, rightEnd: 485, strand: +, length: 114, contig: contig_2059, protein: unknown, score1: 1.0, score2: 0.0
5	Gene No. 3, gene caller: phanotate, leftEnd: 482, rightEnd: 625, strand: +, length: 144, contig: contig_2059, protein: unknown, score1: 1.0, score2: 0.0
6	Gene No. 4, gene caller: phanotate, leftEnd: 700, rightEnd: 882, strand: +, length: 183, contig: contig_2059, protein: unknown, score1: 1.0, score2: 0.0
7	Gene No. 5, gene caller: phanotate, leftEnd: 973, rightEnd: 1065, strand: -, length: 93, contig: contig_2059, protein: unknown, score1: 1.0, score2: 0.0
8	Gene No. 6, gene caller: phanotate, leftEnd: 1095, rightEnd: 1481, strand: -, length: 387, contig: contig_2059, protein: unknown, score1: 1.0, score2: 0.0
9	Gene No. 2, gene caller: prodigal, leftEnd: 1095, rightEnd: 1553, strand: -, length: 459, contig: contig_2059, protein: unknown, score1: 1.0, score2: 0.0
10	Gene No. 7, gene caller: phanotate, leftEnd: 1566, rightEnd: 1685, strand: -, length: 120, contig: contig_2059, protein: unknown, score1: 1.0, score2: 0.0
11	Gene No. 8, gene caller: phanotate, leftEnd: 1688, rightEnd: 1990, strand: -, length: 303, contig: contig_2059, protein: unknown, score1: 1.0, score2: 0.0
12	Gene No. 2, gene caller: glimmer, leftEnd: 1688, rightEnd: 2020, strand: -, length: 333, contig: contig_2059, protein: unknown, score1: 1.0, score2: 0.0
13	Gene No. 3, gene caller: prodigal, leftEnd: 1688, rightEnd: 2020, strand: -, length: 333, contig: contig_2059, protein: unknown, score1: 1.0, score2: 0.0
14	Gene No. 3, gene caller: glimmer, leftEnd: 2010, rightEnd: 2282, strand: -, length: 273, contig: contig_2059, protein: unknown, score1: 1.0, score2: 0.0
15	Gene No. 9, gene caller: phanotate, leftEnd: 2010, rightEnd: 2282, strand: -, length: 273, contig: contig_2059, protein: unknown, score1: 1.0, score2: 0.0
16	Gene No. 4, gene caller: prodigal, leftEnd: 2010, rightEnd: 2282, strand: -, length: 273, contig: contig_2059, protein: unknown, score1: 1.0, score2: 0.0
17	Gene No. 4, gene caller: glimmer, leftEnd: 2310, rightEnd: 2561, strand: -, length: 252, contig: contig_2059, protein: unknown, score1: 1.0, score2: 0.0
18	Gene No. 10, gene caller: phanotate, leftEnd: 2310, rightEnd: 2561, strand: -, length: 252, contig: contig_2059, protein: unknown, score1: 1.0, score2: 0.0
19	Gene No. 5, gene caller: prodigal, leftEnd: 2471, rightEnd: 2623, strand: -, length: 153, contig: contig_2059, protein: unknown, score1: 1.0, score2: 0.0
20	Gene No. 11, gene caller: phanotate, leftEnd: 2640, rightEnd: 3017, strand: -, length: 378, contig: contig_2059, protein: unknown, score1: 1.0, score2: 0.0
21	Gene No. 5, gene caller: glimmer, leftEnd: 2640, rightEnd: 3035, strand: -, length: 396, contig: contig_2059, protein: unknown, score1: 1.0, score2: 0.0
22	Gene No. 6, gene caller: prodigal, leftEnd: 2640, rightEnd: 3035, strand: -, length: 396, contig: contig_2059, protein: unknown, score1: 1.0, score2: 0.0
23	Gene No. 6, gene caller: glimmer, leftEnd: 3028, rightEnd: 3216, strand: -, length: 189, contig: contig_2059, protein: unknown, score1: 1.0, score2: 0.0
24	Gene No. 12, gene caller: phanotate, leftEnd: 3028, rightEnd: 3216, strand: -, length: 189, contig: contig_2059, protein: unknown, score1: 1.0, score2: 0.0
25	Gene No. 7, gene caller: prodigal, leftEnd: 3028, rightEnd: 3216, strand: -, length: 189, contig: contig_2059, protein: unknown, score1: 1.0, score2: 0.0
26	Gene No. 13, gene caller: phanotate, leftEnd: 3320, rightEnd: 3682, strand: -, length: 363, contig: contig_2059, protein: unknown, score1: 1.0, score2: 0.0
27	Gene No. 8, gene caller: prodigal, leftEnd: 3320, rightEnd: 3721, strand: -, length: 402, contig: contig_2059, protein: unknown, score1: 1.0, score2: 0.0
28	Gene No. 14, gene caller: phanotate, leftEnd: 3609, rightEnd: 3953, strand: -, length: 345, contig: contig_2059, protein: unknown, score1: 1.0, score2: 0.0
29	Gene No. 15, gene caller: phanotate, leftEnd: 3925, rightEnd: 4398, strand: -, length: 474, contig: contig_2059, protein: unknown, score1: 1.0, score2: 0.0
30	Gene No. 7, gene caller: glimmer, leftEnd: 3925, rightEnd: 4434, strand: -, length: 510, contig: contig_2059, protein: unknown, score1: 1.0, score2: 0.0
31	Gene No. 9, gene caller: prodigal, leftEnd: 3925, rightEnd: 4434, strand: -, length: 510, contig: contig_2059, protein: unknown, score1: 1.0, score2: 0.0
32	Gene No. 8, gene caller: glimmer, leftEnd: 4469, rightEnd: 5392, strand: -, length: 924, contig: contig_2059, protein: unknown, score1: 1.0, score2: 0.0
33	Gene No. 16, gene caller: phanotate, leftEnd: 4469, rightEnd: 5392, strand: -, length: 924, contig: contig_2059, protein: unknown, score1: 1.0, score2: 0.0
34	Gene No. 10, gene caller: prodigal, leftEnd: 4469, rightEnd: 5392, strand: -, length: 924, contig: contig_2059, protein: unknown, score1: 1.0, score2: 0.0
35	Gene No. 9, gene caller: glimmer, leftEnd: 5437, rightEnd: 5559, strand: -, length: 123, contig: contig_2059, protein: unknown, score1: 1.0, score2: 0.0
36	Gene No. 17, gene caller: phanotate, leftEnd: 5437, rightEnd: 5559, strand: -, length: 123, contig: contig_2059, protein: unknown, score1: 1.0, score2: 0.0
37	Gene No. 18, gene caller: phanotate, leftEnd: 5630, rightEnd: 5734, strand: -, length: 105, contig: contig_2059, protein: unknown, score1: 1.0, score2: 0.0
38	Gene No. 19, gene caller: phanotate, leftEnd: 5853, rightEnd: 6023, strand: +, length: 171, contig: contig_2059, protein: unknown, score1: 1.0, score2: 0.0
39	Gene No. 10, gene caller: glimmer, leftEnd: 6020, rightEnd: 6268, strand: -, length: 249, contig: contig_2059, protein: unknown, score1: 1.0, score2: 0.0
40	Gene No. 11, gene caller: prodigal, leftEnd: 6075, rightEnd: 6242, strand: +, length: 168, contig: contig_2059, protein: unknown, score1: 1.0, score2: 0.0
41	Gene No. 20, gene caller: phanotate, leftEnd: 6081, rightEnd: 6242, strand: +, length: 162, contig: contig_2059, protein: unknown, score1: 1.0, score2: 0.0
42	Gene No. 21, gene caller: phanotate, leftEnd: 6348, rightEnd: 6443, strand: +, length: 96, contig: contig_2059, protein: unknown, score1: 1.0, score2: 0.0
43	Gene No. 11, gene caller: glimmer, leftEnd: 6485, rightEnd: 6664, strand: +, length: 180, contig: contig_2059, protein: unknown, score1: 1.0, score2: 0.0
44	Gene No. 22, gene caller: phanotate, leftEnd: 6485, rightEnd: 6664, strand: +, length: 180, contig: contig_2059, protein: unknown, score1: 1.0, score2: 0.0
45	Gene No. 12, gene caller: prodigal, leftEnd: 6485, rightEnd: 6664, strand: +, length: 180, contig: contig_2059, protein: unknown, score1: 1.0, score2: 0.0
46	Gene No. 12, gene caller: glimmer, leftEnd: 6709, rightEnd: 7632, strand: +, length: 924, contig: contig_2059, protein: unknown, score1: 1.0, score2: 0.0
47	Gene No. 23, gene caller: phanotate, leftEnd: 6709, rightEnd: 7632, strand: +, length: 924, contig: contig_2059, protein: unknown, score1: 1.0, score2: 0.0
48	Gene No. 13, gene caller: prodigal, leftEnd: 6709, rightEnd: 7632, strand: +, length: 924, contig: contig_2059, protein: unknown, score1: 1.0, score2: 0.0
49	Gene No. 13, gene caller: glimmer, leftEnd: 7667, rightEnd: 8176, strand: +, length: 510, contig: contig_2059, protein: unknown, score1: 1.0, score2: 0.0
50	Gene No. 24, gene caller: phanotate, leftEnd: 7667, rightEnd: 8176, strand: +, length: 510, contig: contig_2059, protein: unknown, score1: 1.0, score2: 0.0
51	Gene No. 14, gene caller: prodigal, leftEnd: 7667, rightEnd: 8176, strand: +, length: 510, contig: contig_2059, protein: unknown, score1: 1.0, score2: 0.0
52	Gene No. 25, gene caller: phanotate, leftEnd: 8148, rightEnd: 8492, strand: +, length: 345, contig: contig_2059, protein: unknown, score1: 1.0, score2: 0.0
53	Gene No. 15, gene caller: prodigal, leftEnd: 8380, rightEnd: 8781, strand: +, length: 402, contig: contig_2059, protein: unknown, score1: 1.0, score2: 0.0
54	Gene No. 26, gene caller: phanotate, leftEnd: 8419, rightEnd: 8781, strand: +, length: 363, contig: contig_2059, protein: unknown, score1: 1.0, score2: 0.0
55	Gene No. 14, gene caller: glimmer, leftEnd: 8885, rightEnd: 9073, strand: +, length: 189, contig: contig_2059, protein: unknown, score1: 1.0, score2: 0.0
56	Gene No. 27, gene caller: phanotate, leftEnd: 8885, rightEnd: 9073, strand: +, length: 189, contig: contig_2059, protein: unknown, score1: 1.0, score2: 0.0
57	Gene No. 16, gene caller: prodigal, leftEnd: 8885, rightEnd: 9073, strand: +, length: 189, contig: contig_2059, protein: unknown, score1: 1.0, score2: 0.0
58	Gene No. 28, gene caller: phanotate, leftEnd: 9018, rightEnd: 9461, strand: +, length: 444, contig: contig_2059, protein: unknown, score1: 1.0, score2: 0.0
59	Gene No. 15, gene caller: glimmer, leftEnd: 9066, rightEnd: 9461, strand: +, length: 396, contig: contig_2059, protein: unknown, score1: 1.0, score2: 0.0
60	Gene No. 17, gene caller: prodigal, leftEnd: 9066, rightEnd: 9461, strand: +, length: 396, contig: contig_2059, protein: unknown, score1: 1.0, score2: 0.0
61	Gene No. 29, gene caller: phanotate, leftEnd: 9470, rightEnd: 9577, strand: +, length: 108, contig: contig_2059, protein: unknown, score1: 1.0, score2: 0.0
62	Gene No. 16, gene caller: glimmer, leftEnd: 9606, rightEnd: 9878, strand: +, length: 273, contig: contig_2059, protein: unknown, score1: 1.0, score2: 0.0
63	Gene No. 30, gene caller: phanotate, leftEnd: 9606, rightEnd: 9878, strand: +, length: 273, contig: contig_2059, protein: unknown, score1: 1.0, score2: 0.0
64	Gene No. 18, gene caller: prodigal, leftEnd: 9606, rightEnd: 9878, strand: +, length: 273, contig: contig_2059, protein: unknown, score1: 1.0, score2: 0.0
65	Gene No. 17, gene caller: glimmer, leftEnd: 9868, rightEnd: 10242, strand: +, length: 375, contig: contig_2059, protein: unknown, score1: 1.0, score2: 0.0
66	Gene No. 19, gene caller: prodigal, leftEnd: 9868, rightEnd: 10242, strand: +, length: 375, contig: contig_2059, protein: unknown, score1: 1.0, score2: 0.0
67	Gene No. 31, gene caller: phanotate, leftEnd: 9898, rightEnd: 10242, strand: +, length: 345, contig: contig_2059, protein: unknown, score1: 1.0, score2: 0.0
68	Gene No. 32, gene caller: phanotate, leftEnd: 10202, rightEnd: 10297, strand: +, length: 96, contig: contig_2059, protein: unknown, score1: 1.0, score2: 0.0
69	Gene No. 20, gene caller: prodigal, leftEnd: 10333, rightEnd: 10791, strand: +, length: 459, contig: contig_2059, protein: unknown, score1: 1.0, score2: 0.0
70	Gene No. 33, gene caller: phanotate, leftEnd: 10405, rightEnd: 10791, strand: +, length: 387, contig: contig_2059, protein: unknown, score1: 1.0, score2: 0.0
71	Gene No. 18, gene caller: glimmer, leftEnd: 10821, rightEnd: 10949, strand: +, length: 129, contig: contig_2059, protein: unknown, score1: 1.0, score2: 0.0
72	Gene No. 34, gene caller: phanotate, leftEnd: 10839, rightEnd: 10949, strand: +, length: 111, contig: contig_2059, protein: unknown, score1: 1.0, score2: 0.0
73	Gene No. 35, gene caller: phanotate, leftEnd: 11005, rightEnd: 11151, strand: +, length: 147, contig: contig_2059, protein: unknown, score1: 1.0, score2: 0.0
74	Gene No. 36, gene caller: phanotate, leftEnd: 11161, rightEnd: 11250, strand: +, length: 90, contig: contig_2059, protein: unknown, score1: 1.0, score2: 0.0
75	Gene No. 37, gene caller: phanotate, leftEnd: 11298, rightEnd: 11405, strand: -, length: 108, contig: contig_2059, protein: unknown, score1: 1.0, score2: 0.0
76	Gene No. 38, gene caller: phanotate, leftEnd: 11483, rightEnd: 11596, strand: +, length: 114, contig: contig_2059, protein: unknown, score1: 1.0, score2: 0.0
77	Gene No. 39, gene caller: phanotate, leftEnd: 11677, rightEnd: 11817, strand: +, length: 141, contig: contig_2059, protein: unknown, score1: 1.0, score2: 0.0
78	Gene No. 40, gene caller: phanotate, leftEnd: 11755, rightEnd: 11919, strand: -, length: 165, contig: contig_2059, protein: unknown, score1: 1.0, score2: 0.0
Comparing across geneCall sets....
Scoring gene calls....
Identifying common core...
This is the Common Core List:

***************Common Core
CC-gene 1	Gene No. 1, gene caller: All_callers, leftEnd: 2010, rightEnd: 2282, strand: -, length: 273, contig: contig_2059, protein: unknown, score1: 1.0, score2: 0.0
CC-gene 2	Gene No. 1, gene caller: All_callers, leftEnd: 3028, rightEnd: 3216, strand: -, length: 189, contig: contig_2059, protein: unknown, score1: 1.0, score2: 0.0
CC-gene 3	Gene No. 1, gene caller: All_callers, leftEnd: 4469, rightEnd: 5392, strand: -, length: 924, contig: contig_2059, protein: unknown, score1: 1.0, score2: 0.0
CC-gene 4	Gene No. 1, gene caller: All_callers, leftEnd: 6485, rightEnd: 6664, strand: +, length: 180, contig: contig_2059, protein: unknown, score1: 1.0, score2: 0.0
CC-gene 5	Gene No. 1, gene caller: All_callers, leftEnd: 6709, rightEnd: 7632, strand: +, length: 924, contig: contig_2059, protein: unknown, score1: 1.0, score2: 0.0
CC-gene 6	Gene No. 1, gene caller: All_callers, leftEnd: 7667, rightEnd: 8176, strand: +, length: 510, contig: contig_2059, protein: unknown, score1: 1.0, score2: 0.0
CC-gene 7	Gene No. 1, gene caller: All_callers, leftEnd: 8885, rightEnd: 9073, strand: +, length: 189, contig: contig_2059, protein: unknown, score1: 1.0, score2: 0.0
CC-gene 8	Gene No. 1, gene caller: All_callers, leftEnd: 9606, rightEnd: 9878, strand: +, length: 273, contig: contig_2059, protein: unknown, score1: 1.0, score2: 0.0
Printing gene-call superset, consensus, and common_core in GFF and CGC formats
Printing report....
The following gene callers were considered: glimmer, phanotate, prodigal, The number of distinct gene calls over all gene callers is 54
The number of gene calls in common among all callers is 8
The number of unique (non-matching) gene calls is38
Caller glimmer produced 18 gene calls.
Caller glimmer gene-call length stats:  min: 123, max: 924, ave: 361.5
Caller phanotate produced 40 gene calls.
Caller phanotate gene-call length stats:  min: 90, max: 924, ave: 263.025
Caller prodigal produced 20 gene calls.
Caller prodigal gene-call length stats:  min: 153, max: 924, ave: 383.85

Gene-call Scores:
Caller	Contig	Gene No.	Left End	Right End	Strand	gcScore
glimmer	contig_2059	1	114	395	-	0.83
phanotate	contig_2059	1	114	395	-	0.83
prodigal	contig_2059	1	118	279	+	0.33
phanotate	contig_2059	2	372	485	+	0.33
phanotate	contig_2059	3	482	625	+	0.33
phanotate	contig_2059	4	700	882	+	0.33
phanotate	contig_2059	5	973	1065	-	0.33
phanotate	contig_2059	6	1095	1481	-	0.50
prodigal	contig_2059	2	1095	1553	-	0.50
phanotate	contig_2059	7	1566	1685	-	0.33
phanotate	contig_2059	8	1688	1990	-	0.50
glimmer	contig_2059	2	1688	2020	-	0.83
prodigal	contig_2059	3	1688	2020	-	0.83
glimmer	contig_2059	3	2010	2282	-	1.00
phanotate	contig_2059	9	2010	2282	-	1.00
prodigal	contig_2059	4	2010	2282	-	1.00
glimmer	contig_2059	4	2310	2561	-	0.83
phanotate	contig_2059	10	2310	2561	-	0.83
prodigal	contig_2059	5	2471	2623	-	0.33
phanotate	contig_2059	11	2640	3017	-	0.50
glimmer	contig_2059	5	2640	3035	-	0.83
prodigal	contig_2059	6	2640	3035	-	0.83
glimmer	contig_2059	6	3028	3216	-	1.00
phanotate	contig_2059	12	3028	3216	-	1.00
prodigal	contig_2059	7	3028	3216	-	1.00
phanotate	contig_2059	13	3320	3682	-	0.50
prodigal	contig_2059	8	3320	3721	-	0.50
phanotate	contig_2059	14	3609	3953	-	0.33
phanotate	contig_2059	15	3925	4398	-	0.50
glimmer	contig_2059	7	3925	4434	-	0.83
prodigal	contig_2059	9	3925	4434	-	0.83
glimmer	contig_2059	8	4469	5392	-	1.00
phanotate	contig_2059	16	4469	5392	-	1.00
prodigal	contig_2059	10	4469	5392	-	1.00
glimmer	contig_2059	9	5437	5559	-	0.83
phanotate	contig_2059	17	5437	5559	-	0.83
phanotate	contig_2059	18	5630	5734	-	0.33
phanotate	contig_2059	19	5853	6023	+	0.33
glimmer	contig_2059	10	6020	6268	-	0.33
prodigal	contig_2059	11	6075	6242	+	0.50
phanotate	contig_2059	20	6081	6242	+	0.50
phanotate	contig_2059	21	6348	6443	+	0.33
glimmer	contig_2059	11	6485	6664	+	1.00
phanotate	contig_2059	22	6485	6664	+	1.00
prodigal	contig_2059	12	6485	6664	+	1.00
glimmer	contig_2059	12	6709	7632	+	1.00
phanotate	contig_2059	23	6709	7632	+	1.00
prodigal	contig_2059	13	6709	7632	+	1.00
glimmer	contig_2059	13	7667	8176	+	1.00
phanotate	contig_2059	24	7667	8176	+	1.00
prodigal	contig_2059	14	7667	8176	+	1.00
phanotate	contig_2059	25	8148	8492	+	0.33
prodigal	contig_2059	15	8380	8781	+	0.50
phanotate	contig_2059	26	8419	8781	+	0.50
glimmer	contig_2059	14	8885	9073	+	1.00
phanotate	contig_2059	27	8885	9073	+	1.00
prodigal	contig_2059	16	8885	9073	+	1.00
phanotate	contig_2059	28	9018	9461	+	0.50
glimmer	contig_2059	15	9066	9461	+	0.83
prodigal	contig_2059	17	9066	9461	+	0.83
phanotate	contig_2059	29	9470	9577	+	0.33
glimmer	contig_2059	16	9606	9878	+	1.00
phanotate	contig_2059	30	9606	9878	+	1.00
prodigal	contig_2059	18	9606	9878	+	1.00
glimmer	contig_2059	17	9868	10242	+	0.83
prodigal	contig_2059	19	9868	10242	+	0.83
phanotate	contig_2059	31	9898	10242	+	0.50
phanotate	contig_2059	32	10202	10297	+	0.33
prodigal	contig_2059	20	10333	10791	+	0.50
phanotate	contig_2059	33	10405	10791	+	0.50
glimmer	contig_2059	18	10821	10949	+	0.50
phanotate	contig_2059	34	10839	10949	+	0.50
phanotate	contig_2059	35	11005	11151	+	0.33
phanotate	contig_2059	36	11161	11250	+	0.33
phanotate	contig_2059	37	11298	11405	-	0.33
phanotate	contig_2059	38	11483	11596	+	0.33
phanotate	contig_2059	39	11677	11817	+	0.33
phanotate	contig_2059	40	11755	11919	-	0.33

Gene-call Consensus Scores:
Caller glimmer average gene-call score: 0.86
Caller phanotate average gene-call score: 0.55
Caller prodigal average gene-call score: 0.77

***************Unique List
Unique gene call 1
  --  Gene No. 1, gene caller: glimmer, leftEnd: 114, rightEnd: 395, strand: -, length: 282, contig: contig_2059, protein: unknown, score1: 0.8333333333333333, score2: 0.0
  --  Gene No. 1, gene caller: phanotate, leftEnd: 114, rightEnd: 395, strand: -, length: 282, contig: contig_2059, protein: unknown, score1: 0.8333333333333333, score2: 0.0
Unique gene call 2
  --  Gene No. 1, gene caller: prodigal, leftEnd: 118, rightEnd: 279, strand: +, length: 162, contig: contig_2059, protein: unknown, score1: 0.3333333333333333, score2: 0.0
Unique gene call 3
  --  Gene No. 2, gene caller: phanotate, leftEnd: 372, rightEnd: 485, strand: +, length: 114, contig: contig_2059, protein: unknown, score1: 0.3333333333333333, score2: 0.0
Unique gene call 4
  --  Gene No. 3, gene caller: phanotate, leftEnd: 482, rightEnd: 625, strand: +, length: 144, contig: contig_2059, protein: unknown, score1: 0.3333333333333333, score2: 0.0
Unique gene call 5
  --  Gene No. 4, gene caller: phanotate, leftEnd: 700, rightEnd: 882, strand: +, length: 183, contig: contig_2059, protein: unknown, score1: 0.3333333333333333, score2: 0.0
Unique gene call 6
  --  Gene No. 5, gene caller: phanotate, leftEnd: 973, rightEnd: 1065, strand: -, length: 93, contig: contig_2059, protein: unknown, score1: 0.3333333333333333, score2: 0.0
Unique gene call 7
  --  Gene No. 6, gene caller: phanotate, leftEnd: 1095, rightEnd: 1481, strand: -, length: 387, contig: contig_2059, protein: unknown, score1: 0.5, score2: 0.0
Unique gene call 8
  --  Gene No. 2, gene caller: prodigal, leftEnd: 1095, rightEnd: 1553, strand: -, length: 459, contig: contig_2059, protein: unknown, score1: 0.5, score2: 0.0
Unique gene call 9
  --  Gene No. 7, gene caller: phanotate, leftEnd: 1566, rightEnd: 1685, strand: -, length: 120, contig: contig_2059, protein: unknown, score1: 0.3333333333333333, score2: 0.0
Unique gene call 10
  --  Gene No. 8, gene caller: phanotate, leftEnd: 1688, rightEnd: 1990, strand: -, length: 303, contig: contig_2059, protein: unknown, score1: 0.5, score2: 0.0
Unique gene call 11
  --  Gene No. 2, gene caller: glimmer, leftEnd: 1688, rightEnd: 2020, strand: -, length: 333, contig: contig_2059, protein: unknown, score1: 0.8333333333333333, score2: 0.0
  --  Gene No. 3, gene caller: prodigal, leftEnd: 1688, rightEnd: 2020, strand: -, length: 333, contig: contig_2059, protein: unknown, score1: 0.8333333333333333, score2: 0.0
Unique gene call 12
  --  Gene No. 3, gene caller: glimmer, leftEnd: 2010, rightEnd: 2282, strand: -, length: 273, contig: contig_2059, protein: unknown, score1: 1.0, score2: 0.0
  --  Gene No. 9, gene caller: phanotate, leftEnd: 2010, rightEnd: 2282, strand: -, length: 273, contig: contig_2059, protein: unknown, score1: 1.0, score2: 0.0
  --  Gene No. 4, gene caller: prodigal, leftEnd: 2010, rightEnd: 2282, strand: -, length: 273, contig: contig_2059, protein: unknown, score1: 1.0, score2: 0.0
Unique gene call 13
  --  Gene No. 4, gene caller: glimmer, leftEnd: 2310, rightEnd: 2561, strand: -, length: 252, contig: contig_2059, protein: unknown, score1: 0.8333333333333333, score2: 0.0
  --  Gene No. 10, gene caller: phanotate, leftEnd: 2310, rightEnd: 2561, strand: -, length: 252, contig: contig_2059, protein: unknown, score1: 0.8333333333333333, score2: 0.0
Unique gene call 14
  --  Gene No. 5, gene caller: prodigal, leftEnd: 2471, rightEnd: 2623, strand: -, length: 153, contig: contig_2059, protein: unknown, score1: 0.3333333333333333, score2: 0.0
Unique gene call 15
  --  Gene No. 11, gene caller: phanotate, leftEnd: 2640, rightEnd: 3017, strand: -, length: 378, contig: contig_2059, protein: unknown, score1: 0.5, score2: 0.0
Unique gene call 16
  --  Gene No. 5, gene caller: glimmer, leftEnd: 2640, rightEnd: 3035, strand: -, length: 396, contig: contig_2059, protein: unknown, score1: 0.8333333333333333, score2: 0.0
  --  Gene No. 6, gene caller: prodigal, leftEnd: 2640, rightEnd: 3035, strand: -, length: 396, contig: contig_2059, protein: unknown, score1: 0.8333333333333333, score2: 0.0
Unique gene call 17
  --  Gene No. 6, gene caller: glimmer, leftEnd: 3028, rightEnd: 3216, strand: -, length: 189, contig: contig_2059, protein: unknown, score1: 1.0, score2: 0.0
  --  Gene No. 12, gene caller: phanotate, leftEnd: 3028, rightEnd: 3216, strand: -, length: 189, contig: contig_2059, protein: unknown, score1: 1.0, score2: 0.0
  --  Gene No. 7, gene caller: prodigal, leftEnd: 3028, rightEnd: 3216, strand: -, length: 189, contig: contig_2059, protein: unknown, score1: 1.0, score2: 0.0
Unique gene call 18
  --  Gene No. 13, gene caller: phanotate, leftEnd: 3320, rightEnd: 3682, strand: -, length: 363, contig: contig_2059, protein: unknown, score1: 0.5, score2: 0.0
Unique gene call 19
  --  Gene No. 8, gene caller: prodigal, leftEnd: 3320, rightEnd: 3721, strand: -, length: 402, contig: contig_2059, protein: unknown, score1: 0.5, score2: 0.0
Unique gene call 20
  --  Gene No. 14, gene caller: phanotate, leftEnd: 3609, rightEnd: 3953, strand: -, length: 345, contig: contig_2059, protein: unknown, score1: 0.3333333333333333, score2: 0.0
Unique gene call 21
  --  Gene No. 15, gene caller: phanotate, leftEnd: 3925, rightEnd: 4398, strand: -, length: 474, contig: contig_2059, protein: unknown, score1: 0.5, score2: 0.0
Unique gene call 22
  --  Gene No. 7, gene caller: glimmer, leftEnd: 3925, rightEnd: 4434, strand: -, length: 510, contig: contig_2059, protein: unknown, score1: 0.8333333333333333, score2: 0.0
  --  Gene No. 9, gene caller: prodigal, leftEnd: 3925, rightEnd: 4434, strand: -, length: 510, contig: contig_2059, protein: unknown, score1: 0.8333333333333333, score2: 0.0
Unique gene call 23
  --  Gene No. 8, gene caller: glimmer, leftEnd: 4469, rightEnd: 5392, strand: -, length: 924, contig: contig_2059, protein: unknown, score1: 1.0, score2: 0.0
  --  Gene No. 16, gene caller: phanotate, leftEnd: 4469, rightEnd: 5392, strand: -, length: 924, contig: contig_2059, protein: unknown, score1: 1.0, score2: 0.0
  --  Gene No. 10, gene caller: prodigal, leftEnd: 4469, rightEnd: 5392, strand: -, length: 924, contig: contig_2059, protein: unknown, score1: 1.0, score2: 0.0
Unique gene call 24
  --  Gene No. 9, gene caller: glimmer, leftEnd: 5437, rightEnd: 5559, strand: -, length: 123, contig: contig_2059, protein: unknown, score1: 0.8333333333333333, score2: 0.0
  --  Gene No. 17, gene caller: phanotate, leftEnd: 5437, rightEnd: 5559, strand: -, length: 123, contig: contig_2059, protein: unknown, score1: 0.8333333333333333, score2: 0.0
Unique gene call 25
  --  Gene No. 18, gene caller: phanotate, leftEnd: 5630, rightEnd: 5734, strand: -, length: 105, contig: contig_2059, protein: unknown, score1: 0.3333333333333333, score2: 0.0
Unique gene call 26
  --  Gene No. 19, gene caller: phanotate, leftEnd: 5853, rightEnd: 6023, strand: +, length: 171, contig: contig_2059, protein: unknown, score1: 0.3333333333333333, score2: 0.0
Unique gene call 27
  --  Gene No. 10, gene caller: glimmer, leftEnd: 6020, rightEnd: 6268, strand: -, length: 249, contig: contig_2059, protein: unknown, score1: 0.3333333333333333, score2: 0.0
Unique gene call 28
  --  Gene No. 11, gene caller: prodigal, leftEnd: 6075, rightEnd: 6242, strand: +, length: 168, contig: contig_2059, protein: unknown, score1: 0.5, score2: 0.0
Unique gene call 29
  --  Gene No. 20, gene caller: phanotate, leftEnd: 6081, rightEnd: 6242, strand: +, length: 162, contig: contig_2059, protein: unknown, score1: 0.5, score2: 0.0
Unique gene call 30
  --  Gene No. 21, gene caller: phanotate, leftEnd: 6348, rightEnd: 6443, strand: +, length: 96, contig: contig_2059, protein: unknown, score1: 0.3333333333333333, score2: 0.0
Unique gene call 31
  --  Gene No. 11, gene caller: glimmer, leftEnd: 6485, rightEnd: 6664, strand: +, length: 180, contig: contig_2059, protein: unknown, score1: 1.0, score2: 0.0
  --  Gene No. 22, gene caller: phanotate, leftEnd: 6485, rightEnd: 6664, strand: +, length: 180, contig: contig_2059, protein: unknown, score1: 1.0, score2: 0.0
  --  Gene No. 12, gene caller: prodigal, leftEnd: 6485, rightEnd: 6664, strand: +, length: 180, contig: contig_2059, protein: unknown, score1: 1.0, score2: 0.0
Unique gene call 32
  --  Gene No. 12, gene caller: glimmer, leftEnd: 6709, rightEnd: 7632, strand: +, length: 924, contig: contig_2059, protein: unknown, score1: 1.0, score2: 0.0
  --  Gene No. 23, gene caller: phanotate, leftEnd: 6709, rightEnd: 7632, strand: +, length: 924, contig: contig_2059, protein: unknown, score1: 1.0, score2: 0.0
  --  Gene No. 13, gene caller: prodigal, leftEnd: 6709, rightEnd: 7632, strand: +, length: 924, contig: contig_2059, protein: unknown, score1: 1.0, score2: 0.0
Unique gene call 33
  --  Gene No. 13, gene caller: glimmer, leftEnd: 7667, rightEnd: 8176, strand: +, length: 510, contig: contig_2059, protein: unknown, score1: 1.0, score2: 0.0
  --  Gene No. 24, gene caller: phanotate, leftEnd: 7667, rightEnd: 8176, strand: +, length: 510, contig: contig_2059, protein: unknown, score1: 1.0, score2: 0.0
  --  Gene No. 14, gene caller: prodigal, leftEnd: 7667, rightEnd: 8176, strand: +, length: 510, contig: contig_2059, protein: unknown, score1: 1.0, score2: 0.0
Unique gene call 34
  --  Gene No. 25, gene caller: phanotate, leftEnd: 8148, rightEnd: 8492, strand: +, length: 345, contig: contig_2059, protein: unknown, score1: 0.3333333333333333, score2: 0.0
Unique gene call 35
  --  Gene No. 15, gene caller: prodigal, leftEnd: 8380, rightEnd: 8781, strand: +, length: 402, contig: contig_2059, protein: unknown, score1: 0.5, score2: 0.0
Unique gene call 36
  --  Gene No. 26, gene caller: phanotate, leftEnd: 8419, rightEnd: 8781, strand: +, length: 363, contig: contig_2059, protein: unknown, score1: 0.5, score2: 0.0
Unique gene call 37
  --  Gene No. 14, gene caller: glimmer, leftEnd: 8885, rightEnd: 9073, strand: +, length: 189, contig: contig_2059, protein: unknown, score1: 1.0, score2: 0.0
  --  Gene No. 27, gene caller: phanotate, leftEnd: 8885, rightEnd: 9073, strand: +, length: 189, contig: contig_2059, protein: unknown, score1: 1.0, score2: 0.0
  --  Gene No. 16, gene caller: prodigal, leftEnd: 8885, rightEnd: 9073, strand: +, length: 189, contig: contig_2059, protein: unknown, score1: 1.0, score2: 0.0
Unique gene call 38
  --  Gene No. 28, gene caller: phanotate, leftEnd: 9018, rightEnd: 9461, strand: +, length: 444, contig: contig_2059, protein: unknown, score1: 0.5, score2: 0.0
Unique gene call 39
  --  Gene No. 15, gene caller: glimmer, leftEnd: 9066, rightEnd: 9461, strand: +, length: 396, contig: contig_2059, protein: unknown, score1: 0.8333333333333333, score2: 0.0
  --  Gene No. 17, gene caller: prodigal, leftEnd: 9066, rightEnd: 9461, strand: +, length: 396, contig: contig_2059, protein: unknown, score1: 0.8333333333333333, score2: 0.0
Unique gene call 40
  --  Gene No. 29, gene caller: phanotate, leftEnd: 9470, rightEnd: 9577, strand: +, length: 108, contig: contig_2059, protein: unknown, score1: 0.3333333333333333, score2: 0.0
Unique gene call 41
  --  Gene No. 16, gene caller: glimmer, leftEnd: 9606, rightEnd: 9878, strand: +, length: 273, contig: contig_2059, protein: unknown, score1: 1.0, score2: 0.0
  --  Gene No. 30, gene caller: phanotate, leftEnd: 9606, rightEnd: 9878, strand: +, length: 273, contig: contig_2059, protein: unknown, score1: 1.0, score2: 0.0
  --  Gene No. 18, gene caller: prodigal, leftEnd: 9606, rightEnd: 9878, strand: +, length: 273, contig: contig_2059, protein: unknown, score1: 1.0, score2: 0.0
Unique gene call 42
  --  Gene No. 17, gene caller: glimmer, leftEnd: 9868, rightEnd: 10242, strand: +, length: 375, contig: contig_2059, protein: unknown, score1: 0.8333333333333333, score2: 0.0
  --  Gene No. 19, gene caller: prodigal, leftEnd: 9868, rightEnd: 10242, strand: +, length: 375, contig: contig_2059, protein: unknown, score1: 0.8333333333333333, score2: 0.0
Unique gene call 43
  --  Gene No. 31, gene caller: phanotate, leftEnd: 9898, rightEnd: 10242, strand: +, length: 345, contig: contig_2059, protein: unknown, score1: 0.5, score2: 0.0
Unique gene call 44
  --  Gene No. 32, gene caller: phanotate, leftEnd: 10202, rightEnd: 10297, strand: +, length: 96, contig: contig_2059, protein: unknown, score1: 0.3333333333333333, score2: 0.0
Unique gene call 45
  --  Gene No. 20, gene caller: prodigal, leftEnd: 10333, rightEnd: 10791, strand: +, length: 459, contig: contig_2059, protein: unknown, score1: 0.5, score2: 0.0
Unique gene call 46
  --  Gene No. 33, gene caller: phanotate, leftEnd: 10405, rightEnd: 10791, strand: +, length: 387, contig: contig_2059, protein: unknown, score1: 0.5, score2: 0.0
Unique gene call 47
  --  Gene No. 18, gene caller: glimmer, leftEnd: 10821, rightEnd: 10949, strand: +, length: 129, contig: contig_2059, protein: unknown, score1: 0.5, score2: 0.0
Unique gene call 48
  --  Gene No. 34, gene caller: phanotate, leftEnd: 10839, rightEnd: 10949, strand: +, length: 111, contig: contig_2059, protein: unknown, score1: 0.5, score2: 0.0
Unique gene call 49
  --  Gene No. 35, gene caller: phanotate, leftEnd: 11005, rightEnd: 11151, strand: +, length: 147, contig: contig_2059, protein: unknown, score1: 0.3333333333333333, score2: 0.0
Unique gene call 50
  --  Gene No. 36, gene caller: phanotate, leftEnd: 11161, rightEnd: 11250, strand: +, length: 90, contig: contig_2059, protein: unknown, score1: 0.3333333333333333, score2: 0.0
Unique gene call 51
  --  Gene No. 37, gene caller: phanotate, leftEnd: 11298, rightEnd: 11405, strand: -, length: 108, contig: contig_2059, protein: unknown, score1: 0.3333333333333333, score2: 0.0
Unique gene call 52
  --  Gene No. 38, gene caller: phanotate, leftEnd: 11483, rightEnd: 11596, strand: +, length: 114, contig: contig_2059, protein: unknown, score1: 0.3333333333333333, score2: 0.0
Unique gene call 53
  --  Gene No. 39, gene caller: phanotate, leftEnd: 11677, rightEnd: 11817, strand: +, length: 141, contig: contig_2059, protein: unknown, score1: 0.3333333333333333, score2: 0.0
Unique gene call 54
  --  Gene No. 40, gene caller: phanotate, leftEnd: 11755, rightEnd: 11919, strand: -, length: 165, contig: contig_2059, protein: unknown, score1: 0.3333333333333333, score2: 0.0
Code complete at 2021-04-21 09:31:13.392133
