Discrepancy Report Results

Summary
DISC_PROTEIN_NAMES:All proteins have same name "hypothetical protein"
FATAL: MISSING_PROTEIN_ID:21 proteins have invalid IDs.
DISC_SOURCE_QUALS_ASNDISC:strain (all present, all unique)
DISC_SOURCE_QUALS_ASNDISC:taxname (all present, all unique)
DISC_FEATURE_COUNT:CDS: 21 present
DISC_COUNT_NUCLEOTIDES:1 nucleotide Bioseqs are present
FEATURE_LOCATION_CONFLICT:21 features have inconsistent gene locations.
DISC_QUALITY_SCORES:Quality scores are missing on all sequences.
ONCALLER_COMMENT_PRESENT:1 comment descriptors were found (all same)
SHORT_PROT_SEQUENCES:2 protein sequences are shorter than 50 aa.
MISSING_GENOMEASSEMBLY_COMMENTS:1 bioseqs are missing GenomeAssembly structured comments
MOLTYPE_NOT_MRNA:1 molecule types are not set as mRNA.
TECHNIQUE_NOT_TSA:1 technique are not set as TSA
MISSING_STRUCTURED_COMMENT:1 sequences do not include structured comments.
MISSING_PROJECT:22 sequences do not include project.
DISC_INCONSISTENT_MOLINFO_TECH:Molinfo Technique Report (some missing, all same)


Detailed Report

DiscRep_ALL:DISC_PROTEIN_NAMES::All proteins have same name "hypothetical protein"

FATAL: DiscRep_ALL:MISSING_PROTEIN_ID::21 proteins have invalid IDs.
prokkaMN856021/MN856021:MN856021_1 (length 459)
prokkaMN856021/MN856021:MN856021_2 (length 242)
prokkaMN856021/MN856021:MN856021_3 (length 46)
prokkaMN856021/MN856021:MN856021_4 (length 117)
prokkaMN856021/MN856021:MN856021_5 (length 193)
prokkaMN856021/MN856021:MN856021_6 (length 89)
prokkaMN856021/MN856021:MN856021_7 (length 87)
prokkaMN856021/MN856021:MN856021_8 (length 430)
prokkaMN856021/MN856021:MN856021_9 (length 160)
prokkaMN856021/MN856021:MN856021_10 (length 323)
prokkaMN856021/MN856021:MN856021_11 (length 111)
prokkaMN856021/MN856021:MN856021_12 (length 126)
prokkaMN856021/MN856021:MN856021_13 (length 152)
prokkaMN856021/MN856021:MN856021_14 (length 118)
prokkaMN856021/MN856021:MN856021_15 (length 117)
prokkaMN856021/MN856021:MN856021_16 (length 516)
prokkaMN856021/MN856021:MN856021_17 (length 140)
prokkaMN856021/MN856021:MN856021_18 (length 148)
prokkaMN856021/MN856021:MN856021_19 (length 40)
prokkaMN856021/MN856021:MN856021_20 (length 551)
prokkaMN856021/MN856021:MN856021_21 (length 171)

DiscRep_ALL:DISC_SOURCE_QUALS_ASNDISC::strain (all present, all unique)
DiscRep_SUB:DISC_SOURCE_QUALS_ASNDISC::1 sources have unique values for strain
DiscRep_ALL:DISC_SOURCE_QUALS_ASNDISC::taxname (all present, all unique)
DiscRep_SUB:DISC_SOURCE_QUALS_ASNDISC::1 sources have unique values for taxname
DiscRep_ALL:DISC_FEATURE_COUNT::CDS: 21 present
DiscRep_ALL:DISC_COUNT_NUCLEOTIDES::1 nucleotide Bioseqs are present
prokkaMN856021/MN856021:MN856021 (length 14810)

DiscRep_ALL:FEATURE_LOCATION_CONFLICT::21 features have inconsistent gene locations.
DiscRep_SUB:FEATURE_LOCATION_CONFLICT::Coding region xref gene does not exist
prokkaMN856021/MN856021:CDS	hypothetical protein	MN856021:48-1427	LLAEGKDC_00001

DiscRep_SUB:FEATURE_LOCATION_CONFLICT::Coding region xref gene does not exist
prokkaMN856021/MN856021:CDS	hypothetical protein	MN856021:1414-2142	LLAEGKDC_00002

DiscRep_SUB:FEATURE_LOCATION_CONFLICT::Coding region xref gene does not exist
prokkaMN856021/MN856021:CDS	hypothetical protein	MN856021:c2631-2491	LLAEGKDC_00003

DiscRep_SUB:FEATURE_LOCATION_CONFLICT::Coding region xref gene does not exist
prokkaMN856021/MN856021:CDS	hypothetical protein	MN856021:c2981-2628	LLAEGKDC_00004

DiscRep_SUB:FEATURE_LOCATION_CONFLICT::Coding region xref gene does not exist
prokkaMN856021/MN856021:CDS	hypothetical protein	MN856021:c3564-2983	LLAEGKDC_00005

DiscRep_SUB:FEATURE_LOCATION_CONFLICT::Coding region xref gene does not exist
prokkaMN856021/MN856021:CDS	hypothetical protein	MN856021:c3818-3549	LLAEGKDC_00006

DiscRep_SUB:FEATURE_LOCATION_CONFLICT::Coding region xref gene does not exist
prokkaMN856021/MN856021:CDS	hypothetical protein	MN856021:4244-4507	LLAEGKDC_00007

DiscRep_SUB:FEATURE_LOCATION_CONFLICT::Coding region xref gene does not exist
prokkaMN856021/MN856021:CDS	hypothetical protein	MN856021:4923-6215	LLAEGKDC_00008

DiscRep_SUB:FEATURE_LOCATION_CONFLICT::Coding region xref gene does not exist
prokkaMN856021/MN856021:CDS	hypothetical protein	MN856021:6218-6700	LLAEGKDC_00009

DiscRep_SUB:FEATURE_LOCATION_CONFLICT::Coding region xref gene does not exist
prokkaMN856021/MN856021:CDS	hypothetical protein	MN856021:6700-7671	LLAEGKDC_00010

DiscRep_SUB:FEATURE_LOCATION_CONFLICT::Coding region xref gene does not exist
prokkaMN856021/MN856021:CDS	hypothetical protein	MN856021:7728-8063	LLAEGKDC_00011

DiscRep_SUB:FEATURE_LOCATION_CONFLICT::Coding region xref gene does not exist
prokkaMN856021/MN856021:CDS	hypothetical protein	MN856021:8258-8638	LLAEGKDC_00012

DiscRep_SUB:FEATURE_LOCATION_CONFLICT::Coding region xref gene does not exist
prokkaMN856021/MN856021:CDS	hypothetical protein	MN856021:8638-9096	LLAEGKDC_00013

DiscRep_SUB:FEATURE_LOCATION_CONFLICT::Coding region xref gene does not exist
prokkaMN856021/MN856021:CDS	hypothetical protein	MN856021:9089-9445	LLAEGKDC_00014

DiscRep_SUB:FEATURE_LOCATION_CONFLICT::Coding region xref gene does not exist
prokkaMN856021/MN856021:CDS	hypothetical protein	MN856021:9531-9884	LLAEGKDC_00015

DiscRep_SUB:FEATURE_LOCATION_CONFLICT::Coding region xref gene does not exist
prokkaMN856021/MN856021:CDS	hypothetical protein	MN856021:9829-11379	LLAEGKDC_00016

DiscRep_SUB:FEATURE_LOCATION_CONFLICT::Coding region xref gene does not exist
prokkaMN856021/MN856021:CDS	hypothetical protein	MN856021:11383-11805	LLAEGKDC_00017

DiscRep_SUB:FEATURE_LOCATION_CONFLICT::Coding region xref gene does not exist
prokkaMN856021/MN856021:CDS	hypothetical protein	MN856021:11810-12256	LLAEGKDC_00018

DiscRep_SUB:FEATURE_LOCATION_CONFLICT::Coding region xref gene does not exist
prokkaMN856021/MN856021:CDS	hypothetical protein	MN856021:12298-12420	LLAEGKDC_00019

DiscRep_SUB:FEATURE_LOCATION_CONFLICT::Coding region xref gene does not exist
prokkaMN856021/MN856021:CDS	hypothetical protein	MN856021:12407-14062	LLAEGKDC_00020

DiscRep_SUB:FEATURE_LOCATION_CONFLICT::Coding region xref gene does not exist
prokkaMN856021/MN856021:CDS	hypothetical protein	MN856021:c14605-14090	LLAEGKDC_00021

DiscRep_ALL:DISC_QUALITY_SCORES::Quality scores are missing on all sequences.

DiscRep_ALL:ONCALLER_COMMENT_PRESENT::1 comment descriptors were found (all same)
prokkaMN856021/MN856021:MN856021:Annotated using prokka 1.14.6 from https://github.com/tseemann/prokka

DiscRep_ALL:SHORT_PROT_SEQUENCES::2 protein sequences are shorter than 50 aa.
prokkaMN856021/MN856021:MN856021_3 (length 46)
prokkaMN856021/MN856021:MN856021_19 (length 40)

DiscRep_ALL:MISSING_GENOMEASSEMBLY_COMMENTS::1 bioseqs are missing GenomeAssembly structured comments
prokkaMN856021/MN856021:MN856021 (length 14810)

DiscRep_ALL:MOLTYPE_NOT_MRNA::1 molecule types are not set as mRNA.
prokkaMN856021/MN856021:MN856021 (length 14810)

DiscRep_ALL:TECHNIQUE_NOT_TSA::1 technique are not set as TSA
prokkaMN856021/MN856021:MN856021 (length 14810)

DiscRep_ALL:MISSING_STRUCTURED_COMMENT::1 sequences do not include structured comments.
prokkaMN856021/MN856021:MN856021 (length 14810)

DiscRep_ALL:MISSING_PROJECT::22 sequences do not include project.
prokkaMN856021/MN856021:MN856021 (length 14810)
prokkaMN856021/MN856021:MN856021_1 (length 459)
prokkaMN856021/MN856021:MN856021_2 (length 242)
prokkaMN856021/MN856021:MN856021_3 (length 46)
prokkaMN856021/MN856021:MN856021_4 (length 117)
prokkaMN856021/MN856021:MN856021_5 (length 193)
prokkaMN856021/MN856021:MN856021_6 (length 89)
prokkaMN856021/MN856021:MN856021_7 (length 87)
prokkaMN856021/MN856021:MN856021_8 (length 430)
prokkaMN856021/MN856021:MN856021_9 (length 160)
prokkaMN856021/MN856021:MN856021_10 (length 323)
prokkaMN856021/MN856021:MN856021_11 (length 111)
prokkaMN856021/MN856021:MN856021_12 (length 126)
prokkaMN856021/MN856021:MN856021_13 (length 152)
prokkaMN856021/MN856021:MN856021_14 (length 118)
prokkaMN856021/MN856021:MN856021_15 (length 117)
prokkaMN856021/MN856021:MN856021_16 (length 516)
prokkaMN856021/MN856021:MN856021_17 (length 140)
prokkaMN856021/MN856021:MN856021_18 (length 148)
prokkaMN856021/MN856021:MN856021_19 (length 40)
prokkaMN856021/MN856021:MN856021_20 (length 551)
prokkaMN856021/MN856021:MN856021_21 (length 171)

DiscRep_ALL:DISC_INCONSISTENT_MOLINFO_TECH::Molinfo Technique Report (some missing, all same)
DiscRep_SUB:DISC_INCONSISTENT_MOLINFO_TECH::technique (all missing)
DiscRep_SUB:DISC_INCONSISTENT_MOLINFO_TECH::1 Molinfos are missing field technique
prokkaMN856021/MN856021:MN856021 (length 14810)

