Opening log at 2021-04-21 09:37:45.551611
Iterating through fileSet at 2021-04-21 09:37:45.551812
fileSet is ['/home/james/Software/multiPhATE2/PipelineOutput/contig_2877/commoncore.cgc', '/home/james/Software/multiPhATE2/PipelineOutput/contig_2877/consensus.cgc', '/home/james/Software/multiPhATE2/PipelineOutput/contig_2877/glimmer.cgc', '/home/james/Software/multiPhATE2/PipelineOutput/contig_2877/phanotate.cgc', '/home/james/Software/multiPhATE2/PipelineOutput/contig_2877/prodigal.cgc', '/home/james/Software/multiPhATE2/PipelineOutput/contig_2877/superset.cgc']
Opening geneFile /home/james/Software/multiPhATE2/PipelineOutput/contig_2877/commoncore.cgc
Adding calls from geneFile /home/james/Software/multiPhATE2/PipelineOutput/contig_2877/commoncore.cgc
Appending call set  number of calls is: 0
Opening geneFile /home/james/Software/multiPhATE2/PipelineOutput/contig_2877/consensus.cgc
Adding calls from geneFile /home/james/Software/multiPhATE2/PipelineOutput/contig_2877/consensus.cgc
Appending call set  number of calls is: 0
Opening geneFile /home/james/Software/multiPhATE2/PipelineOutput/contig_2877/glimmer.cgc
Adding calls from geneFile /home/james/Software/multiPhATE2/PipelineOutput/contig_2877/glimmer.cgc
Appending call set  number of calls is: 9
Opening geneFile /home/james/Software/multiPhATE2/PipelineOutput/contig_2877/phanotate.cgc
Adding calls from geneFile /home/james/Software/multiPhATE2/PipelineOutput/contig_2877/phanotate.cgc
Appending call set  number of calls is: 13
Opening geneFile /home/james/Software/multiPhATE2/PipelineOutput/contig_2877/prodigal.cgc
Adding calls from geneFile /home/james/Software/multiPhATE2/PipelineOutput/contig_2877/prodigal.cgc
Appending call set  number of calls is: 11
Opening geneFile /home/james/Software/multiPhATE2/PipelineOutput/contig_2877/superset.cgc
Adding calls from geneFile /home/james/Software/multiPhATE2/PipelineOutput/contig_2877/superset.cgc
Appending call set  number of calls is: 0
All call sets have been added to caller list. Number of call sets in callerList: 6
callerList is   glimmer phanotate prodigal  
Total number of gene calls across callerList call sets is: 33
Sorting gene calls for each caller
Processing a callSet
Before sorting, Length of callerList for caller  is 0
After sorting, Length of callerList for caller  is 0
Processing a callSet
Before sorting, Length of callerList for caller  is 0
After sorting, Length of callerList for caller  is 0
Processing a callSet
Before sorting, Length of callerList for caller glimmer is 9
After sorting, Length of callerList for caller glimmer is 9
Processing a callSet
Before sorting, Length of callerList for caller phanotate is 13
After sorting, Length of callerList for caller phanotate is 13
Processing a callSet
Before sorting, Length of callerList for caller prodigal is 11
After sorting, Length of callerList for caller prodigal is 11
Processing a callSet
Before sorting, Length of callerList for caller  is 0
After sorting, Length of callerList for caller  is 0
callSet processing complete
Comparing across the call sets...
Merging the geneCall sets....
Final merged genes:

***************Merge List
1	Gene No. 1, gene caller: phanotate, leftEnd: 2, rightEnd: 259, strand: +, length: 258, contig: contig_2877, protein: unknown, score1: 1.0, score2: 0.0
2	Gene No. 1, gene caller: prodigal, leftEnd: 3, rightEnd: 218, strand: +, length: 216, contig: contig_2877, protein: unknown, score1: 1.0, score2: 0.0
3	Gene No. 2, gene caller: glimmer, leftEnd: 199, rightEnd: 561, strand: +, length: 363, contig: contig_2877, protein: unknown, score1: 1.0, score2: 0.0
4	Gene No. 2, gene caller: phanotate, leftEnd: 256, rightEnd: 561, strand: +, length: 306, contig: contig_2877, protein: unknown, score1: 1.0, score2: 0.0
5	Gene No. 2, gene caller: prodigal, leftEnd: 417, rightEnd: 581, strand: +, length: 165, contig: contig_2877, protein: unknown, score1: 1.0, score2: 0.0
6	Gene No. 3, gene caller: phanotate, leftEnd: 624, rightEnd: 758, strand: +, length: 135, contig: contig_2877, protein: unknown, score1: 1.0, score2: 0.0
7	Gene No. 3, gene caller: glimmer, leftEnd: 714, rightEnd: 1400, strand: -, length: 687, contig: contig_2877, protein: unknown, score1: 1.0, score2: 0.0
8	Gene No. 3, gene caller: prodigal, leftEnd: 719, rightEnd: 895, strand: +, length: 177, contig: contig_2877, protein: unknown, score1: 1.0, score2: 0.0
9	Gene No. 4, gene caller: phanotate, leftEnd: 743, rightEnd: 895, strand: +, length: 153, contig: contig_2877, protein: unknown, score1: 1.0, score2: 0.0
10	Gene No. 5, gene caller: phanotate, leftEnd: 944, rightEnd: 1054, strand: +, length: 111, contig: contig_2877, protein: unknown, score1: 1.0, score2: 0.0
11	Gene No. 6, gene caller: phanotate, leftEnd: 1051, rightEnd: 1290, strand: +, length: 240, contig: contig_2877, protein: unknown, score1: 1.0, score2: 0.0
12	Gene No. 4, gene caller: prodigal, leftEnd: 1051, rightEnd: 1290, strand: +, length: 240, contig: contig_2877, protein: unknown, score1: 1.0, score2: 0.0
13	Gene No. 7, gene caller: phanotate, leftEnd: 1387, rightEnd: 1596, strand: +, length: 210, contig: contig_2877, protein: unknown, score1: 1.0, score2: 0.0
14	Gene No. 5, gene caller: prodigal, leftEnd: 1421, rightEnd: 1582, strand: +, length: 162, contig: contig_2877, protein: unknown, score1: 1.0, score2: 0.0
15	Gene No. 4, gene caller: glimmer, leftEnd: 1691, rightEnd: 2263, strand: +, length: 573, contig: contig_2877, protein: unknown, score1: 1.0, score2: 0.0
16	Gene No. 8, gene caller: phanotate, leftEnd: 1691, rightEnd: 2263, strand: +, length: 573, contig: contig_2877, protein: unknown, score1: 1.0, score2: 0.0
17	Gene No. 6, gene caller: prodigal, leftEnd: 1691, rightEnd: 2263, strand: +, length: 573, contig: contig_2877, protein: unknown, score1: 1.0, score2: 0.0
18	Gene No. 5, gene caller: glimmer, leftEnd: 2252, rightEnd: 2491, strand: -, length: 240, contig: contig_2877, protein: unknown, score1: 1.0, score2: 0.0
19	Gene No. 9, gene caller: phanotate, leftEnd: 2252, rightEnd: 2491, strand: -, length: 240, contig: contig_2877, protein: unknown, score1: 1.0, score2: 0.0
20	Gene No. 6, gene caller: glimmer, leftEnd: 2490, rightEnd: 2681, strand: +, length: 192, contig: contig_2877, protein: unknown, score1: 1.0, score2: 0.0
21	Gene No. 7, gene caller: prodigal, leftEnd: 2490, rightEnd: 2681, strand: +, length: 192, contig: contig_2877, protein: unknown, score1: 1.0, score2: 0.0
22	Gene No. 10, gene caller: phanotate, leftEnd: 2549, rightEnd: 3295, strand: -, length: 747, contig: contig_2877, protein: unknown, score1: 1.0, score2: 0.0
23	Gene No. 7, gene caller: glimmer, leftEnd: 2716, rightEnd: 3081, strand: +, length: 366, contig: contig_2877, protein: unknown, score1: 1.0, score2: 0.0
24	Gene No. 8, gene caller: prodigal, leftEnd: 2948, rightEnd: 3217, strand: +, length: 270, contig: contig_2877, protein: unknown, score1: 1.0, score2: 0.0
25	Gene No. 8, gene caller: glimmer, leftEnd: 3138, rightEnd: 3329, strand: +, length: 192, contig: contig_2877, protein: unknown, score1: 1.0, score2: 0.0
26	Gene No. 11, gene caller: phanotate, leftEnd: 3220, rightEnd: 3597, strand: -, length: 378, contig: contig_2877, protein: unknown, score1: 1.0, score2: 0.0
27	Gene No. 9, gene caller: prodigal, leftEnd: 3247, rightEnd: 3669, strand: +, length: 423, contig: contig_2877, protein: unknown, score1: 1.0, score2: 0.0
28	Gene No. 9, gene caller: glimmer, leftEnd: 3358, rightEnd: 3669, strand: +, length: 312, contig: contig_2877, protein: unknown, score1: 1.0, score2: 0.0
29	Gene No. 12, gene caller: phanotate, leftEnd: 3560, rightEnd: 4075, strand: +, length: 516, contig: contig_2877, protein: unknown, score1: 1.0, score2: 0.0
30	Gene No. 10, gene caller: glimmer, leftEnd: 3695, rightEnd: 4075, strand: +, length: 381, contig: contig_2877, protein: unknown, score1: 1.0, score2: 0.0
31	Gene No. 10, gene caller: prodigal, leftEnd: 3695, rightEnd: 4075, strand: +, length: 381, contig: contig_2877, protein: unknown, score1: 1.0, score2: 0.0
32	Gene No. 13, gene caller: phanotate, leftEnd: 4072, rightEnd: 4296, strand: +, length: 225, contig: contig_2877, protein: unknown, score1: 1.0, score2: 0.0
33	Gene No. 11, gene caller: prodigal, leftEnd: 4072, rightEnd: 4296, strand: +, length: 225, contig: contig_2877, protein: unknown, score1: 1.0, score2: 0.0
Comparing across geneCall sets....
Scoring gene calls....
Identifying common core...
This is the Common Core List:

***************Common Core
CC-gene 1	Gene No. 1, gene caller: All_callers, leftEnd: 1691, rightEnd: 2263, strand: +, length: 573, contig: contig_2877, protein: unknown, score1: 1.0, score2: 0.0
Printing gene-call superset, consensus, and common_core in GFF and CGC formats
Printing report....
The following gene callers were considered: glimmer, phanotate, prodigal, The number of distinct gene calls over all gene callers is 26
The number of gene calls in common among all callers is 1
The number of unique (non-matching) gene calls is20
Caller glimmer produced 9 gene calls.
Caller glimmer gene-call length stats:  min: 192, max: 687, ave: 367.3333333333333
Caller phanotate produced 13 gene calls.
Caller phanotate gene-call length stats:  min: 111, max: 747, ave: 314.7692307692308
Caller prodigal produced 11 gene calls.
Caller prodigal gene-call length stats:  min: 162, max: 573, ave: 274.90909090909093

Gene-call Scores:
Caller	Contig	Gene No.	Left End	Right End	Strand	gcScore
phanotate	contig_2877	1	2	259	+	0.33
prodigal	contig_2877	1	3	218	+	0.33
glimmer	contig_2877	2	199	561	+	0.50
phanotate	contig_2877	2	256	561	+	0.50
prodigal	contig_2877	2	417	581	+	0.33
phanotate	contig_2877	3	624	758	+	0.33
glimmer	contig_2877	3	714	1400	-	0.33
prodigal	contig_2877	3	719	895	+	0.50
phanotate	contig_2877	4	743	895	+	0.50
phanotate	contig_2877	5	944	1054	+	0.33
phanotate	contig_2877	6	1051	1290	+	0.83
prodigal	contig_2877	4	1051	1290	+	0.83
phanotate	contig_2877	7	1387	1596	+	0.33
prodigal	contig_2877	5	1421	1582	+	0.33
glimmer	contig_2877	4	1691	2263	+	1.00
phanotate	contig_2877	8	1691	2263	+	1.00
prodigal	contig_2877	6	1691	2263	+	1.00
glimmer	contig_2877	5	2252	2491	-	0.83
phanotate	contig_2877	9	2252	2491	-	0.83
glimmer	contig_2877	6	2490	2681	+	0.83
prodigal	contig_2877	7	2490	2681	+	0.83
phanotate	contig_2877	10	2549	3295	-	0.33
glimmer	contig_2877	7	2716	3081	+	0.33
prodigal	contig_2877	8	2948	3217	+	0.33
glimmer	contig_2877	8	3138	3329	+	0.33
phanotate	contig_2877	11	3220	3597	-	0.33
prodigal	contig_2877	9	3247	3669	+	0.50
glimmer	contig_2877	9	3358	3669	+	0.50
phanotate	contig_2877	12	3560	4075	+	0.50
glimmer	contig_2877	10	3695	4075	+	0.83
prodigal	contig_2877	10	3695	4075	+	0.83
phanotate	contig_2877	13	4072	4296	+	0.83
prodigal	contig_2877	11	4072	4296	+	0.83

Gene-call Consensus Scores:
Caller glimmer average gene-call score: 0.61
Caller phanotate average gene-call score: 0.54
Caller prodigal average gene-call score: 0.61

***************Unique List
Unique gene call 1
  --  Gene No. 1, gene caller: phanotate, leftEnd: 2, rightEnd: 259, strand: +, length: 258, contig: contig_2877, protein: unknown, score1: 0.3333333333333333, score2: 0.0
Unique gene call 2
  --  Gene No. 1, gene caller: prodigal, leftEnd: 3, rightEnd: 218, strand: +, length: 216, contig: contig_2877, protein: unknown, score1: 0.3333333333333333, score2: 0.0
Unique gene call 3
  --  Gene No. 2, gene caller: glimmer, leftEnd: 199, rightEnd: 561, strand: +, length: 363, contig: contig_2877, protein: unknown, score1: 0.5, score2: 0.0
Unique gene call 4
  --  Gene No. 2, gene caller: phanotate, leftEnd: 256, rightEnd: 561, strand: +, length: 306, contig: contig_2877, protein: unknown, score1: 0.5, score2: 0.0
Unique gene call 5
  --  Gene No. 2, gene caller: prodigal, leftEnd: 417, rightEnd: 581, strand: +, length: 165, contig: contig_2877, protein: unknown, score1: 0.3333333333333333, score2: 0.0
Unique gene call 6
  --  Gene No. 3, gene caller: phanotate, leftEnd: 624, rightEnd: 758, strand: +, length: 135, contig: contig_2877, protein: unknown, score1: 0.3333333333333333, score2: 0.0
Unique gene call 7
  --  Gene No. 3, gene caller: glimmer, leftEnd: 714, rightEnd: 1400, strand: -, length: 687, contig: contig_2877, protein: unknown, score1: 0.3333333333333333, score2: 0.0
Unique gene call 8
  --  Gene No. 3, gene caller: prodigal, leftEnd: 719, rightEnd: 895, strand: +, length: 177, contig: contig_2877, protein: unknown, score1: 0.5, score2: 0.0
Unique gene call 9
  --  Gene No. 4, gene caller: phanotate, leftEnd: 743, rightEnd: 895, strand: +, length: 153, contig: contig_2877, protein: unknown, score1: 0.5, score2: 0.0
Unique gene call 10
  --  Gene No. 5, gene caller: phanotate, leftEnd: 944, rightEnd: 1054, strand: +, length: 111, contig: contig_2877, protein: unknown, score1: 0.3333333333333333, score2: 0.0
Unique gene call 11
  --  Gene No. 6, gene caller: phanotate, leftEnd: 1051, rightEnd: 1290, strand: +, length: 240, contig: contig_2877, protein: unknown, score1: 0.8333333333333333, score2: 0.0
  --  Gene No. 4, gene caller: prodigal, leftEnd: 1051, rightEnd: 1290, strand: +, length: 240, contig: contig_2877, protein: unknown, score1: 0.8333333333333333, score2: 0.0
Unique gene call 12
  --  Gene No. 7, gene caller: phanotate, leftEnd: 1387, rightEnd: 1596, strand: +, length: 210, contig: contig_2877, protein: unknown, score1: 0.3333333333333333, score2: 0.0
Unique gene call 13
  --  Gene No. 5, gene caller: prodigal, leftEnd: 1421, rightEnd: 1582, strand: +, length: 162, contig: contig_2877, protein: unknown, score1: 0.3333333333333333, score2: 0.0
Unique gene call 14
  --  Gene No. 4, gene caller: glimmer, leftEnd: 1691, rightEnd: 2263, strand: +, length: 573, contig: contig_2877, protein: unknown, score1: 1.0, score2: 0.0
  --  Gene No. 8, gene caller: phanotate, leftEnd: 1691, rightEnd: 2263, strand: +, length: 573, contig: contig_2877, protein: unknown, score1: 1.0, score2: 0.0
  --  Gene No. 6, gene caller: prodigal, leftEnd: 1691, rightEnd: 2263, strand: +, length: 573, contig: contig_2877, protein: unknown, score1: 1.0, score2: 0.0
Unique gene call 15
  --  Gene No. 5, gene caller: glimmer, leftEnd: 2252, rightEnd: 2491, strand: -, length: 240, contig: contig_2877, protein: unknown, score1: 0.8333333333333333, score2: 0.0
  --  Gene No. 9, gene caller: phanotate, leftEnd: 2252, rightEnd: 2491, strand: -, length: 240, contig: contig_2877, protein: unknown, score1: 0.8333333333333333, score2: 0.0
Unique gene call 16
  --  Gene No. 6, gene caller: glimmer, leftEnd: 2490, rightEnd: 2681, strand: +, length: 192, contig: contig_2877, protein: unknown, score1: 0.8333333333333333, score2: 0.0
  --  Gene No. 7, gene caller: prodigal, leftEnd: 2490, rightEnd: 2681, strand: +, length: 192, contig: contig_2877, protein: unknown, score1: 0.8333333333333333, score2: 0.0
Unique gene call 17
  --  Gene No. 10, gene caller: phanotate, leftEnd: 2549, rightEnd: 3295, strand: -, length: 747, contig: contig_2877, protein: unknown, score1: 0.3333333333333333, score2: 0.0
Unique gene call 18
  --  Gene No. 7, gene caller: glimmer, leftEnd: 2716, rightEnd: 3081, strand: +, length: 366, contig: contig_2877, protein: unknown, score1: 0.3333333333333333, score2: 0.0
Unique gene call 19
  --  Gene No. 8, gene caller: prodigal, leftEnd: 2948, rightEnd: 3217, strand: +, length: 270, contig: contig_2877, protein: unknown, score1: 0.3333333333333333, score2: 0.0
Unique gene call 20
  --  Gene No. 8, gene caller: glimmer, leftEnd: 3138, rightEnd: 3329, strand: +, length: 192, contig: contig_2877, protein: unknown, score1: 0.3333333333333333, score2: 0.0
Unique gene call 21
  --  Gene No. 11, gene caller: phanotate, leftEnd: 3220, rightEnd: 3597, strand: -, length: 378, contig: contig_2877, protein: unknown, score1: 0.3333333333333333, score2: 0.0
Unique gene call 22
  --  Gene No. 9, gene caller: prodigal, leftEnd: 3247, rightEnd: 3669, strand: +, length: 423, contig: contig_2877, protein: unknown, score1: 0.5, score2: 0.0
Unique gene call 23
  --  Gene No. 9, gene caller: glimmer, leftEnd: 3358, rightEnd: 3669, strand: +, length: 312, contig: contig_2877, protein: unknown, score1: 0.5, score2: 0.0
Unique gene call 24
  --  Gene No. 12, gene caller: phanotate, leftEnd: 3560, rightEnd: 4075, strand: +, length: 516, contig: contig_2877, protein: unknown, score1: 0.5, score2: 0.0
Unique gene call 25
  --  Gene No. 10, gene caller: glimmer, leftEnd: 3695, rightEnd: 4075, strand: +, length: 381, contig: contig_2877, protein: unknown, score1: 0.8333333333333333, score2: 0.0
  --  Gene No. 10, gene caller: prodigal, leftEnd: 3695, rightEnd: 4075, strand: +, length: 381, contig: contig_2877, protein: unknown, score1: 0.8333333333333333, score2: 0.0
Unique gene call 26
  --  Gene No. 13, gene caller: phanotate, leftEnd: 4072, rightEnd: 4296, strand: +, length: 225, contig: contig_2877, protein: unknown, score1: 0.8333333333333333, score2: 0.0
  --  Gene No. 11, gene caller: prodigal, leftEnd: 4072, rightEnd: 4296, strand: +, length: 225, contig: contig_2877, protein: unknown, score1: 0.8333333333333333, score2: 0.0
Code complete at 2021-04-21 09:37:45.559352
