Opening log at 2021-04-21 09:40:17.665286
Iterating through fileSet at 2021-04-21 09:40:17.665412
fileSet is ['/home/james/Software/multiPhATE2/PipelineOutput/contig_333/commoncore.cgc', '/home/james/Software/multiPhATE2/PipelineOutput/contig_333/consensus.cgc', '/home/james/Software/multiPhATE2/PipelineOutput/contig_333/glimmer.cgc', '/home/james/Software/multiPhATE2/PipelineOutput/contig_333/phanotate.cgc', '/home/james/Software/multiPhATE2/PipelineOutput/contig_333/prodigal.cgc', '/home/james/Software/multiPhATE2/PipelineOutput/contig_333/superset.cgc']
Opening geneFile /home/james/Software/multiPhATE2/PipelineOutput/contig_333/commoncore.cgc
Adding calls from geneFile /home/james/Software/multiPhATE2/PipelineOutput/contig_333/commoncore.cgc
Appending call set  number of calls is: 0
Opening geneFile /home/james/Software/multiPhATE2/PipelineOutput/contig_333/consensus.cgc
Adding calls from geneFile /home/james/Software/multiPhATE2/PipelineOutput/contig_333/consensus.cgc
Appending call set  number of calls is: 0
Opening geneFile /home/james/Software/multiPhATE2/PipelineOutput/contig_333/glimmer.cgc
Adding calls from geneFile /home/james/Software/multiPhATE2/PipelineOutput/contig_333/glimmer.cgc
Appending call set  number of calls is: 6
Opening geneFile /home/james/Software/multiPhATE2/PipelineOutput/contig_333/phanotate.cgc
Adding calls from geneFile /home/james/Software/multiPhATE2/PipelineOutput/contig_333/phanotate.cgc
Appending call set  number of calls is: 12
Opening geneFile /home/james/Software/multiPhATE2/PipelineOutput/contig_333/prodigal.cgc
Adding calls from geneFile /home/james/Software/multiPhATE2/PipelineOutput/contig_333/prodigal.cgc
Appending call set  number of calls is: 9
Opening geneFile /home/james/Software/multiPhATE2/PipelineOutput/contig_333/superset.cgc
Adding calls from geneFile /home/james/Software/multiPhATE2/PipelineOutput/contig_333/superset.cgc
Appending call set  number of calls is: 0
All call sets have been added to caller list. Number of call sets in callerList: 6
callerList is   glimmer phanotate prodigal  
Total number of gene calls across callerList call sets is: 27
Sorting gene calls for each caller
Processing a callSet
Before sorting, Length of callerList for caller  is 0
After sorting, Length of callerList for caller  is 0
Processing a callSet
Before sorting, Length of callerList for caller  is 0
After sorting, Length of callerList for caller  is 0
Processing a callSet
Before sorting, Length of callerList for caller glimmer is 6
After sorting, Length of callerList for caller glimmer is 6
Processing a callSet
Before sorting, Length of callerList for caller phanotate is 12
After sorting, Length of callerList for caller phanotate is 12
Processing a callSet
Before sorting, Length of callerList for caller prodigal is 9
After sorting, Length of callerList for caller prodigal is 9
Processing a callSet
Before sorting, Length of callerList for caller  is 0
After sorting, Length of callerList for caller  is 0
callSet processing complete
Comparing across the call sets...
Merging the geneCall sets....
Final merged genes:

***************Merge List
1	Gene No. 1, gene caller: phanotate, leftEnd: 2, rightEnd: 184, strand: +, length: 183, contig: contig_333, protein: unknown, score1: 1.0, score2: 0.0
2	Gene No. 1, gene caller: prodigal, leftEnd: 2, rightEnd: 184, strand: +, length: 183, contig: contig_333, protein: unknown, score1: 1.0, score2: 0.0
3	Gene No. 2, gene caller: glimmer, leftEnd: 254, rightEnd: 751, strand: +, length: 498, contig: contig_333, protein: unknown, score1: 1.0, score2: 0.0
4	Gene No. 2, gene caller: phanotate, leftEnd: 254, rightEnd: 751, strand: +, length: 498, contig: contig_333, protein: unknown, score1: 1.0, score2: 0.0
5	Gene No. 2, gene caller: prodigal, leftEnd: 254, rightEnd: 751, strand: +, length: 498, contig: contig_333, protein: unknown, score1: 1.0, score2: 0.0
6	Gene No. 3, gene caller: phanotate, leftEnd: 813, rightEnd: 1034, strand: -, length: 222, contig: contig_333, protein: unknown, score1: 1.0, score2: 0.0
7	Gene No. 3, gene caller: glimmer, leftEnd: 813, rightEnd: 1079, strand: -, length: 267, contig: contig_333, protein: unknown, score1: 1.0, score2: 0.0
8	Gene No. 3, gene caller: prodigal, leftEnd: 813, rightEnd: 1079, strand: -, length: 267, contig: contig_333, protein: unknown, score1: 1.0, score2: 0.0
9	Gene No. 4, gene caller: phanotate, leftEnd: 1133, rightEnd: 1261, strand: +, length: 129, contig: contig_333, protein: unknown, score1: 1.0, score2: 0.0
10	Gene No. 4, gene caller: glimmer, leftEnd: 1209, rightEnd: 1520, strand: +, length: 312, contig: contig_333, protein: unknown, score1: 1.0, score2: 0.0
11	Gene No. 5, gene caller: phanotate, leftEnd: 1272, rightEnd: 1520, strand: +, length: 249, contig: contig_333, protein: unknown, score1: 1.0, score2: 0.0
12	Gene No. 4, gene caller: prodigal, leftEnd: 1272, rightEnd: 1520, strand: +, length: 249, contig: contig_333, protein: unknown, score1: 1.0, score2: 0.0
13	Gene No. 5, gene caller: prodigal, leftEnd: 1461, rightEnd: 1574, strand: -, length: 114, contig: contig_333, protein: unknown, score1: 1.0, score2: 0.0
14	Gene No. 6, gene caller: phanotate, leftEnd: 1566, rightEnd: 1655, strand: +, length: 90, contig: contig_333, protein: unknown, score1: 1.0, score2: 0.0
15	Gene No. 7, gene caller: phanotate, leftEnd: 1764, rightEnd: 1883, strand: +, length: 120, contig: contig_333, protein: unknown, score1: 1.0, score2: 0.0
16	Gene No. 8, gene caller: phanotate, leftEnd: 1868, rightEnd: 2122, strand: -, length: 255, contig: contig_333, protein: unknown, score1: 1.0, score2: 0.0
17	Gene No. 6, gene caller: prodigal, leftEnd: 1868, rightEnd: 2122, strand: -, length: 255, contig: contig_333, protein: unknown, score1: 1.0, score2: 0.0
18	Gene No. 5, gene caller: glimmer, leftEnd: 1868, rightEnd: 2185, strand: -, length: 318, contig: contig_333, protein: unknown, score1: 1.0, score2: 0.0
19	Gene No. 9, gene caller: phanotate, leftEnd: 2133, rightEnd: 2261, strand: -, length: 129, contig: contig_333, protein: unknown, score1: 1.0, score2: 0.0
20	Gene No. 6, gene caller: glimmer, leftEnd: 2315, rightEnd: 2581, strand: +, length: 267, contig: contig_333, protein: unknown, score1: 1.0, score2: 0.0
21	Gene No. 7, gene caller: prodigal, leftEnd: 2315, rightEnd: 2581, strand: +, length: 267, contig: contig_333, protein: unknown, score1: 1.0, score2: 0.0
22	Gene No. 10, gene caller: phanotate, leftEnd: 2360, rightEnd: 2581, strand: +, length: 222, contig: contig_333, protein: unknown, score1: 1.0, score2: 0.0
23	Gene No. 7, gene caller: glimmer, leftEnd: 2643, rightEnd: 3140, strand: -, length: 498, contig: contig_333, protein: unknown, score1: 1.0, score2: 0.0
24	Gene No. 11, gene caller: phanotate, leftEnd: 2643, rightEnd: 3140, strand: -, length: 498, contig: contig_333, protein: unknown, score1: 1.0, score2: 0.0
25	Gene No. 8, gene caller: prodigal, leftEnd: 2643, rightEnd: 3140, strand: -, length: 498, contig: contig_333, protein: unknown, score1: 1.0, score2: 0.0
26	Gene No. 12, gene caller: phanotate, leftEnd: 3210, rightEnd: 3479, strand: -, length: 270, contig: contig_333, protein: unknown, score1: 1.0, score2: 0.0
27	Gene No. 9, gene caller: prodigal, leftEnd: 3210, rightEnd: 3479, strand: -, length: 270, contig: contig_333, protein: unknown, score1: 1.0, score2: 0.0
Comparing across geneCall sets....
Scoring gene calls....
Identifying common core...
This is the Common Core List:

***************Common Core
CC-gene 1	Gene No. 1, gene caller: All_callers, leftEnd: 254, rightEnd: 751, strand: +, length: 498, contig: contig_333, protein: unknown, score1: 1.0, score2: 0.0
CC-gene 2	Gene No. 1, gene caller: All_callers, leftEnd: 2643, rightEnd: 3140, strand: -, length: 498, contig: contig_333, protein: unknown, score1: 1.0, score2: 0.0
Printing gene-call superset, consensus, and common_core in GFF and CGC formats
Printing report....
The following gene callers were considered: glimmer, phanotate, prodigal, The number of distinct gene calls over all gene callers is 17
The number of gene calls in common among all callers is 2
The number of unique (non-matching) gene calls is9
Caller glimmer produced 6 gene calls.
Caller glimmer gene-call length stats:  min: 267, max: 498, ave: 360.0
Caller phanotate produced 12 gene calls.
Caller phanotate gene-call length stats:  min: 90, max: 498, ave: 238.75
Caller prodigal produced 9 gene calls.
Caller prodigal gene-call length stats:  min: 114, max: 498, ave: 289.0

Gene-call Scores:
Caller	Contig	Gene No.	Left End	Right End	Strand	gcScore
phanotate	contig_333	1	2	184	+	0.83
prodigal	contig_333	1	2	184	+	0.83
glimmer	contig_333	2	254	751	+	1.00
phanotate	contig_333	2	254	751	+	1.00
prodigal	contig_333	2	254	751	+	1.00
phanotate	contig_333	3	813	1034	-	0.50
glimmer	contig_333	3	813	1079	-	0.83
prodigal	contig_333	3	813	1079	-	0.83
phanotate	contig_333	4	1133	1261	+	0.33
glimmer	contig_333	4	1209	1520	+	0.50
phanotate	contig_333	5	1272	1520	+	0.83
prodigal	contig_333	4	1272	1520	+	0.83
prodigal	contig_333	5	1461	1574	-	0.33
phanotate	contig_333	6	1566	1655	+	0.33
phanotate	contig_333	7	1764	1883	+	0.33
phanotate	contig_333	8	1868	2122	-	0.83
prodigal	contig_333	6	1868	2122	-	0.83
glimmer	contig_333	5	1868	2185	-	0.50
phanotate	contig_333	9	2133	2261	-	0.33
glimmer	contig_333	6	2315	2581	+	0.83
prodigal	contig_333	7	2315	2581	+	0.83
phanotate	contig_333	10	2360	2581	+	0.50
glimmer	contig_333	7	2643	3140	-	1.00
phanotate	contig_333	11	2643	3140	-	1.00
prodigal	contig_333	8	2643	3140	-	1.00
phanotate	contig_333	12	3210	3479	-	0.83
prodigal	contig_333	9	3210	3479	-	0.83

Gene-call Consensus Scores:
Caller glimmer average gene-call score: 0.78
Caller phanotate average gene-call score: 0.64
Caller prodigal average gene-call score: 0.81

***************Unique List
Unique gene call 1
  --  Gene No. 1, gene caller: phanotate, leftEnd: 2, rightEnd: 184, strand: +, length: 183, contig: contig_333, protein: unknown, score1: 0.8333333333333333, score2: 0.0
  --  Gene No. 1, gene caller: prodigal, leftEnd: 2, rightEnd: 184, strand: +, length: 183, contig: contig_333, protein: unknown, score1: 0.8333333333333333, score2: 0.0
Unique gene call 2
  --  Gene No. 2, gene caller: glimmer, leftEnd: 254, rightEnd: 751, strand: +, length: 498, contig: contig_333, protein: unknown, score1: 1.0, score2: 0.0
  --  Gene No. 2, gene caller: phanotate, leftEnd: 254, rightEnd: 751, strand: +, length: 498, contig: contig_333, protein: unknown, score1: 1.0, score2: 0.0
  --  Gene No. 2, gene caller: prodigal, leftEnd: 254, rightEnd: 751, strand: +, length: 498, contig: contig_333, protein: unknown, score1: 1.0, score2: 0.0
Unique gene call 3
  --  Gene No. 3, gene caller: phanotate, leftEnd: 813, rightEnd: 1034, strand: -, length: 222, contig: contig_333, protein: unknown, score1: 0.5, score2: 0.0
Unique gene call 4
  --  Gene No. 3, gene caller: glimmer, leftEnd: 813, rightEnd: 1079, strand: -, length: 267, contig: contig_333, protein: unknown, score1: 0.8333333333333333, score2: 0.0
  --  Gene No. 3, gene caller: prodigal, leftEnd: 813, rightEnd: 1079, strand: -, length: 267, contig: contig_333, protein: unknown, score1: 0.8333333333333333, score2: 0.0
Unique gene call 5
  --  Gene No. 4, gene caller: phanotate, leftEnd: 1133, rightEnd: 1261, strand: +, length: 129, contig: contig_333, protein: unknown, score1: 0.3333333333333333, score2: 0.0
Unique gene call 6
  --  Gene No. 4, gene caller: glimmer, leftEnd: 1209, rightEnd: 1520, strand: +, length: 312, contig: contig_333, protein: unknown, score1: 0.5, score2: 0.0
Unique gene call 7
  --  Gene No. 5, gene caller: phanotate, leftEnd: 1272, rightEnd: 1520, strand: +, length: 249, contig: contig_333, protein: unknown, score1: 0.8333333333333333, score2: 0.0
  --  Gene No. 4, gene caller: prodigal, leftEnd: 1272, rightEnd: 1520, strand: +, length: 249, contig: contig_333, protein: unknown, score1: 0.8333333333333333, score2: 0.0
Unique gene call 8
  --  Gene No. 5, gene caller: prodigal, leftEnd: 1461, rightEnd: 1574, strand: -, length: 114, contig: contig_333, protein: unknown, score1: 0.3333333333333333, score2: 0.0
Unique gene call 9
  --  Gene No. 6, gene caller: phanotate, leftEnd: 1566, rightEnd: 1655, strand: +, length: 90, contig: contig_333, protein: unknown, score1: 0.3333333333333333, score2: 0.0
Unique gene call 10
  --  Gene No. 7, gene caller: phanotate, leftEnd: 1764, rightEnd: 1883, strand: +, length: 120, contig: contig_333, protein: unknown, score1: 0.3333333333333333, score2: 0.0
Unique gene call 11
  --  Gene No. 8, gene caller: phanotate, leftEnd: 1868, rightEnd: 2122, strand: -, length: 255, contig: contig_333, protein: unknown, score1: 0.8333333333333333, score2: 0.0
  --  Gene No. 6, gene caller: prodigal, leftEnd: 1868, rightEnd: 2122, strand: -, length: 255, contig: contig_333, protein: unknown, score1: 0.8333333333333333, score2: 0.0
Unique gene call 12
  --  Gene No. 5, gene caller: glimmer, leftEnd: 1868, rightEnd: 2185, strand: -, length: 318, contig: contig_333, protein: unknown, score1: 0.5, score2: 0.0
Unique gene call 13
  --  Gene No. 9, gene caller: phanotate, leftEnd: 2133, rightEnd: 2261, strand: -, length: 129, contig: contig_333, protein: unknown, score1: 0.3333333333333333, score2: 0.0
Unique gene call 14
  --  Gene No. 6, gene caller: glimmer, leftEnd: 2315, rightEnd: 2581, strand: +, length: 267, contig: contig_333, protein: unknown, score1: 0.8333333333333333, score2: 0.0
  --  Gene No. 7, gene caller: prodigal, leftEnd: 2315, rightEnd: 2581, strand: +, length: 267, contig: contig_333, protein: unknown, score1: 0.8333333333333333, score2: 0.0
Unique gene call 15
  --  Gene No. 10, gene caller: phanotate, leftEnd: 2360, rightEnd: 2581, strand: +, length: 222, contig: contig_333, protein: unknown, score1: 0.5, score2: 0.0
Unique gene call 16
  --  Gene No. 7, gene caller: glimmer, leftEnd: 2643, rightEnd: 3140, strand: -, length: 498, contig: contig_333, protein: unknown, score1: 1.0, score2: 0.0
  --  Gene No. 11, gene caller: phanotate, leftEnd: 2643, rightEnd: 3140, strand: -, length: 498, contig: contig_333, protein: unknown, score1: 1.0, score2: 0.0
  --  Gene No. 8, gene caller: prodigal, leftEnd: 2643, rightEnd: 3140, strand: -, length: 498, contig: contig_333, protein: unknown, score1: 1.0, score2: 0.0
Unique gene call 17
  --  Gene No. 12, gene caller: phanotate, leftEnd: 3210, rightEnd: 3479, strand: -, length: 270, contig: contig_333, protein: unknown, score1: 0.8333333333333333, score2: 0.0
  --  Gene No. 9, gene caller: prodigal, leftEnd: 3210, rightEnd: 3479, strand: -, length: 270, contig: contig_333, protein: unknown, score1: 0.8333333333333333, score2: 0.0
Code complete at 2021-04-21 09:40:17.668592
