Opening log at 2021-04-21 09:45:59.067595
Iterating through fileSet at 2021-04-21 09:45:59.067739
fileSet is ['/home/james/Software/multiPhATE2/PipelineOutput/circular_pair_3338/commoncore.cgc', '/home/james/Software/multiPhATE2/PipelineOutput/circular_pair_3338/consensus.cgc', '/home/james/Software/multiPhATE2/PipelineOutput/circular_pair_3338/glimmer.cgc', '/home/james/Software/multiPhATE2/PipelineOutput/circular_pair_3338/phanotate.cgc', '/home/james/Software/multiPhATE2/PipelineOutput/circular_pair_3338/prodigal.cgc', '/home/james/Software/multiPhATE2/PipelineOutput/circular_pair_3338/superset.cgc']
Opening geneFile /home/james/Software/multiPhATE2/PipelineOutput/circular_pair_3338/commoncore.cgc
Adding calls from geneFile /home/james/Software/multiPhATE2/PipelineOutput/circular_pair_3338/commoncore.cgc
Appending call set  number of calls is: 0
Opening geneFile /home/james/Software/multiPhATE2/PipelineOutput/circular_pair_3338/consensus.cgc
Adding calls from geneFile /home/james/Software/multiPhATE2/PipelineOutput/circular_pair_3338/consensus.cgc
Appending call set  number of calls is: 0
Opening geneFile /home/james/Software/multiPhATE2/PipelineOutput/circular_pair_3338/glimmer.cgc
Adding calls from geneFile /home/james/Software/multiPhATE2/PipelineOutput/circular_pair_3338/glimmer.cgc
Appending call set  number of calls is: 8
Opening geneFile /home/james/Software/multiPhATE2/PipelineOutput/circular_pair_3338/phanotate.cgc
Adding calls from geneFile /home/james/Software/multiPhATE2/PipelineOutput/circular_pair_3338/phanotate.cgc
Appending call set  number of calls is: 9
Opening geneFile /home/james/Software/multiPhATE2/PipelineOutput/circular_pair_3338/prodigal.cgc
Adding calls from geneFile /home/james/Software/multiPhATE2/PipelineOutput/circular_pair_3338/prodigal.cgc
Appending call set  number of calls is: 8
Opening geneFile /home/james/Software/multiPhATE2/PipelineOutput/circular_pair_3338/superset.cgc
Adding calls from geneFile /home/james/Software/multiPhATE2/PipelineOutput/circular_pair_3338/superset.cgc
Appending call set  number of calls is: 0
All call sets have been added to caller list. Number of call sets in callerList: 6
callerList is   glimmer phanotate prodigal  
Total number of gene calls across callerList call sets is: 25
Sorting gene calls for each caller
Processing a callSet
Before sorting, Length of callerList for caller  is 0
After sorting, Length of callerList for caller  is 0
Processing a callSet
Before sorting, Length of callerList for caller  is 0
After sorting, Length of callerList for caller  is 0
Processing a callSet
Before sorting, Length of callerList for caller glimmer is 8
After sorting, Length of callerList for caller glimmer is 8
Processing a callSet
Before sorting, Length of callerList for caller phanotate is 9
After sorting, Length of callerList for caller phanotate is 9
Processing a callSet
Before sorting, Length of callerList for caller prodigal is 8
After sorting, Length of callerList for caller prodigal is 8
Processing a callSet
Before sorting, Length of callerList for caller  is 0
After sorting, Length of callerList for caller  is 0
callSet processing complete
Comparing across the call sets...
Merging the geneCall sets....
Final merged genes:

***************Merge List
1	Gene No. 1, gene caller: phanotate, leftEnd: 2, rightEnd: 130, strand: +, length: 129, contig: circular_pair_3338, protein: unknown, score1: 1.0, score2: 0.0
2	Gene No. 1, gene caller: prodigal, leftEnd: 2, rightEnd: 130, strand: +, length: 129, contig: circular_pair_3338, protein: unknown, score1: 1.0, score2: 0.0
3	Gene No. 1, gene caller: glimmer, leftEnd: 271, rightEnd: 384, strand: +, length: 114, contig: circular_pair_3338, protein: unknown, score1: 1.0, score2: 0.0
4	Gene No. 2, gene caller: phanotate, leftEnd: 271, rightEnd: 384, strand: +, length: 114, contig: circular_pair_3338, protein: unknown, score1: 1.0, score2: 0.0
5	Gene No. 2, gene caller: glimmer, leftEnd: 483, rightEnd: 1154, strand: -, length: 672, contig: circular_pair_3338, protein: unknown, score1: 1.0, score2: 0.0
6	Gene No. 3, gene caller: phanotate, leftEnd: 483, rightEnd: 1154, strand: -, length: 672, contig: circular_pair_3338, protein: unknown, score1: 1.0, score2: 0.0
7	Gene No. 2, gene caller: prodigal, leftEnd: 483, rightEnd: 1154, strand: -, length: 672, contig: circular_pair_3338, protein: unknown, score1: 1.0, score2: 0.0
8	Gene No. 3, gene caller: glimmer, leftEnd: 1203, rightEnd: 2339, strand: -, length: 1137, contig: circular_pair_3338, protein: unknown, score1: 1.0, score2: 0.0
9	Gene No. 3, gene caller: prodigal, leftEnd: 1203, rightEnd: 2339, strand: -, length: 1137, contig: circular_pair_3338, protein: unknown, score1: 1.0, score2: 0.0
10	Gene No. 4, gene caller: phanotate, leftEnd: 1203, rightEnd: 2753, strand: -, length: 1551, contig: circular_pair_3338, protein: unknown, score1: 1.0, score2: 0.0
11	Gene No. 5, gene caller: phanotate, leftEnd: 2569, rightEnd: 3264, strand: -, length: 696, contig: circular_pair_3338, protein: unknown, score1: 1.0, score2: 0.0
12	Gene No. 4, gene caller: glimmer, leftEnd: 2569, rightEnd: 3342, strand: -, length: 774, contig: circular_pair_3338, protein: unknown, score1: 1.0, score2: 0.0
13	Gene No. 4, gene caller: prodigal, leftEnd: 2569, rightEnd: 3342, strand: -, length: 774, contig: circular_pair_3338, protein: unknown, score1: 1.0, score2: 0.0
14	Gene No. 5, gene caller: glimmer, leftEnd: 3330, rightEnd: 4136, strand: -, length: 807, contig: circular_pair_3338, protein: unknown, score1: 1.0, score2: 0.0
15	Gene No. 6, gene caller: phanotate, leftEnd: 3330, rightEnd: 4136, strand: -, length: 807, contig: circular_pair_3338, protein: unknown, score1: 1.0, score2: 0.0
16	Gene No. 5, gene caller: prodigal, leftEnd: 3330, rightEnd: 4136, strand: -, length: 807, contig: circular_pair_3338, protein: unknown, score1: 1.0, score2: 0.0
17	Gene No. 6, gene caller: glimmer, leftEnd: 4153, rightEnd: 4659, strand: -, length: 507, contig: circular_pair_3338, protein: unknown, score1: 1.0, score2: 0.0
18	Gene No. 7, gene caller: phanotate, leftEnd: 4153, rightEnd: 4680, strand: -, length: 528, contig: circular_pair_3338, protein: unknown, score1: 1.0, score2: 0.0
19	Gene No. 6, gene caller: prodigal, leftEnd: 4153, rightEnd: 4680, strand: -, length: 528, contig: circular_pair_3338, protein: unknown, score1: 1.0, score2: 0.0
20	Gene No. 7, gene caller: glimmer, leftEnd: 4761, rightEnd: 5567, strand: +, length: 807, contig: circular_pair_3338, protein: unknown, score1: 1.0, score2: 0.0
21	Gene No. 8, gene caller: phanotate, leftEnd: 4761, rightEnd: 5567, strand: +, length: 807, contig: circular_pair_3338, protein: unknown, score1: 1.0, score2: 0.0
22	Gene No. 7, gene caller: prodigal, leftEnd: 4761, rightEnd: 5567, strand: +, length: 807, contig: circular_pair_3338, protein: unknown, score1: 1.0, score2: 0.0
23	Gene No. 8, gene caller: glimmer, leftEnd: 5555, rightEnd: 7543, strand: +, length: 1989, contig: circular_pair_3338, protein: unknown, score1: 1.0, score2: 0.0
24	Gene No. 8, gene caller: prodigal, leftEnd: 5555, rightEnd: 7543, strand: +, length: 1989, contig: circular_pair_3338, protein: unknown, score1: 1.0, score2: 0.0
25	Gene No. 9, gene caller: phanotate, leftEnd: 5633, rightEnd: 7543, strand: +, length: 1911, contig: circular_pair_3338, protein: unknown, score1: 1.0, score2: 0.0
Comparing across geneCall sets....
Scoring gene calls....
Identifying common core...
This is the Common Core List:

***************Common Core
CC-gene 1	Gene No. 1, gene caller: All_callers, leftEnd: 483, rightEnd: 1154, strand: -, length: 672, contig: circular_pair_3338, protein: unknown, score1: 1.0, score2: 0.0
CC-gene 2	Gene No. 1, gene caller: All_callers, leftEnd: 3330, rightEnd: 4136, strand: -, length: 807, contig: circular_pair_3338, protein: unknown, score1: 1.0, score2: 0.0
CC-gene 3	Gene No. 1, gene caller: All_callers, leftEnd: 4761, rightEnd: 5567, strand: +, length: 807, contig: circular_pair_3338, protein: unknown, score1: 1.0, score2: 0.0
Printing gene-call superset, consensus, and common_core in GFF and CGC formats
Printing report....
The following gene callers were considered: glimmer, phanotate, prodigal, The number of distinct gene calls over all gene callers is 13
The number of gene calls in common among all callers is 3
The number of unique (non-matching) gene calls is4
Caller glimmer produced 8 gene calls.
Caller glimmer gene-call length stats:  min: 114, max: 1989, ave: 850.875
Caller phanotate produced 9 gene calls.
Caller phanotate gene-call length stats:  min: 114, max: 1911, ave: 801.6666666666666
Caller prodigal produced 8 gene calls.
Caller prodigal gene-call length stats:  min: 129, max: 1989, ave: 855.375

Gene-call Scores:
Caller	Contig	Gene No.	Left End	Right End	Strand	gcScore
phanotate	circular_pair_3338	1	2	130	+	0.83
prodigal	circular_pair_3338	1	2	130	+	0.83
glimmer	circular_pair_3338	1	271	384	+	0.83
phanotate	circular_pair_3338	2	271	384	+	0.83
glimmer	circular_pair_3338	2	483	1154	-	1.00
phanotate	circular_pair_3338	3	483	1154	-	1.00
prodigal	circular_pair_3338	2	483	1154	-	1.00
glimmer	circular_pair_3338	3	1203	2339	-	0.83
prodigal	circular_pair_3338	3	1203	2339	-	0.83
phanotate	circular_pair_3338	4	1203	2753	-	0.50
phanotate	circular_pair_3338	5	2569	3264	-	0.50
glimmer	circular_pair_3338	4	2569	3342	-	0.83
prodigal	circular_pair_3338	4	2569	3342	-	0.83
glimmer	circular_pair_3338	5	3330	4136	-	1.00
phanotate	circular_pair_3338	6	3330	4136	-	1.00
prodigal	circular_pair_3338	5	3330	4136	-	1.00
glimmer	circular_pair_3338	6	4153	4659	-	0.50
phanotate	circular_pair_3338	7	4153	4680	-	0.83
prodigal	circular_pair_3338	6	4153	4680	-	0.83
glimmer	circular_pair_3338	7	4761	5567	+	1.00
phanotate	circular_pair_3338	8	4761	5567	+	1.00
prodigal	circular_pair_3338	7	4761	5567	+	1.00
glimmer	circular_pair_3338	8	5555	7543	+	0.83
prodigal	circular_pair_3338	8	5555	7543	+	0.83
phanotate	circular_pair_3338	9	5633	7543	+	0.50

Gene-call Consensus Scores:
Caller glimmer average gene-call score: 0.85
Caller phanotate average gene-call score: 0.78
Caller prodigal average gene-call score: 0.90

***************Unique List
Unique gene call 1
  --  Gene No. 1, gene caller: phanotate, leftEnd: 2, rightEnd: 130, strand: +, length: 129, contig: circular_pair_3338, protein: unknown, score1: 0.8333333333333333, score2: 0.0
  --  Gene No. 1, gene caller: prodigal, leftEnd: 2, rightEnd: 130, strand: +, length: 129, contig: circular_pair_3338, protein: unknown, score1: 0.8333333333333333, score2: 0.0
Unique gene call 2
  --  Gene No. 1, gene caller: glimmer, leftEnd: 271, rightEnd: 384, strand: +, length: 114, contig: circular_pair_3338, protein: unknown, score1: 0.8333333333333333, score2: 0.0
  --  Gene No. 2, gene caller: phanotate, leftEnd: 271, rightEnd: 384, strand: +, length: 114, contig: circular_pair_3338, protein: unknown, score1: 0.8333333333333333, score2: 0.0
Unique gene call 3
  --  Gene No. 2, gene caller: glimmer, leftEnd: 483, rightEnd: 1154, strand: -, length: 672, contig: circular_pair_3338, protein: unknown, score1: 1.0, score2: 0.0
  --  Gene No. 3, gene caller: phanotate, leftEnd: 483, rightEnd: 1154, strand: -, length: 672, contig: circular_pair_3338, protein: unknown, score1: 1.0, score2: 0.0
  --  Gene No. 2, gene caller: prodigal, leftEnd: 483, rightEnd: 1154, strand: -, length: 672, contig: circular_pair_3338, protein: unknown, score1: 1.0, score2: 0.0
Unique gene call 4
  --  Gene No. 3, gene caller: glimmer, leftEnd: 1203, rightEnd: 2339, strand: -, length: 1137, contig: circular_pair_3338, protein: unknown, score1: 0.8333333333333333, score2: 0.0
  --  Gene No. 3, gene caller: prodigal, leftEnd: 1203, rightEnd: 2339, strand: -, length: 1137, contig: circular_pair_3338, protein: unknown, score1: 0.8333333333333333, score2: 0.0
Unique gene call 5
  --  Gene No. 4, gene caller: phanotate, leftEnd: 1203, rightEnd: 2753, strand: -, length: 1551, contig: circular_pair_3338, protein: unknown, score1: 0.5, score2: 0.0
Unique gene call 6
  --  Gene No. 5, gene caller: phanotate, leftEnd: 2569, rightEnd: 3264, strand: -, length: 696, contig: circular_pair_3338, protein: unknown, score1: 0.5, score2: 0.0
Unique gene call 7
  --  Gene No. 4, gene caller: glimmer, leftEnd: 2569, rightEnd: 3342, strand: -, length: 774, contig: circular_pair_3338, protein: unknown, score1: 0.8333333333333333, score2: 0.0
  --  Gene No. 4, gene caller: prodigal, leftEnd: 2569, rightEnd: 3342, strand: -, length: 774, contig: circular_pair_3338, protein: unknown, score1: 0.8333333333333333, score2: 0.0
Unique gene call 8
  --  Gene No. 5, gene caller: glimmer, leftEnd: 3330, rightEnd: 4136, strand: -, length: 807, contig: circular_pair_3338, protein: unknown, score1: 1.0, score2: 0.0
  --  Gene No. 6, gene caller: phanotate, leftEnd: 3330, rightEnd: 4136, strand: -, length: 807, contig: circular_pair_3338, protein: unknown, score1: 1.0, score2: 0.0
  --  Gene No. 5, gene caller: prodigal, leftEnd: 3330, rightEnd: 4136, strand: -, length: 807, contig: circular_pair_3338, protein: unknown, score1: 1.0, score2: 0.0
Unique gene call 9
  --  Gene No. 6, gene caller: glimmer, leftEnd: 4153, rightEnd: 4659, strand: -, length: 507, contig: circular_pair_3338, protein: unknown, score1: 0.5, score2: 0.0
Unique gene call 10
  --  Gene No. 7, gene caller: phanotate, leftEnd: 4153, rightEnd: 4680, strand: -, length: 528, contig: circular_pair_3338, protein: unknown, score1: 0.8333333333333333, score2: 0.0
  --  Gene No. 6, gene caller: prodigal, leftEnd: 4153, rightEnd: 4680, strand: -, length: 528, contig: circular_pair_3338, protein: unknown, score1: 0.8333333333333333, score2: 0.0
Unique gene call 11
  --  Gene No. 7, gene caller: glimmer, leftEnd: 4761, rightEnd: 5567, strand: +, length: 807, contig: circular_pair_3338, protein: unknown, score1: 1.0, score2: 0.0
  --  Gene No. 8, gene caller: phanotate, leftEnd: 4761, rightEnd: 5567, strand: +, length: 807, contig: circular_pair_3338, protein: unknown, score1: 1.0, score2: 0.0
  --  Gene No. 7, gene caller: prodigal, leftEnd: 4761, rightEnd: 5567, strand: +, length: 807, contig: circular_pair_3338, protein: unknown, score1: 1.0, score2: 0.0
Unique gene call 12
  --  Gene No. 8, gene caller: glimmer, leftEnd: 5555, rightEnd: 7543, strand: +, length: 1989, contig: circular_pair_3338, protein: unknown, score1: 0.8333333333333333, score2: 0.0
  --  Gene No. 8, gene caller: prodigal, leftEnd: 5555, rightEnd: 7543, strand: +, length: 1989, contig: circular_pair_3338, protein: unknown, score1: 0.8333333333333333, score2: 0.0
Unique gene call 13
  --  Gene No. 9, gene caller: phanotate, leftEnd: 5633, rightEnd: 7543, strand: +, length: 1911, contig: circular_pair_3338, protein: unknown, score1: 0.5, score2: 0.0
Code complete at 2021-04-21 09:45:59.071383
