Discrepancy Report Results

Summary
FATAL: MISSING_PROTEIN_ID:46 proteins have invalid IDs.
DISC_SOURCE_QUALS_ASNDISC:strain (all present, all unique)
DISC_SOURCE_QUALS_ASNDISC:taxname (all present, all unique)
DISC_FEATURE_COUNT:CDS: 46 present
DISC_COUNT_NUCLEOTIDES:1 nucleotide Bioseqs are present
FEATURE_LOCATION_CONFLICT:46 features have inconsistent gene locations.
DISC_QUALITY_SCORES:Quality scores are missing on all sequences.
ONCALLER_COMMENT_PRESENT:1 comment descriptors were found (all same)
SHORT_PROT_SEQUENCES:2 protein sequences are shorter than 50 aa.
MISSING_GENOMEASSEMBLY_COMMENTS:1 bioseqs are missing GenomeAssembly structured comments
MOLTYPE_NOT_MRNA:1 molecule types are not set as mRNA.
TECHNIQUE_NOT_TSA:1 technique are not set as TSA
MISSING_STRUCTURED_COMMENT:1 sequences do not include structured comments.
MISSING_PROJECT:47 sequences do not include project.
DISC_INCONSISTENT_MOLINFO_TECH:Molinfo Technique Report (some missing, all same)


Detailed Report

FATAL: DiscRep_ALL:MISSING_PROTEIN_ID::46 proteins have invalid IDs.
prokkaMN856008/MN856008:MN856008_1 (length 2347)
prokkaMN856008/MN856008:MN856008_2 (length 257)
prokkaMN856008/MN856008:MN856008_3 (length 1106)
prokkaMN856008/MN856008:MN856008_4 (length 69)
prokkaMN856008/MN856008:MN856008_5 (length 426)
prokkaMN856008/MN856008:MN856008_6 (length 146)
prokkaMN856008/MN856008:MN856008_7 (length 131)
prokkaMN856008/MN856008:MN856008_8 (length 156)
prokkaMN856008/MN856008:MN856008_9 (length 57)
prokkaMN856008/MN856008:MN856008_10 (length 127)
prokkaMN856008/MN856008:MN856008_11 (length 76)
prokkaMN856008/MN856008:MN856008_12 (length 119)
prokkaMN856008/MN856008:MN856008_13 (length 265)
prokkaMN856008/MN856008:MN856008_14 (length 403)
prokkaMN856008/MN856008:MN856008_15 (length 101)
prokkaMN856008/MN856008:MN856008_16 (length 432)
prokkaMN856008/MN856008:MN856008_17 (length 170)
prokkaMN856008/MN856008:MN856008_18 (length 58)
prokkaMN856008/MN856008:MN856008_19 (length 126)
prokkaMN856008/MN856008:MN856008_20 (length 276)
prokkaMN856008/MN856008:MN856008_21 (length 76)
prokkaMN856008/MN856008:MN856008_22 (length 181)
prokkaMN856008/MN856008:MN856008_23 (length 229)
prokkaMN856008/MN856008:MN856008_24 (length 208)
prokkaMN856008/MN856008:MN856008_25 (length 77)
prokkaMN856008/MN856008:MN856008_26 (length 72)
prokkaMN856008/MN856008:MN856008_27 (length 77)
prokkaMN856008/MN856008:MN856008_28 (length 78)
prokkaMN856008/MN856008:MN856008_29 (length 115)
prokkaMN856008/MN856008:MN856008_30 (length 296)
prokkaMN856008/MN856008:MN856008_31 (length 141)
prokkaMN856008/MN856008:MN856008_32 (length 154)
prokkaMN856008/MN856008:MN856008_33 (length 171)
prokkaMN856008/MN856008:MN856008_34 (length 166)
prokkaMN856008/MN856008:MN856008_35 (length 43)
prokkaMN856008/MN856008:MN856008_36 (length 167)
prokkaMN856008/MN856008:MN856008_37 (length 125)
prokkaMN856008/MN856008:MN856008_38 (length 136)
prokkaMN856008/MN856008:MN856008_39 (length 84)
prokkaMN856008/MN856008:MN856008_40 (length 191)
prokkaMN856008/MN856008:MN856008_41 (length 208)
prokkaMN856008/MN856008:MN856008_42 (length 221)
prokkaMN856008/MN856008:MN856008_43 (length 50)
prokkaMN856008/MN856008:MN856008_44 (length 143)
prokkaMN856008/MN856008:MN856008_45 (length 112)
prokkaMN856008/MN856008:MN856008_46 (length 39)

DiscRep_ALL:DISC_SOURCE_QUALS_ASNDISC::strain (all present, all unique)
DiscRep_SUB:DISC_SOURCE_QUALS_ASNDISC::1 sources have unique values for strain
DiscRep_ALL:DISC_SOURCE_QUALS_ASNDISC::taxname (all present, all unique)
DiscRep_SUB:DISC_SOURCE_QUALS_ASNDISC::1 sources have unique values for taxname
DiscRep_ALL:DISC_FEATURE_COUNT::CDS: 46 present
DiscRep_ALL:DISC_COUNT_NUCLEOTIDES::1 nucleotide Bioseqs are present
prokkaMN856008/MN856008:MN856008 (length 35076)

DiscRep_ALL:FEATURE_LOCATION_CONFLICT::46 features have inconsistent gene locations.
DiscRep_SUB:FEATURE_LOCATION_CONFLICT::Coding region xref gene does not exist
prokkaMN856008/MN856008:CDS	hypothetical protein	MN856008:52-7095	AEHHABMJ_00001

DiscRep_SUB:FEATURE_LOCATION_CONFLICT::Coding region xref gene does not exist
prokkaMN856008/MN856008:CDS	hypothetical protein	MN856008:7082-7855	AEHHABMJ_00002

DiscRep_SUB:FEATURE_LOCATION_CONFLICT::Coding region xref gene does not exist
prokkaMN856008/MN856008:CDS	hypothetical protein	MN856008:7855-11175	AEHHABMJ_00003

DiscRep_SUB:FEATURE_LOCATION_CONFLICT::Coding region xref gene does not exist
prokkaMN856008/MN856008:CDS	hypothetical protein	MN856008:11189-11398	AEHHABMJ_00004

DiscRep_SUB:FEATURE_LOCATION_CONFLICT::Coding region xref gene does not exist
prokkaMN856008/MN856008:CDS	hypothetical protein	MN856008:11358-12638	AEHHABMJ_00005

DiscRep_SUB:FEATURE_LOCATION_CONFLICT::Coding region xref gene does not exist
prokkaMN856008/MN856008:CDS	hypothetical protein	MN856008:12655-13095	AEHHABMJ_00006

DiscRep_SUB:FEATURE_LOCATION_CONFLICT::Coding region xref gene does not exist
prokkaMN856008/MN856008:CDS	hypothetical protein	MN856008:13089-13484	AEHHABMJ_00007

DiscRep_SUB:FEATURE_LOCATION_CONFLICT::Coding region xref gene does not exist
prokkaMN856008/MN856008:CDS	hypothetical protein	MN856008:13497-13967	AEHHABMJ_00008

DiscRep_SUB:FEATURE_LOCATION_CONFLICT::Coding region xref gene does not exist
prokkaMN856008/MN856008:CDS	hypothetical protein	MN856008:13945-14118	AEHHABMJ_00009

DiscRep_SUB:FEATURE_LOCATION_CONFLICT::Coding region xref gene does not exist
prokkaMN856008/MN856008:CDS	hypothetical protein	MN856008:14096-14479	AEHHABMJ_00010

DiscRep_SUB:FEATURE_LOCATION_CONFLICT::Coding region xref gene does not exist
prokkaMN856008/MN856008:CDS	hypothetical protein	MN856008:14492-14722	AEHHABMJ_00011

DiscRep_SUB:FEATURE_LOCATION_CONFLICT::Coding region xref gene does not exist
prokkaMN856008/MN856008:CDS	hypothetical protein	MN856008:14754-15113	AEHHABMJ_00012

DiscRep_SUB:FEATURE_LOCATION_CONFLICT::Coding region xref gene does not exist
prokkaMN856008/MN856008:CDS	hypothetical protein	MN856008:15100-15897	AEHHABMJ_00013

DiscRep_SUB:FEATURE_LOCATION_CONFLICT::Coding region xref gene does not exist
prokkaMN856008/MN856008:CDS	hypothetical protein	MN856008:16112-17323	AEHHABMJ_00014

DiscRep_SUB:FEATURE_LOCATION_CONFLICT::Coding region xref gene does not exist
prokkaMN856008/MN856008:CDS	hypothetical protein	MN856008:17313-17618	AEHHABMJ_00015

DiscRep_SUB:FEATURE_LOCATION_CONFLICT::Coding region xref gene does not exist
prokkaMN856008/MN856008:CDS	hypothetical protein	MN856008:17615-18913	AEHHABMJ_00016

DiscRep_SUB:FEATURE_LOCATION_CONFLICT::Coding region xref gene does not exist
prokkaMN856008/MN856008:CDS	putative protein YbdM	MN856008:18897-19409	AEHHABMJ_00017

DiscRep_SUB:FEATURE_LOCATION_CONFLICT::Coding region xref gene does not exist
prokkaMN856008/MN856008:CDS	hypothetical protein	MN856008:19436-19612	AEHHABMJ_00018

DiscRep_SUB:FEATURE_LOCATION_CONFLICT::Coding region xref gene does not exist
prokkaMN856008/MN856008:CDS	hypothetical protein	MN856008:19678-20058	AEHHABMJ_00019

DiscRep_SUB:FEATURE_LOCATION_CONFLICT::Coding region xref gene does not exist
prokkaMN856008/MN856008:CDS	Sporulation initiation inhibitor protein Soj	MN856008:21063-21893	AEHHABMJ_00020

DiscRep_SUB:FEATURE_LOCATION_CONFLICT::Coding region xref gene does not exist
prokkaMN856008/MN856008:CDS	hypothetical protein	MN856008:21883-22113	AEHHABMJ_00021

DiscRep_SUB:FEATURE_LOCATION_CONFLICT::Coding region xref gene does not exist
prokkaMN856008/MN856008:CDS	hypothetical protein	MN856008:c22961-22416	AEHHABMJ_00022

DiscRep_SUB:FEATURE_LOCATION_CONFLICT::Coding region xref gene does not exist
prokkaMN856008/MN856008:CDS	LexA repressor	MN856008:c23661-22972	AEHHABMJ_00023

DiscRep_SUB:FEATURE_LOCATION_CONFLICT::Coding region xref gene does not exist
prokkaMN856008/MN856008:CDS	LexA repressor	MN856008:c24511-23885	AEHHABMJ_00024

DiscRep_SUB:FEATURE_LOCATION_CONFLICT::Coding region xref gene does not exist
prokkaMN856008/MN856008:CDS	hypothetical protein	MN856008:24660-24893	AEHHABMJ_00025

DiscRep_SUB:FEATURE_LOCATION_CONFLICT::Coding region xref gene does not exist
prokkaMN856008/MN856008:CDS	hypothetical protein	MN856008:25446-25664	AEHHABMJ_00026

DiscRep_SUB:FEATURE_LOCATION_CONFLICT::Coding region xref gene does not exist
prokkaMN856008/MN856008:CDS	hypothetical protein	MN856008:25657-25890	AEHHABMJ_00027

DiscRep_SUB:FEATURE_LOCATION_CONFLICT::Coding region xref gene does not exist
prokkaMN856008/MN856008:CDS	hypothetical protein	MN856008:25880-26116	AEHHABMJ_00028

DiscRep_SUB:FEATURE_LOCATION_CONFLICT::Coding region xref gene does not exist
prokkaMN856008/MN856008:CDS	hypothetical protein	MN856008:26109-26456	AEHHABMJ_00029

DiscRep_SUB:FEATURE_LOCATION_CONFLICT::Coding region xref gene does not exist
prokkaMN856008/MN856008:CDS	hypothetical protein	MN856008:26443-27333	AEHHABMJ_00030

DiscRep_SUB:FEATURE_LOCATION_CONFLICT::Coding region xref gene does not exist
prokkaMN856008/MN856008:CDS	hypothetical protein	MN856008:27337-27762	AEHHABMJ_00031

DiscRep_SUB:FEATURE_LOCATION_CONFLICT::Coding region xref gene does not exist
prokkaMN856008/MN856008:CDS	hypothetical protein	MN856008:27778-28242	AEHHABMJ_00032

DiscRep_SUB:FEATURE_LOCATION_CONFLICT::Coding region xref gene does not exist
prokkaMN856008/MN856008:CDS	hypothetical protein	MN856008:28246-28761	AEHHABMJ_00033

DiscRep_SUB:FEATURE_LOCATION_CONFLICT::Coding region xref gene does not exist
prokkaMN856008/MN856008:CDS	hypothetical protein	MN856008:28730-29230	AEHHABMJ_00034

DiscRep_SUB:FEATURE_LOCATION_CONFLICT::Coding region xref gene does not exist
prokkaMN856008/MN856008:CDS	hypothetical protein	MN856008:29230-29361	AEHHABMJ_00035

DiscRep_SUB:FEATURE_LOCATION_CONFLICT::Coding region xref gene does not exist
prokkaMN856008/MN856008:CDS	Single-stranded DNA-binding protein A	MN856008:29351-29854	AEHHABMJ_00036

DiscRep_SUB:FEATURE_LOCATION_CONFLICT::Coding region xref gene does not exist
prokkaMN856008/MN856008:CDS	hypothetical protein	MN856008:29870-30247	AEHHABMJ_00037

DiscRep_SUB:FEATURE_LOCATION_CONFLICT::Coding region xref gene does not exist
prokkaMN856008/MN856008:CDS	hypothetical protein	MN856008:30244-30654	AEHHABMJ_00038

DiscRep_SUB:FEATURE_LOCATION_CONFLICT::Coding region xref gene does not exist
prokkaMN856008/MN856008:CDS	hypothetical protein	MN856008:30647-30901	AEHHABMJ_00039

DiscRep_SUB:FEATURE_LOCATION_CONFLICT::Coding region xref gene does not exist
prokkaMN856008/MN856008:CDS	hypothetical protein	MN856008:30953-31528	AEHHABMJ_00040

DiscRep_SUB:FEATURE_LOCATION_CONFLICT::Coding region xref gene does not exist
prokkaMN856008/MN856008:CDS	hypothetical protein	MN856008:31538-32164	AEHHABMJ_00041

DiscRep_SUB:FEATURE_LOCATION_CONFLICT::Coding region xref gene does not exist
prokkaMN856008/MN856008:CDS	hypothetical protein	MN856008:32171-32836	AEHHABMJ_00042

DiscRep_SUB:FEATURE_LOCATION_CONFLICT::Coding region xref gene does not exist
prokkaMN856008/MN856008:CDS	hypothetical protein	MN856008:32865-33017	AEHHABMJ_00043

DiscRep_SUB:FEATURE_LOCATION_CONFLICT::Coding region xref gene does not exist
prokkaMN856008/MN856008:CDS	hypothetical protein	MN856008:33233-33664	AEHHABMJ_00044

DiscRep_SUB:FEATURE_LOCATION_CONFLICT::Coding region xref gene does not exist
prokkaMN856008/MN856008:CDS	hypothetical protein	MN856008:33772-34110	AEHHABMJ_00045

DiscRep_SUB:FEATURE_LOCATION_CONFLICT::Coding region xref gene does not exist
prokkaMN856008/MN856008:CDS	hypothetical protein	MN856008:34875-34994	AEHHABMJ_00046

DiscRep_ALL:DISC_QUALITY_SCORES::Quality scores are missing on all sequences.

DiscRep_ALL:ONCALLER_COMMENT_PRESENT::1 comment descriptors were found (all same)
prokkaMN856008/MN856008:MN856008:Annotated using prokka 1.14.6 from https://github.com/tseemann/prokka

DiscRep_ALL:SHORT_PROT_SEQUENCES::2 protein sequences are shorter than 50 aa.
prokkaMN856008/MN856008:MN856008_35 (length 43)
prokkaMN856008/MN856008:MN856008_46 (length 39)

DiscRep_ALL:MISSING_GENOMEASSEMBLY_COMMENTS::1 bioseqs are missing GenomeAssembly structured comments
prokkaMN856008/MN856008:MN856008 (length 35076)

DiscRep_ALL:MOLTYPE_NOT_MRNA::1 molecule types are not set as mRNA.
prokkaMN856008/MN856008:MN856008 (length 35076)

DiscRep_ALL:TECHNIQUE_NOT_TSA::1 technique are not set as TSA
prokkaMN856008/MN856008:MN856008 (length 35076)

DiscRep_ALL:MISSING_STRUCTURED_COMMENT::1 sequences do not include structured comments.
prokkaMN856008/MN856008:MN856008 (length 35076)

DiscRep_ALL:MISSING_PROJECT::47 sequences do not include project.
prokkaMN856008/MN856008:MN856008 (length 35076)
prokkaMN856008/MN856008:MN856008_1 (length 2347)
prokkaMN856008/MN856008:MN856008_2 (length 257)
prokkaMN856008/MN856008:MN856008_3 (length 1106)
prokkaMN856008/MN856008:MN856008_4 (length 69)
prokkaMN856008/MN856008:MN856008_5 (length 426)
prokkaMN856008/MN856008:MN856008_6 (length 146)
prokkaMN856008/MN856008:MN856008_7 (length 131)
prokkaMN856008/MN856008:MN856008_8 (length 156)
prokkaMN856008/MN856008:MN856008_9 (length 57)
prokkaMN856008/MN856008:MN856008_10 (length 127)
prokkaMN856008/MN856008:MN856008_11 (length 76)
prokkaMN856008/MN856008:MN856008_12 (length 119)
prokkaMN856008/MN856008:MN856008_13 (length 265)
prokkaMN856008/MN856008:MN856008_14 (length 403)
prokkaMN856008/MN856008:MN856008_15 (length 101)
prokkaMN856008/MN856008:MN856008_16 (length 432)
prokkaMN856008/MN856008:MN856008_17 (length 170)
prokkaMN856008/MN856008:MN856008_18 (length 58)
prokkaMN856008/MN856008:MN856008_19 (length 126)
prokkaMN856008/MN856008:MN856008_20 (length 276)
prokkaMN856008/MN856008:MN856008_21 (length 76)
prokkaMN856008/MN856008:MN856008_22 (length 181)
prokkaMN856008/MN856008:MN856008_23 (length 229)
prokkaMN856008/MN856008:MN856008_24 (length 208)
prokkaMN856008/MN856008:MN856008_25 (length 77)
prokkaMN856008/MN856008:MN856008_26 (length 72)
prokkaMN856008/MN856008:MN856008_27 (length 77)
prokkaMN856008/MN856008:MN856008_28 (length 78)
prokkaMN856008/MN856008:MN856008_29 (length 115)
prokkaMN856008/MN856008:MN856008_30 (length 296)
prokkaMN856008/MN856008:MN856008_31 (length 141)
prokkaMN856008/MN856008:MN856008_32 (length 154)
prokkaMN856008/MN856008:MN856008_33 (length 171)
prokkaMN856008/MN856008:MN856008_34 (length 166)
prokkaMN856008/MN856008:MN856008_35 (length 43)
prokkaMN856008/MN856008:MN856008_36 (length 167)
prokkaMN856008/MN856008:MN856008_37 (length 125)
prokkaMN856008/MN856008:MN856008_38 (length 136)
prokkaMN856008/MN856008:MN856008_39 (length 84)
prokkaMN856008/MN856008:MN856008_40 (length 191)
prokkaMN856008/MN856008:MN856008_41 (length 208)
prokkaMN856008/MN856008:MN856008_42 (length 221)
prokkaMN856008/MN856008:MN856008_43 (length 50)
prokkaMN856008/MN856008:MN856008_44 (length 143)
prokkaMN856008/MN856008:MN856008_45 (length 112)
prokkaMN856008/MN856008:MN856008_46 (length 39)

DiscRep_ALL:DISC_INCONSISTENT_MOLINFO_TECH::Molinfo Technique Report (some missing, all same)
DiscRep_SUB:DISC_INCONSISTENT_MOLINFO_TECH::technique (all missing)
DiscRep_SUB:DISC_INCONSISTENT_MOLINFO_TECH::1 Molinfos are missing field technique
prokkaMN856008/MN856008:MN856008 (length 35076)

