Discrepancy Report Results

Summary
DISC_PROTEIN_NAMES:All proteins have same name "hypothetical protein"
FATAL: MISSING_PROTEIN_ID:27 proteins have invalid IDs.
DISC_SOURCE_QUALS_ASNDISC:strain (all present, all unique)
DISC_SOURCE_QUALS_ASNDISC:taxname (all present, all unique)
DISC_FEATURE_COUNT:CDS: 27 present
DISC_COUNT_NUCLEOTIDES:1 nucleotide Bioseqs are present
FEATURE_LOCATION_CONFLICT:27 features have inconsistent gene locations.
DISC_QUALITY_SCORES:Quality scores are missing on all sequences.
ONCALLER_COMMENT_PRESENT:1 comment descriptors were found (all same)
MISSING_GENOMEASSEMBLY_COMMENTS:1 bioseqs are missing GenomeAssembly structured comments
MOLTYPE_NOT_MRNA:1 molecule types are not set as mRNA.
TECHNIQUE_NOT_TSA:1 technique are not set as TSA
MISSING_STRUCTURED_COMMENT:1 sequences do not include structured comments.
MISSING_PROJECT:28 sequences do not include project.
DISC_INCONSISTENT_MOLINFO_TECH:Molinfo Technique Report (some missing, all same)


Detailed Report

DiscRep_ALL:DISC_PROTEIN_NAMES::All proteins have same name "hypothetical protein"

FATAL: DiscRep_ALL:MISSING_PROTEIN_ID::27 proteins have invalid IDs.
prokkacontig_1749/contig_1749:contig_1749_1 (length 89)
prokkacontig_1749/contig_1749:contig_1749_2 (length 408)
prokkacontig_1749/contig_1749:contig_1749_3 (length 221)
prokkacontig_1749/contig_1749:contig_1749_4 (length 404)
prokkacontig_1749/contig_1749:contig_1749_5 (length 59)
prokkacontig_1749/contig_1749:contig_1749_6 (length 186)
prokkacontig_1749/contig_1749:contig_1749_7 (length 120)
prokkacontig_1749/contig_1749:contig_1749_8 (length 152)
prokkacontig_1749/contig_1749:contig_1749_9 (length 136)
prokkacontig_1749/contig_1749:contig_1749_10 (length 154)
prokkacontig_1749/contig_1749:contig_1749_11 (length 141)
prokkacontig_1749/contig_1749:contig_1749_12 (length 55)
prokkacontig_1749/contig_1749:contig_1749_13 (length 141)
prokkacontig_1749/contig_1749:contig_1749_14 (length 146)
prokkacontig_1749/contig_1749:contig_1749_15 (length 167)
prokkacontig_1749/contig_1749:contig_1749_16 (length 524)
prokkacontig_1749/contig_1749:contig_1749_17 (length 146)
prokkacontig_1749/contig_1749:contig_1749_18 (length 141)
prokkacontig_1749/contig_1749:contig_1749_19 (length 55)
prokkacontig_1749/contig_1749:contig_1749_20 (length 141)
prokkacontig_1749/contig_1749:contig_1749_21 (length 154)
prokkacontig_1749/contig_1749:contig_1749_22 (length 136)
prokkacontig_1749/contig_1749:contig_1749_23 (length 152)
prokkacontig_1749/contig_1749:contig_1749_24 (length 120)
prokkacontig_1749/contig_1749:contig_1749_25 (length 186)
prokkacontig_1749/contig_1749:contig_1749_26 (length 59)
prokkacontig_1749/contig_1749:contig_1749_27 (length 297)

DiscRep_ALL:DISC_SOURCE_QUALS_ASNDISC::strain (all present, all unique)
DiscRep_SUB:DISC_SOURCE_QUALS_ASNDISC::1 sources have unique values for strain
DiscRep_ALL:DISC_SOURCE_QUALS_ASNDISC::taxname (all present, all unique)
DiscRep_SUB:DISC_SOURCE_QUALS_ASNDISC::1 sources have unique values for taxname
DiscRep_ALL:DISC_FEATURE_COUNT::CDS: 27 present
DiscRep_ALL:DISC_COUNT_NUCLEOTIDES::1 nucleotide Bioseqs are present
prokkacontig_1749/contig_1749:contig_1749 (length 16676)

DiscRep_ALL:FEATURE_LOCATION_CONFLICT::27 features have inconsistent gene locations.
DiscRep_SUB:FEATURE_LOCATION_CONFLICT::Coding region xref gene does not exist
prokkacontig_1749/contig_1749:CDS	hypothetical protein	contig_1749:113-382	HKGPDKJN_00001

DiscRep_SUB:FEATURE_LOCATION_CONFLICT::Coding region xref gene does not exist
prokkacontig_1749/contig_1749:CDS	hypothetical protein	contig_1749:379-1605	HKGPDKJN_00002

DiscRep_SUB:FEATURE_LOCATION_CONFLICT::Coding region xref gene does not exist
prokkacontig_1749/contig_1749:CDS	hypothetical protein	contig_1749:1617-2282	HKGPDKJN_00003

DiscRep_SUB:FEATURE_LOCATION_CONFLICT::Coding region xref gene does not exist
prokkacontig_1749/contig_1749:CDS	hypothetical protein	contig_1749:2312-3526	HKGPDKJN_00004

DiscRep_SUB:FEATURE_LOCATION_CONFLICT::Coding region xref gene does not exist
prokkacontig_1749/contig_1749:CDS	hypothetical protein	contig_1749:3576-3755	HKGPDKJN_00005

DiscRep_SUB:FEATURE_LOCATION_CONFLICT::Coding region xref gene does not exist
prokkacontig_1749/contig_1749:CDS	hypothetical protein	contig_1749:3757-4317	HKGPDKJN_00006

DiscRep_SUB:FEATURE_LOCATION_CONFLICT::Coding region xref gene does not exist
prokkacontig_1749/contig_1749:CDS	hypothetical protein	contig_1749:4314-4676	HKGPDKJN_00007

DiscRep_SUB:FEATURE_LOCATION_CONFLICT::Coding region xref gene does not exist
prokkacontig_1749/contig_1749:CDS	hypothetical protein	contig_1749:4853-5311	HKGPDKJN_00008

DiscRep_SUB:FEATURE_LOCATION_CONFLICT::Coding region xref gene does not exist
prokkacontig_1749/contig_1749:CDS	hypothetical protein	contig_1749:5308-5718	HKGPDKJN_00009

DiscRep_SUB:FEATURE_LOCATION_CONFLICT::Coding region xref gene does not exist
prokkacontig_1749/contig_1749:CDS	hypothetical protein	contig_1749:5785-6249	HKGPDKJN_00010

DiscRep_SUB:FEATURE_LOCATION_CONFLICT::Coding region xref gene does not exist
prokkacontig_1749/contig_1749:CDS	hypothetical protein	contig_1749:6249-6674	HKGPDKJN_00011

DiscRep_SUB:FEATURE_LOCATION_CONFLICT::Coding region xref gene does not exist
prokkacontig_1749/contig_1749:CDS	hypothetical protein	contig_1749:6674-6841	HKGPDKJN_00012

DiscRep_SUB:FEATURE_LOCATION_CONFLICT::Coding region xref gene does not exist
prokkacontig_1749/contig_1749:CDS	hypothetical protein	contig_1749:c7694-7269	HKGPDKJN_00013

DiscRep_SUB:FEATURE_LOCATION_CONFLICT::Coding region xref gene does not exist
prokkacontig_1749/contig_1749:CDS	hypothetical protein	contig_1749:7916-8356	HKGPDKJN_00014

DiscRep_SUB:FEATURE_LOCATION_CONFLICT::Coding region xref gene does not exist
prokkacontig_1749/contig_1749:CDS	hypothetical protein	contig_1749:c9042-8539	HKGPDKJN_00015

DiscRep_SUB:FEATURE_LOCATION_CONFLICT::Coding region xref gene does not exist
prokkacontig_1749/contig_1749:CDS	hypothetical protein	contig_1749:9114-10688	HKGPDKJN_00016

DiscRep_SUB:FEATURE_LOCATION_CONFLICT::Coding region xref gene does not exist
prokkacontig_1749/contig_1749:CDS	hypothetical protein	contig_1749:c11311-10871	HKGPDKJN_00017

DiscRep_SUB:FEATURE_LOCATION_CONFLICT::Coding region xref gene does not exist
prokkacontig_1749/contig_1749:CDS	hypothetical protein	contig_1749:11533-11958	HKGPDKJN_00018

DiscRep_SUB:FEATURE_LOCATION_CONFLICT::Coding region xref gene does not exist
prokkacontig_1749/contig_1749:CDS	hypothetical protein	contig_1749:c12553-12386	HKGPDKJN_00019

DiscRep_SUB:FEATURE_LOCATION_CONFLICT::Coding region xref gene does not exist
prokkacontig_1749/contig_1749:CDS	hypothetical protein	contig_1749:c12978-12553	HKGPDKJN_00020

DiscRep_SUB:FEATURE_LOCATION_CONFLICT::Coding region xref gene does not exist
prokkacontig_1749/contig_1749:CDS	hypothetical protein	contig_1749:c13442-12978	HKGPDKJN_00021

DiscRep_SUB:FEATURE_LOCATION_CONFLICT::Coding region xref gene does not exist
prokkacontig_1749/contig_1749:CDS	hypothetical protein	contig_1749:c13919-13509	HKGPDKJN_00022

DiscRep_SUB:FEATURE_LOCATION_CONFLICT::Coding region xref gene does not exist
prokkacontig_1749/contig_1749:CDS	hypothetical protein	contig_1749:c14374-13916	HKGPDKJN_00023

DiscRep_SUB:FEATURE_LOCATION_CONFLICT::Coding region xref gene does not exist
prokkacontig_1749/contig_1749:CDS	hypothetical protein	contig_1749:c14913-14551	HKGPDKJN_00024

DiscRep_SUB:FEATURE_LOCATION_CONFLICT::Coding region xref gene does not exist
prokkacontig_1749/contig_1749:CDS	hypothetical protein	contig_1749:c15470-14910	HKGPDKJN_00025

DiscRep_SUB:FEATURE_LOCATION_CONFLICT::Coding region xref gene does not exist
prokkacontig_1749/contig_1749:CDS	hypothetical protein	contig_1749:c15651-15472	HKGPDKJN_00026

DiscRep_SUB:FEATURE_LOCATION_CONFLICT::Coding region xref gene does not exist
prokkacontig_1749/contig_1749:CDS	hypothetical protein	contig_1749:c16594-15701	HKGPDKJN_00027

DiscRep_ALL:DISC_QUALITY_SCORES::Quality scores are missing on all sequences.

DiscRep_ALL:ONCALLER_COMMENT_PRESENT::1 comment descriptors were found (all same)
prokkacontig_1749/contig_1749:contig_1749:Annotated using prokka 1.14.6 from https://github.com/tseemann/prokka

DiscRep_ALL:MISSING_GENOMEASSEMBLY_COMMENTS::1 bioseqs are missing GenomeAssembly structured comments
prokkacontig_1749/contig_1749:contig_1749 (length 16676)

DiscRep_ALL:MOLTYPE_NOT_MRNA::1 molecule types are not set as mRNA.
prokkacontig_1749/contig_1749:contig_1749 (length 16676)

DiscRep_ALL:TECHNIQUE_NOT_TSA::1 technique are not set as TSA
prokkacontig_1749/contig_1749:contig_1749 (length 16676)

DiscRep_ALL:MISSING_STRUCTURED_COMMENT::1 sequences do not include structured comments.
prokkacontig_1749/contig_1749:contig_1749 (length 16676)

DiscRep_ALL:MISSING_PROJECT::28 sequences do not include project.
prokkacontig_1749/contig_1749:contig_1749 (length 16676)
prokkacontig_1749/contig_1749:contig_1749_1 (length 89)
prokkacontig_1749/contig_1749:contig_1749_2 (length 408)
prokkacontig_1749/contig_1749:contig_1749_3 (length 221)
prokkacontig_1749/contig_1749:contig_1749_4 (length 404)
prokkacontig_1749/contig_1749:contig_1749_5 (length 59)
prokkacontig_1749/contig_1749:contig_1749_6 (length 186)
prokkacontig_1749/contig_1749:contig_1749_7 (length 120)
prokkacontig_1749/contig_1749:contig_1749_8 (length 152)
prokkacontig_1749/contig_1749:contig_1749_9 (length 136)
prokkacontig_1749/contig_1749:contig_1749_10 (length 154)
prokkacontig_1749/contig_1749:contig_1749_11 (length 141)
prokkacontig_1749/contig_1749:contig_1749_12 (length 55)
prokkacontig_1749/contig_1749:contig_1749_13 (length 141)
prokkacontig_1749/contig_1749:contig_1749_14 (length 146)
prokkacontig_1749/contig_1749:contig_1749_15 (length 167)
prokkacontig_1749/contig_1749:contig_1749_16 (length 524)
prokkacontig_1749/contig_1749:contig_1749_17 (length 146)
prokkacontig_1749/contig_1749:contig_1749_18 (length 141)
prokkacontig_1749/contig_1749:contig_1749_19 (length 55)
prokkacontig_1749/contig_1749:contig_1749_20 (length 141)
prokkacontig_1749/contig_1749:contig_1749_21 (length 154)
prokkacontig_1749/contig_1749:contig_1749_22 (length 136)
prokkacontig_1749/contig_1749:contig_1749_23 (length 152)
prokkacontig_1749/contig_1749:contig_1749_24 (length 120)
prokkacontig_1749/contig_1749:contig_1749_25 (length 186)
prokkacontig_1749/contig_1749:contig_1749_26 (length 59)
prokkacontig_1749/contig_1749:contig_1749_27 (length 297)

DiscRep_ALL:DISC_INCONSISTENT_MOLINFO_TECH::Molinfo Technique Report (some missing, all same)
DiscRep_SUB:DISC_INCONSISTENT_MOLINFO_TECH::technique (all missing)
DiscRep_SUB:DISC_INCONSISTENT_MOLINFO_TECH::1 Molinfos are missing field technique
prokkacontig_1749/contig_1749:contig_1749 (length 16676)

