Opening log at 2021-04-21 09:01:18.855307
Iterating through fileSet at 2021-04-21 09:01:18.855674
fileSet is ['/home/james/Software/multiPhATE2/PipelineOutput/contig_1817/commoncore.cgc', '/home/james/Software/multiPhATE2/PipelineOutput/contig_1817/consensus.cgc', '/home/james/Software/multiPhATE2/PipelineOutput/contig_1817/glimmer.cgc', '/home/james/Software/multiPhATE2/PipelineOutput/contig_1817/phanotate.cgc', '/home/james/Software/multiPhATE2/PipelineOutput/contig_1817/prodigal.cgc', '/home/james/Software/multiPhATE2/PipelineOutput/contig_1817/superset.cgc']
Opening geneFile /home/james/Software/multiPhATE2/PipelineOutput/contig_1817/commoncore.cgc
Adding calls from geneFile /home/james/Software/multiPhATE2/PipelineOutput/contig_1817/commoncore.cgc
Appending call set  number of calls is: 0
Opening geneFile /home/james/Software/multiPhATE2/PipelineOutput/contig_1817/consensus.cgc
Adding calls from geneFile /home/james/Software/multiPhATE2/PipelineOutput/contig_1817/consensus.cgc
Appending call set  number of calls is: 0
Opening geneFile /home/james/Software/multiPhATE2/PipelineOutput/contig_1817/glimmer.cgc
Adding calls from geneFile /home/james/Software/multiPhATE2/PipelineOutput/contig_1817/glimmer.cgc
Appending call set  number of calls is: 5
Opening geneFile /home/james/Software/multiPhATE2/PipelineOutput/contig_1817/phanotate.cgc
Adding calls from geneFile /home/james/Software/multiPhATE2/PipelineOutput/contig_1817/phanotate.cgc
Appending call set  number of calls is: 9
Opening geneFile /home/james/Software/multiPhATE2/PipelineOutput/contig_1817/prodigal.cgc
Adding calls from geneFile /home/james/Software/multiPhATE2/PipelineOutput/contig_1817/prodigal.cgc
Appending call set  number of calls is: 6
Opening geneFile /home/james/Software/multiPhATE2/PipelineOutput/contig_1817/superset.cgc
Adding calls from geneFile /home/james/Software/multiPhATE2/PipelineOutput/contig_1817/superset.cgc
Appending call set  number of calls is: 0
All call sets have been added to caller list. Number of call sets in callerList: 6
callerList is   glimmer phanotate prodigal  
Total number of gene calls across callerList call sets is: 20
Sorting gene calls for each caller
Processing a callSet
Before sorting, Length of callerList for caller  is 0
After sorting, Length of callerList for caller  is 0
Processing a callSet
Before sorting, Length of callerList for caller  is 0
After sorting, Length of callerList for caller  is 0
Processing a callSet
Before sorting, Length of callerList for caller glimmer is 5
After sorting, Length of callerList for caller glimmer is 5
Processing a callSet
Before sorting, Length of callerList for caller phanotate is 9
After sorting, Length of callerList for caller phanotate is 9
Processing a callSet
Before sorting, Length of callerList for caller prodigal is 6
After sorting, Length of callerList for caller prodigal is 6
Processing a callSet
Before sorting, Length of callerList for caller  is 0
After sorting, Length of callerList for caller  is 0
callSet processing complete
Comparing across the call sets...
Merging the geneCall sets....
Final merged genes:

***************Merge List
1	Gene No. 1, gene caller: prodigal, leftEnd: 3, rightEnd: 2537, strand: -, length: 2535, contig: contig_1817, protein: unknown, score1: 1.0, score2: 0.0
2	Gene No. 1, gene caller: phanotate, leftEnd: 3, rightEnd: 2576, strand: -, length: 2574, contig: contig_1817, protein: unknown, score1: 1.0, score2: 0.0
3	Gene No. 2, gene caller: phanotate, leftEnd: 2555, rightEnd: 2647, strand: -, length: 93, contig: contig_1817, protein: unknown, score1: 1.0, score2: 0.0
4	Gene No. 1, gene caller: glimmer, leftEnd: 2656, rightEnd: 3381, strand: -, length: 726, contig: contig_1817, protein: unknown, score1: 1.0, score2: 0.0
5	Gene No. 3, gene caller: phanotate, leftEnd: 2656, rightEnd: 3381, strand: -, length: 726, contig: contig_1817, protein: unknown, score1: 1.0, score2: 0.0
6	Gene No. 2, gene caller: prodigal, leftEnd: 2656, rightEnd: 3381, strand: -, length: 726, contig: contig_1817, protein: unknown, score1: 1.0, score2: 0.0
7	Gene No. 4, gene caller: phanotate, leftEnd: 3346, rightEnd: 3453, strand: +, length: 108, contig: contig_1817, protein: unknown, score1: 1.0, score2: 0.0
8	Gene No. 5, gene caller: phanotate, leftEnd: 3536, rightEnd: 3742, strand: +, length: 207, contig: contig_1817, protein: unknown, score1: 1.0, score2: 0.0
9	Gene No. 2, gene caller: glimmer, leftEnd: 3769, rightEnd: 4374, strand: -, length: 606, contig: contig_1817, protein: unknown, score1: 1.0, score2: 0.0
10	Gene No. 6, gene caller: phanotate, leftEnd: 3769, rightEnd: 4374, strand: -, length: 606, contig: contig_1817, protein: unknown, score1: 1.0, score2: 0.0
11	Gene No. 3, gene caller: prodigal, leftEnd: 3769, rightEnd: 4374, strand: -, length: 606, contig: contig_1817, protein: unknown, score1: 1.0, score2: 0.0
12	Gene No. 7, gene caller: phanotate, leftEnd: 4378, rightEnd: 4863, strand: -, length: 486, contig: contig_1817, protein: unknown, score1: 1.0, score2: 0.0
13	Gene No. 4, gene caller: prodigal, leftEnd: 4378, rightEnd: 4863, strand: -, length: 486, contig: contig_1817, protein: unknown, score1: 1.0, score2: 0.0
14	Gene No. 3, gene caller: glimmer, leftEnd: 4378, rightEnd: 4872, strand: -, length: 495, contig: contig_1817, protein: unknown, score1: 1.0, score2: 0.0
15	Gene No. 4, gene caller: glimmer, leftEnd: 4876, rightEnd: 5259, strand: -, length: 384, contig: contig_1817, protein: unknown, score1: 1.0, score2: 0.0
16	Gene No. 8, gene caller: phanotate, leftEnd: 4876, rightEnd: 5259, strand: -, length: 384, contig: contig_1817, protein: unknown, score1: 1.0, score2: 0.0
17	Gene No. 5, gene caller: prodigal, leftEnd: 4876, rightEnd: 5259, strand: -, length: 384, contig: contig_1817, protein: unknown, score1: 1.0, score2: 0.0
18	Gene No. 6, gene caller: glimmer, leftEnd: 5256, rightEnd: 5561, strand: -, length: 306, contig: contig_1817, protein: unknown, score1: 1.0, score2: 0.0
19	Gene No. 9, gene caller: phanotate, leftEnd: 5256, rightEnd: 5582, strand: -, length: 327, contig: contig_1817, protein: unknown, score1: 1.0, score2: 0.0
20	Gene No. 6, gene caller: prodigal, leftEnd: 5256, rightEnd: 5582, strand: -, length: 327, contig: contig_1817, protein: unknown, score1: 1.0, score2: 0.0
Comparing across geneCall sets....
Scoring gene calls....
Identifying common core...
This is the Common Core List:

***************Common Core
CC-gene 1	Gene No. 1, gene caller: All_callers, leftEnd: 2656, rightEnd: 3381, strand: -, length: 726, contig: contig_1817, protein: unknown, score1: 1.0, score2: 0.0
CC-gene 2	Gene No. 1, gene caller: All_callers, leftEnd: 3769, rightEnd: 4374, strand: -, length: 606, contig: contig_1817, protein: unknown, score1: 1.0, score2: 0.0
CC-gene 3	Gene No. 1, gene caller: All_callers, leftEnd: 4876, rightEnd: 5259, strand: -, length: 384, contig: contig_1817, protein: unknown, score1: 1.0, score2: 0.0
Printing gene-call superset, consensus, and common_core in GFF and CGC formats
Printing report....
The following gene callers were considered: glimmer, phanotate, prodigal, The number of distinct gene calls over all gene callers is 12
The number of gene calls in common among all callers is 3
The number of unique (non-matching) gene calls is7
Caller glimmer produced 5 gene calls.
Caller glimmer gene-call length stats:  min: 306, max: 726, ave: 503.4
Caller phanotate produced 9 gene calls.
Caller phanotate gene-call length stats:  min: 93, max: 2574, ave: 612.3333333333334
Caller prodigal produced 6 gene calls.
Caller prodigal gene-call length stats:  min: 327, max: 2535, ave: 844.0

Gene-call Scores:
Caller	Contig	Gene No.	Left End	Right End	Strand	gcScore
prodigal	contig_1817	1	3	2537	-	0.50
phanotate	contig_1817	1	3	2576	-	0.50
phanotate	contig_1817	2	2555	2647	-	0.33
glimmer	contig_1817	1	2656	3381	-	1.00
phanotate	contig_1817	3	2656	3381	-	1.00
prodigal	contig_1817	2	2656	3381	-	1.00
phanotate	contig_1817	4	3346	3453	+	0.33
phanotate	contig_1817	5	3536	3742	+	0.33
glimmer	contig_1817	2	3769	4374	-	1.00
phanotate	contig_1817	6	3769	4374	-	1.00
prodigal	contig_1817	3	3769	4374	-	1.00
phanotate	contig_1817	7	4378	4863	-	0.83
prodigal	contig_1817	4	4378	4863	-	0.83
glimmer	contig_1817	3	4378	4872	-	0.50
glimmer	contig_1817	4	4876	5259	-	1.00
phanotate	contig_1817	8	4876	5259	-	1.00
prodigal	contig_1817	5	4876	5259	-	1.00
glimmer	contig_1817	6	5256	5561	-	0.50
phanotate	contig_1817	9	5256	5582	-	0.83
prodigal	contig_1817	6	5256	5582	-	0.83

Gene-call Consensus Scores:
Caller glimmer average gene-call score: 0.80
Caller phanotate average gene-call score: 0.69
Caller prodigal average gene-call score: 0.86

***************Unique List
Unique gene call 1
  --  Gene No. 1, gene caller: prodigal, leftEnd: 3, rightEnd: 2537, strand: -, length: 2535, contig: contig_1817, protein: unknown, score1: 0.5, score2: 0.0
Unique gene call 2
  --  Gene No. 1, gene caller: phanotate, leftEnd: 3, rightEnd: 2576, strand: -, length: 2574, contig: contig_1817, protein: unknown, score1: 0.5, score2: 0.0
Unique gene call 3
  --  Gene No. 2, gene caller: phanotate, leftEnd: 2555, rightEnd: 2647, strand: -, length: 93, contig: contig_1817, protein: unknown, score1: 0.3333333333333333, score2: 0.0
Unique gene call 4
  --  Gene No. 1, gene caller: glimmer, leftEnd: 2656, rightEnd: 3381, strand: -, length: 726, contig: contig_1817, protein: unknown, score1: 1.0, score2: 0.0
  --  Gene No. 3, gene caller: phanotate, leftEnd: 2656, rightEnd: 3381, strand: -, length: 726, contig: contig_1817, protein: unknown, score1: 1.0, score2: 0.0
  --  Gene No. 2, gene caller: prodigal, leftEnd: 2656, rightEnd: 3381, strand: -, length: 726, contig: contig_1817, protein: unknown, score1: 1.0, score2: 0.0
Unique gene call 5
  --  Gene No. 4, gene caller: phanotate, leftEnd: 3346, rightEnd: 3453, strand: +, length: 108, contig: contig_1817, protein: unknown, score1: 0.3333333333333333, score2: 0.0
Unique gene call 6
  --  Gene No. 5, gene caller: phanotate, leftEnd: 3536, rightEnd: 3742, strand: +, length: 207, contig: contig_1817, protein: unknown, score1: 0.3333333333333333, score2: 0.0
Unique gene call 7
  --  Gene No. 2, gene caller: glimmer, leftEnd: 3769, rightEnd: 4374, strand: -, length: 606, contig: contig_1817, protein: unknown, score1: 1.0, score2: 0.0
  --  Gene No. 6, gene caller: phanotate, leftEnd: 3769, rightEnd: 4374, strand: -, length: 606, contig: contig_1817, protein: unknown, score1: 1.0, score2: 0.0
  --  Gene No. 3, gene caller: prodigal, leftEnd: 3769, rightEnd: 4374, strand: -, length: 606, contig: contig_1817, protein: unknown, score1: 1.0, score2: 0.0
Unique gene call 8
  --  Gene No. 7, gene caller: phanotate, leftEnd: 4378, rightEnd: 4863, strand: -, length: 486, contig: contig_1817, protein: unknown, score1: 0.8333333333333333, score2: 0.0
  --  Gene No. 4, gene caller: prodigal, leftEnd: 4378, rightEnd: 4863, strand: -, length: 486, contig: contig_1817, protein: unknown, score1: 0.8333333333333333, score2: 0.0
Unique gene call 9
  --  Gene No. 3, gene caller: glimmer, leftEnd: 4378, rightEnd: 4872, strand: -, length: 495, contig: contig_1817, protein: unknown, score1: 0.5, score2: 0.0
Unique gene call 10
  --  Gene No. 4, gene caller: glimmer, leftEnd: 4876, rightEnd: 5259, strand: -, length: 384, contig: contig_1817, protein: unknown, score1: 1.0, score2: 0.0
  --  Gene No. 8, gene caller: phanotate, leftEnd: 4876, rightEnd: 5259, strand: -, length: 384, contig: contig_1817, protein: unknown, score1: 1.0, score2: 0.0
  --  Gene No. 5, gene caller: prodigal, leftEnd: 4876, rightEnd: 5259, strand: -, length: 384, contig: contig_1817, protein: unknown, score1: 1.0, score2: 0.0
Unique gene call 11
  --  Gene No. 6, gene caller: glimmer, leftEnd: 5256, rightEnd: 5561, strand: -, length: 306, contig: contig_1817, protein: unknown, score1: 0.5, score2: 0.0
Unique gene call 12
  --  Gene No. 9, gene caller: phanotate, leftEnd: 5256, rightEnd: 5582, strand: -, length: 327, contig: contig_1817, protein: unknown, score1: 0.8333333333333333, score2: 0.0
  --  Gene No. 6, gene caller: prodigal, leftEnd: 5256, rightEnd: 5582, strand: -, length: 327, contig: contig_1817, protein: unknown, score1: 0.8333333333333333, score2: 0.0
Code complete at 2021-04-21 09:01:18.865308
