
tRNAscan-SE v.2.0.7 (Oct 2020) scan results (on host james-Precision-5530)
Started: Wed 21 Apr 2021 01:03:58 PM PDT

------------------------------------------------------------
Sequence file(s) to search:        /home/james/Software/multiPhATE2/PipelineInput/scaffold_2752.fasta
Search Mode:                       Bacterial
Results written to:                /home/james/Software/multiPhATE2/PipelineOutput/scaffold_2752/trnaGenes.out
Output format:                     Tabular
Searching with:                    Infernal First Pass->Infernal
Isotype-specific model scan:       Yes
Covariance model:                  /home/james/miniconda3/envs/multiphate2/lib/tRNAscan-SE/models/TRNAinf-bact.cm
                                   /home/james/miniconda3/envs/multiphate2/lib/tRNAscan-SE/models/TRNAinf-bact-SeC.cm
Infernal first pass cutoff score:  10

Temporary directory:               /tmp
tRNA secondary structure
    predictions saved to:          /home/james/Software/multiPhATE2/PipelineOutput/scaffold_2752/trnaStructures.out
Search statistics saved in:        /home/james/Software/multiPhATE2/PipelineOutput/scaffold_2752/trnaStatistics.out
------------------------------------------------------------

First-pass Stats:
---------------
Sequences read:         1
Seqs w/at least 1 hit:  1
Bases read:             71329 (x2 for both strands)
Bases in tRNAs:         144
tRNAs predicted:        2
Av. tRNA length:        72
Script CPU time:        0.01 s
Scan CPU time:          0.24 s
Scan speed:             594.4 Kbp/sec

First pass search(es) ended: Wed 21 Apr 2021 01:03:58 PM PDT

Infernal Stats:
-----------
Candidate tRNAs read:     2
Infernal-confirmed tRNAs:     2
Bases scanned by Infernal:  184
% seq scanned by Infernal:  0.1 %
Script CPU time:          0.02 s
Infernal CPU time:            0.81 s
Scan speed:               227.2 bp/sec

Infernal analysis of tRNAs ended: Wed 21 Apr 2021 01:03:59 PM PDT

Overall scan speed: 132090.7 bp/sec

tRNAs decoding Standard 20 AA:              2
Selenocysteine tRNAs (TCA):                 0
Possible suppressor tRNAs (CTA,TTA,TCA):    0
tRNAs with undetermined/unknown isotypes:   0
Predicted pseudogenes:                      0
                                            -------
Total tRNAs:                                2

tRNAs with introns:     	0

|

Isotype / Anticodon Counts:

Ala     : 0	  AGC:         GGC:         CGC:         TGC:       
Gly     : 0	  ACC:         GCC:         CCC:         TCC:       
Pro     : 0	  AGG:         GGG:         CGG:         TGG:       
Thr     : 0	  AGT:         GGT:         CGT:         TGT:       
Val     : 0	  AAC:         GAC:         CAC:         TAC:       
Ser     : 0	  AGA:         GGA:         CGA:         TGA:         ACT:         GCT:       
Arg     : 0	  ACG:         GCG:         CCG:         TCG:         CCT:         TCT:       
Leu     : 0	  AAG:         GAG:         CAG:         TAG:         CAA:         TAA:       
Phe     : 0	  AAA:         GAA:                                 
Asn     : 0	  ATT:         GTT:                                 
Lys     : 0	                            CTT:         TTT:       
Asp     : 0	  ATC:         GTC:                                 
Glu     : 0	                            CTC:         TTC:       
His     : 0	  ATG:         GTG:                                 
Gln     : 0	                            CTG:         TTG:       
Ile     : 0	  AAT:         GAT:         CAT:         TAT:       
Met     : 0	                            CAT:                    
Tyr     : 0	  ATA:         GTA:                                 
Supres  : 0	               CTA:         TTA:         TCA:       
Cys     : 0	  ACA:         GCA:                                 
Trp     : 2	                            CCA: 2                  
SelCys  : 0	                                         TCA:       

