[16:45:05] This is prokka 1.14.6
[16:45:05] Written by Torsten Seemann <torsten.seemann@gmail.com>
[16:45:05] Homepage is https://github.com/tseemann/prokka
[16:45:05] Local time is Mon Aug  9 16:45:05 2021
[16:45:05] You are james
[16:45:05] Operating system is linux
[16:45:05] You have BioPerl 1.007002
[16:45:06] System has 12 cores.
[16:45:06] Will use maximum of 8 cores.
[16:45:06] Annotating as >>> Bacteria <<<
[16:45:06] Generating locus_tag from 'MN855701.fasta' contents.
[16:45:06] Setting --locustag CILHOEEI from MD5 c2518ee2caae0c3ad1c97e59adfd3b7d
[16:45:06] Creating new output folder: prokkaMN855701
[16:45:06] Running: mkdir -p prokkaMN855701
[16:45:06] Using filename prefix: MN855701.XXX
[16:45:06] Setting HMMER_NCPU=1
[16:45:06] Writing log to: prokkaMN855701/MN855701.log
[16:45:06] Command: /home/james/miniconda3/envs/prokka/bin/prokka MN855701.fasta --outdir prokkaMN855701 --prefix MN855701 --force
[16:45:06] Appending to PATH: /home/james/miniconda3/envs/prokka/bin
[16:45:06] Looking for 'aragorn' - found /home/james/miniconda3/envs/prokka/bin/aragorn
[16:45:06] Determined aragorn version is 001002 from 'ARAGORN v1.2.38 Dean Laslett'
[16:45:06] Looking for 'barrnap' - found /home/james/miniconda3/envs/prokka/bin/barrnap
[16:45:06] Determined barrnap version is 000009 from 'barrnap 0.9'
[16:45:06] Looking for 'blastp' - found /home/james/miniconda3/envs/prokka/bin/blastp
[16:45:06] Determined blastp version is 002012 from 'blastp: 2.12.0+'
[16:45:06] Looking for 'cmpress' - found /home/james/miniconda3/envs/prokka/bin/cmpress
[16:45:06] Determined cmpress version is 001001 from '# INFERNAL 1.1.4 (Dec 2020)'
[16:45:06] Looking for 'cmscan' - found /home/james/miniconda3/envs/prokka/bin/cmscan
[16:45:06] Determined cmscan version is 001001 from '# INFERNAL 1.1.4 (Dec 2020)'
[16:45:06] Looking for 'egrep' - found /bin/egrep
[16:45:06] Looking for 'find' - found /usr/bin/find
[16:45:06] Looking for 'grep' - found /bin/grep
[16:45:06] Looking for 'hmmpress' - found /home/james/miniconda3/envs/prokka/bin/hmmpress
[16:45:06] Determined hmmpress version is 003003 from '# HMMER 3.3.2 (Nov 2020); http://hmmer.org/'
[16:45:06] Looking for 'hmmscan' - found /home/james/miniconda3/envs/prokka/bin/hmmscan
[16:45:06] Determined hmmscan version is 003003 from '# HMMER 3.3.2 (Nov 2020); http://hmmer.org/'
[16:45:06] Looking for 'java' - found /home/james/miniconda3/envs/prokka/bin/java
[16:45:06] Looking for 'makeblastdb' - found /home/james/miniconda3/envs/prokka/bin/makeblastdb
[16:45:06] Determined makeblastdb version is 002012 from 'makeblastdb: 2.12.0+'
[16:45:06] Looking for 'minced' - found /home/james/miniconda3/envs/prokka/bin/minced
[16:45:07] Determined minced version is 004002 from 'minced 0.4.2'
[16:45:07] Looking for 'parallel' - found /home/james/miniconda3/envs/prokka/bin/parallel
[16:45:07] Determined parallel version is 20210622 from 'GNU parallel 20210622'
[16:45:07] Looking for 'prodigal' - found /home/james/miniconda3/envs/prokka/bin/prodigal
[16:45:07] Determined prodigal version is 002006 from 'Prodigal V2.6.3: February, 2016'
[16:45:07] Looking for 'prokka-genbank_to_fasta_db' - found /home/james/miniconda3/envs/prokka/bin/prokka-genbank_to_fasta_db
[16:45:07] Looking for 'sed' - found /bin/sed
[16:45:07] Looking for 'tbl2asn' - found /home/james/miniconda3/envs/prokka/bin/tbl2asn
[16:45:07] Determined tbl2asn version is 025007 from 'tbl2asn 25.7   arguments:'
[16:45:07] Using genetic code table 11.
[16:45:07] Loading and checking input file: MN855701.fasta
[16:45:07] Wrote 1 contigs totalling 23639 bp.
[16:45:07] Predicting tRNAs and tmRNAs
[16:45:07] Running: aragorn -l -gc11  -w prokkaMN855701\/MN855701\.fna
[16:45:07] Found 0 tRNAs
[16:45:07] Predicting Ribosomal RNAs
[16:45:07] Running Barrnap with 8 threads
[16:45:07] Found 0 rRNAs
[16:45:07] Skipping ncRNA search, enable with --rfam if desired.
[16:45:07] Total of 0 tRNA + rRNA features
[16:45:07] Searching for CRISPR repeats
[16:45:07] Found 0 CRISPRs
[16:45:07] Predicting coding sequences
[16:45:07] Contigs total 23639 bp, so using meta mode
[16:45:07] Running: prodigal -i prokkaMN855701\/MN855701\.fna -c -m -g 11 -p meta -f sco -q
[16:45:07] Found 26 CDS
[16:45:07] Connecting features back to sequences
[16:45:07] Not using genus-specific database. Try --usegenus to enable it.
[16:45:07] Annotating CDS, please be patient.
[16:45:07] Will use 8 CPUs for similarity searching.
[16:45:07] There are still 26 unannotated CDS left (started with 26)
[16:45:07] Will use blast to search against /home/james/miniconda3/envs/prokka/db/kingdom/Bacteria/IS with 8 CPUs
[16:45:07] Running: cat prokkaMN855701\/MN855701\.IS\.tmp\.270213\.faa | parallel --gnu --plain -j 8 --block 490 --recstart '>' --pipe blastp -query - -db /home/james/miniconda3/envs/prokka/db/kingdom/Bacteria/IS -evalue 1e-30 -qcov_hsp_perc 90 -num_threads 1 -num_descriptions 1 -num_alignments 1 -seg no > prokkaMN855701\/MN855701\.IS\.tmp\.270213\.blast 2> /dev/null
[16:45:08] Deleting unwanted file: prokkaMN855701/MN855701.IS.tmp.270213.faa
[16:45:08] Deleting unwanted file: prokkaMN855701/MN855701.IS.tmp.270213.blast
[16:45:08] There are still 26 unannotated CDS left (started with 26)
[16:45:08] Will use blast to search against /home/james/miniconda3/envs/prokka/db/kingdom/Bacteria/AMR with 8 CPUs
[16:45:08] Running: cat prokkaMN855701\/MN855701\.AMR\.tmp\.270213\.faa | parallel --gnu --plain -j 8 --block 490 --recstart '>' --pipe blastp -query - -db /home/james/miniconda3/envs/prokka/db/kingdom/Bacteria/AMR -evalue 9.99999999999999e-301 -qcov_hsp_perc 90 -num_threads 1 -num_descriptions 1 -num_alignments 1 -seg no > prokkaMN855701\/MN855701\.AMR\.tmp\.270213\.blast 2> /dev/null
[16:45:09] Deleting unwanted file: prokkaMN855701/MN855701.AMR.tmp.270213.faa
[16:45:09] Deleting unwanted file: prokkaMN855701/MN855701.AMR.tmp.270213.blast
[16:45:09] There are still 26 unannotated CDS left (started with 26)
[16:45:09] Will use blast to search against /home/james/miniconda3/envs/prokka/db/kingdom/Bacteria/sprot with 8 CPUs
[16:45:09] Running: cat prokkaMN855701\/MN855701\.sprot\.tmp\.270213\.faa | parallel --gnu --plain -j 8 --block 490 --recstart '>' --pipe blastp -query - -db /home/james/miniconda3/envs/prokka/db/kingdom/Bacteria/sprot -evalue 1e-09 -qcov_hsp_perc 80 -num_threads 1 -num_descriptions 1 -num_alignments 1 -seg no > prokkaMN855701\/MN855701\.sprot\.tmp\.270213\.blast 2> /dev/null
[16:45:11] Deleting unwanted file: prokkaMN855701/MN855701.sprot.tmp.270213.faa
[16:45:11] Deleting unwanted file: prokkaMN855701/MN855701.sprot.tmp.270213.blast
[16:45:11] There are still 26 unannotated CDS left (started with 26)
[16:45:11] Will use hmmer3 to search against /home/james/miniconda3/envs/prokka/db/hmm/HAMAP.hmm with 8 CPUs
[16:45:11] Running: cat prokkaMN855701\/MN855701\.HAMAP\.hmm\.tmp\.270213\.faa | parallel --gnu --plain -j 8 --block 490 --recstart '>' --pipe hmmscan --noali --notextw --acc -E 1e-09 --cpu 1 /home/james/miniconda3/envs/prokka/db/hmm/HAMAP.hmm /dev/stdin > prokkaMN855701\/MN855701\.HAMAP\.hmm\.tmp\.270213\.hmmer3 2> /dev/null
[16:45:11] Deleting unwanted file: prokkaMN855701/MN855701.HAMAP.hmm.tmp.270213.faa
[16:45:11] Deleting unwanted file: prokkaMN855701/MN855701.HAMAP.hmm.tmp.270213.hmmer3
[16:45:11] Labelling remaining 26 proteins as 'hypothetical protein'
[16:45:11] Found 0 unique /gene codes.
[16:45:11] Fixed 0 colliding /gene names.
[16:45:11] Adding /locus_tag identifiers
[16:45:11] Assigned 26 locus_tags to CDS and RNA features.
[16:45:11] Writing outputs to prokkaMN855701/
[16:45:11] Generating annotation statistics file
[16:45:11] Generating Genbank and Sequin files
[16:45:11] Running: tbl2asn -V b -a r10k -l paired-ends -M n -N 1 -y 'Annotated using prokka 1.14.6 from https://github.com/tseemann/prokka' -Z prokkaMN855701\/MN855701\.err -i prokkaMN855701\/MN855701\.fsa 2> /dev/null
[16:45:11] Deleting unwanted file: prokkaMN855701/errorsummary.val
[16:45:11] Deleting unwanted file: prokkaMN855701/MN855701.dr
[16:45:11] Deleting unwanted file: prokkaMN855701/MN855701.fixedproducts
[16:45:11] Deleting unwanted file: prokkaMN855701/MN855701.ecn
[16:45:11] Deleting unwanted file: prokkaMN855701/MN855701.val
[16:45:11] Repairing broken .GBK output that tbl2asn produces...
[16:45:11] Running: sed 's/COORDINATES: profile/COORDINATES:profile/' < prokkaMN855701\/MN855701\.gbf > prokkaMN855701\/MN855701\.gbk
[16:45:11] Deleting unwanted file: prokkaMN855701/MN855701.gbf
[16:45:11] Output files:
[16:45:11] prokkaMN855701/MN855701.gbk
[16:45:11] prokkaMN855701/MN855701.txt
[16:45:11] prokkaMN855701/MN855701.fna
[16:45:11] prokkaMN855701/MN855701.tsv
[16:45:11] prokkaMN855701/MN855701.faa
[16:45:11] prokkaMN855701/MN855701.gff
[16:45:11] prokkaMN855701/MN855701.ffn
[16:45:11] prokkaMN855701/MN855701.tbl
[16:45:11] prokkaMN855701/MN855701.fsa
[16:45:11] prokkaMN855701/MN855701.sqn
[16:45:11] prokkaMN855701/MN855701.err
[16:45:11] prokkaMN855701/MN855701.log
[16:45:11] Annotation finished successfully.
[16:45:11] Walltime used: 0.10 minutes
[16:45:11] If you use this result please cite the Prokka paper:
[16:45:11] Seemann T (2014) Prokka: rapid prokaryotic genome annotation. Bioinformatics. 30(14):2068-9.
[16:45:11] Type 'prokka --citation' for more details.
[16:45:11] Thank you, come again.
