Opening log at 2021-04-21 09:47:48.532769
Iterating through fileSet at 2021-04-21 09:47:48.532944
fileSet is ['/home/james/Software/multiPhATE2/PipelineOutput/circular_pair_3501/commoncore.cgc', '/home/james/Software/multiPhATE2/PipelineOutput/circular_pair_3501/consensus.cgc', '/home/james/Software/multiPhATE2/PipelineOutput/circular_pair_3501/glimmer.cgc', '/home/james/Software/multiPhATE2/PipelineOutput/circular_pair_3501/phanotate.cgc', '/home/james/Software/multiPhATE2/PipelineOutput/circular_pair_3501/prodigal.cgc', '/home/james/Software/multiPhATE2/PipelineOutput/circular_pair_3501/superset.cgc']
Opening geneFile /home/james/Software/multiPhATE2/PipelineOutput/circular_pair_3501/commoncore.cgc
Adding calls from geneFile /home/james/Software/multiPhATE2/PipelineOutput/circular_pair_3501/commoncore.cgc
Appending call set  number of calls is: 0
Opening geneFile /home/james/Software/multiPhATE2/PipelineOutput/circular_pair_3501/consensus.cgc
Adding calls from geneFile /home/james/Software/multiPhATE2/PipelineOutput/circular_pair_3501/consensus.cgc
Appending call set  number of calls is: 0
Opening geneFile /home/james/Software/multiPhATE2/PipelineOutput/circular_pair_3501/glimmer.cgc
Adding calls from geneFile /home/james/Software/multiPhATE2/PipelineOutput/circular_pair_3501/glimmer.cgc
Appending call set  number of calls is: 8
Opening geneFile /home/james/Software/multiPhATE2/PipelineOutput/circular_pair_3501/phanotate.cgc
Adding calls from geneFile /home/james/Software/multiPhATE2/PipelineOutput/circular_pair_3501/phanotate.cgc
Appending call set  number of calls is: 14
Opening geneFile /home/james/Software/multiPhATE2/PipelineOutput/circular_pair_3501/prodigal.cgc
Adding calls from geneFile /home/james/Software/multiPhATE2/PipelineOutput/circular_pair_3501/prodigal.cgc
Appending call set  number of calls is: 10
Opening geneFile /home/james/Software/multiPhATE2/PipelineOutput/circular_pair_3501/superset.cgc
Adding calls from geneFile /home/james/Software/multiPhATE2/PipelineOutput/circular_pair_3501/superset.cgc
Appending call set  number of calls is: 0
All call sets have been added to caller list. Number of call sets in callerList: 6
callerList is   glimmer phanotate prodigal  
Total number of gene calls across callerList call sets is: 32
Sorting gene calls for each caller
Processing a callSet
Before sorting, Length of callerList for caller  is 0
After sorting, Length of callerList for caller  is 0
Processing a callSet
Before sorting, Length of callerList for caller  is 0
After sorting, Length of callerList for caller  is 0
Processing a callSet
Before sorting, Length of callerList for caller glimmer is 8
After sorting, Length of callerList for caller glimmer is 8
Processing a callSet
Before sorting, Length of callerList for caller phanotate is 14
After sorting, Length of callerList for caller phanotate is 14
Processing a callSet
Before sorting, Length of callerList for caller prodigal is 10
After sorting, Length of callerList for caller prodigal is 10
Processing a callSet
Before sorting, Length of callerList for caller  is 0
After sorting, Length of callerList for caller  is 0
callSet processing complete
Comparing across the call sets...
Merging the geneCall sets....
Final merged genes:

***************Merge List
1	Gene No. 1, gene caller: phanotate, leftEnd: 21, rightEnd: 185, strand: -, length: 165, contig: circular_pair_3501, protein: unknown, score1: 1.0, score2: 0.0
2	Gene No. 1, gene caller: glimmer, leftEnd: 194, rightEnd: 544, strand: -, length: 351, contig: circular_pair_3501, protein: unknown, score1: 1.0, score2: 0.0
3	Gene No. 2, gene caller: phanotate, leftEnd: 194, rightEnd: 544, strand: -, length: 351, contig: circular_pair_3501, protein: unknown, score1: 1.0, score2: 0.0
4	Gene No. 1, gene caller: prodigal, leftEnd: 194, rightEnd: 544, strand: -, length: 351, contig: circular_pair_3501, protein: unknown, score1: 1.0, score2: 0.0
5	Gene No. 2, gene caller: glimmer, leftEnd: 541, rightEnd: 900, strand: -, length: 360, contig: circular_pair_3501, protein: unknown, score1: 1.0, score2: 0.0
6	Gene No. 3, gene caller: phanotate, leftEnd: 541, rightEnd: 900, strand: -, length: 360, contig: circular_pair_3501, protein: unknown, score1: 1.0, score2: 0.0
7	Gene No. 2, gene caller: prodigal, leftEnd: 541, rightEnd: 900, strand: -, length: 360, contig: circular_pair_3501, protein: unknown, score1: 1.0, score2: 0.0
8	Gene No. 3, gene caller: glimmer, leftEnd: 893, rightEnd: 1156, strand: -, length: 264, contig: circular_pair_3501, protein: unknown, score1: 1.0, score2: 0.0
9	Gene No. 4, gene caller: phanotate, leftEnd: 893, rightEnd: 1156, strand: -, length: 264, contig: circular_pair_3501, protein: unknown, score1: 1.0, score2: 0.0
10	Gene No. 3, gene caller: prodigal, leftEnd: 893, rightEnd: 1156, strand: -, length: 264, contig: circular_pair_3501, protein: unknown, score1: 1.0, score2: 0.0
11	Gene No. 5, gene caller: phanotate, leftEnd: 1149, rightEnd: 1274, strand: -, length: 126, contig: circular_pair_3501, protein: unknown, score1: 1.0, score2: 0.0
12	Gene No. 4, gene caller: glimmer, leftEnd: 1149, rightEnd: 1286, strand: -, length: 138, contig: circular_pair_3501, protein: unknown, score1: 1.0, score2: 0.0
13	Gene No. 4, gene caller: prodigal, leftEnd: 1149, rightEnd: 1286, strand: -, length: 138, contig: circular_pair_3501, protein: unknown, score1: 1.0, score2: 0.0
14	Gene No. 5, gene caller: glimmer, leftEnd: 1290, rightEnd: 1661, strand: -, length: 372, contig: circular_pair_3501, protein: unknown, score1: 1.0, score2: 0.0
15	Gene No. 6, gene caller: phanotate, leftEnd: 1290, rightEnd: 1661, strand: -, length: 372, contig: circular_pair_3501, protein: unknown, score1: 1.0, score2: 0.0
16	Gene No. 5, gene caller: prodigal, leftEnd: 1290, rightEnd: 1661, strand: -, length: 372, contig: circular_pair_3501, protein: unknown, score1: 1.0, score2: 0.0
17	Gene No. 7, gene caller: phanotate, leftEnd: 1736, rightEnd: 1906, strand: -, length: 171, contig: circular_pair_3501, protein: unknown, score1: 1.0, score2: 0.0
18	Gene No. 6, gene caller: prodigal, leftEnd: 1843, rightEnd: 2046, strand: +, length: 204, contig: circular_pair_3501, protein: unknown, score1: 1.0, score2: 0.0
19	Gene No. 8, gene caller: phanotate, leftEnd: 1916, rightEnd: 2011, strand: -, length: 96, contig: circular_pair_3501, protein: unknown, score1: 1.0, score2: 0.0
20	Gene No. 9, gene caller: phanotate, leftEnd: 2027, rightEnd: 2116, strand: +, length: 90, contig: circular_pair_3501, protein: unknown, score1: 1.0, score2: 0.0
21	Gene No. 10, gene caller: phanotate, leftEnd: 2273, rightEnd: 2455, strand: -, length: 183, contig: circular_pair_3501, protein: unknown, score1: 1.0, score2: 0.0
22	Gene No. 6, gene caller: glimmer, leftEnd: 2273, rightEnd: 2512, strand: -, length: 240, contig: circular_pair_3501, protein: unknown, score1: 1.0, score2: 0.0
23	Gene No. 7, gene caller: prodigal, leftEnd: 2273, rightEnd: 2512, strand: -, length: 240, contig: circular_pair_3501, protein: unknown, score1: 1.0, score2: 0.0
24	Gene No. 7, gene caller: glimmer, leftEnd: 2536, rightEnd: 3186, strand: -, length: 651, contig: circular_pair_3501, protein: unknown, score1: 1.0, score2: 0.0
25	Gene No. 11, gene caller: phanotate, leftEnd: 2536, rightEnd: 3186, strand: -, length: 651, contig: circular_pair_3501, protein: unknown, score1: 1.0, score2: 0.0
26	Gene No. 8, gene caller: prodigal, leftEnd: 2536, rightEnd: 3186, strand: -, length: 651, contig: circular_pair_3501, protein: unknown, score1: 1.0, score2: 0.0
27	Gene No. 8, gene caller: glimmer, leftEnd: 3207, rightEnd: 4187, strand: -, length: 981, contig: circular_pair_3501, protein: unknown, score1: 1.0, score2: 0.0
28	Gene No. 12, gene caller: phanotate, leftEnd: 3207, rightEnd: 4217, strand: -, length: 1011, contig: circular_pair_3501, protein: unknown, score1: 1.0, score2: 0.0
29	Gene No. 9, gene caller: prodigal, leftEnd: 3207, rightEnd: 4217, strand: -, length: 1011, contig: circular_pair_3501, protein: unknown, score1: 1.0, score2: 0.0
30	Gene No. 13, gene caller: phanotate, leftEnd: 4195, rightEnd: 4410, strand: -, length: 216, contig: circular_pair_3501, protein: unknown, score1: 1.0, score2: 0.0
31	Gene No. 10, gene caller: prodigal, leftEnd: 4195, rightEnd: 4446, strand: -, length: 252, contig: circular_pair_3501, protein: unknown, score1: 1.0, score2: 0.0
32	Gene No. 14, gene caller: phanotate, leftEnd: 4468, rightEnd: 4581, strand: -, length: 114, contig: circular_pair_3501, protein: unknown, score1: 1.0, score2: 0.0
Comparing across geneCall sets....
Scoring gene calls....
Identifying common core...
This is the Common Core List:

***************Common Core
CC-gene 1	Gene No. 1, gene caller: All_callers, leftEnd: 194, rightEnd: 544, strand: -, length: 351, contig: circular_pair_3501, protein: unknown, score1: 1.0, score2: 0.0
CC-gene 2	Gene No. 1, gene caller: All_callers, leftEnd: 541, rightEnd: 900, strand: -, length: 360, contig: circular_pair_3501, protein: unknown, score1: 1.0, score2: 0.0
CC-gene 3	Gene No. 1, gene caller: All_callers, leftEnd: 893, rightEnd: 1156, strand: -, length: 264, contig: circular_pair_3501, protein: unknown, score1: 1.0, score2: 0.0
CC-gene 4	Gene No. 1, gene caller: All_callers, leftEnd: 1290, rightEnd: 1661, strand: -, length: 372, contig: circular_pair_3501, protein: unknown, score1: 1.0, score2: 0.0
CC-gene 5	Gene No. 1, gene caller: All_callers, leftEnd: 2536, rightEnd: 3186, strand: -, length: 651, contig: circular_pair_3501, protein: unknown, score1: 1.0, score2: 0.0
Printing gene-call superset, consensus, and common_core in GFF and CGC formats
Printing report....
The following gene callers were considered: glimmer, phanotate, prodigal, The number of distinct gene calls over all gene callers is 19
The number of gene calls in common among all callers is 5
The number of unique (non-matching) gene calls is11
Caller glimmer produced 8 gene calls.
Caller glimmer gene-call length stats:  min: 138, max: 981, ave: 419.625
Caller phanotate produced 14 gene calls.
Caller phanotate gene-call length stats:  min: 90, max: 1011, ave: 297.85714285714283
Caller prodigal produced 10 gene calls.
Caller prodigal gene-call length stats:  min: 138, max: 1011, ave: 384.3

Gene-call Scores:
Caller	Contig	Gene No.	Left End	Right End	Strand	gcScore
phanotate	circular_pair_3501	1	21	185	-	0.33
glimmer	circular_pair_3501	1	194	544	-	1.00
phanotate	circular_pair_3501	2	194	544	-	1.00
prodigal	circular_pair_3501	1	194	544	-	1.00
glimmer	circular_pair_3501	2	541	900	-	1.00
phanotate	circular_pair_3501	3	541	900	-	1.00
prodigal	circular_pair_3501	2	541	900	-	1.00
glimmer	circular_pair_3501	3	893	1156	-	1.00
phanotate	circular_pair_3501	4	893	1156	-	1.00
prodigal	circular_pair_3501	3	893	1156	-	1.00
phanotate	circular_pair_3501	5	1149	1274	-	0.50
glimmer	circular_pair_3501	4	1149	1286	-	0.83
prodigal	circular_pair_3501	4	1149	1286	-	0.83
glimmer	circular_pair_3501	5	1290	1661	-	1.00
phanotate	circular_pair_3501	6	1290	1661	-	1.00
prodigal	circular_pair_3501	5	1290	1661	-	1.00
phanotate	circular_pair_3501	7	1736	1906	-	0.33
prodigal	circular_pair_3501	6	1843	2046	+	0.33
phanotate	circular_pair_3501	8	1916	2011	-	0.33
phanotate	circular_pair_3501	9	2027	2116	+	0.33
phanotate	circular_pair_3501	10	2273	2455	-	0.50
glimmer	circular_pair_3501	6	2273	2512	-	0.83
prodigal	circular_pair_3501	7	2273	2512	-	0.83
glimmer	circular_pair_3501	7	2536	3186	-	1.00
phanotate	circular_pair_3501	11	2536	3186	-	1.00
prodigal	circular_pair_3501	8	2536	3186	-	1.00
glimmer	circular_pair_3501	8	3207	4187	-	0.50
phanotate	circular_pair_3501	12	3207	4217	-	0.83
prodigal	circular_pair_3501	9	3207	4217	-	0.83
phanotate	circular_pair_3501	13	4195	4410	-	0.50
prodigal	circular_pair_3501	10	4195	4446	-	0.50
phanotate	circular_pair_3501	14	4468	4581	-	0.33

Gene-call Consensus Scores:
Caller glimmer average gene-call score: 0.90
Caller phanotate average gene-call score: 0.64
Caller prodigal average gene-call score: 0.83

***************Unique List
Unique gene call 1
  --  Gene No. 1, gene caller: phanotate, leftEnd: 21, rightEnd: 185, strand: -, length: 165, contig: circular_pair_3501, protein: unknown, score1: 0.3333333333333333, score2: 0.0
Unique gene call 2
  --  Gene No. 1, gene caller: glimmer, leftEnd: 194, rightEnd: 544, strand: -, length: 351, contig: circular_pair_3501, protein: unknown, score1: 1.0, score2: 0.0
  --  Gene No. 2, gene caller: phanotate, leftEnd: 194, rightEnd: 544, strand: -, length: 351, contig: circular_pair_3501, protein: unknown, score1: 1.0, score2: 0.0
  --  Gene No. 1, gene caller: prodigal, leftEnd: 194, rightEnd: 544, strand: -, length: 351, contig: circular_pair_3501, protein: unknown, score1: 1.0, score2: 0.0
Unique gene call 3
  --  Gene No. 2, gene caller: glimmer, leftEnd: 541, rightEnd: 900, strand: -, length: 360, contig: circular_pair_3501, protein: unknown, score1: 1.0, score2: 0.0
  --  Gene No. 3, gene caller: phanotate, leftEnd: 541, rightEnd: 900, strand: -, length: 360, contig: circular_pair_3501, protein: unknown, score1: 1.0, score2: 0.0
  --  Gene No. 2, gene caller: prodigal, leftEnd: 541, rightEnd: 900, strand: -, length: 360, contig: circular_pair_3501, protein: unknown, score1: 1.0, score2: 0.0
Unique gene call 4
  --  Gene No. 3, gene caller: glimmer, leftEnd: 893, rightEnd: 1156, strand: -, length: 264, contig: circular_pair_3501, protein: unknown, score1: 1.0, score2: 0.0
  --  Gene No. 4, gene caller: phanotate, leftEnd: 893, rightEnd: 1156, strand: -, length: 264, contig: circular_pair_3501, protein: unknown, score1: 1.0, score2: 0.0
  --  Gene No. 3, gene caller: prodigal, leftEnd: 893, rightEnd: 1156, strand: -, length: 264, contig: circular_pair_3501, protein: unknown, score1: 1.0, score2: 0.0
Unique gene call 5
  --  Gene No. 5, gene caller: phanotate, leftEnd: 1149, rightEnd: 1274, strand: -, length: 126, contig: circular_pair_3501, protein: unknown, score1: 0.5, score2: 0.0
Unique gene call 6
  --  Gene No. 4, gene caller: glimmer, leftEnd: 1149, rightEnd: 1286, strand: -, length: 138, contig: circular_pair_3501, protein: unknown, score1: 0.8333333333333333, score2: 0.0
  --  Gene No. 4, gene caller: prodigal, leftEnd: 1149, rightEnd: 1286, strand: -, length: 138, contig: circular_pair_3501, protein: unknown, score1: 0.8333333333333333, score2: 0.0
Unique gene call 7
  --  Gene No. 5, gene caller: glimmer, leftEnd: 1290, rightEnd: 1661, strand: -, length: 372, contig: circular_pair_3501, protein: unknown, score1: 1.0, score2: 0.0
  --  Gene No. 6, gene caller: phanotate, leftEnd: 1290, rightEnd: 1661, strand: -, length: 372, contig: circular_pair_3501, protein: unknown, score1: 1.0, score2: 0.0
  --  Gene No. 5, gene caller: prodigal, leftEnd: 1290, rightEnd: 1661, strand: -, length: 372, contig: circular_pair_3501, protein: unknown, score1: 1.0, score2: 0.0
Unique gene call 8
  --  Gene No. 7, gene caller: phanotate, leftEnd: 1736, rightEnd: 1906, strand: -, length: 171, contig: circular_pair_3501, protein: unknown, score1: 0.3333333333333333, score2: 0.0
Unique gene call 9
  --  Gene No. 6, gene caller: prodigal, leftEnd: 1843, rightEnd: 2046, strand: +, length: 204, contig: circular_pair_3501, protein: unknown, score1: 0.3333333333333333, score2: 0.0
Unique gene call 10
  --  Gene No. 8, gene caller: phanotate, leftEnd: 1916, rightEnd: 2011, strand: -, length: 96, contig: circular_pair_3501, protein: unknown, score1: 0.3333333333333333, score2: 0.0
Unique gene call 11
  --  Gene No. 9, gene caller: phanotate, leftEnd: 2027, rightEnd: 2116, strand: +, length: 90, contig: circular_pair_3501, protein: unknown, score1: 0.3333333333333333, score2: 0.0
Unique gene call 12
  --  Gene No. 10, gene caller: phanotate, leftEnd: 2273, rightEnd: 2455, strand: -, length: 183, contig: circular_pair_3501, protein: unknown, score1: 0.5, score2: 0.0
Unique gene call 13
  --  Gene No. 6, gene caller: glimmer, leftEnd: 2273, rightEnd: 2512, strand: -, length: 240, contig: circular_pair_3501, protein: unknown, score1: 0.8333333333333333, score2: 0.0
  --  Gene No. 7, gene caller: prodigal, leftEnd: 2273, rightEnd: 2512, strand: -, length: 240, contig: circular_pair_3501, protein: unknown, score1: 0.8333333333333333, score2: 0.0
Unique gene call 14
  --  Gene No. 7, gene caller: glimmer, leftEnd: 2536, rightEnd: 3186, strand: -, length: 651, contig: circular_pair_3501, protein: unknown, score1: 1.0, score2: 0.0
  --  Gene No. 11, gene caller: phanotate, leftEnd: 2536, rightEnd: 3186, strand: -, length: 651, contig: circular_pair_3501, protein: unknown, score1: 1.0, score2: 0.0
  --  Gene No. 8, gene caller: prodigal, leftEnd: 2536, rightEnd: 3186, strand: -, length: 651, contig: circular_pair_3501, protein: unknown, score1: 1.0, score2: 0.0
Unique gene call 15
  --  Gene No. 8, gene caller: glimmer, leftEnd: 3207, rightEnd: 4187, strand: -, length: 981, contig: circular_pair_3501, protein: unknown, score1: 0.5, score2: 0.0
Unique gene call 16
  --  Gene No. 12, gene caller: phanotate, leftEnd: 3207, rightEnd: 4217, strand: -, length: 1011, contig: circular_pair_3501, protein: unknown, score1: 0.8333333333333333, score2: 0.0
  --  Gene No. 9, gene caller: prodigal, leftEnd: 3207, rightEnd: 4217, strand: -, length: 1011, contig: circular_pair_3501, protein: unknown, score1: 0.8333333333333333, score2: 0.0
Unique gene call 17
  --  Gene No. 13, gene caller: phanotate, leftEnd: 4195, rightEnd: 4410, strand: -, length: 216, contig: circular_pair_3501, protein: unknown, score1: 0.5, score2: 0.0
Unique gene call 18
  --  Gene No. 10, gene caller: prodigal, leftEnd: 4195, rightEnd: 4446, strand: -, length: 252, contig: circular_pair_3501, protein: unknown, score1: 0.5, score2: 0.0
Unique gene call 19
  --  Gene No. 14, gene caller: phanotate, leftEnd: 4468, rightEnd: 4581, strand: -, length: 114, contig: circular_pair_3501, protein: unknown, score1: 0.3333333333333333, score2: 0.0
Code complete at 2021-04-21 09:47:48.540028
