Discrepancy Report Results

Summary
DISC_PROTEIN_NAMES:All proteins have same name "hypothetical protein"
FATAL: MISSING_PROTEIN_ID:14 proteins have invalid IDs.
DISC_SOURCE_QUALS_ASNDISC:strain (all present, all unique)
DISC_SOURCE_QUALS_ASNDISC:taxname (all present, all unique)
DISC_FEATURE_COUNT:CDS: 14 present
DISC_COUNT_NUCLEOTIDES:1 nucleotide Bioseqs are present
FEATURE_LOCATION_CONFLICT:14 features have inconsistent gene locations.
DISC_QUALITY_SCORES:Quality scores are missing on all sequences.
ONCALLER_COMMENT_PRESENT:1 comment descriptors were found (all same)
MISSING_GENOMEASSEMBLY_COMMENTS:1 bioseqs are missing GenomeAssembly structured comments
MOLTYPE_NOT_MRNA:1 molecule types are not set as mRNA.
TECHNIQUE_NOT_TSA:1 technique are not set as TSA
MISSING_STRUCTURED_COMMENT:1 sequences do not include structured comments.
MISSING_PROJECT:15 sequences do not include project.
DISC_INCONSISTENT_MOLINFO_TECH:Molinfo Technique Report (some missing, all same)


Detailed Report

DiscRep_ALL:DISC_PROTEIN_NAMES::All proteins have same name "hypothetical protein"

FATAL: DiscRep_ALL:MISSING_PROTEIN_ID::14 proteins have invalid IDs.
prokkaJAAOBB010000123.1/JAAOBB010000123.1:JAAOBB010000123.1_1 (length 591)
prokkaJAAOBB010000123.1/JAAOBB010000123.1:JAAOBB010000123.1_2 (length 710)
prokkaJAAOBB010000123.1/JAAOBB010000123.1:JAAOBB010000123.1_3 (length 310)
prokkaJAAOBB010000123.1/JAAOBB010000123.1:JAAOBB010000123.1_4 (length 258)
prokkaJAAOBB010000123.1/JAAOBB010000123.1:JAAOBB010000123.1_5 (length 215)
prokkaJAAOBB010000123.1/JAAOBB010000123.1:JAAOBB010000123.1_6 (length 78)
prokkaJAAOBB010000123.1/JAAOBB010000123.1:JAAOBB010000123.1_7 (length 55)
prokkaJAAOBB010000123.1/JAAOBB010000123.1:JAAOBB010000123.1_8 (length 449)
prokkaJAAOBB010000123.1/JAAOBB010000123.1:JAAOBB010000123.1_9 (length 415)
prokkaJAAOBB010000123.1/JAAOBB010000123.1:JAAOBB010000123.1_10 (length 350)
prokkaJAAOBB010000123.1/JAAOBB010000123.1:JAAOBB010000123.1_11 (length 171)
prokkaJAAOBB010000123.1/JAAOBB010000123.1:JAAOBB010000123.1_12 (length 248)
prokkaJAAOBB010000123.1/JAAOBB010000123.1:JAAOBB010000123.1_13 (length 113)
prokkaJAAOBB010000123.1/JAAOBB010000123.1:JAAOBB010000123.1_14 (length 125)

DiscRep_ALL:DISC_SOURCE_QUALS_ASNDISC::strain (all present, all unique)
DiscRep_SUB:DISC_SOURCE_QUALS_ASNDISC::1 sources have unique values for strain
DiscRep_ALL:DISC_SOURCE_QUALS_ASNDISC::taxname (all present, all unique)
DiscRep_SUB:DISC_SOURCE_QUALS_ASNDISC::1 sources have unique values for taxname
DiscRep_ALL:DISC_FEATURE_COUNT::CDS: 14 present
DiscRep_ALL:DISC_COUNT_NUCLEOTIDES::1 nucleotide Bioseqs are present
prokkaJAAOBB010000123.1/JAAOBB010000123.1:JAAOBB010000123.1 (length 12674)

DiscRep_ALL:FEATURE_LOCATION_CONFLICT::14 features have inconsistent gene locations.
DiscRep_SUB:FEATURE_LOCATION_CONFLICT::Coding region xref gene does not exist
prokkaJAAOBB010000123.1/JAAOBB010000123.1:CDS	hypothetical protein	JAAOBB010000123.1:107-1882	CENCFHIH_00001

DiscRep_SUB:FEATURE_LOCATION_CONFLICT::Coding region xref gene does not exist
prokkaJAAOBB010000123.1/JAAOBB010000123.1:CDS	hypothetical protein	JAAOBB010000123.1:1960-4092	CENCFHIH_00002

DiscRep_SUB:FEATURE_LOCATION_CONFLICT::Coding region xref gene does not exist
prokkaJAAOBB010000123.1/JAAOBB010000123.1:CDS	hypothetical protein	JAAOBB010000123.1:4093-5025	CENCFHIH_00003

DiscRep_SUB:FEATURE_LOCATION_CONFLICT::Coding region xref gene does not exist
prokkaJAAOBB010000123.1/JAAOBB010000123.1:CDS	hypothetical protein	JAAOBB010000123.1:5018-5794	CENCFHIH_00004

DiscRep_SUB:FEATURE_LOCATION_CONFLICT::Coding region xref gene does not exist
prokkaJAAOBB010000123.1/JAAOBB010000123.1:CDS	hypothetical protein	JAAOBB010000123.1:5788-6435	CENCFHIH_00005

DiscRep_SUB:FEATURE_LOCATION_CONFLICT::Coding region xref gene does not exist
prokkaJAAOBB010000123.1/JAAOBB010000123.1:CDS	hypothetical protein	JAAOBB010000123.1:6447-6683	CENCFHIH_00006

DiscRep_SUB:FEATURE_LOCATION_CONFLICT::Coding region xref gene does not exist
prokkaJAAOBB010000123.1/JAAOBB010000123.1:CDS	hypothetical protein	JAAOBB010000123.1:6676-6843	CENCFHIH_00007

DiscRep_SUB:FEATURE_LOCATION_CONFLICT::Coding region xref gene does not exist
prokkaJAAOBB010000123.1/JAAOBB010000123.1:CDS	hypothetical protein	JAAOBB010000123.1:6836-8185	CENCFHIH_00008

DiscRep_SUB:FEATURE_LOCATION_CONFLICT::Coding region xref gene does not exist
prokkaJAAOBB010000123.1/JAAOBB010000123.1:CDS	hypothetical protein	JAAOBB010000123.1:8197-9444	CENCFHIH_00009

DiscRep_SUB:FEATURE_LOCATION_CONFLICT::Coding region xref gene does not exist
prokkaJAAOBB010000123.1/JAAOBB010000123.1:CDS	hypothetical protein	JAAOBB010000123.1:9447-10499	CENCFHIH_00010

DiscRep_SUB:FEATURE_LOCATION_CONFLICT::Coding region xref gene does not exist
prokkaJAAOBB010000123.1/JAAOBB010000123.1:CDS	hypothetical protein	JAAOBB010000123.1:10509-11024	CENCFHIH_00011

DiscRep_SUB:FEATURE_LOCATION_CONFLICT::Coding region xref gene does not exist
prokkaJAAOBB010000123.1/JAAOBB010000123.1:CDS	hypothetical protein	JAAOBB010000123.1:11011-11757	CENCFHIH_00012

DiscRep_SUB:FEATURE_LOCATION_CONFLICT::Coding region xref gene does not exist
prokkaJAAOBB010000123.1/JAAOBB010000123.1:CDS	hypothetical protein	JAAOBB010000123.1:c12138-11797	CENCFHIH_00013

DiscRep_SUB:FEATURE_LOCATION_CONFLICT::Coding region xref gene does not exist
prokkaJAAOBB010000123.1/JAAOBB010000123.1:CDS	hypothetical protein	JAAOBB010000123.1:c12579-12202	CENCFHIH_00014

DiscRep_ALL:DISC_QUALITY_SCORES::Quality scores are missing on all sequences.

DiscRep_ALL:ONCALLER_COMMENT_PRESENT::1 comment descriptors were found (all same)
prokkaJAAOBB010000123.1/JAAOBB010000123.1:JAAOBB010000123.1:Annotated using prokka 1.14.6 from https://github.com/tseemann/prokka

DiscRep_ALL:MISSING_GENOMEASSEMBLY_COMMENTS::1 bioseqs are missing GenomeAssembly structured comments
prokkaJAAOBB010000123.1/JAAOBB010000123.1:JAAOBB010000123.1 (length 12674)

DiscRep_ALL:MOLTYPE_NOT_MRNA::1 molecule types are not set as mRNA.
prokkaJAAOBB010000123.1/JAAOBB010000123.1:JAAOBB010000123.1 (length 12674)

DiscRep_ALL:TECHNIQUE_NOT_TSA::1 technique are not set as TSA
prokkaJAAOBB010000123.1/JAAOBB010000123.1:JAAOBB010000123.1 (length 12674)

DiscRep_ALL:MISSING_STRUCTURED_COMMENT::1 sequences do not include structured comments.
prokkaJAAOBB010000123.1/JAAOBB010000123.1:JAAOBB010000123.1 (length 12674)

DiscRep_ALL:MISSING_PROJECT::15 sequences do not include project.
prokkaJAAOBB010000123.1/JAAOBB010000123.1:JAAOBB010000123.1 (length 12674)
prokkaJAAOBB010000123.1/JAAOBB010000123.1:JAAOBB010000123.1_1 (length 591)
prokkaJAAOBB010000123.1/JAAOBB010000123.1:JAAOBB010000123.1_2 (length 710)
prokkaJAAOBB010000123.1/JAAOBB010000123.1:JAAOBB010000123.1_3 (length 310)
prokkaJAAOBB010000123.1/JAAOBB010000123.1:JAAOBB010000123.1_4 (length 258)
prokkaJAAOBB010000123.1/JAAOBB010000123.1:JAAOBB010000123.1_5 (length 215)
prokkaJAAOBB010000123.1/JAAOBB010000123.1:JAAOBB010000123.1_6 (length 78)
prokkaJAAOBB010000123.1/JAAOBB010000123.1:JAAOBB010000123.1_7 (length 55)
prokkaJAAOBB010000123.1/JAAOBB010000123.1:JAAOBB010000123.1_8 (length 449)
prokkaJAAOBB010000123.1/JAAOBB010000123.1:JAAOBB010000123.1_9 (length 415)
prokkaJAAOBB010000123.1/JAAOBB010000123.1:JAAOBB010000123.1_10 (length 350)
prokkaJAAOBB010000123.1/JAAOBB010000123.1:JAAOBB010000123.1_11 (length 171)
prokkaJAAOBB010000123.1/JAAOBB010000123.1:JAAOBB010000123.1_12 (length 248)
prokkaJAAOBB010000123.1/JAAOBB010000123.1:JAAOBB010000123.1_13 (length 113)
prokkaJAAOBB010000123.1/JAAOBB010000123.1:JAAOBB010000123.1_14 (length 125)

DiscRep_ALL:DISC_INCONSISTENT_MOLINFO_TECH::Molinfo Technique Report (some missing, all same)
DiscRep_SUB:DISC_INCONSISTENT_MOLINFO_TECH::technique (all missing)
DiscRep_SUB:DISC_INCONSISTENT_MOLINFO_TECH::1 Molinfos are missing field technique
prokkaJAAOBB010000123.1/JAAOBB010000123.1:JAAOBB010000123.1 (length 12674)

