Discrepancy Report Results

Summary
FATAL: MISSING_PROTEIN_ID:54 proteins have invalid IDs.
DISC_SOURCE_QUALS_ASNDISC:strain (all present, all unique)
DISC_SOURCE_QUALS_ASNDISC:taxname (all present, all unique)
DISC_FEATURE_COUNT:CDS: 54 present
DISC_COUNT_NUCLEOTIDES:1 nucleotide Bioseqs are present
FEATURE_LOCATION_CONFLICT:54 features have inconsistent gene locations.
DISC_QUALITY_SCORES:Quality scores are missing on all sequences.
ONCALLER_COMMENT_PRESENT:1 comment descriptors were found (all same)
MISSING_GENOMEASSEMBLY_COMMENTS:1 bioseqs are missing GenomeAssembly structured comments
MOLTYPE_NOT_MRNA:1 molecule types are not set as mRNA.
TECHNIQUE_NOT_TSA:1 technique are not set as TSA
MISSING_STRUCTURED_COMMENT:1 sequences do not include structured comments.
MISSING_PROJECT:55 sequences do not include project.
DISC_INCONSISTENT_MOLINFO_TECH:Molinfo Technique Report (some missing, all same)


Detailed Report

FATAL: DiscRep_ALL:MISSING_PROTEIN_ID::54 proteins have invalid IDs.
prokkaMN855721/MN855721:MN855721_1 (length 330)
prokkaMN855721/MN855721:MN855721_2 (length 232)
prokkaMN855721/MN855721:MN855721_3 (length 127)
prokkaMN855721/MN855721:MN855721_4 (length 112)
prokkaMN855721/MN855721:MN855721_5 (length 153)
prokkaMN855721/MN855721:MN855721_6 (length 207)
prokkaMN855721/MN855721:MN855721_7 (length 137)
prokkaMN855721/MN855721:MN855721_8 (length 116)
prokkaMN855721/MN855721:MN855721_9 (length 955)
prokkaMN855721/MN855721:MN855721_10 (length 307)
prokkaMN855721/MN855721:MN855721_11 (length 360)
prokkaMN855721/MN855721:MN855721_12 (length 214)
prokkaMN855721/MN855721:MN855721_13 (length 305)
prokkaMN855721/MN855721:MN855721_14 (length 109)
prokkaMN855721/MN855721:MN855721_15 (length 404)
prokkaMN855721/MN855721:MN855721_16 (length 104)
prokkaMN855721/MN855721:MN855721_17 (length 131)
prokkaMN855721/MN855721:MN855721_18 (length 99)
prokkaMN855721/MN855721:MN855721_19 (length 188)
prokkaMN855721/MN855721:MN855721_20 (length 97)
prokkaMN855721/MN855721:MN855721_21 (length 88)
prokkaMN855721/MN855721:MN855721_22 (length 84)
prokkaMN855721/MN855721:MN855721_23 (length 81)
prokkaMN855721/MN855721:MN855721_24 (length 120)
prokkaMN855721/MN855721:MN855721_25 (length 143)
prokkaMN855721/MN855721:MN855721_26 (length 93)
prokkaMN855721/MN855721:MN855721_27 (length 147)
prokkaMN855721/MN855721:MN855721_28 (length 59)
prokkaMN855721/MN855721:MN855721_29 (length 97)
prokkaMN855721/MN855721:MN855721_30 (length 78)
prokkaMN855721/MN855721:MN855721_31 (length 53)
prokkaMN855721/MN855721:MN855721_32 (length 278)
prokkaMN855721/MN855721:MN855721_33 (length 75)
prokkaMN855721/MN855721:MN855721_34 (length 122)
prokkaMN855721/MN855721:MN855721_35 (length 125)
prokkaMN855721/MN855721:MN855721_36 (length 92)
prokkaMN855721/MN855721:MN855721_37 (length 107)
prokkaMN855721/MN855721:MN855721_38 (length 74)
prokkaMN855721/MN855721:MN855721_39 (length 79)
prokkaMN855721/MN855721:MN855721_40 (length 85)
prokkaMN855721/MN855721:MN855721_41 (length 64)
prokkaMN855721/MN855721:MN855721_42 (length 127)
prokkaMN855721/MN855721:MN855721_43 (length 114)
prokkaMN855721/MN855721:MN855721_44 (length 100)
prokkaMN855721/MN855721:MN855721_45 (length 227)
prokkaMN855721/MN855721:MN855721_46 (length 104)
prokkaMN855721/MN855721:MN855721_47 (length 101)
prokkaMN855721/MN855721:MN855721_48 (length 84)
prokkaMN855721/MN855721:MN855721_49 (length 154)
prokkaMN855721/MN855721:MN855721_50 (length 112)
prokkaMN855721/MN855721:MN855721_51 (length 325)
prokkaMN855721/MN855721:MN855721_52 (length 432)
prokkaMN855721/MN855721:MN855721_53 (length 722)
prokkaMN855721/MN855721:MN855721_54 (length 76)

DiscRep_ALL:DISC_SOURCE_QUALS_ASNDISC::strain (all present, all unique)
DiscRep_SUB:DISC_SOURCE_QUALS_ASNDISC::1 sources have unique values for strain
DiscRep_ALL:DISC_SOURCE_QUALS_ASNDISC::taxname (all present, all unique)
DiscRep_SUB:DISC_SOURCE_QUALS_ASNDISC::1 sources have unique values for taxname
DiscRep_ALL:DISC_FEATURE_COUNT::CDS: 54 present
DiscRep_ALL:DISC_COUNT_NUCLEOTIDES::1 nucleotide Bioseqs are present
prokkaMN855721/MN855721:MN855721 (length 32306)

DiscRep_ALL:FEATURE_LOCATION_CONFLICT::54 features have inconsistent gene locations.
DiscRep_SUB:FEATURE_LOCATION_CONFLICT::Coding region xref gene does not exist
prokkaMN855721/MN855721:CDS	hypothetical protein	MN855721:41-1033	KKMPLKJN_00001

DiscRep_SUB:FEATURE_LOCATION_CONFLICT::Coding region xref gene does not exist
prokkaMN855721/MN855721:CDS	hypothetical protein	MN855721:1115-1813	KKMPLKJN_00002

DiscRep_SUB:FEATURE_LOCATION_CONFLICT::Coding region xref gene does not exist
prokkaMN855721/MN855721:CDS	hypothetical protein	MN855721:1791-2174	KKMPLKJN_00003

DiscRep_SUB:FEATURE_LOCATION_CONFLICT::Coding region xref gene does not exist
prokkaMN855721/MN855721:CDS	hypothetical protein	MN855721:2171-2509	KKMPLKJN_00004

DiscRep_SUB:FEATURE_LOCATION_CONFLICT::Coding region xref gene does not exist
prokkaMN855721/MN855721:CDS	hypothetical protein	MN855721:2518-2979	KKMPLKJN_00005

DiscRep_SUB:FEATURE_LOCATION_CONFLICT::Coding region xref gene does not exist
prokkaMN855721/MN855721:CDS	hypothetical protein	MN855721:3042-3665	KKMPLKJN_00006

DiscRep_SUB:FEATURE_LOCATION_CONFLICT::Coding region xref gene does not exist
prokkaMN855721/MN855721:CDS	hypothetical protein	MN855721:3689-4102	KKMPLKJN_00007

DiscRep_SUB:FEATURE_LOCATION_CONFLICT::Coding region xref gene does not exist
prokkaMN855721/MN855721:CDS	hypothetical protein	MN855721:4107-4457	KKMPLKJN_00008

DiscRep_SUB:FEATURE_LOCATION_CONFLICT::Coding region xref gene does not exist
prokkaMN855721/MN855721:CDS	hypothetical protein	MN855721:4461-7328	KKMPLKJN_00009

DiscRep_SUB:FEATURE_LOCATION_CONFLICT::Coding region xref gene does not exist
prokkaMN855721/MN855721:CDS	hypothetical protein	MN855721:7348-8271	KKMPLKJN_00010

DiscRep_SUB:FEATURE_LOCATION_CONFLICT::Coding region xref gene does not exist
prokkaMN855721/MN855721:CDS	hypothetical protein	MN855721:8271-9353	KKMPLKJN_00011

DiscRep_SUB:FEATURE_LOCATION_CONFLICT::Coding region xref gene does not exist
prokkaMN855721/MN855721:CDS	hypothetical protein	MN855721:9350-9994	KKMPLKJN_00012

DiscRep_SUB:FEATURE_LOCATION_CONFLICT::Coding region xref gene does not exist
prokkaMN855721/MN855721:CDS	hypothetical protein	MN855721:10024-10941	KKMPLKJN_00013

DiscRep_SUB:FEATURE_LOCATION_CONFLICT::Coding region xref gene does not exist
prokkaMN855721/MN855721:CDS	hypothetical protein	MN855721:c11273-10944	KKMPLKJN_00014

DiscRep_SUB:FEATURE_LOCATION_CONFLICT::Coding region xref gene does not exist
prokkaMN855721/MN855721:CDS	hypothetical protein	MN855721:11344-12558	KKMPLKJN_00015

DiscRep_SUB:FEATURE_LOCATION_CONFLICT::Coding region xref gene does not exist
prokkaMN855721/MN855721:CDS	hypothetical protein	MN855721:12571-12885	KKMPLKJN_00016

DiscRep_SUB:FEATURE_LOCATION_CONFLICT::Coding region xref gene does not exist
prokkaMN855721/MN855721:CDS	hypothetical protein	MN855721:c13379-12984	KKMPLKJN_00017

DiscRep_SUB:FEATURE_LOCATION_CONFLICT::Coding region xref gene does not exist
prokkaMN855721/MN855721:CDS	hypothetical protein	MN855721:c13972-13673	KKMPLKJN_00018

DiscRep_SUB:FEATURE_LOCATION_CONFLICT::Coding region xref gene does not exist
prokkaMN855721/MN855721:CDS	hypothetical protein	MN855721:c14522-13956	KKMPLKJN_00019

DiscRep_SUB:FEATURE_LOCATION_CONFLICT::Coding region xref gene does not exist
prokkaMN855721/MN855721:CDS	hypothetical protein	MN855721:c14808-14515	KKMPLKJN_00020

DiscRep_SUB:FEATURE_LOCATION_CONFLICT::Coding region xref gene does not exist
prokkaMN855721/MN855721:CDS	hypothetical protein	MN855721:c15058-14792	KKMPLKJN_00021

DiscRep_SUB:FEATURE_LOCATION_CONFLICT::Coding region xref gene does not exist
prokkaMN855721/MN855721:CDS	hypothetical protein	MN855721:c15296-15042	KKMPLKJN_00022

DiscRep_SUB:FEATURE_LOCATION_CONFLICT::Coding region xref gene does not exist
prokkaMN855721/MN855721:CDS	hypothetical protein	MN855721:c15534-15289	KKMPLKJN_00023

DiscRep_SUB:FEATURE_LOCATION_CONFLICT::Coding region xref gene does not exist
prokkaMN855721/MN855721:CDS	hypothetical protein	MN855721:c15922-15560	KKMPLKJN_00024

DiscRep_SUB:FEATURE_LOCATION_CONFLICT::Coding region xref gene does not exist
prokkaMN855721/MN855721:CDS	hypothetical protein	MN855721:c16322-15891	KKMPLKJN_00025

DiscRep_SUB:FEATURE_LOCATION_CONFLICT::Coding region xref gene does not exist
prokkaMN855721/MN855721:CDS	hypothetical protein	MN855721:c16593-16312	KKMPLKJN_00026

DiscRep_SUB:FEATURE_LOCATION_CONFLICT::Coding region xref gene does not exist
prokkaMN855721/MN855721:CDS	hypothetical protein	MN855721:c17046-16603	KKMPLKJN_00027

DiscRep_SUB:FEATURE_LOCATION_CONFLICT::Coding region xref gene does not exist
prokkaMN855721/MN855721:CDS	hypothetical protein	MN855721:c17253-17074	KKMPLKJN_00028

DiscRep_SUB:FEATURE_LOCATION_CONFLICT::Coding region xref gene does not exist
prokkaMN855721/MN855721:CDS	hypothetical protein	MN855721:c17610-17317	KKMPLKJN_00029

DiscRep_SUB:FEATURE_LOCATION_CONFLICT::Coding region xref gene does not exist
prokkaMN855721/MN855721:CDS	hypothetical protein	MN855721:c17833-17597	KKMPLKJN_00030

DiscRep_SUB:FEATURE_LOCATION_CONFLICT::Coding region xref gene does not exist
prokkaMN855721/MN855721:CDS	hypothetical protein	MN855721:c18112-17951	KKMPLKJN_00031

DiscRep_SUB:FEATURE_LOCATION_CONFLICT::Coding region xref gene does not exist
prokkaMN855721/MN855721:CDS	hypothetical protein	MN855721:c18956-18120	KKMPLKJN_00032

DiscRep_SUB:FEATURE_LOCATION_CONFLICT::Coding region xref gene does not exist
prokkaMN855721/MN855721:CDS	hypothetical protein	MN855721:19577-19804	KKMPLKJN_00033

DiscRep_SUB:FEATURE_LOCATION_CONFLICT::Coding region xref gene does not exist
prokkaMN855721/MN855721:CDS	Single-stranded DNA-binding protein	MN855721:19801-20169	KKMPLKJN_00034

DiscRep_SUB:FEATURE_LOCATION_CONFLICT::Coding region xref gene does not exist
prokkaMN855721/MN855721:CDS	hypothetical protein	MN855721:20195-20572	KKMPLKJN_00035

DiscRep_SUB:FEATURE_LOCATION_CONFLICT::Coding region xref gene does not exist
prokkaMN855721/MN855721:CDS	hypothetical protein	MN855721:20556-20834	KKMPLKJN_00036

DiscRep_SUB:FEATURE_LOCATION_CONFLICT::Coding region xref gene does not exist
prokkaMN855721/MN855721:CDS	hypothetical protein	MN855721:20834-21157	KKMPLKJN_00037

DiscRep_SUB:FEATURE_LOCATION_CONFLICT::Coding region xref gene does not exist
prokkaMN855721/MN855721:CDS	hypothetical protein	MN855721:21154-21378	KKMPLKJN_00038

DiscRep_SUB:FEATURE_LOCATION_CONFLICT::Coding region xref gene does not exist
prokkaMN855721/MN855721:CDS	hypothetical protein	MN855721:21575-21814	KKMPLKJN_00039

DiscRep_SUB:FEATURE_LOCATION_CONFLICT::Coding region xref gene does not exist
prokkaMN855721/MN855721:CDS	hypothetical protein	MN855721:21796-22053	KKMPLKJN_00040

DiscRep_SUB:FEATURE_LOCATION_CONFLICT::Coding region xref gene does not exist
prokkaMN855721/MN855721:CDS	hypothetical protein	MN855721:22046-22240	KKMPLKJN_00041

DiscRep_SUB:FEATURE_LOCATION_CONFLICT::Coding region xref gene does not exist
prokkaMN855721/MN855721:CDS	hypothetical protein	MN855721:22336-22719	KKMPLKJN_00042

DiscRep_SUB:FEATURE_LOCATION_CONFLICT::Coding region xref gene does not exist
prokkaMN855721/MN855721:CDS	hypothetical protein	MN855721:22809-23153	KKMPLKJN_00043

DiscRep_SUB:FEATURE_LOCATION_CONFLICT::Coding region xref gene does not exist
prokkaMN855721/MN855721:CDS	hypothetical protein	MN855721:23291-23593	KKMPLKJN_00044

DiscRep_SUB:FEATURE_LOCATION_CONFLICT::Coding region xref gene does not exist
prokkaMN855721/MN855721:CDS	hypothetical protein	MN855721:23653-24336	KKMPLKJN_00045

DiscRep_SUB:FEATURE_LOCATION_CONFLICT::Coding region xref gene does not exist
prokkaMN855721/MN855721:CDS	hypothetical protein	MN855721:24329-24643	KKMPLKJN_00046

DiscRep_SUB:FEATURE_LOCATION_CONFLICT::Coding region xref gene does not exist
prokkaMN855721/MN855721:CDS	hypothetical protein	MN855721:24640-24945	KKMPLKJN_00047

DiscRep_SUB:FEATURE_LOCATION_CONFLICT::Coding region xref gene does not exist
prokkaMN855721/MN855721:CDS	hypothetical protein	MN855721:24938-25192	KKMPLKJN_00048

DiscRep_SUB:FEATURE_LOCATION_CONFLICT::Coding region xref gene does not exist
prokkaMN855721/MN855721:CDS	hypothetical protein	MN855721:25185-25649	KKMPLKJN_00049

DiscRep_SUB:FEATURE_LOCATION_CONFLICT::Coding region xref gene does not exist
prokkaMN855721/MN855721:CDS	hypothetical protein	MN855721:25636-25974	KKMPLKJN_00050

DiscRep_SUB:FEATURE_LOCATION_CONFLICT::Coding region xref gene does not exist
prokkaMN855721/MN855721:CDS	Modification methylase BanI	MN855721:26253-27230	KKMPLKJN_00051

DiscRep_SUB:FEATURE_LOCATION_CONFLICT::Coding region xref gene does not exist
prokkaMN855721/MN855721:CDS	hypothetical protein	MN855721:27407-28705	KKMPLKJN_00052

DiscRep_SUB:FEATURE_LOCATION_CONFLICT::Coding region xref gene does not exist
prokkaMN855721/MN855721:CDS	hypothetical protein	MN855721:28850-31018	KKMPLKJN_00053

DiscRep_SUB:FEATURE_LOCATION_CONFLICT::Coding region xref gene does not exist
prokkaMN855721/MN855721:CDS	hypothetical protein	MN855721:c31784-31554	KKMPLKJN_00054

DiscRep_ALL:DISC_QUALITY_SCORES::Quality scores are missing on all sequences.

DiscRep_ALL:ONCALLER_COMMENT_PRESENT::1 comment descriptors were found (all same)
prokkaMN855721/MN855721:MN855721:Annotated using prokka 1.14.6 from https://github.com/tseemann/prokka

DiscRep_ALL:MISSING_GENOMEASSEMBLY_COMMENTS::1 bioseqs are missing GenomeAssembly structured comments
prokkaMN855721/MN855721:MN855721 (length 32306)

DiscRep_ALL:MOLTYPE_NOT_MRNA::1 molecule types are not set as mRNA.
prokkaMN855721/MN855721:MN855721 (length 32306)

DiscRep_ALL:TECHNIQUE_NOT_TSA::1 technique are not set as TSA
prokkaMN855721/MN855721:MN855721 (length 32306)

DiscRep_ALL:MISSING_STRUCTURED_COMMENT::1 sequences do not include structured comments.
prokkaMN855721/MN855721:MN855721 (length 32306)

DiscRep_ALL:MISSING_PROJECT::55 sequences do not include project.
prokkaMN855721/MN855721:MN855721 (length 32306)
prokkaMN855721/MN855721:MN855721_1 (length 330)
prokkaMN855721/MN855721:MN855721_2 (length 232)
prokkaMN855721/MN855721:MN855721_3 (length 127)
prokkaMN855721/MN855721:MN855721_4 (length 112)
prokkaMN855721/MN855721:MN855721_5 (length 153)
prokkaMN855721/MN855721:MN855721_6 (length 207)
prokkaMN855721/MN855721:MN855721_7 (length 137)
prokkaMN855721/MN855721:MN855721_8 (length 116)
prokkaMN855721/MN855721:MN855721_9 (length 955)
prokkaMN855721/MN855721:MN855721_10 (length 307)
prokkaMN855721/MN855721:MN855721_11 (length 360)
prokkaMN855721/MN855721:MN855721_12 (length 214)
prokkaMN855721/MN855721:MN855721_13 (length 305)
prokkaMN855721/MN855721:MN855721_14 (length 109)
prokkaMN855721/MN855721:MN855721_15 (length 404)
prokkaMN855721/MN855721:MN855721_16 (length 104)
prokkaMN855721/MN855721:MN855721_17 (length 131)
prokkaMN855721/MN855721:MN855721_18 (length 99)
prokkaMN855721/MN855721:MN855721_19 (length 188)
prokkaMN855721/MN855721:MN855721_20 (length 97)
prokkaMN855721/MN855721:MN855721_21 (length 88)
prokkaMN855721/MN855721:MN855721_22 (length 84)
prokkaMN855721/MN855721:MN855721_23 (length 81)
prokkaMN855721/MN855721:MN855721_24 (length 120)
prokkaMN855721/MN855721:MN855721_25 (length 143)
prokkaMN855721/MN855721:MN855721_26 (length 93)
prokkaMN855721/MN855721:MN855721_27 (length 147)
prokkaMN855721/MN855721:MN855721_28 (length 59)
prokkaMN855721/MN855721:MN855721_29 (length 97)
prokkaMN855721/MN855721:MN855721_30 (length 78)
prokkaMN855721/MN855721:MN855721_31 (length 53)
prokkaMN855721/MN855721:MN855721_32 (length 278)
prokkaMN855721/MN855721:MN855721_33 (length 75)
prokkaMN855721/MN855721:MN855721_34 (length 122)
prokkaMN855721/MN855721:MN855721_35 (length 125)
prokkaMN855721/MN855721:MN855721_36 (length 92)
prokkaMN855721/MN855721:MN855721_37 (length 107)
prokkaMN855721/MN855721:MN855721_38 (length 74)
prokkaMN855721/MN855721:MN855721_39 (length 79)
prokkaMN855721/MN855721:MN855721_40 (length 85)
prokkaMN855721/MN855721:MN855721_41 (length 64)
prokkaMN855721/MN855721:MN855721_42 (length 127)
prokkaMN855721/MN855721:MN855721_43 (length 114)
prokkaMN855721/MN855721:MN855721_44 (length 100)
prokkaMN855721/MN855721:MN855721_45 (length 227)
prokkaMN855721/MN855721:MN855721_46 (length 104)
prokkaMN855721/MN855721:MN855721_47 (length 101)
prokkaMN855721/MN855721:MN855721_48 (length 84)
prokkaMN855721/MN855721:MN855721_49 (length 154)
prokkaMN855721/MN855721:MN855721_50 (length 112)
prokkaMN855721/MN855721:MN855721_51 (length 325)
prokkaMN855721/MN855721:MN855721_52 (length 432)
prokkaMN855721/MN855721:MN855721_53 (length 722)
prokkaMN855721/MN855721:MN855721_54 (length 76)

DiscRep_ALL:DISC_INCONSISTENT_MOLINFO_TECH::Molinfo Technique Report (some missing, all same)
DiscRep_SUB:DISC_INCONSISTENT_MOLINFO_TECH::technique (all missing)
DiscRep_SUB:DISC_INCONSISTENT_MOLINFO_TECH::1 Molinfos are missing field technique
prokkaMN855721/MN855721:MN855721 (length 32306)

