Opening log at 2021-04-21 09:49:39.524895
Iterating through fileSet at 2021-04-21 09:49:39.525044
fileSet is ['/home/james/Software/multiPhATE2/PipelineOutput/circular_pair_2162/commoncore.cgc', '/home/james/Software/multiPhATE2/PipelineOutput/circular_pair_2162/consensus.cgc', '/home/james/Software/multiPhATE2/PipelineOutput/circular_pair_2162/glimmer.cgc', '/home/james/Software/multiPhATE2/PipelineOutput/circular_pair_2162/phanotate.cgc', '/home/james/Software/multiPhATE2/PipelineOutput/circular_pair_2162/prodigal.cgc', '/home/james/Software/multiPhATE2/PipelineOutput/circular_pair_2162/superset.cgc']
Opening geneFile /home/james/Software/multiPhATE2/PipelineOutput/circular_pair_2162/commoncore.cgc
Adding calls from geneFile /home/james/Software/multiPhATE2/PipelineOutput/circular_pair_2162/commoncore.cgc
Appending call set  number of calls is: 0
Opening geneFile /home/james/Software/multiPhATE2/PipelineOutput/circular_pair_2162/consensus.cgc
Adding calls from geneFile /home/james/Software/multiPhATE2/PipelineOutput/circular_pair_2162/consensus.cgc
Appending call set  number of calls is: 0
Opening geneFile /home/james/Software/multiPhATE2/PipelineOutput/circular_pair_2162/glimmer.cgc
Adding calls from geneFile /home/james/Software/multiPhATE2/PipelineOutput/circular_pair_2162/glimmer.cgc
Appending call set  number of calls is: 8
Opening geneFile /home/james/Software/multiPhATE2/PipelineOutput/circular_pair_2162/phanotate.cgc
Adding calls from geneFile /home/james/Software/multiPhATE2/PipelineOutput/circular_pair_2162/phanotate.cgc
Appending call set  number of calls is: 10
Opening geneFile /home/james/Software/multiPhATE2/PipelineOutput/circular_pair_2162/prodigal.cgc
Adding calls from geneFile /home/james/Software/multiPhATE2/PipelineOutput/circular_pair_2162/prodigal.cgc
Appending call set  number of calls is: 9
Opening geneFile /home/james/Software/multiPhATE2/PipelineOutput/circular_pair_2162/superset.cgc
Adding calls from geneFile /home/james/Software/multiPhATE2/PipelineOutput/circular_pair_2162/superset.cgc
Appending call set  number of calls is: 0
All call sets have been added to caller list. Number of call sets in callerList: 6
callerList is   glimmer phanotate prodigal  
Total number of gene calls across callerList call sets is: 27
Sorting gene calls for each caller
Processing a callSet
Before sorting, Length of callerList for caller  is 0
After sorting, Length of callerList for caller  is 0
Processing a callSet
Before sorting, Length of callerList for caller  is 0
After sorting, Length of callerList for caller  is 0
Processing a callSet
Before sorting, Length of callerList for caller glimmer is 8
After sorting, Length of callerList for caller glimmer is 8
Processing a callSet
Before sorting, Length of callerList for caller phanotate is 10
After sorting, Length of callerList for caller phanotate is 10
Processing a callSet
Before sorting, Length of callerList for caller prodigal is 9
After sorting, Length of callerList for caller prodigal is 9
Processing a callSet
Before sorting, Length of callerList for caller  is 0
After sorting, Length of callerList for caller  is 0
callSet processing complete
Comparing across the call sets...
Merging the geneCall sets....
Final merged genes:

***************Merge List
1	Gene No. 1, gene caller: phanotate, leftEnd: 118, rightEnd: 336, strand: -, length: 219, contig: circular_pair_2162, protein: unknown, score1: 1.0, score2: 0.0
2	Gene No. 1, gene caller: prodigal, leftEnd: 118, rightEnd: 336, strand: -, length: 219, contig: circular_pair_2162, protein: unknown, score1: 1.0, score2: 0.0
3	Gene No. 1, gene caller: glimmer, leftEnd: 286, rightEnd: 744, strand: +, length: 459, contig: circular_pair_2162, protein: unknown, score1: 1.0, score2: 0.0
4	Gene No. 2, gene caller: phanotate, leftEnd: 397, rightEnd: 699, strand: -, length: 303, contig: circular_pair_2162, protein: unknown, score1: 1.0, score2: 0.0
5	Gene No. 2, gene caller: prodigal, leftEnd: 397, rightEnd: 699, strand: -, length: 303, contig: circular_pair_2162, protein: unknown, score1: 1.0, score2: 0.0
6	Gene No. 2, gene caller: glimmer, leftEnd: 817, rightEnd: 1275, strand: +, length: 459, contig: circular_pair_2162, protein: unknown, score1: 1.0, score2: 0.0
7	Gene No. 3, gene caller: phanotate, leftEnd: 838, rightEnd: 1221, strand: -, length: 384, contig: circular_pair_2162, protein: unknown, score1: 1.0, score2: 0.0
8	Gene No. 3, gene caller: prodigal, leftEnd: 838, rightEnd: 1221, strand: -, length: 384, contig: circular_pair_2162, protein: unknown, score1: 1.0, score2: 0.0
9	Gene No. 3, gene caller: glimmer, leftEnd: 1253, rightEnd: 1708, strand: +, length: 456, contig: circular_pair_2162, protein: unknown, score1: 1.0, score2: 0.0
10	Gene No. 4, gene caller: phanotate, leftEnd: 1309, rightEnd: 1686, strand: -, length: 378, contig: circular_pair_2162, protein: unknown, score1: 1.0, score2: 0.0
11	Gene No. 4, gene caller: prodigal, leftEnd: 1309, rightEnd: 1686, strand: -, length: 378, contig: circular_pair_2162, protein: unknown, score1: 1.0, score2: 0.0
12	Gene No. 4, gene caller: glimmer, leftEnd: 1751, rightEnd: 1918, strand: -, length: 168, contig: circular_pair_2162, protein: unknown, score1: 1.0, score2: 0.0
13	Gene No. 5, gene caller: phanotate, leftEnd: 1751, rightEnd: 1918, strand: -, length: 168, contig: circular_pair_2162, protein: unknown, score1: 1.0, score2: 0.0
14	Gene No. 5, gene caller: prodigal, leftEnd: 1751, rightEnd: 1918, strand: -, length: 168, contig: circular_pair_2162, protein: unknown, score1: 1.0, score2: 0.0
15	Gene No. 5, gene caller: glimmer, leftEnd: 1929, rightEnd: 2462, strand: -, length: 534, contig: circular_pair_2162, protein: unknown, score1: 1.0, score2: 0.0
16	Gene No. 6, gene caller: phanotate, leftEnd: 1929, rightEnd: 2462, strand: -, length: 534, contig: circular_pair_2162, protein: unknown, score1: 1.0, score2: 0.0
17	Gene No. 6, gene caller: prodigal, leftEnd: 1929, rightEnd: 2462, strand: -, length: 534, contig: circular_pair_2162, protein: unknown, score1: 1.0, score2: 0.0
18	Gene No. 7, gene caller: phanotate, leftEnd: 2355, rightEnd: 2660, strand: +, length: 306, contig: circular_pair_2162, protein: unknown, score1: 1.0, score2: 0.0
19	Gene No. 6, gene caller: glimmer, leftEnd: 2671, rightEnd: 2838, strand: +, length: 168, contig: circular_pair_2162, protein: unknown, score1: 1.0, score2: 0.0
20	Gene No. 8, gene caller: phanotate, leftEnd: 2671, rightEnd: 2838, strand: +, length: 168, contig: circular_pair_2162, protein: unknown, score1: 1.0, score2: 0.0
21	Gene No. 7, gene caller: prodigal, leftEnd: 2671, rightEnd: 2838, strand: +, length: 168, contig: circular_pair_2162, protein: unknown, score1: 1.0, score2: 0.0
22	Gene No. 7, gene caller: glimmer, leftEnd: 2881, rightEnd: 3336, strand: -, length: 456, contig: circular_pair_2162, protein: unknown, score1: 1.0, score2: 0.0
23	Gene No. 9, gene caller: phanotate, leftEnd: 2903, rightEnd: 3280, strand: +, length: 378, contig: circular_pair_2162, protein: unknown, score1: 1.0, score2: 0.0
24	Gene No. 8, gene caller: prodigal, leftEnd: 2903, rightEnd: 3280, strand: +, length: 378, contig: circular_pair_2162, protein: unknown, score1: 1.0, score2: 0.0
25	Gene No. 8, gene caller: glimmer, leftEnd: 3314, rightEnd: 3748, strand: -, length: 435, contig: circular_pair_2162, protein: unknown, score1: 1.0, score2: 0.0
26	Gene No. 10, gene caller: phanotate, leftEnd: 3368, rightEnd: 3751, strand: +, length: 384, contig: circular_pair_2162, protein: unknown, score1: 1.0, score2: 0.0
27	Gene No. 9, gene caller: prodigal, leftEnd: 3368, rightEnd: 3751, strand: +, length: 384, contig: circular_pair_2162, protein: unknown, score1: 1.0, score2: 0.0
Comparing across geneCall sets....
Scoring gene calls....
Identifying common core...
This is the Common Core List:

***************Common Core
CC-gene 1	Gene No. 1, gene caller: All_callers, leftEnd: 1751, rightEnd: 1918, strand: -, length: 168, contig: circular_pair_2162, protein: unknown, score1: 1.0, score2: 0.0
CC-gene 2	Gene No. 1, gene caller: All_callers, leftEnd: 1929, rightEnd: 2462, strand: -, length: 534, contig: circular_pair_2162, protein: unknown, score1: 1.0, score2: 0.0
CC-gene 3	Gene No. 1, gene caller: All_callers, leftEnd: 2671, rightEnd: 2838, strand: +, length: 168, contig: circular_pair_2162, protein: unknown, score1: 1.0, score2: 0.0
Printing gene-call superset, consensus, and common_core in GFF and CGC formats
Printing report....
The following gene callers were considered: glimmer, phanotate, prodigal, The number of distinct gene calls over all gene callers is 15
The number of gene calls in common among all callers is 3
The number of unique (non-matching) gene calls is6
Caller glimmer produced 8 gene calls.
Caller glimmer gene-call length stats:  min: 168, max: 534, ave: 391.875
Caller phanotate produced 10 gene calls.
Caller phanotate gene-call length stats:  min: 168, max: 534, ave: 322.2
Caller prodigal produced 9 gene calls.
Caller prodigal gene-call length stats:  min: 168, max: 534, ave: 324.0

Gene-call Scores:
Caller	Contig	Gene No.	Left End	Right End	Strand	gcScore
phanotate	circular_pair_2162	1	118	336	-	0.83
prodigal	circular_pair_2162	1	118	336	-	0.83
glimmer	circular_pair_2162	1	286	744	+	0.33
phanotate	circular_pair_2162	2	397	699	-	0.83
prodigal	circular_pair_2162	2	397	699	-	0.83
glimmer	circular_pair_2162	2	817	1275	+	0.33
phanotate	circular_pair_2162	3	838	1221	-	0.83
prodigal	circular_pair_2162	3	838	1221	-	0.83
glimmer	circular_pair_2162	3	1253	1708	+	0.33
phanotate	circular_pair_2162	4	1309	1686	-	0.83
prodigal	circular_pair_2162	4	1309	1686	-	0.83
glimmer	circular_pair_2162	4	1751	1918	-	1.00
phanotate	circular_pair_2162	5	1751	1918	-	1.00
prodigal	circular_pair_2162	5	1751	1918	-	1.00
glimmer	circular_pair_2162	5	1929	2462	-	1.00
phanotate	circular_pair_2162	6	1929	2462	-	1.00
prodigal	circular_pair_2162	6	1929	2462	-	1.00
phanotate	circular_pair_2162	7	2355	2660	+	0.33
glimmer	circular_pair_2162	6	2671	2838	+	1.00
phanotate	circular_pair_2162	8	2671	2838	+	1.00
prodigal	circular_pair_2162	7	2671	2838	+	1.00
glimmer	circular_pair_2162	7	2881	3336	-	0.33
phanotate	circular_pair_2162	9	2903	3280	+	0.83
prodigal	circular_pair_2162	8	2903	3280	+	0.83
glimmer	circular_pair_2162	8	3314	3748	-	0.33
phanotate	circular_pair_2162	10	3368	3751	+	0.83
prodigal	circular_pair_2162	9	3368	3751	+	0.83

Gene-call Consensus Scores:
Caller glimmer average gene-call score: 0.58
Caller phanotate average gene-call score: 0.83
Caller prodigal average gene-call score: 0.89

***************Unique List
Unique gene call 1
  --  Gene No. 1, gene caller: phanotate, leftEnd: 118, rightEnd: 336, strand: -, length: 219, contig: circular_pair_2162, protein: unknown, score1: 0.8333333333333333, score2: 0.0
  --  Gene No. 1, gene caller: prodigal, leftEnd: 118, rightEnd: 336, strand: -, length: 219, contig: circular_pair_2162, protein: unknown, score1: 0.8333333333333333, score2: 0.0
Unique gene call 2
  --  Gene No. 1, gene caller: glimmer, leftEnd: 286, rightEnd: 744, strand: +, length: 459, contig: circular_pair_2162, protein: unknown, score1: 0.3333333333333333, score2: 0.0
Unique gene call 3
  --  Gene No. 2, gene caller: phanotate, leftEnd: 397, rightEnd: 699, strand: -, length: 303, contig: circular_pair_2162, protein: unknown, score1: 0.8333333333333333, score2: 0.0
  --  Gene No. 2, gene caller: prodigal, leftEnd: 397, rightEnd: 699, strand: -, length: 303, contig: circular_pair_2162, protein: unknown, score1: 0.8333333333333333, score2: 0.0
Unique gene call 4
  --  Gene No. 2, gene caller: glimmer, leftEnd: 817, rightEnd: 1275, strand: +, length: 459, contig: circular_pair_2162, protein: unknown, score1: 0.3333333333333333, score2: 0.0
Unique gene call 5
  --  Gene No. 3, gene caller: phanotate, leftEnd: 838, rightEnd: 1221, strand: -, length: 384, contig: circular_pair_2162, protein: unknown, score1: 0.8333333333333333, score2: 0.0
  --  Gene No. 3, gene caller: prodigal, leftEnd: 838, rightEnd: 1221, strand: -, length: 384, contig: circular_pair_2162, protein: unknown, score1: 0.8333333333333333, score2: 0.0
Unique gene call 6
  --  Gene No. 3, gene caller: glimmer, leftEnd: 1253, rightEnd: 1708, strand: +, length: 456, contig: circular_pair_2162, protein: unknown, score1: 0.3333333333333333, score2: 0.0
Unique gene call 7
  --  Gene No. 4, gene caller: phanotate, leftEnd: 1309, rightEnd: 1686, strand: -, length: 378, contig: circular_pair_2162, protein: unknown, score1: 0.8333333333333333, score2: 0.0
  --  Gene No. 4, gene caller: prodigal, leftEnd: 1309, rightEnd: 1686, strand: -, length: 378, contig: circular_pair_2162, protein: unknown, score1: 0.8333333333333333, score2: 0.0
Unique gene call 8
  --  Gene No. 4, gene caller: glimmer, leftEnd: 1751, rightEnd: 1918, strand: -, length: 168, contig: circular_pair_2162, protein: unknown, score1: 1.0, score2: 0.0
  --  Gene No. 5, gene caller: phanotate, leftEnd: 1751, rightEnd: 1918, strand: -, length: 168, contig: circular_pair_2162, protein: unknown, score1: 1.0, score2: 0.0
  --  Gene No. 5, gene caller: prodigal, leftEnd: 1751, rightEnd: 1918, strand: -, length: 168, contig: circular_pair_2162, protein: unknown, score1: 1.0, score2: 0.0
Unique gene call 9
  --  Gene No. 5, gene caller: glimmer, leftEnd: 1929, rightEnd: 2462, strand: -, length: 534, contig: circular_pair_2162, protein: unknown, score1: 1.0, score2: 0.0
  --  Gene No. 6, gene caller: phanotate, leftEnd: 1929, rightEnd: 2462, strand: -, length: 534, contig: circular_pair_2162, protein: unknown, score1: 1.0, score2: 0.0
  --  Gene No. 6, gene caller: prodigal, leftEnd: 1929, rightEnd: 2462, strand: -, length: 534, contig: circular_pair_2162, protein: unknown, score1: 1.0, score2: 0.0
Unique gene call 10
  --  Gene No. 7, gene caller: phanotate, leftEnd: 2355, rightEnd: 2660, strand: +, length: 306, contig: circular_pair_2162, protein: unknown, score1: 0.3333333333333333, score2: 0.0
Unique gene call 11
  --  Gene No. 6, gene caller: glimmer, leftEnd: 2671, rightEnd: 2838, strand: +, length: 168, contig: circular_pair_2162, protein: unknown, score1: 1.0, score2: 0.0
  --  Gene No. 8, gene caller: phanotate, leftEnd: 2671, rightEnd: 2838, strand: +, length: 168, contig: circular_pair_2162, protein: unknown, score1: 1.0, score2: 0.0
  --  Gene No. 7, gene caller: prodigal, leftEnd: 2671, rightEnd: 2838, strand: +, length: 168, contig: circular_pair_2162, protein: unknown, score1: 1.0, score2: 0.0
Unique gene call 12
  --  Gene No. 7, gene caller: glimmer, leftEnd: 2881, rightEnd: 3336, strand: -, length: 456, contig: circular_pair_2162, protein: unknown, score1: 0.3333333333333333, score2: 0.0
Unique gene call 13
  --  Gene No. 9, gene caller: phanotate, leftEnd: 2903, rightEnd: 3280, strand: +, length: 378, contig: circular_pair_2162, protein: unknown, score1: 0.8333333333333333, score2: 0.0
  --  Gene No. 8, gene caller: prodigal, leftEnd: 2903, rightEnd: 3280, strand: +, length: 378, contig: circular_pair_2162, protein: unknown, score1: 0.8333333333333333, score2: 0.0
Unique gene call 14
  --  Gene No. 8, gene caller: glimmer, leftEnd: 3314, rightEnd: 3748, strand: -, length: 435, contig: circular_pair_2162, protein: unknown, score1: 0.3333333333333333, score2: 0.0
Unique gene call 15
  --  Gene No. 10, gene caller: phanotate, leftEnd: 3368, rightEnd: 3751, strand: +, length: 384, contig: circular_pair_2162, protein: unknown, score1: 0.8333333333333333, score2: 0.0
  --  Gene No. 9, gene caller: prodigal, leftEnd: 3368, rightEnd: 3751, strand: +, length: 384, contig: circular_pair_2162, protein: unknown, score1: 0.8333333333333333, score2: 0.0
Code complete at 2021-04-21 09:49:39.530196
