Opening log at 2021-04-21 09:36:17.301651
Iterating through fileSet at 2021-04-21 09:36:17.301813
fileSet is ['/home/james/Software/multiPhATE2/PipelineOutput/contig_2111/commoncore.cgc', '/home/james/Software/multiPhATE2/PipelineOutput/contig_2111/consensus.cgc', '/home/james/Software/multiPhATE2/PipelineOutput/contig_2111/glimmer.cgc', '/home/james/Software/multiPhATE2/PipelineOutput/contig_2111/phanotate.cgc', '/home/james/Software/multiPhATE2/PipelineOutput/contig_2111/prodigal.cgc', '/home/james/Software/multiPhATE2/PipelineOutput/contig_2111/superset.cgc']
Opening geneFile /home/james/Software/multiPhATE2/PipelineOutput/contig_2111/commoncore.cgc
Adding calls from geneFile /home/james/Software/multiPhATE2/PipelineOutput/contig_2111/commoncore.cgc
Appending call set  number of calls is: 0
Opening geneFile /home/james/Software/multiPhATE2/PipelineOutput/contig_2111/consensus.cgc
Adding calls from geneFile /home/james/Software/multiPhATE2/PipelineOutput/contig_2111/consensus.cgc
Appending call set  number of calls is: 0
Opening geneFile /home/james/Software/multiPhATE2/PipelineOutput/contig_2111/glimmer.cgc
Adding calls from geneFile /home/james/Software/multiPhATE2/PipelineOutput/contig_2111/glimmer.cgc
Appending call set  number of calls is: 4
Opening geneFile /home/james/Software/multiPhATE2/PipelineOutput/contig_2111/phanotate.cgc
Adding calls from geneFile /home/james/Software/multiPhATE2/PipelineOutput/contig_2111/phanotate.cgc
Appending call set  number of calls is: 6
Opening geneFile /home/james/Software/multiPhATE2/PipelineOutput/contig_2111/prodigal.cgc
Adding calls from geneFile /home/james/Software/multiPhATE2/PipelineOutput/contig_2111/prodigal.cgc
Appending call set  number of calls is: 6
Opening geneFile /home/james/Software/multiPhATE2/PipelineOutput/contig_2111/superset.cgc
Adding calls from geneFile /home/james/Software/multiPhATE2/PipelineOutput/contig_2111/superset.cgc
Appending call set  number of calls is: 0
All call sets have been added to caller list. Number of call sets in callerList: 6
callerList is   glimmer phanotate prodigal  
Total number of gene calls across callerList call sets is: 16
Sorting gene calls for each caller
Processing a callSet
Before sorting, Length of callerList for caller  is 0
After sorting, Length of callerList for caller  is 0
Processing a callSet
Before sorting, Length of callerList for caller  is 0
After sorting, Length of callerList for caller  is 0
Processing a callSet
Before sorting, Length of callerList for caller glimmer is 4
After sorting, Length of callerList for caller glimmer is 4
Processing a callSet
Before sorting, Length of callerList for caller phanotate is 6
After sorting, Length of callerList for caller phanotate is 6
Processing a callSet
Before sorting, Length of callerList for caller prodigal is 6
After sorting, Length of callerList for caller prodigal is 6
Processing a callSet
Before sorting, Length of callerList for caller  is 0
After sorting, Length of callerList for caller  is 0
callSet processing complete
Comparing across the call sets...
Merging the geneCall sets....
Final merged genes:

***************Merge List
1	Gene No. 1, gene caller: phanotate, leftEnd: 2, rightEnd: 976, strand: +, length: 975, contig: contig_2111, protein: unknown, score1: 1.0, score2: 0.0
2	Gene No. 1, gene caller: prodigal, leftEnd: 2, rightEnd: 976, strand: +, length: 975, contig: contig_2111, protein: unknown, score1: 1.0, score2: 0.0
3	Gene No. 2, gene caller: glimmer, leftEnd: 976, rightEnd: 1185, strand: +, length: 210, contig: contig_2111, protein: unknown, score1: 1.0, score2: 0.0
4	Gene No. 2, gene caller: phanotate, leftEnd: 976, rightEnd: 1185, strand: +, length: 210, contig: contig_2111, protein: unknown, score1: 1.0, score2: 0.0
5	Gene No. 2, gene caller: prodigal, leftEnd: 976, rightEnd: 1185, strand: +, length: 210, contig: contig_2111, protein: unknown, score1: 1.0, score2: 0.0
6	Gene No. 3, gene caller: glimmer, leftEnd: 1175, rightEnd: 2032, strand: +, length: 858, contig: contig_2111, protein: unknown, score1: 1.0, score2: 0.0
7	Gene No. 3, gene caller: phanotate, leftEnd: 1175, rightEnd: 2032, strand: +, length: 858, contig: contig_2111, protein: unknown, score1: 1.0, score2: 0.0
8	Gene No. 3, gene caller: prodigal, leftEnd: 1175, rightEnd: 2032, strand: +, length: 858, contig: contig_2111, protein: unknown, score1: 1.0, score2: 0.0
9	Gene No. 4, gene caller: glimmer, leftEnd: 2026, rightEnd: 2352, strand: +, length: 327, contig: contig_2111, protein: unknown, score1: 1.0, score2: 0.0
10	Gene No. 4, gene caller: phanotate, leftEnd: 2026, rightEnd: 2352, strand: +, length: 327, contig: contig_2111, protein: unknown, score1: 1.0, score2: 0.0
11	Gene No. 4, gene caller: prodigal, leftEnd: 2026, rightEnd: 2352, strand: +, length: 327, contig: contig_2111, protein: unknown, score1: 1.0, score2: 0.0
12	Gene No. 5, gene caller: glimmer, leftEnd: 2352, rightEnd: 3005, strand: +, length: 654, contig: contig_2111, protein: unknown, score1: 1.0, score2: 0.0
13	Gene No. 5, gene caller: phanotate, leftEnd: 2352, rightEnd: 3005, strand: +, length: 654, contig: contig_2111, protein: unknown, score1: 1.0, score2: 0.0
14	Gene No. 5, gene caller: prodigal, leftEnd: 2352, rightEnd: 3005, strand: +, length: 654, contig: contig_2111, protein: unknown, score1: 1.0, score2: 0.0
15	Gene No. 6, gene caller: phanotate, leftEnd: 3002, rightEnd: 3439, strand: +, length: 438, contig: contig_2111, protein: unknown, score1: 1.0, score2: 0.0
16	Gene No. 6, gene caller: prodigal, leftEnd: 3002, rightEnd: 3439, strand: +, length: 438, contig: contig_2111, protein: unknown, score1: 1.0, score2: 0.0
Comparing across geneCall sets....
Scoring gene calls....
Identifying common core...
This is the Common Core List:

***************Common Core
CC-gene 1	Gene No. 1, gene caller: All_callers, leftEnd: 976, rightEnd: 1185, strand: +, length: 210, contig: contig_2111, protein: unknown, score1: 1.0, score2: 0.0
CC-gene 2	Gene No. 1, gene caller: All_callers, leftEnd: 1175, rightEnd: 2032, strand: +, length: 858, contig: contig_2111, protein: unknown, score1: 1.0, score2: 0.0
CC-gene 3	Gene No. 1, gene caller: All_callers, leftEnd: 2026, rightEnd: 2352, strand: +, length: 327, contig: contig_2111, protein: unknown, score1: 1.0, score2: 0.0
CC-gene 4	Gene No. 1, gene caller: All_callers, leftEnd: 2352, rightEnd: 3005, strand: +, length: 654, contig: contig_2111, protein: unknown, score1: 1.0, score2: 0.0
Printing gene-call superset, consensus, and common_core in GFF and CGC formats
Printing report....
The following gene callers were considered: glimmer, phanotate, prodigal, The number of distinct gene calls over all gene callers is 6
The number of gene calls in common among all callers is 4
The number of unique (non-matching) gene calls is0
Caller glimmer produced 4 gene calls.
Caller glimmer gene-call length stats:  min: 210, max: 858, ave: 512.25
Caller phanotate produced 6 gene calls.
Caller phanotate gene-call length stats:  min: 210, max: 975, ave: 577.0
Caller prodigal produced 6 gene calls.
Caller prodigal gene-call length stats:  min: 210, max: 975, ave: 577.0

Gene-call Scores:
Caller	Contig	Gene No.	Left End	Right End	Strand	gcScore
phanotate	contig_2111	1	2	976	+	0.83
prodigal	contig_2111	1	2	976	+	0.83
glimmer	contig_2111	2	976	1185	+	1.00
phanotate	contig_2111	2	976	1185	+	1.00
prodigal	contig_2111	2	976	1185	+	1.00
glimmer	contig_2111	3	1175	2032	+	1.00
phanotate	contig_2111	3	1175	2032	+	1.00
prodigal	contig_2111	3	1175	2032	+	1.00
glimmer	contig_2111	4	2026	2352	+	1.00
phanotate	contig_2111	4	2026	2352	+	1.00
prodigal	contig_2111	4	2026	2352	+	1.00
glimmer	contig_2111	5	2352	3005	+	1.00
phanotate	contig_2111	5	2352	3005	+	1.00
prodigal	contig_2111	5	2352	3005	+	1.00
phanotate	contig_2111	6	3002	3439	+	0.83
prodigal	contig_2111	6	3002	3439	+	0.83

Gene-call Consensus Scores:
Caller glimmer average gene-call score: 1.00
Caller phanotate average gene-call score: 0.94
Caller prodigal average gene-call score: 0.94

***************Unique List
Unique gene call 1
  --  Gene No. 1, gene caller: phanotate, leftEnd: 2, rightEnd: 976, strand: +, length: 975, contig: contig_2111, protein: unknown, score1: 0.8333333333333333, score2: 0.0
  --  Gene No. 1, gene caller: prodigal, leftEnd: 2, rightEnd: 976, strand: +, length: 975, contig: contig_2111, protein: unknown, score1: 0.8333333333333333, score2: 0.0
Unique gene call 2
  --  Gene No. 2, gene caller: glimmer, leftEnd: 976, rightEnd: 1185, strand: +, length: 210, contig: contig_2111, protein: unknown, score1: 1.0, score2: 0.0
  --  Gene No. 2, gene caller: phanotate, leftEnd: 976, rightEnd: 1185, strand: +, length: 210, contig: contig_2111, protein: unknown, score1: 1.0, score2: 0.0
  --  Gene No. 2, gene caller: prodigal, leftEnd: 976, rightEnd: 1185, strand: +, length: 210, contig: contig_2111, protein: unknown, score1: 1.0, score2: 0.0
Unique gene call 3
  --  Gene No. 3, gene caller: glimmer, leftEnd: 1175, rightEnd: 2032, strand: +, length: 858, contig: contig_2111, protein: unknown, score1: 1.0, score2: 0.0
  --  Gene No. 3, gene caller: phanotate, leftEnd: 1175, rightEnd: 2032, strand: +, length: 858, contig: contig_2111, protein: unknown, score1: 1.0, score2: 0.0
  --  Gene No. 3, gene caller: prodigal, leftEnd: 1175, rightEnd: 2032, strand: +, length: 858, contig: contig_2111, protein: unknown, score1: 1.0, score2: 0.0
Unique gene call 4
  --  Gene No. 4, gene caller: glimmer, leftEnd: 2026, rightEnd: 2352, strand: +, length: 327, contig: contig_2111, protein: unknown, score1: 1.0, score2: 0.0
  --  Gene No. 4, gene caller: phanotate, leftEnd: 2026, rightEnd: 2352, strand: +, length: 327, contig: contig_2111, protein: unknown, score1: 1.0, score2: 0.0
  --  Gene No. 4, gene caller: prodigal, leftEnd: 2026, rightEnd: 2352, strand: +, length: 327, contig: contig_2111, protein: unknown, score1: 1.0, score2: 0.0
Unique gene call 5
  --  Gene No. 5, gene caller: glimmer, leftEnd: 2352, rightEnd: 3005, strand: +, length: 654, contig: contig_2111, protein: unknown, score1: 1.0, score2: 0.0
  --  Gene No. 5, gene caller: phanotate, leftEnd: 2352, rightEnd: 3005, strand: +, length: 654, contig: contig_2111, protein: unknown, score1: 1.0, score2: 0.0
  --  Gene No. 5, gene caller: prodigal, leftEnd: 2352, rightEnd: 3005, strand: +, length: 654, contig: contig_2111, protein: unknown, score1: 1.0, score2: 0.0
Unique gene call 6
  --  Gene No. 6, gene caller: phanotate, leftEnd: 3002, rightEnd: 3439, strand: +, length: 438, contig: contig_2111, protein: unknown, score1: 0.8333333333333333, score2: 0.0
  --  Gene No. 6, gene caller: prodigal, leftEnd: 3002, rightEnd: 3439, strand: +, length: 438, contig: contig_2111, protein: unknown, score1: 0.8333333333333333, score2: 0.0
Code complete at 2021-04-21 09:36:17.305390
