Opening log at 2021-04-21 09:43:13.222603
Iterating through fileSet at 2021-04-21 09:43:13.222794
fileSet is ['/home/james/Software/multiPhATE2/PipelineOutput/contig_3004/commoncore.cgc', '/home/james/Software/multiPhATE2/PipelineOutput/contig_3004/consensus.cgc', '/home/james/Software/multiPhATE2/PipelineOutput/contig_3004/glimmer.cgc', '/home/james/Software/multiPhATE2/PipelineOutput/contig_3004/phanotate.cgc', '/home/james/Software/multiPhATE2/PipelineOutput/contig_3004/prodigal.cgc', '/home/james/Software/multiPhATE2/PipelineOutput/contig_3004/superset.cgc']
Opening geneFile /home/james/Software/multiPhATE2/PipelineOutput/contig_3004/commoncore.cgc
Adding calls from geneFile /home/james/Software/multiPhATE2/PipelineOutput/contig_3004/commoncore.cgc
Appending call set  number of calls is: 0
Opening geneFile /home/james/Software/multiPhATE2/PipelineOutput/contig_3004/consensus.cgc
Adding calls from geneFile /home/james/Software/multiPhATE2/PipelineOutput/contig_3004/consensus.cgc
Appending call set  number of calls is: 0
Opening geneFile /home/james/Software/multiPhATE2/PipelineOutput/contig_3004/glimmer.cgc
Adding calls from geneFile /home/james/Software/multiPhATE2/PipelineOutput/contig_3004/glimmer.cgc
Appending call set  number of calls is: 11
Opening geneFile /home/james/Software/multiPhATE2/PipelineOutput/contig_3004/phanotate.cgc
Adding calls from geneFile /home/james/Software/multiPhATE2/PipelineOutput/contig_3004/phanotate.cgc
Appending call set  number of calls is: 14
Opening geneFile /home/james/Software/multiPhATE2/PipelineOutput/contig_3004/prodigal.cgc
Adding calls from geneFile /home/james/Software/multiPhATE2/PipelineOutput/contig_3004/prodigal.cgc
Appending call set  number of calls is: 13
Opening geneFile /home/james/Software/multiPhATE2/PipelineOutput/contig_3004/superset.cgc
Adding calls from geneFile /home/james/Software/multiPhATE2/PipelineOutput/contig_3004/superset.cgc
Appending call set  number of calls is: 0
All call sets have been added to caller list. Number of call sets in callerList: 6
callerList is   glimmer phanotate prodigal  
Total number of gene calls across callerList call sets is: 38
Sorting gene calls for each caller
Processing a callSet
Before sorting, Length of callerList for caller  is 0
After sorting, Length of callerList for caller  is 0
Processing a callSet
Before sorting, Length of callerList for caller  is 0
After sorting, Length of callerList for caller  is 0
Processing a callSet
Before sorting, Length of callerList for caller glimmer is 11
After sorting, Length of callerList for caller glimmer is 11
Processing a callSet
Before sorting, Length of callerList for caller phanotate is 14
After sorting, Length of callerList for caller phanotate is 14
Processing a callSet
Before sorting, Length of callerList for caller prodigal is 13
After sorting, Length of callerList for caller prodigal is 13
Processing a callSet
Before sorting, Length of callerList for caller  is 0
After sorting, Length of callerList for caller  is 0
callSet processing complete
Comparing across the call sets...
Merging the geneCall sets....
Final merged genes:

***************Merge List
1	Gene No. 1, gene caller: phanotate, leftEnd: 2, rightEnd: 118, strand: +, length: 117, contig: contig_3004, protein: unknown, score1: 1.0, score2: 0.0
2	Gene No. 1, gene caller: prodigal, leftEnd: 2, rightEnd: 118, strand: +, length: 117, contig: contig_3004, protein: unknown, score1: 1.0, score2: 0.0
3	Gene No. 1, gene caller: glimmer, leftEnd: 191, rightEnd: 415, strand: +, length: 225, contig: contig_3004, protein: unknown, score1: 1.0, score2: 0.0
4	Gene No. 2, gene caller: phanotate, leftEnd: 191, rightEnd: 415, strand: +, length: 225, contig: contig_3004, protein: unknown, score1: 1.0, score2: 0.0
5	Gene No. 2, gene caller: prodigal, leftEnd: 191, rightEnd: 415, strand: +, length: 225, contig: contig_3004, protein: unknown, score1: 1.0, score2: 0.0
6	Gene No. 3, gene caller: prodigal, leftEnd: 423, rightEnd: 671, strand: +, length: 249, contig: contig_3004, protein: unknown, score1: 1.0, score2: 0.0
7	Gene No. 3, gene caller: phanotate, leftEnd: 429, rightEnd: 671, strand: +, length: 243, contig: contig_3004, protein: unknown, score1: 1.0, score2: 0.0
8	Gene No. 4, gene caller: phanotate, leftEnd: 707, rightEnd: 844, strand: -, length: 138, contig: contig_3004, protein: unknown, score1: 1.0, score2: 0.0
9	Gene No. 2, gene caller: glimmer, leftEnd: 835, rightEnd: 1047, strand: -, length: 213, contig: contig_3004, protein: unknown, score1: 1.0, score2: 0.0
10	Gene No. 5, gene caller: phanotate, leftEnd: 835, rightEnd: 1047, strand: -, length: 213, contig: contig_3004, protein: unknown, score1: 1.0, score2: 0.0
11	Gene No. 4, gene caller: prodigal, leftEnd: 835, rightEnd: 1047, strand: -, length: 213, contig: contig_3004, protein: unknown, score1: 1.0, score2: 0.0
12	Gene No. 3, gene caller: glimmer, leftEnd: 1100, rightEnd: 1360, strand: -, length: 261, contig: contig_3004, protein: unknown, score1: 1.0, score2: 0.0
13	Gene No. 6, gene caller: phanotate, leftEnd: 1100, rightEnd: 1360, strand: -, length: 261, contig: contig_3004, protein: unknown, score1: 1.0, score2: 0.0
14	Gene No. 5, gene caller: prodigal, leftEnd: 1100, rightEnd: 1360, strand: -, length: 261, contig: contig_3004, protein: unknown, score1: 1.0, score2: 0.0
15	Gene No. 7, gene caller: phanotate, leftEnd: 1357, rightEnd: 1953, strand: -, length: 597, contig: contig_3004, protein: unknown, score1: 1.0, score2: 0.0
16	Gene No. 4, gene caller: glimmer, leftEnd: 1357, rightEnd: 1959, strand: -, length: 603, contig: contig_3004, protein: unknown, score1: 1.0, score2: 0.0
17	Gene No. 6, gene caller: prodigal, leftEnd: 1357, rightEnd: 1959, strand: -, length: 603, contig: contig_3004, protein: unknown, score1: 1.0, score2: 0.0
18	Gene No. 5, gene caller: glimmer, leftEnd: 1967, rightEnd: 2191, strand: -, length: 225, contig: contig_3004, protein: unknown, score1: 1.0, score2: 0.0
19	Gene No. 8, gene caller: phanotate, leftEnd: 1967, rightEnd: 2191, strand: -, length: 225, contig: contig_3004, protein: unknown, score1: 1.0, score2: 0.0
20	Gene No. 7, gene caller: prodigal, leftEnd: 1967, rightEnd: 2191, strand: -, length: 225, contig: contig_3004, protein: unknown, score1: 1.0, score2: 0.0
21	Gene No. 6, gene caller: glimmer, leftEnd: 2264, rightEnd: 2644, strand: -, length: 381, contig: contig_3004, protein: unknown, score1: 1.0, score2: 0.0
22	Gene No. 9, gene caller: phanotate, leftEnd: 2264, rightEnd: 2644, strand: -, length: 381, contig: contig_3004, protein: unknown, score1: 1.0, score2: 0.0
23	Gene No. 8, gene caller: prodigal, leftEnd: 2264, rightEnd: 2644, strand: -, length: 381, contig: contig_3004, protein: unknown, score1: 1.0, score2: 0.0
24	Gene No. 10, gene caller: phanotate, leftEnd: 2660, rightEnd: 3298, strand: -, length: 639, contig: contig_3004, protein: unknown, score1: 1.0, score2: 0.0
25	Gene No. 7, gene caller: glimmer, leftEnd: 2660, rightEnd: 3331, strand: -, length: 672, contig: contig_3004, protein: unknown, score1: 1.0, score2: 0.0
26	Gene No. 9, gene caller: prodigal, leftEnd: 2660, rightEnd: 3331, strand: -, length: 672, contig: contig_3004, protein: unknown, score1: 1.0, score2: 0.0
27	Gene No. 8, gene caller: glimmer, leftEnd: 3454, rightEnd: 4155, strand: -, length: 702, contig: contig_3004, protein: unknown, score1: 1.0, score2: 0.0
28	Gene No. 11, gene caller: phanotate, leftEnd: 3454, rightEnd: 4155, strand: -, length: 702, contig: contig_3004, protein: unknown, score1: 1.0, score2: 0.0
29	Gene No. 10, gene caller: prodigal, leftEnd: 3454, rightEnd: 4155, strand: -, length: 702, contig: contig_3004, protein: unknown, score1: 1.0, score2: 0.0
30	Gene No. 9, gene caller: glimmer, leftEnd: 4147, rightEnd: 4710, strand: +, length: 564, contig: contig_3004, protein: unknown, score1: 1.0, score2: 0.0
31	Gene No. 12, gene caller: phanotate, leftEnd: 4231, rightEnd: 4710, strand: +, length: 480, contig: contig_3004, protein: unknown, score1: 1.0, score2: 0.0
32	Gene No. 11, gene caller: prodigal, leftEnd: 4231, rightEnd: 4710, strand: +, length: 480, contig: contig_3004, protein: unknown, score1: 1.0, score2: 0.0
33	Gene No. 10, gene caller: glimmer, leftEnd: 4703, rightEnd: 5170, strand: +, length: 468, contig: contig_3004, protein: unknown, score1: 1.0, score2: 0.0
34	Gene No. 13, gene caller: phanotate, leftEnd: 4703, rightEnd: 5170, strand: +, length: 468, contig: contig_3004, protein: unknown, score1: 1.0, score2: 0.0
35	Gene No. 12, gene caller: prodigal, leftEnd: 4703, rightEnd: 5170, strand: +, length: 468, contig: contig_3004, protein: unknown, score1: 1.0, score2: 0.0
36	Gene No. 11, gene caller: glimmer, leftEnd: 5193, rightEnd: 5573, strand: +, length: 381, contig: contig_3004, protein: unknown, score1: 1.0, score2: 0.0
37	Gene No. 14, gene caller: phanotate, leftEnd: 5193, rightEnd: 5573, strand: +, length: 381, contig: contig_3004, protein: unknown, score1: 1.0, score2: 0.0
38	Gene No. 13, gene caller: prodigal, leftEnd: 5193, rightEnd: 5573, strand: +, length: 381, contig: contig_3004, protein: unknown, score1: 1.0, score2: 0.0
Comparing across geneCall sets....
Scoring gene calls....
Identifying common core...
This is the Common Core List:

***************Common Core
CC-gene 1	Gene No. 1, gene caller: All_callers, leftEnd: 191, rightEnd: 415, strand: +, length: 225, contig: contig_3004, protein: unknown, score1: 1.0, score2: 0.0
CC-gene 2	Gene No. 1, gene caller: All_callers, leftEnd: 835, rightEnd: 1047, strand: -, length: 213, contig: contig_3004, protein: unknown, score1: 1.0, score2: 0.0
CC-gene 3	Gene No. 1, gene caller: All_callers, leftEnd: 1100, rightEnd: 1360, strand: -, length: 261, contig: contig_3004, protein: unknown, score1: 1.0, score2: 0.0
CC-gene 4	Gene No. 1, gene caller: All_callers, leftEnd: 1967, rightEnd: 2191, strand: -, length: 225, contig: contig_3004, protein: unknown, score1: 1.0, score2: 0.0
CC-gene 5	Gene No. 1, gene caller: All_callers, leftEnd: 2264, rightEnd: 2644, strand: -, length: 381, contig: contig_3004, protein: unknown, score1: 1.0, score2: 0.0
CC-gene 6	Gene No. 1, gene caller: All_callers, leftEnd: 3454, rightEnd: 4155, strand: -, length: 702, contig: contig_3004, protein: unknown, score1: 1.0, score2: 0.0
CC-gene 7	Gene No. 1, gene caller: All_callers, leftEnd: 4703, rightEnd: 5170, strand: +, length: 468, contig: contig_3004, protein: unknown, score1: 1.0, score2: 0.0
CC-gene 8	Gene No. 1, gene caller: All_callers, leftEnd: 5193, rightEnd: 5573, strand: +, length: 381, contig: contig_3004, protein: unknown, score1: 1.0, score2: 0.0
Printing gene-call superset, consensus, and common_core in GFF and CGC formats
Printing report....
The following gene callers were considered: glimmer, phanotate, prodigal, The number of distinct gene calls over all gene callers is 18
The number of gene calls in common among all callers is 8
The number of unique (non-matching) gene calls is6
Caller glimmer produced 11 gene calls.
Caller glimmer gene-call length stats:  min: 213, max: 702, ave: 426.8181818181818
Caller phanotate produced 14 gene calls.
Caller phanotate gene-call length stats:  min: 117, max: 702, ave: 362.14285714285717
Caller prodigal produced 13 gene calls.
Caller prodigal gene-call length stats:  min: 117, max: 702, ave: 382.84615384615387

Gene-call Scores:
Caller	Contig	Gene No.	Left End	Right End	Strand	gcScore
phanotate	contig_3004	1	2	118	+	0.83
prodigal	contig_3004	1	2	118	+	0.83
glimmer	contig_3004	1	191	415	+	1.00
phanotate	contig_3004	2	191	415	+	1.00
prodigal	contig_3004	2	191	415	+	1.00
prodigal	contig_3004	3	423	671	+	0.50
phanotate	contig_3004	3	429	671	+	0.50
phanotate	contig_3004	4	707	844	-	0.33
glimmer	contig_3004	2	835	1047	-	1.00
phanotate	contig_3004	5	835	1047	-	1.00
prodigal	contig_3004	4	835	1047	-	1.00
glimmer	contig_3004	3	1100	1360	-	1.00
phanotate	contig_3004	6	1100	1360	-	1.00
prodigal	contig_3004	5	1100	1360	-	1.00
phanotate	contig_3004	7	1357	1953	-	0.50
glimmer	contig_3004	4	1357	1959	-	0.83
prodigal	contig_3004	6	1357	1959	-	0.83
glimmer	contig_3004	5	1967	2191	-	1.00
phanotate	contig_3004	8	1967	2191	-	1.00
prodigal	contig_3004	7	1967	2191	-	1.00
glimmer	contig_3004	6	2264	2644	-	1.00
phanotate	contig_3004	9	2264	2644	-	1.00
prodigal	contig_3004	8	2264	2644	-	1.00
phanotate	contig_3004	10	2660	3298	-	0.50
glimmer	contig_3004	7	2660	3331	-	0.83
prodigal	contig_3004	9	2660	3331	-	0.83
glimmer	contig_3004	8	3454	4155	-	1.00
phanotate	contig_3004	11	3454	4155	-	1.00
prodigal	contig_3004	10	3454	4155	-	1.00
glimmer	contig_3004	9	4147	4710	+	0.50
phanotate	contig_3004	12	4231	4710	+	0.83
prodigal	contig_3004	11	4231	4710	+	0.83
glimmer	contig_3004	10	4703	5170	+	1.00
phanotate	contig_3004	13	4703	5170	+	1.00
prodigal	contig_3004	12	4703	5170	+	1.00
glimmer	contig_3004	11	5193	5573	+	1.00
phanotate	contig_3004	14	5193	5573	+	1.00
prodigal	contig_3004	13	5193	5573	+	1.00

Gene-call Consensus Scores:
Caller glimmer average gene-call score: 0.92
Caller phanotate average gene-call score: 0.82
Caller prodigal average gene-call score: 0.91

***************Unique List
Unique gene call 1
  --  Gene No. 1, gene caller: phanotate, leftEnd: 2, rightEnd: 118, strand: +, length: 117, contig: contig_3004, protein: unknown, score1: 0.8333333333333333, score2: 0.0
  --  Gene No. 1, gene caller: prodigal, leftEnd: 2, rightEnd: 118, strand: +, length: 117, contig: contig_3004, protein: unknown, score1: 0.8333333333333333, score2: 0.0
Unique gene call 2
  --  Gene No. 1, gene caller: glimmer, leftEnd: 191, rightEnd: 415, strand: +, length: 225, contig: contig_3004, protein: unknown, score1: 1.0, score2: 0.0
  --  Gene No. 2, gene caller: phanotate, leftEnd: 191, rightEnd: 415, strand: +, length: 225, contig: contig_3004, protein: unknown, score1: 1.0, score2: 0.0
  --  Gene No. 2, gene caller: prodigal, leftEnd: 191, rightEnd: 415, strand: +, length: 225, contig: contig_3004, protein: unknown, score1: 1.0, score2: 0.0
Unique gene call 3
  --  Gene No. 3, gene caller: prodigal, leftEnd: 423, rightEnd: 671, strand: +, length: 249, contig: contig_3004, protein: unknown, score1: 0.5, score2: 0.0
Unique gene call 4
  --  Gene No. 3, gene caller: phanotate, leftEnd: 429, rightEnd: 671, strand: +, length: 243, contig: contig_3004, protein: unknown, score1: 0.5, score2: 0.0
Unique gene call 5
  --  Gene No. 4, gene caller: phanotate, leftEnd: 707, rightEnd: 844, strand: -, length: 138, contig: contig_3004, protein: unknown, score1: 0.3333333333333333, score2: 0.0
Unique gene call 6
  --  Gene No. 2, gene caller: glimmer, leftEnd: 835, rightEnd: 1047, strand: -, length: 213, contig: contig_3004, protein: unknown, score1: 1.0, score2: 0.0
  --  Gene No. 5, gene caller: phanotate, leftEnd: 835, rightEnd: 1047, strand: -, length: 213, contig: contig_3004, protein: unknown, score1: 1.0, score2: 0.0
  --  Gene No. 4, gene caller: prodigal, leftEnd: 835, rightEnd: 1047, strand: -, length: 213, contig: contig_3004, protein: unknown, score1: 1.0, score2: 0.0
Unique gene call 7
  --  Gene No. 3, gene caller: glimmer, leftEnd: 1100, rightEnd: 1360, strand: -, length: 261, contig: contig_3004, protein: unknown, score1: 1.0, score2: 0.0
  --  Gene No. 6, gene caller: phanotate, leftEnd: 1100, rightEnd: 1360, strand: -, length: 261, contig: contig_3004, protein: unknown, score1: 1.0, score2: 0.0
  --  Gene No. 5, gene caller: prodigal, leftEnd: 1100, rightEnd: 1360, strand: -, length: 261, contig: contig_3004, protein: unknown, score1: 1.0, score2: 0.0
Unique gene call 8
  --  Gene No. 7, gene caller: phanotate, leftEnd: 1357, rightEnd: 1953, strand: -, length: 597, contig: contig_3004, protein: unknown, score1: 0.5, score2: 0.0
Unique gene call 9
  --  Gene No. 4, gene caller: glimmer, leftEnd: 1357, rightEnd: 1959, strand: -, length: 603, contig: contig_3004, protein: unknown, score1: 0.8333333333333333, score2: 0.0
  --  Gene No. 6, gene caller: prodigal, leftEnd: 1357, rightEnd: 1959, strand: -, length: 603, contig: contig_3004, protein: unknown, score1: 0.8333333333333333, score2: 0.0
Unique gene call 10
  --  Gene No. 5, gene caller: glimmer, leftEnd: 1967, rightEnd: 2191, strand: -, length: 225, contig: contig_3004, protein: unknown, score1: 1.0, score2: 0.0
  --  Gene No. 8, gene caller: phanotate, leftEnd: 1967, rightEnd: 2191, strand: -, length: 225, contig: contig_3004, protein: unknown, score1: 1.0, score2: 0.0
  --  Gene No. 7, gene caller: prodigal, leftEnd: 1967, rightEnd: 2191, strand: -, length: 225, contig: contig_3004, protein: unknown, score1: 1.0, score2: 0.0
Unique gene call 11
  --  Gene No. 6, gene caller: glimmer, leftEnd: 2264, rightEnd: 2644, strand: -, length: 381, contig: contig_3004, protein: unknown, score1: 1.0, score2: 0.0
  --  Gene No. 9, gene caller: phanotate, leftEnd: 2264, rightEnd: 2644, strand: -, length: 381, contig: contig_3004, protein: unknown, score1: 1.0, score2: 0.0
  --  Gene No. 8, gene caller: prodigal, leftEnd: 2264, rightEnd: 2644, strand: -, length: 381, contig: contig_3004, protein: unknown, score1: 1.0, score2: 0.0
Unique gene call 12
  --  Gene No. 10, gene caller: phanotate, leftEnd: 2660, rightEnd: 3298, strand: -, length: 639, contig: contig_3004, protein: unknown, score1: 0.5, score2: 0.0
Unique gene call 13
  --  Gene No. 7, gene caller: glimmer, leftEnd: 2660, rightEnd: 3331, strand: -, length: 672, contig: contig_3004, protein: unknown, score1: 0.8333333333333333, score2: 0.0
  --  Gene No. 9, gene caller: prodigal, leftEnd: 2660, rightEnd: 3331, strand: -, length: 672, contig: contig_3004, protein: unknown, score1: 0.8333333333333333, score2: 0.0
Unique gene call 14
  --  Gene No. 8, gene caller: glimmer, leftEnd: 3454, rightEnd: 4155, strand: -, length: 702, contig: contig_3004, protein: unknown, score1: 1.0, score2: 0.0
  --  Gene No. 11, gene caller: phanotate, leftEnd: 3454, rightEnd: 4155, strand: -, length: 702, contig: contig_3004, protein: unknown, score1: 1.0, score2: 0.0
  --  Gene No. 10, gene caller: prodigal, leftEnd: 3454, rightEnd: 4155, strand: -, length: 702, contig: contig_3004, protein: unknown, score1: 1.0, score2: 0.0
Unique gene call 15
  --  Gene No. 9, gene caller: glimmer, leftEnd: 4147, rightEnd: 4710, strand: +, length: 564, contig: contig_3004, protein: unknown, score1: 0.5, score2: 0.0
Unique gene call 16
  --  Gene No. 12, gene caller: phanotate, leftEnd: 4231, rightEnd: 4710, strand: +, length: 480, contig: contig_3004, protein: unknown, score1: 0.8333333333333333, score2: 0.0
  --  Gene No. 11, gene caller: prodigal, leftEnd: 4231, rightEnd: 4710, strand: +, length: 480, contig: contig_3004, protein: unknown, score1: 0.8333333333333333, score2: 0.0
Unique gene call 17
  --  Gene No. 10, gene caller: glimmer, leftEnd: 4703, rightEnd: 5170, strand: +, length: 468, contig: contig_3004, protein: unknown, score1: 1.0, score2: 0.0
  --  Gene No. 13, gene caller: phanotate, leftEnd: 4703, rightEnd: 5170, strand: +, length: 468, contig: contig_3004, protein: unknown, score1: 1.0, score2: 0.0
  --  Gene No. 12, gene caller: prodigal, leftEnd: 4703, rightEnd: 5170, strand: +, length: 468, contig: contig_3004, protein: unknown, score1: 1.0, score2: 0.0
Unique gene call 18
  --  Gene No. 11, gene caller: glimmer, leftEnd: 5193, rightEnd: 5573, strand: +, length: 381, contig: contig_3004, protein: unknown, score1: 1.0, score2: 0.0
  --  Gene No. 14, gene caller: phanotate, leftEnd: 5193, rightEnd: 5573, strand: +, length: 381, contig: contig_3004, protein: unknown, score1: 1.0, score2: 0.0
  --  Gene No. 13, gene caller: prodigal, leftEnd: 5193, rightEnd: 5573, strand: +, length: 381, contig: contig_3004, protein: unknown, score1: 1.0, score2: 0.0
Code complete at 2021-04-21 09:43:13.231188
