Opening log at 2021-04-21 09:48:45.932393
Iterating through fileSet at 2021-04-21 09:48:45.932518
fileSet is ['/home/james/Software/multiPhATE2/PipelineOutput/circular_pair_575/commoncore.cgc', '/home/james/Software/multiPhATE2/PipelineOutput/circular_pair_575/consensus.cgc', '/home/james/Software/multiPhATE2/PipelineOutput/circular_pair_575/glimmer.cgc', '/home/james/Software/multiPhATE2/PipelineOutput/circular_pair_575/phanotate.cgc', '/home/james/Software/multiPhATE2/PipelineOutput/circular_pair_575/prodigal.cgc', '/home/james/Software/multiPhATE2/PipelineOutput/circular_pair_575/superset.cgc']
Opening geneFile /home/james/Software/multiPhATE2/PipelineOutput/circular_pair_575/commoncore.cgc
Adding calls from geneFile /home/james/Software/multiPhATE2/PipelineOutput/circular_pair_575/commoncore.cgc
Appending call set  number of calls is: 0
Opening geneFile /home/james/Software/multiPhATE2/PipelineOutput/circular_pair_575/consensus.cgc
Adding calls from geneFile /home/james/Software/multiPhATE2/PipelineOutput/circular_pair_575/consensus.cgc
Appending call set  number of calls is: 0
Opening geneFile /home/james/Software/multiPhATE2/PipelineOutput/circular_pair_575/glimmer.cgc
Adding calls from geneFile /home/james/Software/multiPhATE2/PipelineOutput/circular_pair_575/glimmer.cgc
Appending call set  number of calls is: 11
Opening geneFile /home/james/Software/multiPhATE2/PipelineOutput/circular_pair_575/phanotate.cgc
Adding calls from geneFile /home/james/Software/multiPhATE2/PipelineOutput/circular_pair_575/phanotate.cgc
Appending call set  number of calls is: 27
Opening geneFile /home/james/Software/multiPhATE2/PipelineOutput/circular_pair_575/prodigal.cgc
Adding calls from geneFile /home/james/Software/multiPhATE2/PipelineOutput/circular_pair_575/prodigal.cgc
Appending call set  number of calls is: 1
Opening geneFile /home/james/Software/multiPhATE2/PipelineOutput/circular_pair_575/superset.cgc
Adding calls from geneFile /home/james/Software/multiPhATE2/PipelineOutput/circular_pair_575/superset.cgc
Appending call set  number of calls is: 0
All call sets have been added to caller list. Number of call sets in callerList: 6
callerList is   glimmer phanotate prodigal  
Total number of gene calls across callerList call sets is: 39
Sorting gene calls for each caller
Processing a callSet
Before sorting, Length of callerList for caller  is 0
After sorting, Length of callerList for caller  is 0
Processing a callSet
Before sorting, Length of callerList for caller  is 0
After sorting, Length of callerList for caller  is 0
Processing a callSet
Before sorting, Length of callerList for caller glimmer is 11
After sorting, Length of callerList for caller glimmer is 11
Processing a callSet
Before sorting, Length of callerList for caller phanotate is 27
After sorting, Length of callerList for caller phanotate is 27
Processing a callSet
Before sorting, Length of callerList for caller prodigal is 1
After sorting, Length of callerList for caller prodigal is 1
Processing a callSet
Before sorting, Length of callerList for caller  is 0
After sorting, Length of callerList for caller  is 0
callSet processing complete
Comparing across the call sets...
Merging the geneCall sets....
Final merged genes:

***************Merge List
1	Gene No. 1, gene caller: phanotate, leftEnd: 438, rightEnd: 551, strand: -, length: 114, contig: circular_pair_575, protein: unknown, score1: 1.0, score2: 0.0
2	Gene No. 1, gene caller: glimmer, leftEnd: 521, rightEnd: 658, strand: +, length: 138, contig: circular_pair_575, protein: unknown, score1: 1.0, score2: 0.0
3	Gene No. 2, gene caller: phanotate, leftEnd: 583, rightEnd: 687, strand: -, length: 105, contig: circular_pair_575, protein: unknown, score1: 1.0, score2: 0.0
4	Gene No. 3, gene caller: phanotate, leftEnd: 659, rightEnd: 769, strand: -, length: 111, contig: circular_pair_575, protein: unknown, score1: 1.0, score2: 0.0
5	Gene No. 2, gene caller: glimmer, leftEnd: 675, rightEnd: 905, strand: +, length: 231, contig: circular_pair_575, protein: unknown, score1: 1.0, score2: 0.0
6	Gene No. 4, gene caller: phanotate, leftEnd: 823, rightEnd: 924, strand: +, length: 102, contig: circular_pair_575, protein: unknown, score1: 1.0, score2: 0.0
7	Gene No. 5, gene caller: phanotate, leftEnd: 988, rightEnd: 1122, strand: +, length: 135, contig: circular_pair_575, protein: unknown, score1: 1.0, score2: 0.0
8	Gene No. 6, gene caller: phanotate, leftEnd: 1159, rightEnd: 1281, strand: +, length: 123, contig: circular_pair_575, protein: unknown, score1: 1.0, score2: 0.0
9	Gene No. 7, gene caller: phanotate, leftEnd: 1242, rightEnd: 1343, strand: +, length: 102, contig: circular_pair_575, protein: unknown, score1: 1.0, score2: 0.0
10	Gene No. 3, gene caller: glimmer, leftEnd: 1297, rightEnd: 1500, strand: -, length: 204, contig: circular_pair_575, protein: unknown, score1: 1.0, score2: 0.0
11	Gene No. 8, gene caller: phanotate, leftEnd: 1417, rightEnd: 1572, strand: +, length: 156, contig: circular_pair_575, protein: unknown, score1: 1.0, score2: 0.0
12	Gene No. 9, gene caller: phanotate, leftEnd: 1712, rightEnd: 1801, strand: +, length: 90, contig: circular_pair_575, protein: unknown, score1: 1.0, score2: 0.0
13	Gene No. 10, gene caller: phanotate, leftEnd: 1849, rightEnd: 2070, strand: +, length: 222, contig: circular_pair_575, protein: unknown, score1: 1.0, score2: 0.0
14	Gene No. 11, gene caller: phanotate, leftEnd: 2139, rightEnd: 2351, strand: +, length: 213, contig: circular_pair_575, protein: unknown, score1: 1.0, score2: 0.0
15	Gene No. 12, gene caller: phanotate, leftEnd: 2367, rightEnd: 2480, strand: +, length: 114, contig: circular_pair_575, protein: unknown, score1: 1.0, score2: 0.0
16	Gene No. 13, gene caller: phanotate, leftEnd: 2579, rightEnd: 2770, strand: +, length: 192, contig: circular_pair_575, protein: unknown, score1: 1.0, score2: 0.0
17	Gene No. 4, gene caller: glimmer, leftEnd: 2648, rightEnd: 2770, strand: +, length: 123, contig: circular_pair_575, protein: unknown, score1: 1.0, score2: 0.0
18	Gene No. 1, gene caller: prodigal, leftEnd: 2756, rightEnd: 2917, strand: -, length: 162, contig: circular_pair_575, protein: unknown, score1: 1.0, score2: 0.0
19	Gene No. 14, gene caller: phanotate, leftEnd: 2841, rightEnd: 3029, strand: -, length: 189, contig: circular_pair_575, protein: unknown, score1: 1.0, score2: 0.0
20	Gene No. 5, gene caller: glimmer, leftEnd: 2859, rightEnd: 3023, strand: +, length: 165, contig: circular_pair_575, protein: unknown, score1: 1.0, score2: 0.0
21	Gene No. 15, gene caller: phanotate, leftEnd: 3075, rightEnd: 3230, strand: -, length: 156, contig: circular_pair_575, protein: unknown, score1: 1.0, score2: 0.0
22	Gene No. 16, gene caller: phanotate, leftEnd: 3265, rightEnd: 3390, strand: -, length: 126, contig: circular_pair_575, protein: unknown, score1: 1.0, score2: 0.0
23	Gene No. 6, gene caller: glimmer, leftEnd: 3430, rightEnd: 3564, strand: +, length: 135, contig: circular_pair_575, protein: unknown, score1: 1.0, score2: 0.0
24	Gene No. 17, gene caller: phanotate, leftEnd: 3490, rightEnd: 3618, strand: -, length: 129, contig: circular_pair_575, protein: unknown, score1: 1.0, score2: 0.0
25	Gene No. 18, gene caller: phanotate, leftEnd: 3700, rightEnd: 3867, strand: -, length: 168, contig: circular_pair_575, protein: unknown, score1: 1.0, score2: 0.0
26	Gene No. 7, gene caller: glimmer, leftEnd: 3818, rightEnd: 4174, strand: +, length: 357, contig: circular_pair_575, protein: unknown, score1: 1.0, score2: 0.0
27	Gene No. 19, gene caller: phanotate, leftEnd: 3845, rightEnd: 4174, strand: +, length: 330, contig: circular_pair_575, protein: unknown, score1: 1.0, score2: 0.0
28	Gene No. 20, gene caller: phanotate, leftEnd: 4274, rightEnd: 4375, strand: +, length: 102, contig: circular_pair_575, protein: unknown, score1: 1.0, score2: 0.0
29	Gene No. 21, gene caller: phanotate, leftEnd: 4344, rightEnd: 4502, strand: +, length: 159, contig: circular_pair_575, protein: unknown, score1: 1.0, score2: 0.0
30	Gene No. 8, gene caller: glimmer, leftEnd: 4492, rightEnd: 4677, strand: +, length: 186, contig: circular_pair_575, protein: unknown, score1: 1.0, score2: 0.0
31	Gene No. 22, gene caller: phanotate, leftEnd: 4492, rightEnd: 4677, strand: +, length: 186, contig: circular_pair_575, protein: unknown, score1: 1.0, score2: 0.0
32	Gene No. 9, gene caller: glimmer, leftEnd: 4740, rightEnd: 4943, strand: -, length: 204, contig: circular_pair_575, protein: unknown, score1: 1.0, score2: 0.0
33	Gene No. 23, gene caller: phanotate, leftEnd: 4740, rightEnd: 4943, strand: -, length: 204, contig: circular_pair_575, protein: unknown, score1: 1.0, score2: 0.0
34	Gene No. 10, gene caller: glimmer, leftEnd: 4968, rightEnd: 5240, strand: -, length: 273, contig: circular_pair_575, protein: unknown, score1: 1.0, score2: 0.0
35	Gene No. 24, gene caller: phanotate, leftEnd: 4997, rightEnd: 5125, strand: -, length: 129, contig: circular_pair_575, protein: unknown, score1: 1.0, score2: 0.0
36	Gene No. 25, gene caller: phanotate, leftEnd: 5125, rightEnd: 5298, strand: -, length: 174, contig: circular_pair_575, protein: unknown, score1: 1.0, score2: 0.0
37	Gene No. 11, gene caller: glimmer, leftEnd: 5496, rightEnd: 5690, strand: +, length: 195, contig: circular_pair_575, protein: unknown, score1: 1.0, score2: 0.0
38	Gene No. 26, gene caller: phanotate, leftEnd: 5499, rightEnd: 5627, strand: -, length: 129, contig: circular_pair_575, protein: unknown, score1: 1.0, score2: 0.0
39	Gene No. 27, gene caller: phanotate, leftEnd: 5692, rightEnd: 5835, strand: +, length: 144, contig: circular_pair_575, protein: unknown, score1: 1.0, score2: 0.0
Comparing across geneCall sets....
Scoring gene calls....
Identifying common core...
This is the Common Core List:

***************Common Core
Printing gene-call superset, consensus, and common_core in GFF and CGC formats
Printing report....
The following gene callers were considered: glimmer, phanotate, prodigal, The number of distinct gene calls over all gene callers is 37
The number of gene calls in common among all callers is 0
The number of unique (non-matching) gene calls is35
Caller glimmer produced 11 gene calls.
Caller glimmer gene-call length stats:  min: 123, max: 357, ave: 201.0
Caller phanotate produced 27 gene calls.
Caller phanotate gene-call length stats:  min: 90, max: 330, ave: 152.0
Caller prodigal produced 1 gene calls.
Caller prodigal gene-call length stats:  min: 162, max: 162, ave: 162.0

Gene-call Scores:
Caller	Contig	Gene No.	Left End	Right End	Strand	gcScore
phanotate	circular_pair_575	1	438	551	-	0.33
glimmer	circular_pair_575	1	521	658	+	0.33
phanotate	circular_pair_575	2	583	687	-	0.33
phanotate	circular_pair_575	3	659	769	-	0.33
glimmer	circular_pair_575	2	675	905	+	0.33
phanotate	circular_pair_575	4	823	924	+	0.33
phanotate	circular_pair_575	5	988	1122	+	0.33
phanotate	circular_pair_575	6	1159	1281	+	0.33
phanotate	circular_pair_575	7	1242	1343	+	0.33
glimmer	circular_pair_575	3	1297	1500	-	0.33
phanotate	circular_pair_575	8	1417	1572	+	0.33
phanotate	circular_pair_575	9	1712	1801	+	0.33
phanotate	circular_pair_575	10	1849	2070	+	0.33
phanotate	circular_pair_575	11	2139	2351	+	0.33
phanotate	circular_pair_575	12	2367	2480	+	0.33
phanotate	circular_pair_575	13	2579	2770	+	0.50
glimmer	circular_pair_575	4	2648	2770	+	0.50
prodigal	circular_pair_575	1	2756	2917	-	0.33
phanotate	circular_pair_575	14	2841	3029	-	0.33
glimmer	circular_pair_575	5	2859	3023	+	0.33
phanotate	circular_pair_575	15	3075	3230	-	0.33
phanotate	circular_pair_575	16	3265	3390	-	0.33
glimmer	circular_pair_575	6	3430	3564	+	0.33
phanotate	circular_pair_575	17	3490	3618	-	0.33
phanotate	circular_pair_575	18	3700	3867	-	0.33
glimmer	circular_pair_575	7	3818	4174	+	0.50
phanotate	circular_pair_575	19	3845	4174	+	0.50
phanotate	circular_pair_575	20	4274	4375	+	0.33
phanotate	circular_pair_575	21	4344	4502	+	0.33
glimmer	circular_pair_575	8	4492	4677	+	0.83
phanotate	circular_pair_575	22	4492	4677	+	0.83
glimmer	circular_pair_575	9	4740	4943	-	0.83
phanotate	circular_pair_575	23	4740	4943	-	0.83
glimmer	circular_pair_575	10	4968	5240	-	0.33
phanotate	circular_pair_575	24	4997	5125	-	0.33
phanotate	circular_pair_575	25	5125	5298	-	0.33
glimmer	circular_pair_575	11	5496	5690	+	0.33
phanotate	circular_pair_575	26	5499	5627	-	0.33
phanotate	circular_pair_575	27	5692	5835	+	0.33

Gene-call Consensus Scores:
Caller glimmer average gene-call score: 0.45
Caller phanotate average gene-call score: 0.38
Caller prodigal average gene-call score: 0.33

***************Unique List
Unique gene call 1
  --  Gene No. 1, gene caller: phanotate, leftEnd: 438, rightEnd: 551, strand: -, length: 114, contig: circular_pair_575, protein: unknown, score1: 0.3333333333333333, score2: 0.0
Unique gene call 2
  --  Gene No. 1, gene caller: glimmer, leftEnd: 521, rightEnd: 658, strand: +, length: 138, contig: circular_pair_575, protein: unknown, score1: 0.3333333333333333, score2: 0.0
Unique gene call 3
  --  Gene No. 2, gene caller: phanotate, leftEnd: 583, rightEnd: 687, strand: -, length: 105, contig: circular_pair_575, protein: unknown, score1: 0.3333333333333333, score2: 0.0
Unique gene call 4
  --  Gene No. 3, gene caller: phanotate, leftEnd: 659, rightEnd: 769, strand: -, length: 111, contig: circular_pair_575, protein: unknown, score1: 0.3333333333333333, score2: 0.0
Unique gene call 5
  --  Gene No. 2, gene caller: glimmer, leftEnd: 675, rightEnd: 905, strand: +, length: 231, contig: circular_pair_575, protein: unknown, score1: 0.3333333333333333, score2: 0.0
Unique gene call 6
  --  Gene No. 4, gene caller: phanotate, leftEnd: 823, rightEnd: 924, strand: +, length: 102, contig: circular_pair_575, protein: unknown, score1: 0.3333333333333333, score2: 0.0
Unique gene call 7
  --  Gene No. 5, gene caller: phanotate, leftEnd: 988, rightEnd: 1122, strand: +, length: 135, contig: circular_pair_575, protein: unknown, score1: 0.3333333333333333, score2: 0.0
Unique gene call 8
  --  Gene No. 6, gene caller: phanotate, leftEnd: 1159, rightEnd: 1281, strand: +, length: 123, contig: circular_pair_575, protein: unknown, score1: 0.3333333333333333, score2: 0.0
Unique gene call 9
  --  Gene No. 7, gene caller: phanotate, leftEnd: 1242, rightEnd: 1343, strand: +, length: 102, contig: circular_pair_575, protein: unknown, score1: 0.3333333333333333, score2: 0.0
Unique gene call 10
  --  Gene No. 3, gene caller: glimmer, leftEnd: 1297, rightEnd: 1500, strand: -, length: 204, contig: circular_pair_575, protein: unknown, score1: 0.3333333333333333, score2: 0.0
Unique gene call 11
  --  Gene No. 8, gene caller: phanotate, leftEnd: 1417, rightEnd: 1572, strand: +, length: 156, contig: circular_pair_575, protein: unknown, score1: 0.3333333333333333, score2: 0.0
Unique gene call 12
  --  Gene No. 9, gene caller: phanotate, leftEnd: 1712, rightEnd: 1801, strand: +, length: 90, contig: circular_pair_575, protein: unknown, score1: 0.3333333333333333, score2: 0.0
Unique gene call 13
  --  Gene No. 10, gene caller: phanotate, leftEnd: 1849, rightEnd: 2070, strand: +, length: 222, contig: circular_pair_575, protein: unknown, score1: 0.3333333333333333, score2: 0.0
Unique gene call 14
  --  Gene No. 11, gene caller: phanotate, leftEnd: 2139, rightEnd: 2351, strand: +, length: 213, contig: circular_pair_575, protein: unknown, score1: 0.3333333333333333, score2: 0.0
Unique gene call 15
  --  Gene No. 12, gene caller: phanotate, leftEnd: 2367, rightEnd: 2480, strand: +, length: 114, contig: circular_pair_575, protein: unknown, score1: 0.3333333333333333, score2: 0.0
Unique gene call 16
  --  Gene No. 13, gene caller: phanotate, leftEnd: 2579, rightEnd: 2770, strand: +, length: 192, contig: circular_pair_575, protein: unknown, score1: 0.5, score2: 0.0
Unique gene call 17
  --  Gene No. 4, gene caller: glimmer, leftEnd: 2648, rightEnd: 2770, strand: +, length: 123, contig: circular_pair_575, protein: unknown, score1: 0.5, score2: 0.0
Unique gene call 18
  --  Gene No. 1, gene caller: prodigal, leftEnd: 2756, rightEnd: 2917, strand: -, length: 162, contig: circular_pair_575, protein: unknown, score1: 0.3333333333333333, score2: 0.0
Unique gene call 19
  --  Gene No. 14, gene caller: phanotate, leftEnd: 2841, rightEnd: 3029, strand: -, length: 189, contig: circular_pair_575, protein: unknown, score1: 0.3333333333333333, score2: 0.0
Unique gene call 20
  --  Gene No. 5, gene caller: glimmer, leftEnd: 2859, rightEnd: 3023, strand: +, length: 165, contig: circular_pair_575, protein: unknown, score1: 0.3333333333333333, score2: 0.0
Unique gene call 21
  --  Gene No. 15, gene caller: phanotate, leftEnd: 3075, rightEnd: 3230, strand: -, length: 156, contig: circular_pair_575, protein: unknown, score1: 0.3333333333333333, score2: 0.0
Unique gene call 22
  --  Gene No. 16, gene caller: phanotate, leftEnd: 3265, rightEnd: 3390, strand: -, length: 126, contig: circular_pair_575, protein: unknown, score1: 0.3333333333333333, score2: 0.0
Unique gene call 23
  --  Gene No. 6, gene caller: glimmer, leftEnd: 3430, rightEnd: 3564, strand: +, length: 135, contig: circular_pair_575, protein: unknown, score1: 0.3333333333333333, score2: 0.0
Unique gene call 24
  --  Gene No. 17, gene caller: phanotate, leftEnd: 3490, rightEnd: 3618, strand: -, length: 129, contig: circular_pair_575, protein: unknown, score1: 0.3333333333333333, score2: 0.0
Unique gene call 25
  --  Gene No. 18, gene caller: phanotate, leftEnd: 3700, rightEnd: 3867, strand: -, length: 168, contig: circular_pair_575, protein: unknown, score1: 0.3333333333333333, score2: 0.0
Unique gene call 26
  --  Gene No. 7, gene caller: glimmer, leftEnd: 3818, rightEnd: 4174, strand: +, length: 357, contig: circular_pair_575, protein: unknown, score1: 0.5, score2: 0.0
Unique gene call 27
  --  Gene No. 19, gene caller: phanotate, leftEnd: 3845, rightEnd: 4174, strand: +, length: 330, contig: circular_pair_575, protein: unknown, score1: 0.5, score2: 0.0
Unique gene call 28
  --  Gene No. 20, gene caller: phanotate, leftEnd: 4274, rightEnd: 4375, strand: +, length: 102, contig: circular_pair_575, protein: unknown, score1: 0.3333333333333333, score2: 0.0
Unique gene call 29
  --  Gene No. 21, gene caller: phanotate, leftEnd: 4344, rightEnd: 4502, strand: +, length: 159, contig: circular_pair_575, protein: unknown, score1: 0.3333333333333333, score2: 0.0
Unique gene call 30
  --  Gene No. 8, gene caller: glimmer, leftEnd: 4492, rightEnd: 4677, strand: +, length: 186, contig: circular_pair_575, protein: unknown, score1: 0.8333333333333333, score2: 0.0
  --  Gene No. 22, gene caller: phanotate, leftEnd: 4492, rightEnd: 4677, strand: +, length: 186, contig: circular_pair_575, protein: unknown, score1: 0.8333333333333333, score2: 0.0
Unique gene call 31
  --  Gene No. 9, gene caller: glimmer, leftEnd: 4740, rightEnd: 4943, strand: -, length: 204, contig: circular_pair_575, protein: unknown, score1: 0.8333333333333333, score2: 0.0
  --  Gene No. 23, gene caller: phanotate, leftEnd: 4740, rightEnd: 4943, strand: -, length: 204, contig: circular_pair_575, protein: unknown, score1: 0.8333333333333333, score2: 0.0
Unique gene call 32
  --  Gene No. 10, gene caller: glimmer, leftEnd: 4968, rightEnd: 5240, strand: -, length: 273, contig: circular_pair_575, protein: unknown, score1: 0.3333333333333333, score2: 0.0
Unique gene call 33
  --  Gene No. 24, gene caller: phanotate, leftEnd: 4997, rightEnd: 5125, strand: -, length: 129, contig: circular_pair_575, protein: unknown, score1: 0.3333333333333333, score2: 0.0
Unique gene call 34
  --  Gene No. 25, gene caller: phanotate, leftEnd: 5125, rightEnd: 5298, strand: -, length: 174, contig: circular_pair_575, protein: unknown, score1: 0.3333333333333333, score2: 0.0
Unique gene call 35
  --  Gene No. 11, gene caller: glimmer, leftEnd: 5496, rightEnd: 5690, strand: +, length: 195, contig: circular_pair_575, protein: unknown, score1: 0.3333333333333333, score2: 0.0
Unique gene call 36
  --  Gene No. 26, gene caller: phanotate, leftEnd: 5499, rightEnd: 5627, strand: -, length: 129, contig: circular_pair_575, protein: unknown, score1: 0.3333333333333333, score2: 0.0
Unique gene call 37
  --  Gene No. 27, gene caller: phanotate, leftEnd: 5692, rightEnd: 5835, strand: +, length: 144, contig: circular_pair_575, protein: unknown, score1: 0.3333333333333333, score2: 0.0
Code complete at 2021-04-21 09:48:45.937647
