Opening log at 2021-04-21 09:48:00.299844
Iterating through fileSet at 2021-04-21 09:48:00.300018
fileSet is ['/home/james/Software/multiPhATE2/PipelineOutput/contig_937/commoncore.cgc', '/home/james/Software/multiPhATE2/PipelineOutput/contig_937/consensus.cgc', '/home/james/Software/multiPhATE2/PipelineOutput/contig_937/glimmer.cgc', '/home/james/Software/multiPhATE2/PipelineOutput/contig_937/phanotate.cgc', '/home/james/Software/multiPhATE2/PipelineOutput/contig_937/prodigal.cgc', '/home/james/Software/multiPhATE2/PipelineOutput/contig_937/superset.cgc']
Opening geneFile /home/james/Software/multiPhATE2/PipelineOutput/contig_937/commoncore.cgc
Adding calls from geneFile /home/james/Software/multiPhATE2/PipelineOutput/contig_937/commoncore.cgc
Appending call set  number of calls is: 0
Opening geneFile /home/james/Software/multiPhATE2/PipelineOutput/contig_937/consensus.cgc
Adding calls from geneFile /home/james/Software/multiPhATE2/PipelineOutput/contig_937/consensus.cgc
Appending call set  number of calls is: 0
Opening geneFile /home/james/Software/multiPhATE2/PipelineOutput/contig_937/glimmer.cgc
Adding calls from geneFile /home/james/Software/multiPhATE2/PipelineOutput/contig_937/glimmer.cgc
Appending call set  number of calls is: 62
Opening geneFile /home/james/Software/multiPhATE2/PipelineOutput/contig_937/phanotate.cgc
Adding calls from geneFile /home/james/Software/multiPhATE2/PipelineOutput/contig_937/phanotate.cgc
Appending call set  number of calls is: 70
Opening geneFile /home/james/Software/multiPhATE2/PipelineOutput/contig_937/prodigal.cgc
Adding calls from geneFile /home/james/Software/multiPhATE2/PipelineOutput/contig_937/prodigal.cgc
Appending call set  number of calls is: 58
Opening geneFile /home/james/Software/multiPhATE2/PipelineOutput/contig_937/superset.cgc
Adding calls from geneFile /home/james/Software/multiPhATE2/PipelineOutput/contig_937/superset.cgc
Appending call set  number of calls is: 0
All call sets have been added to caller list. Number of call sets in callerList: 6
callerList is   glimmer phanotate prodigal  
Total number of gene calls across callerList call sets is: 190
Sorting gene calls for each caller
Processing a callSet
Before sorting, Length of callerList for caller  is 0
After sorting, Length of callerList for caller  is 0
Processing a callSet
Before sorting, Length of callerList for caller  is 0
After sorting, Length of callerList for caller  is 0
Processing a callSet
Before sorting, Length of callerList for caller glimmer is 62
After sorting, Length of callerList for caller glimmer is 62
Processing a callSet
Before sorting, Length of callerList for caller phanotate is 70
After sorting, Length of callerList for caller phanotate is 70
Processing a callSet
Before sorting, Length of callerList for caller prodigal is 58
After sorting, Length of callerList for caller prodigal is 58
Processing a callSet
Before sorting, Length of callerList for caller  is 0
After sorting, Length of callerList for caller  is 0
callSet processing complete
Comparing across the call sets...
Merging the geneCall sets....
Final merged genes:

***************Merge List
1	Gene No. 1, gene caller: phanotate, leftEnd: 1, rightEnd: 633, strand: -, length: 633, contig: contig_937, protein: unknown, score1: 1.0, score2: 0.0
2	Gene No. 1, gene caller: prodigal, leftEnd: 1, rightEnd: 633, strand: -, length: 633, contig: contig_937, protein: unknown, score1: 1.0, score2: 0.0
3	Gene No. 1, gene caller: glimmer, leftEnd: 634, rightEnd: 1155, strand: -, length: 522, contig: contig_937, protein: unknown, score1: 1.0, score2: 0.0
4	Gene No. 2, gene caller: phanotate, leftEnd: 634, rightEnd: 1155, strand: -, length: 522, contig: contig_937, protein: unknown, score1: 1.0, score2: 0.0
5	Gene No. 2, gene caller: prodigal, leftEnd: 634, rightEnd: 1155, strand: -, length: 522, contig: contig_937, protein: unknown, score1: 1.0, score2: 0.0
6	Gene No. 2, gene caller: glimmer, leftEnd: 1175, rightEnd: 1543, strand: -, length: 369, contig: contig_937, protein: unknown, score1: 1.0, score2: 0.0
7	Gene No. 3, gene caller: phanotate, leftEnd: 1175, rightEnd: 1543, strand: -, length: 369, contig: contig_937, protein: unknown, score1: 1.0, score2: 0.0
8	Gene No. 3, gene caller: prodigal, leftEnd: 1175, rightEnd: 1543, strand: -, length: 369, contig: contig_937, protein: unknown, score1: 1.0, score2: 0.0
9	Gene No. 3, gene caller: glimmer, leftEnd: 1564, rightEnd: 3081, strand: -, length: 1518, contig: contig_937, protein: unknown, score1: 1.0, score2: 0.0
10	Gene No. 4, gene caller: phanotate, leftEnd: 1564, rightEnd: 3081, strand: -, length: 1518, contig: contig_937, protein: unknown, score1: 1.0, score2: 0.0
11	Gene No. 4, gene caller: prodigal, leftEnd: 1564, rightEnd: 3081, strand: -, length: 1518, contig: contig_937, protein: unknown, score1: 1.0, score2: 0.0
12	Gene No. 4, gene caller: glimmer, leftEnd: 3085, rightEnd: 3309, strand: -, length: 225, contig: contig_937, protein: unknown, score1: 1.0, score2: 0.0
13	Gene No. 5, gene caller: prodigal, leftEnd: 3085, rightEnd: 3309, strand: -, length: 225, contig: contig_937, protein: unknown, score1: 1.0, score2: 0.0
14	Gene No. 5, gene caller: phanotate, leftEnd: 3085, rightEnd: 3387, strand: -, length: 303, contig: contig_937, protein: unknown, score1: 1.0, score2: 0.0
15	Gene No. 5, gene caller: glimmer, leftEnd: 3350, rightEnd: 3859, strand: -, length: 510, contig: contig_937, protein: unknown, score1: 1.0, score2: 0.0
16	Gene No. 6, gene caller: phanotate, leftEnd: 3350, rightEnd: 3859, strand: -, length: 510, contig: contig_937, protein: unknown, score1: 1.0, score2: 0.0
17	Gene No. 6, gene caller: prodigal, leftEnd: 3350, rightEnd: 3859, strand: -, length: 510, contig: contig_937, protein: unknown, score1: 1.0, score2: 0.0
18	Gene No. 6, gene caller: glimmer, leftEnd: 3872, rightEnd: 4177, strand: -, length: 306, contig: contig_937, protein: unknown, score1: 1.0, score2: 0.0
19	Gene No. 7, gene caller: phanotate, leftEnd: 3872, rightEnd: 4177, strand: -, length: 306, contig: contig_937, protein: unknown, score1: 1.0, score2: 0.0
20	Gene No. 7, gene caller: prodigal, leftEnd: 3872, rightEnd: 4177, strand: -, length: 306, contig: contig_937, protein: unknown, score1: 1.0, score2: 0.0
21	Gene No. 7, gene caller: glimmer, leftEnd: 4174, rightEnd: 4653, strand: -, length: 480, contig: contig_937, protein: unknown, score1: 1.0, score2: 0.0
22	Gene No. 8, gene caller: phanotate, leftEnd: 4174, rightEnd: 4698, strand: -, length: 525, contig: contig_937, protein: unknown, score1: 1.0, score2: 0.0
23	Gene No. 8, gene caller: prodigal, leftEnd: 4174, rightEnd: 4698, strand: -, length: 525, contig: contig_937, protein: unknown, score1: 1.0, score2: 0.0
24	Gene No. 9, gene caller: phanotate, leftEnd: 4719, rightEnd: 4835, strand: -, length: 117, contig: contig_937, protein: unknown, score1: 1.0, score2: 0.0
25	Gene No. 8, gene caller: glimmer, leftEnd: 4829, rightEnd: 5026, strand: +, length: 198, contig: contig_937, protein: unknown, score1: 1.0, score2: 0.0
26	Gene No. 10, gene caller: phanotate, leftEnd: 4829, rightEnd: 5026, strand: +, length: 198, contig: contig_937, protein: unknown, score1: 1.0, score2: 0.0
27	Gene No. 11, gene caller: phanotate, leftEnd: 4998, rightEnd: 5183, strand: +, length: 186, contig: contig_937, protein: unknown, score1: 1.0, score2: 0.0
28	Gene No. 9, gene caller: prodigal, leftEnd: 4998, rightEnd: 5183, strand: +, length: 186, contig: contig_937, protein: unknown, score1: 1.0, score2: 0.0
29	Gene No. 9, gene caller: glimmer, leftEnd: 5007, rightEnd: 5183, strand: +, length: 177, contig: contig_937, protein: unknown, score1: 1.0, score2: 0.0
30	Gene No. 10, gene caller: glimmer, leftEnd: 5134, rightEnd: 6039, strand: +, length: 906, contig: contig_937, protein: unknown, score1: 1.0, score2: 0.0
31	Gene No. 10, gene caller: prodigal, leftEnd: 5134, rightEnd: 6039, strand: +, length: 906, contig: contig_937, protein: unknown, score1: 1.0, score2: 0.0
32	Gene No. 12, gene caller: phanotate, leftEnd: 5183, rightEnd: 5290, strand: +, length: 108, contig: contig_937, protein: unknown, score1: 1.0, score2: 0.0
33	Gene No. 13, gene caller: phanotate, leftEnd: 5326, rightEnd: 6039, strand: +, length: 714, contig: contig_937, protein: unknown, score1: 1.0, score2: 0.0
34	Gene No. 11, gene caller: glimmer, leftEnd: 6036, rightEnd: 6341, strand: +, length: 306, contig: contig_937, protein: unknown, score1: 1.0, score2: 0.0
35	Gene No. 14, gene caller: phanotate, leftEnd: 6036, rightEnd: 6341, strand: +, length: 306, contig: contig_937, protein: unknown, score1: 1.0, score2: 0.0
36	Gene No. 11, gene caller: prodigal, leftEnd: 6036, rightEnd: 6341, strand: +, length: 306, contig: contig_937, protein: unknown, score1: 1.0, score2: 0.0
37	Gene No. 12, gene caller: glimmer, leftEnd: 6354, rightEnd: 6863, strand: +, length: 510, contig: contig_937, protein: unknown, score1: 1.0, score2: 0.0
38	Gene No. 15, gene caller: phanotate, leftEnd: 6354, rightEnd: 6863, strand: +, length: 510, contig: contig_937, protein: unknown, score1: 1.0, score2: 0.0
39	Gene No. 12, gene caller: prodigal, leftEnd: 6354, rightEnd: 6863, strand: +, length: 510, contig: contig_937, protein: unknown, score1: 1.0, score2: 0.0
40	Gene No. 16, gene caller: phanotate, leftEnd: 6826, rightEnd: 7134, strand: +, length: 309, contig: contig_937, protein: unknown, score1: 1.0, score2: 0.0
41	Gene No. 13, gene caller: glimmer, leftEnd: 6904, rightEnd: 7134, strand: +, length: 231, contig: contig_937, protein: unknown, score1: 1.0, score2: 0.0
42	Gene No. 13, gene caller: prodigal, leftEnd: 6904, rightEnd: 7134, strand: +, length: 231, contig: contig_937, protein: unknown, score1: 1.0, score2: 0.0
43	Gene No. 14, gene caller: glimmer, leftEnd: 7131, rightEnd: 8441, strand: +, length: 1311, contig: contig_937, protein: unknown, score1: 1.0, score2: 0.0
44	Gene No. 17, gene caller: phanotate, leftEnd: 7131, rightEnd: 8441, strand: +, length: 1311, contig: contig_937, protein: unknown, score1: 1.0, score2: 0.0
45	Gene No. 14, gene caller: prodigal, leftEnd: 7131, rightEnd: 8441, strand: +, length: 1311, contig: contig_937, protein: unknown, score1: 1.0, score2: 0.0
46	Gene No. 15, gene caller: prodigal, leftEnd: 8380, rightEnd: 8652, strand: +, length: 273, contig: contig_937, protein: unknown, score1: 1.0, score2: 0.0
47	Gene No. 15, gene caller: glimmer, leftEnd: 8464, rightEnd: 8652, strand: +, length: 189, contig: contig_937, protein: unknown, score1: 1.0, score2: 0.0
48	Gene No. 18, gene caller: phanotate, leftEnd: 8464, rightEnd: 8652, strand: +, length: 189, contig: contig_937, protein: unknown, score1: 1.0, score2: 0.0
49	Gene No. 16, gene caller: glimmer, leftEnd: 8673, rightEnd: 9041, strand: +, length: 369, contig: contig_937, protein: unknown, score1: 1.0, score2: 0.0
50	Gene No. 19, gene caller: phanotate, leftEnd: 8673, rightEnd: 9041, strand: +, length: 369, contig: contig_937, protein: unknown, score1: 1.0, score2: 0.0
51	Gene No. 16, gene caller: prodigal, leftEnd: 8673, rightEnd: 9041, strand: +, length: 369, contig: contig_937, protein: unknown, score1: 1.0, score2: 0.0
52	Gene No. 20, gene caller: phanotate, leftEnd: 8989, rightEnd: 9126, strand: +, length: 138, contig: contig_937, protein: unknown, score1: 1.0, score2: 0.0
53	Gene No. 17, gene caller: glimmer, leftEnd: 9205, rightEnd: 9417, strand: +, length: 213, contig: contig_937, protein: unknown, score1: 1.0, score2: 0.0
54	Gene No. 21, gene caller: phanotate, leftEnd: 9205, rightEnd: 9417, strand: +, length: 213, contig: contig_937, protein: unknown, score1: 1.0, score2: 0.0
55	Gene No. 22, gene caller: phanotate, leftEnd: 9441, rightEnd: 9536, strand: +, length: 96, contig: contig_937, protein: unknown, score1: 1.0, score2: 0.0
56	Gene No. 18, gene caller: glimmer, leftEnd: 9457, rightEnd: 9582, strand: +, length: 126, contig: contig_937, protein: unknown, score1: 1.0, score2: 0.0
57	Gene No. 19, gene caller: glimmer, leftEnd: 9583, rightEnd: 11328, strand: +, length: 1746, contig: contig_937, protein: unknown, score1: 1.0, score2: 0.0
58	Gene No. 23, gene caller: phanotate, leftEnd: 9583, rightEnd: 11328, strand: +, length: 1746, contig: contig_937, protein: unknown, score1: 1.0, score2: 0.0
59	Gene No. 17, gene caller: prodigal, leftEnd: 9583, rightEnd: 11328, strand: +, length: 1746, contig: contig_937, protein: unknown, score1: 1.0, score2: 0.0
60	Gene No. 18, gene caller: prodigal, leftEnd: 11276, rightEnd: 11494, strand: +, length: 219, contig: contig_937, protein: unknown, score1: 1.0, score2: 0.0
61	Gene No. 20, gene caller: glimmer, leftEnd: 11360, rightEnd: 11494, strand: +, length: 135, contig: contig_937, protein: unknown, score1: 1.0, score2: 0.0
62	Gene No. 24, gene caller: phanotate, leftEnd: 11439, rightEnd: 11738, strand: +, length: 300, contig: contig_937, protein: unknown, score1: 1.0, score2: 0.0
63	Gene No. 21, gene caller: glimmer, leftEnd: 11469, rightEnd: 11738, strand: +, length: 270, contig: contig_937, protein: unknown, score1: 1.0, score2: 0.0
64	Gene No. 22, gene caller: glimmer, leftEnd: 11743, rightEnd: 11877, strand: +, length: 135, contig: contig_937, protein: unknown, score1: 1.0, score2: 0.0
65	Gene No. 25, gene caller: phanotate, leftEnd: 11770, rightEnd: 11877, strand: +, length: 108, contig: contig_937, protein: unknown, score1: 1.0, score2: 0.0
66	Gene No. 23, gene caller: glimmer, leftEnd: 11882, rightEnd: 12331, strand: +, length: 450, contig: contig_937, protein: unknown, score1: 1.0, score2: 0.0
67	Gene No. 26, gene caller: phanotate, leftEnd: 11882, rightEnd: 12331, strand: +, length: 450, contig: contig_937, protein: unknown, score1: 1.0, score2: 0.0
68	Gene No. 19, gene caller: prodigal, leftEnd: 11882, rightEnd: 12331, strand: +, length: 450, contig: contig_937, protein: unknown, score1: 1.0, score2: 0.0
69	Gene No. 24, gene caller: glimmer, leftEnd: 12333, rightEnd: 12620, strand: +, length: 288, contig: contig_937, protein: unknown, score1: 1.0, score2: 0.0
70	Gene No. 27, gene caller: phanotate, leftEnd: 12333, rightEnd: 12620, strand: +, length: 288, contig: contig_937, protein: unknown, score1: 1.0, score2: 0.0
71	Gene No. 20, gene caller: prodigal, leftEnd: 12333, rightEnd: 12620, strand: +, length: 288, contig: contig_937, protein: unknown, score1: 1.0, score2: 0.0
72	Gene No. 25, gene caller: glimmer, leftEnd: 12648, rightEnd: 13010, strand: +, length: 363, contig: contig_937, protein: unknown, score1: 1.0, score2: 0.0
73	Gene No. 28, gene caller: phanotate, leftEnd: 12648, rightEnd: 13010, strand: +, length: 363, contig: contig_937, protein: unknown, score1: 1.0, score2: 0.0
74	Gene No. 21, gene caller: prodigal, leftEnd: 12648, rightEnd: 13010, strand: +, length: 363, contig: contig_937, protein: unknown, score1: 1.0, score2: 0.0
75	Gene No. 26, gene caller: glimmer, leftEnd: 13017, rightEnd: 14225, strand: +, length: 1209, contig: contig_937, protein: unknown, score1: 1.0, score2: 0.0
76	Gene No. 29, gene caller: phanotate, leftEnd: 13017, rightEnd: 14225, strand: +, length: 1209, contig: contig_937, protein: unknown, score1: 1.0, score2: 0.0
77	Gene No. 22, gene caller: prodigal, leftEnd: 13017, rightEnd: 14225, strand: +, length: 1209, contig: contig_937, protein: unknown, score1: 1.0, score2: 0.0
78	Gene No. 27, gene caller: glimmer, leftEnd: 14231, rightEnd: 14752, strand: +, length: 522, contig: contig_937, protein: unknown, score1: 1.0, score2: 0.0
79	Gene No. 30, gene caller: phanotate, leftEnd: 14231, rightEnd: 14752, strand: +, length: 522, contig: contig_937, protein: unknown, score1: 1.0, score2: 0.0
80	Gene No. 23, gene caller: prodigal, leftEnd: 14231, rightEnd: 14752, strand: +, length: 522, contig: contig_937, protein: unknown, score1: 1.0, score2: 0.0
81	Gene No. 28, gene caller: glimmer, leftEnd: 14749, rightEnd: 15261, strand: +, length: 513, contig: contig_937, protein: unknown, score1: 1.0, score2: 0.0
82	Gene No. 31, gene caller: phanotate, leftEnd: 14749, rightEnd: 15261, strand: +, length: 513, contig: contig_937, protein: unknown, score1: 1.0, score2: 0.0
83	Gene No. 24, gene caller: prodigal, leftEnd: 14749, rightEnd: 15261, strand: +, length: 513, contig: contig_937, protein: unknown, score1: 1.0, score2: 0.0
84	Gene No. 29, gene caller: glimmer, leftEnd: 15236, rightEnd: 16336, strand: +, length: 1101, contig: contig_937, protein: unknown, score1: 1.0, score2: 0.0
85	Gene No. 32, gene caller: phanotate, leftEnd: 15236, rightEnd: 16336, strand: +, length: 1101, contig: contig_937, protein: unknown, score1: 1.0, score2: 0.0
86	Gene No. 25, gene caller: prodigal, leftEnd: 15236, rightEnd: 16336, strand: +, length: 1101, contig: contig_937, protein: unknown, score1: 1.0, score2: 0.0
87	Gene No. 30, gene caller: glimmer, leftEnd: 16329, rightEnd: 16976, strand: +, length: 648, contig: contig_937, protein: unknown, score1: 1.0, score2: 0.0
88	Gene No. 33, gene caller: phanotate, leftEnd: 16329, rightEnd: 16976, strand: +, length: 648, contig: contig_937, protein: unknown, score1: 1.0, score2: 0.0
89	Gene No. 26, gene caller: prodigal, leftEnd: 16329, rightEnd: 16976, strand: +, length: 648, contig: contig_937, protein: unknown, score1: 1.0, score2: 0.0
90	Gene No. 31, gene caller: glimmer, leftEnd: 16966, rightEnd: 18237, strand: +, length: 1272, contig: contig_937, protein: unknown, score1: 1.0, score2: 0.0
91	Gene No. 34, gene caller: phanotate, leftEnd: 16966, rightEnd: 18237, strand: +, length: 1272, contig: contig_937, protein: unknown, score1: 1.0, score2: 0.0
92	Gene No. 27, gene caller: prodigal, leftEnd: 16966, rightEnd: 18237, strand: +, length: 1272, contig: contig_937, protein: unknown, score1: 1.0, score2: 0.0
93	Gene No. 32, gene caller: glimmer, leftEnd: 18253, rightEnd: 18894, strand: +, length: 642, contig: contig_937, protein: unknown, score1: 1.0, score2: 0.0
94	Gene No. 35, gene caller: phanotate, leftEnd: 18253, rightEnd: 18894, strand: +, length: 642, contig: contig_937, protein: unknown, score1: 1.0, score2: 0.0
95	Gene No. 28, gene caller: prodigal, leftEnd: 18253, rightEnd: 18894, strand: +, length: 642, contig: contig_937, protein: unknown, score1: 1.0, score2: 0.0
96	Gene No. 33, gene caller: glimmer, leftEnd: 18965, rightEnd: 19375, strand: +, length: 411, contig: contig_937, protein: unknown, score1: 1.0, score2: 0.0
97	Gene No. 36, gene caller: phanotate, leftEnd: 18965, rightEnd: 19375, strand: +, length: 411, contig: contig_937, protein: unknown, score1: 1.0, score2: 0.0
98	Gene No. 29, gene caller: prodigal, leftEnd: 18965, rightEnd: 19375, strand: +, length: 411, contig: contig_937, protein: unknown, score1: 1.0, score2: 0.0
99	Gene No. 37, gene caller: phanotate, leftEnd: 19421, rightEnd: 19534, strand: +, length: 114, contig: contig_937, protein: unknown, score1: 1.0, score2: 0.0
100	Gene No. 38, gene caller: phanotate, leftEnd: 19585, rightEnd: 19683, strand: +, length: 99, contig: contig_937, protein: unknown, score1: 1.0, score2: 0.0
101	Gene No. 34, gene caller: glimmer, leftEnd: 19661, rightEnd: 20107, strand: +, length: 447, contig: contig_937, protein: unknown, score1: 1.0, score2: 0.0
102	Gene No. 39, gene caller: phanotate, leftEnd: 19661, rightEnd: 20107, strand: +, length: 447, contig: contig_937, protein: unknown, score1: 1.0, score2: 0.0
103	Gene No. 30, gene caller: prodigal, leftEnd: 19661, rightEnd: 20107, strand: +, length: 447, contig: contig_937, protein: unknown, score1: 1.0, score2: 0.0
104	Gene No. 35, gene caller: glimmer, leftEnd: 20130, rightEnd: 20684, strand: +, length: 555, contig: contig_937, protein: unknown, score1: 1.0, score2: 0.0
105	Gene No. 40, gene caller: phanotate, leftEnd: 20214, rightEnd: 20684, strand: +, length: 471, contig: contig_937, protein: unknown, score1: 1.0, score2: 0.0
106	Gene No. 31, gene caller: prodigal, leftEnd: 20214, rightEnd: 20684, strand: +, length: 471, contig: contig_937, protein: unknown, score1: 1.0, score2: 0.0
107	Gene No. 36, gene caller: glimmer, leftEnd: 20662, rightEnd: 21006, strand: +, length: 345, contig: contig_937, protein: unknown, score1: 1.0, score2: 0.0
108	Gene No. 41, gene caller: phanotate, leftEnd: 20662, rightEnd: 21006, strand: +, length: 345, contig: contig_937, protein: unknown, score1: 1.0, score2: 0.0
109	Gene No. 32, gene caller: prodigal, leftEnd: 20662, rightEnd: 21006, strand: +, length: 345, contig: contig_937, protein: unknown, score1: 1.0, score2: 0.0
110	Gene No. 37, gene caller: glimmer, leftEnd: 21096, rightEnd: 21761, strand: +, length: 666, contig: contig_937, protein: unknown, score1: 1.0, score2: 0.0
111	Gene No. 42, gene caller: phanotate, leftEnd: 21096, rightEnd: 21761, strand: +, length: 666, contig: contig_937, protein: unknown, score1: 1.0, score2: 0.0
112	Gene No. 33, gene caller: prodigal, leftEnd: 21096, rightEnd: 21761, strand: +, length: 666, contig: contig_937, protein: unknown, score1: 1.0, score2: 0.0
113	Gene No. 43, gene caller: phanotate, leftEnd: 21758, rightEnd: 22012, strand: +, length: 255, contig: contig_937, protein: unknown, score1: 1.0, score2: 0.0
114	Gene No. 34, gene caller: prodigal, leftEnd: 21758, rightEnd: 22012, strand: +, length: 255, contig: contig_937, protein: unknown, score1: 1.0, score2: 0.0
115	Gene No. 38, gene caller: glimmer, leftEnd: 21782, rightEnd: 22012, strand: +, length: 231, contig: contig_937, protein: unknown, score1: 1.0, score2: 0.0
116	Gene No. 44, gene caller: phanotate, leftEnd: 22103, rightEnd: 22453, strand: +, length: 351, contig: contig_937, protein: unknown, score1: 1.0, score2: 0.0
117	Gene No. 35, gene caller: prodigal, leftEnd: 22103, rightEnd: 22453, strand: +, length: 351, contig: contig_937, protein: unknown, score1: 1.0, score2: 0.0
118	Gene No. 39, gene caller: glimmer, leftEnd: 22241, rightEnd: 22453, strand: +, length: 213, contig: contig_937, protein: unknown, score1: 1.0, score2: 0.0
119	Gene No. 40, gene caller: glimmer, leftEnd: 22528, rightEnd: 23712, strand: -, length: 1185, contig: contig_937, protein: unknown, score1: 1.0, score2: 0.0
120	Gene No. 45, gene caller: phanotate, leftEnd: 22528, rightEnd: 23712, strand: -, length: 1185, contig: contig_937, protein: unknown, score1: 1.0, score2: 0.0
121	Gene No. 36, gene caller: prodigal, leftEnd: 22528, rightEnd: 23712, strand: -, length: 1185, contig: contig_937, protein: unknown, score1: 1.0, score2: 0.0
122	Gene No. 41, gene caller: glimmer, leftEnd: 23702, rightEnd: 24349, strand: -, length: 648, contig: contig_937, protein: unknown, score1: 1.0, score2: 0.0
123	Gene No. 46, gene caller: phanotate, leftEnd: 23702, rightEnd: 24349, strand: -, length: 648, contig: contig_937, protein: unknown, score1: 1.0, score2: 0.0
124	Gene No. 37, gene caller: prodigal, leftEnd: 23702, rightEnd: 24349, strand: -, length: 648, contig: contig_937, protein: unknown, score1: 1.0, score2: 0.0
125	Gene No. 38, gene caller: prodigal, leftEnd: 24342, rightEnd: 25124, strand: -, length: 783, contig: contig_937, protein: unknown, score1: 1.0, score2: 0.0
126	Gene No. 42, gene caller: glimmer, leftEnd: 24342, rightEnd: 25400, strand: -, length: 1059, contig: contig_937, protein: unknown, score1: 1.0, score2: 0.0
127	Gene No. 47, gene caller: phanotate, leftEnd: 24342, rightEnd: 25400, strand: -, length: 1059, contig: contig_937, protein: unknown, score1: 1.0, score2: 0.0
128	Gene No. 39, gene caller: prodigal, leftEnd: 25312, rightEnd: 26082, strand: +, length: 771, contig: contig_937, protein: unknown, score1: 1.0, score2: 0.0
129	Gene No. 43, gene caller: glimmer, leftEnd: 25357, rightEnd: 26082, strand: +, length: 726, contig: contig_937, protein: unknown, score1: 1.0, score2: 0.0
130	Gene No. 48, gene caller: phanotate, leftEnd: 25357, rightEnd: 26082, strand: +, length: 726, contig: contig_937, protein: unknown, score1: 1.0, score2: 0.0
131	Gene No. 44, gene caller: glimmer, leftEnd: 26075, rightEnd: 26251, strand: +, length: 177, contig: contig_937, protein: unknown, score1: 1.0, score2: 0.0
132	Gene No. 49, gene caller: phanotate, leftEnd: 26075, rightEnd: 26251, strand: +, length: 177, contig: contig_937, protein: unknown, score1: 1.0, score2: 0.0
133	Gene No. 45, gene caller: glimmer, leftEnd: 26334, rightEnd: 26723, strand: +, length: 390, contig: contig_937, protein: unknown, score1: 1.0, score2: 0.0
134	Gene No. 50, gene caller: phanotate, leftEnd: 26373, rightEnd: 26723, strand: +, length: 351, contig: contig_937, protein: unknown, score1: 1.0, score2: 0.0
135	Gene No. 40, gene caller: prodigal, leftEnd: 26373, rightEnd: 26723, strand: +, length: 351, contig: contig_937, protein: unknown, score1: 1.0, score2: 0.0
136	Gene No. 46, gene caller: glimmer, leftEnd: 26713, rightEnd: 27852, strand: +, length: 1140, contig: contig_937, protein: unknown, score1: 1.0, score2: 0.0
137	Gene No. 51, gene caller: phanotate, leftEnd: 26713, rightEnd: 27852, strand: +, length: 1140, contig: contig_937, protein: unknown, score1: 1.0, score2: 0.0
138	Gene No. 41, gene caller: prodigal, leftEnd: 26713, rightEnd: 27852, strand: +, length: 1140, contig: contig_937, protein: unknown, score1: 1.0, score2: 0.0
139	Gene No. 47, gene caller: glimmer, leftEnd: 27973, rightEnd: 28185, strand: -, length: 213, contig: contig_937, protein: unknown, score1: 1.0, score2: 0.0
140	Gene No. 52, gene caller: phanotate, leftEnd: 27973, rightEnd: 28323, strand: -, length: 351, contig: contig_937, protein: unknown, score1: 1.0, score2: 0.0
141	Gene No. 42, gene caller: prodigal, leftEnd: 27973, rightEnd: 28323, strand: -, length: 351, contig: contig_937, protein: unknown, score1: 1.0, score2: 0.0
142	Gene No. 48, gene caller: glimmer, leftEnd: 28414, rightEnd: 28644, strand: -, length: 231, contig: contig_937, protein: unknown, score1: 1.0, score2: 0.0
143	Gene No. 53, gene caller: phanotate, leftEnd: 28414, rightEnd: 28644, strand: -, length: 231, contig: contig_937, protein: unknown, score1: 1.0, score2: 0.0
144	Gene No. 43, gene caller: prodigal, leftEnd: 28414, rightEnd: 28668, strand: -, length: 255, contig: contig_937, protein: unknown, score1: 1.0, score2: 0.0
145	Gene No. 49, gene caller: glimmer, leftEnd: 28665, rightEnd: 29330, strand: -, length: 666, contig: contig_937, protein: unknown, score1: 1.0, score2: 0.0
146	Gene No. 54, gene caller: phanotate, leftEnd: 28665, rightEnd: 29330, strand: -, length: 666, contig: contig_937, protein: unknown, score1: 1.0, score2: 0.0
147	Gene No. 44, gene caller: prodigal, leftEnd: 28665, rightEnd: 29330, strand: -, length: 666, contig: contig_937, protein: unknown, score1: 1.0, score2: 0.0
148	Gene No. 50, gene caller: glimmer, leftEnd: 29420, rightEnd: 29764, strand: -, length: 345, contig: contig_937, protein: unknown, score1: 1.0, score2: 0.0
149	Gene No. 55, gene caller: phanotate, leftEnd: 29420, rightEnd: 29764, strand: -, length: 345, contig: contig_937, protein: unknown, score1: 1.0, score2: 0.0
150	Gene No. 45, gene caller: prodigal, leftEnd: 29420, rightEnd: 29764, strand: -, length: 345, contig: contig_937, protein: unknown, score1: 1.0, score2: 0.0
151	Gene No. 56, gene caller: phanotate, leftEnd: 29742, rightEnd: 30212, strand: -, length: 471, contig: contig_937, protein: unknown, score1: 1.0, score2: 0.0
152	Gene No. 46, gene caller: prodigal, leftEnd: 29742, rightEnd: 30212, strand: -, length: 471, contig: contig_937, protein: unknown, score1: 1.0, score2: 0.0
153	Gene No. 51, gene caller: glimmer, leftEnd: 29742, rightEnd: 30296, strand: -, length: 555, contig: contig_937, protein: unknown, score1: 1.0, score2: 0.0
154	Gene No. 52, gene caller: glimmer, leftEnd: 30319, rightEnd: 30765, strand: -, length: 447, contig: contig_937, protein: unknown, score1: 1.0, score2: 0.0
155	Gene No. 57, gene caller: phanotate, leftEnd: 30319, rightEnd: 30765, strand: -, length: 447, contig: contig_937, protein: unknown, score1: 1.0, score2: 0.0
156	Gene No. 47, gene caller: prodigal, leftEnd: 30319, rightEnd: 30765, strand: -, length: 447, contig: contig_937, protein: unknown, score1: 1.0, score2: 0.0
157	Gene No. 58, gene caller: phanotate, leftEnd: 30743, rightEnd: 30841, strand: -, length: 99, contig: contig_937, protein: unknown, score1: 1.0, score2: 0.0
158	Gene No. 59, gene caller: phanotate, leftEnd: 30892, rightEnd: 31005, strand: -, length: 114, contig: contig_937, protein: unknown, score1: 1.0, score2: 0.0
159	Gene No. 53, gene caller: glimmer, leftEnd: 31051, rightEnd: 31461, strand: -, length: 411, contig: contig_937, protein: unknown, score1: 1.0, score2: 0.0
160	Gene No. 60, gene caller: phanotate, leftEnd: 31051, rightEnd: 31461, strand: -, length: 411, contig: contig_937, protein: unknown, score1: 1.0, score2: 0.0
161	Gene No. 48, gene caller: prodigal, leftEnd: 31051, rightEnd: 31461, strand: -, length: 411, contig: contig_937, protein: unknown, score1: 1.0, score2: 0.0
162	Gene No. 54, gene caller: glimmer, leftEnd: 31532, rightEnd: 32173, strand: -, length: 642, contig: contig_937, protein: unknown, score1: 1.0, score2: 0.0
163	Gene No. 61, gene caller: phanotate, leftEnd: 31532, rightEnd: 32173, strand: -, length: 642, contig: contig_937, protein: unknown, score1: 1.0, score2: 0.0
164	Gene No. 49, gene caller: prodigal, leftEnd: 31532, rightEnd: 32173, strand: -, length: 642, contig: contig_937, protein: unknown, score1: 1.0, score2: 0.0
165	Gene No. 55, gene caller: glimmer, leftEnd: 32189, rightEnd: 33460, strand: -, length: 1272, contig: contig_937, protein: unknown, score1: 1.0, score2: 0.0
166	Gene No. 62, gene caller: phanotate, leftEnd: 32189, rightEnd: 33460, strand: -, length: 1272, contig: contig_937, protein: unknown, score1: 1.0, score2: 0.0
167	Gene No. 50, gene caller: prodigal, leftEnd: 32189, rightEnd: 33460, strand: -, length: 1272, contig: contig_937, protein: unknown, score1: 1.0, score2: 0.0
168	Gene No. 56, gene caller: glimmer, leftEnd: 33461, rightEnd: 34096, strand: -, length: 636, contig: contig_937, protein: unknown, score1: 1.0, score2: 0.0
169	Gene No. 51, gene caller: prodigal, leftEnd: 33461, rightEnd: 34096, strand: -, length: 636, contig: contig_937, protein: unknown, score1: 1.0, score2: 0.0
170	Gene No. 63, gene caller: phanotate, leftEnd: 33461, rightEnd: 34129, strand: -, length: 669, contig: contig_937, protein: unknown, score1: 1.0, score2: 0.0
171	Gene No. 57, gene caller: glimmer, leftEnd: 34089, rightEnd: 35189, strand: -, length: 1101, contig: contig_937, protein: unknown, score1: 1.0, score2: 0.0
172	Gene No. 64, gene caller: phanotate, leftEnd: 34089, rightEnd: 35189, strand: -, length: 1101, contig: contig_937, protein: unknown, score1: 1.0, score2: 0.0
173	Gene No. 52, gene caller: prodigal, leftEnd: 34089, rightEnd: 35189, strand: -, length: 1101, contig: contig_937, protein: unknown, score1: 1.0, score2: 0.0
174	Gene No. 58, gene caller: glimmer, leftEnd: 35164, rightEnd: 35679, strand: -, length: 516, contig: contig_937, protein: unknown, score1: 1.0, score2: 0.0
175	Gene No. 65, gene caller: phanotate, leftEnd: 35164, rightEnd: 35679, strand: -, length: 516, contig: contig_937, protein: unknown, score1: 1.0, score2: 0.0
176	Gene No. 53, gene caller: prodigal, leftEnd: 35164, rightEnd: 35679, strand: -, length: 516, contig: contig_937, protein: unknown, score1: 1.0, score2: 0.0
177	Gene No. 59, gene caller: glimmer, leftEnd: 35676, rightEnd: 36194, strand: -, length: 519, contig: contig_937, protein: unknown, score1: 1.0, score2: 0.0
178	Gene No. 66, gene caller: phanotate, leftEnd: 35676, rightEnd: 36194, strand: -, length: 519, contig: contig_937, protein: unknown, score1: 1.0, score2: 0.0
179	Gene No. 54, gene caller: prodigal, leftEnd: 35676, rightEnd: 36194, strand: -, length: 519, contig: contig_937, protein: unknown, score1: 1.0, score2: 0.0
180	Gene No. 60, gene caller: glimmer, leftEnd: 36200, rightEnd: 37267, strand: -, length: 1068, contig: contig_937, protein: unknown, score1: 1.0, score2: 0.0
181	Gene No. 67, gene caller: phanotate, leftEnd: 36200, rightEnd: 37267, strand: -, length: 1068, contig: contig_937, protein: unknown, score1: 1.0, score2: 0.0
182	Gene No. 55, gene caller: prodigal, leftEnd: 36200, rightEnd: 37267, strand: -, length: 1068, contig: contig_937, protein: unknown, score1: 1.0, score2: 0.0
183	Gene No. 61, gene caller: glimmer, leftEnd: 37413, rightEnd: 38090, strand: -, length: 678, contig: contig_937, protein: unknown, score1: 1.0, score2: 0.0
184	Gene No. 68, gene caller: phanotate, leftEnd: 37413, rightEnd: 38090, strand: -, length: 678, contig: contig_937, protein: unknown, score1: 1.0, score2: 0.0
185	Gene No. 56, gene caller: prodigal, leftEnd: 37413, rightEnd: 38090, strand: -, length: 678, contig: contig_937, protein: unknown, score1: 1.0, score2: 0.0
186	Gene No. 62, gene caller: glimmer, leftEnd: 38092, rightEnd: 38541, strand: -, length: 450, contig: contig_937, protein: unknown, score1: 1.0, score2: 0.0
187	Gene No. 69, gene caller: phanotate, leftEnd: 38092, rightEnd: 38541, strand: -, length: 450, contig: contig_937, protein: unknown, score1: 1.0, score2: 0.0
188	Gene No. 57, gene caller: prodigal, leftEnd: 38092, rightEnd: 38541, strand: -, length: 450, contig: contig_937, protein: unknown, score1: 1.0, score2: 0.0
189	Gene No. 70, gene caller: phanotate, leftEnd: 38546, rightEnd: 38938, strand: -, length: 393, contig: contig_937, protein: unknown, score1: 1.0, score2: 0.0
190	Gene No. 58, gene caller: prodigal, leftEnd: 38546, rightEnd: 38938, strand: -, length: 393, contig: contig_937, protein: unknown, score1: 1.0, score2: 0.0
Comparing across geneCall sets....
Scoring gene calls....
Identifying common core...
This is the Common Core List:

***************Common Core
CC-gene 1	Gene No. 1, gene caller: All_callers, leftEnd: 634, rightEnd: 1155, strand: -, length: 522, contig: contig_937, protein: unknown, score1: 1.0, score2: 0.0
CC-gene 2	Gene No. 1, gene caller: All_callers, leftEnd: 1175, rightEnd: 1543, strand: -, length: 369, contig: contig_937, protein: unknown, score1: 1.0, score2: 0.0
CC-gene 3	Gene No. 1, gene caller: All_callers, leftEnd: 1564, rightEnd: 3081, strand: -, length: 1518, contig: contig_937, protein: unknown, score1: 1.0, score2: 0.0
CC-gene 4	Gene No. 1, gene caller: All_callers, leftEnd: 3350, rightEnd: 3859, strand: -, length: 510, contig: contig_937, protein: unknown, score1: 1.0, score2: 0.0
CC-gene 5	Gene No. 1, gene caller: All_callers, leftEnd: 3872, rightEnd: 4177, strand: -, length: 306, contig: contig_937, protein: unknown, score1: 1.0, score2: 0.0
CC-gene 6	Gene No. 1, gene caller: All_callers, leftEnd: 6036, rightEnd: 6341, strand: +, length: 306, contig: contig_937, protein: unknown, score1: 1.0, score2: 0.0
CC-gene 7	Gene No. 1, gene caller: All_callers, leftEnd: 6354, rightEnd: 6863, strand: +, length: 510, contig: contig_937, protein: unknown, score1: 1.0, score2: 0.0
CC-gene 8	Gene No. 1, gene caller: All_callers, leftEnd: 7131, rightEnd: 8441, strand: +, length: 1311, contig: contig_937, protein: unknown, score1: 1.0, score2: 0.0
CC-gene 9	Gene No. 1, gene caller: All_callers, leftEnd: 8673, rightEnd: 9041, strand: +, length: 369, contig: contig_937, protein: unknown, score1: 1.0, score2: 0.0
CC-gene 10	Gene No. 1, gene caller: All_callers, leftEnd: 9583, rightEnd: 11328, strand: +, length: 1746, contig: contig_937, protein: unknown, score1: 1.0, score2: 0.0
CC-gene 11	Gene No. 1, gene caller: All_callers, leftEnd: 11882, rightEnd: 12331, strand: +, length: 450, contig: contig_937, protein: unknown, score1: 1.0, score2: 0.0
CC-gene 12	Gene No. 1, gene caller: All_callers, leftEnd: 12333, rightEnd: 12620, strand: +, length: 288, contig: contig_937, protein: unknown, score1: 1.0, score2: 0.0
CC-gene 13	Gene No. 1, gene caller: All_callers, leftEnd: 12648, rightEnd: 13010, strand: +, length: 363, contig: contig_937, protein: unknown, score1: 1.0, score2: 0.0
CC-gene 14	Gene No. 1, gene caller: All_callers, leftEnd: 13017, rightEnd: 14225, strand: +, length: 1209, contig: contig_937, protein: unknown, score1: 1.0, score2: 0.0
CC-gene 15	Gene No. 1, gene caller: All_callers, leftEnd: 14231, rightEnd: 14752, strand: +, length: 522, contig: contig_937, protein: unknown, score1: 1.0, score2: 0.0
CC-gene 16	Gene No. 1, gene caller: All_callers, leftEnd: 14749, rightEnd: 15261, strand: +, length: 513, contig: contig_937, protein: unknown, score1: 1.0, score2: 0.0
CC-gene 17	Gene No. 1, gene caller: All_callers, leftEnd: 15236, rightEnd: 16336, strand: +, length: 1101, contig: contig_937, protein: unknown, score1: 1.0, score2: 0.0
CC-gene 18	Gene No. 1, gene caller: All_callers, leftEnd: 16329, rightEnd: 16976, strand: +, length: 648, contig: contig_937, protein: unknown, score1: 1.0, score2: 0.0
CC-gene 19	Gene No. 1, gene caller: All_callers, leftEnd: 16966, rightEnd: 18237, strand: +, length: 1272, contig: contig_937, protein: unknown, score1: 1.0, score2: 0.0
CC-gene 20	Gene No. 1, gene caller: All_callers, leftEnd: 18253, rightEnd: 18894, strand: +, length: 642, contig: contig_937, protein: unknown, score1: 1.0, score2: 0.0
CC-gene 21	Gene No. 1, gene caller: All_callers, leftEnd: 18965, rightEnd: 19375, strand: +, length: 411, contig: contig_937, protein: unknown, score1: 1.0, score2: 0.0
CC-gene 22	Gene No. 1, gene caller: All_callers, leftEnd: 19661, rightEnd: 20107, strand: +, length: 447, contig: contig_937, protein: unknown, score1: 1.0, score2: 0.0
CC-gene 23	Gene No. 1, gene caller: All_callers, leftEnd: 20662, rightEnd: 21006, strand: +, length: 345, contig: contig_937, protein: unknown, score1: 1.0, score2: 0.0
CC-gene 24	Gene No. 1, gene caller: All_callers, leftEnd: 21096, rightEnd: 21761, strand: +, length: 666, contig: contig_937, protein: unknown, score1: 1.0, score2: 0.0
CC-gene 25	Gene No. 1, gene caller: All_callers, leftEnd: 22528, rightEnd: 23712, strand: -, length: 1185, contig: contig_937, protein: unknown, score1: 1.0, score2: 0.0
CC-gene 26	Gene No. 1, gene caller: All_callers, leftEnd: 23702, rightEnd: 24349, strand: -, length: 648, contig: contig_937, protein: unknown, score1: 1.0, score2: 0.0
CC-gene 27	Gene No. 1, gene caller: All_callers, leftEnd: 26713, rightEnd: 27852, strand: +, length: 1140, contig: contig_937, protein: unknown, score1: 1.0, score2: 0.0
CC-gene 28	Gene No. 1, gene caller: All_callers, leftEnd: 28665, rightEnd: 29330, strand: -, length: 666, contig: contig_937, protein: unknown, score1: 1.0, score2: 0.0
CC-gene 29	Gene No. 1, gene caller: All_callers, leftEnd: 29420, rightEnd: 29764, strand: -, length: 345, contig: contig_937, protein: unknown, score1: 1.0, score2: 0.0
CC-gene 30	Gene No. 1, gene caller: All_callers, leftEnd: 30319, rightEnd: 30765, strand: -, length: 447, contig: contig_937, protein: unknown, score1: 1.0, score2: 0.0
CC-gene 31	Gene No. 1, gene caller: All_callers, leftEnd: 31051, rightEnd: 31461, strand: -, length: 411, contig: contig_937, protein: unknown, score1: 1.0, score2: 0.0
CC-gene 32	Gene No. 1, gene caller: All_callers, leftEnd: 31532, rightEnd: 32173, strand: -, length: 642, contig: contig_937, protein: unknown, score1: 1.0, score2: 0.0
CC-gene 33	Gene No. 1, gene caller: All_callers, leftEnd: 32189, rightEnd: 33460, strand: -, length: 1272, contig: contig_937, protein: unknown, score1: 1.0, score2: 0.0
CC-gene 34	Gene No. 1, gene caller: All_callers, leftEnd: 34089, rightEnd: 35189, strand: -, length: 1101, contig: contig_937, protein: unknown, score1: 1.0, score2: 0.0
CC-gene 35	Gene No. 1, gene caller: All_callers, leftEnd: 35164, rightEnd: 35679, strand: -, length: 516, contig: contig_937, protein: unknown, score1: 1.0, score2: 0.0
CC-gene 36	Gene No. 1, gene caller: All_callers, leftEnd: 35676, rightEnd: 36194, strand: -, length: 519, contig: contig_937, protein: unknown, score1: 1.0, score2: 0.0
CC-gene 37	Gene No. 1, gene caller: All_callers, leftEnd: 36200, rightEnd: 37267, strand: -, length: 1068, contig: contig_937, protein: unknown, score1: 1.0, score2: 0.0
CC-gene 38	Gene No. 1, gene caller: All_callers, leftEnd: 37413, rightEnd: 38090, strand: -, length: 678, contig: contig_937, protein: unknown, score1: 1.0, score2: 0.0
CC-gene 39	Gene No. 1, gene caller: All_callers, leftEnd: 38092, rightEnd: 38541, strand: -, length: 450, contig: contig_937, protein: unknown, score1: 1.0, score2: 0.0
Printing gene-call superset, consensus, and common_core in GFF and CGC formats
Printing report....
The following gene callers were considered: glimmer, phanotate, prodigal, The number of distinct gene calls over all gene callers is 91
The number of gene calls in common among all callers is 39
The number of unique (non-matching) gene calls is31
Caller glimmer produced 62 gene calls.
Caller glimmer gene-call length stats:  min: 126, max: 1746, ave: 575.8548387096774
Caller phanotate produced 70 gene calls.
Caller phanotate gene-call length stats:  min: 96, max: 1746, ave: 535.7142857142857
Caller prodigal produced 58 gene calls.
Caller prodigal gene-call length stats:  min: 186, max: 1746, ave: 615.8275862068965

Gene-call Scores:
Caller	Contig	Gene No.	Left End	Right End	Strand	gcScore
phanotate	contig_937	1	1	633	-	0.83
prodigal	contig_937	1	1	633	-	0.83
glimmer	contig_937	1	634	1155	-	1.00
phanotate	contig_937	2	634	1155	-	1.00
prodigal	contig_937	2	634	1155	-	1.00
glimmer	contig_937	2	1175	1543	-	1.00
phanotate	contig_937	3	1175	1543	-	1.00
prodigal	contig_937	3	1175	1543	-	1.00
glimmer	contig_937	3	1564	3081	-	1.00
phanotate	contig_937	4	1564	3081	-	1.00
prodigal	contig_937	4	1564	3081	-	1.00
glimmer	contig_937	4	3085	3309	-	0.83
prodigal	contig_937	5	3085	3309	-	0.83
phanotate	contig_937	5	3085	3387	-	0.50
glimmer	contig_937	5	3350	3859	-	1.00
phanotate	contig_937	6	3350	3859	-	1.00
prodigal	contig_937	6	3350	3859	-	1.00
glimmer	contig_937	6	3872	4177	-	1.00
phanotate	contig_937	7	3872	4177	-	1.00
prodigal	contig_937	7	3872	4177	-	1.00
glimmer	contig_937	7	4174	4653	-	0.50
phanotate	contig_937	8	4174	4698	-	0.83
prodigal	contig_937	8	4174	4698	-	0.83
phanotate	contig_937	9	4719	4835	-	0.33
glimmer	contig_937	8	4829	5026	+	0.83
phanotate	contig_937	10	4829	5026	+	0.83
phanotate	contig_937	11	4998	5183	+	0.83
prodigal	contig_937	9	4998	5183	+	0.83
glimmer	contig_937	9	5007	5183	+	0.50
glimmer	contig_937	10	5134	6039	+	0.83
prodigal	contig_937	10	5134	6039	+	0.83
phanotate	contig_937	12	5183	5290	+	0.33
phanotate	contig_937	13	5326	6039	+	0.50
glimmer	contig_937	11	6036	6341	+	1.00
phanotate	contig_937	14	6036	6341	+	1.00
prodigal	contig_937	11	6036	6341	+	1.00
glimmer	contig_937	12	6354	6863	+	1.00
phanotate	contig_937	15	6354	6863	+	1.00
prodigal	contig_937	12	6354	6863	+	1.00
phanotate	contig_937	16	6826	7134	+	0.50
glimmer	contig_937	13	6904	7134	+	0.83
prodigal	contig_937	13	6904	7134	+	0.83
glimmer	contig_937	14	7131	8441	+	1.00
phanotate	contig_937	17	7131	8441	+	1.00
prodigal	contig_937	14	7131	8441	+	1.00
prodigal	contig_937	15	8380	8652	+	0.50
glimmer	contig_937	15	8464	8652	+	0.83
phanotate	contig_937	18	8464	8652	+	0.83
glimmer	contig_937	16	8673	9041	+	1.00
phanotate	contig_937	19	8673	9041	+	1.00
prodigal	contig_937	16	8673	9041	+	1.00
phanotate	contig_937	20	8989	9126	+	0.33
glimmer	contig_937	17	9205	9417	+	0.83
phanotate	contig_937	21	9205	9417	+	0.83
phanotate	contig_937	22	9441	9536	+	0.33
glimmer	contig_937	18	9457	9582	+	0.33
glimmer	contig_937	19	9583	11328	+	1.00
phanotate	contig_937	23	9583	11328	+	1.00
prodigal	contig_937	17	9583	11328	+	1.00
prodigal	contig_937	18	11276	11494	+	0.50
glimmer	contig_937	20	11360	11494	+	0.50
phanotate	contig_937	24	11439	11738	+	0.50
glimmer	contig_937	21	11469	11738	+	0.50
glimmer	contig_937	22	11743	11877	+	0.50
phanotate	contig_937	25	11770	11877	+	0.50
glimmer	contig_937	23	11882	12331	+	1.00
phanotate	contig_937	26	11882	12331	+	1.00
prodigal	contig_937	19	11882	12331	+	1.00
glimmer	contig_937	24	12333	12620	+	1.00
phanotate	contig_937	27	12333	12620	+	1.00
prodigal	contig_937	20	12333	12620	+	1.00
glimmer	contig_937	25	12648	13010	+	1.00
phanotate	contig_937	28	12648	13010	+	1.00
prodigal	contig_937	21	12648	13010	+	1.00
glimmer	contig_937	26	13017	14225	+	1.00
phanotate	contig_937	29	13017	14225	+	1.00
prodigal	contig_937	22	13017	14225	+	1.00
glimmer	contig_937	27	14231	14752	+	1.00
phanotate	contig_937	30	14231	14752	+	1.00
prodigal	contig_937	23	14231	14752	+	1.00
glimmer	contig_937	28	14749	15261	+	1.00
phanotate	contig_937	31	14749	15261	+	1.00
prodigal	contig_937	24	14749	15261	+	1.00
glimmer	contig_937	29	15236	16336	+	1.00
phanotate	contig_937	32	15236	16336	+	1.00
prodigal	contig_937	25	15236	16336	+	1.00
glimmer	contig_937	30	16329	16976	+	1.00
phanotate	contig_937	33	16329	16976	+	1.00
prodigal	contig_937	26	16329	16976	+	1.00
glimmer	contig_937	31	16966	18237	+	1.00
phanotate	contig_937	34	16966	18237	+	1.00
prodigal	contig_937	27	16966	18237	+	1.00
glimmer	contig_937	32	18253	18894	+	1.00
phanotate	contig_937	35	18253	18894	+	1.00
prodigal	contig_937	28	18253	18894	+	1.00
glimmer	contig_937	33	18965	19375	+	1.00
phanotate	contig_937	36	18965	19375	+	1.00
prodigal	contig_937	29	18965	19375	+	1.00
phanotate	contig_937	37	19421	19534	+	0.33
phanotate	contig_937	38	19585	19683	+	0.33
glimmer	contig_937	34	19661	20107	+	1.00
phanotate	contig_937	39	19661	20107	+	1.00
prodigal	contig_937	30	19661	20107	+	1.00
glimmer	contig_937	35	20130	20684	+	0.50
phanotate	contig_937	40	20214	20684	+	0.83
prodigal	contig_937	31	20214	20684	+	0.83
glimmer	contig_937	36	20662	21006	+	1.00
phanotate	contig_937	41	20662	21006	+	1.00
prodigal	contig_937	32	20662	21006	+	1.00
glimmer	contig_937	37	21096	21761	+	1.00
phanotate	contig_937	42	21096	21761	+	1.00
prodigal	contig_937	33	21096	21761	+	1.00
phanotate	contig_937	43	21758	22012	+	0.83
prodigal	contig_937	34	21758	22012	+	0.83
glimmer	contig_937	38	21782	22012	+	0.50
phanotate	contig_937	44	22103	22453	+	0.83
prodigal	contig_937	35	22103	22453	+	0.83
glimmer	contig_937	39	22241	22453	+	0.50
glimmer	contig_937	40	22528	23712	-	1.00
phanotate	contig_937	45	22528	23712	-	1.00
prodigal	contig_937	36	22528	23712	-	1.00
glimmer	contig_937	41	23702	24349	-	1.00
phanotate	contig_937	46	23702	24349	-	1.00
prodigal	contig_937	37	23702	24349	-	1.00
prodigal	contig_937	38	24342	25124	-	0.50
glimmer	contig_937	42	24342	25400	-	0.83
phanotate	contig_937	47	24342	25400	-	0.83
prodigal	contig_937	39	25312	26082	+	0.50
glimmer	contig_937	43	25357	26082	+	0.83
phanotate	contig_937	48	25357	26082	+	0.83
glimmer	contig_937	44	26075	26251	+	0.83
phanotate	contig_937	49	26075	26251	+	0.83
glimmer	contig_937	45	26334	26723	+	0.50
phanotate	contig_937	50	26373	26723	+	0.83
prodigal	contig_937	40	26373	26723	+	0.83
glimmer	contig_937	46	26713	27852	+	1.00
phanotate	contig_937	51	26713	27852	+	1.00
prodigal	contig_937	41	26713	27852	+	1.00
glimmer	contig_937	47	27973	28185	-	0.50
phanotate	contig_937	52	27973	28323	-	0.83
prodigal	contig_937	42	27973	28323	-	0.83
glimmer	contig_937	48	28414	28644	-	0.83
phanotate	contig_937	53	28414	28644	-	0.83
prodigal	contig_937	43	28414	28668	-	0.50
glimmer	contig_937	49	28665	29330	-	1.00
phanotate	contig_937	54	28665	29330	-	1.00
prodigal	contig_937	44	28665	29330	-	1.00
glimmer	contig_937	50	29420	29764	-	1.00
phanotate	contig_937	55	29420	29764	-	1.00
prodigal	contig_937	45	29420	29764	-	1.00
phanotate	contig_937	56	29742	30212	-	0.83
prodigal	contig_937	46	29742	30212	-	0.83
glimmer	contig_937	51	29742	30296	-	0.50
glimmer	contig_937	52	30319	30765	-	1.00
phanotate	contig_937	57	30319	30765	-	1.00
prodigal	contig_937	47	30319	30765	-	1.00
phanotate	contig_937	58	30743	30841	-	0.33
phanotate	contig_937	59	30892	31005	-	0.33
glimmer	contig_937	53	31051	31461	-	1.00
phanotate	contig_937	60	31051	31461	-	1.00
prodigal	contig_937	48	31051	31461	-	1.00
glimmer	contig_937	54	31532	32173	-	1.00
phanotate	contig_937	61	31532	32173	-	1.00
prodigal	contig_937	49	31532	32173	-	1.00
glimmer	contig_937	55	32189	33460	-	1.00
phanotate	contig_937	62	32189	33460	-	1.00
prodigal	contig_937	50	32189	33460	-	1.00
glimmer	contig_937	56	33461	34096	-	0.83
prodigal	contig_937	51	33461	34096	-	0.83
phanotate	contig_937	63	33461	34129	-	0.50
glimmer	contig_937	57	34089	35189	-	1.00
phanotate	contig_937	64	34089	35189	-	1.00
prodigal	contig_937	52	34089	35189	-	1.00
glimmer	contig_937	58	35164	35679	-	1.00
phanotate	contig_937	65	35164	35679	-	1.00
prodigal	contig_937	53	35164	35679	-	1.00
glimmer	contig_937	59	35676	36194	-	1.00
phanotate	contig_937	66	35676	36194	-	1.00
prodigal	contig_937	54	35676	36194	-	1.00
glimmer	contig_937	60	36200	37267	-	1.00
phanotate	contig_937	67	36200	37267	-	1.00
prodigal	contig_937	55	36200	37267	-	1.00
glimmer	contig_937	61	37413	38090	-	1.00
phanotate	contig_937	68	37413	38090	-	1.00
prodigal	contig_937	56	37413	38090	-	1.00
glimmer	contig_937	62	38092	38541	-	1.00
phanotate	contig_937	69	38092	38541	-	1.00
prodigal	contig_937	57	38092	38541	-	1.00
phanotate	contig_937	70	38546	38938	-	0.83
prodigal	contig_937	58	38546	38938	-	0.83

Gene-call Consensus Scores:
Caller glimmer average gene-call score: 0.87
Caller phanotate average gene-call score: 0.84
Caller prodigal average gene-call score: 0.92

***************Unique List
Unique gene call 1
  --  Gene No. 1, gene caller: phanotate, leftEnd: 1, rightEnd: 633, strand: -, length: 633, contig: contig_937, protein: unknown, score1: 0.8333333333333333, score2: 0.0
  --  Gene No. 1, gene caller: prodigal, leftEnd: 1, rightEnd: 633, strand: -, length: 633, contig: contig_937, protein: unknown, score1: 0.8333333333333333, score2: 0.0
Unique gene call 2
  --  Gene No. 1, gene caller: glimmer, leftEnd: 634, rightEnd: 1155, strand: -, length: 522, contig: contig_937, protein: unknown, score1: 1.0, score2: 0.0
  --  Gene No. 2, gene caller: phanotate, leftEnd: 634, rightEnd: 1155, strand: -, length: 522, contig: contig_937, protein: unknown, score1: 1.0, score2: 0.0
  --  Gene No. 2, gene caller: prodigal, leftEnd: 634, rightEnd: 1155, strand: -, length: 522, contig: contig_937, protein: unknown, score1: 1.0, score2: 0.0
Unique gene call 3
  --  Gene No. 2, gene caller: glimmer, leftEnd: 1175, rightEnd: 1543, strand: -, length: 369, contig: contig_937, protein: unknown, score1: 1.0, score2: 0.0
  --  Gene No. 3, gene caller: phanotate, leftEnd: 1175, rightEnd: 1543, strand: -, length: 369, contig: contig_937, protein: unknown, score1: 1.0, score2: 0.0
  --  Gene No. 3, gene caller: prodigal, leftEnd: 1175, rightEnd: 1543, strand: -, length: 369, contig: contig_937, protein: unknown, score1: 1.0, score2: 0.0
Unique gene call 4
  --  Gene No. 3, gene caller: glimmer, leftEnd: 1564, rightEnd: 3081, strand: -, length: 1518, contig: contig_937, protein: unknown, score1: 1.0, score2: 0.0
  --  Gene No. 4, gene caller: phanotate, leftEnd: 1564, rightEnd: 3081, strand: -, length: 1518, contig: contig_937, protein: unknown, score1: 1.0, score2: 0.0
  --  Gene No. 4, gene caller: prodigal, leftEnd: 1564, rightEnd: 3081, strand: -, length: 1518, contig: contig_937, protein: unknown, score1: 1.0, score2: 0.0
Unique gene call 5
  --  Gene No. 4, gene caller: glimmer, leftEnd: 3085, rightEnd: 3309, strand: -, length: 225, contig: contig_937, protein: unknown, score1: 0.8333333333333333, score2: 0.0
  --  Gene No. 5, gene caller: prodigal, leftEnd: 3085, rightEnd: 3309, strand: -, length: 225, contig: contig_937, protein: unknown, score1: 0.8333333333333333, score2: 0.0
Unique gene call 6
  --  Gene No. 5, gene caller: phanotate, leftEnd: 3085, rightEnd: 3387, strand: -, length: 303, contig: contig_937, protein: unknown, score1: 0.5, score2: 0.0
Unique gene call 7
  --  Gene No. 5, gene caller: glimmer, leftEnd: 3350, rightEnd: 3859, strand: -, length: 510, contig: contig_937, protein: unknown, score1: 1.0, score2: 0.0
  --  Gene No. 6, gene caller: phanotate, leftEnd: 3350, rightEnd: 3859, strand: -, length: 510, contig: contig_937, protein: unknown, score1: 1.0, score2: 0.0
  --  Gene No. 6, gene caller: prodigal, leftEnd: 3350, rightEnd: 3859, strand: -, length: 510, contig: contig_937, protein: unknown, score1: 1.0, score2: 0.0
Unique gene call 8
  --  Gene No. 6, gene caller: glimmer, leftEnd: 3872, rightEnd: 4177, strand: -, length: 306, contig: contig_937, protein: unknown, score1: 1.0, score2: 0.0
  --  Gene No. 7, gene caller: phanotate, leftEnd: 3872, rightEnd: 4177, strand: -, length: 306, contig: contig_937, protein: unknown, score1: 1.0, score2: 0.0
  --  Gene No. 7, gene caller: prodigal, leftEnd: 3872, rightEnd: 4177, strand: -, length: 306, contig: contig_937, protein: unknown, score1: 1.0, score2: 0.0
Unique gene call 9
  --  Gene No. 7, gene caller: glimmer, leftEnd: 4174, rightEnd: 4653, strand: -, length: 480, contig: contig_937, protein: unknown, score1: 0.5, score2: 0.0
Unique gene call 10
  --  Gene No. 8, gene caller: phanotate, leftEnd: 4174, rightEnd: 4698, strand: -, length: 525, contig: contig_937, protein: unknown, score1: 0.8333333333333333, score2: 0.0
  --  Gene No. 8, gene caller: prodigal, leftEnd: 4174, rightEnd: 4698, strand: -, length: 525, contig: contig_937, protein: unknown, score1: 0.8333333333333333, score2: 0.0
Unique gene call 11
  --  Gene No. 9, gene caller: phanotate, leftEnd: 4719, rightEnd: 4835, strand: -, length: 117, contig: contig_937, protein: unknown, score1: 0.3333333333333333, score2: 0.0
Unique gene call 12
  --  Gene No. 8, gene caller: glimmer, leftEnd: 4829, rightEnd: 5026, strand: +, length: 198, contig: contig_937, protein: unknown, score1: 0.8333333333333333, score2: 0.0
  --  Gene No. 10, gene caller: phanotate, leftEnd: 4829, rightEnd: 5026, strand: +, length: 198, contig: contig_937, protein: unknown, score1: 0.8333333333333333, score2: 0.0
Unique gene call 13
  --  Gene No. 11, gene caller: phanotate, leftEnd: 4998, rightEnd: 5183, strand: +, length: 186, contig: contig_937, protein: unknown, score1: 0.8333333333333333, score2: 0.0
  --  Gene No. 9, gene caller: prodigal, leftEnd: 4998, rightEnd: 5183, strand: +, length: 186, contig: contig_937, protein: unknown, score1: 0.8333333333333333, score2: 0.0
Unique gene call 14
  --  Gene No. 9, gene caller: glimmer, leftEnd: 5007, rightEnd: 5183, strand: +, length: 177, contig: contig_937, protein: unknown, score1: 0.5, score2: 0.0
Unique gene call 15
  --  Gene No. 10, gene caller: glimmer, leftEnd: 5134, rightEnd: 6039, strand: +, length: 906, contig: contig_937, protein: unknown, score1: 0.8333333333333333, score2: 0.0
  --  Gene No. 10, gene caller: prodigal, leftEnd: 5134, rightEnd: 6039, strand: +, length: 906, contig: contig_937, protein: unknown, score1: 0.8333333333333333, score2: 0.0
Unique gene call 16
  --  Gene No. 12, gene caller: phanotate, leftEnd: 5183, rightEnd: 5290, strand: +, length: 108, contig: contig_937, protein: unknown, score1: 0.3333333333333333, score2: 0.0
Unique gene call 17
  --  Gene No. 13, gene caller: phanotate, leftEnd: 5326, rightEnd: 6039, strand: +, length: 714, contig: contig_937, protein: unknown, score1: 0.5, score2: 0.0
Unique gene call 18
  --  Gene No. 11, gene caller: glimmer, leftEnd: 6036, rightEnd: 6341, strand: +, length: 306, contig: contig_937, protein: unknown, score1: 1.0, score2: 0.0
  --  Gene No. 14, gene caller: phanotate, leftEnd: 6036, rightEnd: 6341, strand: +, length: 306, contig: contig_937, protein: unknown, score1: 1.0, score2: 0.0
  --  Gene No. 11, gene caller: prodigal, leftEnd: 6036, rightEnd: 6341, strand: +, length: 306, contig: contig_937, protein: unknown, score1: 1.0, score2: 0.0
Unique gene call 19
  --  Gene No. 12, gene caller: glimmer, leftEnd: 6354, rightEnd: 6863, strand: +, length: 510, contig: contig_937, protein: unknown, score1: 1.0, score2: 0.0
  --  Gene No. 15, gene caller: phanotate, leftEnd: 6354, rightEnd: 6863, strand: +, length: 510, contig: contig_937, protein: unknown, score1: 1.0, score2: 0.0
  --  Gene No. 12, gene caller: prodigal, leftEnd: 6354, rightEnd: 6863, strand: +, length: 510, contig: contig_937, protein: unknown, score1: 1.0, score2: 0.0
Unique gene call 20
  --  Gene No. 16, gene caller: phanotate, leftEnd: 6826, rightEnd: 7134, strand: +, length: 309, contig: contig_937, protein: unknown, score1: 0.5, score2: 0.0
Unique gene call 21
  --  Gene No. 13, gene caller: glimmer, leftEnd: 6904, rightEnd: 7134, strand: +, length: 231, contig: contig_937, protein: unknown, score1: 0.8333333333333333, score2: 0.0
  --  Gene No. 13, gene caller: prodigal, leftEnd: 6904, rightEnd: 7134, strand: +, length: 231, contig: contig_937, protein: unknown, score1: 0.8333333333333333, score2: 0.0
Unique gene call 22
  --  Gene No. 14, gene caller: glimmer, leftEnd: 7131, rightEnd: 8441, strand: +, length: 1311, contig: contig_937, protein: unknown, score1: 1.0, score2: 0.0
  --  Gene No. 17, gene caller: phanotate, leftEnd: 7131, rightEnd: 8441, strand: +, length: 1311, contig: contig_937, protein: unknown, score1: 1.0, score2: 0.0
  --  Gene No. 14, gene caller: prodigal, leftEnd: 7131, rightEnd: 8441, strand: +, length: 1311, contig: contig_937, protein: unknown, score1: 1.0, score2: 0.0
Unique gene call 23
  --  Gene No. 15, gene caller: prodigal, leftEnd: 8380, rightEnd: 8652, strand: +, length: 273, contig: contig_937, protein: unknown, score1: 0.5, score2: 0.0
Unique gene call 24
  --  Gene No. 15, gene caller: glimmer, leftEnd: 8464, rightEnd: 8652, strand: +, length: 189, contig: contig_937, protein: unknown, score1: 0.8333333333333333, score2: 0.0
  --  Gene No. 18, gene caller: phanotate, leftEnd: 8464, rightEnd: 8652, strand: +, length: 189, contig: contig_937, protein: unknown, score1: 0.8333333333333333, score2: 0.0
Unique gene call 25
  --  Gene No. 16, gene caller: glimmer, leftEnd: 8673, rightEnd: 9041, strand: +, length: 369, contig: contig_937, protein: unknown, score1: 1.0, score2: 0.0
  --  Gene No. 19, gene caller: phanotate, leftEnd: 8673, rightEnd: 9041, strand: +, length: 369, contig: contig_937, protein: unknown, score1: 1.0, score2: 0.0
  --  Gene No. 16, gene caller: prodigal, leftEnd: 8673, rightEnd: 9041, strand: +, length: 369, contig: contig_937, protein: unknown, score1: 1.0, score2: 0.0
Unique gene call 26
  --  Gene No. 20, gene caller: phanotate, leftEnd: 8989, rightEnd: 9126, strand: +, length: 138, contig: contig_937, protein: unknown, score1: 0.3333333333333333, score2: 0.0
Unique gene call 27
  --  Gene No. 17, gene caller: glimmer, leftEnd: 9205, rightEnd: 9417, strand: +, length: 213, contig: contig_937, protein: unknown, score1: 0.8333333333333333, score2: 0.0
  --  Gene No. 21, gene caller: phanotate, leftEnd: 9205, rightEnd: 9417, strand: +, length: 213, contig: contig_937, protein: unknown, score1: 0.8333333333333333, score2: 0.0
Unique gene call 28
  --  Gene No. 22, gene caller: phanotate, leftEnd: 9441, rightEnd: 9536, strand: +, length: 96, contig: contig_937, protein: unknown, score1: 0.3333333333333333, score2: 0.0
Unique gene call 29
  --  Gene No. 18, gene caller: glimmer, leftEnd: 9457, rightEnd: 9582, strand: +, length: 126, contig: contig_937, protein: unknown, score1: 0.3333333333333333, score2: 0.0
Unique gene call 30
  --  Gene No. 19, gene caller: glimmer, leftEnd: 9583, rightEnd: 11328, strand: +, length: 1746, contig: contig_937, protein: unknown, score1: 1.0, score2: 0.0
  --  Gene No. 23, gene caller: phanotate, leftEnd: 9583, rightEnd: 11328, strand: +, length: 1746, contig: contig_937, protein: unknown, score1: 1.0, score2: 0.0
  --  Gene No. 17, gene caller: prodigal, leftEnd: 9583, rightEnd: 11328, strand: +, length: 1746, contig: contig_937, protein: unknown, score1: 1.0, score2: 0.0
Unique gene call 31
  --  Gene No. 18, gene caller: prodigal, leftEnd: 11276, rightEnd: 11494, strand: +, length: 219, contig: contig_937, protein: unknown, score1: 0.5, score2: 0.0
Unique gene call 32
  --  Gene No. 20, gene caller: glimmer, leftEnd: 11360, rightEnd: 11494, strand: +, length: 135, contig: contig_937, protein: unknown, score1: 0.5, score2: 0.0
Unique gene call 33
  --  Gene No. 24, gene caller: phanotate, leftEnd: 11439, rightEnd: 11738, strand: +, length: 300, contig: contig_937, protein: unknown, score1: 0.5, score2: 0.0
Unique gene call 34
  --  Gene No. 21, gene caller: glimmer, leftEnd: 11469, rightEnd: 11738, strand: +, length: 270, contig: contig_937, protein: unknown, score1: 0.5, score2: 0.0
Unique gene call 35
  --  Gene No. 22, gene caller: glimmer, leftEnd: 11743, rightEnd: 11877, strand: +, length: 135, contig: contig_937, protein: unknown, score1: 0.5, score2: 0.0
Unique gene call 36
  --  Gene No. 25, gene caller: phanotate, leftEnd: 11770, rightEnd: 11877, strand: +, length: 108, contig: contig_937, protein: unknown, score1: 0.5, score2: 0.0
Unique gene call 37
  --  Gene No. 23, gene caller: glimmer, leftEnd: 11882, rightEnd: 12331, strand: +, length: 450, contig: contig_937, protein: unknown, score1: 1.0, score2: 0.0
  --  Gene No. 26, gene caller: phanotate, leftEnd: 11882, rightEnd: 12331, strand: +, length: 450, contig: contig_937, protein: unknown, score1: 1.0, score2: 0.0
  --  Gene No. 19, gene caller: prodigal, leftEnd: 11882, rightEnd: 12331, strand: +, length: 450, contig: contig_937, protein: unknown, score1: 1.0, score2: 0.0
Unique gene call 38
  --  Gene No. 24, gene caller: glimmer, leftEnd: 12333, rightEnd: 12620, strand: +, length: 288, contig: contig_937, protein: unknown, score1: 1.0, score2: 0.0
  --  Gene No. 27, gene caller: phanotate, leftEnd: 12333, rightEnd: 12620, strand: +, length: 288, contig: contig_937, protein: unknown, score1: 1.0, score2: 0.0
  --  Gene No. 20, gene caller: prodigal, leftEnd: 12333, rightEnd: 12620, strand: +, length: 288, contig: contig_937, protein: unknown, score1: 1.0, score2: 0.0
Unique gene call 39
  --  Gene No. 25, gene caller: glimmer, leftEnd: 12648, rightEnd: 13010, strand: +, length: 363, contig: contig_937, protein: unknown, score1: 1.0, score2: 0.0
  --  Gene No. 28, gene caller: phanotate, leftEnd: 12648, rightEnd: 13010, strand: +, length: 363, contig: contig_937, protein: unknown, score1: 1.0, score2: 0.0
  --  Gene No. 21, gene caller: prodigal, leftEnd: 12648, rightEnd: 13010, strand: +, length: 363, contig: contig_937, protein: unknown, score1: 1.0, score2: 0.0
Unique gene call 40
  --  Gene No. 26, gene caller: glimmer, leftEnd: 13017, rightEnd: 14225, strand: +, length: 1209, contig: contig_937, protein: unknown, score1: 1.0, score2: 0.0
  --  Gene No. 29, gene caller: phanotate, leftEnd: 13017, rightEnd: 14225, strand: +, length: 1209, contig: contig_937, protein: unknown, score1: 1.0, score2: 0.0
  --  Gene No. 22, gene caller: prodigal, leftEnd: 13017, rightEnd: 14225, strand: +, length: 1209, contig: contig_937, protein: unknown, score1: 1.0, score2: 0.0
Unique gene call 41
  --  Gene No. 27, gene caller: glimmer, leftEnd: 14231, rightEnd: 14752, strand: +, length: 522, contig: contig_937, protein: unknown, score1: 1.0, score2: 0.0
  --  Gene No. 30, gene caller: phanotate, leftEnd: 14231, rightEnd: 14752, strand: +, length: 522, contig: contig_937, protein: unknown, score1: 1.0, score2: 0.0
  --  Gene No. 23, gene caller: prodigal, leftEnd: 14231, rightEnd: 14752, strand: +, length: 522, contig: contig_937, protein: unknown, score1: 1.0, score2: 0.0
Unique gene call 42
  --  Gene No. 28, gene caller: glimmer, leftEnd: 14749, rightEnd: 15261, strand: +, length: 513, contig: contig_937, protein: unknown, score1: 1.0, score2: 0.0
  --  Gene No. 31, gene caller: phanotate, leftEnd: 14749, rightEnd: 15261, strand: +, length: 513, contig: contig_937, protein: unknown, score1: 1.0, score2: 0.0
  --  Gene No. 24, gene caller: prodigal, leftEnd: 14749, rightEnd: 15261, strand: +, length: 513, contig: contig_937, protein: unknown, score1: 1.0, score2: 0.0
Unique gene call 43
  --  Gene No. 29, gene caller: glimmer, leftEnd: 15236, rightEnd: 16336, strand: +, length: 1101, contig: contig_937, protein: unknown, score1: 1.0, score2: 0.0
  --  Gene No. 32, gene caller: phanotate, leftEnd: 15236, rightEnd: 16336, strand: +, length: 1101, contig: contig_937, protein: unknown, score1: 1.0, score2: 0.0
  --  Gene No. 25, gene caller: prodigal, leftEnd: 15236, rightEnd: 16336, strand: +, length: 1101, contig: contig_937, protein: unknown, score1: 1.0, score2: 0.0
Unique gene call 44
  --  Gene No. 30, gene caller: glimmer, leftEnd: 16329, rightEnd: 16976, strand: +, length: 648, contig: contig_937, protein: unknown, score1: 1.0, score2: 0.0
  --  Gene No. 33, gene caller: phanotate, leftEnd: 16329, rightEnd: 16976, strand: +, length: 648, contig: contig_937, protein: unknown, score1: 1.0, score2: 0.0
  --  Gene No. 26, gene caller: prodigal, leftEnd: 16329, rightEnd: 16976, strand: +, length: 648, contig: contig_937, protein: unknown, score1: 1.0, score2: 0.0
Unique gene call 45
  --  Gene No. 31, gene caller: glimmer, leftEnd: 16966, rightEnd: 18237, strand: +, length: 1272, contig: contig_937, protein: unknown, score1: 1.0, score2: 0.0
  --  Gene No. 34, gene caller: phanotate, leftEnd: 16966, rightEnd: 18237, strand: +, length: 1272, contig: contig_937, protein: unknown, score1: 1.0, score2: 0.0
  --  Gene No. 27, gene caller: prodigal, leftEnd: 16966, rightEnd: 18237, strand: +, length: 1272, contig: contig_937, protein: unknown, score1: 1.0, score2: 0.0
Unique gene call 46
  --  Gene No. 32, gene caller: glimmer, leftEnd: 18253, rightEnd: 18894, strand: +, length: 642, contig: contig_937, protein: unknown, score1: 1.0, score2: 0.0
  --  Gene No. 35, gene caller: phanotate, leftEnd: 18253, rightEnd: 18894, strand: +, length: 642, contig: contig_937, protein: unknown, score1: 1.0, score2: 0.0
  --  Gene No. 28, gene caller: prodigal, leftEnd: 18253, rightEnd: 18894, strand: +, length: 642, contig: contig_937, protein: unknown, score1: 1.0, score2: 0.0
Unique gene call 47
  --  Gene No. 33, gene caller: glimmer, leftEnd: 18965, rightEnd: 19375, strand: +, length: 411, contig: contig_937, protein: unknown, score1: 1.0, score2: 0.0
  --  Gene No. 36, gene caller: phanotate, leftEnd: 18965, rightEnd: 19375, strand: +, length: 411, contig: contig_937, protein: unknown, score1: 1.0, score2: 0.0
  --  Gene No. 29, gene caller: prodigal, leftEnd: 18965, rightEnd: 19375, strand: +, length: 411, contig: contig_937, protein: unknown, score1: 1.0, score2: 0.0
Unique gene call 48
  --  Gene No. 37, gene caller: phanotate, leftEnd: 19421, rightEnd: 19534, strand: +, length: 114, contig: contig_937, protein: unknown, score1: 0.3333333333333333, score2: 0.0
Unique gene call 49
  --  Gene No. 38, gene caller: phanotate, leftEnd: 19585, rightEnd: 19683, strand: +, length: 99, contig: contig_937, protein: unknown, score1: 0.3333333333333333, score2: 0.0
Unique gene call 50
  --  Gene No. 34, gene caller: glimmer, leftEnd: 19661, rightEnd: 20107, strand: +, length: 447, contig: contig_937, protein: unknown, score1: 1.0, score2: 0.0
  --  Gene No. 39, gene caller: phanotate, leftEnd: 19661, rightEnd: 20107, strand: +, length: 447, contig: contig_937, protein: unknown, score1: 1.0, score2: 0.0
  --  Gene No. 30, gene caller: prodigal, leftEnd: 19661, rightEnd: 20107, strand: +, length: 447, contig: contig_937, protein: unknown, score1: 1.0, score2: 0.0
Unique gene call 51
  --  Gene No. 35, gene caller: glimmer, leftEnd: 20130, rightEnd: 20684, strand: +, length: 555, contig: contig_937, protein: unknown, score1: 0.5, score2: 0.0
Unique gene call 52
  --  Gene No. 40, gene caller: phanotate, leftEnd: 20214, rightEnd: 20684, strand: +, length: 471, contig: contig_937, protein: unknown, score1: 0.8333333333333333, score2: 0.0
  --  Gene No. 31, gene caller: prodigal, leftEnd: 20214, rightEnd: 20684, strand: +, length: 471, contig: contig_937, protein: unknown, score1: 0.8333333333333333, score2: 0.0
Unique gene call 53
  --  Gene No. 36, gene caller: glimmer, leftEnd: 20662, rightEnd: 21006, strand: +, length: 345, contig: contig_937, protein: unknown, score1: 1.0, score2: 0.0
  --  Gene No. 41, gene caller: phanotate, leftEnd: 20662, rightEnd: 21006, strand: +, length: 345, contig: contig_937, protein: unknown, score1: 1.0, score2: 0.0
  --  Gene No. 32, gene caller: prodigal, leftEnd: 20662, rightEnd: 21006, strand: +, length: 345, contig: contig_937, protein: unknown, score1: 1.0, score2: 0.0
Unique gene call 54
  --  Gene No. 37, gene caller: glimmer, leftEnd: 21096, rightEnd: 21761, strand: +, length: 666, contig: contig_937, protein: unknown, score1: 1.0, score2: 0.0
  --  Gene No. 42, gene caller: phanotate, leftEnd: 21096, rightEnd: 21761, strand: +, length: 666, contig: contig_937, protein: unknown, score1: 1.0, score2: 0.0
  --  Gene No. 33, gene caller: prodigal, leftEnd: 21096, rightEnd: 21761, strand: +, length: 666, contig: contig_937, protein: unknown, score1: 1.0, score2: 0.0
Unique gene call 55
  --  Gene No. 43, gene caller: phanotate, leftEnd: 21758, rightEnd: 22012, strand: +, length: 255, contig: contig_937, protein: unknown, score1: 0.8333333333333333, score2: 0.0
  --  Gene No. 34, gene caller: prodigal, leftEnd: 21758, rightEnd: 22012, strand: +, length: 255, contig: contig_937, protein: unknown, score1: 0.8333333333333333, score2: 0.0
Unique gene call 56
  --  Gene No. 38, gene caller: glimmer, leftEnd: 21782, rightEnd: 22012, strand: +, length: 231, contig: contig_937, protein: unknown, score1: 0.5, score2: 0.0
Unique gene call 57
  --  Gene No. 44, gene caller: phanotate, leftEnd: 22103, rightEnd: 22453, strand: +, length: 351, contig: contig_937, protein: unknown, score1: 0.8333333333333333, score2: 0.0
  --  Gene No. 35, gene caller: prodigal, leftEnd: 22103, rightEnd: 22453, strand: +, length: 351, contig: contig_937, protein: unknown, score1: 0.8333333333333333, score2: 0.0
Unique gene call 58
  --  Gene No. 39, gene caller: glimmer, leftEnd: 22241, rightEnd: 22453, strand: +, length: 213, contig: contig_937, protein: unknown, score1: 0.5, score2: 0.0
Unique gene call 59
  --  Gene No. 40, gene caller: glimmer, leftEnd: 22528, rightEnd: 23712, strand: -, length: 1185, contig: contig_937, protein: unknown, score1: 1.0, score2: 0.0
  --  Gene No. 45, gene caller: phanotate, leftEnd: 22528, rightEnd: 23712, strand: -, length: 1185, contig: contig_937, protein: unknown, score1: 1.0, score2: 0.0
  --  Gene No. 36, gene caller: prodigal, leftEnd: 22528, rightEnd: 23712, strand: -, length: 1185, contig: contig_937, protein: unknown, score1: 1.0, score2: 0.0
Unique gene call 60
  --  Gene No. 41, gene caller: glimmer, leftEnd: 23702, rightEnd: 24349, strand: -, length: 648, contig: contig_937, protein: unknown, score1: 1.0, score2: 0.0
  --  Gene No. 46, gene caller: phanotate, leftEnd: 23702, rightEnd: 24349, strand: -, length: 648, contig: contig_937, protein: unknown, score1: 1.0, score2: 0.0
  --  Gene No. 37, gene caller: prodigal, leftEnd: 23702, rightEnd: 24349, strand: -, length: 648, contig: contig_937, protein: unknown, score1: 1.0, score2: 0.0
Unique gene call 61
  --  Gene No. 38, gene caller: prodigal, leftEnd: 24342, rightEnd: 25124, strand: -, length: 783, contig: contig_937, protein: unknown, score1: 0.5, score2: 0.0
Unique gene call 62
  --  Gene No. 42, gene caller: glimmer, leftEnd: 24342, rightEnd: 25400, strand: -, length: 1059, contig: contig_937, protein: unknown, score1: 0.8333333333333333, score2: 0.0
  --  Gene No. 47, gene caller: phanotate, leftEnd: 24342, rightEnd: 25400, strand: -, length: 1059, contig: contig_937, protein: unknown, score1: 0.8333333333333333, score2: 0.0
Unique gene call 63
  --  Gene No. 39, gene caller: prodigal, leftEnd: 25312, rightEnd: 26082, strand: +, length: 771, contig: contig_937, protein: unknown, score1: 0.5, score2: 0.0
Unique gene call 64
  --  Gene No. 43, gene caller: glimmer, leftEnd: 25357, rightEnd: 26082, strand: +, length: 726, contig: contig_937, protein: unknown, score1: 0.8333333333333333, score2: 0.0
  --  Gene No. 48, gene caller: phanotate, leftEnd: 25357, rightEnd: 26082, strand: +, length: 726, contig: contig_937, protein: unknown, score1: 0.8333333333333333, score2: 0.0
Unique gene call 65
  --  Gene No. 44, gene caller: glimmer, leftEnd: 26075, rightEnd: 26251, strand: +, length: 177, contig: contig_937, protein: unknown, score1: 0.8333333333333333, score2: 0.0
  --  Gene No. 49, gene caller: phanotate, leftEnd: 26075, rightEnd: 26251, strand: +, length: 177, contig: contig_937, protein: unknown, score1: 0.8333333333333333, score2: 0.0
Unique gene call 66
  --  Gene No. 45, gene caller: glimmer, leftEnd: 26334, rightEnd: 26723, strand: +, length: 390, contig: contig_937, protein: unknown, score1: 0.5, score2: 0.0
Unique gene call 67
  --  Gene No. 50, gene caller: phanotate, leftEnd: 26373, rightEnd: 26723, strand: +, length: 351, contig: contig_937, protein: unknown, score1: 0.8333333333333333, score2: 0.0
  --  Gene No. 40, gene caller: prodigal, leftEnd: 26373, rightEnd: 26723, strand: +, length: 351, contig: contig_937, protein: unknown, score1: 0.8333333333333333, score2: 0.0
Unique gene call 68
  --  Gene No. 46, gene caller: glimmer, leftEnd: 26713, rightEnd: 27852, strand: +, length: 1140, contig: contig_937, protein: unknown, score1: 1.0, score2: 0.0
  --  Gene No. 51, gene caller: phanotate, leftEnd: 26713, rightEnd: 27852, strand: +, length: 1140, contig: contig_937, protein: unknown, score1: 1.0, score2: 0.0
  --  Gene No. 41, gene caller: prodigal, leftEnd: 26713, rightEnd: 27852, strand: +, length: 1140, contig: contig_937, protein: unknown, score1: 1.0, score2: 0.0
Unique gene call 69
  --  Gene No. 47, gene caller: glimmer, leftEnd: 27973, rightEnd: 28185, strand: -, length: 213, contig: contig_937, protein: unknown, score1: 0.5, score2: 0.0
Unique gene call 70
  --  Gene No. 52, gene caller: phanotate, leftEnd: 27973, rightEnd: 28323, strand: -, length: 351, contig: contig_937, protein: unknown, score1: 0.8333333333333333, score2: 0.0
  --  Gene No. 42, gene caller: prodigal, leftEnd: 27973, rightEnd: 28323, strand: -, length: 351, contig: contig_937, protein: unknown, score1: 0.8333333333333333, score2: 0.0
Unique gene call 71
  --  Gene No. 48, gene caller: glimmer, leftEnd: 28414, rightEnd: 28644, strand: -, length: 231, contig: contig_937, protein: unknown, score1: 0.8333333333333333, score2: 0.0
  --  Gene No. 53, gene caller: phanotate, leftEnd: 28414, rightEnd: 28644, strand: -, length: 231, contig: contig_937, protein: unknown, score1: 0.8333333333333333, score2: 0.0
Unique gene call 72
  --  Gene No. 43, gene caller: prodigal, leftEnd: 28414, rightEnd: 28668, strand: -, length: 255, contig: contig_937, protein: unknown, score1: 0.5, score2: 0.0
Unique gene call 73
  --  Gene No. 49, gene caller: glimmer, leftEnd: 28665, rightEnd: 29330, strand: -, length: 666, contig: contig_937, protein: unknown, score1: 1.0, score2: 0.0
  --  Gene No. 54, gene caller: phanotate, leftEnd: 28665, rightEnd: 29330, strand: -, length: 666, contig: contig_937, protein: unknown, score1: 1.0, score2: 0.0
  --  Gene No. 44, gene caller: prodigal, leftEnd: 28665, rightEnd: 29330, strand: -, length: 666, contig: contig_937, protein: unknown, score1: 1.0, score2: 0.0
Unique gene call 74
  --  Gene No. 50, gene caller: glimmer, leftEnd: 29420, rightEnd: 29764, strand: -, length: 345, contig: contig_937, protein: unknown, score1: 1.0, score2: 0.0
  --  Gene No. 55, gene caller: phanotate, leftEnd: 29420, rightEnd: 29764, strand: -, length: 345, contig: contig_937, protein: unknown, score1: 1.0, score2: 0.0
  --  Gene No. 45, gene caller: prodigal, leftEnd: 29420, rightEnd: 29764, strand: -, length: 345, contig: contig_937, protein: unknown, score1: 1.0, score2: 0.0
Unique gene call 75
  --  Gene No. 56, gene caller: phanotate, leftEnd: 29742, rightEnd: 30212, strand: -, length: 471, contig: contig_937, protein: unknown, score1: 0.8333333333333333, score2: 0.0
  --  Gene No. 46, gene caller: prodigal, leftEnd: 29742, rightEnd: 30212, strand: -, length: 471, contig: contig_937, protein: unknown, score1: 0.8333333333333333, score2: 0.0
Unique gene call 76
  --  Gene No. 51, gene caller: glimmer, leftEnd: 29742, rightEnd: 30296, strand: -, length: 555, contig: contig_937, protein: unknown, score1: 0.5, score2: 0.0
Unique gene call 77
  --  Gene No. 52, gene caller: glimmer, leftEnd: 30319, rightEnd: 30765, strand: -, length: 447, contig: contig_937, protein: unknown, score1: 1.0, score2: 0.0
  --  Gene No. 57, gene caller: phanotate, leftEnd: 30319, rightEnd: 30765, strand: -, length: 447, contig: contig_937, protein: unknown, score1: 1.0, score2: 0.0
  --  Gene No. 47, gene caller: prodigal, leftEnd: 30319, rightEnd: 30765, strand: -, length: 447, contig: contig_937, protein: unknown, score1: 1.0, score2: 0.0
Unique gene call 78
  --  Gene No. 58, gene caller: phanotate, leftEnd: 30743, rightEnd: 30841, strand: -, length: 99, contig: contig_937, protein: unknown, score1: 0.3333333333333333, score2: 0.0
Unique gene call 79
  --  Gene No. 59, gene caller: phanotate, leftEnd: 30892, rightEnd: 31005, strand: -, length: 114, contig: contig_937, protein: unknown, score1: 0.3333333333333333, score2: 0.0
Unique gene call 80
  --  Gene No. 53, gene caller: glimmer, leftEnd: 31051, rightEnd: 31461, strand: -, length: 411, contig: contig_937, protein: unknown, score1: 1.0, score2: 0.0
  --  Gene No. 60, gene caller: phanotate, leftEnd: 31051, rightEnd: 31461, strand: -, length: 411, contig: contig_937, protein: unknown, score1: 1.0, score2: 0.0
  --  Gene No. 48, gene caller: prodigal, leftEnd: 31051, rightEnd: 31461, strand: -, length: 411, contig: contig_937, protein: unknown, score1: 1.0, score2: 0.0
Unique gene call 81
  --  Gene No. 54, gene caller: glimmer, leftEnd: 31532, rightEnd: 32173, strand: -, length: 642, contig: contig_937, protein: unknown, score1: 1.0, score2: 0.0
  --  Gene No. 61, gene caller: phanotate, leftEnd: 31532, rightEnd: 32173, strand: -, length: 642, contig: contig_937, protein: unknown, score1: 1.0, score2: 0.0
  --  Gene No. 49, gene caller: prodigal, leftEnd: 31532, rightEnd: 32173, strand: -, length: 642, contig: contig_937, protein: unknown, score1: 1.0, score2: 0.0
Unique gene call 82
  --  Gene No. 55, gene caller: glimmer, leftEnd: 32189, rightEnd: 33460, strand: -, length: 1272, contig: contig_937, protein: unknown, score1: 1.0, score2: 0.0
  --  Gene No. 62, gene caller: phanotate, leftEnd: 32189, rightEnd: 33460, strand: -, length: 1272, contig: contig_937, protein: unknown, score1: 1.0, score2: 0.0
  --  Gene No. 50, gene caller: prodigal, leftEnd: 32189, rightEnd: 33460, strand: -, length: 1272, contig: contig_937, protein: unknown, score1: 1.0, score2: 0.0
Unique gene call 83
  --  Gene No. 56, gene caller: glimmer, leftEnd: 33461, rightEnd: 34096, strand: -, length: 636, contig: contig_937, protein: unknown, score1: 0.8333333333333333, score2: 0.0
  --  Gene No. 51, gene caller: prodigal, leftEnd: 33461, rightEnd: 34096, strand: -, length: 636, contig: contig_937, protein: unknown, score1: 0.8333333333333333, score2: 0.0
Unique gene call 84
  --  Gene No. 63, gene caller: phanotate, leftEnd: 33461, rightEnd: 34129, strand: -, length: 669, contig: contig_937, protein: unknown, score1: 0.5, score2: 0.0
Unique gene call 85
  --  Gene No. 57, gene caller: glimmer, leftEnd: 34089, rightEnd: 35189, strand: -, length: 1101, contig: contig_937, protein: unknown, score1: 1.0, score2: 0.0
  --  Gene No. 64, gene caller: phanotate, leftEnd: 34089, rightEnd: 35189, strand: -, length: 1101, contig: contig_937, protein: unknown, score1: 1.0, score2: 0.0
  --  Gene No. 52, gene caller: prodigal, leftEnd: 34089, rightEnd: 35189, strand: -, length: 1101, contig: contig_937, protein: unknown, score1: 1.0, score2: 0.0
Unique gene call 86
  --  Gene No. 58, gene caller: glimmer, leftEnd: 35164, rightEnd: 35679, strand: -, length: 516, contig: contig_937, protein: unknown, score1: 1.0, score2: 0.0
  --  Gene No. 65, gene caller: phanotate, leftEnd: 35164, rightEnd: 35679, strand: -, length: 516, contig: contig_937, protein: unknown, score1: 1.0, score2: 0.0
  --  Gene No. 53, gene caller: prodigal, leftEnd: 35164, rightEnd: 35679, strand: -, length: 516, contig: contig_937, protein: unknown, score1: 1.0, score2: 0.0
Unique gene call 87
  --  Gene No. 59, gene caller: glimmer, leftEnd: 35676, rightEnd: 36194, strand: -, length: 519, contig: contig_937, protein: unknown, score1: 1.0, score2: 0.0
  --  Gene No. 66, gene caller: phanotate, leftEnd: 35676, rightEnd: 36194, strand: -, length: 519, contig: contig_937, protein: unknown, score1: 1.0, score2: 0.0
  --  Gene No. 54, gene caller: prodigal, leftEnd: 35676, rightEnd: 36194, strand: -, length: 519, contig: contig_937, protein: unknown, score1: 1.0, score2: 0.0
Unique gene call 88
  --  Gene No. 60, gene caller: glimmer, leftEnd: 36200, rightEnd: 37267, strand: -, length: 1068, contig: contig_937, protein: unknown, score1: 1.0, score2: 0.0
  --  Gene No. 67, gene caller: phanotate, leftEnd: 36200, rightEnd: 37267, strand: -, length: 1068, contig: contig_937, protein: unknown, score1: 1.0, score2: 0.0
  --  Gene No. 55, gene caller: prodigal, leftEnd: 36200, rightEnd: 37267, strand: -, length: 1068, contig: contig_937, protein: unknown, score1: 1.0, score2: 0.0
Unique gene call 89
  --  Gene No. 61, gene caller: glimmer, leftEnd: 37413, rightEnd: 38090, strand: -, length: 678, contig: contig_937, protein: unknown, score1: 1.0, score2: 0.0
  --  Gene No. 68, gene caller: phanotate, leftEnd: 37413, rightEnd: 38090, strand: -, length: 678, contig: contig_937, protein: unknown, score1: 1.0, score2: 0.0
  --  Gene No. 56, gene caller: prodigal, leftEnd: 37413, rightEnd: 38090, strand: -, length: 678, contig: contig_937, protein: unknown, score1: 1.0, score2: 0.0
Unique gene call 90
  --  Gene No. 62, gene caller: glimmer, leftEnd: 38092, rightEnd: 38541, strand: -, length: 450, contig: contig_937, protein: unknown, score1: 1.0, score2: 0.0
  --  Gene No. 69, gene caller: phanotate, leftEnd: 38092, rightEnd: 38541, strand: -, length: 450, contig: contig_937, protein: unknown, score1: 1.0, score2: 0.0
  --  Gene No. 57, gene caller: prodigal, leftEnd: 38092, rightEnd: 38541, strand: -, length: 450, contig: contig_937, protein: unknown, score1: 1.0, score2: 0.0
Unique gene call 91
  --  Gene No. 70, gene caller: phanotate, leftEnd: 38546, rightEnd: 38938, strand: -, length: 393, contig: contig_937, protein: unknown, score1: 0.8333333333333333, score2: 0.0
  --  Gene No. 58, gene caller: prodigal, leftEnd: 38546, rightEnd: 38938, strand: -, length: 393, contig: contig_937, protein: unknown, score1: 0.8333333333333333, score2: 0.0
Code complete at 2021-04-21 09:48:00.334107
