Opening log at 2021-04-21 09:31:19.515595
Iterating through fileSet at 2021-04-21 09:31:19.515740
fileSet is ['/home/james/Software/multiPhATE2/PipelineOutput/contig_2534/commoncore.cgc', '/home/james/Software/multiPhATE2/PipelineOutput/contig_2534/consensus.cgc', '/home/james/Software/multiPhATE2/PipelineOutput/contig_2534/glimmer.cgc', '/home/james/Software/multiPhATE2/PipelineOutput/contig_2534/phanotate.cgc', '/home/james/Software/multiPhATE2/PipelineOutput/contig_2534/prodigal.cgc', '/home/james/Software/multiPhATE2/PipelineOutput/contig_2534/superset.cgc']
Opening geneFile /home/james/Software/multiPhATE2/PipelineOutput/contig_2534/commoncore.cgc
Adding calls from geneFile /home/james/Software/multiPhATE2/PipelineOutput/contig_2534/commoncore.cgc
Appending call set  number of calls is: 0
Opening geneFile /home/james/Software/multiPhATE2/PipelineOutput/contig_2534/consensus.cgc
Adding calls from geneFile /home/james/Software/multiPhATE2/PipelineOutput/contig_2534/consensus.cgc
Appending call set  number of calls is: 0
Opening geneFile /home/james/Software/multiPhATE2/PipelineOutput/contig_2534/glimmer.cgc
Adding calls from geneFile /home/james/Software/multiPhATE2/PipelineOutput/contig_2534/glimmer.cgc
Appending call set  number of calls is: 24
Opening geneFile /home/james/Software/multiPhATE2/PipelineOutput/contig_2534/phanotate.cgc
Adding calls from geneFile /home/james/Software/multiPhATE2/PipelineOutput/contig_2534/phanotate.cgc
Appending call set  number of calls is: 27
Opening geneFile /home/james/Software/multiPhATE2/PipelineOutput/contig_2534/prodigal.cgc
Adding calls from geneFile /home/james/Software/multiPhATE2/PipelineOutput/contig_2534/prodigal.cgc
Appending call set  number of calls is: 26
Opening geneFile /home/james/Software/multiPhATE2/PipelineOutput/contig_2534/superset.cgc
Adding calls from geneFile /home/james/Software/multiPhATE2/PipelineOutput/contig_2534/superset.cgc
Appending call set  number of calls is: 0
All call sets have been added to caller list. Number of call sets in callerList: 6
callerList is   glimmer phanotate prodigal  
Total number of gene calls across callerList call sets is: 77
Sorting gene calls for each caller
Processing a callSet
Before sorting, Length of callerList for caller  is 0
After sorting, Length of callerList for caller  is 0
Processing a callSet
Before sorting, Length of callerList for caller  is 0
After sorting, Length of callerList for caller  is 0
Processing a callSet
Before sorting, Length of callerList for caller glimmer is 24
After sorting, Length of callerList for caller glimmer is 24
Processing a callSet
Before sorting, Length of callerList for caller phanotate is 27
After sorting, Length of callerList for caller phanotate is 27
Processing a callSet
Before sorting, Length of callerList for caller prodigal is 26
After sorting, Length of callerList for caller prodigal is 26
Processing a callSet
Before sorting, Length of callerList for caller  is 0
After sorting, Length of callerList for caller  is 0
callSet processing complete
Comparing across the call sets...
Merging the geneCall sets....
Final merged genes:

***************Merge List
1	Gene No. 1, gene caller: prodigal, leftEnd: 2, rightEnd: 403, strand: -, length: 402, contig: contig_2534, protein: unknown, score1: 1.0, score2: 0.0
2	Gene No. 1, gene caller: phanotate, leftEnd: 2, rightEnd: 442, strand: -, length: 441, contig: contig_2534, protein: unknown, score1: 1.0, score2: 0.0
3	Gene No. 2, gene caller: prodigal, leftEnd: 435, rightEnd: 1028, strand: -, length: 594, contig: contig_2534, protein: unknown, score1: 1.0, score2: 0.0
4	Gene No. 1, gene caller: glimmer, leftEnd: 435, rightEnd: 1058, strand: -, length: 624, contig: contig_2534, protein: unknown, score1: 1.0, score2: 0.0
5	Gene No. 2, gene caller: phanotate, leftEnd: 435, rightEnd: 1058, strand: -, length: 624, contig: contig_2534, protein: unknown, score1: 1.0, score2: 0.0
6	Gene No. 2, gene caller: glimmer, leftEnd: 1061, rightEnd: 1468, strand: -, length: 408, contig: contig_2534, protein: unknown, score1: 1.0, score2: 0.0
7	Gene No. 3, gene caller: phanotate, leftEnd: 1061, rightEnd: 1468, strand: -, length: 408, contig: contig_2534, protein: unknown, score1: 1.0, score2: 0.0
8	Gene No. 3, gene caller: prodigal, leftEnd: 1061, rightEnd: 1468, strand: -, length: 408, contig: contig_2534, protein: unknown, score1: 1.0, score2: 0.0
9	Gene No. 3, gene caller: glimmer, leftEnd: 1547, rightEnd: 1939, strand: -, length: 393, contig: contig_2534, protein: unknown, score1: 1.0, score2: 0.0
10	Gene No. 4, gene caller: phanotate, leftEnd: 1547, rightEnd: 1942, strand: -, length: 396, contig: contig_2534, protein: unknown, score1: 1.0, score2: 0.0
11	Gene No. 4, gene caller: prodigal, leftEnd: 1547, rightEnd: 1942, strand: -, length: 396, contig: contig_2534, protein: unknown, score1: 1.0, score2: 0.0
12	Gene No. 4, gene caller: glimmer, leftEnd: 1929, rightEnd: 2174, strand: -, length: 246, contig: contig_2534, protein: unknown, score1: 1.0, score2: 0.0
13	Gene No. 5, gene caller: phanotate, leftEnd: 1929, rightEnd: 2174, strand: -, length: 246, contig: contig_2534, protein: unknown, score1: 1.0, score2: 0.0
14	Gene No. 5, gene caller: prodigal, leftEnd: 1929, rightEnd: 2174, strand: -, length: 246, contig: contig_2534, protein: unknown, score1: 1.0, score2: 0.0
15	Gene No. 5, gene caller: glimmer, leftEnd: 2183, rightEnd: 3049, strand: -, length: 867, contig: contig_2534, protein: unknown, score1: 1.0, score2: 0.0
16	Gene No. 6, gene caller: phanotate, leftEnd: 2183, rightEnd: 3049, strand: -, length: 867, contig: contig_2534, protein: unknown, score1: 1.0, score2: 0.0
17	Gene No. 6, gene caller: prodigal, leftEnd: 2183, rightEnd: 3049, strand: -, length: 867, contig: contig_2534, protein: unknown, score1: 1.0, score2: 0.0
18	Gene No. 6, gene caller: glimmer, leftEnd: 3078, rightEnd: 3518, strand: -, length: 441, contig: contig_2534, protein: unknown, score1: 1.0, score2: 0.0
19	Gene No. 7, gene caller: phanotate, leftEnd: 3078, rightEnd: 3518, strand: -, length: 441, contig: contig_2534, protein: unknown, score1: 1.0, score2: 0.0
20	Gene No. 7, gene caller: prodigal, leftEnd: 3078, rightEnd: 3518, strand: -, length: 441, contig: contig_2534, protein: unknown, score1: 1.0, score2: 0.0
21	Gene No. 7, gene caller: glimmer, leftEnd: 3534, rightEnd: 3812, strand: -, length: 279, contig: contig_2534, protein: unknown, score1: 1.0, score2: 0.0
22	Gene No. 8, gene caller: phanotate, leftEnd: 3534, rightEnd: 3812, strand: -, length: 279, contig: contig_2534, protein: unknown, score1: 1.0, score2: 0.0
23	Gene No. 8, gene caller: prodigal, leftEnd: 3534, rightEnd: 3812, strand: -, length: 279, contig: contig_2534, protein: unknown, score1: 1.0, score2: 0.0
24	Gene No. 8, gene caller: glimmer, leftEnd: 3812, rightEnd: 5044, strand: -, length: 1233, contig: contig_2534, protein: unknown, score1: 1.0, score2: 0.0
25	Gene No. 9, gene caller: phanotate, leftEnd: 3812, rightEnd: 5044, strand: -, length: 1233, contig: contig_2534, protein: unknown, score1: 1.0, score2: 0.0
26	Gene No. 9, gene caller: prodigal, leftEnd: 3812, rightEnd: 5044, strand: -, length: 1233, contig: contig_2534, protein: unknown, score1: 1.0, score2: 0.0
27	Gene No. 9, gene caller: glimmer, leftEnd: 5044, rightEnd: 6825, strand: -, length: 1782, contig: contig_2534, protein: unknown, score1: 1.0, score2: 0.0
28	Gene No. 10, gene caller: phanotate, leftEnd: 5044, rightEnd: 6825, strand: -, length: 1782, contig: contig_2534, protein: unknown, score1: 1.0, score2: 0.0
29	Gene No. 10, gene caller: prodigal, leftEnd: 5044, rightEnd: 6825, strand: -, length: 1782, contig: contig_2534, protein: unknown, score1: 1.0, score2: 0.0
30	Gene No. 10, gene caller: glimmer, leftEnd: 6841, rightEnd: 7815, strand: -, length: 975, contig: contig_2534, protein: unknown, score1: 1.0, score2: 0.0
31	Gene No. 11, gene caller: phanotate, leftEnd: 6841, rightEnd: 7815, strand: -, length: 975, contig: contig_2534, protein: unknown, score1: 1.0, score2: 0.0
32	Gene No. 11, gene caller: prodigal, leftEnd: 6841, rightEnd: 7815, strand: -, length: 975, contig: contig_2534, protein: unknown, score1: 1.0, score2: 0.0
33	Gene No. 11, gene caller: glimmer, leftEnd: 7827, rightEnd: 8132, strand: -, length: 306, contig: contig_2534, protein: unknown, score1: 1.0, score2: 0.0
34	Gene No. 12, gene caller: phanotate, leftEnd: 7827, rightEnd: 8132, strand: -, length: 306, contig: contig_2534, protein: unknown, score1: 1.0, score2: 0.0
35	Gene No. 12, gene caller: prodigal, leftEnd: 7827, rightEnd: 8132, strand: -, length: 306, contig: contig_2534, protein: unknown, score1: 1.0, score2: 0.0
36	Gene No. 12, gene caller: glimmer, leftEnd: 8245, rightEnd: 8550, strand: +, length: 306, contig: contig_2534, protein: unknown, score1: 1.0, score2: 0.0
37	Gene No. 13, gene caller: phanotate, leftEnd: 8245, rightEnd: 8550, strand: +, length: 306, contig: contig_2534, protein: unknown, score1: 1.0, score2: 0.0
38	Gene No. 13, gene caller: prodigal, leftEnd: 8245, rightEnd: 8550, strand: +, length: 306, contig: contig_2534, protein: unknown, score1: 1.0, score2: 0.0
39	Gene No. 13, gene caller: glimmer, leftEnd: 8562, rightEnd: 9212, strand: +, length: 651, contig: contig_2534, protein: unknown, score1: 1.0, score2: 0.0
40	Gene No. 14, gene caller: phanotate, leftEnd: 8562, rightEnd: 9212, strand: +, length: 651, contig: contig_2534, protein: unknown, score1: 1.0, score2: 0.0
41	Gene No. 14, gene caller: prodigal, leftEnd: 8562, rightEnd: 9212, strand: +, length: 651, contig: contig_2534, protein: unknown, score1: 1.0, score2: 0.0
42	Gene No. 14, gene caller: glimmer, leftEnd: 9228, rightEnd: 9827, strand: +, length: 600, contig: contig_2534, protein: unknown, score1: 1.0, score2: 0.0
43	Gene No. 15, gene caller: phanotate, leftEnd: 9228, rightEnd: 9827, strand: +, length: 600, contig: contig_2534, protein: unknown, score1: 1.0, score2: 0.0
44	Gene No. 15, gene caller: prodigal, leftEnd: 9228, rightEnd: 9827, strand: +, length: 600, contig: contig_2534, protein: unknown, score1: 1.0, score2: 0.0
45	Gene No. 15, gene caller: glimmer, leftEnd: 9843, rightEnd: 11624, strand: +, length: 1782, contig: contig_2534, protein: unknown, score1: 1.0, score2: 0.0
46	Gene No. 16, gene caller: phanotate, leftEnd: 9843, rightEnd: 11624, strand: +, length: 1782, contig: contig_2534, protein: unknown, score1: 1.0, score2: 0.0
47	Gene No. 16, gene caller: prodigal, leftEnd: 9843, rightEnd: 11624, strand: +, length: 1782, contig: contig_2534, protein: unknown, score1: 1.0, score2: 0.0
48	Gene No. 16, gene caller: glimmer, leftEnd: 11624, rightEnd: 12856, strand: +, length: 1233, contig: contig_2534, protein: unknown, score1: 1.0, score2: 0.0
49	Gene No. 17, gene caller: phanotate, leftEnd: 11624, rightEnd: 12856, strand: +, length: 1233, contig: contig_2534, protein: unknown, score1: 1.0, score2: 0.0
50	Gene No. 17, gene caller: prodigal, leftEnd: 11624, rightEnd: 12856, strand: +, length: 1233, contig: contig_2534, protein: unknown, score1: 1.0, score2: 0.0
51	Gene No. 17, gene caller: glimmer, leftEnd: 12856, rightEnd: 13134, strand: +, length: 279, contig: contig_2534, protein: unknown, score1: 1.0, score2: 0.0
52	Gene No. 18, gene caller: phanotate, leftEnd: 12856, rightEnd: 13134, strand: +, length: 279, contig: contig_2534, protein: unknown, score1: 1.0, score2: 0.0
53	Gene No. 18, gene caller: prodigal, leftEnd: 12856, rightEnd: 13134, strand: +, length: 279, contig: contig_2534, protein: unknown, score1: 1.0, score2: 0.0
54	Gene No. 18, gene caller: glimmer, leftEnd: 13150, rightEnd: 13590, strand: +, length: 441, contig: contig_2534, protein: unknown, score1: 1.0, score2: 0.0
55	Gene No. 19, gene caller: phanotate, leftEnd: 13150, rightEnd: 13590, strand: +, length: 441, contig: contig_2534, protein: unknown, score1: 1.0, score2: 0.0
56	Gene No. 19, gene caller: prodigal, leftEnd: 13150, rightEnd: 13590, strand: +, length: 441, contig: contig_2534, protein: unknown, score1: 1.0, score2: 0.0
57	Gene No. 19, gene caller: glimmer, leftEnd: 13619, rightEnd: 14485, strand: +, length: 867, contig: contig_2534, protein: unknown, score1: 1.0, score2: 0.0
58	Gene No. 20, gene caller: phanotate, leftEnd: 13619, rightEnd: 14485, strand: +, length: 867, contig: contig_2534, protein: unknown, score1: 1.0, score2: 0.0
59	Gene No. 20, gene caller: prodigal, leftEnd: 13619, rightEnd: 14485, strand: +, length: 867, contig: contig_2534, protein: unknown, score1: 1.0, score2: 0.0
60	Gene No. 20, gene caller: glimmer, leftEnd: 14494, rightEnd: 14739, strand: +, length: 246, contig: contig_2534, protein: unknown, score1: 1.0, score2: 0.0
61	Gene No. 21, gene caller: phanotate, leftEnd: 14494, rightEnd: 14739, strand: +, length: 246, contig: contig_2534, protein: unknown, score1: 1.0, score2: 0.0
62	Gene No. 21, gene caller: prodigal, leftEnd: 14494, rightEnd: 14739, strand: +, length: 246, contig: contig_2534, protein: unknown, score1: 1.0, score2: 0.0
63	Gene No. 21, gene caller: glimmer, leftEnd: 14726, rightEnd: 15121, strand: +, length: 396, contig: contig_2534, protein: unknown, score1: 1.0, score2: 0.0
64	Gene No. 22, gene caller: phanotate, leftEnd: 14726, rightEnd: 15121, strand: +, length: 396, contig: contig_2534, protein: unknown, score1: 1.0, score2: 0.0
65	Gene No. 22, gene caller: prodigal, leftEnd: 14726, rightEnd: 15121, strand: +, length: 396, contig: contig_2534, protein: unknown, score1: 1.0, score2: 0.0
66	Gene No. 22, gene caller: glimmer, leftEnd: 15200, rightEnd: 15607, strand: +, length: 408, contig: contig_2534, protein: unknown, score1: 1.0, score2: 0.0
67	Gene No. 23, gene caller: phanotate, leftEnd: 15200, rightEnd: 15607, strand: +, length: 408, contig: contig_2534, protein: unknown, score1: 1.0, score2: 0.0
68	Gene No. 23, gene caller: prodigal, leftEnd: 15200, rightEnd: 15607, strand: +, length: 408, contig: contig_2534, protein: unknown, score1: 1.0, score2: 0.0
69	Gene No. 23, gene caller: glimmer, leftEnd: 15610, rightEnd: 16056, strand: +, length: 447, contig: contig_2534, protein: unknown, score1: 1.0, score2: 0.0
70	Gene No. 24, gene caller: phanotate, leftEnd: 15610, rightEnd: 16056, strand: +, length: 447, contig: contig_2534, protein: unknown, score1: 1.0, score2: 0.0
71	Gene No. 24, gene caller: prodigal, leftEnd: 15640, rightEnd: 16056, strand: +, length: 417, contig: contig_2534, protein: unknown, score1: 1.0, score2: 0.0
72	Gene No. 25, gene caller: phanotate, leftEnd: 16023, rightEnd: 16184, strand: -, length: 162, contig: contig_2534, protein: unknown, score1: 1.0, score2: 0.0
73	Gene No. 26, gene caller: phanotate, leftEnd: 16407, rightEnd: 16520, strand: -, length: 114, contig: contig_2534, protein: unknown, score1: 1.0, score2: 0.0
74	Gene No. 24, gene caller: glimmer, leftEnd: 16457, rightEnd: 16627, strand: +, length: 171, contig: contig_2534, protein: unknown, score1: 1.0, score2: 0.0
75	Gene No. 25, gene caller: prodigal, leftEnd: 16457, rightEnd: 16627, strand: +, length: 171, contig: contig_2534, protein: unknown, score1: 1.0, score2: 0.0
76	Gene No. 27, gene caller: phanotate, leftEnd: 16526, rightEnd: 16648, strand: -, length: 123, contig: contig_2534, protein: unknown, score1: 1.0, score2: 0.0
77	Gene No. 26, gene caller: prodigal, leftEnd: 16578, rightEnd: 16649, strand: +, length: 72, contig: contig_2534, protein: unknown, score1: 1.0, score2: 0.0
Comparing across geneCall sets....
Scoring gene calls....
Identifying common core...
This is the Common Core List:

***************Common Core
CC-gene 1	Gene No. 1, gene caller: All_callers, leftEnd: 1061, rightEnd: 1468, strand: -, length: 408, contig: contig_2534, protein: unknown, score1: 1.0, score2: 0.0
CC-gene 2	Gene No. 1, gene caller: All_callers, leftEnd: 1929, rightEnd: 2174, strand: -, length: 246, contig: contig_2534, protein: unknown, score1: 1.0, score2: 0.0
CC-gene 3	Gene No. 1, gene caller: All_callers, leftEnd: 2183, rightEnd: 3049, strand: -, length: 867, contig: contig_2534, protein: unknown, score1: 1.0, score2: 0.0
CC-gene 4	Gene No. 1, gene caller: All_callers, leftEnd: 3078, rightEnd: 3518, strand: -, length: 441, contig: contig_2534, protein: unknown, score1: 1.0, score2: 0.0
CC-gene 5	Gene No. 1, gene caller: All_callers, leftEnd: 3534, rightEnd: 3812, strand: -, length: 279, contig: contig_2534, protein: unknown, score1: 1.0, score2: 0.0
CC-gene 6	Gene No. 1, gene caller: All_callers, leftEnd: 3812, rightEnd: 5044, strand: -, length: 1233, contig: contig_2534, protein: unknown, score1: 1.0, score2: 0.0
CC-gene 7	Gene No. 1, gene caller: All_callers, leftEnd: 5044, rightEnd: 6825, strand: -, length: 1782, contig: contig_2534, protein: unknown, score1: 1.0, score2: 0.0
CC-gene 8	Gene No. 1, gene caller: All_callers, leftEnd: 6841, rightEnd: 7815, strand: -, length: 975, contig: contig_2534, protein: unknown, score1: 1.0, score2: 0.0
CC-gene 9	Gene No. 1, gene caller: All_callers, leftEnd: 7827, rightEnd: 8132, strand: -, length: 306, contig: contig_2534, protein: unknown, score1: 1.0, score2: 0.0
CC-gene 10	Gene No. 1, gene caller: All_callers, leftEnd: 8245, rightEnd: 8550, strand: +, length: 306, contig: contig_2534, protein: unknown, score1: 1.0, score2: 0.0
CC-gene 11	Gene No. 1, gene caller: All_callers, leftEnd: 8562, rightEnd: 9212, strand: +, length: 651, contig: contig_2534, protein: unknown, score1: 1.0, score2: 0.0
CC-gene 12	Gene No. 1, gene caller: All_callers, leftEnd: 9228, rightEnd: 9827, strand: +, length: 600, contig: contig_2534, protein: unknown, score1: 1.0, score2: 0.0
CC-gene 13	Gene No. 1, gene caller: All_callers, leftEnd: 9843, rightEnd: 11624, strand: +, length: 1782, contig: contig_2534, protein: unknown, score1: 1.0, score2: 0.0
CC-gene 14	Gene No. 1, gene caller: All_callers, leftEnd: 11624, rightEnd: 12856, strand: +, length: 1233, contig: contig_2534, protein: unknown, score1: 1.0, score2: 0.0
CC-gene 15	Gene No. 1, gene caller: All_callers, leftEnd: 12856, rightEnd: 13134, strand: +, length: 279, contig: contig_2534, protein: unknown, score1: 1.0, score2: 0.0
CC-gene 16	Gene No. 1, gene caller: All_callers, leftEnd: 13150, rightEnd: 13590, strand: +, length: 441, contig: contig_2534, protein: unknown, score1: 1.0, score2: 0.0
CC-gene 17	Gene No. 1, gene caller: All_callers, leftEnd: 13619, rightEnd: 14485, strand: +, length: 867, contig: contig_2534, protein: unknown, score1: 1.0, score2: 0.0
CC-gene 18	Gene No. 1, gene caller: All_callers, leftEnd: 14494, rightEnd: 14739, strand: +, length: 246, contig: contig_2534, protein: unknown, score1: 1.0, score2: 0.0
CC-gene 19	Gene No. 1, gene caller: All_callers, leftEnd: 14726, rightEnd: 15121, strand: +, length: 396, contig: contig_2534, protein: unknown, score1: 1.0, score2: 0.0
CC-gene 20	Gene No. 1, gene caller: All_callers, leftEnd: 15200, rightEnd: 15607, strand: +, length: 408, contig: contig_2534, protein: unknown, score1: 1.0, score2: 0.0
Printing gene-call superset, consensus, and common_core in GFF and CGC formats
Printing report....
The following gene callers were considered: glimmer, phanotate, prodigal, The number of distinct gene calls over all gene callers is 33
The number of gene calls in common among all callers is 20
The number of unique (non-matching) gene calls is9
Caller glimmer produced 24 gene calls.
Caller glimmer gene-call length stats:  min: 171, max: 1782, ave: 640.875
Caller phanotate produced 27 gene calls.
Caller phanotate gene-call length stats:  min: 114, max: 1782, ave: 594.5555555555555
Caller prodigal produced 26 gene calls.
Caller prodigal gene-call length stats:  min: 72, max: 1782, ave: 607.6153846153846

Gene-call Scores:
Caller	Contig	Gene No.	Left End	Right End	Strand	gcScore
prodigal	contig_2534	1	2	403	-	0.50
phanotate	contig_2534	1	2	442	-	0.50
prodigal	contig_2534	2	435	1028	-	0.50
glimmer	contig_2534	1	435	1058	-	0.83
phanotate	contig_2534	2	435	1058	-	0.83
glimmer	contig_2534	2	1061	1468	-	1.00
phanotate	contig_2534	3	1061	1468	-	1.00
prodigal	contig_2534	3	1061	1468	-	1.00
glimmer	contig_2534	3	1547	1939	-	0.50
phanotate	contig_2534	4	1547	1942	-	0.83
prodigal	contig_2534	4	1547	1942	-	0.83
glimmer	contig_2534	4	1929	2174	-	1.00
phanotate	contig_2534	5	1929	2174	-	1.00
prodigal	contig_2534	5	1929	2174	-	1.00
glimmer	contig_2534	5	2183	3049	-	1.00
phanotate	contig_2534	6	2183	3049	-	1.00
prodigal	contig_2534	6	2183	3049	-	1.00
glimmer	contig_2534	6	3078	3518	-	1.00
phanotate	contig_2534	7	3078	3518	-	1.00
prodigal	contig_2534	7	3078	3518	-	1.00
glimmer	contig_2534	7	3534	3812	-	1.00
phanotate	contig_2534	8	3534	3812	-	1.00
prodigal	contig_2534	8	3534	3812	-	1.00
glimmer	contig_2534	8	3812	5044	-	1.00
phanotate	contig_2534	9	3812	5044	-	1.00
prodigal	contig_2534	9	3812	5044	-	1.00
glimmer	contig_2534	9	5044	6825	-	1.00
phanotate	contig_2534	10	5044	6825	-	1.00
prodigal	contig_2534	10	5044	6825	-	1.00
glimmer	contig_2534	10	6841	7815	-	1.00
phanotate	contig_2534	11	6841	7815	-	1.00
prodigal	contig_2534	11	6841	7815	-	1.00
glimmer	contig_2534	11	7827	8132	-	1.00
phanotate	contig_2534	12	7827	8132	-	1.00
prodigal	contig_2534	12	7827	8132	-	1.00
glimmer	contig_2534	12	8245	8550	+	1.00
phanotate	contig_2534	13	8245	8550	+	1.00
prodigal	contig_2534	13	8245	8550	+	1.00
glimmer	contig_2534	13	8562	9212	+	1.00
phanotate	contig_2534	14	8562	9212	+	1.00
prodigal	contig_2534	14	8562	9212	+	1.00
glimmer	contig_2534	14	9228	9827	+	1.00
phanotate	contig_2534	15	9228	9827	+	1.00
prodigal	contig_2534	15	9228	9827	+	1.00
glimmer	contig_2534	15	9843	11624	+	1.00
phanotate	contig_2534	16	9843	11624	+	1.00
prodigal	contig_2534	16	9843	11624	+	1.00
glimmer	contig_2534	16	11624	12856	+	1.00
phanotate	contig_2534	17	11624	12856	+	1.00
prodigal	contig_2534	17	11624	12856	+	1.00
glimmer	contig_2534	17	12856	13134	+	1.00
phanotate	contig_2534	18	12856	13134	+	1.00
prodigal	contig_2534	18	12856	13134	+	1.00
glimmer	contig_2534	18	13150	13590	+	1.00
phanotate	contig_2534	19	13150	13590	+	1.00
prodigal	contig_2534	19	13150	13590	+	1.00
glimmer	contig_2534	19	13619	14485	+	1.00
phanotate	contig_2534	20	13619	14485	+	1.00
prodigal	contig_2534	20	13619	14485	+	1.00
glimmer	contig_2534	20	14494	14739	+	1.00
phanotate	contig_2534	21	14494	14739	+	1.00
prodigal	contig_2534	21	14494	14739	+	1.00
glimmer	contig_2534	21	14726	15121	+	1.00
phanotate	contig_2534	22	14726	15121	+	1.00
prodigal	contig_2534	22	14726	15121	+	1.00
glimmer	contig_2534	22	15200	15607	+	1.00
phanotate	contig_2534	23	15200	15607	+	1.00
prodigal	contig_2534	23	15200	15607	+	1.00
glimmer	contig_2534	23	15610	16056	+	0.83
phanotate	contig_2534	24	15610	16056	+	0.83
prodigal	contig_2534	24	15640	16056	+	0.50
phanotate	contig_2534	25	16023	16184	-	0.33
phanotate	contig_2534	26	16407	16520	-	0.33
glimmer	contig_2534	24	16457	16627	+	0.83
prodigal	contig_2534	25	16457	16627	+	0.83
phanotate	contig_2534	27	16526	16648	-	0.33
prodigal	contig_2534	26	16578	16649	+	0.33

Gene-call Consensus Scores:
Caller glimmer average gene-call score: 0.96
Caller phanotate average gene-call score: 0.89
Caller prodigal average gene-call score: 0.90

***************Unique List
Unique gene call 1
  --  Gene No. 1, gene caller: prodigal, leftEnd: 2, rightEnd: 403, strand: -, length: 402, contig: contig_2534, protein: unknown, score1: 0.5, score2: 0.0
Unique gene call 2
  --  Gene No. 1, gene caller: phanotate, leftEnd: 2, rightEnd: 442, strand: -, length: 441, contig: contig_2534, protein: unknown, score1: 0.5, score2: 0.0
Unique gene call 3
  --  Gene No. 2, gene caller: prodigal, leftEnd: 435, rightEnd: 1028, strand: -, length: 594, contig: contig_2534, protein: unknown, score1: 0.5, score2: 0.0
Unique gene call 4
  --  Gene No. 1, gene caller: glimmer, leftEnd: 435, rightEnd: 1058, strand: -, length: 624, contig: contig_2534, protein: unknown, score1: 0.8333333333333333, score2: 0.0
  --  Gene No. 2, gene caller: phanotate, leftEnd: 435, rightEnd: 1058, strand: -, length: 624, contig: contig_2534, protein: unknown, score1: 0.8333333333333333, score2: 0.0
Unique gene call 5
  --  Gene No. 2, gene caller: glimmer, leftEnd: 1061, rightEnd: 1468, strand: -, length: 408, contig: contig_2534, protein: unknown, score1: 1.0, score2: 0.0
  --  Gene No. 3, gene caller: phanotate, leftEnd: 1061, rightEnd: 1468, strand: -, length: 408, contig: contig_2534, protein: unknown, score1: 1.0, score2: 0.0
  --  Gene No. 3, gene caller: prodigal, leftEnd: 1061, rightEnd: 1468, strand: -, length: 408, contig: contig_2534, protein: unknown, score1: 1.0, score2: 0.0
Unique gene call 6
  --  Gene No. 3, gene caller: glimmer, leftEnd: 1547, rightEnd: 1939, strand: -, length: 393, contig: contig_2534, protein: unknown, score1: 0.5, score2: 0.0
Unique gene call 7
  --  Gene No. 4, gene caller: phanotate, leftEnd: 1547, rightEnd: 1942, strand: -, length: 396, contig: contig_2534, protein: unknown, score1: 0.8333333333333333, score2: 0.0
  --  Gene No. 4, gene caller: prodigal, leftEnd: 1547, rightEnd: 1942, strand: -, length: 396, contig: contig_2534, protein: unknown, score1: 0.8333333333333333, score2: 0.0
Unique gene call 8
  --  Gene No. 4, gene caller: glimmer, leftEnd: 1929, rightEnd: 2174, strand: -, length: 246, contig: contig_2534, protein: unknown, score1: 1.0, score2: 0.0
  --  Gene No. 5, gene caller: phanotate, leftEnd: 1929, rightEnd: 2174, strand: -, length: 246, contig: contig_2534, protein: unknown, score1: 1.0, score2: 0.0
  --  Gene No. 5, gene caller: prodigal, leftEnd: 1929, rightEnd: 2174, strand: -, length: 246, contig: contig_2534, protein: unknown, score1: 1.0, score2: 0.0
Unique gene call 9
  --  Gene No. 5, gene caller: glimmer, leftEnd: 2183, rightEnd: 3049, strand: -, length: 867, contig: contig_2534, protein: unknown, score1: 1.0, score2: 0.0
  --  Gene No. 6, gene caller: phanotate, leftEnd: 2183, rightEnd: 3049, strand: -, length: 867, contig: contig_2534, protein: unknown, score1: 1.0, score2: 0.0
  --  Gene No. 6, gene caller: prodigal, leftEnd: 2183, rightEnd: 3049, strand: -, length: 867, contig: contig_2534, protein: unknown, score1: 1.0, score2: 0.0
Unique gene call 10
  --  Gene No. 6, gene caller: glimmer, leftEnd: 3078, rightEnd: 3518, strand: -, length: 441, contig: contig_2534, protein: unknown, score1: 1.0, score2: 0.0
  --  Gene No. 7, gene caller: phanotate, leftEnd: 3078, rightEnd: 3518, strand: -, length: 441, contig: contig_2534, protein: unknown, score1: 1.0, score2: 0.0
  --  Gene No. 7, gene caller: prodigal, leftEnd: 3078, rightEnd: 3518, strand: -, length: 441, contig: contig_2534, protein: unknown, score1: 1.0, score2: 0.0
Unique gene call 11
  --  Gene No. 7, gene caller: glimmer, leftEnd: 3534, rightEnd: 3812, strand: -, length: 279, contig: contig_2534, protein: unknown, score1: 1.0, score2: 0.0
  --  Gene No. 8, gene caller: phanotate, leftEnd: 3534, rightEnd: 3812, strand: -, length: 279, contig: contig_2534, protein: unknown, score1: 1.0, score2: 0.0
  --  Gene No. 8, gene caller: prodigal, leftEnd: 3534, rightEnd: 3812, strand: -, length: 279, contig: contig_2534, protein: unknown, score1: 1.0, score2: 0.0
Unique gene call 12
  --  Gene No. 8, gene caller: glimmer, leftEnd: 3812, rightEnd: 5044, strand: -, length: 1233, contig: contig_2534, protein: unknown, score1: 1.0, score2: 0.0
  --  Gene No. 9, gene caller: phanotate, leftEnd: 3812, rightEnd: 5044, strand: -, length: 1233, contig: contig_2534, protein: unknown, score1: 1.0, score2: 0.0
  --  Gene No. 9, gene caller: prodigal, leftEnd: 3812, rightEnd: 5044, strand: -, length: 1233, contig: contig_2534, protein: unknown, score1: 1.0, score2: 0.0
Unique gene call 13
  --  Gene No. 9, gene caller: glimmer, leftEnd: 5044, rightEnd: 6825, strand: -, length: 1782, contig: contig_2534, protein: unknown, score1: 1.0, score2: 0.0
  --  Gene No. 10, gene caller: phanotate, leftEnd: 5044, rightEnd: 6825, strand: -, length: 1782, contig: contig_2534, protein: unknown, score1: 1.0, score2: 0.0
  --  Gene No. 10, gene caller: prodigal, leftEnd: 5044, rightEnd: 6825, strand: -, length: 1782, contig: contig_2534, protein: unknown, score1: 1.0, score2: 0.0
Unique gene call 14
  --  Gene No. 10, gene caller: glimmer, leftEnd: 6841, rightEnd: 7815, strand: -, length: 975, contig: contig_2534, protein: unknown, score1: 1.0, score2: 0.0
  --  Gene No. 11, gene caller: phanotate, leftEnd: 6841, rightEnd: 7815, strand: -, length: 975, contig: contig_2534, protein: unknown, score1: 1.0, score2: 0.0
  --  Gene No. 11, gene caller: prodigal, leftEnd: 6841, rightEnd: 7815, strand: -, length: 975, contig: contig_2534, protein: unknown, score1: 1.0, score2: 0.0
Unique gene call 15
  --  Gene No. 11, gene caller: glimmer, leftEnd: 7827, rightEnd: 8132, strand: -, length: 306, contig: contig_2534, protein: unknown, score1: 1.0, score2: 0.0
  --  Gene No. 12, gene caller: phanotate, leftEnd: 7827, rightEnd: 8132, strand: -, length: 306, contig: contig_2534, protein: unknown, score1: 1.0, score2: 0.0
  --  Gene No. 12, gene caller: prodigal, leftEnd: 7827, rightEnd: 8132, strand: -, length: 306, contig: contig_2534, protein: unknown, score1: 1.0, score2: 0.0
Unique gene call 16
  --  Gene No. 12, gene caller: glimmer, leftEnd: 8245, rightEnd: 8550, strand: +, length: 306, contig: contig_2534, protein: unknown, score1: 1.0, score2: 0.0
  --  Gene No. 13, gene caller: phanotate, leftEnd: 8245, rightEnd: 8550, strand: +, length: 306, contig: contig_2534, protein: unknown, score1: 1.0, score2: 0.0
  --  Gene No. 13, gene caller: prodigal, leftEnd: 8245, rightEnd: 8550, strand: +, length: 306, contig: contig_2534, protein: unknown, score1: 1.0, score2: 0.0
Unique gene call 17
  --  Gene No. 13, gene caller: glimmer, leftEnd: 8562, rightEnd: 9212, strand: +, length: 651, contig: contig_2534, protein: unknown, score1: 1.0, score2: 0.0
  --  Gene No. 14, gene caller: phanotate, leftEnd: 8562, rightEnd: 9212, strand: +, length: 651, contig: contig_2534, protein: unknown, score1: 1.0, score2: 0.0
  --  Gene No. 14, gene caller: prodigal, leftEnd: 8562, rightEnd: 9212, strand: +, length: 651, contig: contig_2534, protein: unknown, score1: 1.0, score2: 0.0
Unique gene call 18
  --  Gene No. 14, gene caller: glimmer, leftEnd: 9228, rightEnd: 9827, strand: +, length: 600, contig: contig_2534, protein: unknown, score1: 1.0, score2: 0.0
  --  Gene No. 15, gene caller: phanotate, leftEnd: 9228, rightEnd: 9827, strand: +, length: 600, contig: contig_2534, protein: unknown, score1: 1.0, score2: 0.0
  --  Gene No. 15, gene caller: prodigal, leftEnd: 9228, rightEnd: 9827, strand: +, length: 600, contig: contig_2534, protein: unknown, score1: 1.0, score2: 0.0
Unique gene call 19
  --  Gene No. 15, gene caller: glimmer, leftEnd: 9843, rightEnd: 11624, strand: +, length: 1782, contig: contig_2534, protein: unknown, score1: 1.0, score2: 0.0
  --  Gene No. 16, gene caller: phanotate, leftEnd: 9843, rightEnd: 11624, strand: +, length: 1782, contig: contig_2534, protein: unknown, score1: 1.0, score2: 0.0
  --  Gene No. 16, gene caller: prodigal, leftEnd: 9843, rightEnd: 11624, strand: +, length: 1782, contig: contig_2534, protein: unknown, score1: 1.0, score2: 0.0
Unique gene call 20
  --  Gene No. 16, gene caller: glimmer, leftEnd: 11624, rightEnd: 12856, strand: +, length: 1233, contig: contig_2534, protein: unknown, score1: 1.0, score2: 0.0
  --  Gene No. 17, gene caller: phanotate, leftEnd: 11624, rightEnd: 12856, strand: +, length: 1233, contig: contig_2534, protein: unknown, score1: 1.0, score2: 0.0
  --  Gene No. 17, gene caller: prodigal, leftEnd: 11624, rightEnd: 12856, strand: +, length: 1233, contig: contig_2534, protein: unknown, score1: 1.0, score2: 0.0
Unique gene call 21
  --  Gene No. 17, gene caller: glimmer, leftEnd: 12856, rightEnd: 13134, strand: +, length: 279, contig: contig_2534, protein: unknown, score1: 1.0, score2: 0.0
  --  Gene No. 18, gene caller: phanotate, leftEnd: 12856, rightEnd: 13134, strand: +, length: 279, contig: contig_2534, protein: unknown, score1: 1.0, score2: 0.0
  --  Gene No. 18, gene caller: prodigal, leftEnd: 12856, rightEnd: 13134, strand: +, length: 279, contig: contig_2534, protein: unknown, score1: 1.0, score2: 0.0
Unique gene call 22
  --  Gene No. 18, gene caller: glimmer, leftEnd: 13150, rightEnd: 13590, strand: +, length: 441, contig: contig_2534, protein: unknown, score1: 1.0, score2: 0.0
  --  Gene No. 19, gene caller: phanotate, leftEnd: 13150, rightEnd: 13590, strand: +, length: 441, contig: contig_2534, protein: unknown, score1: 1.0, score2: 0.0
  --  Gene No. 19, gene caller: prodigal, leftEnd: 13150, rightEnd: 13590, strand: +, length: 441, contig: contig_2534, protein: unknown, score1: 1.0, score2: 0.0
Unique gene call 23
  --  Gene No. 19, gene caller: glimmer, leftEnd: 13619, rightEnd: 14485, strand: +, length: 867, contig: contig_2534, protein: unknown, score1: 1.0, score2: 0.0
  --  Gene No. 20, gene caller: phanotate, leftEnd: 13619, rightEnd: 14485, strand: +, length: 867, contig: contig_2534, protein: unknown, score1: 1.0, score2: 0.0
  --  Gene No. 20, gene caller: prodigal, leftEnd: 13619, rightEnd: 14485, strand: +, length: 867, contig: contig_2534, protein: unknown, score1: 1.0, score2: 0.0
Unique gene call 24
  --  Gene No. 20, gene caller: glimmer, leftEnd: 14494, rightEnd: 14739, strand: +, length: 246, contig: contig_2534, protein: unknown, score1: 1.0, score2: 0.0
  --  Gene No. 21, gene caller: phanotate, leftEnd: 14494, rightEnd: 14739, strand: +, length: 246, contig: contig_2534, protein: unknown, score1: 1.0, score2: 0.0
  --  Gene No. 21, gene caller: prodigal, leftEnd: 14494, rightEnd: 14739, strand: +, length: 246, contig: contig_2534, protein: unknown, score1: 1.0, score2: 0.0
Unique gene call 25
  --  Gene No. 21, gene caller: glimmer, leftEnd: 14726, rightEnd: 15121, strand: +, length: 396, contig: contig_2534, protein: unknown, score1: 1.0, score2: 0.0
  --  Gene No. 22, gene caller: phanotate, leftEnd: 14726, rightEnd: 15121, strand: +, length: 396, contig: contig_2534, protein: unknown, score1: 1.0, score2: 0.0
  --  Gene No. 22, gene caller: prodigal, leftEnd: 14726, rightEnd: 15121, strand: +, length: 396, contig: contig_2534, protein: unknown, score1: 1.0, score2: 0.0
Unique gene call 26
  --  Gene No. 22, gene caller: glimmer, leftEnd: 15200, rightEnd: 15607, strand: +, length: 408, contig: contig_2534, protein: unknown, score1: 1.0, score2: 0.0
  --  Gene No. 23, gene caller: phanotate, leftEnd: 15200, rightEnd: 15607, strand: +, length: 408, contig: contig_2534, protein: unknown, score1: 1.0, score2: 0.0
  --  Gene No. 23, gene caller: prodigal, leftEnd: 15200, rightEnd: 15607, strand: +, length: 408, contig: contig_2534, protein: unknown, score1: 1.0, score2: 0.0
Unique gene call 27
  --  Gene No. 23, gene caller: glimmer, leftEnd: 15610, rightEnd: 16056, strand: +, length: 447, contig: contig_2534, protein: unknown, score1: 0.8333333333333333, score2: 0.0
  --  Gene No. 24, gene caller: phanotate, leftEnd: 15610, rightEnd: 16056, strand: +, length: 447, contig: contig_2534, protein: unknown, score1: 0.8333333333333333, score2: 0.0
Unique gene call 28
  --  Gene No. 24, gene caller: prodigal, leftEnd: 15640, rightEnd: 16056, strand: +, length: 417, contig: contig_2534, protein: unknown, score1: 0.5, score2: 0.0
Unique gene call 29
  --  Gene No. 25, gene caller: phanotate, leftEnd: 16023, rightEnd: 16184, strand: -, length: 162, contig: contig_2534, protein: unknown, score1: 0.3333333333333333, score2: 0.0
Unique gene call 30
  --  Gene No. 26, gene caller: phanotate, leftEnd: 16407, rightEnd: 16520, strand: -, length: 114, contig: contig_2534, protein: unknown, score1: 0.3333333333333333, score2: 0.0
Unique gene call 31
  --  Gene No. 24, gene caller: glimmer, leftEnd: 16457, rightEnd: 16627, strand: +, length: 171, contig: contig_2534, protein: unknown, score1: 0.8333333333333333, score2: 0.0
  --  Gene No. 25, gene caller: prodigal, leftEnd: 16457, rightEnd: 16627, strand: +, length: 171, contig: contig_2534, protein: unknown, score1: 0.8333333333333333, score2: 0.0
Unique gene call 32
  --  Gene No. 27, gene caller: phanotate, leftEnd: 16526, rightEnd: 16648, strand: -, length: 123, contig: contig_2534, protein: unknown, score1: 0.3333333333333333, score2: 0.0
Unique gene call 33
  --  Gene No. 26, gene caller: prodigal, leftEnd: 16578, rightEnd: 16649, strand: +, length: 72, contig: contig_2534, protein: unknown, score1: 0.3333333333333333, score2: 0.0
Code complete at 2021-04-21 09:31:19.524336
