Opening log at 2021-04-21 09:47:54.359017
Iterating through fileSet at 2021-04-21 09:47:54.359115
fileSet is ['/home/james/Software/multiPhATE2/PipelineOutput/circular_pair_1656/commoncore.cgc', '/home/james/Software/multiPhATE2/PipelineOutput/circular_pair_1656/consensus.cgc', '/home/james/Software/multiPhATE2/PipelineOutput/circular_pair_1656/glimmer.cgc', '/home/james/Software/multiPhATE2/PipelineOutput/circular_pair_1656/phanotate.cgc', '/home/james/Software/multiPhATE2/PipelineOutput/circular_pair_1656/prodigal.cgc', '/home/james/Software/multiPhATE2/PipelineOutput/circular_pair_1656/superset.cgc']
Opening geneFile /home/james/Software/multiPhATE2/PipelineOutput/circular_pair_1656/commoncore.cgc
Adding calls from geneFile /home/james/Software/multiPhATE2/PipelineOutput/circular_pair_1656/commoncore.cgc
Appending call set  number of calls is: 0
Opening geneFile /home/james/Software/multiPhATE2/PipelineOutput/circular_pair_1656/consensus.cgc
Adding calls from geneFile /home/james/Software/multiPhATE2/PipelineOutput/circular_pair_1656/consensus.cgc
Appending call set  number of calls is: 0
Opening geneFile /home/james/Software/multiPhATE2/PipelineOutput/circular_pair_1656/glimmer.cgc
Adding calls from geneFile /home/james/Software/multiPhATE2/PipelineOutput/circular_pair_1656/glimmer.cgc
Appending call set  number of calls is: 6
Opening geneFile /home/james/Software/multiPhATE2/PipelineOutput/circular_pair_1656/phanotate.cgc
Adding calls from geneFile /home/james/Software/multiPhATE2/PipelineOutput/circular_pair_1656/phanotate.cgc
Appending call set  number of calls is: 23
Opening geneFile /home/james/Software/multiPhATE2/PipelineOutput/circular_pair_1656/prodigal.cgc
Adding calls from geneFile /home/james/Software/multiPhATE2/PipelineOutput/circular_pair_1656/prodigal.cgc
Appending call set  number of calls is: 9
Opening geneFile /home/james/Software/multiPhATE2/PipelineOutput/circular_pair_1656/superset.cgc
Adding calls from geneFile /home/james/Software/multiPhATE2/PipelineOutput/circular_pair_1656/superset.cgc
Appending call set  number of calls is: 0
All call sets have been added to caller list. Number of call sets in callerList: 6
callerList is   glimmer phanotate prodigal  
Total number of gene calls across callerList call sets is: 38
Sorting gene calls for each caller
Processing a callSet
Before sorting, Length of callerList for caller  is 0
After sorting, Length of callerList for caller  is 0
Processing a callSet
Before sorting, Length of callerList for caller  is 0
After sorting, Length of callerList for caller  is 0
Processing a callSet
Before sorting, Length of callerList for caller glimmer is 6
After sorting, Length of callerList for caller glimmer is 6
Processing a callSet
Before sorting, Length of callerList for caller phanotate is 23
After sorting, Length of callerList for caller phanotate is 23
Processing a callSet
Before sorting, Length of callerList for caller prodigal is 9
After sorting, Length of callerList for caller prodigal is 9
Processing a callSet
Before sorting, Length of callerList for caller  is 0
After sorting, Length of callerList for caller  is 0
callSet processing complete
Comparing across the call sets...
Merging the geneCall sets....
Final merged genes:

***************Merge List
1	Gene No. 1, gene caller: phanotate, leftEnd: 2, rightEnd: 1333, strand: +, length: 1332, contig: circular_pair_1656, protein: unknown, score1: 1.0, score2: 0.0
2	Gene No. 1, gene caller: prodigal, leftEnd: 2, rightEnd: 1333, strand: +, length: 1332, contig: circular_pair_1656, protein: unknown, score1: 1.0, score2: 0.0
3	Gene No. 2, gene caller: phanotate, leftEnd: 1364, rightEnd: 1471, strand: +, length: 108, contig: circular_pair_1656, protein: unknown, score1: 1.0, score2: 0.0
4	Gene No. 2, gene caller: prodigal, leftEnd: 1534, rightEnd: 1770, strand: -, length: 237, contig: circular_pair_1656, protein: unknown, score1: 1.0, score2: 0.0
5	Gene No. 3, gene caller: phanotate, leftEnd: 1559, rightEnd: 1675, strand: +, length: 117, contig: circular_pair_1656, protein: unknown, score1: 1.0, score2: 0.0
6	Gene No. 4, gene caller: phanotate, leftEnd: 1668, rightEnd: 1760, strand: +, length: 93, contig: circular_pair_1656, protein: unknown, score1: 1.0, score2: 0.0
7	Gene No. 5, gene caller: phanotate, leftEnd: 1757, rightEnd: 1882, strand: +, length: 126, contig: circular_pair_1656, protein: unknown, score1: 1.0, score2: 0.0
8	Gene No. 6, gene caller: phanotate, leftEnd: 1866, rightEnd: 2156, strand: +, length: 291, contig: circular_pair_1656, protein: unknown, score1: 1.0, score2: 0.0
9	Gene No. 3, gene caller: prodigal, leftEnd: 1971, rightEnd: 2156, strand: +, length: 186, contig: circular_pair_1656, protein: unknown, score1: 1.0, score2: 0.0
10	Gene No. 7, gene caller: phanotate, leftEnd: 2219, rightEnd: 2368, strand: -, length: 150, contig: circular_pair_1656, protein: unknown, score1: 1.0, score2: 0.0
11	Gene No. 8, gene caller: phanotate, leftEnd: 2416, rightEnd: 2514, strand: -, length: 99, contig: circular_pair_1656, protein: unknown, score1: 1.0, score2: 0.0
12	Gene No. 9, gene caller: phanotate, leftEnd: 2558, rightEnd: 2740, strand: -, length: 183, contig: circular_pair_1656, protein: unknown, score1: 1.0, score2: 0.0
13	Gene No. 4, gene caller: prodigal, leftEnd: 2650, rightEnd: 3075, strand: +, length: 426, contig: circular_pair_1656, protein: unknown, score1: 1.0, score2: 0.0
14	Gene No. 2, gene caller: glimmer, leftEnd: 2713, rightEnd: 3294, strand: -, length: 582, contig: circular_pair_1656, protein: unknown, score1: 1.0, score2: 0.0
15	Gene No. 10, gene caller: phanotate, leftEnd: 2713, rightEnd: 3294, strand: -, length: 582, contig: circular_pair_1656, protein: unknown, score1: 1.0, score2: 0.0
16	Gene No. 3, gene caller: glimmer, leftEnd: 3325, rightEnd: 3555, strand: -, length: 231, contig: circular_pair_1656, protein: unknown, score1: 1.0, score2: 0.0
17	Gene No. 11, gene caller: phanotate, leftEnd: 3325, rightEnd: 3555, strand: -, length: 231, contig: circular_pair_1656, protein: unknown, score1: 1.0, score2: 0.0
18	Gene No. 4, gene caller: glimmer, leftEnd: 3850, rightEnd: 3963, strand: -, length: 114, contig: circular_pair_1656, protein: unknown, score1: 1.0, score2: 0.0
19	Gene No. 12, gene caller: phanotate, leftEnd: 3850, rightEnd: 3963, strand: -, length: 114, contig: circular_pair_1656, protein: unknown, score1: 1.0, score2: 0.0
20	Gene No. 13, gene caller: phanotate, leftEnd: 4038, rightEnd: 4172, strand: +, length: 135, contig: circular_pair_1656, protein: unknown, score1: 1.0, score2: 0.0
21	Gene No. 14, gene caller: phanotate, leftEnd: 4327, rightEnd: 4422, strand: +, length: 96, contig: circular_pair_1656, protein: unknown, score1: 1.0, score2: 0.0
22	Gene No. 15, gene caller: phanotate, leftEnd: 4499, rightEnd: 4597, strand: +, length: 99, contig: circular_pair_1656, protein: unknown, score1: 1.0, score2: 0.0
23	Gene No. 16, gene caller: phanotate, leftEnd: 4660, rightEnd: 4863, strand: +, length: 204, contig: circular_pair_1656, protein: unknown, score1: 1.0, score2: 0.0
24	Gene No. 5, gene caller: glimmer, leftEnd: 4946, rightEnd: 5071, strand: +, length: 126, contig: circular_pair_1656, protein: unknown, score1: 1.0, score2: 0.0
25	Gene No. 17, gene caller: phanotate, leftEnd: 4946, rightEnd: 5071, strand: +, length: 126, contig: circular_pair_1656, protein: unknown, score1: 1.0, score2: 0.0
26	Gene No. 5, gene caller: prodigal, leftEnd: 5194, rightEnd: 5382, strand: -, length: 189, contig: circular_pair_1656, protein: unknown, score1: 1.0, score2: 0.0
27	Gene No. 18, gene caller: phanotate, leftEnd: 5213, rightEnd: 5332, strand: +, length: 120, contig: circular_pair_1656, protein: unknown, score1: 1.0, score2: 0.0
28	Gene No. 6, gene caller: glimmer, leftEnd: 5447, rightEnd: 5956, strand: +, length: 510, contig: circular_pair_1656, protein: unknown, score1: 1.0, score2: 0.0
29	Gene No. 19, gene caller: phanotate, leftEnd: 5447, rightEnd: 5956, strand: +, length: 510, contig: circular_pair_1656, protein: unknown, score1: 1.0, score2: 0.0
30	Gene No. 6, gene caller: prodigal, leftEnd: 5447, rightEnd: 5956, strand: +, length: 510, contig: circular_pair_1656, protein: unknown, score1: 1.0, score2: 0.0
31	Gene No. 20, gene caller: phanotate, leftEnd: 5868, rightEnd: 6266, strand: -, length: 399, contig: circular_pair_1656, protein: unknown, score1: 1.0, score2: 0.0
32	Gene No. 7, gene caller: prodigal, leftEnd: 5984, rightEnd: 6121, strand: +, length: 138, contig: circular_pair_1656, protein: unknown, score1: 1.0, score2: 0.0
33	Gene No. 21, gene caller: phanotate, leftEnd: 6332, rightEnd: 6553, strand: +, length: 222, contig: circular_pair_1656, protein: unknown, score1: 1.0, score2: 0.0
34	Gene No. 8, gene caller: prodigal, leftEnd: 6332, rightEnd: 6553, strand: +, length: 222, contig: circular_pair_1656, protein: unknown, score1: 1.0, score2: 0.0
35	Gene No. 22, gene caller: phanotate, leftEnd: 6610, rightEnd: 6705, strand: -, length: 96, contig: circular_pair_1656, protein: unknown, score1: 1.0, score2: 0.0
36	Gene No. 7, gene caller: glimmer, leftEnd: 6640, rightEnd: 6759, strand: +, length: 120, contig: circular_pair_1656, protein: unknown, score1: 1.0, score2: 0.0
37	Gene No. 23, gene caller: phanotate, leftEnd: 6718, rightEnd: 6864, strand: -, length: 147, contig: circular_pair_1656, protein: unknown, score1: 1.0, score2: 0.0
38	Gene No. 9, gene caller: prodigal, leftEnd: 6718, rightEnd: 6864, strand: -, length: 147, contig: circular_pair_1656, protein: unknown, score1: 1.0, score2: 0.0
Comparing across geneCall sets....
Scoring gene calls....
Identifying common core...
This is the Common Core List:

***************Common Core
CC-gene 1	Gene No. 1, gene caller: All_callers, leftEnd: 5447, rightEnd: 5956, strand: +, length: 510, contig: circular_pair_1656, protein: unknown, score1: 1.0, score2: 0.0
Printing gene-call superset, consensus, and common_core in GFF and CGC formats
Printing report....
The following gene callers were considered: glimmer, phanotate, prodigal, The number of distinct gene calls over all gene callers is 29
The number of gene calls in common among all callers is 1
The number of unique (non-matching) gene calls is21
Caller glimmer produced 6 gene calls.
Caller glimmer gene-call length stats:  min: 114, max: 582, ave: 280.5
Caller phanotate produced 23 gene calls.
Caller phanotate gene-call length stats:  min: 93, max: 1332, ave: 242.6086956521739
Caller prodigal produced 9 gene calls.
Caller prodigal gene-call length stats:  min: 138, max: 1332, ave: 376.3333333333333

Gene-call Scores:
Caller	Contig	Gene No.	Left End	Right End	Strand	gcScore
phanotate	circular_pair_1656	1	2	1333	+	0.83
prodigal	circular_pair_1656	1	2	1333	+	0.83
phanotate	circular_pair_1656	2	1364	1471	+	0.33
prodigal	circular_pair_1656	2	1534	1770	-	0.33
phanotate	circular_pair_1656	3	1559	1675	+	0.33
phanotate	circular_pair_1656	4	1668	1760	+	0.33
phanotate	circular_pair_1656	5	1757	1882	+	0.33
phanotate	circular_pair_1656	6	1866	2156	+	0.50
prodigal	circular_pair_1656	3	1971	2156	+	0.50
phanotate	circular_pair_1656	7	2219	2368	-	0.33
phanotate	circular_pair_1656	8	2416	2514	-	0.33
phanotate	circular_pair_1656	9	2558	2740	-	0.33
prodigal	circular_pair_1656	4	2650	3075	+	0.33
glimmer	circular_pair_1656	2	2713	3294	-	0.83
phanotate	circular_pair_1656	10	2713	3294	-	0.83
glimmer	circular_pair_1656	3	3325	3555	-	0.83
phanotate	circular_pair_1656	11	3325	3555	-	0.83
glimmer	circular_pair_1656	4	3850	3963	-	0.83
phanotate	circular_pair_1656	12	3850	3963	-	0.83
phanotate	circular_pair_1656	13	4038	4172	+	0.33
phanotate	circular_pair_1656	14	4327	4422	+	0.33
phanotate	circular_pair_1656	15	4499	4597	+	0.33
phanotate	circular_pair_1656	16	4660	4863	+	0.33
glimmer	circular_pair_1656	5	4946	5071	+	0.83
phanotate	circular_pair_1656	17	4946	5071	+	0.83
prodigal	circular_pair_1656	5	5194	5382	-	0.33
phanotate	circular_pair_1656	18	5213	5332	+	0.33
glimmer	circular_pair_1656	6	5447	5956	+	1.00
phanotate	circular_pair_1656	19	5447	5956	+	1.00
prodigal	circular_pair_1656	6	5447	5956	+	1.00
phanotate	circular_pair_1656	20	5868	6266	-	0.33
prodigal	circular_pair_1656	7	5984	6121	+	0.33
phanotate	circular_pair_1656	21	6332	6553	+	0.83
prodigal	circular_pair_1656	8	6332	6553	+	0.83
phanotate	circular_pair_1656	22	6610	6705	-	0.33
glimmer	circular_pair_1656	7	6640	6759	+	0.33
phanotate	circular_pair_1656	23	6718	6864	-	0.83
prodigal	circular_pair_1656	9	6718	6864	-	0.83

Gene-call Consensus Scores:
Caller glimmer average gene-call score: 0.78
Caller phanotate average gene-call score: 0.52
Caller prodigal average gene-call score: 0.59

***************Unique List
Unique gene call 1
  --  Gene No. 1, gene caller: phanotate, leftEnd: 2, rightEnd: 1333, strand: +, length: 1332, contig: circular_pair_1656, protein: unknown, score1: 0.8333333333333333, score2: 0.0
  --  Gene No. 1, gene caller: prodigal, leftEnd: 2, rightEnd: 1333, strand: +, length: 1332, contig: circular_pair_1656, protein: unknown, score1: 0.8333333333333333, score2: 0.0
Unique gene call 2
  --  Gene No. 2, gene caller: phanotate, leftEnd: 1364, rightEnd: 1471, strand: +, length: 108, contig: circular_pair_1656, protein: unknown, score1: 0.3333333333333333, score2: 0.0
Unique gene call 3
  --  Gene No. 2, gene caller: prodigal, leftEnd: 1534, rightEnd: 1770, strand: -, length: 237, contig: circular_pair_1656, protein: unknown, score1: 0.3333333333333333, score2: 0.0
Unique gene call 4
  --  Gene No. 3, gene caller: phanotate, leftEnd: 1559, rightEnd: 1675, strand: +, length: 117, contig: circular_pair_1656, protein: unknown, score1: 0.3333333333333333, score2: 0.0
Unique gene call 5
  --  Gene No. 4, gene caller: phanotate, leftEnd: 1668, rightEnd: 1760, strand: +, length: 93, contig: circular_pair_1656, protein: unknown, score1: 0.3333333333333333, score2: 0.0
Unique gene call 6
  --  Gene No. 5, gene caller: phanotate, leftEnd: 1757, rightEnd: 1882, strand: +, length: 126, contig: circular_pair_1656, protein: unknown, score1: 0.3333333333333333, score2: 0.0
Unique gene call 7
  --  Gene No. 6, gene caller: phanotate, leftEnd: 1866, rightEnd: 2156, strand: +, length: 291, contig: circular_pair_1656, protein: unknown, score1: 0.5, score2: 0.0
Unique gene call 8
  --  Gene No. 3, gene caller: prodigal, leftEnd: 1971, rightEnd: 2156, strand: +, length: 186, contig: circular_pair_1656, protein: unknown, score1: 0.5, score2: 0.0
Unique gene call 9
  --  Gene No. 7, gene caller: phanotate, leftEnd: 2219, rightEnd: 2368, strand: -, length: 150, contig: circular_pair_1656, protein: unknown, score1: 0.3333333333333333, score2: 0.0
Unique gene call 10
  --  Gene No. 8, gene caller: phanotate, leftEnd: 2416, rightEnd: 2514, strand: -, length: 99, contig: circular_pair_1656, protein: unknown, score1: 0.3333333333333333, score2: 0.0
Unique gene call 11
  --  Gene No. 9, gene caller: phanotate, leftEnd: 2558, rightEnd: 2740, strand: -, length: 183, contig: circular_pair_1656, protein: unknown, score1: 0.3333333333333333, score2: 0.0
Unique gene call 12
  --  Gene No. 4, gene caller: prodigal, leftEnd: 2650, rightEnd: 3075, strand: +, length: 426, contig: circular_pair_1656, protein: unknown, score1: 0.3333333333333333, score2: 0.0
Unique gene call 13
  --  Gene No. 2, gene caller: glimmer, leftEnd: 2713, rightEnd: 3294, strand: -, length: 582, contig: circular_pair_1656, protein: unknown, score1: 0.8333333333333333, score2: 0.0
  --  Gene No. 10, gene caller: phanotate, leftEnd: 2713, rightEnd: 3294, strand: -, length: 582, contig: circular_pair_1656, protein: unknown, score1: 0.8333333333333333, score2: 0.0
Unique gene call 14
  --  Gene No. 3, gene caller: glimmer, leftEnd: 3325, rightEnd: 3555, strand: -, length: 231, contig: circular_pair_1656, protein: unknown, score1: 0.8333333333333333, score2: 0.0
  --  Gene No. 11, gene caller: phanotate, leftEnd: 3325, rightEnd: 3555, strand: -, length: 231, contig: circular_pair_1656, protein: unknown, score1: 0.8333333333333333, score2: 0.0
Unique gene call 15
  --  Gene No. 4, gene caller: glimmer, leftEnd: 3850, rightEnd: 3963, strand: -, length: 114, contig: circular_pair_1656, protein: unknown, score1: 0.8333333333333333, score2: 0.0
  --  Gene No. 12, gene caller: phanotate, leftEnd: 3850, rightEnd: 3963, strand: -, length: 114, contig: circular_pair_1656, protein: unknown, score1: 0.8333333333333333, score2: 0.0
Unique gene call 16
  --  Gene No. 13, gene caller: phanotate, leftEnd: 4038, rightEnd: 4172, strand: +, length: 135, contig: circular_pair_1656, protein: unknown, score1: 0.3333333333333333, score2: 0.0
Unique gene call 17
  --  Gene No. 14, gene caller: phanotate, leftEnd: 4327, rightEnd: 4422, strand: +, length: 96, contig: circular_pair_1656, protein: unknown, score1: 0.3333333333333333, score2: 0.0
Unique gene call 18
  --  Gene No. 15, gene caller: phanotate, leftEnd: 4499, rightEnd: 4597, strand: +, length: 99, contig: circular_pair_1656, protein: unknown, score1: 0.3333333333333333, score2: 0.0
Unique gene call 19
  --  Gene No. 16, gene caller: phanotate, leftEnd: 4660, rightEnd: 4863, strand: +, length: 204, contig: circular_pair_1656, protein: unknown, score1: 0.3333333333333333, score2: 0.0
Unique gene call 20
  --  Gene No. 5, gene caller: glimmer, leftEnd: 4946, rightEnd: 5071, strand: +, length: 126, contig: circular_pair_1656, protein: unknown, score1: 0.8333333333333333, score2: 0.0
  --  Gene No. 17, gene caller: phanotate, leftEnd: 4946, rightEnd: 5071, strand: +, length: 126, contig: circular_pair_1656, protein: unknown, score1: 0.8333333333333333, score2: 0.0
Unique gene call 21
  --  Gene No. 5, gene caller: prodigal, leftEnd: 5194, rightEnd: 5382, strand: -, length: 189, contig: circular_pair_1656, protein: unknown, score1: 0.3333333333333333, score2: 0.0
Unique gene call 22
  --  Gene No. 18, gene caller: phanotate, leftEnd: 5213, rightEnd: 5332, strand: +, length: 120, contig: circular_pair_1656, protein: unknown, score1: 0.3333333333333333, score2: 0.0
Unique gene call 23
  --  Gene No. 6, gene caller: glimmer, leftEnd: 5447, rightEnd: 5956, strand: +, length: 510, contig: circular_pair_1656, protein: unknown, score1: 1.0, score2: 0.0
  --  Gene No. 19, gene caller: phanotate, leftEnd: 5447, rightEnd: 5956, strand: +, length: 510, contig: circular_pair_1656, protein: unknown, score1: 1.0, score2: 0.0
  --  Gene No. 6, gene caller: prodigal, leftEnd: 5447, rightEnd: 5956, strand: +, length: 510, contig: circular_pair_1656, protein: unknown, score1: 1.0, score2: 0.0
Unique gene call 24
  --  Gene No. 20, gene caller: phanotate, leftEnd: 5868, rightEnd: 6266, strand: -, length: 399, contig: circular_pair_1656, protein: unknown, score1: 0.3333333333333333, score2: 0.0
Unique gene call 25
  --  Gene No. 7, gene caller: prodigal, leftEnd: 5984, rightEnd: 6121, strand: +, length: 138, contig: circular_pair_1656, protein: unknown, score1: 0.3333333333333333, score2: 0.0
Unique gene call 26
  --  Gene No. 21, gene caller: phanotate, leftEnd: 6332, rightEnd: 6553, strand: +, length: 222, contig: circular_pair_1656, protein: unknown, score1: 0.8333333333333333, score2: 0.0
  --  Gene No. 8, gene caller: prodigal, leftEnd: 6332, rightEnd: 6553, strand: +, length: 222, contig: circular_pair_1656, protein: unknown, score1: 0.8333333333333333, score2: 0.0
Unique gene call 27
  --  Gene No. 22, gene caller: phanotate, leftEnd: 6610, rightEnd: 6705, strand: -, length: 96, contig: circular_pair_1656, protein: unknown, score1: 0.3333333333333333, score2: 0.0
Unique gene call 28
  --  Gene No. 7, gene caller: glimmer, leftEnd: 6640, rightEnd: 6759, strand: +, length: 120, contig: circular_pair_1656, protein: unknown, score1: 0.3333333333333333, score2: 0.0
Unique gene call 29
  --  Gene No. 23, gene caller: phanotate, leftEnd: 6718, rightEnd: 6864, strand: -, length: 147, contig: circular_pair_1656, protein: unknown, score1: 0.8333333333333333, score2: 0.0
  --  Gene No. 9, gene caller: prodigal, leftEnd: 6718, rightEnd: 6864, strand: -, length: 147, contig: circular_pair_1656, protein: unknown, score1: 0.8333333333333333, score2: 0.0
Code complete at 2021-04-21 09:47:54.362843
