[12:14:15] This is prokka 1.14.6
[12:14:15] Written by Torsten Seemann <torsten.seemann@gmail.com>
[12:14:15] Homepage is https://github.com/tseemann/prokka
[12:14:15] Local time is Mon Aug 23 12:14:15 2021
[12:14:15] You are james
[12:14:15] Operating system is linux
[12:14:15] You have BioPerl 1.007002
[12:14:15] System has 12 cores.
[12:14:15] Will use maximum of 8 cores.
[12:14:15] Annotating as >>> Bacteria <<<
[12:14:15] Generating locus_tag from 'JAAOBB010000057.1_reorder.fasta' contents.
[12:14:15] Setting --locustag JENCDBEI from MD5 3e7cdbe2f5878ae60b8a4f0c919e6cc3
[12:14:15] Creating new output folder: prokkaJAAOBB010000057.1_reorder
[12:14:15] Running: mkdir -p prokkaJAAOBB010000057\.1_reorder
[12:14:15] Using filename prefix: JAAOBB010000057.1_reorder.XXX
[12:14:15] Setting HMMER_NCPU=1
[12:14:15] Writing log to: prokkaJAAOBB010000057.1_reorder/JAAOBB010000057.1_reorder.log
[12:14:15] Command: /home/james/miniconda3/envs/prokka/bin/prokka JAAOBB010000057.1_reorder.fasta --outdir prokkaJAAOBB010000057.1_reorder --prefix JAAOBB010000057.1_reorder --force
[12:14:15] Appending to PATH: /home/james/miniconda3/envs/prokka/bin
[12:14:15] Looking for 'aragorn' - found /home/james/miniconda3/envs/prokka/bin/aragorn
[12:14:15] Determined aragorn version is 001002 from 'ARAGORN v1.2.38 Dean Laslett'
[12:14:15] Looking for 'barrnap' - found /home/james/miniconda3/envs/prokka/bin/barrnap
[12:14:15] Determined barrnap version is 000009 from 'barrnap 0.9'
[12:14:15] Looking for 'blastp' - found /home/james/miniconda3/envs/prokka/bin/blastp
[12:14:15] Determined blastp version is 002012 from 'blastp: 2.12.0+'
[12:14:15] Looking for 'cmpress' - found /home/james/miniconda3/envs/prokka/bin/cmpress
[12:14:15] Determined cmpress version is 001001 from '# INFERNAL 1.1.4 (Dec 2020)'
[12:14:15] Looking for 'cmscan' - found /home/james/miniconda3/envs/prokka/bin/cmscan
[12:14:15] Determined cmscan version is 001001 from '# INFERNAL 1.1.4 (Dec 2020)'
[12:14:15] Looking for 'egrep' - found /bin/egrep
[12:14:15] Looking for 'find' - found /usr/bin/find
[12:14:15] Looking for 'grep' - found /bin/grep
[12:14:15] Looking for 'hmmpress' - found /home/james/miniconda3/envs/prokka/bin/hmmpress
[12:14:15] Determined hmmpress version is 003003 from '# HMMER 3.3.2 (Nov 2020); http://hmmer.org/'
[12:14:15] Looking for 'hmmscan' - found /home/james/miniconda3/envs/prokka/bin/hmmscan
[12:14:15] Determined hmmscan version is 003003 from '# HMMER 3.3.2 (Nov 2020); http://hmmer.org/'
[12:14:15] Looking for 'java' - found /home/james/miniconda3/envs/prokka/bin/java
[12:14:15] Looking for 'makeblastdb' - found /home/james/miniconda3/envs/prokka/bin/makeblastdb
[12:14:16] Determined makeblastdb version is 002012 from 'makeblastdb: 2.12.0+'
[12:14:16] Looking for 'minced' - found /home/james/miniconda3/envs/prokka/bin/minced
[12:14:16] Determined minced version is 004002 from 'minced 0.4.2'
[12:14:16] Looking for 'parallel' - found /home/james/miniconda3/envs/prokka/bin/parallel
[12:14:16] Determined parallel version is 20210622 from 'GNU parallel 20210622'
[12:14:16] Looking for 'prodigal' - found /home/james/miniconda3/envs/prokka/bin/prodigal
[12:14:16] Determined prodigal version is 002006 from 'Prodigal V2.6.3: February, 2016'
[12:14:16] Looking for 'prokka-genbank_to_fasta_db' - found /home/james/miniconda3/envs/prokka/bin/prokka-genbank_to_fasta_db
[12:14:16] Looking for 'sed' - found /bin/sed
[12:14:16] Looking for 'tbl2asn' - found /home/james/miniconda3/envs/prokka/bin/tbl2asn
[12:14:16] Determined tbl2asn version is 025007 from 'tbl2asn 25.7   arguments:'
[12:14:16] Using genetic code table 11.
[12:14:16] Loading and checking input file: JAAOBB010000057.1_reorder.fasta
[12:14:16] Wrote 1 contigs totalling 31857 bp.
[12:14:16] Predicting tRNAs and tmRNAs
[12:14:16] Running: aragorn -l -gc11  -w prokkaJAAOBB010000057\.1_reorder\/JAAOBB010000057\.1_reorder\.fna
[12:14:16] Found 0 tRNAs
[12:14:16] Predicting Ribosomal RNAs
[12:14:16] Running Barrnap with 8 threads
[12:14:16] Found 0 rRNAs
[12:14:16] Skipping ncRNA search, enable with --rfam if desired.
[12:14:16] Total of 0 tRNA + rRNA features
[12:14:16] Searching for CRISPR repeats
[12:14:16] Found 0 CRISPRs
[12:14:16] Predicting coding sequences
[12:14:16] Contigs total 31857 bp, so using meta mode
[12:14:16] Running: prodigal -i prokkaJAAOBB010000057\.1_reorder\/JAAOBB010000057\.1_reorder\.fna -c -m -g 11 -p meta -f sco -q
[12:14:16] Found 43 CDS
[12:14:16] Connecting features back to sequences
[12:14:16] Not using genus-specific database. Try --usegenus to enable it.
[12:14:16] Annotating CDS, please be patient.
[12:14:16] Will use 8 CPUs for similarity searching.
[12:14:16] There are still 43 unannotated CDS left (started with 43)
[12:14:16] Will use blast to search against /home/james/miniconda3/envs/prokka/db/kingdom/Bacteria/IS with 8 CPUs
[12:14:16] Running: cat prokkaJAAOBB010000057\.1_reorder\/JAAOBB010000057\.1_reorder\.IS\.tmp\.55486\.faa | parallel --gnu --plain -j 8 --block 615 --recstart '>' --pipe blastp -query - -db /home/james/miniconda3/envs/prokka/db/kingdom/Bacteria/IS -evalue 1e-30 -qcov_hsp_perc 90 -num_threads 1 -num_descriptions 1 -num_alignments 1 -seg no > prokkaJAAOBB010000057\.1_reorder\/JAAOBB010000057\.1_reorder\.IS\.tmp\.55486\.blast 2> /dev/null
[12:14:18] Deleting unwanted file: prokkaJAAOBB010000057.1_reorder/JAAOBB010000057.1_reorder.IS.tmp.55486.faa
[12:14:18] Deleting unwanted file: prokkaJAAOBB010000057.1_reorder/JAAOBB010000057.1_reorder.IS.tmp.55486.blast
[12:14:18] There are still 43 unannotated CDS left (started with 43)
[12:14:18] Will use blast to search against /home/james/miniconda3/envs/prokka/db/kingdom/Bacteria/AMR with 8 CPUs
[12:14:18] Running: cat prokkaJAAOBB010000057\.1_reorder\/JAAOBB010000057\.1_reorder\.AMR\.tmp\.55486\.faa | parallel --gnu --plain -j 8 --block 615 --recstart '>' --pipe blastp -query - -db /home/james/miniconda3/envs/prokka/db/kingdom/Bacteria/AMR -evalue 9.99999999999999e-301 -qcov_hsp_perc 90 -num_threads 1 -num_descriptions 1 -num_alignments 1 -seg no > prokkaJAAOBB010000057\.1_reorder\/JAAOBB010000057\.1_reorder\.AMR\.tmp\.55486\.blast 2> /dev/null
[12:14:19] Deleting unwanted file: prokkaJAAOBB010000057.1_reorder/JAAOBB010000057.1_reorder.AMR.tmp.55486.faa
[12:14:19] Deleting unwanted file: prokkaJAAOBB010000057.1_reorder/JAAOBB010000057.1_reorder.AMR.tmp.55486.blast
[12:14:19] There are still 43 unannotated CDS left (started with 43)
[12:14:19] Will use blast to search against /home/james/miniconda3/envs/prokka/db/kingdom/Bacteria/sprot with 8 CPUs
[12:14:19] Running: cat prokkaJAAOBB010000057\.1_reorder\/JAAOBB010000057\.1_reorder\.sprot\.tmp\.55486\.faa | parallel --gnu --plain -j 8 --block 615 --recstart '>' --pipe blastp -query - -db /home/james/miniconda3/envs/prokka/db/kingdom/Bacteria/sprot -evalue 1e-09 -qcov_hsp_perc 80 -num_threads 1 -num_descriptions 1 -num_alignments 1 -seg no > prokkaJAAOBB010000057\.1_reorder\/JAAOBB010000057\.1_reorder\.sprot\.tmp\.55486\.blast 2> /dev/null
[12:14:21] Modify product: Uncharacterized protein HI_1410 => putative protein
[12:14:21] Cleaned 1 /product names
[12:14:21] Deleting unwanted file: prokkaJAAOBB010000057.1_reorder/JAAOBB010000057.1_reorder.sprot.tmp.55486.faa
[12:14:21] Deleting unwanted file: prokkaJAAOBB010000057.1_reorder/JAAOBB010000057.1_reorder.sprot.tmp.55486.blast
[12:14:21] There are still 42 unannotated CDS left (started with 43)
[12:14:21] Will use hmmer3 to search against /home/james/miniconda3/envs/prokka/db/hmm/HAMAP.hmm with 8 CPUs
[12:14:21] Running: cat prokkaJAAOBB010000057\.1_reorder\/JAAOBB010000057\.1_reorder\.HAMAP\.hmm\.tmp\.55486\.faa | parallel --gnu --plain -j 8 --block 588 --recstart '>' --pipe hmmscan --noali --notextw --acc -E 1e-09 --cpu 1 /home/james/miniconda3/envs/prokka/db/hmm/HAMAP.hmm /dev/stdin > prokkaJAAOBB010000057\.1_reorder\/JAAOBB010000057\.1_reorder\.HAMAP\.hmm\.tmp\.55486\.hmmer3 2> /dev/null
[12:14:22] Deleting unwanted file: prokkaJAAOBB010000057.1_reorder/JAAOBB010000057.1_reorder.HAMAP.hmm.tmp.55486.faa
[12:14:22] Deleting unwanted file: prokkaJAAOBB010000057.1_reorder/JAAOBB010000057.1_reorder.HAMAP.hmm.tmp.55486.hmmer3
[12:14:22] Labelling remaining 42 proteins as 'hypothetical protein'
[12:14:22] Found 0 unique /gene codes.
[12:14:22] Fixed 0 colliding /gene names.
[12:14:22] Adding /locus_tag identifiers
[12:14:22] Assigned 43 locus_tags to CDS and RNA features.
[12:14:22] Writing outputs to prokkaJAAOBB010000057.1_reorder/
[12:14:22] Generating annotation statistics file
[12:14:22] Generating Genbank and Sequin files
[12:14:22] Running: tbl2asn -V b -a r10k -l paired-ends -M n -N 1 -y 'Annotated using prokka 1.14.6 from https://github.com/tseemann/prokka' -Z prokkaJAAOBB010000057\.1_reorder\/JAAOBB010000057\.1_reorder\.err -i prokkaJAAOBB010000057\.1_reorder\/JAAOBB010000057\.1_reorder\.fsa 2> /dev/null
[12:14:22] Deleting unwanted file: prokkaJAAOBB010000057.1_reorder/errorsummary.val
[12:14:22] Deleting unwanted file: prokkaJAAOBB010000057.1_reorder/JAAOBB010000057.1_reorder.dr
[12:14:22] Deleting unwanted file: prokkaJAAOBB010000057.1_reorder/JAAOBB010000057.1_reorder.fixedproducts
[12:14:22] Deleting unwanted file: prokkaJAAOBB010000057.1_reorder/JAAOBB010000057.1_reorder.ecn
[12:14:22] Deleting unwanted file: prokkaJAAOBB010000057.1_reorder/JAAOBB010000057.1_reorder.val
[12:14:22] Repairing broken .GBK output that tbl2asn produces...
[12:14:22] Running: sed 's/COORDINATES: profile/COORDINATES:profile/' < prokkaJAAOBB010000057\.1_reorder\/JAAOBB010000057\.1_reorder\.gbf > prokkaJAAOBB010000057\.1_reorder\/JAAOBB010000057\.1_reorder\.gbk
[12:14:22] Deleting unwanted file: prokkaJAAOBB010000057.1_reorder/JAAOBB010000057.1_reorder.gbf
[12:14:22] Output files:
[12:14:22] prokkaJAAOBB010000057.1_reorder/JAAOBB010000057.1_reorder.sqn
[12:14:22] prokkaJAAOBB010000057.1_reorder/JAAOBB010000057.1_reorder.ffn
[12:14:22] prokkaJAAOBB010000057.1_reorder/JAAOBB010000057.1_reorder.err
[12:14:22] prokkaJAAOBB010000057.1_reorder/JAAOBB010000057.1_reorder.faa
[12:14:22] prokkaJAAOBB010000057.1_reorder/JAAOBB010000057.1_reorder.gff
[12:14:22] prokkaJAAOBB010000057.1_reorder/JAAOBB010000057.1_reorder.tsv
[12:14:22] prokkaJAAOBB010000057.1_reorder/JAAOBB010000057.1_reorder.fsa
[12:14:22] prokkaJAAOBB010000057.1_reorder/JAAOBB010000057.1_reorder.log
[12:14:22] prokkaJAAOBB010000057.1_reorder/JAAOBB010000057.1_reorder.tbl
[12:14:22] prokkaJAAOBB010000057.1_reorder/JAAOBB010000057.1_reorder.txt
[12:14:22] prokkaJAAOBB010000057.1_reorder/JAAOBB010000057.1_reorder.fna
[12:14:22] prokkaJAAOBB010000057.1_reorder/JAAOBB010000057.1_reorder.gbk
[12:14:22] Annotation finished successfully.
[12:14:22] Walltime used: 0.12 minutes
[12:14:22] If you use this result please cite the Prokka paper:
[12:14:22] Seemann T (2014) Prokka: rapid prokaryotic genome annotation. Bioinformatics. 30(14):2068-9.
[12:14:22] Type 'prokka --citation' for more details.
[12:14:22] Share and enjoy!
