Opening log at 2021-04-21 09:51:11.264499
Iterating through fileSet at 2021-04-21 09:51:11.264643
fileSet is ['/home/james/Software/multiPhATE2/PipelineOutput/circular_read_594/commoncore.cgc', '/home/james/Software/multiPhATE2/PipelineOutput/circular_read_594/consensus.cgc', '/home/james/Software/multiPhATE2/PipelineOutput/circular_read_594/glimmer.cgc', '/home/james/Software/multiPhATE2/PipelineOutput/circular_read_594/phanotate.cgc', '/home/james/Software/multiPhATE2/PipelineOutput/circular_read_594/prodigal.cgc', '/home/james/Software/multiPhATE2/PipelineOutput/circular_read_594/superset.cgc']
Opening geneFile /home/james/Software/multiPhATE2/PipelineOutput/circular_read_594/commoncore.cgc
Adding calls from geneFile /home/james/Software/multiPhATE2/PipelineOutput/circular_read_594/commoncore.cgc
Appending call set  number of calls is: 0
Opening geneFile /home/james/Software/multiPhATE2/PipelineOutput/circular_read_594/consensus.cgc
Adding calls from geneFile /home/james/Software/multiPhATE2/PipelineOutput/circular_read_594/consensus.cgc
Appending call set  number of calls is: 0
Opening geneFile /home/james/Software/multiPhATE2/PipelineOutput/circular_read_594/glimmer.cgc
Adding calls from geneFile /home/james/Software/multiPhATE2/PipelineOutput/circular_read_594/glimmer.cgc
Appending call set  number of calls is: 5
Opening geneFile /home/james/Software/multiPhATE2/PipelineOutput/circular_read_594/phanotate.cgc
Adding calls from geneFile /home/james/Software/multiPhATE2/PipelineOutput/circular_read_594/phanotate.cgc
Appending call set  number of calls is: 11
Opening geneFile /home/james/Software/multiPhATE2/PipelineOutput/circular_read_594/prodigal.cgc
Adding calls from geneFile /home/james/Software/multiPhATE2/PipelineOutput/circular_read_594/prodigal.cgc
Appending call set  number of calls is: 7
Opening geneFile /home/james/Software/multiPhATE2/PipelineOutput/circular_read_594/superset.cgc
Adding calls from geneFile /home/james/Software/multiPhATE2/PipelineOutput/circular_read_594/superset.cgc
Appending call set  number of calls is: 0
All call sets have been added to caller list. Number of call sets in callerList: 6
callerList is   glimmer phanotate prodigal  
Total number of gene calls across callerList call sets is: 23
Sorting gene calls for each caller
Processing a callSet
Before sorting, Length of callerList for caller  is 0
After sorting, Length of callerList for caller  is 0
Processing a callSet
Before sorting, Length of callerList for caller  is 0
After sorting, Length of callerList for caller  is 0
Processing a callSet
Before sorting, Length of callerList for caller glimmer is 5
After sorting, Length of callerList for caller glimmer is 5
Processing a callSet
Before sorting, Length of callerList for caller phanotate is 11
After sorting, Length of callerList for caller phanotate is 11
Processing a callSet
Before sorting, Length of callerList for caller prodigal is 7
After sorting, Length of callerList for caller prodigal is 7
Processing a callSet
Before sorting, Length of callerList for caller  is 0
After sorting, Length of callerList for caller  is 0
callSet processing complete
Comparing across the call sets...
Merging the geneCall sets....
Final merged genes:

***************Merge List
1	Gene No. 1, gene caller: phanotate, leftEnd: 2, rightEnd: 157, strand: +, length: 156, contig: circular_read_594, protein: unknown, score1: 1.0, score2: 0.0
2	Gene No. 1, gene caller: prodigal, leftEnd: 2, rightEnd: 157, strand: +, length: 156, contig: circular_read_594, protein: unknown, score1: 1.0, score2: 0.0
3	Gene No. 2, gene caller: glimmer, leftEnd: 126, rightEnd: 881, strand: +, length: 756, contig: circular_read_594, protein: unknown, score1: 1.0, score2: 0.0
4	Gene No. 2, gene caller: phanotate, leftEnd: 126, rightEnd: 881, strand: +, length: 756, contig: circular_read_594, protein: unknown, score1: 1.0, score2: 0.0
5	Gene No. 2, gene caller: prodigal, leftEnd: 126, rightEnd: 881, strand: +, length: 756, contig: circular_read_594, protein: unknown, score1: 1.0, score2: 0.0
6	Gene No. 3, gene caller: phanotate, leftEnd: 997, rightEnd: 1092, strand: +, length: 96, contig: circular_read_594, protein: unknown, score1: 1.0, score2: 0.0
7	Gene No. 3, gene caller: glimmer, leftEnd: 1060, rightEnd: 1275, strand: -, length: 216, contig: circular_read_594, protein: unknown, score1: 1.0, score2: 0.0
8	Gene No. 4, gene caller: phanotate, leftEnd: 1163, rightEnd: 1312, strand: +, length: 150, contig: circular_read_594, protein: unknown, score1: 1.0, score2: 0.0
9	Gene No. 3, gene caller: prodigal, leftEnd: 1163, rightEnd: 1312, strand: +, length: 150, contig: circular_read_594, protein: unknown, score1: 1.0, score2: 0.0
10	Gene No. 4, gene caller: glimmer, leftEnd: 1300, rightEnd: 1485, strand: +, length: 186, contig: circular_read_594, protein: unknown, score1: 1.0, score2: 0.0
11	Gene No. 5, gene caller: phanotate, leftEnd: 1300, rightEnd: 1485, strand: +, length: 186, contig: circular_read_594, protein: unknown, score1: 1.0, score2: 0.0
12	Gene No. 4, gene caller: prodigal, leftEnd: 1300, rightEnd: 1485, strand: +, length: 186, contig: circular_read_594, protein: unknown, score1: 1.0, score2: 0.0
13	Gene No. 6, gene caller: phanotate, leftEnd: 1588, rightEnd: 1683, strand: -, length: 96, contig: circular_read_594, protein: unknown, score1: 1.0, score2: 0.0
14	Gene No. 5, gene caller: glimmer, leftEnd: 1799, rightEnd: 2554, strand: -, length: 756, contig: circular_read_594, protein: unknown, score1: 1.0, score2: 0.0
15	Gene No. 7, gene caller: phanotate, leftEnd: 1799, rightEnd: 2554, strand: -, length: 756, contig: circular_read_594, protein: unknown, score1: 1.0, score2: 0.0
16	Gene No. 5, gene caller: prodigal, leftEnd: 1799, rightEnd: 2554, strand: -, length: 756, contig: circular_read_594, protein: unknown, score1: 1.0, score2: 0.0
17	Gene No. 8, gene caller: phanotate, leftEnd: 2523, rightEnd: 2612, strand: -, length: 90, contig: circular_read_594, protein: unknown, score1: 1.0, score2: 0.0
18	Gene No. 9, gene caller: phanotate, leftEnd: 2656, rightEnd: 3009, strand: -, length: 354, contig: circular_read_594, protein: unknown, score1: 1.0, score2: 0.0
19	Gene No. 6, gene caller: prodigal, leftEnd: 2656, rightEnd: 3009, strand: -, length: 354, contig: circular_read_594, protein: unknown, score1: 1.0, score2: 0.0
20	Gene No. 6, gene caller: glimmer, leftEnd: 2656, rightEnd: 3135, strand: -, length: 480, contig: circular_read_594, protein: unknown, score1: 1.0, score2: 0.0
21	Gene No. 7, gene caller: prodigal, leftEnd: 3016, rightEnd: 3339, strand: +, length: 324, contig: circular_read_594, protein: unknown, score1: 1.0, score2: 0.0
22	Gene No. 10, gene caller: phanotate, leftEnd: 3059, rightEnd: 3148, strand: +, length: 90, contig: circular_read_594, protein: unknown, score1: 1.0, score2: 0.0
23	Gene No. 11, gene caller: phanotate, leftEnd: 3145, rightEnd: 3339, strand: +, length: 195, contig: circular_read_594, protein: unknown, score1: 1.0, score2: 0.0
Comparing across geneCall sets....
Scoring gene calls....
Identifying common core...
This is the Common Core List:

***************Common Core
CC-gene 1	Gene No. 1, gene caller: All_callers, leftEnd: 126, rightEnd: 881, strand: +, length: 756, contig: circular_read_594, protein: unknown, score1: 1.0, score2: 0.0
CC-gene 2	Gene No. 1, gene caller: All_callers, leftEnd: 1300, rightEnd: 1485, strand: +, length: 186, contig: circular_read_594, protein: unknown, score1: 1.0, score2: 0.0
CC-gene 3	Gene No. 1, gene caller: All_callers, leftEnd: 1799, rightEnd: 2554, strand: -, length: 756, contig: circular_read_594, protein: unknown, score1: 1.0, score2: 0.0
Printing gene-call superset, consensus, and common_core in GFF and CGC formats
Printing report....
The following gene callers were considered: glimmer, phanotate, prodigal, The number of distinct gene calls over all gene callers is 14
The number of gene calls in common among all callers is 3
The number of unique (non-matching) gene calls is8
Caller glimmer produced 5 gene calls.
Caller glimmer gene-call length stats:  min: 186, max: 756, ave: 478.8
Caller phanotate produced 11 gene calls.
Caller phanotate gene-call length stats:  min: 90, max: 756, ave: 265.90909090909093
Caller prodigal produced 7 gene calls.
Caller prodigal gene-call length stats:  min: 150, max: 756, ave: 383.14285714285717

Gene-call Scores:
Caller	Contig	Gene No.	Left End	Right End	Strand	gcScore
phanotate	circular_read_594	1	2	157	+	0.83
prodigal	circular_read_594	1	2	157	+	0.83
glimmer	circular_read_594	2	126	881	+	1.00
phanotate	circular_read_594	2	126	881	+	1.00
prodigal	circular_read_594	2	126	881	+	1.00
phanotate	circular_read_594	3	997	1092	+	0.33
glimmer	circular_read_594	3	1060	1275	-	0.33
phanotate	circular_read_594	4	1163	1312	+	0.83
prodigal	circular_read_594	3	1163	1312	+	0.83
glimmer	circular_read_594	4	1300	1485	+	1.00
phanotate	circular_read_594	5	1300	1485	+	1.00
prodigal	circular_read_594	4	1300	1485	+	1.00
phanotate	circular_read_594	6	1588	1683	-	0.33
glimmer	circular_read_594	5	1799	2554	-	1.00
phanotate	circular_read_594	7	1799	2554	-	1.00
prodigal	circular_read_594	5	1799	2554	-	1.00
phanotate	circular_read_594	8	2523	2612	-	0.33
phanotate	circular_read_594	9	2656	3009	-	0.83
prodigal	circular_read_594	6	2656	3009	-	0.83
glimmer	circular_read_594	6	2656	3135	-	0.50
prodigal	circular_read_594	7	3016	3339	+	0.50
phanotate	circular_read_594	10	3059	3148	+	0.33
phanotate	circular_read_594	11	3145	3339	+	0.50

Gene-call Consensus Scores:
Caller glimmer average gene-call score: 0.77
Caller phanotate average gene-call score: 0.67
Caller prodigal average gene-call score: 0.86

***************Unique List
Unique gene call 1
  --  Gene No. 1, gene caller: phanotate, leftEnd: 2, rightEnd: 157, strand: +, length: 156, contig: circular_read_594, protein: unknown, score1: 0.8333333333333333, score2: 0.0
  --  Gene No. 1, gene caller: prodigal, leftEnd: 2, rightEnd: 157, strand: +, length: 156, contig: circular_read_594, protein: unknown, score1: 0.8333333333333333, score2: 0.0
Unique gene call 2
  --  Gene No. 2, gene caller: glimmer, leftEnd: 126, rightEnd: 881, strand: +, length: 756, contig: circular_read_594, protein: unknown, score1: 1.0, score2: 0.0
  --  Gene No. 2, gene caller: phanotate, leftEnd: 126, rightEnd: 881, strand: +, length: 756, contig: circular_read_594, protein: unknown, score1: 1.0, score2: 0.0
  --  Gene No. 2, gene caller: prodigal, leftEnd: 126, rightEnd: 881, strand: +, length: 756, contig: circular_read_594, protein: unknown, score1: 1.0, score2: 0.0
Unique gene call 3
  --  Gene No. 3, gene caller: phanotate, leftEnd: 997, rightEnd: 1092, strand: +, length: 96, contig: circular_read_594, protein: unknown, score1: 0.3333333333333333, score2: 0.0
Unique gene call 4
  --  Gene No. 3, gene caller: glimmer, leftEnd: 1060, rightEnd: 1275, strand: -, length: 216, contig: circular_read_594, protein: unknown, score1: 0.3333333333333333, score2: 0.0
Unique gene call 5
  --  Gene No. 4, gene caller: phanotate, leftEnd: 1163, rightEnd: 1312, strand: +, length: 150, contig: circular_read_594, protein: unknown, score1: 0.8333333333333333, score2: 0.0
  --  Gene No. 3, gene caller: prodigal, leftEnd: 1163, rightEnd: 1312, strand: +, length: 150, contig: circular_read_594, protein: unknown, score1: 0.8333333333333333, score2: 0.0
Unique gene call 6
  --  Gene No. 4, gene caller: glimmer, leftEnd: 1300, rightEnd: 1485, strand: +, length: 186, contig: circular_read_594, protein: unknown, score1: 1.0, score2: 0.0
  --  Gene No. 5, gene caller: phanotate, leftEnd: 1300, rightEnd: 1485, strand: +, length: 186, contig: circular_read_594, protein: unknown, score1: 1.0, score2: 0.0
  --  Gene No. 4, gene caller: prodigal, leftEnd: 1300, rightEnd: 1485, strand: +, length: 186, contig: circular_read_594, protein: unknown, score1: 1.0, score2: 0.0
Unique gene call 7
  --  Gene No. 6, gene caller: phanotate, leftEnd: 1588, rightEnd: 1683, strand: -, length: 96, contig: circular_read_594, protein: unknown, score1: 0.3333333333333333, score2: 0.0
Unique gene call 8
  --  Gene No. 5, gene caller: glimmer, leftEnd: 1799, rightEnd: 2554, strand: -, length: 756, contig: circular_read_594, protein: unknown, score1: 1.0, score2: 0.0
  --  Gene No. 7, gene caller: phanotate, leftEnd: 1799, rightEnd: 2554, strand: -, length: 756, contig: circular_read_594, protein: unknown, score1: 1.0, score2: 0.0
  --  Gene No. 5, gene caller: prodigal, leftEnd: 1799, rightEnd: 2554, strand: -, length: 756, contig: circular_read_594, protein: unknown, score1: 1.0, score2: 0.0
Unique gene call 9
  --  Gene No. 8, gene caller: phanotate, leftEnd: 2523, rightEnd: 2612, strand: -, length: 90, contig: circular_read_594, protein: unknown, score1: 0.3333333333333333, score2: 0.0
Unique gene call 10
  --  Gene No. 9, gene caller: phanotate, leftEnd: 2656, rightEnd: 3009, strand: -, length: 354, contig: circular_read_594, protein: unknown, score1: 0.8333333333333333, score2: 0.0
  --  Gene No. 6, gene caller: prodigal, leftEnd: 2656, rightEnd: 3009, strand: -, length: 354, contig: circular_read_594, protein: unknown, score1: 0.8333333333333333, score2: 0.0
Unique gene call 11
  --  Gene No. 6, gene caller: glimmer, leftEnd: 2656, rightEnd: 3135, strand: -, length: 480, contig: circular_read_594, protein: unknown, score1: 0.5, score2: 0.0
Unique gene call 12
  --  Gene No. 7, gene caller: prodigal, leftEnd: 3016, rightEnd: 3339, strand: +, length: 324, contig: circular_read_594, protein: unknown, score1: 0.5, score2: 0.0
Unique gene call 13
  --  Gene No. 10, gene caller: phanotate, leftEnd: 3059, rightEnd: 3148, strand: +, length: 90, contig: circular_read_594, protein: unknown, score1: 0.3333333333333333, score2: 0.0
Unique gene call 14
  --  Gene No. 11, gene caller: phanotate, leftEnd: 3145, rightEnd: 3339, strand: +, length: 195, contig: circular_read_594, protein: unknown, score1: 0.5, score2: 0.0
Code complete at 2021-04-21 09:51:11.269085
