Opening log at 2021-04-21 09:54:19.016762
Iterating through fileSet at 2021-04-21 09:54:19.016882
fileSet is ['/home/james/Software/multiPhATE2/PipelineOutput/circular_read_326/commoncore.cgc', '/home/james/Software/multiPhATE2/PipelineOutput/circular_read_326/consensus.cgc', '/home/james/Software/multiPhATE2/PipelineOutput/circular_read_326/glimmer.cgc', '/home/james/Software/multiPhATE2/PipelineOutput/circular_read_326/phanotate.cgc', '/home/james/Software/multiPhATE2/PipelineOutput/circular_read_326/prodigal.cgc', '/home/james/Software/multiPhATE2/PipelineOutput/circular_read_326/superset.cgc']
Opening geneFile /home/james/Software/multiPhATE2/PipelineOutput/circular_read_326/commoncore.cgc
Adding calls from geneFile /home/james/Software/multiPhATE2/PipelineOutput/circular_read_326/commoncore.cgc
Appending call set  number of calls is: 0
Opening geneFile /home/james/Software/multiPhATE2/PipelineOutput/circular_read_326/consensus.cgc
Adding calls from geneFile /home/james/Software/multiPhATE2/PipelineOutput/circular_read_326/consensus.cgc
Appending call set  number of calls is: 0
Opening geneFile /home/james/Software/multiPhATE2/PipelineOutput/circular_read_326/glimmer.cgc
Adding calls from geneFile /home/james/Software/multiPhATE2/PipelineOutput/circular_read_326/glimmer.cgc
Appending call set  number of calls is: 3
Opening geneFile /home/james/Software/multiPhATE2/PipelineOutput/circular_read_326/phanotate.cgc
Adding calls from geneFile /home/james/Software/multiPhATE2/PipelineOutput/circular_read_326/phanotate.cgc
Appending call set  number of calls is: 7
Opening geneFile /home/james/Software/multiPhATE2/PipelineOutput/circular_read_326/prodigal.cgc
Adding calls from geneFile /home/james/Software/multiPhATE2/PipelineOutput/circular_read_326/prodigal.cgc
Appending call set  number of calls is: 8
Opening geneFile /home/james/Software/multiPhATE2/PipelineOutput/circular_read_326/superset.cgc
Adding calls from geneFile /home/james/Software/multiPhATE2/PipelineOutput/circular_read_326/superset.cgc
Appending call set  number of calls is: 0
All call sets have been added to caller list. Number of call sets in callerList: 6
callerList is   glimmer phanotate prodigal  
Total number of gene calls across callerList call sets is: 18
Sorting gene calls for each caller
Processing a callSet
Before sorting, Length of callerList for caller  is 0
After sorting, Length of callerList for caller  is 0
Processing a callSet
Before sorting, Length of callerList for caller  is 0
After sorting, Length of callerList for caller  is 0
Processing a callSet
Before sorting, Length of callerList for caller glimmer is 3
After sorting, Length of callerList for caller glimmer is 3
Processing a callSet
Before sorting, Length of callerList for caller phanotate is 7
After sorting, Length of callerList for caller phanotate is 7
Processing a callSet
Before sorting, Length of callerList for caller prodigal is 8
After sorting, Length of callerList for caller prodigal is 8
Processing a callSet
Before sorting, Length of callerList for caller  is 0
After sorting, Length of callerList for caller  is 0
callSet processing complete
Comparing across the call sets...
Merging the geneCall sets....
Final merged genes:

***************Merge List
1	Gene No. 1, gene caller: phanotate, leftEnd: 3, rightEnd: 671, strand: -, length: 669, contig: circular_read_326, protein: unknown, score1: 1.0, score2: 0.0
2	Gene No. 1, gene caller: prodigal, leftEnd: 3, rightEnd: 671, strand: -, length: 669, contig: circular_read_326, protein: unknown, score1: 1.0, score2: 0.0
3	Gene No. 2, gene caller: prodigal, leftEnd: 620, rightEnd: 856, strand: -, length: 237, contig: circular_read_326, protein: unknown, score1: 1.0, score2: 0.0
4	Gene No. 2, gene caller: phanotate, leftEnd: 620, rightEnd: 862, strand: -, length: 243, contig: circular_read_326, protein: unknown, score1: 1.0, score2: 0.0
5	Gene No. 3, gene caller: phanotate, leftEnd: 875, rightEnd: 1027, strand: -, length: 153, contig: circular_read_326, protein: unknown, score1: 1.0, score2: 0.0
6	Gene No. 3, gene caller: prodigal, leftEnd: 1135, rightEnd: 1458, strand: -, length: 324, contig: circular_read_326, protein: unknown, score1: 1.0, score2: 0.0
7	Gene No. 1, gene caller: glimmer, leftEnd: 1135, rightEnd: 1851, strand: -, length: 717, contig: circular_read_326, protein: unknown, score1: 1.0, score2: 0.0
8	Gene No. 4, gene caller: phanotate, leftEnd: 1135, rightEnd: 1851, strand: -, length: 717, contig: circular_read_326, protein: unknown, score1: 1.0, score2: 0.0
9	Gene No. 4, gene caller: prodigal, leftEnd: 1572, rightEnd: 1823, strand: -, length: 252, contig: circular_read_326, protein: unknown, score1: 1.0, score2: 0.0
10	Gene No. 5, gene caller: prodigal, leftEnd: 1835, rightEnd: 2518, strand: -, length: 684, contig: circular_read_326, protein: unknown, score1: 1.0, score2: 0.0
11	Gene No. 2, gene caller: glimmer, leftEnd: 1835, rightEnd: 2554, strand: -, length: 720, contig: circular_read_326, protein: unknown, score1: 1.0, score2: 0.0
12	Gene No. 5, gene caller: phanotate, leftEnd: 1835, rightEnd: 2554, strand: -, length: 720, contig: circular_read_326, protein: unknown, score1: 1.0, score2: 0.0
13	Gene No. 6, gene caller: prodigal, leftEnd: 2496, rightEnd: 2849, strand: -, length: 354, contig: circular_read_326, protein: unknown, score1: 1.0, score2: 0.0
14	Gene No. 6, gene caller: phanotate, leftEnd: 2496, rightEnd: 2873, strand: -, length: 378, contig: circular_read_326, protein: unknown, score1: 1.0, score2: 0.0
15	Gene No. 7, gene caller: prodigal, leftEnd: 2962, rightEnd: 3306, strand: -, length: 345, contig: circular_read_326, protein: unknown, score1: 1.0, score2: 0.0
16	Gene No. 3, gene caller: glimmer, leftEnd: 2962, rightEnd: 3378, strand: -, length: 417, contig: circular_read_326, protein: unknown, score1: 1.0, score2: 0.0
17	Gene No. 7, gene caller: phanotate, leftEnd: 2962, rightEnd: 3699, strand: -, length: 738, contig: circular_read_326, protein: unknown, score1: 1.0, score2: 0.0
18	Gene No. 8, gene caller: prodigal, leftEnd: 3420, rightEnd: 3671, strand: -, length: 252, contig: circular_read_326, protein: unknown, score1: 1.0, score2: 0.0
Comparing across geneCall sets....
Scoring gene calls....
Identifying common core...
This is the Common Core List:

***************Common Core
Printing gene-call superset, consensus, and common_core in GFF and CGC formats
Printing report....
The following gene callers were considered: glimmer, phanotate, prodigal, The number of distinct gene calls over all gene callers is 15
The number of gene calls in common among all callers is 0
The number of unique (non-matching) gene calls is12
Caller glimmer produced 3 gene calls.
Caller glimmer gene-call length stats:  min: 417, max: 720, ave: 618.0
Caller phanotate produced 7 gene calls.
Caller phanotate gene-call length stats:  min: 153, max: 738, ave: 516.8571428571429
Caller prodigal produced 8 gene calls.
Caller prodigal gene-call length stats:  min: 237, max: 684, ave: 389.625

Gene-call Scores:
Caller	Contig	Gene No.	Left End	Right End	Strand	gcScore
phanotate	circular_read_326	1	3	671	-	0.83
prodigal	circular_read_326	1	3	671	-	0.83
prodigal	circular_read_326	2	620	856	-	0.50
phanotate	circular_read_326	2	620	862	-	0.50
phanotate	circular_read_326	3	875	1027	-	0.33
prodigal	circular_read_326	3	1135	1458	-	0.50
glimmer	circular_read_326	1	1135	1851	-	0.83
phanotate	circular_read_326	4	1135	1851	-	0.83
prodigal	circular_read_326	4	1572	1823	-	0.33
prodigal	circular_read_326	5	1835	2518	-	0.50
glimmer	circular_read_326	2	1835	2554	-	0.83
phanotate	circular_read_326	5	1835	2554	-	0.83
prodigal	circular_read_326	6	2496	2849	-	0.50
phanotate	circular_read_326	6	2496	2873	-	0.50
prodigal	circular_read_326	7	2962	3306	-	0.50
glimmer	circular_read_326	3	2962	3378	-	0.50
phanotate	circular_read_326	7	2962	3699	-	0.50
prodigal	circular_read_326	8	3420	3671	-	0.33

Gene-call Consensus Scores:
Caller glimmer average gene-call score: 0.72
Caller phanotate average gene-call score: 0.62
Caller prodigal average gene-call score: 0.50

***************Unique List
Unique gene call 1
  --  Gene No. 1, gene caller: phanotate, leftEnd: 3, rightEnd: 671, strand: -, length: 669, contig: circular_read_326, protein: unknown, score1: 0.8333333333333333, score2: 0.0
  --  Gene No. 1, gene caller: prodigal, leftEnd: 3, rightEnd: 671, strand: -, length: 669, contig: circular_read_326, protein: unknown, score1: 0.8333333333333333, score2: 0.0
Unique gene call 2
  --  Gene No. 2, gene caller: prodigal, leftEnd: 620, rightEnd: 856, strand: -, length: 237, contig: circular_read_326, protein: unknown, score1: 0.5, score2: 0.0
Unique gene call 3
  --  Gene No. 2, gene caller: phanotate, leftEnd: 620, rightEnd: 862, strand: -, length: 243, contig: circular_read_326, protein: unknown, score1: 0.5, score2: 0.0
Unique gene call 4
  --  Gene No. 3, gene caller: phanotate, leftEnd: 875, rightEnd: 1027, strand: -, length: 153, contig: circular_read_326, protein: unknown, score1: 0.3333333333333333, score2: 0.0
Unique gene call 5
  --  Gene No. 3, gene caller: prodigal, leftEnd: 1135, rightEnd: 1458, strand: -, length: 324, contig: circular_read_326, protein: unknown, score1: 0.5, score2: 0.0
Unique gene call 6
  --  Gene No. 1, gene caller: glimmer, leftEnd: 1135, rightEnd: 1851, strand: -, length: 717, contig: circular_read_326, protein: unknown, score1: 0.8333333333333333, score2: 0.0
  --  Gene No. 4, gene caller: phanotate, leftEnd: 1135, rightEnd: 1851, strand: -, length: 717, contig: circular_read_326, protein: unknown, score1: 0.8333333333333333, score2: 0.0
Unique gene call 7
  --  Gene No. 4, gene caller: prodigal, leftEnd: 1572, rightEnd: 1823, strand: -, length: 252, contig: circular_read_326, protein: unknown, score1: 0.3333333333333333, score2: 0.0
Unique gene call 8
  --  Gene No. 5, gene caller: prodigal, leftEnd: 1835, rightEnd: 2518, strand: -, length: 684, contig: circular_read_326, protein: unknown, score1: 0.5, score2: 0.0
Unique gene call 9
  --  Gene No. 2, gene caller: glimmer, leftEnd: 1835, rightEnd: 2554, strand: -, length: 720, contig: circular_read_326, protein: unknown, score1: 0.8333333333333333, score2: 0.0
  --  Gene No. 5, gene caller: phanotate, leftEnd: 1835, rightEnd: 2554, strand: -, length: 720, contig: circular_read_326, protein: unknown, score1: 0.8333333333333333, score2: 0.0
Unique gene call 10
  --  Gene No. 6, gene caller: prodigal, leftEnd: 2496, rightEnd: 2849, strand: -, length: 354, contig: circular_read_326, protein: unknown, score1: 0.5, score2: 0.0
Unique gene call 11
  --  Gene No. 6, gene caller: phanotate, leftEnd: 2496, rightEnd: 2873, strand: -, length: 378, contig: circular_read_326, protein: unknown, score1: 0.5, score2: 0.0
Unique gene call 12
  --  Gene No. 7, gene caller: prodigal, leftEnd: 2962, rightEnd: 3306, strand: -, length: 345, contig: circular_read_326, protein: unknown, score1: 0.5, score2: 0.0
Unique gene call 13
  --  Gene No. 3, gene caller: glimmer, leftEnd: 2962, rightEnd: 3378, strand: -, length: 417, contig: circular_read_326, protein: unknown, score1: 0.5, score2: 0.0
Unique gene call 14
  --  Gene No. 7, gene caller: phanotate, leftEnd: 2962, rightEnd: 3699, strand: -, length: 738, contig: circular_read_326, protein: unknown, score1: 0.5, score2: 0.0
Unique gene call 15
  --  Gene No. 8, gene caller: prodigal, leftEnd: 3420, rightEnd: 3671, strand: -, length: 252, contig: circular_read_326, protein: unknown, score1: 0.3333333333333333, score2: 0.0
Code complete at 2021-04-21 09:54:19.019052
