Opening log at 2021-04-21 09:40:48.337136
Iterating through fileSet at 2021-04-21 09:40:48.337293
fileSet is ['/home/james/Software/multiPhATE2/PipelineOutput/contig_829/commoncore.cgc', '/home/james/Software/multiPhATE2/PipelineOutput/contig_829/consensus.cgc', '/home/james/Software/multiPhATE2/PipelineOutput/contig_829/glimmer.cgc', '/home/james/Software/multiPhATE2/PipelineOutput/contig_829/phanotate.cgc', '/home/james/Software/multiPhATE2/PipelineOutput/contig_829/prodigal.cgc', '/home/james/Software/multiPhATE2/PipelineOutput/contig_829/superset.cgc']
Opening geneFile /home/james/Software/multiPhATE2/PipelineOutput/contig_829/commoncore.cgc
Adding calls from geneFile /home/james/Software/multiPhATE2/PipelineOutput/contig_829/commoncore.cgc
Appending call set  number of calls is: 0
Opening geneFile /home/james/Software/multiPhATE2/PipelineOutput/contig_829/consensus.cgc
Adding calls from geneFile /home/james/Software/multiPhATE2/PipelineOutput/contig_829/consensus.cgc
Appending call set  number of calls is: 0
Opening geneFile /home/james/Software/multiPhATE2/PipelineOutput/contig_829/glimmer.cgc
Adding calls from geneFile /home/james/Software/multiPhATE2/PipelineOutput/contig_829/glimmer.cgc
Appending call set  number of calls is: 13
Opening geneFile /home/james/Software/multiPhATE2/PipelineOutput/contig_829/phanotate.cgc
Adding calls from geneFile /home/james/Software/multiPhATE2/PipelineOutput/contig_829/phanotate.cgc
Appending call set  number of calls is: 21
Opening geneFile /home/james/Software/multiPhATE2/PipelineOutput/contig_829/prodigal.cgc
Adding calls from geneFile /home/james/Software/multiPhATE2/PipelineOutput/contig_829/prodigal.cgc
Appending call set  number of calls is: 13
Opening geneFile /home/james/Software/multiPhATE2/PipelineOutput/contig_829/superset.cgc
Adding calls from geneFile /home/james/Software/multiPhATE2/PipelineOutput/contig_829/superset.cgc
Appending call set  number of calls is: 0
All call sets have been added to caller list. Number of call sets in callerList: 6
callerList is   glimmer phanotate prodigal  
Total number of gene calls across callerList call sets is: 47
Sorting gene calls for each caller
Processing a callSet
Before sorting, Length of callerList for caller  is 0
After sorting, Length of callerList for caller  is 0
Processing a callSet
Before sorting, Length of callerList for caller  is 0
After sorting, Length of callerList for caller  is 0
Processing a callSet
Before sorting, Length of callerList for caller glimmer is 13
After sorting, Length of callerList for caller glimmer is 13
Processing a callSet
Before sorting, Length of callerList for caller phanotate is 21
After sorting, Length of callerList for caller phanotate is 21
Processing a callSet
Before sorting, Length of callerList for caller prodigal is 13
After sorting, Length of callerList for caller prodigal is 13
Processing a callSet
Before sorting, Length of callerList for caller  is 0
After sorting, Length of callerList for caller  is 0
callSet processing complete
Comparing across the call sets...
Merging the geneCall sets....
Final merged genes:

***************Merge List
1	Gene No. 1, gene caller: phanotate, leftEnd: 3, rightEnd: 212, strand: +, length: 210, contig: contig_829, protein: unknown, score1: 1.0, score2: 0.0
2	Gene No. 1, gene caller: prodigal, leftEnd: 3, rightEnd: 212, strand: +, length: 210, contig: contig_829, protein: unknown, score1: 1.0, score2: 0.0
3	Gene No. 2, gene caller: glimmer, leftEnd: 261, rightEnd: 917, strand: +, length: 657, contig: contig_829, protein: unknown, score1: 1.0, score2: 0.0
4	Gene No. 2, gene caller: phanotate, leftEnd: 261, rightEnd: 917, strand: +, length: 657, contig: contig_829, protein: unknown, score1: 1.0, score2: 0.0
5	Gene No. 2, gene caller: prodigal, leftEnd: 261, rightEnd: 917, strand: +, length: 657, contig: contig_829, protein: unknown, score1: 1.0, score2: 0.0
6	Gene No. 3, gene caller: phanotate, leftEnd: 963, rightEnd: 1061, strand: +, length: 99, contig: contig_829, protein: unknown, score1: 1.0, score2: 0.0
7	Gene No. 4, gene caller: phanotate, leftEnd: 1134, rightEnd: 1253, strand: -, length: 120, contig: contig_829, protein: unknown, score1: 1.0, score2: 0.0
8	Gene No. 5, gene caller: phanotate, leftEnd: 1263, rightEnd: 1487, strand: -, length: 225, contig: contig_829, protein: unknown, score1: 1.0, score2: 0.0
9	Gene No. 3, gene caller: glimmer, leftEnd: 1263, rightEnd: 1490, strand: -, length: 228, contig: contig_829, protein: unknown, score1: 1.0, score2: 0.0
10	Gene No. 4, gene caller: glimmer, leftEnd: 1480, rightEnd: 2301, strand: +, length: 822, contig: contig_829, protein: unknown, score1: 1.0, score2: 0.0
11	Gene No. 6, gene caller: phanotate, leftEnd: 1480, rightEnd: 2301, strand: +, length: 822, contig: contig_829, protein: unknown, score1: 1.0, score2: 0.0
12	Gene No. 3, gene caller: prodigal, leftEnd: 1480, rightEnd: 2301, strand: +, length: 822, contig: contig_829, protein: unknown, score1: 1.0, score2: 0.0
13	Gene No. 7, gene caller: phanotate, leftEnd: 2342, rightEnd: 2431, strand: +, length: 90, contig: contig_829, protein: unknown, score1: 1.0, score2: 0.0
14	Gene No. 5, gene caller: glimmer, leftEnd: 2434, rightEnd: 2871, strand: -, length: 438, contig: contig_829, protein: unknown, score1: 1.0, score2: 0.0
15	Gene No. 8, gene caller: phanotate, leftEnd: 2434, rightEnd: 2871, strand: -, length: 438, contig: contig_829, protein: unknown, score1: 1.0, score2: 0.0
16	Gene No. 4, gene caller: prodigal, leftEnd: 2434, rightEnd: 2871, strand: -, length: 438, contig: contig_829, protein: unknown, score1: 1.0, score2: 0.0
17	Gene No. 6, gene caller: glimmer, leftEnd: 2893, rightEnd: 3075, strand: -, length: 183, contig: contig_829, protein: unknown, score1: 1.0, score2: 0.0
18	Gene No. 9, gene caller: phanotate, leftEnd: 2893, rightEnd: 3075, strand: -, length: 183, contig: contig_829, protein: unknown, score1: 1.0, score2: 0.0
19	Gene No. 5, gene caller: prodigal, leftEnd: 2893, rightEnd: 3075, strand: -, length: 183, contig: contig_829, protein: unknown, score1: 1.0, score2: 0.0
20	Gene No. 7, gene caller: glimmer, leftEnd: 3146, rightEnd: 3814, strand: +, length: 669, contig: contig_829, protein: unknown, score1: 1.0, score2: 0.0
21	Gene No. 10, gene caller: phanotate, leftEnd: 3146, rightEnd: 3814, strand: +, length: 669, contig: contig_829, protein: unknown, score1: 1.0, score2: 0.0
22	Gene No. 6, gene caller: prodigal, leftEnd: 3146, rightEnd: 3814, strand: +, length: 669, contig: contig_829, protein: unknown, score1: 1.0, score2: 0.0
23	Gene No. 8, gene caller: glimmer, leftEnd: 3811, rightEnd: 4173, strand: +, length: 363, contig: contig_829, protein: unknown, score1: 1.0, score2: 0.0
24	Gene No. 11, gene caller: phanotate, leftEnd: 3811, rightEnd: 4173, strand: +, length: 363, contig: contig_829, protein: unknown, score1: 1.0, score2: 0.0
25	Gene No. 7, gene caller: prodigal, leftEnd: 3811, rightEnd: 4173, strand: +, length: 363, contig: contig_829, protein: unknown, score1: 1.0, score2: 0.0
26	Gene No. 12, gene caller: phanotate, leftEnd: 4157, rightEnd: 4570, strand: +, length: 414, contig: contig_829, protein: unknown, score1: 1.0, score2: 0.0
27	Gene No. 8, gene caller: prodigal, leftEnd: 4157, rightEnd: 4570, strand: +, length: 414, contig: contig_829, protein: unknown, score1: 1.0, score2: 0.0
28	Gene No. 9, gene caller: glimmer, leftEnd: 4220, rightEnd: 4570, strand: +, length: 351, contig: contig_829, protein: unknown, score1: 1.0, score2: 0.0
29	Gene No. 10, gene caller: glimmer, leftEnd: 4700, rightEnd: 4882, strand: +, length: 183, contig: contig_829, protein: unknown, score1: 1.0, score2: 0.0
30	Gene No. 13, gene caller: phanotate, leftEnd: 4700, rightEnd: 4882, strand: +, length: 183, contig: contig_829, protein: unknown, score1: 1.0, score2: 0.0
31	Gene No. 9, gene caller: prodigal, leftEnd: 4700, rightEnd: 4882, strand: +, length: 183, contig: contig_829, protein: unknown, score1: 1.0, score2: 0.0
32	Gene No. 11, gene caller: glimmer, leftEnd: 4904, rightEnd: 5341, strand: +, length: 438, contig: contig_829, protein: unknown, score1: 1.0, score2: 0.0
33	Gene No. 14, gene caller: phanotate, leftEnd: 4904, rightEnd: 5341, strand: +, length: 438, contig: contig_829, protein: unknown, score1: 1.0, score2: 0.0
34	Gene No. 10, gene caller: prodigal, leftEnd: 4904, rightEnd: 5341, strand: +, length: 438, contig: contig_829, protein: unknown, score1: 1.0, score2: 0.0
35	Gene No. 15, gene caller: phanotate, leftEnd: 5344, rightEnd: 5433, strand: -, length: 90, contig: contig_829, protein: unknown, score1: 1.0, score2: 0.0
36	Gene No. 12, gene caller: glimmer, leftEnd: 5474, rightEnd: 6295, strand: -, length: 822, contig: contig_829, protein: unknown, score1: 1.0, score2: 0.0
37	Gene No. 16, gene caller: phanotate, leftEnd: 5474, rightEnd: 6295, strand: -, length: 822, contig: contig_829, protein: unknown, score1: 1.0, score2: 0.0
38	Gene No. 11, gene caller: prodigal, leftEnd: 5474, rightEnd: 6295, strand: -, length: 822, contig: contig_829, protein: unknown, score1: 1.0, score2: 0.0
39	Gene No. 13, gene caller: glimmer, leftEnd: 6285, rightEnd: 6512, strand: +, length: 228, contig: contig_829, protein: unknown, score1: 1.0, score2: 0.0
40	Gene No. 17, gene caller: phanotate, leftEnd: 6288, rightEnd: 6512, strand: +, length: 225, contig: contig_829, protein: unknown, score1: 1.0, score2: 0.0
41	Gene No. 18, gene caller: phanotate, leftEnd: 6522, rightEnd: 6641, strand: +, length: 120, contig: contig_829, protein: unknown, score1: 1.0, score2: 0.0
42	Gene No. 19, gene caller: phanotate, leftEnd: 6714, rightEnd: 6812, strand: -, length: 99, contig: contig_829, protein: unknown, score1: 1.0, score2: 0.0
43	Gene No. 20, gene caller: phanotate, leftEnd: 6858, rightEnd: 7490, strand: -, length: 633, contig: contig_829, protein: unknown, score1: 1.0, score2: 0.0
44	Gene No. 14, gene caller: glimmer, leftEnd: 6858, rightEnd: 7514, strand: -, length: 657, contig: contig_829, protein: unknown, score1: 1.0, score2: 0.0
45	Gene No. 12, gene caller: prodigal, leftEnd: 6858, rightEnd: 7514, strand: -, length: 657, contig: contig_829, protein: unknown, score1: 1.0, score2: 0.0
46	Gene No. 21, gene caller: phanotate, leftEnd: 7563, rightEnd: 7832, strand: -, length: 270, contig: contig_829, protein: unknown, score1: 1.0, score2: 0.0
47	Gene No. 13, gene caller: prodigal, leftEnd: 7563, rightEnd: 7832, strand: -, length: 270, contig: contig_829, protein: unknown, score1: 1.0, score2: 0.0
Comparing across geneCall sets....
Scoring gene calls....
Identifying common core...
This is the Common Core List:

***************Common Core
CC-gene 1	Gene No. 1, gene caller: All_callers, leftEnd: 261, rightEnd: 917, strand: +, length: 657, contig: contig_829, protein: unknown, score1: 1.0, score2: 0.0
CC-gene 2	Gene No. 1, gene caller: All_callers, leftEnd: 1480, rightEnd: 2301, strand: +, length: 822, contig: contig_829, protein: unknown, score1: 1.0, score2: 0.0
CC-gene 3	Gene No. 1, gene caller: All_callers, leftEnd: 2434, rightEnd: 2871, strand: -, length: 438, contig: contig_829, protein: unknown, score1: 1.0, score2: 0.0
CC-gene 4	Gene No. 1, gene caller: All_callers, leftEnd: 2893, rightEnd: 3075, strand: -, length: 183, contig: contig_829, protein: unknown, score1: 1.0, score2: 0.0
CC-gene 5	Gene No. 1, gene caller: All_callers, leftEnd: 3146, rightEnd: 3814, strand: +, length: 669, contig: contig_829, protein: unknown, score1: 1.0, score2: 0.0
CC-gene 6	Gene No. 1, gene caller: All_callers, leftEnd: 3811, rightEnd: 4173, strand: +, length: 363, contig: contig_829, protein: unknown, score1: 1.0, score2: 0.0
CC-gene 7	Gene No. 1, gene caller: All_callers, leftEnd: 4700, rightEnd: 4882, strand: +, length: 183, contig: contig_829, protein: unknown, score1: 1.0, score2: 0.0
CC-gene 8	Gene No. 1, gene caller: All_callers, leftEnd: 4904, rightEnd: 5341, strand: +, length: 438, contig: contig_829, protein: unknown, score1: 1.0, score2: 0.0
CC-gene 9	Gene No. 1, gene caller: All_callers, leftEnd: 5474, rightEnd: 6295, strand: -, length: 822, contig: contig_829, protein: unknown, score1: 1.0, score2: 0.0
Printing gene-call superset, consensus, and common_core in GFF and CGC formats
Printing report....
The following gene callers were considered: glimmer, phanotate, prodigal, The number of distinct gene calls over all gene callers is 25
The number of gene calls in common among all callers is 9
The number of unique (non-matching) gene calls is12
Caller glimmer produced 13 gene calls.
Caller glimmer gene-call length stats:  min: 183, max: 822, ave: 464.53846153846155
Caller phanotate produced 21 gene calls.
Caller phanotate gene-call length stats:  min: 90, max: 822, ave: 341.42857142857144
Caller prodigal produced 13 gene calls.
Caller prodigal gene-call length stats:  min: 183, max: 822, ave: 471.2307692307692

Gene-call Scores:
Caller	Contig	Gene No.	Left End	Right End	Strand	gcScore
phanotate	contig_829	1	3	212	+	0.83
prodigal	contig_829	1	3	212	+	0.83
glimmer	contig_829	2	261	917	+	1.00
phanotate	contig_829	2	261	917	+	1.00
prodigal	contig_829	2	261	917	+	1.00
phanotate	contig_829	3	963	1061	+	0.33
phanotate	contig_829	4	1134	1253	-	0.33
phanotate	contig_829	5	1263	1487	-	0.50
glimmer	contig_829	3	1263	1490	-	0.50
glimmer	contig_829	4	1480	2301	+	1.00
phanotate	contig_829	6	1480	2301	+	1.00
prodigal	contig_829	3	1480	2301	+	1.00
phanotate	contig_829	7	2342	2431	+	0.33
glimmer	contig_829	5	2434	2871	-	1.00
phanotate	contig_829	8	2434	2871	-	1.00
prodigal	contig_829	4	2434	2871	-	1.00
glimmer	contig_829	6	2893	3075	-	1.00
phanotate	contig_829	9	2893	3075	-	1.00
prodigal	contig_829	5	2893	3075	-	1.00
glimmer	contig_829	7	3146	3814	+	1.00
phanotate	contig_829	10	3146	3814	+	1.00
prodigal	contig_829	6	3146	3814	+	1.00
glimmer	contig_829	8	3811	4173	+	1.00
phanotate	contig_829	11	3811	4173	+	1.00
prodigal	contig_829	7	3811	4173	+	1.00
phanotate	contig_829	12	4157	4570	+	0.83
prodigal	contig_829	8	4157	4570	+	0.83
glimmer	contig_829	9	4220	4570	+	0.50
glimmer	contig_829	10	4700	4882	+	1.00
phanotate	contig_829	13	4700	4882	+	1.00
prodigal	contig_829	9	4700	4882	+	1.00
glimmer	contig_829	11	4904	5341	+	1.00
phanotate	contig_829	14	4904	5341	+	1.00
prodigal	contig_829	10	4904	5341	+	1.00
phanotate	contig_829	15	5344	5433	-	0.33
glimmer	contig_829	12	5474	6295	-	1.00
phanotate	contig_829	16	5474	6295	-	1.00
prodigal	contig_829	11	5474	6295	-	1.00
glimmer	contig_829	13	6285	6512	+	0.50
phanotate	contig_829	17	6288	6512	+	0.50
phanotate	contig_829	18	6522	6641	+	0.33
phanotate	contig_829	19	6714	6812	-	0.33
phanotate	contig_829	20	6858	7490	-	0.50
glimmer	contig_829	14	6858	7514	-	0.83
prodigal	contig_829	12	6858	7514	-	0.83
phanotate	contig_829	21	7563	7832	-	0.83
prodigal	contig_829	13	7563	7832	-	0.83

Gene-call Consensus Scores:
Caller glimmer average gene-call score: 0.87
Caller phanotate average gene-call score: 0.71
Caller prodigal average gene-call score: 0.95

***************Unique List
Unique gene call 1
  --  Gene No. 1, gene caller: phanotate, leftEnd: 3, rightEnd: 212, strand: +, length: 210, contig: contig_829, protein: unknown, score1: 0.8333333333333333, score2: 0.0
  --  Gene No. 1, gene caller: prodigal, leftEnd: 3, rightEnd: 212, strand: +, length: 210, contig: contig_829, protein: unknown, score1: 0.8333333333333333, score2: 0.0
Unique gene call 2
  --  Gene No. 2, gene caller: glimmer, leftEnd: 261, rightEnd: 917, strand: +, length: 657, contig: contig_829, protein: unknown, score1: 1.0, score2: 0.0
  --  Gene No. 2, gene caller: phanotate, leftEnd: 261, rightEnd: 917, strand: +, length: 657, contig: contig_829, protein: unknown, score1: 1.0, score2: 0.0
  --  Gene No. 2, gene caller: prodigal, leftEnd: 261, rightEnd: 917, strand: +, length: 657, contig: contig_829, protein: unknown, score1: 1.0, score2: 0.0
Unique gene call 3
  --  Gene No. 3, gene caller: phanotate, leftEnd: 963, rightEnd: 1061, strand: +, length: 99, contig: contig_829, protein: unknown, score1: 0.3333333333333333, score2: 0.0
Unique gene call 4
  --  Gene No. 4, gene caller: phanotate, leftEnd: 1134, rightEnd: 1253, strand: -, length: 120, contig: contig_829, protein: unknown, score1: 0.3333333333333333, score2: 0.0
Unique gene call 5
  --  Gene No. 5, gene caller: phanotate, leftEnd: 1263, rightEnd: 1487, strand: -, length: 225, contig: contig_829, protein: unknown, score1: 0.5, score2: 0.0
Unique gene call 6
  --  Gene No. 3, gene caller: glimmer, leftEnd: 1263, rightEnd: 1490, strand: -, length: 228, contig: contig_829, protein: unknown, score1: 0.5, score2: 0.0
Unique gene call 7
  --  Gene No. 4, gene caller: glimmer, leftEnd: 1480, rightEnd: 2301, strand: +, length: 822, contig: contig_829, protein: unknown, score1: 1.0, score2: 0.0
  --  Gene No. 6, gene caller: phanotate, leftEnd: 1480, rightEnd: 2301, strand: +, length: 822, contig: contig_829, protein: unknown, score1: 1.0, score2: 0.0
  --  Gene No. 3, gene caller: prodigal, leftEnd: 1480, rightEnd: 2301, strand: +, length: 822, contig: contig_829, protein: unknown, score1: 1.0, score2: 0.0
Unique gene call 8
  --  Gene No. 7, gene caller: phanotate, leftEnd: 2342, rightEnd: 2431, strand: +, length: 90, contig: contig_829, protein: unknown, score1: 0.3333333333333333, score2: 0.0
Unique gene call 9
  --  Gene No. 5, gene caller: glimmer, leftEnd: 2434, rightEnd: 2871, strand: -, length: 438, contig: contig_829, protein: unknown, score1: 1.0, score2: 0.0
  --  Gene No. 8, gene caller: phanotate, leftEnd: 2434, rightEnd: 2871, strand: -, length: 438, contig: contig_829, protein: unknown, score1: 1.0, score2: 0.0
  --  Gene No. 4, gene caller: prodigal, leftEnd: 2434, rightEnd: 2871, strand: -, length: 438, contig: contig_829, protein: unknown, score1: 1.0, score2: 0.0
Unique gene call 10
  --  Gene No. 6, gene caller: glimmer, leftEnd: 2893, rightEnd: 3075, strand: -, length: 183, contig: contig_829, protein: unknown, score1: 1.0, score2: 0.0
  --  Gene No. 9, gene caller: phanotate, leftEnd: 2893, rightEnd: 3075, strand: -, length: 183, contig: contig_829, protein: unknown, score1: 1.0, score2: 0.0
  --  Gene No. 5, gene caller: prodigal, leftEnd: 2893, rightEnd: 3075, strand: -, length: 183, contig: contig_829, protein: unknown, score1: 1.0, score2: 0.0
Unique gene call 11
  --  Gene No. 7, gene caller: glimmer, leftEnd: 3146, rightEnd: 3814, strand: +, length: 669, contig: contig_829, protein: unknown, score1: 1.0, score2: 0.0
  --  Gene No. 10, gene caller: phanotate, leftEnd: 3146, rightEnd: 3814, strand: +, length: 669, contig: contig_829, protein: unknown, score1: 1.0, score2: 0.0
  --  Gene No. 6, gene caller: prodigal, leftEnd: 3146, rightEnd: 3814, strand: +, length: 669, contig: contig_829, protein: unknown, score1: 1.0, score2: 0.0
Unique gene call 12
  --  Gene No. 8, gene caller: glimmer, leftEnd: 3811, rightEnd: 4173, strand: +, length: 363, contig: contig_829, protein: unknown, score1: 1.0, score2: 0.0
  --  Gene No. 11, gene caller: phanotate, leftEnd: 3811, rightEnd: 4173, strand: +, length: 363, contig: contig_829, protein: unknown, score1: 1.0, score2: 0.0
  --  Gene No. 7, gene caller: prodigal, leftEnd: 3811, rightEnd: 4173, strand: +, length: 363, contig: contig_829, protein: unknown, score1: 1.0, score2: 0.0
Unique gene call 13
  --  Gene No. 12, gene caller: phanotate, leftEnd: 4157, rightEnd: 4570, strand: +, length: 414, contig: contig_829, protein: unknown, score1: 0.8333333333333333, score2: 0.0
  --  Gene No. 8, gene caller: prodigal, leftEnd: 4157, rightEnd: 4570, strand: +, length: 414, contig: contig_829, protein: unknown, score1: 0.8333333333333333, score2: 0.0
Unique gene call 14
  --  Gene No. 9, gene caller: glimmer, leftEnd: 4220, rightEnd: 4570, strand: +, length: 351, contig: contig_829, protein: unknown, score1: 0.5, score2: 0.0
Unique gene call 15
  --  Gene No. 10, gene caller: glimmer, leftEnd: 4700, rightEnd: 4882, strand: +, length: 183, contig: contig_829, protein: unknown, score1: 1.0, score2: 0.0
  --  Gene No. 13, gene caller: phanotate, leftEnd: 4700, rightEnd: 4882, strand: +, length: 183, contig: contig_829, protein: unknown, score1: 1.0, score2: 0.0
  --  Gene No. 9, gene caller: prodigal, leftEnd: 4700, rightEnd: 4882, strand: +, length: 183, contig: contig_829, protein: unknown, score1: 1.0, score2: 0.0
Unique gene call 16
  --  Gene No. 11, gene caller: glimmer, leftEnd: 4904, rightEnd: 5341, strand: +, length: 438, contig: contig_829, protein: unknown, score1: 1.0, score2: 0.0
  --  Gene No. 14, gene caller: phanotate, leftEnd: 4904, rightEnd: 5341, strand: +, length: 438, contig: contig_829, protein: unknown, score1: 1.0, score2: 0.0
  --  Gene No. 10, gene caller: prodigal, leftEnd: 4904, rightEnd: 5341, strand: +, length: 438, contig: contig_829, protein: unknown, score1: 1.0, score2: 0.0
Unique gene call 17
  --  Gene No. 15, gene caller: phanotate, leftEnd: 5344, rightEnd: 5433, strand: -, length: 90, contig: contig_829, protein: unknown, score1: 0.3333333333333333, score2: 0.0
Unique gene call 18
  --  Gene No. 12, gene caller: glimmer, leftEnd: 5474, rightEnd: 6295, strand: -, length: 822, contig: contig_829, protein: unknown, score1: 1.0, score2: 0.0
  --  Gene No. 16, gene caller: phanotate, leftEnd: 5474, rightEnd: 6295, strand: -, length: 822, contig: contig_829, protein: unknown, score1: 1.0, score2: 0.0
  --  Gene No. 11, gene caller: prodigal, leftEnd: 5474, rightEnd: 6295, strand: -, length: 822, contig: contig_829, protein: unknown, score1: 1.0, score2: 0.0
Unique gene call 19
  --  Gene No. 13, gene caller: glimmer, leftEnd: 6285, rightEnd: 6512, strand: +, length: 228, contig: contig_829, protein: unknown, score1: 0.5, score2: 0.0
Unique gene call 20
  --  Gene No. 17, gene caller: phanotate, leftEnd: 6288, rightEnd: 6512, strand: +, length: 225, contig: contig_829, protein: unknown, score1: 0.5, score2: 0.0
Unique gene call 21
  --  Gene No. 18, gene caller: phanotate, leftEnd: 6522, rightEnd: 6641, strand: +, length: 120, contig: contig_829, protein: unknown, score1: 0.3333333333333333, score2: 0.0
Unique gene call 22
  --  Gene No. 19, gene caller: phanotate, leftEnd: 6714, rightEnd: 6812, strand: -, length: 99, contig: contig_829, protein: unknown, score1: 0.3333333333333333, score2: 0.0
Unique gene call 23
  --  Gene No. 20, gene caller: phanotate, leftEnd: 6858, rightEnd: 7490, strand: -, length: 633, contig: contig_829, protein: unknown, score1: 0.5, score2: 0.0
Unique gene call 24
  --  Gene No. 14, gene caller: glimmer, leftEnd: 6858, rightEnd: 7514, strand: -, length: 657, contig: contig_829, protein: unknown, score1: 0.8333333333333333, score2: 0.0
  --  Gene No. 12, gene caller: prodigal, leftEnd: 6858, rightEnd: 7514, strand: -, length: 657, contig: contig_829, protein: unknown, score1: 0.8333333333333333, score2: 0.0
Unique gene call 25
  --  Gene No. 21, gene caller: phanotate, leftEnd: 7563, rightEnd: 7832, strand: -, length: 270, contig: contig_829, protein: unknown, score1: 0.8333333333333333, score2: 0.0
  --  Gene No. 13, gene caller: prodigal, leftEnd: 7563, rightEnd: 7832, strand: -, length: 270, contig: contig_829, protein: unknown, score1: 0.8333333333333333, score2: 0.0
Code complete at 2021-04-21 09:40:48.345637
