Opening log at 2021-04-21 09:28:56.480774
Iterating through fileSet at 2021-04-21 09:28:56.481123
fileSet is ['/home/james/Software/multiPhATE2/PipelineOutput/contig_1522/commoncore.cgc', '/home/james/Software/multiPhATE2/PipelineOutput/contig_1522/consensus.cgc', '/home/james/Software/multiPhATE2/PipelineOutput/contig_1522/glimmer.cgc', '/home/james/Software/multiPhATE2/PipelineOutput/contig_1522/phanotate.cgc', '/home/james/Software/multiPhATE2/PipelineOutput/contig_1522/prodigal.cgc', '/home/james/Software/multiPhATE2/PipelineOutput/contig_1522/superset.cgc']
Opening geneFile /home/james/Software/multiPhATE2/PipelineOutput/contig_1522/commoncore.cgc
Adding calls from geneFile /home/james/Software/multiPhATE2/PipelineOutput/contig_1522/commoncore.cgc
Appending call set  number of calls is: 0
Opening geneFile /home/james/Software/multiPhATE2/PipelineOutput/contig_1522/consensus.cgc
Adding calls from geneFile /home/james/Software/multiPhATE2/PipelineOutput/contig_1522/consensus.cgc
Appending call set  number of calls is: 0
Opening geneFile /home/james/Software/multiPhATE2/PipelineOutput/contig_1522/glimmer.cgc
Adding calls from geneFile /home/james/Software/multiPhATE2/PipelineOutput/contig_1522/glimmer.cgc
Appending call set  number of calls is: 7
Opening geneFile /home/james/Software/multiPhATE2/PipelineOutput/contig_1522/phanotate.cgc
Adding calls from geneFile /home/james/Software/multiPhATE2/PipelineOutput/contig_1522/phanotate.cgc
Appending call set  number of calls is: 10
Opening geneFile /home/james/Software/multiPhATE2/PipelineOutput/contig_1522/prodigal.cgc
Adding calls from geneFile /home/james/Software/multiPhATE2/PipelineOutput/contig_1522/prodigal.cgc
Appending call set  number of calls is: 6
Opening geneFile /home/james/Software/multiPhATE2/PipelineOutput/contig_1522/superset.cgc
Adding calls from geneFile /home/james/Software/multiPhATE2/PipelineOutput/contig_1522/superset.cgc
Appending call set  number of calls is: 0
All call sets have been added to caller list. Number of call sets in callerList: 6
callerList is   glimmer phanotate prodigal  
Total number of gene calls across callerList call sets is: 23
Sorting gene calls for each caller
Processing a callSet
Before sorting, Length of callerList for caller  is 0
After sorting, Length of callerList for caller  is 0
Processing a callSet
Before sorting, Length of callerList for caller  is 0
After sorting, Length of callerList for caller  is 0
Processing a callSet
Before sorting, Length of callerList for caller glimmer is 7
After sorting, Length of callerList for caller glimmer is 7
Processing a callSet
Before sorting, Length of callerList for caller phanotate is 10
After sorting, Length of callerList for caller phanotate is 10
Processing a callSet
Before sorting, Length of callerList for caller prodigal is 6
After sorting, Length of callerList for caller prodigal is 6
Processing a callSet
Before sorting, Length of callerList for caller  is 0
After sorting, Length of callerList for caller  is 0
callSet processing complete
Comparing across the call sets...
Merging the geneCall sets....
Final merged genes:

***************Merge List
1	Gene No. 1, gene caller: prodigal, leftEnd: 1, rightEnd: 75, strand: -, length: 75, contig: contig_1522, protein: unknown, score1: 1.0, score2: 0.0
2	Gene No. 1, gene caller: glimmer, leftEnd: 132, rightEnd: 551, strand: -, length: 420, contig: contig_1522, protein: unknown, score1: 1.0, score2: 0.0
3	Gene No. 1, gene caller: phanotate, leftEnd: 132, rightEnd: 551, strand: -, length: 420, contig: contig_1522, protein: unknown, score1: 1.0, score2: 0.0
4	Gene No. 2, gene caller: prodigal, leftEnd: 132, rightEnd: 551, strand: -, length: 420, contig: contig_1522, protein: unknown, score1: 1.0, score2: 0.0
5	Gene No. 2, gene caller: glimmer, leftEnd: 666, rightEnd: 860, strand: -, length: 195, contig: contig_1522, protein: unknown, score1: 1.0, score2: 0.0
6	Gene No. 2, gene caller: phanotate, leftEnd: 666, rightEnd: 860, strand: -, length: 195, contig: contig_1522, protein: unknown, score1: 1.0, score2: 0.0
7	Gene No. 3, gene caller: prodigal, leftEnd: 666, rightEnd: 860, strand: -, length: 195, contig: contig_1522, protein: unknown, score1: 1.0, score2: 0.0
8	Gene No. 3, gene caller: phanotate, leftEnd: 841, rightEnd: 960, strand: -, length: 120, contig: contig_1522, protein: unknown, score1: 1.0, score2: 0.0
9	Gene No. 3, gene caller: glimmer, leftEnd: 1157, rightEnd: 1474, strand: -, length: 318, contig: contig_1522, protein: unknown, score1: 1.0, score2: 0.0
10	Gene No. 4, gene caller: phanotate, leftEnd: 1157, rightEnd: 1474, strand: -, length: 318, contig: contig_1522, protein: unknown, score1: 1.0, score2: 0.0
11	Gene No. 4, gene caller: prodigal, leftEnd: 1157, rightEnd: 1474, strand: -, length: 318, contig: contig_1522, protein: unknown, score1: 1.0, score2: 0.0
12	Gene No. 5, gene caller: phanotate, leftEnd: 1478, rightEnd: 2278, strand: -, length: 801, contig: contig_1522, protein: unknown, score1: 1.0, score2: 0.0
13	Gene No. 4, gene caller: glimmer, leftEnd: 1478, rightEnd: 2314, strand: -, length: 837, contig: contig_1522, protein: unknown, score1: 1.0, score2: 0.0
14	Gene No. 5, gene caller: prodigal, leftEnd: 1478, rightEnd: 2314, strand: -, length: 837, contig: contig_1522, protein: unknown, score1: 1.0, score2: 0.0
15	Gene No. 5, gene caller: glimmer, leftEnd: 2350, rightEnd: 2568, strand: -, length: 219, contig: contig_1522, protein: unknown, score1: 1.0, score2: 0.0
16	Gene No. 6, gene caller: phanotate, leftEnd: 2350, rightEnd: 2568, strand: -, length: 219, contig: contig_1522, protein: unknown, score1: 1.0, score2: 0.0
17	Gene No. 6, gene caller: glimmer, leftEnd: 2593, rightEnd: 2793, strand: -, length: 201, contig: contig_1522, protein: unknown, score1: 1.0, score2: 0.0
18	Gene No. 7, gene caller: phanotate, leftEnd: 2593, rightEnd: 2793, strand: -, length: 201, contig: contig_1522, protein: unknown, score1: 1.0, score2: 0.0
19	Gene No. 7, gene caller: glimmer, leftEnd: 2847, rightEnd: 3023, strand: +, length: 177, contig: contig_1522, protein: unknown, score1: 1.0, score2: 0.0
20	Gene No. 8, gene caller: phanotate, leftEnd: 2867, rightEnd: 2977, strand: -, length: 111, contig: contig_1522, protein: unknown, score1: 1.0, score2: 0.0
21	Gene No. 9, gene caller: phanotate, leftEnd: 2984, rightEnd: 3085, strand: +, length: 102, contig: contig_1522, protein: unknown, score1: 1.0, score2: 0.0
22	Gene No. 10, gene caller: phanotate, leftEnd: 3365, rightEnd: 4237, strand: -, length: 873, contig: contig_1522, protein: unknown, score1: 1.0, score2: 0.0
23	Gene No. 6, gene caller: prodigal, leftEnd: 3365, rightEnd: 4237, strand: -, length: 873, contig: contig_1522, protein: unknown, score1: 1.0, score2: 0.0
Comparing across geneCall sets....
Scoring gene calls....
Identifying common core...
This is the Common Core List:

***************Common Core
CC-gene 1	Gene No. 1, gene caller: All_callers, leftEnd: 132, rightEnd: 551, strand: -, length: 420, contig: contig_1522, protein: unknown, score1: 1.0, score2: 0.0
CC-gene 2	Gene No. 1, gene caller: All_callers, leftEnd: 666, rightEnd: 860, strand: -, length: 195, contig: contig_1522, protein: unknown, score1: 1.0, score2: 0.0
CC-gene 3	Gene No. 1, gene caller: All_callers, leftEnd: 1157, rightEnd: 1474, strand: -, length: 318, contig: contig_1522, protein: unknown, score1: 1.0, score2: 0.0
Printing gene-call superset, consensus, and common_core in GFF and CGC formats
Printing report....
The following gene callers were considered: glimmer, phanotate, prodigal, The number of distinct gene calls over all gene callers is 13
The number of gene calls in common among all callers is 3
The number of unique (non-matching) gene calls is6
Caller glimmer produced 7 gene calls.
Caller glimmer gene-call length stats:  min: 177, max: 837, ave: 338.14285714285717
Caller phanotate produced 10 gene calls.
Caller phanotate gene-call length stats:  min: 102, max: 873, ave: 336.0
Caller prodigal produced 6 gene calls.
Caller prodigal gene-call length stats:  min: 75, max: 873, ave: 453.0

Gene-call Scores:
Caller	Contig	Gene No.	Left End	Right End	Strand	gcScore
prodigal	contig_1522	1	1	75	-	0.33
glimmer	contig_1522	1	132	551	-	1.00
phanotate	contig_1522	1	132	551	-	1.00
prodigal	contig_1522	2	132	551	-	1.00
glimmer	contig_1522	2	666	860	-	1.00
phanotate	contig_1522	2	666	860	-	1.00
prodigal	contig_1522	3	666	860	-	1.00
phanotate	contig_1522	3	841	960	-	0.33
glimmer	contig_1522	3	1157	1474	-	1.00
phanotate	contig_1522	4	1157	1474	-	1.00
prodigal	contig_1522	4	1157	1474	-	1.00
phanotate	contig_1522	5	1478	2278	-	0.50
glimmer	contig_1522	4	1478	2314	-	0.83
prodigal	contig_1522	5	1478	2314	-	0.83
glimmer	contig_1522	5	2350	2568	-	0.83
phanotate	contig_1522	6	2350	2568	-	0.83
glimmer	contig_1522	6	2593	2793	-	0.83
phanotate	contig_1522	7	2593	2793	-	0.83
glimmer	contig_1522	7	2847	3023	+	0.33
phanotate	contig_1522	8	2867	2977	-	0.33
phanotate	contig_1522	9	2984	3085	+	0.33
phanotate	contig_1522	10	3365	4237	-	0.83
prodigal	contig_1522	6	3365	4237	-	0.83

Gene-call Consensus Scores:
Caller glimmer average gene-call score: 0.83
Caller phanotate average gene-call score: 0.70
Caller prodigal average gene-call score: 0.83

***************Unique List
Unique gene call 1
  --  Gene No. 1, gene caller: prodigal, leftEnd: 1, rightEnd: 75, strand: -, length: 75, contig: contig_1522, protein: unknown, score1: 0.3333333333333333, score2: 0.0
Unique gene call 2
  --  Gene No. 1, gene caller: glimmer, leftEnd: 132, rightEnd: 551, strand: -, length: 420, contig: contig_1522, protein: unknown, score1: 1.0, score2: 0.0
  --  Gene No. 1, gene caller: phanotate, leftEnd: 132, rightEnd: 551, strand: -, length: 420, contig: contig_1522, protein: unknown, score1: 1.0, score2: 0.0
  --  Gene No. 2, gene caller: prodigal, leftEnd: 132, rightEnd: 551, strand: -, length: 420, contig: contig_1522, protein: unknown, score1: 1.0, score2: 0.0
Unique gene call 3
  --  Gene No. 2, gene caller: glimmer, leftEnd: 666, rightEnd: 860, strand: -, length: 195, contig: contig_1522, protein: unknown, score1: 1.0, score2: 0.0
  --  Gene No. 2, gene caller: phanotate, leftEnd: 666, rightEnd: 860, strand: -, length: 195, contig: contig_1522, protein: unknown, score1: 1.0, score2: 0.0
  --  Gene No. 3, gene caller: prodigal, leftEnd: 666, rightEnd: 860, strand: -, length: 195, contig: contig_1522, protein: unknown, score1: 1.0, score2: 0.0
Unique gene call 4
  --  Gene No. 3, gene caller: phanotate, leftEnd: 841, rightEnd: 960, strand: -, length: 120, contig: contig_1522, protein: unknown, score1: 0.3333333333333333, score2: 0.0
Unique gene call 5
  --  Gene No. 3, gene caller: glimmer, leftEnd: 1157, rightEnd: 1474, strand: -, length: 318, contig: contig_1522, protein: unknown, score1: 1.0, score2: 0.0
  --  Gene No. 4, gene caller: phanotate, leftEnd: 1157, rightEnd: 1474, strand: -, length: 318, contig: contig_1522, protein: unknown, score1: 1.0, score2: 0.0
  --  Gene No. 4, gene caller: prodigal, leftEnd: 1157, rightEnd: 1474, strand: -, length: 318, contig: contig_1522, protein: unknown, score1: 1.0, score2: 0.0
Unique gene call 6
  --  Gene No. 5, gene caller: phanotate, leftEnd: 1478, rightEnd: 2278, strand: -, length: 801, contig: contig_1522, protein: unknown, score1: 0.5, score2: 0.0
Unique gene call 7
  --  Gene No. 4, gene caller: glimmer, leftEnd: 1478, rightEnd: 2314, strand: -, length: 837, contig: contig_1522, protein: unknown, score1: 0.8333333333333333, score2: 0.0
  --  Gene No. 5, gene caller: prodigal, leftEnd: 1478, rightEnd: 2314, strand: -, length: 837, contig: contig_1522, protein: unknown, score1: 0.8333333333333333, score2: 0.0
Unique gene call 8
  --  Gene No. 5, gene caller: glimmer, leftEnd: 2350, rightEnd: 2568, strand: -, length: 219, contig: contig_1522, protein: unknown, score1: 0.8333333333333333, score2: 0.0
  --  Gene No. 6, gene caller: phanotate, leftEnd: 2350, rightEnd: 2568, strand: -, length: 219, contig: contig_1522, protein: unknown, score1: 0.8333333333333333, score2: 0.0
Unique gene call 9
  --  Gene No. 6, gene caller: glimmer, leftEnd: 2593, rightEnd: 2793, strand: -, length: 201, contig: contig_1522, protein: unknown, score1: 0.8333333333333333, score2: 0.0
  --  Gene No. 7, gene caller: phanotate, leftEnd: 2593, rightEnd: 2793, strand: -, length: 201, contig: contig_1522, protein: unknown, score1: 0.8333333333333333, score2: 0.0
Unique gene call 10
  --  Gene No. 7, gene caller: glimmer, leftEnd: 2847, rightEnd: 3023, strand: +, length: 177, contig: contig_1522, protein: unknown, score1: 0.3333333333333333, score2: 0.0
Unique gene call 11
  --  Gene No. 8, gene caller: phanotate, leftEnd: 2867, rightEnd: 2977, strand: -, length: 111, contig: contig_1522, protein: unknown, score1: 0.3333333333333333, score2: 0.0
Unique gene call 12
  --  Gene No. 9, gene caller: phanotate, leftEnd: 2984, rightEnd: 3085, strand: +, length: 102, contig: contig_1522, protein: unknown, score1: 0.3333333333333333, score2: 0.0
Unique gene call 13
  --  Gene No. 10, gene caller: phanotate, leftEnd: 3365, rightEnd: 4237, strand: -, length: 873, contig: contig_1522, protein: unknown, score1: 0.8333333333333333, score2: 0.0
  --  Gene No. 6, gene caller: prodigal, leftEnd: 3365, rightEnd: 4237, strand: -, length: 873, contig: contig_1522, protein: unknown, score1: 0.8333333333333333, score2: 0.0
Code complete at 2021-04-21 09:28:56.488247
