Opening log at 2021-04-21 09:19:45.519721
Iterating through fileSet at 2021-04-21 09:19:45.519971
fileSet is ['/home/james/Software/multiPhATE2/PipelineOutput/contig_1176/commoncore.cgc', '/home/james/Software/multiPhATE2/PipelineOutput/contig_1176/consensus.cgc', '/home/james/Software/multiPhATE2/PipelineOutput/contig_1176/glimmer.cgc', '/home/james/Software/multiPhATE2/PipelineOutput/contig_1176/phanotate.cgc', '/home/james/Software/multiPhATE2/PipelineOutput/contig_1176/prodigal.cgc', '/home/james/Software/multiPhATE2/PipelineOutput/contig_1176/superset.cgc']
Opening geneFile /home/james/Software/multiPhATE2/PipelineOutput/contig_1176/commoncore.cgc
Adding calls from geneFile /home/james/Software/multiPhATE2/PipelineOutput/contig_1176/commoncore.cgc
Appending call set  number of calls is: 0
Opening geneFile /home/james/Software/multiPhATE2/PipelineOutput/contig_1176/consensus.cgc
Adding calls from geneFile /home/james/Software/multiPhATE2/PipelineOutput/contig_1176/consensus.cgc
Appending call set  number of calls is: 0
Opening geneFile /home/james/Software/multiPhATE2/PipelineOutput/contig_1176/glimmer.cgc
Adding calls from geneFile /home/james/Software/multiPhATE2/PipelineOutput/contig_1176/glimmer.cgc
Appending call set  number of calls is: 5
Opening geneFile /home/james/Software/multiPhATE2/PipelineOutput/contig_1176/phanotate.cgc
Adding calls from geneFile /home/james/Software/multiPhATE2/PipelineOutput/contig_1176/phanotate.cgc
Appending call set  number of calls is: 10
Opening geneFile /home/james/Software/multiPhATE2/PipelineOutput/contig_1176/prodigal.cgc
Adding calls from geneFile /home/james/Software/multiPhATE2/PipelineOutput/contig_1176/prodigal.cgc
Appending call set  number of calls is: 5
Opening geneFile /home/james/Software/multiPhATE2/PipelineOutput/contig_1176/superset.cgc
Adding calls from geneFile /home/james/Software/multiPhATE2/PipelineOutput/contig_1176/superset.cgc
Appending call set  number of calls is: 0
All call sets have been added to caller list. Number of call sets in callerList: 6
callerList is   glimmer phanotate prodigal  
Total number of gene calls across callerList call sets is: 20
Sorting gene calls for each caller
Processing a callSet
Before sorting, Length of callerList for caller  is 0
After sorting, Length of callerList for caller  is 0
Processing a callSet
Before sorting, Length of callerList for caller  is 0
After sorting, Length of callerList for caller  is 0
Processing a callSet
Before sorting, Length of callerList for caller glimmer is 5
After sorting, Length of callerList for caller glimmer is 5
Processing a callSet
Before sorting, Length of callerList for caller phanotate is 10
After sorting, Length of callerList for caller phanotate is 10
Processing a callSet
Before sorting, Length of callerList for caller prodigal is 5
After sorting, Length of callerList for caller prodigal is 5
Processing a callSet
Before sorting, Length of callerList for caller  is 0
After sorting, Length of callerList for caller  is 0
callSet processing complete
Comparing across the call sets...
Merging the geneCall sets....
Final merged genes:

***************Merge List
1	Gene No. 1, gene caller: prodigal, leftEnd: 37, rightEnd: 537, strand: -, length: 501, contig: contig_1176, protein: unknown, score1: 1.0, score2: 0.0
2	Gene No. 2, gene caller: glimmer, leftEnd: 37, rightEnd: 879, strand: -, length: 843, contig: contig_1176, protein: unknown, score1: 1.0, score2: 0.0
3	Gene No. 1, gene caller: phanotate, leftEnd: 37, rightEnd: 879, strand: -, length: 843, contig: contig_1176, protein: unknown, score1: 1.0, score2: 0.0
4	Gene No. 3, gene caller: glimmer, leftEnd: 881, rightEnd: 1024, strand: -, length: 144, contig: contig_1176, protein: unknown, score1: 1.0, score2: 0.0
5	Gene No. 2, gene caller: phanotate, leftEnd: 881, rightEnd: 1024, strand: -, length: 144, contig: contig_1176, protein: unknown, score1: 1.0, score2: 0.0
6	Gene No. 3, gene caller: phanotate, leftEnd: 1025, rightEnd: 1219, strand: -, length: 195, contig: contig_1176, protein: unknown, score1: 1.0, score2: 0.0
7	Gene No. 4, gene caller: phanotate, leftEnd: 1230, rightEnd: 2777, strand: -, length: 1548, contig: contig_1176, protein: unknown, score1: 1.0, score2: 0.0
8	Gene No. 2, gene caller: prodigal, leftEnd: 1230, rightEnd: 2777, strand: -, length: 1548, contig: contig_1176, protein: unknown, score1: 1.0, score2: 0.0
9	Gene No. 4, gene caller: glimmer, leftEnd: 1230, rightEnd: 2861, strand: -, length: 1632, contig: contig_1176, protein: unknown, score1: 1.0, score2: 0.0
10	Gene No. 5, gene caller: phanotate, leftEnd: 2868, rightEnd: 3554, strand: -, length: 687, contig: contig_1176, protein: unknown, score1: 1.0, score2: 0.0
11	Gene No. 5, gene caller: glimmer, leftEnd: 2868, rightEnd: 3641, strand: -, length: 774, contig: contig_1176, protein: unknown, score1: 1.0, score2: 0.0
12	Gene No. 3, gene caller: prodigal, leftEnd: 2868, rightEnd: 3641, strand: -, length: 774, contig: contig_1176, protein: unknown, score1: 1.0, score2: 0.0
13	Gene No. 6, gene caller: phanotate, leftEnd: 3559, rightEnd: 3648, strand: -, length: 90, contig: contig_1176, protein: unknown, score1: 1.0, score2: 0.0
14	Gene No. 7, gene caller: phanotate, leftEnd: 3638, rightEnd: 3865, strand: -, length: 228, contig: contig_1176, protein: unknown, score1: 1.0, score2: 0.0
15	Gene No. 4, gene caller: prodigal, leftEnd: 3638, rightEnd: 3865, strand: -, length: 228, contig: contig_1176, protein: unknown, score1: 1.0, score2: 0.0
16	Gene No. 8, gene caller: phanotate, leftEnd: 3883, rightEnd: 3996, strand: -, length: 114, contig: contig_1176, protein: unknown, score1: 1.0, score2: 0.0
17	Gene No. 6, gene caller: glimmer, leftEnd: 3896, rightEnd: 4222, strand: +, length: 327, contig: contig_1176, protein: unknown, score1: 1.0, score2: 0.0
18	Gene No. 9, gene caller: phanotate, leftEnd: 3966, rightEnd: 4085, strand: -, length: 120, contig: contig_1176, protein: unknown, score1: 1.0, score2: 0.0
19	Gene No. 10, gene caller: phanotate, leftEnd: 4205, rightEnd: 4333, strand: -, length: 129, contig: contig_1176, protein: unknown, score1: 1.0, score2: 0.0
20	Gene No. 5, gene caller: prodigal, leftEnd: 4233, rightEnd: 4331, strand: -, length: 99, contig: contig_1176, protein: unknown, score1: 1.0, score2: 0.0
Comparing across geneCall sets....
Scoring gene calls....
Identifying common core...
This is the Common Core List:

***************Common Core
Printing gene-call superset, consensus, and common_core in GFF and CGC formats
Printing report....
The following gene callers were considered: glimmer, phanotate, prodigal, The number of distinct gene calls over all gene callers is 15
The number of gene calls in common among all callers is 0
The number of unique (non-matching) gene calls is10
Caller glimmer produced 5 gene calls.
Caller glimmer gene-call length stats:  min: 144, max: 1632, ave: 744.0
Caller phanotate produced 10 gene calls.
Caller phanotate gene-call length stats:  min: 90, max: 1548, ave: 409.8
Caller prodigal produced 5 gene calls.
Caller prodigal gene-call length stats:  min: 99, max: 1548, ave: 630.0

Gene-call Scores:
Caller	Contig	Gene No.	Left End	Right End	Strand	gcScore
prodigal	contig_1176	1	37	537	-	0.50
glimmer	contig_1176	2	37	879	-	0.83
phanotate	contig_1176	1	37	879	-	0.83
glimmer	contig_1176	3	881	1024	-	0.83
phanotate	contig_1176	2	881	1024	-	0.83
phanotate	contig_1176	3	1025	1219	-	0.33
phanotate	contig_1176	4	1230	2777	-	0.83
prodigal	contig_1176	2	1230	2777	-	0.83
glimmer	contig_1176	4	1230	2861	-	0.50
phanotate	contig_1176	5	2868	3554	-	0.50
glimmer	contig_1176	5	2868	3641	-	0.83
prodigal	contig_1176	3	2868	3641	-	0.83
phanotate	contig_1176	6	3559	3648	-	0.33
phanotate	contig_1176	7	3638	3865	-	0.83
prodigal	contig_1176	4	3638	3865	-	0.83
phanotate	contig_1176	8	3883	3996	-	0.33
glimmer	contig_1176	6	3896	4222	+	0.33
phanotate	contig_1176	9	3966	4085	-	0.33
phanotate	contig_1176	10	4205	4333	-	0.33
prodigal	contig_1176	5	4233	4331	-	0.33

Gene-call Consensus Scores:
Caller glimmer average gene-call score: 0.67
Caller phanotate average gene-call score: 0.55
Caller prodigal average gene-call score: 0.67

***************Unique List
Unique gene call 1
  --  Gene No. 1, gene caller: prodigal, leftEnd: 37, rightEnd: 537, strand: -, length: 501, contig: contig_1176, protein: unknown, score1: 0.5, score2: 0.0
Unique gene call 2
  --  Gene No. 2, gene caller: glimmer, leftEnd: 37, rightEnd: 879, strand: -, length: 843, contig: contig_1176, protein: unknown, score1: 0.8333333333333333, score2: 0.0
  --  Gene No. 1, gene caller: phanotate, leftEnd: 37, rightEnd: 879, strand: -, length: 843, contig: contig_1176, protein: unknown, score1: 0.8333333333333333, score2: 0.0
Unique gene call 3
  --  Gene No. 3, gene caller: glimmer, leftEnd: 881, rightEnd: 1024, strand: -, length: 144, contig: contig_1176, protein: unknown, score1: 0.8333333333333333, score2: 0.0
  --  Gene No. 2, gene caller: phanotate, leftEnd: 881, rightEnd: 1024, strand: -, length: 144, contig: contig_1176, protein: unknown, score1: 0.8333333333333333, score2: 0.0
Unique gene call 4
  --  Gene No. 3, gene caller: phanotate, leftEnd: 1025, rightEnd: 1219, strand: -, length: 195, contig: contig_1176, protein: unknown, score1: 0.3333333333333333, score2: 0.0
Unique gene call 5
  --  Gene No. 4, gene caller: phanotate, leftEnd: 1230, rightEnd: 2777, strand: -, length: 1548, contig: contig_1176, protein: unknown, score1: 0.8333333333333333, score2: 0.0
  --  Gene No. 2, gene caller: prodigal, leftEnd: 1230, rightEnd: 2777, strand: -, length: 1548, contig: contig_1176, protein: unknown, score1: 0.8333333333333333, score2: 0.0
Unique gene call 6
  --  Gene No. 4, gene caller: glimmer, leftEnd: 1230, rightEnd: 2861, strand: -, length: 1632, contig: contig_1176, protein: unknown, score1: 0.5, score2: 0.0
Unique gene call 7
  --  Gene No. 5, gene caller: phanotate, leftEnd: 2868, rightEnd: 3554, strand: -, length: 687, contig: contig_1176, protein: unknown, score1: 0.5, score2: 0.0
Unique gene call 8
  --  Gene No. 5, gene caller: glimmer, leftEnd: 2868, rightEnd: 3641, strand: -, length: 774, contig: contig_1176, protein: unknown, score1: 0.8333333333333333, score2: 0.0
  --  Gene No. 3, gene caller: prodigal, leftEnd: 2868, rightEnd: 3641, strand: -, length: 774, contig: contig_1176, protein: unknown, score1: 0.8333333333333333, score2: 0.0
Unique gene call 9
  --  Gene No. 6, gene caller: phanotate, leftEnd: 3559, rightEnd: 3648, strand: -, length: 90, contig: contig_1176, protein: unknown, score1: 0.3333333333333333, score2: 0.0
Unique gene call 10
  --  Gene No. 7, gene caller: phanotate, leftEnd: 3638, rightEnd: 3865, strand: -, length: 228, contig: contig_1176, protein: unknown, score1: 0.8333333333333333, score2: 0.0
  --  Gene No. 4, gene caller: prodigal, leftEnd: 3638, rightEnd: 3865, strand: -, length: 228, contig: contig_1176, protein: unknown, score1: 0.8333333333333333, score2: 0.0
Unique gene call 11
  --  Gene No. 8, gene caller: phanotate, leftEnd: 3883, rightEnd: 3996, strand: -, length: 114, contig: contig_1176, protein: unknown, score1: 0.3333333333333333, score2: 0.0
Unique gene call 12
  --  Gene No. 6, gene caller: glimmer, leftEnd: 3896, rightEnd: 4222, strand: +, length: 327, contig: contig_1176, protein: unknown, score1: 0.3333333333333333, score2: 0.0
Unique gene call 13
  --  Gene No. 9, gene caller: phanotate, leftEnd: 3966, rightEnd: 4085, strand: -, length: 120, contig: contig_1176, protein: unknown, score1: 0.3333333333333333, score2: 0.0
Unique gene call 14
  --  Gene No. 10, gene caller: phanotate, leftEnd: 4205, rightEnd: 4333, strand: -, length: 129, contig: contig_1176, protein: unknown, score1: 0.3333333333333333, score2: 0.0
Unique gene call 15
  --  Gene No. 5, gene caller: prodigal, leftEnd: 4233, rightEnd: 4331, strand: -, length: 99, contig: contig_1176, protein: unknown, score1: 0.3333333333333333, score2: 0.0
Code complete at 2021-04-21 09:19:45.525423
