[12:13:52] This is prokka 1.14.6
[12:13:52] Written by Torsten Seemann <torsten.seemann@gmail.com>
[12:13:52] Homepage is https://github.com/tseemann/prokka
[12:13:52] Local time is Mon Aug 23 12:13:52 2021
[12:13:52] You are james
[12:13:52] Operating system is linux
[12:13:52] You have BioPerl 1.007002
[12:13:52] System has 12 cores.
[12:13:52] Will use maximum of 8 cores.
[12:13:52] Annotating as >>> Bacteria <<<
[12:13:52] Generating locus_tag from 'JAAOBB010000051.1.fasta' contents.
[12:13:52] Setting --locustag GFHOBAOK from MD5 0f18ba84590f1d74c3073b1c9e809e7f
[12:13:52] Creating new output folder: prokkaJAAOBB010000051.1
[12:13:52] Running: mkdir -p prokkaJAAOBB010000051\.1
[12:13:52] Using filename prefix: JAAOBB010000051.1.XXX
[12:13:52] Setting HMMER_NCPU=1
[12:13:52] Writing log to: prokkaJAAOBB010000051.1/JAAOBB010000051.1.log
[12:13:52] Command: /home/james/miniconda3/envs/prokka/bin/prokka JAAOBB010000051.1.fasta --outdir prokkaJAAOBB010000051.1 --prefix JAAOBB010000051.1 --force
[12:13:52] Appending to PATH: /home/james/miniconda3/envs/prokka/bin
[12:13:52] Looking for 'aragorn' - found /home/james/miniconda3/envs/prokka/bin/aragorn
[12:13:52] Determined aragorn version is 001002 from 'ARAGORN v1.2.38 Dean Laslett'
[12:13:52] Looking for 'barrnap' - found /home/james/miniconda3/envs/prokka/bin/barrnap
[12:13:52] Determined barrnap version is 000009 from 'barrnap 0.9'
[12:13:52] Looking for 'blastp' - found /home/james/miniconda3/envs/prokka/bin/blastp
[12:13:52] Determined blastp version is 002012 from 'blastp: 2.12.0+'
[12:13:52] Looking for 'cmpress' - found /home/james/miniconda3/envs/prokka/bin/cmpress
[12:13:52] Determined cmpress version is 001001 from '# INFERNAL 1.1.4 (Dec 2020)'
[12:13:52] Looking for 'cmscan' - found /home/james/miniconda3/envs/prokka/bin/cmscan
[12:13:52] Determined cmscan version is 001001 from '# INFERNAL 1.1.4 (Dec 2020)'
[12:13:52] Looking for 'egrep' - found /bin/egrep
[12:13:52] Looking for 'find' - found /usr/bin/find
[12:13:52] Looking for 'grep' - found /bin/grep
[12:13:52] Looking for 'hmmpress' - found /home/james/miniconda3/envs/prokka/bin/hmmpress
[12:13:52] Determined hmmpress version is 003003 from '# HMMER 3.3.2 (Nov 2020); http://hmmer.org/'
[12:13:52] Looking for 'hmmscan' - found /home/james/miniconda3/envs/prokka/bin/hmmscan
[12:13:52] Determined hmmscan version is 003003 from '# HMMER 3.3.2 (Nov 2020); http://hmmer.org/'
[12:13:52] Looking for 'java' - found /home/james/miniconda3/envs/prokka/bin/java
[12:13:52] Looking for 'makeblastdb' - found /home/james/miniconda3/envs/prokka/bin/makeblastdb
[12:13:52] Determined makeblastdb version is 002012 from 'makeblastdb: 2.12.0+'
[12:13:52] Looking for 'minced' - found /home/james/miniconda3/envs/prokka/bin/minced
[12:13:53] Determined minced version is 004002 from 'minced 0.4.2'
[12:13:53] Looking for 'parallel' - found /home/james/miniconda3/envs/prokka/bin/parallel
[12:13:53] Determined parallel version is 20210622 from 'GNU parallel 20210622'
[12:13:53] Looking for 'prodigal' - found /home/james/miniconda3/envs/prokka/bin/prodigal
[12:13:53] Determined prodigal version is 002006 from 'Prodigal V2.6.3: February, 2016'
[12:13:53] Looking for 'prokka-genbank_to_fasta_db' - found /home/james/miniconda3/envs/prokka/bin/prokka-genbank_to_fasta_db
[12:13:53] Looking for 'sed' - found /bin/sed
[12:13:53] Looking for 'tbl2asn' - found /home/james/miniconda3/envs/prokka/bin/tbl2asn
[12:13:53] Determined tbl2asn version is 025007 from 'tbl2asn 25.7   arguments:'
[12:13:53] Using genetic code table 11.
[12:13:53] Loading and checking input file: JAAOBB010000051.1.fasta
[12:13:53] Wrote 1 contigs totalling 23756 bp.
[12:13:53] Predicting tRNAs and tmRNAs
[12:13:53] Running: aragorn -l -gc11  -w prokkaJAAOBB010000051\.1\/JAAOBB010000051\.1\.fna
[12:13:53] Found 0 tRNAs
[12:13:53] Predicting Ribosomal RNAs
[12:13:53] Running Barrnap with 8 threads
[12:13:53] Found 0 rRNAs
[12:13:53] Skipping ncRNA search, enable with --rfam if desired.
[12:13:53] Total of 0 tRNA + rRNA features
[12:13:53] Searching for CRISPR repeats
[12:13:53] Found 0 CRISPRs
[12:13:53] Predicting coding sequences
[12:13:53] Contigs total 23756 bp, so using meta mode
[12:13:53] Running: prodigal -i prokkaJAAOBB010000051\.1\/JAAOBB010000051\.1\.fna -c -m -g 11 -p meta -f sco -q
[12:13:53] Found 38 CDS
[12:13:53] Connecting features back to sequences
[12:13:53] Not using genus-specific database. Try --usegenus to enable it.
[12:13:53] Annotating CDS, please be patient.
[12:13:53] Will use 8 CPUs for similarity searching.
[12:13:53] There are still 38 unannotated CDS left (started with 38)
[12:13:53] Will use blast to search against /home/james/miniconda3/envs/prokka/db/kingdom/Bacteria/IS with 8 CPUs
[12:13:53] Running: cat prokkaJAAOBB010000051\.1\/JAAOBB010000051\.1\.IS\.tmp\.53261\.faa | parallel --gnu --plain -j 8 --block 471 --recstart '>' --pipe blastp -query - -db /home/james/miniconda3/envs/prokka/db/kingdom/Bacteria/IS -evalue 1e-30 -qcov_hsp_perc 90 -num_threads 1 -num_descriptions 1 -num_alignments 1 -seg no > prokkaJAAOBB010000051\.1\/JAAOBB010000051\.1\.IS\.tmp\.53261\.blast 2> /dev/null
[12:13:54] Deleting unwanted file: prokkaJAAOBB010000051.1/JAAOBB010000051.1.IS.tmp.53261.faa
[12:13:54] Deleting unwanted file: prokkaJAAOBB010000051.1/JAAOBB010000051.1.IS.tmp.53261.blast
[12:13:54] There are still 38 unannotated CDS left (started with 38)
[12:13:54] Will use blast to search against /home/james/miniconda3/envs/prokka/db/kingdom/Bacteria/AMR with 8 CPUs
[12:13:54] Running: cat prokkaJAAOBB010000051\.1\/JAAOBB010000051\.1\.AMR\.tmp\.53261\.faa | parallel --gnu --plain -j 8 --block 471 --recstart '>' --pipe blastp -query - -db /home/james/miniconda3/envs/prokka/db/kingdom/Bacteria/AMR -evalue 9.99999999999999e-301 -qcov_hsp_perc 90 -num_threads 1 -num_descriptions 1 -num_alignments 1 -seg no > prokkaJAAOBB010000051\.1\/JAAOBB010000051\.1\.AMR\.tmp\.53261\.blast 2> /dev/null
[12:13:55] Deleting unwanted file: prokkaJAAOBB010000051.1/JAAOBB010000051.1.AMR.tmp.53261.faa
[12:13:55] Deleting unwanted file: prokkaJAAOBB010000051.1/JAAOBB010000051.1.AMR.tmp.53261.blast
[12:13:55] There are still 38 unannotated CDS left (started with 38)
[12:13:55] Will use blast to search against /home/james/miniconda3/envs/prokka/db/kingdom/Bacteria/sprot with 8 CPUs
[12:13:55] Running: cat prokkaJAAOBB010000051\.1\/JAAOBB010000051\.1\.sprot\.tmp\.53261\.faa | parallel --gnu --plain -j 8 --block 471 --recstart '>' --pipe blastp -query - -db /home/james/miniconda3/envs/prokka/db/kingdom/Bacteria/sprot -evalue 1e-09 -qcov_hsp_perc 80 -num_threads 1 -num_descriptions 1 -num_alignments 1 -seg no > prokkaJAAOBB010000051\.1\/JAAOBB010000051\.1\.sprot\.tmp\.53261\.blast 2> /dev/null
[12:13:57] Deleting unwanted file: prokkaJAAOBB010000051.1/JAAOBB010000051.1.sprot.tmp.53261.faa
[12:13:57] Deleting unwanted file: prokkaJAAOBB010000051.1/JAAOBB010000051.1.sprot.tmp.53261.blast
[12:13:57] There are still 38 unannotated CDS left (started with 38)
[12:13:57] Will use hmmer3 to search against /home/james/miniconda3/envs/prokka/db/hmm/HAMAP.hmm with 8 CPUs
[12:13:57] Running: cat prokkaJAAOBB010000051\.1\/JAAOBB010000051\.1\.HAMAP\.hmm\.tmp\.53261\.faa | parallel --gnu --plain -j 8 --block 471 --recstart '>' --pipe hmmscan --noali --notextw --acc -E 1e-09 --cpu 1 /home/james/miniconda3/envs/prokka/db/hmm/HAMAP.hmm /dev/stdin > prokkaJAAOBB010000051\.1\/JAAOBB010000051\.1\.HAMAP\.hmm\.tmp\.53261\.hmmer3 2> /dev/null
[12:13:57] Deleting unwanted file: prokkaJAAOBB010000051.1/JAAOBB010000051.1.HAMAP.hmm.tmp.53261.faa
[12:13:57] Deleting unwanted file: prokkaJAAOBB010000051.1/JAAOBB010000051.1.HAMAP.hmm.tmp.53261.hmmer3
[12:13:57] Labelling remaining 37 proteins as 'hypothetical protein'
[12:13:57] Found 0 unique /gene codes.
[12:13:57] Fixed 0 colliding /gene names.
[12:13:57] Adding /locus_tag identifiers
[12:13:57] Assigned 38 locus_tags to CDS and RNA features.
[12:13:57] Writing outputs to prokkaJAAOBB010000051.1/
[12:13:57] Generating annotation statistics file
[12:13:57] Generating Genbank and Sequin files
[12:13:57] Running: tbl2asn -V b -a r10k -l paired-ends -M n -N 1 -y 'Annotated using prokka 1.14.6 from https://github.com/tseemann/prokka' -Z prokkaJAAOBB010000051\.1\/JAAOBB010000051\.1\.err -i prokkaJAAOBB010000051\.1\/JAAOBB010000051\.1\.fsa 2> /dev/null
[12:13:57] Deleting unwanted file: prokkaJAAOBB010000051.1/errorsummary.val
[12:13:57] Deleting unwanted file: prokkaJAAOBB010000051.1/JAAOBB010000051.1.dr
[12:13:57] Deleting unwanted file: prokkaJAAOBB010000051.1/JAAOBB010000051.1.fixedproducts
[12:13:57] Deleting unwanted file: prokkaJAAOBB010000051.1/JAAOBB010000051.1.ecn
[12:13:57] Deleting unwanted file: prokkaJAAOBB010000051.1/JAAOBB010000051.1.val
[12:13:57] Repairing broken .GBK output that tbl2asn produces...
[12:13:57] Running: sed 's/COORDINATES: profile/COORDINATES:profile/' < prokkaJAAOBB010000051\.1\/JAAOBB010000051\.1\.gbf > prokkaJAAOBB010000051\.1\/JAAOBB010000051\.1\.gbk
[12:13:57] Deleting unwanted file: prokkaJAAOBB010000051.1/JAAOBB010000051.1.gbf
[12:13:57] Output files:
[12:13:58] prokkaJAAOBB010000051.1/JAAOBB010000051.1.tbl
[12:13:58] prokkaJAAOBB010000051.1/JAAOBB010000051.1.err
[12:13:58] prokkaJAAOBB010000051.1/JAAOBB010000051.1.gbk
[12:13:58] prokkaJAAOBB010000051.1/JAAOBB010000051.1.ffn
[12:13:58] prokkaJAAOBB010000051.1/JAAOBB010000051.1.log
[12:13:58] prokkaJAAOBB010000051.1/JAAOBB010000051.1.gff
[12:13:58] prokkaJAAOBB010000051.1/JAAOBB010000051.1.txt
[12:13:58] prokkaJAAOBB010000051.1/JAAOBB010000051.1.faa
[12:13:58] prokkaJAAOBB010000051.1/JAAOBB010000051.1.fsa
[12:13:58] prokkaJAAOBB010000051.1/JAAOBB010000051.1.tsv
[12:13:58] prokkaJAAOBB010000051.1/JAAOBB010000051.1.fna
[12:13:58] prokkaJAAOBB010000051.1/JAAOBB010000051.1.sqn
[12:13:58] Annotation finished successfully.
[12:13:58] Walltime used: 0.10 minutes
[12:13:58] If you use this result please cite the Prokka paper:
[12:13:58] Seemann T (2014) Prokka: rapid prokaryotic genome annotation. Bioinformatics. 30(14):2068-9.
[12:13:58] Type 'prokka --citation' for more details.
[12:13:58] Thank you, come again.
