Discrepancy Report Results

Summary
DISC_PROTEIN_NAMES:All proteins have same name "hypothetical protein"
FATAL: MISSING_PROTEIN_ID:21 proteins have invalid IDs.
DISC_SOURCE_QUALS_ASNDISC:strain (all present, all unique)
DISC_SOURCE_QUALS_ASNDISC:taxname (all present, all unique)
DISC_FEATURE_COUNT:CDS: 21 present
DISC_COUNT_NUCLEOTIDES:1 nucleotide Bioseqs are present
FEATURE_LOCATION_CONFLICT:21 features have inconsistent gene locations.
DISC_QUALITY_SCORES:Quality scores are missing on all sequences.
ONCALLER_COMMENT_PRESENT:1 comment descriptors were found (all same)
MISSING_GENOMEASSEMBLY_COMMENTS:1 bioseqs are missing GenomeAssembly structured comments
MOLTYPE_NOT_MRNA:1 molecule types are not set as mRNA.
TECHNIQUE_NOT_TSA:1 technique are not set as TSA
MISSING_STRUCTURED_COMMENT:1 sequences do not include structured comments.
MISSING_PROJECT:22 sequences do not include project.
DISC_INCONSISTENT_MOLINFO_TECH:Molinfo Technique Report (some missing, all same)


Detailed Report

DiscRep_ALL:DISC_PROTEIN_NAMES::All proteins have same name "hypothetical protein"

FATAL: DiscRep_ALL:MISSING_PROTEIN_ID::21 proteins have invalid IDs.
prokkaMN855956/MN855956:MN855956_1 (length 728)
prokkaMN855956/MN855956:MN855956_2 (length 102)
prokkaMN855956/MN855956:MN855956_3 (length 237)
prokkaMN855956/MN855956:MN855956_4 (length 1220)
prokkaMN855956/MN855956:MN855956_5 (length 1174)
prokkaMN855956/MN855956:MN855956_6 (length 193)
prokkaMN855956/MN855956:MN855956_7 (length 208)
prokkaMN855956/MN855956:MN855956_8 (length 69)
prokkaMN855956/MN855956:MN855956_9 (length 84)
prokkaMN855956/MN855956:MN855956_10 (length 51)
prokkaMN855956/MN855956:MN855956_11 (length 159)
prokkaMN855956/MN855956:MN855956_12 (length 745)
prokkaMN855956/MN855956:MN855956_13 (length 76)
prokkaMN855956/MN855956:MN855956_14 (length 296)
prokkaMN855956/MN855956:MN855956_15 (length 218)
prokkaMN855956/MN855956:MN855956_16 (length 385)
prokkaMN855956/MN855956:MN855956_17 (length 317)
prokkaMN855956/MN855956:MN855956_18 (length 533)
prokkaMN855956/MN855956:MN855956_19 (length 432)
prokkaMN855956/MN855956:MN855956_20 (length 264)
prokkaMN855956/MN855956:MN855956_21 (length 575)

DiscRep_ALL:DISC_SOURCE_QUALS_ASNDISC::strain (all present, all unique)
DiscRep_SUB:DISC_SOURCE_QUALS_ASNDISC::1 sources have unique values for strain
DiscRep_ALL:DISC_SOURCE_QUALS_ASNDISC::taxname (all present, all unique)
DiscRep_SUB:DISC_SOURCE_QUALS_ASNDISC::1 sources have unique values for taxname
DiscRep_ALL:DISC_FEATURE_COUNT::CDS: 21 present
DiscRep_ALL:DISC_COUNT_NUCLEOTIDES::1 nucleotide Bioseqs are present
prokkaMN855956/MN855956:MN855956 (length 26794)

DiscRep_ALL:FEATURE_LOCATION_CONFLICT::21 features have inconsistent gene locations.
DiscRep_SUB:FEATURE_LOCATION_CONFLICT::Coding region xref gene does not exist
prokkaMN855956/MN855956:CDS	hypothetical protein	MN855956:c3496-1310	LPKJCBON_00001

DiscRep_SUB:FEATURE_LOCATION_CONFLICT::Coding region xref gene does not exist
prokkaMN855956/MN855956:CDS	hypothetical protein	MN855956:c3818-3510	LPKJCBON_00002

DiscRep_SUB:FEATURE_LOCATION_CONFLICT::Coding region xref gene does not exist
prokkaMN855956/MN855956:CDS	hypothetical protein	MN855956:c4532-3819	LPKJCBON_00003

DiscRep_SUB:FEATURE_LOCATION_CONFLICT::Coding region xref gene does not exist
prokkaMN855956/MN855956:CDS	hypothetical protein	MN855956:c8224-4562	LPKJCBON_00004

DiscRep_SUB:FEATURE_LOCATION_CONFLICT::Coding region xref gene does not exist
prokkaMN855956/MN855956:CDS	hypothetical protein	MN855956:c11776-8252	LPKJCBON_00005

DiscRep_SUB:FEATURE_LOCATION_CONFLICT::Coding region xref gene does not exist
prokkaMN855956/MN855956:CDS	hypothetical protein	MN855956:c12379-11798	LPKJCBON_00006

DiscRep_SUB:FEATURE_LOCATION_CONFLICT::Coding region xref gene does not exist
prokkaMN855956/MN855956:CDS	hypothetical protein	MN855956:c12965-12339	LPKJCBON_00007

DiscRep_SUB:FEATURE_LOCATION_CONFLICT::Coding region xref gene does not exist
prokkaMN855956/MN855956:CDS	hypothetical protein	MN855956:c13331-13122	LPKJCBON_00008

DiscRep_SUB:FEATURE_LOCATION_CONFLICT::Coding region xref gene does not exist
prokkaMN855956/MN855956:CDS	hypothetical protein	MN855956:c13539-13285	LPKJCBON_00009

DiscRep_SUB:FEATURE_LOCATION_CONFLICT::Coding region xref gene does not exist
prokkaMN855956/MN855956:CDS	hypothetical protein	MN855956:13647-13802	LPKJCBON_00010

DiscRep_SUB:FEATURE_LOCATION_CONFLICT::Coding region xref gene does not exist
prokkaMN855956/MN855956:CDS	hypothetical protein	MN855956:c14338-13859	LPKJCBON_00011

DiscRep_SUB:FEATURE_LOCATION_CONFLICT::Coding region xref gene does not exist
prokkaMN855956/MN855956:CDS	hypothetical protein	MN855956:c16590-14353	LPKJCBON_00012

DiscRep_SUB:FEATURE_LOCATION_CONFLICT::Coding region xref gene does not exist
prokkaMN855956/MN855956:CDS	hypothetical protein	MN855956:c16844-16614	LPKJCBON_00013

DiscRep_SUB:FEATURE_LOCATION_CONFLICT::Coding region xref gene does not exist
prokkaMN855956/MN855956:CDS	hypothetical protein	MN855956:c17750-16860	LPKJCBON_00014

DiscRep_SUB:FEATURE_LOCATION_CONFLICT::Coding region xref gene does not exist
prokkaMN855956/MN855956:CDS	hypothetical protein	MN855956:c18422-17766	LPKJCBON_00015

DiscRep_SUB:FEATURE_LOCATION_CONFLICT::Coding region xref gene does not exist
prokkaMN855956/MN855956:CDS	hypothetical protein	MN855956:c19586-18429	LPKJCBON_00016

DiscRep_SUB:FEATURE_LOCATION_CONFLICT::Coding region xref gene does not exist
prokkaMN855956/MN855956:CDS	hypothetical protein	MN855956:c20555-19602	LPKJCBON_00017

DiscRep_SUB:FEATURE_LOCATION_CONFLICT::Coding region xref gene does not exist
prokkaMN855956/MN855956:CDS	hypothetical protein	MN855956:c22259-20658	LPKJCBON_00018

DiscRep_SUB:FEATURE_LOCATION_CONFLICT::Coding region xref gene does not exist
prokkaMN855956/MN855956:CDS	hypothetical protein	MN855956:c23644-22346	LPKJCBON_00019

DiscRep_SUB:FEATURE_LOCATION_CONFLICT::Coding region xref gene does not exist
prokkaMN855956/MN855956:CDS	hypothetical protein	MN855956:c24445-23651	LPKJCBON_00020

DiscRep_SUB:FEATURE_LOCATION_CONFLICT::Coding region xref gene does not exist
prokkaMN855956/MN855956:CDS	hypothetical protein	MN855956:c26257-24530	LPKJCBON_00021

DiscRep_ALL:DISC_QUALITY_SCORES::Quality scores are missing on all sequences.

DiscRep_ALL:ONCALLER_COMMENT_PRESENT::1 comment descriptors were found (all same)
prokkaMN855956/MN855956:MN855956:Annotated using prokka 1.14.6 from https://github.com/tseemann/prokka

DiscRep_ALL:MISSING_GENOMEASSEMBLY_COMMENTS::1 bioseqs are missing GenomeAssembly structured comments
prokkaMN855956/MN855956:MN855956 (length 26794)

DiscRep_ALL:MOLTYPE_NOT_MRNA::1 molecule types are not set as mRNA.
prokkaMN855956/MN855956:MN855956 (length 26794)

DiscRep_ALL:TECHNIQUE_NOT_TSA::1 technique are not set as TSA
prokkaMN855956/MN855956:MN855956 (length 26794)

DiscRep_ALL:MISSING_STRUCTURED_COMMENT::1 sequences do not include structured comments.
prokkaMN855956/MN855956:MN855956 (length 26794)

DiscRep_ALL:MISSING_PROJECT::22 sequences do not include project.
prokkaMN855956/MN855956:MN855956 (length 26794)
prokkaMN855956/MN855956:MN855956_1 (length 728)
prokkaMN855956/MN855956:MN855956_2 (length 102)
prokkaMN855956/MN855956:MN855956_3 (length 237)
prokkaMN855956/MN855956:MN855956_4 (length 1220)
prokkaMN855956/MN855956:MN855956_5 (length 1174)
prokkaMN855956/MN855956:MN855956_6 (length 193)
prokkaMN855956/MN855956:MN855956_7 (length 208)
prokkaMN855956/MN855956:MN855956_8 (length 69)
prokkaMN855956/MN855956:MN855956_9 (length 84)
prokkaMN855956/MN855956:MN855956_10 (length 51)
prokkaMN855956/MN855956:MN855956_11 (length 159)
prokkaMN855956/MN855956:MN855956_12 (length 745)
prokkaMN855956/MN855956:MN855956_13 (length 76)
prokkaMN855956/MN855956:MN855956_14 (length 296)
prokkaMN855956/MN855956:MN855956_15 (length 218)
prokkaMN855956/MN855956:MN855956_16 (length 385)
prokkaMN855956/MN855956:MN855956_17 (length 317)
prokkaMN855956/MN855956:MN855956_18 (length 533)
prokkaMN855956/MN855956:MN855956_19 (length 432)
prokkaMN855956/MN855956:MN855956_20 (length 264)
prokkaMN855956/MN855956:MN855956_21 (length 575)

DiscRep_ALL:DISC_INCONSISTENT_MOLINFO_TECH::Molinfo Technique Report (some missing, all same)
DiscRep_SUB:DISC_INCONSISTENT_MOLINFO_TECH::technique (all missing)
DiscRep_SUB:DISC_INCONSISTENT_MOLINFO_TECH::1 Molinfos are missing field technique
prokkaMN855956/MN855956:MN855956 (length 26794)

