Opening log at 2021-04-21 09:17:57.760710
Iterating through fileSet at 2021-04-21 09:17:57.761048
fileSet is ['/home/james/Software/multiPhATE2/PipelineOutput/contig_1156/commoncore.cgc', '/home/james/Software/multiPhATE2/PipelineOutput/contig_1156/consensus.cgc', '/home/james/Software/multiPhATE2/PipelineOutput/contig_1156/glimmer.cgc', '/home/james/Software/multiPhATE2/PipelineOutput/contig_1156/phanotate.cgc', '/home/james/Software/multiPhATE2/PipelineOutput/contig_1156/prodigal.cgc', '/home/james/Software/multiPhATE2/PipelineOutput/contig_1156/superset.cgc']
Opening geneFile /home/james/Software/multiPhATE2/PipelineOutput/contig_1156/commoncore.cgc
Adding calls from geneFile /home/james/Software/multiPhATE2/PipelineOutput/contig_1156/commoncore.cgc
Appending call set  number of calls is: 0
Opening geneFile /home/james/Software/multiPhATE2/PipelineOutput/contig_1156/consensus.cgc
Adding calls from geneFile /home/james/Software/multiPhATE2/PipelineOutput/contig_1156/consensus.cgc
Appending call set  number of calls is: 0
Opening geneFile /home/james/Software/multiPhATE2/PipelineOutput/contig_1156/glimmer.cgc
Adding calls from geneFile /home/james/Software/multiPhATE2/PipelineOutput/contig_1156/glimmer.cgc
Appending call set  number of calls is: 65
Opening geneFile /home/james/Software/multiPhATE2/PipelineOutput/contig_1156/phanotate.cgc
Adding calls from geneFile /home/james/Software/multiPhATE2/PipelineOutput/contig_1156/phanotate.cgc
Appending call set  number of calls is: 84
Opening geneFile /home/james/Software/multiPhATE2/PipelineOutput/contig_1156/prodigal.cgc
Adding calls from geneFile /home/james/Software/multiPhATE2/PipelineOutput/contig_1156/prodigal.cgc
Appending call set  number of calls is: 64
Opening geneFile /home/james/Software/multiPhATE2/PipelineOutput/contig_1156/superset.cgc
Adding calls from geneFile /home/james/Software/multiPhATE2/PipelineOutput/contig_1156/superset.cgc
Appending call set  number of calls is: 0
All call sets have been added to caller list. Number of call sets in callerList: 6
callerList is   glimmer phanotate prodigal  
Total number of gene calls across callerList call sets is: 213
Sorting gene calls for each caller
Processing a callSet
Before sorting, Length of callerList for caller  is 0
After sorting, Length of callerList for caller  is 0
Processing a callSet
Before sorting, Length of callerList for caller  is 0
After sorting, Length of callerList for caller  is 0
Processing a callSet
Before sorting, Length of callerList for caller glimmer is 65
After sorting, Length of callerList for caller glimmer is 65
Processing a callSet
Before sorting, Length of callerList for caller phanotate is 84
After sorting, Length of callerList for caller phanotate is 84
Processing a callSet
Before sorting, Length of callerList for caller prodigal is 64
After sorting, Length of callerList for caller prodigal is 64
Processing a callSet
Before sorting, Length of callerList for caller  is 0
After sorting, Length of callerList for caller  is 0
callSet processing complete
Comparing across the call sets...
Merging the geneCall sets....
Final merged genes:

***************Merge List
1	Gene No. 1, gene caller: phanotate, leftEnd: 1, rightEnd: 249, strand: +, length: 249, contig: contig_1156, protein: unknown, score1: 1.0, score2: 0.0
2	Gene No. 1, gene caller: prodigal, leftEnd: 1, rightEnd: 249, strand: +, length: 249, contig: contig_1156, protein: unknown, score1: 1.0, score2: 0.0
3	Gene No. 2, gene caller: glimmer, leftEnd: 379, rightEnd: 1281, strand: +, length: 903, contig: contig_1156, protein: unknown, score1: 1.0, score2: 0.0
4	Gene No. 2, gene caller: phanotate, leftEnd: 379, rightEnd: 1281, strand: +, length: 903, contig: contig_1156, protein: unknown, score1: 1.0, score2: 0.0
5	Gene No. 2, gene caller: prodigal, leftEnd: 379, rightEnd: 1281, strand: +, length: 903, contig: contig_1156, protein: unknown, score1: 1.0, score2: 0.0
6	Gene No. 3, gene caller: prodigal, leftEnd: 1247, rightEnd: 1453, strand: +, length: 207, contig: contig_1156, protein: unknown, score1: 1.0, score2: 0.0
7	Gene No. 3, gene caller: phanotate, leftEnd: 1271, rightEnd: 1453, strand: +, length: 183, contig: contig_1156, protein: unknown, score1: 1.0, score2: 0.0
8	Gene No. 3, gene caller: glimmer, leftEnd: 1322, rightEnd: 1453, strand: +, length: 132, contig: contig_1156, protein: unknown, score1: 1.0, score2: 0.0
9	Gene No. 4, gene caller: glimmer, leftEnd: 1440, rightEnd: 2546, strand: +, length: 1107, contig: contig_1156, protein: unknown, score1: 1.0, score2: 0.0
10	Gene No. 4, gene caller: phanotate, leftEnd: 1440, rightEnd: 2546, strand: +, length: 1107, contig: contig_1156, protein: unknown, score1: 1.0, score2: 0.0
11	Gene No. 4, gene caller: prodigal, leftEnd: 1440, rightEnd: 2546, strand: +, length: 1107, contig: contig_1156, protein: unknown, score1: 1.0, score2: 0.0
12	Gene No. 5, gene caller: glimmer, leftEnd: 2560, rightEnd: 2829, strand: +, length: 270, contig: contig_1156, protein: unknown, score1: 1.0, score2: 0.0
13	Gene No. 5, gene caller: phanotate, leftEnd: 2560, rightEnd: 2829, strand: +, length: 270, contig: contig_1156, protein: unknown, score1: 1.0, score2: 0.0
14	Gene No. 5, gene caller: prodigal, leftEnd: 2560, rightEnd: 2829, strand: +, length: 270, contig: contig_1156, protein: unknown, score1: 1.0, score2: 0.0
15	Gene No. 6, gene caller: phanotate, leftEnd: 2795, rightEnd: 3208, strand: +, length: 414, contig: contig_1156, protein: unknown, score1: 1.0, score2: 0.0
16	Gene No. 6, gene caller: prodigal, leftEnd: 2795, rightEnd: 3208, strand: +, length: 414, contig: contig_1156, protein: unknown, score1: 1.0, score2: 0.0
17	Gene No. 6, gene caller: glimmer, leftEnd: 3140, rightEnd: 4429, strand: -, length: 1290, contig: contig_1156, protein: unknown, score1: 1.0, score2: 0.0
18	Gene No. 7, gene caller: phanotate, leftEnd: 3140, rightEnd: 4429, strand: -, length: 1290, contig: contig_1156, protein: unknown, score1: 1.0, score2: 0.0
19	Gene No. 7, gene caller: prodigal, leftEnd: 3140, rightEnd: 4429, strand: -, length: 1290, contig: contig_1156, protein: unknown, score1: 1.0, score2: 0.0
20	Gene No. 7, gene caller: glimmer, leftEnd: 4443, rightEnd: 5549, strand: -, length: 1107, contig: contig_1156, protein: unknown, score1: 1.0, score2: 0.0
21	Gene No. 8, gene caller: phanotate, leftEnd: 4443, rightEnd: 5549, strand: -, length: 1107, contig: contig_1156, protein: unknown, score1: 1.0, score2: 0.0
22	Gene No. 8, gene caller: prodigal, leftEnd: 4443, rightEnd: 5549, strand: -, length: 1107, contig: contig_1156, protein: unknown, score1: 1.0, score2: 0.0
23	Gene No. 8, gene caller: glimmer, leftEnd: 5536, rightEnd: 5667, strand: -, length: 132, contig: contig_1156, protein: unknown, score1: 1.0, score2: 0.0
24	Gene No. 9, gene caller: phanotate, leftEnd: 5536, rightEnd: 5718, strand: -, length: 183, contig: contig_1156, protein: unknown, score1: 1.0, score2: 0.0
25	Gene No. 9, gene caller: prodigal, leftEnd: 5536, rightEnd: 5742, strand: -, length: 207, contig: contig_1156, protein: unknown, score1: 1.0, score2: 0.0
26	Gene No. 9, gene caller: glimmer, leftEnd: 5708, rightEnd: 6610, strand: -, length: 903, contig: contig_1156, protein: unknown, score1: 1.0, score2: 0.0
27	Gene No. 10, gene caller: phanotate, leftEnd: 5708, rightEnd: 6610, strand: -, length: 903, contig: contig_1156, protein: unknown, score1: 1.0, score2: 0.0
28	Gene No. 10, gene caller: prodigal, leftEnd: 5708, rightEnd: 6610, strand: -, length: 903, contig: contig_1156, protein: unknown, score1: 1.0, score2: 0.0
29	Gene No. 10, gene caller: glimmer, leftEnd: 6739, rightEnd: 7005, strand: -, length: 267, contig: contig_1156, protein: unknown, score1: 1.0, score2: 0.0
30	Gene No. 11, gene caller: phanotate, leftEnd: 6739, rightEnd: 7005, strand: -, length: 267, contig: contig_1156, protein: unknown, score1: 1.0, score2: 0.0
31	Gene No. 11, gene caller: prodigal, leftEnd: 6739, rightEnd: 7005, strand: -, length: 267, contig: contig_1156, protein: unknown, score1: 1.0, score2: 0.0
32	Gene No. 12, gene caller: prodigal, leftEnd: 7091, rightEnd: 7717, strand: -, length: 627, contig: contig_1156, protein: unknown, score1: 1.0, score2: 0.0
33	Gene No. 11, gene caller: glimmer, leftEnd: 7091, rightEnd: 7723, strand: -, length: 633, contig: contig_1156, protein: unknown, score1: 1.0, score2: 0.0
34	Gene No. 12, gene caller: phanotate, leftEnd: 7091, rightEnd: 7723, strand: -, length: 633, contig: contig_1156, protein: unknown, score1: 1.0, score2: 0.0
35	Gene No. 13, gene caller: phanotate, leftEnd: 7976, rightEnd: 8092, strand: +, length: 117, contig: contig_1156, protein: unknown, score1: 1.0, score2: 0.0
36	Gene No. 12, gene caller: glimmer, leftEnd: 8243, rightEnd: 8515, strand: -, length: 273, contig: contig_1156, protein: unknown, score1: 1.0, score2: 0.0
37	Gene No. 14, gene caller: phanotate, leftEnd: 8243, rightEnd: 8515, strand: -, length: 273, contig: contig_1156, protein: unknown, score1: 1.0, score2: 0.0
38	Gene No. 13, gene caller: prodigal, leftEnd: 8243, rightEnd: 8515, strand: -, length: 273, contig: contig_1156, protein: unknown, score1: 1.0, score2: 0.0
39	Gene No. 13, gene caller: glimmer, leftEnd: 8678, rightEnd: 9064, strand: -, length: 387, contig: contig_1156, protein: unknown, score1: 1.0, score2: 0.0
40	Gene No. 15, gene caller: phanotate, leftEnd: 8678, rightEnd: 9064, strand: -, length: 387, contig: contig_1156, protein: unknown, score1: 1.0, score2: 0.0
41	Gene No. 14, gene caller: prodigal, leftEnd: 8678, rightEnd: 9136, strand: -, length: 459, contig: contig_1156, protein: unknown, score1: 1.0, score2: 0.0
42	Gene No. 16, gene caller: phanotate, leftEnd: 9172, rightEnd: 9267, strand: -, length: 96, contig: contig_1156, protein: unknown, score1: 1.0, score2: 0.0
43	Gene No. 14, gene caller: glimmer, leftEnd: 9227, rightEnd: 9727, strand: -, length: 501, contig: contig_1156, protein: unknown, score1: 1.0, score2: 0.0
44	Gene No. 17, gene caller: phanotate, leftEnd: 9227, rightEnd: 9727, strand: -, length: 501, contig: contig_1156, protein: unknown, score1: 1.0, score2: 0.0
45	Gene No. 15, gene caller: prodigal, leftEnd: 9227, rightEnd: 9727, strand: -, length: 501, contig: contig_1156, protein: unknown, score1: 1.0, score2: 0.0
46	Gene No. 18, gene caller: phanotate, leftEnd: 9801, rightEnd: 10313, strand: -, length: 513, contig: contig_1156, protein: unknown, score1: 1.0, score2: 0.0
47	Gene No. 16, gene caller: prodigal, leftEnd: 9801, rightEnd: 10313, strand: -, length: 513, contig: contig_1156, protein: unknown, score1: 1.0, score2: 0.0
48	Gene No. 15, gene caller: glimmer, leftEnd: 9801, rightEnd: 10334, strand: -, length: 534, contig: contig_1156, protein: unknown, score1: 1.0, score2: 0.0
49	Gene No. 16, gene caller: glimmer, leftEnd: 10386, rightEnd: 10733, strand: -, length: 348, contig: contig_1156, protein: unknown, score1: 1.0, score2: 0.0
50	Gene No. 19, gene caller: phanotate, leftEnd: 10386, rightEnd: 10733, strand: -, length: 348, contig: contig_1156, protein: unknown, score1: 1.0, score2: 0.0
51	Gene No. 17, gene caller: prodigal, leftEnd: 10386, rightEnd: 10733, strand: -, length: 348, contig: contig_1156, protein: unknown, score1: 1.0, score2: 0.0
52	Gene No. 17, gene caller: glimmer, leftEnd: 10749, rightEnd: 11219, strand: -, length: 471, contig: contig_1156, protein: unknown, score1: 1.0, score2: 0.0
53	Gene No. 20, gene caller: phanotate, leftEnd: 10749, rightEnd: 11279, strand: -, length: 531, contig: contig_1156, protein: unknown, score1: 1.0, score2: 0.0
54	Gene No. 18, gene caller: prodigal, leftEnd: 10749, rightEnd: 11318, strand: -, length: 570, contig: contig_1156, protein: unknown, score1: 1.0, score2: 0.0
55	Gene No. 18, gene caller: glimmer, leftEnd: 11260, rightEnd: 11535, strand: -, length: 276, contig: contig_1156, protein: unknown, score1: 1.0, score2: 0.0
56	Gene No. 21, gene caller: phanotate, leftEnd: 11260, rightEnd: 11535, strand: -, length: 276, contig: contig_1156, protein: unknown, score1: 1.0, score2: 0.0
57	Gene No. 19, gene caller: prodigal, leftEnd: 11260, rightEnd: 11550, strand: -, length: 291, contig: contig_1156, protein: unknown, score1: 1.0, score2: 0.0
58	Gene No. 22, gene caller: phanotate, leftEnd: 11522, rightEnd: 11995, strand: -, length: 474, contig: contig_1156, protein: unknown, score1: 1.0, score2: 0.0
59	Gene No. 20, gene caller: prodigal, leftEnd: 11522, rightEnd: 12013, strand: -, length: 492, contig: contig_1156, protein: unknown, score1: 1.0, score2: 0.0
60	Gene No. 19, gene caller: glimmer, leftEnd: 11522, rightEnd: 12031, strand: -, length: 510, contig: contig_1156, protein: unknown, score1: 1.0, score2: 0.0
61	Gene No. 20, gene caller: glimmer, leftEnd: 12078, rightEnd: 13001, strand: -, length: 924, contig: contig_1156, protein: unknown, score1: 1.0, score2: 0.0
62	Gene No. 23, gene caller: phanotate, leftEnd: 12078, rightEnd: 13001, strand: -, length: 924, contig: contig_1156, protein: unknown, score1: 1.0, score2: 0.0
63	Gene No. 21, gene caller: prodigal, leftEnd: 12078, rightEnd: 13001, strand: -, length: 924, contig: contig_1156, protein: unknown, score1: 1.0, score2: 0.0
64	Gene No. 24, gene caller: phanotate, leftEnd: 13022, rightEnd: 13153, strand: +, length: 132, contig: contig_1156, protein: unknown, score1: 1.0, score2: 0.0
65	Gene No. 21, gene caller: glimmer, leftEnd: 13225, rightEnd: 13803, strand: -, length: 579, contig: contig_1156, protein: unknown, score1: 1.0, score2: 0.0
66	Gene No. 25, gene caller: phanotate, leftEnd: 13225, rightEnd: 13803, strand: -, length: 579, contig: contig_1156, protein: unknown, score1: 1.0, score2: 0.0
67	Gene No. 22, gene caller: prodigal, leftEnd: 13225, rightEnd: 13821, strand: -, length: 597, contig: contig_1156, protein: unknown, score1: 1.0, score2: 0.0
68	Gene No. 22, gene caller: glimmer, leftEnd: 13987, rightEnd: 14496, strand: -, length: 510, contig: contig_1156, protein: unknown, score1: 1.0, score2: 0.0
69	Gene No. 26, gene caller: phanotate, leftEnd: 13987, rightEnd: 14496, strand: -, length: 510, contig: contig_1156, protein: unknown, score1: 1.0, score2: 0.0
70	Gene No. 23, gene caller: prodigal, leftEnd: 13987, rightEnd: 14496, strand: -, length: 510, contig: contig_1156, protein: unknown, score1: 1.0, score2: 0.0
71	Gene No. 27, gene caller: phanotate, leftEnd: 14514, rightEnd: 14636, strand: -, length: 123, contig: contig_1156, protein: unknown, score1: 1.0, score2: 0.0
72	Gene No. 23, gene caller: glimmer, leftEnd: 14514, rightEnd: 14756, strand: -, length: 243, contig: contig_1156, protein: unknown, score1: 1.0, score2: 0.0
73	Gene No. 28, gene caller: phanotate, leftEnd: 14713, rightEnd: 14928, strand: -, length: 216, contig: contig_1156, protein: unknown, score1: 1.0, score2: 0.0
74	Gene No. 24, gene caller: prodigal, leftEnd: 14713, rightEnd: 14928, strand: -, length: 216, contig: contig_1156, protein: unknown, score1: 1.0, score2: 0.0
75	Gene No. 24, gene caller: glimmer, leftEnd: 14957, rightEnd: 15397, strand: -, length: 441, contig: contig_1156, protein: unknown, score1: 1.0, score2: 0.0
76	Gene No. 29, gene caller: phanotate, leftEnd: 14957, rightEnd: 15397, strand: -, length: 441, contig: contig_1156, protein: unknown, score1: 1.0, score2: 0.0
77	Gene No. 25, gene caller: prodigal, leftEnd: 14957, rightEnd: 15397, strand: -, length: 441, contig: contig_1156, protein: unknown, score1: 1.0, score2: 0.0
78	Gene No. 25, gene caller: glimmer, leftEnd: 15400, rightEnd: 15648, strand: -, length: 249, contig: contig_1156, protein: unknown, score1: 1.0, score2: 0.0
79	Gene No. 26, gene caller: prodigal, leftEnd: 15400, rightEnd: 15648, strand: -, length: 249, contig: contig_1156, protein: unknown, score1: 1.0, score2: 0.0
80	Gene No. 30, gene caller: phanotate, leftEnd: 15400, rightEnd: 15663, strand: -, length: 264, contig: contig_1156, protein: unknown, score1: 1.0, score2: 0.0
81	Gene No. 26, gene caller: glimmer, leftEnd: 15641, rightEnd: 15901, strand: -, length: 261, contig: contig_1156, protein: unknown, score1: 1.0, score2: 0.0
82	Gene No. 31, gene caller: phanotate, leftEnd: 15641, rightEnd: 15919, strand: -, length: 279, contig: contig_1156, protein: unknown, score1: 1.0, score2: 0.0
83	Gene No. 27, gene caller: prodigal, leftEnd: 15641, rightEnd: 15919, strand: -, length: 279, contig: contig_1156, protein: unknown, score1: 1.0, score2: 0.0
84	Gene No. 27, gene caller: glimmer, leftEnd: 15879, rightEnd: 16112, strand: -, length: 234, contig: contig_1156, protein: unknown, score1: 1.0, score2: 0.0
85	Gene No. 32, gene caller: phanotate, leftEnd: 15879, rightEnd: 16166, strand: -, length: 288, contig: contig_1156, protein: unknown, score1: 1.0, score2: 0.0
86	Gene No. 28, gene caller: prodigal, leftEnd: 15879, rightEnd: 16166, strand: -, length: 288, contig: contig_1156, protein: unknown, score1: 1.0, score2: 0.0
87	Gene No. 28, gene caller: glimmer, leftEnd: 16227, rightEnd: 16373, strand: -, length: 147, contig: contig_1156, protein: unknown, score1: 1.0, score2: 0.0
88	Gene No. 33, gene caller: phanotate, leftEnd: 16227, rightEnd: 16541, strand: -, length: 315, contig: contig_1156, protein: unknown, score1: 1.0, score2: 0.0
89	Gene No. 29, gene caller: prodigal, leftEnd: 16227, rightEnd: 16541, strand: -, length: 315, contig: contig_1156, protein: unknown, score1: 1.0, score2: 0.0
90	Gene No. 29, gene caller: glimmer, leftEnd: 16575, rightEnd: 16832, strand: -, length: 258, contig: contig_1156, protein: unknown, score1: 1.0, score2: 0.0
91	Gene No. 34, gene caller: phanotate, leftEnd: 16575, rightEnd: 16832, strand: -, length: 258, contig: contig_1156, protein: unknown, score1: 1.0, score2: 0.0
92	Gene No. 30, gene caller: prodigal, leftEnd: 16575, rightEnd: 16832, strand: -, length: 258, contig: contig_1156, protein: unknown, score1: 1.0, score2: 0.0
93	Gene No. 30, gene caller: glimmer, leftEnd: 16843, rightEnd: 17253, strand: -, length: 411, contig: contig_1156, protein: unknown, score1: 1.0, score2: 0.0
94	Gene No. 35, gene caller: phanotate, leftEnd: 16843, rightEnd: 17253, strand: -, length: 411, contig: contig_1156, protein: unknown, score1: 1.0, score2: 0.0
95	Gene No. 31, gene caller: prodigal, leftEnd: 16843, rightEnd: 17253, strand: -, length: 411, contig: contig_1156, protein: unknown, score1: 1.0, score2: 0.0
96	Gene No. 31, gene caller: glimmer, leftEnd: 17250, rightEnd: 18098, strand: -, length: 849, contig: contig_1156, protein: unknown, score1: 1.0, score2: 0.0
97	Gene No. 36, gene caller: phanotate, leftEnd: 17250, rightEnd: 18098, strand: -, length: 849, contig: contig_1156, protein: unknown, score1: 1.0, score2: 0.0
98	Gene No. 32, gene caller: prodigal, leftEnd: 17250, rightEnd: 18098, strand: -, length: 849, contig: contig_1156, protein: unknown, score1: 1.0, score2: 0.0
99	Gene No. 37, gene caller: phanotate, leftEnd: 18049, rightEnd: 18246, strand: -, length: 198, contig: contig_1156, protein: unknown, score1: 1.0, score2: 0.0
100	Gene No. 32, gene caller: glimmer, leftEnd: 18343, rightEnd: 19137, strand: -, length: 795, contig: contig_1156, protein: unknown, score1: 1.0, score2: 0.0
101	Gene No. 38, gene caller: phanotate, leftEnd: 18343, rightEnd: 19137, strand: -, length: 795, contig: contig_1156, protein: unknown, score1: 1.0, score2: 0.0
102	Gene No. 33, gene caller: prodigal, leftEnd: 18343, rightEnd: 19137, strand: -, length: 795, contig: contig_1156, protein: unknown, score1: 1.0, score2: 0.0
103	Gene No. 33, gene caller: glimmer, leftEnd: 19150, rightEnd: 19872, strand: -, length: 723, contig: contig_1156, protein: unknown, score1: 1.0, score2: 0.0
104	Gene No. 39, gene caller: phanotate, leftEnd: 19150, rightEnd: 19872, strand: -, length: 723, contig: contig_1156, protein: unknown, score1: 1.0, score2: 0.0
105	Gene No. 34, gene caller: prodigal, leftEnd: 19150, rightEnd: 19872, strand: -, length: 723, contig: contig_1156, protein: unknown, score1: 1.0, score2: 0.0
106	Gene No. 34, gene caller: glimmer, leftEnd: 19946, rightEnd: 20839, strand: -, length: 894, contig: contig_1156, protein: unknown, score1: 1.0, score2: 0.0
107	Gene No. 40, gene caller: phanotate, leftEnd: 19946, rightEnd: 20839, strand: -, length: 894, contig: contig_1156, protein: unknown, score1: 1.0, score2: 0.0
108	Gene No. 35, gene caller: prodigal, leftEnd: 19946, rightEnd: 20839, strand: -, length: 894, contig: contig_1156, protein: unknown, score1: 1.0, score2: 0.0
109	Gene No. 35, gene caller: glimmer, leftEnd: 20836, rightEnd: 21195, strand: -, length: 360, contig: contig_1156, protein: unknown, score1: 1.0, score2: 0.0
110	Gene No. 41, gene caller: phanotate, leftEnd: 20836, rightEnd: 21195, strand: -, length: 360, contig: contig_1156, protein: unknown, score1: 1.0, score2: 0.0
111	Gene No. 36, gene caller: prodigal, leftEnd: 20836, rightEnd: 21195, strand: -, length: 360, contig: contig_1156, protein: unknown, score1: 1.0, score2: 0.0
112	Gene No. 36, gene caller: glimmer, leftEnd: 21195, rightEnd: 21443, strand: -, length: 249, contig: contig_1156, protein: unknown, score1: 1.0, score2: 0.0
113	Gene No. 42, gene caller: phanotate, leftEnd: 21195, rightEnd: 21443, strand: -, length: 249, contig: contig_1156, protein: unknown, score1: 1.0, score2: 0.0
114	Gene No. 37, gene caller: prodigal, leftEnd: 21195, rightEnd: 21443, strand: -, length: 249, contig: contig_1156, protein: unknown, score1: 1.0, score2: 0.0
115	Gene No. 43, gene caller: phanotate, leftEnd: 21456, rightEnd: 21917, strand: -, length: 462, contig: contig_1156, protein: unknown, score1: 1.0, score2: 0.0
116	Gene No. 37, gene caller: glimmer, leftEnd: 21456, rightEnd: 22019, strand: -, length: 564, contig: contig_1156, protein: unknown, score1: 1.0, score2: 0.0
117	Gene No. 38, gene caller: prodigal, leftEnd: 21456, rightEnd: 22019, strand: -, length: 564, contig: contig_1156, protein: unknown, score1: 1.0, score2: 0.0
118	Gene No. 44, gene caller: phanotate, leftEnd: 21889, rightEnd: 22041, strand: +, length: 153, contig: contig_1156, protein: unknown, score1: 1.0, score2: 0.0
119	Gene No. 45, gene caller: phanotate, leftEnd: 22066, rightEnd: 22173, strand: +, length: 108, contig: contig_1156, protein: unknown, score1: 1.0, score2: 0.0
120	Gene No. 46, gene caller: phanotate, leftEnd: 22143, rightEnd: 22241, strand: +, length: 99, contig: contig_1156, protein: unknown, score1: 1.0, score2: 0.0
121	Gene No. 38, gene caller: glimmer, leftEnd: 22280, rightEnd: 22495, strand: -, length: 216, contig: contig_1156, protein: unknown, score1: 1.0, score2: 0.0
122	Gene No. 47, gene caller: phanotate, leftEnd: 22280, rightEnd: 22495, strand: -, length: 216, contig: contig_1156, protein: unknown, score1: 1.0, score2: 0.0
123	Gene No. 39, gene caller: prodigal, leftEnd: 22280, rightEnd: 22495, strand: -, length: 216, contig: contig_1156, protein: unknown, score1: 1.0, score2: 0.0
124	Gene No. 48, gene caller: phanotate, leftEnd: 22634, rightEnd: 22966, strand: +, length: 333, contig: contig_1156, protein: unknown, score1: 1.0, score2: 0.0
125	Gene No. 40, gene caller: prodigal, leftEnd: 22697, rightEnd: 22966, strand: +, length: 270, contig: contig_1156, protein: unknown, score1: 1.0, score2: 0.0
126	Gene No. 39, gene caller: glimmer, leftEnd: 22745, rightEnd: 22966, strand: +, length: 222, contig: contig_1156, protein: unknown, score1: 1.0, score2: 0.0
127	Gene No. 40, gene caller: glimmer, leftEnd: 22923, rightEnd: 23615, strand: +, length: 693, contig: contig_1156, protein: unknown, score1: 1.0, score2: 0.0
128	Gene No. 49, gene caller: phanotate, leftEnd: 22986, rightEnd: 23615, strand: +, length: 630, contig: contig_1156, protein: unknown, score1: 1.0, score2: 0.0
129	Gene No. 41, gene caller: prodigal, leftEnd: 22986, rightEnd: 23615, strand: +, length: 630, contig: contig_1156, protein: unknown, score1: 1.0, score2: 0.0
130	Gene No. 41, gene caller: glimmer, leftEnd: 23666, rightEnd: 23848, strand: -, length: 183, contig: contig_1156, protein: unknown, score1: 1.0, score2: 0.0
131	Gene No. 50, gene caller: phanotate, leftEnd: 23666, rightEnd: 23848, strand: -, length: 183, contig: contig_1156, protein: unknown, score1: 1.0, score2: 0.0
132	Gene No. 42, gene caller: prodigal, leftEnd: 23666, rightEnd: 23848, strand: -, length: 183, contig: contig_1156, protein: unknown, score1: 1.0, score2: 0.0
133	Gene No. 42, gene caller: glimmer, leftEnd: 23938, rightEnd: 24591, strand: +, length: 654, contig: contig_1156, protein: unknown, score1: 1.0, score2: 0.0
134	Gene No. 51, gene caller: phanotate, leftEnd: 23938, rightEnd: 24591, strand: +, length: 654, contig: contig_1156, protein: unknown, score1: 1.0, score2: 0.0
135	Gene No. 43, gene caller: prodigal, leftEnd: 23938, rightEnd: 24591, strand: +, length: 654, contig: contig_1156, protein: unknown, score1: 1.0, score2: 0.0
136	Gene No. 52, gene caller: phanotate, leftEnd: 24613, rightEnd: 24804, strand: +, length: 192, contig: contig_1156, protein: unknown, score1: 1.0, score2: 0.0
137	Gene No. 44, gene caller: prodigal, leftEnd: 24764, rightEnd: 25015, strand: +, length: 252, contig: contig_1156, protein: unknown, score1: 1.0, score2: 0.0
138	Gene No. 43, gene caller: glimmer, leftEnd: 24779, rightEnd: 25015, strand: +, length: 237, contig: contig_1156, protein: unknown, score1: 1.0, score2: 0.0
139	Gene No. 53, gene caller: phanotate, leftEnd: 24791, rightEnd: 24880, strand: -, length: 90, contig: contig_1156, protein: unknown, score1: 1.0, score2: 0.0
140	Gene No. 54, gene caller: phanotate, leftEnd: 24891, rightEnd: 25139, strand: -, length: 249, contig: contig_1156, protein: unknown, score1: 1.0, score2: 0.0
141	Gene No. 45, gene caller: prodigal, leftEnd: 24891, rightEnd: 25139, strand: -, length: 249, contig: contig_1156, protein: unknown, score1: 1.0, score2: 0.0
142	Gene No. 44, gene caller: glimmer, leftEnd: 25199, rightEnd: 25888, strand: +, length: 690, contig: contig_1156, protein: unknown, score1: 1.0, score2: 0.0
143	Gene No. 55, gene caller: phanotate, leftEnd: 25199, rightEnd: 25888, strand: +, length: 690, contig: contig_1156, protein: unknown, score1: 1.0, score2: 0.0
144	Gene No. 46, gene caller: prodigal, leftEnd: 25199, rightEnd: 25888, strand: +, length: 690, contig: contig_1156, protein: unknown, score1: 1.0, score2: 0.0
145	Gene No. 45, gene caller: glimmer, leftEnd: 25984, rightEnd: 26256, strand: -, length: 273, contig: contig_1156, protein: unknown, score1: 1.0, score2: 0.0
146	Gene No. 56, gene caller: phanotate, leftEnd: 25984, rightEnd: 26274, strand: -, length: 291, contig: contig_1156, protein: unknown, score1: 1.0, score2: 0.0
147	Gene No. 47, gene caller: prodigal, leftEnd: 25984, rightEnd: 26274, strand: -, length: 291, contig: contig_1156, protein: unknown, score1: 1.0, score2: 0.0
148	Gene No. 46, gene caller: glimmer, leftEnd: 26240, rightEnd: 27136, strand: -, length: 897, contig: contig_1156, protein: unknown, score1: 1.0, score2: 0.0
149	Gene No. 57, gene caller: phanotate, leftEnd: 26240, rightEnd: 27145, strand: -, length: 906, contig: contig_1156, protein: unknown, score1: 1.0, score2: 0.0
150	Gene No. 48, gene caller: prodigal, leftEnd: 26240, rightEnd: 27145, strand: -, length: 906, contig: contig_1156, protein: unknown, score1: 1.0, score2: 0.0
151	Gene No. 58, gene caller: phanotate, leftEnd: 27193, rightEnd: 27285, strand: -, length: 93, contig: contig_1156, protein: unknown, score1: 1.0, score2: 0.0
152	Gene No. 47, gene caller: glimmer, leftEnd: 27308, rightEnd: 27439, strand: +, length: 132, contig: contig_1156, protein: unknown, score1: 1.0, score2: 0.0
153	Gene No. 48, gene caller: glimmer, leftEnd: 27440, rightEnd: 27610, strand: -, length: 171, contig: contig_1156, protein: unknown, score1: 1.0, score2: 0.0
154	Gene No. 59, gene caller: phanotate, leftEnd: 27440, rightEnd: 27643, strand: -, length: 204, contig: contig_1156, protein: unknown, score1: 1.0, score2: 0.0
155	Gene No. 60, gene caller: phanotate, leftEnd: 27662, rightEnd: 27787, strand: -, length: 126, contig: contig_1156, protein: unknown, score1: 1.0, score2: 0.0
156	Gene No. 49, gene caller: glimmer, leftEnd: 27662, rightEnd: 27886, strand: -, length: 225, contig: contig_1156, protein: unknown, score1: 1.0, score2: 0.0
157	Gene No. 61, gene caller: phanotate, leftEnd: 27775, rightEnd: 27873, strand: +, length: 99, contig: contig_1156, protein: unknown, score1: 1.0, score2: 0.0
158	Gene No. 62, gene caller: phanotate, leftEnd: 27877, rightEnd: 27999, strand: +, length: 123, contig: contig_1156, protein: unknown, score1: 1.0, score2: 0.0
159	Gene No. 63, gene caller: phanotate, leftEnd: 28319, rightEnd: 28423, strand: +, length: 105, contig: contig_1156, protein: unknown, score1: 1.0, score2: 0.0
160	Gene No. 49, gene caller: prodigal, leftEnd: 28461, rightEnd: 29453, strand: -, length: 993, contig: contig_1156, protein: unknown, score1: 1.0, score2: 0.0
161	Gene No. 50, gene caller: glimmer, leftEnd: 28461, rightEnd: 29486, strand: -, length: 1026, contig: contig_1156, protein: unknown, score1: 1.0, score2: 0.0
162	Gene No. 64, gene caller: phanotate, leftEnd: 28461, rightEnd: 29486, strand: -, length: 1026, contig: contig_1156, protein: unknown, score1: 1.0, score2: 0.0
163	Gene No. 51, gene caller: glimmer, leftEnd: 29500, rightEnd: 29721, strand: -, length: 222, contig: contig_1156, protein: unknown, score1: 1.0, score2: 0.0
164	Gene No. 65, gene caller: phanotate, leftEnd: 29500, rightEnd: 29721, strand: -, length: 222, contig: contig_1156, protein: unknown, score1: 1.0, score2: 0.0
165	Gene No. 50, gene caller: prodigal, leftEnd: 29500, rightEnd: 29721, strand: -, length: 222, contig: contig_1156, protein: unknown, score1: 1.0, score2: 0.0
166	Gene No. 52, gene caller: glimmer, leftEnd: 29708, rightEnd: 29917, strand: -, length: 210, contig: contig_1156, protein: unknown, score1: 1.0, score2: 0.0
167	Gene No. 66, gene caller: phanotate, leftEnd: 29708, rightEnd: 30013, strand: -, length: 306, contig: contig_1156, protein: unknown, score1: 1.0, score2: 0.0
168	Gene No. 51, gene caller: prodigal, leftEnd: 29708, rightEnd: 30013, strand: -, length: 306, contig: contig_1156, protein: unknown, score1: 1.0, score2: 0.0
169	Gene No. 67, gene caller: phanotate, leftEnd: 30063, rightEnd: 30278, strand: -, length: 216, contig: contig_1156, protein: unknown, score1: 1.0, score2: 0.0
170	Gene No. 53, gene caller: glimmer, leftEnd: 30063, rightEnd: 30317, strand: -, length: 255, contig: contig_1156, protein: unknown, score1: 1.0, score2: 0.0
171	Gene No. 52, gene caller: prodigal, leftEnd: 30063, rightEnd: 30317, strand: -, length: 255, contig: contig_1156, protein: unknown, score1: 1.0, score2: 0.0
172	Gene No. 54, gene caller: glimmer, leftEnd: 30296, rightEnd: 31057, strand: -, length: 762, contig: contig_1156, protein: unknown, score1: 1.0, score2: 0.0
173	Gene No. 68, gene caller: phanotate, leftEnd: 30296, rightEnd: 31057, strand: -, length: 762, contig: contig_1156, protein: unknown, score1: 1.0, score2: 0.0
174	Gene No. 53, gene caller: prodigal, leftEnd: 30296, rightEnd: 31132, strand: -, length: 837, contig: contig_1156, protein: unknown, score1: 1.0, score2: 0.0
175	Gene No. 55, gene caller: glimmer, leftEnd: 31107, rightEnd: 31298, strand: -, length: 192, contig: contig_1156, protein: unknown, score1: 1.0, score2: 0.0
176	Gene No. 69, gene caller: phanotate, leftEnd: 31107, rightEnd: 31298, strand: -, length: 192, contig: contig_1156, protein: unknown, score1: 1.0, score2: 0.0
177	Gene No. 54, gene caller: prodigal, leftEnd: 31107, rightEnd: 31298, strand: -, length: 192, contig: contig_1156, protein: unknown, score1: 1.0, score2: 0.0
178	Gene No. 70, gene caller: phanotate, leftEnd: 31317, rightEnd: 33410, strand: -, length: 2094, contig: contig_1156, protein: unknown, score1: 1.0, score2: 0.0
179	Gene No. 56, gene caller: glimmer, leftEnd: 31317, rightEnd: 33488, strand: -, length: 2172, contig: contig_1156, protein: unknown, score1: 1.0, score2: 0.0
180	Gene No. 55, gene caller: prodigal, leftEnd: 31317, rightEnd: 33488, strand: -, length: 2172, contig: contig_1156, protein: unknown, score1: 1.0, score2: 0.0
181	Gene No. 57, gene caller: glimmer, leftEnd: 33476, rightEnd: 34267, strand: -, length: 792, contig: contig_1156, protein: unknown, score1: 1.0, score2: 0.0
182	Gene No. 71, gene caller: phanotate, leftEnd: 33476, rightEnd: 34267, strand: -, length: 792, contig: contig_1156, protein: unknown, score1: 1.0, score2: 0.0
183	Gene No. 56, gene caller: prodigal, leftEnd: 33476, rightEnd: 34267, strand: -, length: 792, contig: contig_1156, protein: unknown, score1: 1.0, score2: 0.0
184	Gene No. 58, gene caller: glimmer, leftEnd: 34270, rightEnd: 38040, strand: -, length: 3771, contig: contig_1156, protein: unknown, score1: 1.0, score2: 0.0
185	Gene No. 72, gene caller: phanotate, leftEnd: 34270, rightEnd: 38040, strand: -, length: 3771, contig: contig_1156, protein: unknown, score1: 1.0, score2: 0.0
186	Gene No. 57, gene caller: prodigal, leftEnd: 34270, rightEnd: 38040, strand: -, length: 3771, contig: contig_1156, protein: unknown, score1: 1.0, score2: 0.0
187	Gene No. 59, gene caller: glimmer, leftEnd: 38037, rightEnd: 38369, strand: -, length: 333, contig: contig_1156, protein: unknown, score1: 1.0, score2: 0.0
188	Gene No. 73, gene caller: phanotate, leftEnd: 38037, rightEnd: 38369, strand: -, length: 333, contig: contig_1156, protein: unknown, score1: 1.0, score2: 0.0
189	Gene No. 58, gene caller: prodigal, leftEnd: 38037, rightEnd: 38411, strand: -, length: 375, contig: contig_1156, protein: unknown, score1: 1.0, score2: 0.0
190	Gene No. 60, gene caller: glimmer, leftEnd: 38468, rightEnd: 38806, strand: -, length: 339, contig: contig_1156, protein: unknown, score1: 1.0, score2: 0.0
191	Gene No. 74, gene caller: phanotate, leftEnd: 38468, rightEnd: 38806, strand: -, length: 339, contig: contig_1156, protein: unknown, score1: 1.0, score2: 0.0
192	Gene No. 59, gene caller: prodigal, leftEnd: 38468, rightEnd: 38806, strand: -, length: 339, contig: contig_1156, protein: unknown, score1: 1.0, score2: 0.0
193	Gene No. 75, gene caller: phanotate, leftEnd: 38797, rightEnd: 38925, strand: -, length: 129, contig: contig_1156, protein: unknown, score1: 1.0, score2: 0.0
194	Gene No. 61, gene caller: glimmer, leftEnd: 38882, rightEnd: 38995, strand: -, length: 114, contig: contig_1156, protein: unknown, score1: 1.0, score2: 0.0
195	Gene No. 76, gene caller: phanotate, leftEnd: 38992, rightEnd: 39129, strand: -, length: 138, contig: contig_1156, protein: unknown, score1: 1.0, score2: 0.0
196	Gene No. 62, gene caller: glimmer, leftEnd: 39169, rightEnd: 39507, strand: +, length: 339, contig: contig_1156, protein: unknown, score1: 1.0, score2: 0.0
197	Gene No. 77, gene caller: phanotate, leftEnd: 39169, rightEnd: 39507, strand: +, length: 339, contig: contig_1156, protein: unknown, score1: 1.0, score2: 0.0
198	Gene No. 60, gene caller: prodigal, leftEnd: 39169, rightEnd: 39507, strand: +, length: 339, contig: contig_1156, protein: unknown, score1: 1.0, score2: 0.0
199	Gene No. 61, gene caller: prodigal, leftEnd: 39564, rightEnd: 39938, strand: +, length: 375, contig: contig_1156, protein: unknown, score1: 1.0, score2: 0.0
200	Gene No. 63, gene caller: glimmer, leftEnd: 39606, rightEnd: 39938, strand: +, length: 333, contig: contig_1156, protein: unknown, score1: 1.0, score2: 0.0
201	Gene No. 78, gene caller: phanotate, leftEnd: 39606, rightEnd: 39938, strand: +, length: 333, contig: contig_1156, protein: unknown, score1: 1.0, score2: 0.0
202	Gene No. 64, gene caller: glimmer, leftEnd: 39935, rightEnd: 41839, strand: +, length: 1905, contig: contig_1156, protein: unknown, score1: 1.0, score2: 0.0
203	Gene No. 79, gene caller: phanotate, leftEnd: 39935, rightEnd: 41839, strand: +, length: 1905, contig: contig_1156, protein: unknown, score1: 1.0, score2: 0.0
204	Gene No. 62, gene caller: prodigal, leftEnd: 39935, rightEnd: 41839, strand: +, length: 1905, contig: contig_1156, protein: unknown, score1: 1.0, score2: 0.0
205	Gene No. 65, gene caller: glimmer, leftEnd: 41836, rightEnd: 43704, strand: +, length: 1869, contig: contig_1156, protein: unknown, score1: 1.0, score2: 0.0
206	Gene No. 63, gene caller: prodigal, leftEnd: 41836, rightEnd: 43704, strand: +, length: 1869, contig: contig_1156, protein: unknown, score1: 1.0, score2: 0.0
207	Gene No. 80, gene caller: phanotate, leftEnd: 41971, rightEnd: 43704, strand: +, length: 1734, contig: contig_1156, protein: unknown, score1: 1.0, score2: 0.0
208	Gene No. 66, gene caller: glimmer, leftEnd: 43707, rightEnd: 44192, strand: +, length: 486, contig: contig_1156, protein: unknown, score1: 1.0, score2: 0.0
209	Gene No. 81, gene caller: phanotate, leftEnd: 43707, rightEnd: 44192, strand: +, length: 486, contig: contig_1156, protein: unknown, score1: 1.0, score2: 0.0
210	Gene No. 64, gene caller: prodigal, leftEnd: 43707, rightEnd: 44192, strand: +, length: 486, contig: contig_1156, protein: unknown, score1: 1.0, score2: 0.0
211	Gene No. 82, gene caller: phanotate, leftEnd: 44345, rightEnd: 44464, strand: -, length: 120, contig: contig_1156, protein: unknown, score1: 1.0, score2: 0.0
212	Gene No. 83, gene caller: phanotate, leftEnd: 44486, rightEnd: 44641, strand: +, length: 156, contig: contig_1156, protein: unknown, score1: 1.0, score2: 0.0
213	Gene No. 84, gene caller: phanotate, leftEnd: 44717, rightEnd: 44830, strand: +, length: 114, contig: contig_1156, protein: unknown, score1: 1.0, score2: 0.0
Comparing across geneCall sets....
Scoring gene calls....
Identifying common core...
This is the Common Core List:

***************Common Core
CC-gene 1	Gene No. 1, gene caller: All_callers, leftEnd: 379, rightEnd: 1281, strand: +, length: 903, contig: contig_1156, protein: unknown, score1: 1.0, score2: 0.0
CC-gene 2	Gene No. 1, gene caller: All_callers, leftEnd: 1440, rightEnd: 2546, strand: +, length: 1107, contig: contig_1156, protein: unknown, score1: 1.0, score2: 0.0
CC-gene 3	Gene No. 1, gene caller: All_callers, leftEnd: 2560, rightEnd: 2829, strand: +, length: 270, contig: contig_1156, protein: unknown, score1: 1.0, score2: 0.0
CC-gene 4	Gene No. 1, gene caller: All_callers, leftEnd: 3140, rightEnd: 4429, strand: -, length: 1290, contig: contig_1156, protein: unknown, score1: 1.0, score2: 0.0
CC-gene 5	Gene No. 1, gene caller: All_callers, leftEnd: 4443, rightEnd: 5549, strand: -, length: 1107, contig: contig_1156, protein: unknown, score1: 1.0, score2: 0.0
CC-gene 6	Gene No. 1, gene caller: All_callers, leftEnd: 5708, rightEnd: 6610, strand: -, length: 903, contig: contig_1156, protein: unknown, score1: 1.0, score2: 0.0
CC-gene 7	Gene No. 1, gene caller: All_callers, leftEnd: 6739, rightEnd: 7005, strand: -, length: 267, contig: contig_1156, protein: unknown, score1: 1.0, score2: 0.0
CC-gene 8	Gene No. 1, gene caller: All_callers, leftEnd: 8243, rightEnd: 8515, strand: -, length: 273, contig: contig_1156, protein: unknown, score1: 1.0, score2: 0.0
CC-gene 9	Gene No. 1, gene caller: All_callers, leftEnd: 9227, rightEnd: 9727, strand: -, length: 501, contig: contig_1156, protein: unknown, score1: 1.0, score2: 0.0
CC-gene 10	Gene No. 1, gene caller: All_callers, leftEnd: 10386, rightEnd: 10733, strand: -, length: 348, contig: contig_1156, protein: unknown, score1: 1.0, score2: 0.0
CC-gene 11	Gene No. 1, gene caller: All_callers, leftEnd: 12078, rightEnd: 13001, strand: -, length: 924, contig: contig_1156, protein: unknown, score1: 1.0, score2: 0.0
CC-gene 12	Gene No. 1, gene caller: All_callers, leftEnd: 13987, rightEnd: 14496, strand: -, length: 510, contig: contig_1156, protein: unknown, score1: 1.0, score2: 0.0
CC-gene 13	Gene No. 1, gene caller: All_callers, leftEnd: 14957, rightEnd: 15397, strand: -, length: 441, contig: contig_1156, protein: unknown, score1: 1.0, score2: 0.0
CC-gene 14	Gene No. 1, gene caller: All_callers, leftEnd: 16575, rightEnd: 16832, strand: -, length: 258, contig: contig_1156, protein: unknown, score1: 1.0, score2: 0.0
CC-gene 15	Gene No. 1, gene caller: All_callers, leftEnd: 16843, rightEnd: 17253, strand: -, length: 411, contig: contig_1156, protein: unknown, score1: 1.0, score2: 0.0
CC-gene 16	Gene No. 1, gene caller: All_callers, leftEnd: 17250, rightEnd: 18098, strand: -, length: 849, contig: contig_1156, protein: unknown, score1: 1.0, score2: 0.0
CC-gene 17	Gene No. 1, gene caller: All_callers, leftEnd: 18343, rightEnd: 19137, strand: -, length: 795, contig: contig_1156, protein: unknown, score1: 1.0, score2: 0.0
CC-gene 18	Gene No. 1, gene caller: All_callers, leftEnd: 19150, rightEnd: 19872, strand: -, length: 723, contig: contig_1156, protein: unknown, score1: 1.0, score2: 0.0
CC-gene 19	Gene No. 1, gene caller: All_callers, leftEnd: 19946, rightEnd: 20839, strand: -, length: 894, contig: contig_1156, protein: unknown, score1: 1.0, score2: 0.0
CC-gene 20	Gene No. 1, gene caller: All_callers, leftEnd: 20836, rightEnd: 21195, strand: -, length: 360, contig: contig_1156, protein: unknown, score1: 1.0, score2: 0.0
CC-gene 21	Gene No. 1, gene caller: All_callers, leftEnd: 21195, rightEnd: 21443, strand: -, length: 249, contig: contig_1156, protein: unknown, score1: 1.0, score2: 0.0
CC-gene 22	Gene No. 1, gene caller: All_callers, leftEnd: 22280, rightEnd: 22495, strand: -, length: 216, contig: contig_1156, protein: unknown, score1: 1.0, score2: 0.0
CC-gene 23	Gene No. 1, gene caller: All_callers, leftEnd: 23666, rightEnd: 23848, strand: -, length: 183, contig: contig_1156, protein: unknown, score1: 1.0, score2: 0.0
CC-gene 24	Gene No. 1, gene caller: All_callers, leftEnd: 23938, rightEnd: 24591, strand: +, length: 654, contig: contig_1156, protein: unknown, score1: 1.0, score2: 0.0
CC-gene 25	Gene No. 1, gene caller: All_callers, leftEnd: 25199, rightEnd: 25888, strand: +, length: 690, contig: contig_1156, protein: unknown, score1: 1.0, score2: 0.0
CC-gene 26	Gene No. 1, gene caller: All_callers, leftEnd: 29500, rightEnd: 29721, strand: -, length: 222, contig: contig_1156, protein: unknown, score1: 1.0, score2: 0.0
CC-gene 27	Gene No. 1, gene caller: All_callers, leftEnd: 31107, rightEnd: 31298, strand: -, length: 192, contig: contig_1156, protein: unknown, score1: 1.0, score2: 0.0
CC-gene 28	Gene No. 1, gene caller: All_callers, leftEnd: 33476, rightEnd: 34267, strand: -, length: 792, contig: contig_1156, protein: unknown, score1: 1.0, score2: 0.0
CC-gene 29	Gene No. 1, gene caller: All_callers, leftEnd: 34270, rightEnd: 38040, strand: -, length: 3771, contig: contig_1156, protein: unknown, score1: 1.0, score2: 0.0
CC-gene 30	Gene No. 1, gene caller: All_callers, leftEnd: 38468, rightEnd: 38806, strand: -, length: 339, contig: contig_1156, protein: unknown, score1: 1.0, score2: 0.0
CC-gene 31	Gene No. 1, gene caller: All_callers, leftEnd: 39169, rightEnd: 39507, strand: +, length: 339, contig: contig_1156, protein: unknown, score1: 1.0, score2: 0.0
CC-gene 32	Gene No. 1, gene caller: All_callers, leftEnd: 39935, rightEnd: 41839, strand: +, length: 1905, contig: contig_1156, protein: unknown, score1: 1.0, score2: 0.0
CC-gene 33	Gene No. 1, gene caller: All_callers, leftEnd: 43707, rightEnd: 44192, strand: +, length: 486, contig: contig_1156, protein: unknown, score1: 1.0, score2: 0.0
Printing gene-call superset, consensus, and common_core in GFF and CGC formats
Printing report....
The following gene callers were considered: glimmer, phanotate, prodigal, The number of distinct gene calls over all gene callers is 122
The number of gene calls in common among all callers is 33
The number of unique (non-matching) gene calls is64
Caller glimmer produced 65 gene calls.
Caller glimmer gene-call length stats:  min: 114, max: 3771, ave: 591.5076923076923
Caller phanotate produced 84 gene calls.
Caller phanotate gene-call length stats:  min: 90, max: 3771, ave: 492.2142857142857
Caller prodigal produced 64 gene calls.
Caller prodigal gene-call length stats:  min: 183, max: 3771, ave: 617.015625

Gene-call Scores:
Caller	Contig	Gene No.	Left End	Right End	Strand	gcScore
phanotate	contig_1156	1	1	249	+	0.83
prodigal	contig_1156	1	1	249	+	0.83
glimmer	contig_1156	2	379	1281	+	1.00
phanotate	contig_1156	2	379	1281	+	1.00
prodigal	contig_1156	2	379	1281	+	1.00
prodigal	contig_1156	3	1247	1453	+	0.50
phanotate	contig_1156	3	1271	1453	+	0.50
glimmer	contig_1156	3	1322	1453	+	0.50
glimmer	contig_1156	4	1440	2546	+	1.00
phanotate	contig_1156	4	1440	2546	+	1.00
prodigal	contig_1156	4	1440	2546	+	1.00
glimmer	contig_1156	5	2560	2829	+	1.00
phanotate	contig_1156	5	2560	2829	+	1.00
prodigal	contig_1156	5	2560	2829	+	1.00
phanotate	contig_1156	6	2795	3208	+	0.83
prodigal	contig_1156	6	2795	3208	+	0.83
glimmer	contig_1156	6	3140	4429	-	1.00
phanotate	contig_1156	7	3140	4429	-	1.00
prodigal	contig_1156	7	3140	4429	-	1.00
glimmer	contig_1156	7	4443	5549	-	1.00
phanotate	contig_1156	8	4443	5549	-	1.00
prodigal	contig_1156	8	4443	5549	-	1.00
glimmer	contig_1156	8	5536	5667	-	0.50
phanotate	contig_1156	9	5536	5718	-	0.50
prodigal	contig_1156	9	5536	5742	-	0.50
glimmer	contig_1156	9	5708	6610	-	1.00
phanotate	contig_1156	10	5708	6610	-	1.00
prodigal	contig_1156	10	5708	6610	-	1.00
glimmer	contig_1156	10	6739	7005	-	1.00
phanotate	contig_1156	11	6739	7005	-	1.00
prodigal	contig_1156	11	6739	7005	-	1.00
prodigal	contig_1156	12	7091	7717	-	0.50
glimmer	contig_1156	11	7091	7723	-	0.83
phanotate	contig_1156	12	7091	7723	-	0.83
phanotate	contig_1156	13	7976	8092	+	0.33
glimmer	contig_1156	12	8243	8515	-	1.00
phanotate	contig_1156	14	8243	8515	-	1.00
prodigal	contig_1156	13	8243	8515	-	1.00
glimmer	contig_1156	13	8678	9064	-	0.83
phanotate	contig_1156	15	8678	9064	-	0.83
prodigal	contig_1156	14	8678	9136	-	0.50
phanotate	contig_1156	16	9172	9267	-	0.33
glimmer	contig_1156	14	9227	9727	-	1.00
phanotate	contig_1156	17	9227	9727	-	1.00
prodigal	contig_1156	15	9227	9727	-	1.00
phanotate	contig_1156	18	9801	10313	-	0.83
prodigal	contig_1156	16	9801	10313	-	0.83
glimmer	contig_1156	15	9801	10334	-	0.50
glimmer	contig_1156	16	10386	10733	-	1.00
phanotate	contig_1156	19	10386	10733	-	1.00
prodigal	contig_1156	17	10386	10733	-	1.00
glimmer	contig_1156	17	10749	11219	-	0.50
phanotate	contig_1156	20	10749	11279	-	0.50
prodigal	contig_1156	18	10749	11318	-	0.50
glimmer	contig_1156	18	11260	11535	-	0.83
phanotate	contig_1156	21	11260	11535	-	0.83
prodigal	contig_1156	19	11260	11550	-	0.50
phanotate	contig_1156	22	11522	11995	-	0.50
prodigal	contig_1156	20	11522	12013	-	0.50
glimmer	contig_1156	19	11522	12031	-	0.50
glimmer	contig_1156	20	12078	13001	-	1.00
phanotate	contig_1156	23	12078	13001	-	1.00
prodigal	contig_1156	21	12078	13001	-	1.00
phanotate	contig_1156	24	13022	13153	+	0.33
glimmer	contig_1156	21	13225	13803	-	0.83
phanotate	contig_1156	25	13225	13803	-	0.83
prodigal	contig_1156	22	13225	13821	-	0.50
glimmer	contig_1156	22	13987	14496	-	1.00
phanotate	contig_1156	26	13987	14496	-	1.00
prodigal	contig_1156	23	13987	14496	-	1.00
phanotate	contig_1156	27	14514	14636	-	0.50
glimmer	contig_1156	23	14514	14756	-	0.50
phanotate	contig_1156	28	14713	14928	-	0.83
prodigal	contig_1156	24	14713	14928	-	0.83
glimmer	contig_1156	24	14957	15397	-	1.00
phanotate	contig_1156	29	14957	15397	-	1.00
prodigal	contig_1156	25	14957	15397	-	1.00
glimmer	contig_1156	25	15400	15648	-	0.83
prodigal	contig_1156	26	15400	15648	-	0.83
phanotate	contig_1156	30	15400	15663	-	0.50
glimmer	contig_1156	26	15641	15901	-	0.50
phanotate	contig_1156	31	15641	15919	-	0.83
prodigal	contig_1156	27	15641	15919	-	0.83
glimmer	contig_1156	27	15879	16112	-	0.50
phanotate	contig_1156	32	15879	16166	-	0.83
prodigal	contig_1156	28	15879	16166	-	0.83
glimmer	contig_1156	28	16227	16373	-	0.50
phanotate	contig_1156	33	16227	16541	-	0.83
prodigal	contig_1156	29	16227	16541	-	0.83
glimmer	contig_1156	29	16575	16832	-	1.00
phanotate	contig_1156	34	16575	16832	-	1.00
prodigal	contig_1156	30	16575	16832	-	1.00
glimmer	contig_1156	30	16843	17253	-	1.00
phanotate	contig_1156	35	16843	17253	-	1.00
prodigal	contig_1156	31	16843	17253	-	1.00
glimmer	contig_1156	31	17250	18098	-	1.00
phanotate	contig_1156	36	17250	18098	-	1.00
prodigal	contig_1156	32	17250	18098	-	1.00
phanotate	contig_1156	37	18049	18246	-	0.33
glimmer	contig_1156	32	18343	19137	-	1.00
phanotate	contig_1156	38	18343	19137	-	1.00
prodigal	contig_1156	33	18343	19137	-	1.00
glimmer	contig_1156	33	19150	19872	-	1.00
phanotate	contig_1156	39	19150	19872	-	1.00
prodigal	contig_1156	34	19150	19872	-	1.00
glimmer	contig_1156	34	19946	20839	-	1.00
phanotate	contig_1156	40	19946	20839	-	1.00
prodigal	contig_1156	35	19946	20839	-	1.00
glimmer	contig_1156	35	20836	21195	-	1.00
phanotate	contig_1156	41	20836	21195	-	1.00
prodigal	contig_1156	36	20836	21195	-	1.00
glimmer	contig_1156	36	21195	21443	-	1.00
phanotate	contig_1156	42	21195	21443	-	1.00
prodigal	contig_1156	37	21195	21443	-	1.00
phanotate	contig_1156	43	21456	21917	-	0.50
glimmer	contig_1156	37	21456	22019	-	0.83
prodigal	contig_1156	38	21456	22019	-	0.83
phanotate	contig_1156	44	21889	22041	+	0.33
phanotate	contig_1156	45	22066	22173	+	0.33
phanotate	contig_1156	46	22143	22241	+	0.33
glimmer	contig_1156	38	22280	22495	-	1.00
phanotate	contig_1156	47	22280	22495	-	1.00
prodigal	contig_1156	39	22280	22495	-	1.00
phanotate	contig_1156	48	22634	22966	+	0.50
prodigal	contig_1156	40	22697	22966	+	0.50
glimmer	contig_1156	39	22745	22966	+	0.50
glimmer	contig_1156	40	22923	23615	+	0.50
phanotate	contig_1156	49	22986	23615	+	0.83
prodigal	contig_1156	41	22986	23615	+	0.83
glimmer	contig_1156	41	23666	23848	-	1.00
phanotate	contig_1156	50	23666	23848	-	1.00
prodigal	contig_1156	42	23666	23848	-	1.00
glimmer	contig_1156	42	23938	24591	+	1.00
phanotate	contig_1156	51	23938	24591	+	1.00
prodigal	contig_1156	43	23938	24591	+	1.00
phanotate	contig_1156	52	24613	24804	+	0.33
prodigal	contig_1156	44	24764	25015	+	0.50
glimmer	contig_1156	43	24779	25015	+	0.50
phanotate	contig_1156	53	24791	24880	-	0.33
phanotate	contig_1156	54	24891	25139	-	0.83
prodigal	contig_1156	45	24891	25139	-	0.83
glimmer	contig_1156	44	25199	25888	+	1.00
phanotate	contig_1156	55	25199	25888	+	1.00
prodigal	contig_1156	46	25199	25888	+	1.00
glimmer	contig_1156	45	25984	26256	-	0.50
phanotate	contig_1156	56	25984	26274	-	0.83
prodigal	contig_1156	47	25984	26274	-	0.83
glimmer	contig_1156	46	26240	27136	-	0.50
phanotate	contig_1156	57	26240	27145	-	0.83
prodigal	contig_1156	48	26240	27145	-	0.83
phanotate	contig_1156	58	27193	27285	-	0.33
glimmer	contig_1156	47	27308	27439	+	0.33
glimmer	contig_1156	48	27440	27610	-	0.50
phanotate	contig_1156	59	27440	27643	-	0.50
phanotate	contig_1156	60	27662	27787	-	0.50
glimmer	contig_1156	49	27662	27886	-	0.50
phanotate	contig_1156	61	27775	27873	+	0.33
phanotate	contig_1156	62	27877	27999	+	0.33
phanotate	contig_1156	63	28319	28423	+	0.33
prodigal	contig_1156	49	28461	29453	-	0.50
glimmer	contig_1156	50	28461	29486	-	0.83
phanotate	contig_1156	64	28461	29486	-	0.83
glimmer	contig_1156	51	29500	29721	-	1.00
phanotate	contig_1156	65	29500	29721	-	1.00
prodigal	contig_1156	50	29500	29721	-	1.00
glimmer	contig_1156	52	29708	29917	-	0.50
phanotate	contig_1156	66	29708	30013	-	0.83
prodigal	contig_1156	51	29708	30013	-	0.83
phanotate	contig_1156	67	30063	30278	-	0.50
glimmer	contig_1156	53	30063	30317	-	0.83
prodigal	contig_1156	52	30063	30317	-	0.83
glimmer	contig_1156	54	30296	31057	-	0.83
phanotate	contig_1156	68	30296	31057	-	0.83
prodigal	contig_1156	53	30296	31132	-	0.50
glimmer	contig_1156	55	31107	31298	-	1.00
phanotate	contig_1156	69	31107	31298	-	1.00
prodigal	contig_1156	54	31107	31298	-	1.00
phanotate	contig_1156	70	31317	33410	-	0.50
glimmer	contig_1156	56	31317	33488	-	0.83
prodigal	contig_1156	55	31317	33488	-	0.83
glimmer	contig_1156	57	33476	34267	-	1.00
phanotate	contig_1156	71	33476	34267	-	1.00
prodigal	contig_1156	56	33476	34267	-	1.00
glimmer	contig_1156	58	34270	38040	-	1.00
phanotate	contig_1156	72	34270	38040	-	1.00
prodigal	contig_1156	57	34270	38040	-	1.00
glimmer	contig_1156	59	38037	38369	-	0.83
phanotate	contig_1156	73	38037	38369	-	0.83
prodigal	contig_1156	58	38037	38411	-	0.50
glimmer	contig_1156	60	38468	38806	-	1.00
phanotate	contig_1156	74	38468	38806	-	1.00
prodigal	contig_1156	59	38468	38806	-	1.00
phanotate	contig_1156	75	38797	38925	-	0.33
glimmer	contig_1156	61	38882	38995	-	0.33
phanotate	contig_1156	76	38992	39129	-	0.33
glimmer	contig_1156	62	39169	39507	+	1.00
phanotate	contig_1156	77	39169	39507	+	1.00
prodigal	contig_1156	60	39169	39507	+	1.00
prodigal	contig_1156	61	39564	39938	+	0.50
glimmer	contig_1156	63	39606	39938	+	0.83
phanotate	contig_1156	78	39606	39938	+	0.83
glimmer	contig_1156	64	39935	41839	+	1.00
phanotate	contig_1156	79	39935	41839	+	1.00
prodigal	contig_1156	62	39935	41839	+	1.00
glimmer	contig_1156	65	41836	43704	+	0.83
prodigal	contig_1156	63	41836	43704	+	0.83
phanotate	contig_1156	80	41971	43704	+	0.50
glimmer	contig_1156	66	43707	44192	+	1.00
phanotate	contig_1156	81	43707	44192	+	1.00
prodigal	contig_1156	64	43707	44192	+	1.00
phanotate	contig_1156	82	44345	44464	-	0.33
phanotate	contig_1156	83	44486	44641	+	0.33
phanotate	contig_1156	84	44717	44830	+	0.33

Gene-call Consensus Scores:
Caller glimmer average gene-call score: 0.82
Caller phanotate average gene-call score: 0.74
Caller prodigal average gene-call score: 0.85

***************Unique List
Unique gene call 1
  --  Gene No. 1, gene caller: phanotate, leftEnd: 1, rightEnd: 249, strand: +, length: 249, contig: contig_1156, protein: unknown, score1: 0.8333333333333333, score2: 0.0
  --  Gene No. 1, gene caller: prodigal, leftEnd: 1, rightEnd: 249, strand: +, length: 249, contig: contig_1156, protein: unknown, score1: 0.8333333333333333, score2: 0.0
Unique gene call 2
  --  Gene No. 2, gene caller: glimmer, leftEnd: 379, rightEnd: 1281, strand: +, length: 903, contig: contig_1156, protein: unknown, score1: 1.0, score2: 0.0
  --  Gene No. 2, gene caller: phanotate, leftEnd: 379, rightEnd: 1281, strand: +, length: 903, contig: contig_1156, protein: unknown, score1: 1.0, score2: 0.0
  --  Gene No. 2, gene caller: prodigal, leftEnd: 379, rightEnd: 1281, strand: +, length: 903, contig: contig_1156, protein: unknown, score1: 1.0, score2: 0.0
Unique gene call 3
  --  Gene No. 3, gene caller: prodigal, leftEnd: 1247, rightEnd: 1453, strand: +, length: 207, contig: contig_1156, protein: unknown, score1: 0.5, score2: 0.0
Unique gene call 4
  --  Gene No. 3, gene caller: phanotate, leftEnd: 1271, rightEnd: 1453, strand: +, length: 183, contig: contig_1156, protein: unknown, score1: 0.5, score2: 0.0
Unique gene call 5
  --  Gene No. 3, gene caller: glimmer, leftEnd: 1322, rightEnd: 1453, strand: +, length: 132, contig: contig_1156, protein: unknown, score1: 0.5, score2: 0.0
Unique gene call 6
  --  Gene No. 4, gene caller: glimmer, leftEnd: 1440, rightEnd: 2546, strand: +, length: 1107, contig: contig_1156, protein: unknown, score1: 1.0, score2: 0.0
  --  Gene No. 4, gene caller: phanotate, leftEnd: 1440, rightEnd: 2546, strand: +, length: 1107, contig: contig_1156, protein: unknown, score1: 1.0, score2: 0.0
  --  Gene No. 4, gene caller: prodigal, leftEnd: 1440, rightEnd: 2546, strand: +, length: 1107, contig: contig_1156, protein: unknown, score1: 1.0, score2: 0.0
Unique gene call 7
  --  Gene No. 5, gene caller: glimmer, leftEnd: 2560, rightEnd: 2829, strand: +, length: 270, contig: contig_1156, protein: unknown, score1: 1.0, score2: 0.0
  --  Gene No. 5, gene caller: phanotate, leftEnd: 2560, rightEnd: 2829, strand: +, length: 270, contig: contig_1156, protein: unknown, score1: 1.0, score2: 0.0
  --  Gene No. 5, gene caller: prodigal, leftEnd: 2560, rightEnd: 2829, strand: +, length: 270, contig: contig_1156, protein: unknown, score1: 1.0, score2: 0.0
Unique gene call 8
  --  Gene No. 6, gene caller: phanotate, leftEnd: 2795, rightEnd: 3208, strand: +, length: 414, contig: contig_1156, protein: unknown, score1: 0.8333333333333333, score2: 0.0
  --  Gene No. 6, gene caller: prodigal, leftEnd: 2795, rightEnd: 3208, strand: +, length: 414, contig: contig_1156, protein: unknown, score1: 0.8333333333333333, score2: 0.0
Unique gene call 9
  --  Gene No. 6, gene caller: glimmer, leftEnd: 3140, rightEnd: 4429, strand: -, length: 1290, contig: contig_1156, protein: unknown, score1: 1.0, score2: 0.0
  --  Gene No. 7, gene caller: phanotate, leftEnd: 3140, rightEnd: 4429, strand: -, length: 1290, contig: contig_1156, protein: unknown, score1: 1.0, score2: 0.0
  --  Gene No. 7, gene caller: prodigal, leftEnd: 3140, rightEnd: 4429, strand: -, length: 1290, contig: contig_1156, protein: unknown, score1: 1.0, score2: 0.0
Unique gene call 10
  --  Gene No. 7, gene caller: glimmer, leftEnd: 4443, rightEnd: 5549, strand: -, length: 1107, contig: contig_1156, protein: unknown, score1: 1.0, score2: 0.0
  --  Gene No. 8, gene caller: phanotate, leftEnd: 4443, rightEnd: 5549, strand: -, length: 1107, contig: contig_1156, protein: unknown, score1: 1.0, score2: 0.0
  --  Gene No. 8, gene caller: prodigal, leftEnd: 4443, rightEnd: 5549, strand: -, length: 1107, contig: contig_1156, protein: unknown, score1: 1.0, score2: 0.0
Unique gene call 11
  --  Gene No. 8, gene caller: glimmer, leftEnd: 5536, rightEnd: 5667, strand: -, length: 132, contig: contig_1156, protein: unknown, score1: 0.5, score2: 0.0
Unique gene call 12
  --  Gene No. 9, gene caller: phanotate, leftEnd: 5536, rightEnd: 5718, strand: -, length: 183, contig: contig_1156, protein: unknown, score1: 0.5, score2: 0.0
Unique gene call 13
  --  Gene No. 9, gene caller: prodigal, leftEnd: 5536, rightEnd: 5742, strand: -, length: 207, contig: contig_1156, protein: unknown, score1: 0.5, score2: 0.0
Unique gene call 14
  --  Gene No. 9, gene caller: glimmer, leftEnd: 5708, rightEnd: 6610, strand: -, length: 903, contig: contig_1156, protein: unknown, score1: 1.0, score2: 0.0
  --  Gene No. 10, gene caller: phanotate, leftEnd: 5708, rightEnd: 6610, strand: -, length: 903, contig: contig_1156, protein: unknown, score1: 1.0, score2: 0.0
  --  Gene No. 10, gene caller: prodigal, leftEnd: 5708, rightEnd: 6610, strand: -, length: 903, contig: contig_1156, protein: unknown, score1: 1.0, score2: 0.0
Unique gene call 15
  --  Gene No. 10, gene caller: glimmer, leftEnd: 6739, rightEnd: 7005, strand: -, length: 267, contig: contig_1156, protein: unknown, score1: 1.0, score2: 0.0
  --  Gene No. 11, gene caller: phanotate, leftEnd: 6739, rightEnd: 7005, strand: -, length: 267, contig: contig_1156, protein: unknown, score1: 1.0, score2: 0.0
  --  Gene No. 11, gene caller: prodigal, leftEnd: 6739, rightEnd: 7005, strand: -, length: 267, contig: contig_1156, protein: unknown, score1: 1.0, score2: 0.0
Unique gene call 16
  --  Gene No. 12, gene caller: prodigal, leftEnd: 7091, rightEnd: 7717, strand: -, length: 627, contig: contig_1156, protein: unknown, score1: 0.5, score2: 0.0
Unique gene call 17
  --  Gene No. 11, gene caller: glimmer, leftEnd: 7091, rightEnd: 7723, strand: -, length: 633, contig: contig_1156, protein: unknown, score1: 0.8333333333333333, score2: 0.0
  --  Gene No. 12, gene caller: phanotate, leftEnd: 7091, rightEnd: 7723, strand: -, length: 633, contig: contig_1156, protein: unknown, score1: 0.8333333333333333, score2: 0.0
Unique gene call 18
  --  Gene No. 13, gene caller: phanotate, leftEnd: 7976, rightEnd: 8092, strand: +, length: 117, contig: contig_1156, protein: unknown, score1: 0.3333333333333333, score2: 0.0
Unique gene call 19
  --  Gene No. 12, gene caller: glimmer, leftEnd: 8243, rightEnd: 8515, strand: -, length: 273, contig: contig_1156, protein: unknown, score1: 1.0, score2: 0.0
  --  Gene No. 14, gene caller: phanotate, leftEnd: 8243, rightEnd: 8515, strand: -, length: 273, contig: contig_1156, protein: unknown, score1: 1.0, score2: 0.0
  --  Gene No. 13, gene caller: prodigal, leftEnd: 8243, rightEnd: 8515, strand: -, length: 273, contig: contig_1156, protein: unknown, score1: 1.0, score2: 0.0
Unique gene call 20
  --  Gene No. 13, gene caller: glimmer, leftEnd: 8678, rightEnd: 9064, strand: -, length: 387, contig: contig_1156, protein: unknown, score1: 0.8333333333333333, score2: 0.0
  --  Gene No. 15, gene caller: phanotate, leftEnd: 8678, rightEnd: 9064, strand: -, length: 387, contig: contig_1156, protein: unknown, score1: 0.8333333333333333, score2: 0.0
Unique gene call 21
  --  Gene No. 14, gene caller: prodigal, leftEnd: 8678, rightEnd: 9136, strand: -, length: 459, contig: contig_1156, protein: unknown, score1: 0.5, score2: 0.0
Unique gene call 22
  --  Gene No. 16, gene caller: phanotate, leftEnd: 9172, rightEnd: 9267, strand: -, length: 96, contig: contig_1156, protein: unknown, score1: 0.3333333333333333, score2: 0.0
Unique gene call 23
  --  Gene No. 14, gene caller: glimmer, leftEnd: 9227, rightEnd: 9727, strand: -, length: 501, contig: contig_1156, protein: unknown, score1: 1.0, score2: 0.0
  --  Gene No. 17, gene caller: phanotate, leftEnd: 9227, rightEnd: 9727, strand: -, length: 501, contig: contig_1156, protein: unknown, score1: 1.0, score2: 0.0
  --  Gene No. 15, gene caller: prodigal, leftEnd: 9227, rightEnd: 9727, strand: -, length: 501, contig: contig_1156, protein: unknown, score1: 1.0, score2: 0.0
Unique gene call 24
  --  Gene No. 18, gene caller: phanotate, leftEnd: 9801, rightEnd: 10313, strand: -, length: 513, contig: contig_1156, protein: unknown, score1: 0.8333333333333333, score2: 0.0
  --  Gene No. 16, gene caller: prodigal, leftEnd: 9801, rightEnd: 10313, strand: -, length: 513, contig: contig_1156, protein: unknown, score1: 0.8333333333333333, score2: 0.0
Unique gene call 25
  --  Gene No. 15, gene caller: glimmer, leftEnd: 9801, rightEnd: 10334, strand: -, length: 534, contig: contig_1156, protein: unknown, score1: 0.5, score2: 0.0
Unique gene call 26
  --  Gene No. 16, gene caller: glimmer, leftEnd: 10386, rightEnd: 10733, strand: -, length: 348, contig: contig_1156, protein: unknown, score1: 1.0, score2: 0.0
  --  Gene No. 19, gene caller: phanotate, leftEnd: 10386, rightEnd: 10733, strand: -, length: 348, contig: contig_1156, protein: unknown, score1: 1.0, score2: 0.0
  --  Gene No. 17, gene caller: prodigal, leftEnd: 10386, rightEnd: 10733, strand: -, length: 348, contig: contig_1156, protein: unknown, score1: 1.0, score2: 0.0
Unique gene call 27
  --  Gene No. 17, gene caller: glimmer, leftEnd: 10749, rightEnd: 11219, strand: -, length: 471, contig: contig_1156, protein: unknown, score1: 0.5, score2: 0.0
Unique gene call 28
  --  Gene No. 20, gene caller: phanotate, leftEnd: 10749, rightEnd: 11279, strand: -, length: 531, contig: contig_1156, protein: unknown, score1: 0.5, score2: 0.0
Unique gene call 29
  --  Gene No. 18, gene caller: prodigal, leftEnd: 10749, rightEnd: 11318, strand: -, length: 570, contig: contig_1156, protein: unknown, score1: 0.5, score2: 0.0
Unique gene call 30
  --  Gene No. 18, gene caller: glimmer, leftEnd: 11260, rightEnd: 11535, strand: -, length: 276, contig: contig_1156, protein: unknown, score1: 0.8333333333333333, score2: 0.0
  --  Gene No. 21, gene caller: phanotate, leftEnd: 11260, rightEnd: 11535, strand: -, length: 276, contig: contig_1156, protein: unknown, score1: 0.8333333333333333, score2: 0.0
Unique gene call 31
  --  Gene No. 19, gene caller: prodigal, leftEnd: 11260, rightEnd: 11550, strand: -, length: 291, contig: contig_1156, protein: unknown, score1: 0.5, score2: 0.0
Unique gene call 32
  --  Gene No. 22, gene caller: phanotate, leftEnd: 11522, rightEnd: 11995, strand: -, length: 474, contig: contig_1156, protein: unknown, score1: 0.5, score2: 0.0
Unique gene call 33
  --  Gene No. 20, gene caller: prodigal, leftEnd: 11522, rightEnd: 12013, strand: -, length: 492, contig: contig_1156, protein: unknown, score1: 0.5, score2: 0.0
Unique gene call 34
  --  Gene No. 19, gene caller: glimmer, leftEnd: 11522, rightEnd: 12031, strand: -, length: 510, contig: contig_1156, protein: unknown, score1: 0.5, score2: 0.0
Unique gene call 35
  --  Gene No. 20, gene caller: glimmer, leftEnd: 12078, rightEnd: 13001, strand: -, length: 924, contig: contig_1156, protein: unknown, score1: 1.0, score2: 0.0
  --  Gene No. 23, gene caller: phanotate, leftEnd: 12078, rightEnd: 13001, strand: -, length: 924, contig: contig_1156, protein: unknown, score1: 1.0, score2: 0.0
  --  Gene No. 21, gene caller: prodigal, leftEnd: 12078, rightEnd: 13001, strand: -, length: 924, contig: contig_1156, protein: unknown, score1: 1.0, score2: 0.0
Unique gene call 36
  --  Gene No. 24, gene caller: phanotate, leftEnd: 13022, rightEnd: 13153, strand: +, length: 132, contig: contig_1156, protein: unknown, score1: 0.3333333333333333, score2: 0.0
Unique gene call 37
  --  Gene No. 21, gene caller: glimmer, leftEnd: 13225, rightEnd: 13803, strand: -, length: 579, contig: contig_1156, protein: unknown, score1: 0.8333333333333333, score2: 0.0
  --  Gene No. 25, gene caller: phanotate, leftEnd: 13225, rightEnd: 13803, strand: -, length: 579, contig: contig_1156, protein: unknown, score1: 0.8333333333333333, score2: 0.0
Unique gene call 38
  --  Gene No. 22, gene caller: prodigal, leftEnd: 13225, rightEnd: 13821, strand: -, length: 597, contig: contig_1156, protein: unknown, score1: 0.5, score2: 0.0
Unique gene call 39
  --  Gene No. 22, gene caller: glimmer, leftEnd: 13987, rightEnd: 14496, strand: -, length: 510, contig: contig_1156, protein: unknown, score1: 1.0, score2: 0.0
  --  Gene No. 26, gene caller: phanotate, leftEnd: 13987, rightEnd: 14496, strand: -, length: 510, contig: contig_1156, protein: unknown, score1: 1.0, score2: 0.0
  --  Gene No. 23, gene caller: prodigal, leftEnd: 13987, rightEnd: 14496, strand: -, length: 510, contig: contig_1156, protein: unknown, score1: 1.0, score2: 0.0
Unique gene call 40
  --  Gene No. 27, gene caller: phanotate, leftEnd: 14514, rightEnd: 14636, strand: -, length: 123, contig: contig_1156, protein: unknown, score1: 0.5, score2: 0.0
Unique gene call 41
  --  Gene No. 23, gene caller: glimmer, leftEnd: 14514, rightEnd: 14756, strand: -, length: 243, contig: contig_1156, protein: unknown, score1: 0.5, score2: 0.0
Unique gene call 42
  --  Gene No. 28, gene caller: phanotate, leftEnd: 14713, rightEnd: 14928, strand: -, length: 216, contig: contig_1156, protein: unknown, score1: 0.8333333333333333, score2: 0.0
  --  Gene No. 24, gene caller: prodigal, leftEnd: 14713, rightEnd: 14928, strand: -, length: 216, contig: contig_1156, protein: unknown, score1: 0.8333333333333333, score2: 0.0
Unique gene call 43
  --  Gene No. 24, gene caller: glimmer, leftEnd: 14957, rightEnd: 15397, strand: -, length: 441, contig: contig_1156, protein: unknown, score1: 1.0, score2: 0.0
  --  Gene No. 29, gene caller: phanotate, leftEnd: 14957, rightEnd: 15397, strand: -, length: 441, contig: contig_1156, protein: unknown, score1: 1.0, score2: 0.0
  --  Gene No. 25, gene caller: prodigal, leftEnd: 14957, rightEnd: 15397, strand: -, length: 441, contig: contig_1156, protein: unknown, score1: 1.0, score2: 0.0
Unique gene call 44
  --  Gene No. 25, gene caller: glimmer, leftEnd: 15400, rightEnd: 15648, strand: -, length: 249, contig: contig_1156, protein: unknown, score1: 0.8333333333333333, score2: 0.0
  --  Gene No. 26, gene caller: prodigal, leftEnd: 15400, rightEnd: 15648, strand: -, length: 249, contig: contig_1156, protein: unknown, score1: 0.8333333333333333, score2: 0.0
Unique gene call 45
  --  Gene No. 30, gene caller: phanotate, leftEnd: 15400, rightEnd: 15663, strand: -, length: 264, contig: contig_1156, protein: unknown, score1: 0.5, score2: 0.0
Unique gene call 46
  --  Gene No. 26, gene caller: glimmer, leftEnd: 15641, rightEnd: 15901, strand: -, length: 261, contig: contig_1156, protein: unknown, score1: 0.5, score2: 0.0
Unique gene call 47
  --  Gene No. 31, gene caller: phanotate, leftEnd: 15641, rightEnd: 15919, strand: -, length: 279, contig: contig_1156, protein: unknown, score1: 0.8333333333333333, score2: 0.0
  --  Gene No. 27, gene caller: prodigal, leftEnd: 15641, rightEnd: 15919, strand: -, length: 279, contig: contig_1156, protein: unknown, score1: 0.8333333333333333, score2: 0.0
Unique gene call 48
  --  Gene No. 27, gene caller: glimmer, leftEnd: 15879, rightEnd: 16112, strand: -, length: 234, contig: contig_1156, protein: unknown, score1: 0.5, score2: 0.0
Unique gene call 49
  --  Gene No. 32, gene caller: phanotate, leftEnd: 15879, rightEnd: 16166, strand: -, length: 288, contig: contig_1156, protein: unknown, score1: 0.8333333333333333, score2: 0.0
  --  Gene No. 28, gene caller: prodigal, leftEnd: 15879, rightEnd: 16166, strand: -, length: 288, contig: contig_1156, protein: unknown, score1: 0.8333333333333333, score2: 0.0
Unique gene call 50
  --  Gene No. 28, gene caller: glimmer, leftEnd: 16227, rightEnd: 16373, strand: -, length: 147, contig: contig_1156, protein: unknown, score1: 0.5, score2: 0.0
Unique gene call 51
  --  Gene No. 33, gene caller: phanotate, leftEnd: 16227, rightEnd: 16541, strand: -, length: 315, contig: contig_1156, protein: unknown, score1: 0.8333333333333333, score2: 0.0
  --  Gene No. 29, gene caller: prodigal, leftEnd: 16227, rightEnd: 16541, strand: -, length: 315, contig: contig_1156, protein: unknown, score1: 0.8333333333333333, score2: 0.0
Unique gene call 52
  --  Gene No. 29, gene caller: glimmer, leftEnd: 16575, rightEnd: 16832, strand: -, length: 258, contig: contig_1156, protein: unknown, score1: 1.0, score2: 0.0
  --  Gene No. 34, gene caller: phanotate, leftEnd: 16575, rightEnd: 16832, strand: -, length: 258, contig: contig_1156, protein: unknown, score1: 1.0, score2: 0.0
  --  Gene No. 30, gene caller: prodigal, leftEnd: 16575, rightEnd: 16832, strand: -, length: 258, contig: contig_1156, protein: unknown, score1: 1.0, score2: 0.0
Unique gene call 53
  --  Gene No. 30, gene caller: glimmer, leftEnd: 16843, rightEnd: 17253, strand: -, length: 411, contig: contig_1156, protein: unknown, score1: 1.0, score2: 0.0
  --  Gene No. 35, gene caller: phanotate, leftEnd: 16843, rightEnd: 17253, strand: -, length: 411, contig: contig_1156, protein: unknown, score1: 1.0, score2: 0.0
  --  Gene No. 31, gene caller: prodigal, leftEnd: 16843, rightEnd: 17253, strand: -, length: 411, contig: contig_1156, protein: unknown, score1: 1.0, score2: 0.0
Unique gene call 54
  --  Gene No. 31, gene caller: glimmer, leftEnd: 17250, rightEnd: 18098, strand: -, length: 849, contig: contig_1156, protein: unknown, score1: 1.0, score2: 0.0
  --  Gene No. 36, gene caller: phanotate, leftEnd: 17250, rightEnd: 18098, strand: -, length: 849, contig: contig_1156, protein: unknown, score1: 1.0, score2: 0.0
  --  Gene No. 32, gene caller: prodigal, leftEnd: 17250, rightEnd: 18098, strand: -, length: 849, contig: contig_1156, protein: unknown, score1: 1.0, score2: 0.0
Unique gene call 55
  --  Gene No. 37, gene caller: phanotate, leftEnd: 18049, rightEnd: 18246, strand: -, length: 198, contig: contig_1156, protein: unknown, score1: 0.3333333333333333, score2: 0.0
Unique gene call 56
  --  Gene No. 32, gene caller: glimmer, leftEnd: 18343, rightEnd: 19137, strand: -, length: 795, contig: contig_1156, protein: unknown, score1: 1.0, score2: 0.0
  --  Gene No. 38, gene caller: phanotate, leftEnd: 18343, rightEnd: 19137, strand: -, length: 795, contig: contig_1156, protein: unknown, score1: 1.0, score2: 0.0
  --  Gene No. 33, gene caller: prodigal, leftEnd: 18343, rightEnd: 19137, strand: -, length: 795, contig: contig_1156, protein: unknown, score1: 1.0, score2: 0.0
Unique gene call 57
  --  Gene No. 33, gene caller: glimmer, leftEnd: 19150, rightEnd: 19872, strand: -, length: 723, contig: contig_1156, protein: unknown, score1: 1.0, score2: 0.0
  --  Gene No. 39, gene caller: phanotate, leftEnd: 19150, rightEnd: 19872, strand: -, length: 723, contig: contig_1156, protein: unknown, score1: 1.0, score2: 0.0
  --  Gene No. 34, gene caller: prodigal, leftEnd: 19150, rightEnd: 19872, strand: -, length: 723, contig: contig_1156, protein: unknown, score1: 1.0, score2: 0.0
Unique gene call 58
  --  Gene No. 34, gene caller: glimmer, leftEnd: 19946, rightEnd: 20839, strand: -, length: 894, contig: contig_1156, protein: unknown, score1: 1.0, score2: 0.0
  --  Gene No. 40, gene caller: phanotate, leftEnd: 19946, rightEnd: 20839, strand: -, length: 894, contig: contig_1156, protein: unknown, score1: 1.0, score2: 0.0
  --  Gene No. 35, gene caller: prodigal, leftEnd: 19946, rightEnd: 20839, strand: -, length: 894, contig: contig_1156, protein: unknown, score1: 1.0, score2: 0.0
Unique gene call 59
  --  Gene No. 35, gene caller: glimmer, leftEnd: 20836, rightEnd: 21195, strand: -, length: 360, contig: contig_1156, protein: unknown, score1: 1.0, score2: 0.0
  --  Gene No. 41, gene caller: phanotate, leftEnd: 20836, rightEnd: 21195, strand: -, length: 360, contig: contig_1156, protein: unknown, score1: 1.0, score2: 0.0
  --  Gene No. 36, gene caller: prodigal, leftEnd: 20836, rightEnd: 21195, strand: -, length: 360, contig: contig_1156, protein: unknown, score1: 1.0, score2: 0.0
Unique gene call 60
  --  Gene No. 36, gene caller: glimmer, leftEnd: 21195, rightEnd: 21443, strand: -, length: 249, contig: contig_1156, protein: unknown, score1: 1.0, score2: 0.0
  --  Gene No. 42, gene caller: phanotate, leftEnd: 21195, rightEnd: 21443, strand: -, length: 249, contig: contig_1156, protein: unknown, score1: 1.0, score2: 0.0
  --  Gene No. 37, gene caller: prodigal, leftEnd: 21195, rightEnd: 21443, strand: -, length: 249, contig: contig_1156, protein: unknown, score1: 1.0, score2: 0.0
Unique gene call 61
  --  Gene No. 43, gene caller: phanotate, leftEnd: 21456, rightEnd: 21917, strand: -, length: 462, contig: contig_1156, protein: unknown, score1: 0.5, score2: 0.0
Unique gene call 62
  --  Gene No. 37, gene caller: glimmer, leftEnd: 21456, rightEnd: 22019, strand: -, length: 564, contig: contig_1156, protein: unknown, score1: 0.8333333333333333, score2: 0.0
  --  Gene No. 38, gene caller: prodigal, leftEnd: 21456, rightEnd: 22019, strand: -, length: 564, contig: contig_1156, protein: unknown, score1: 0.8333333333333333, score2: 0.0
Unique gene call 63
  --  Gene No. 44, gene caller: phanotate, leftEnd: 21889, rightEnd: 22041, strand: +, length: 153, contig: contig_1156, protein: unknown, score1: 0.3333333333333333, score2: 0.0
Unique gene call 64
  --  Gene No. 45, gene caller: phanotate, leftEnd: 22066, rightEnd: 22173, strand: +, length: 108, contig: contig_1156, protein: unknown, score1: 0.3333333333333333, score2: 0.0
Unique gene call 65
  --  Gene No. 46, gene caller: phanotate, leftEnd: 22143, rightEnd: 22241, strand: +, length: 99, contig: contig_1156, protein: unknown, score1: 0.3333333333333333, score2: 0.0
Unique gene call 66
  --  Gene No. 38, gene caller: glimmer, leftEnd: 22280, rightEnd: 22495, strand: -, length: 216, contig: contig_1156, protein: unknown, score1: 1.0, score2: 0.0
  --  Gene No. 47, gene caller: phanotate, leftEnd: 22280, rightEnd: 22495, strand: -, length: 216, contig: contig_1156, protein: unknown, score1: 1.0, score2: 0.0
  --  Gene No. 39, gene caller: prodigal, leftEnd: 22280, rightEnd: 22495, strand: -, length: 216, contig: contig_1156, protein: unknown, score1: 1.0, score2: 0.0
Unique gene call 67
  --  Gene No. 48, gene caller: phanotate, leftEnd: 22634, rightEnd: 22966, strand: +, length: 333, contig: contig_1156, protein: unknown, score1: 0.5, score2: 0.0
Unique gene call 68
  --  Gene No. 40, gene caller: prodigal, leftEnd: 22697, rightEnd: 22966, strand: +, length: 270, contig: contig_1156, protein: unknown, score1: 0.5, score2: 0.0
Unique gene call 69
  --  Gene No. 39, gene caller: glimmer, leftEnd: 22745, rightEnd: 22966, strand: +, length: 222, contig: contig_1156, protein: unknown, score1: 0.5, score2: 0.0
Unique gene call 70
  --  Gene No. 40, gene caller: glimmer, leftEnd: 22923, rightEnd: 23615, strand: +, length: 693, contig: contig_1156, protein: unknown, score1: 0.5, score2: 0.0
Unique gene call 71
  --  Gene No. 49, gene caller: phanotate, leftEnd: 22986, rightEnd: 23615, strand: +, length: 630, contig: contig_1156, protein: unknown, score1: 0.8333333333333333, score2: 0.0
  --  Gene No. 41, gene caller: prodigal, leftEnd: 22986, rightEnd: 23615, strand: +, length: 630, contig: contig_1156, protein: unknown, score1: 0.8333333333333333, score2: 0.0
Unique gene call 72
  --  Gene No. 41, gene caller: glimmer, leftEnd: 23666, rightEnd: 23848, strand: -, length: 183, contig: contig_1156, protein: unknown, score1: 1.0, score2: 0.0
  --  Gene No. 50, gene caller: phanotate, leftEnd: 23666, rightEnd: 23848, strand: -, length: 183, contig: contig_1156, protein: unknown, score1: 1.0, score2: 0.0
  --  Gene No. 42, gene caller: prodigal, leftEnd: 23666, rightEnd: 23848, strand: -, length: 183, contig: contig_1156, protein: unknown, score1: 1.0, score2: 0.0
Unique gene call 73
  --  Gene No. 42, gene caller: glimmer, leftEnd: 23938, rightEnd: 24591, strand: +, length: 654, contig: contig_1156, protein: unknown, score1: 1.0, score2: 0.0
  --  Gene No. 51, gene caller: phanotate, leftEnd: 23938, rightEnd: 24591, strand: +, length: 654, contig: contig_1156, protein: unknown, score1: 1.0, score2: 0.0
  --  Gene No. 43, gene caller: prodigal, leftEnd: 23938, rightEnd: 24591, strand: +, length: 654, contig: contig_1156, protein: unknown, score1: 1.0, score2: 0.0
Unique gene call 74
  --  Gene No. 52, gene caller: phanotate, leftEnd: 24613, rightEnd: 24804, strand: +, length: 192, contig: contig_1156, protein: unknown, score1: 0.3333333333333333, score2: 0.0
Unique gene call 75
  --  Gene No. 44, gene caller: prodigal, leftEnd: 24764, rightEnd: 25015, strand: +, length: 252, contig: contig_1156, protein: unknown, score1: 0.5, score2: 0.0
Unique gene call 76
  --  Gene No. 43, gene caller: glimmer, leftEnd: 24779, rightEnd: 25015, strand: +, length: 237, contig: contig_1156, protein: unknown, score1: 0.5, score2: 0.0
Unique gene call 77
  --  Gene No. 53, gene caller: phanotate, leftEnd: 24791, rightEnd: 24880, strand: -, length: 90, contig: contig_1156, protein: unknown, score1: 0.3333333333333333, score2: 0.0
Unique gene call 78
  --  Gene No. 54, gene caller: phanotate, leftEnd: 24891, rightEnd: 25139, strand: -, length: 249, contig: contig_1156, protein: unknown, score1: 0.8333333333333333, score2: 0.0
  --  Gene No. 45, gene caller: prodigal, leftEnd: 24891, rightEnd: 25139, strand: -, length: 249, contig: contig_1156, protein: unknown, score1: 0.8333333333333333, score2: 0.0
Unique gene call 79
  --  Gene No. 44, gene caller: glimmer, leftEnd: 25199, rightEnd: 25888, strand: +, length: 690, contig: contig_1156, protein: unknown, score1: 1.0, score2: 0.0
  --  Gene No. 55, gene caller: phanotate, leftEnd: 25199, rightEnd: 25888, strand: +, length: 690, contig: contig_1156, protein: unknown, score1: 1.0, score2: 0.0
  --  Gene No. 46, gene caller: prodigal, leftEnd: 25199, rightEnd: 25888, strand: +, length: 690, contig: contig_1156, protein: unknown, score1: 1.0, score2: 0.0
Unique gene call 80
  --  Gene No. 45, gene caller: glimmer, leftEnd: 25984, rightEnd: 26256, strand: -, length: 273, contig: contig_1156, protein: unknown, score1: 0.5, score2: 0.0
Unique gene call 81
  --  Gene No. 56, gene caller: phanotate, leftEnd: 25984, rightEnd: 26274, strand: -, length: 291, contig: contig_1156, protein: unknown, score1: 0.8333333333333333, score2: 0.0
  --  Gene No. 47, gene caller: prodigal, leftEnd: 25984, rightEnd: 26274, strand: -, length: 291, contig: contig_1156, protein: unknown, score1: 0.8333333333333333, score2: 0.0
Unique gene call 82
  --  Gene No. 46, gene caller: glimmer, leftEnd: 26240, rightEnd: 27136, strand: -, length: 897, contig: contig_1156, protein: unknown, score1: 0.5, score2: 0.0
Unique gene call 83
  --  Gene No. 57, gene caller: phanotate, leftEnd: 26240, rightEnd: 27145, strand: -, length: 906, contig: contig_1156, protein: unknown, score1: 0.8333333333333333, score2: 0.0
  --  Gene No. 48, gene caller: prodigal, leftEnd: 26240, rightEnd: 27145, strand: -, length: 906, contig: contig_1156, protein: unknown, score1: 0.8333333333333333, score2: 0.0
Unique gene call 84
  --  Gene No. 58, gene caller: phanotate, leftEnd: 27193, rightEnd: 27285, strand: -, length: 93, contig: contig_1156, protein: unknown, score1: 0.3333333333333333, score2: 0.0
Unique gene call 85
  --  Gene No. 47, gene caller: glimmer, leftEnd: 27308, rightEnd: 27439, strand: +, length: 132, contig: contig_1156, protein: unknown, score1: 0.3333333333333333, score2: 0.0
Unique gene call 86
  --  Gene No. 48, gene caller: glimmer, leftEnd: 27440, rightEnd: 27610, strand: -, length: 171, contig: contig_1156, protein: unknown, score1: 0.5, score2: 0.0
Unique gene call 87
  --  Gene No. 59, gene caller: phanotate, leftEnd: 27440, rightEnd: 27643, strand: -, length: 204, contig: contig_1156, protein: unknown, score1: 0.5, score2: 0.0
Unique gene call 88
  --  Gene No. 60, gene caller: phanotate, leftEnd: 27662, rightEnd: 27787, strand: -, length: 126, contig: contig_1156, protein: unknown, score1: 0.5, score2: 0.0
Unique gene call 89
  --  Gene No. 49, gene caller: glimmer, leftEnd: 27662, rightEnd: 27886, strand: -, length: 225, contig: contig_1156, protein: unknown, score1: 0.5, score2: 0.0
Unique gene call 90
  --  Gene No. 61, gene caller: phanotate, leftEnd: 27775, rightEnd: 27873, strand: +, length: 99, contig: contig_1156, protein: unknown, score1: 0.3333333333333333, score2: 0.0
Unique gene call 91
  --  Gene No. 62, gene caller: phanotate, leftEnd: 27877, rightEnd: 27999, strand: +, length: 123, contig: contig_1156, protein: unknown, score1: 0.3333333333333333, score2: 0.0
Unique gene call 92
  --  Gene No. 63, gene caller: phanotate, leftEnd: 28319, rightEnd: 28423, strand: +, length: 105, contig: contig_1156, protein: unknown, score1: 0.3333333333333333, score2: 0.0
Unique gene call 93
  --  Gene No. 49, gene caller: prodigal, leftEnd: 28461, rightEnd: 29453, strand: -, length: 993, contig: contig_1156, protein: unknown, score1: 0.5, score2: 0.0
Unique gene call 94
  --  Gene No. 50, gene caller: glimmer, leftEnd: 28461, rightEnd: 29486, strand: -, length: 1026, contig: contig_1156, protein: unknown, score1: 0.8333333333333333, score2: 0.0
  --  Gene No. 64, gene caller: phanotate, leftEnd: 28461, rightEnd: 29486, strand: -, length: 1026, contig: contig_1156, protein: unknown, score1: 0.8333333333333333, score2: 0.0
Unique gene call 95
  --  Gene No. 51, gene caller: glimmer, leftEnd: 29500, rightEnd: 29721, strand: -, length: 222, contig: contig_1156, protein: unknown, score1: 1.0, score2: 0.0
  --  Gene No. 65, gene caller: phanotate, leftEnd: 29500, rightEnd: 29721, strand: -, length: 222, contig: contig_1156, protein: unknown, score1: 1.0, score2: 0.0
  --  Gene No. 50, gene caller: prodigal, leftEnd: 29500, rightEnd: 29721, strand: -, length: 222, contig: contig_1156, protein: unknown, score1: 1.0, score2: 0.0
Unique gene call 96
  --  Gene No. 52, gene caller: glimmer, leftEnd: 29708, rightEnd: 29917, strand: -, length: 210, contig: contig_1156, protein: unknown, score1: 0.5, score2: 0.0
Unique gene call 97
  --  Gene No. 66, gene caller: phanotate, leftEnd: 29708, rightEnd: 30013, strand: -, length: 306, contig: contig_1156, protein: unknown, score1: 0.8333333333333333, score2: 0.0
  --  Gene No. 51, gene caller: prodigal, leftEnd: 29708, rightEnd: 30013, strand: -, length: 306, contig: contig_1156, protein: unknown, score1: 0.8333333333333333, score2: 0.0
Unique gene call 98
  --  Gene No. 67, gene caller: phanotate, leftEnd: 30063, rightEnd: 30278, strand: -, length: 216, contig: contig_1156, protein: unknown, score1: 0.5, score2: 0.0
Unique gene call 99
  --  Gene No. 53, gene caller: glimmer, leftEnd: 30063, rightEnd: 30317, strand: -, length: 255, contig: contig_1156, protein: unknown, score1: 0.8333333333333333, score2: 0.0
  --  Gene No. 52, gene caller: prodigal, leftEnd: 30063, rightEnd: 30317, strand: -, length: 255, contig: contig_1156, protein: unknown, score1: 0.8333333333333333, score2: 0.0
Unique gene call 100
  --  Gene No. 54, gene caller: glimmer, leftEnd: 30296, rightEnd: 31057, strand: -, length: 762, contig: contig_1156, protein: unknown, score1: 0.8333333333333333, score2: 0.0
  --  Gene No. 68, gene caller: phanotate, leftEnd: 30296, rightEnd: 31057, strand: -, length: 762, contig: contig_1156, protein: unknown, score1: 0.8333333333333333, score2: 0.0
Unique gene call 101
  --  Gene No. 53, gene caller: prodigal, leftEnd: 30296, rightEnd: 31132, strand: -, length: 837, contig: contig_1156, protein: unknown, score1: 0.5, score2: 0.0
Unique gene call 102
  --  Gene No. 55, gene caller: glimmer, leftEnd: 31107, rightEnd: 31298, strand: -, length: 192, contig: contig_1156, protein: unknown, score1: 1.0, score2: 0.0
  --  Gene No. 69, gene caller: phanotate, leftEnd: 31107, rightEnd: 31298, strand: -, length: 192, contig: contig_1156, protein: unknown, score1: 1.0, score2: 0.0
  --  Gene No. 54, gene caller: prodigal, leftEnd: 31107, rightEnd: 31298, strand: -, length: 192, contig: contig_1156, protein: unknown, score1: 1.0, score2: 0.0
Unique gene call 103
  --  Gene No. 70, gene caller: phanotate, leftEnd: 31317, rightEnd: 33410, strand: -, length: 2094, contig: contig_1156, protein: unknown, score1: 0.5, score2: 0.0
Unique gene call 104
  --  Gene No. 56, gene caller: glimmer, leftEnd: 31317, rightEnd: 33488, strand: -, length: 2172, contig: contig_1156, protein: unknown, score1: 0.8333333333333333, score2: 0.0
  --  Gene No. 55, gene caller: prodigal, leftEnd: 31317, rightEnd: 33488, strand: -, length: 2172, contig: contig_1156, protein: unknown, score1: 0.8333333333333333, score2: 0.0
Unique gene call 105
  --  Gene No. 57, gene caller: glimmer, leftEnd: 33476, rightEnd: 34267, strand: -, length: 792, contig: contig_1156, protein: unknown, score1: 1.0, score2: 0.0
  --  Gene No. 71, gene caller: phanotate, leftEnd: 33476, rightEnd: 34267, strand: -, length: 792, contig: contig_1156, protein: unknown, score1: 1.0, score2: 0.0
  --  Gene No. 56, gene caller: prodigal, leftEnd: 33476, rightEnd: 34267, strand: -, length: 792, contig: contig_1156, protein: unknown, score1: 1.0, score2: 0.0
Unique gene call 106
  --  Gene No. 58, gene caller: glimmer, leftEnd: 34270, rightEnd: 38040, strand: -, length: 3771, contig: contig_1156, protein: unknown, score1: 1.0, score2: 0.0
  --  Gene No. 72, gene caller: phanotate, leftEnd: 34270, rightEnd: 38040, strand: -, length: 3771, contig: contig_1156, protein: unknown, score1: 1.0, score2: 0.0
  --  Gene No. 57, gene caller: prodigal, leftEnd: 34270, rightEnd: 38040, strand: -, length: 3771, contig: contig_1156, protein: unknown, score1: 1.0, score2: 0.0
Unique gene call 107
  --  Gene No. 59, gene caller: glimmer, leftEnd: 38037, rightEnd: 38369, strand: -, length: 333, contig: contig_1156, protein: unknown, score1: 0.8333333333333333, score2: 0.0
  --  Gene No. 73, gene caller: phanotate, leftEnd: 38037, rightEnd: 38369, strand: -, length: 333, contig: contig_1156, protein: unknown, score1: 0.8333333333333333, score2: 0.0
Unique gene call 108
  --  Gene No. 58, gene caller: prodigal, leftEnd: 38037, rightEnd: 38411, strand: -, length: 375, contig: contig_1156, protein: unknown, score1: 0.5, score2: 0.0
Unique gene call 109
  --  Gene No. 60, gene caller: glimmer, leftEnd: 38468, rightEnd: 38806, strand: -, length: 339, contig: contig_1156, protein: unknown, score1: 1.0, score2: 0.0
  --  Gene No. 74, gene caller: phanotate, leftEnd: 38468, rightEnd: 38806, strand: -, length: 339, contig: contig_1156, protein: unknown, score1: 1.0, score2: 0.0
  --  Gene No. 59, gene caller: prodigal, leftEnd: 38468, rightEnd: 38806, strand: -, length: 339, contig: contig_1156, protein: unknown, score1: 1.0, score2: 0.0
Unique gene call 110
  --  Gene No. 75, gene caller: phanotate, leftEnd: 38797, rightEnd: 38925, strand: -, length: 129, contig: contig_1156, protein: unknown, score1: 0.3333333333333333, score2: 0.0
Unique gene call 111
  --  Gene No. 61, gene caller: glimmer, leftEnd: 38882, rightEnd: 38995, strand: -, length: 114, contig: contig_1156, protein: unknown, score1: 0.3333333333333333, score2: 0.0
Unique gene call 112
  --  Gene No. 76, gene caller: phanotate, leftEnd: 38992, rightEnd: 39129, strand: -, length: 138, contig: contig_1156, protein: unknown, score1: 0.3333333333333333, score2: 0.0
Unique gene call 113
  --  Gene No. 62, gene caller: glimmer, leftEnd: 39169, rightEnd: 39507, strand: +, length: 339, contig: contig_1156, protein: unknown, score1: 1.0, score2: 0.0
  --  Gene No. 77, gene caller: phanotate, leftEnd: 39169, rightEnd: 39507, strand: +, length: 339, contig: contig_1156, protein: unknown, score1: 1.0, score2: 0.0
  --  Gene No. 60, gene caller: prodigal, leftEnd: 39169, rightEnd: 39507, strand: +, length: 339, contig: contig_1156, protein: unknown, score1: 1.0, score2: 0.0
Unique gene call 114
  --  Gene No. 61, gene caller: prodigal, leftEnd: 39564, rightEnd: 39938, strand: +, length: 375, contig: contig_1156, protein: unknown, score1: 0.5, score2: 0.0
Unique gene call 115
  --  Gene No. 63, gene caller: glimmer, leftEnd: 39606, rightEnd: 39938, strand: +, length: 333, contig: contig_1156, protein: unknown, score1: 0.8333333333333333, score2: 0.0
  --  Gene No. 78, gene caller: phanotate, leftEnd: 39606, rightEnd: 39938, strand: +, length: 333, contig: contig_1156, protein: unknown, score1: 0.8333333333333333, score2: 0.0
Unique gene call 116
  --  Gene No. 64, gene caller: glimmer, leftEnd: 39935, rightEnd: 41839, strand: +, length: 1905, contig: contig_1156, protein: unknown, score1: 1.0, score2: 0.0
  --  Gene No. 79, gene caller: phanotate, leftEnd: 39935, rightEnd: 41839, strand: +, length: 1905, contig: contig_1156, protein: unknown, score1: 1.0, score2: 0.0
  --  Gene No. 62, gene caller: prodigal, leftEnd: 39935, rightEnd: 41839, strand: +, length: 1905, contig: contig_1156, protein: unknown, score1: 1.0, score2: 0.0
Unique gene call 117
  --  Gene No. 65, gene caller: glimmer, leftEnd: 41836, rightEnd: 43704, strand: +, length: 1869, contig: contig_1156, protein: unknown, score1: 0.8333333333333333, score2: 0.0
  --  Gene No. 63, gene caller: prodigal, leftEnd: 41836, rightEnd: 43704, strand: +, length: 1869, contig: contig_1156, protein: unknown, score1: 0.8333333333333333, score2: 0.0
Unique gene call 118
  --  Gene No. 80, gene caller: phanotate, leftEnd: 41971, rightEnd: 43704, strand: +, length: 1734, contig: contig_1156, protein: unknown, score1: 0.5, score2: 0.0
Unique gene call 119
  --  Gene No. 66, gene caller: glimmer, leftEnd: 43707, rightEnd: 44192, strand: +, length: 486, contig: contig_1156, protein: unknown, score1: 1.0, score2: 0.0
  --  Gene No. 81, gene caller: phanotate, leftEnd: 43707, rightEnd: 44192, strand: +, length: 486, contig: contig_1156, protein: unknown, score1: 1.0, score2: 0.0
  --  Gene No. 64, gene caller: prodigal, leftEnd: 43707, rightEnd: 44192, strand: +, length: 486, contig: contig_1156, protein: unknown, score1: 1.0, score2: 0.0
Unique gene call 120
  --  Gene No. 82, gene caller: phanotate, leftEnd: 44345, rightEnd: 44464, strand: -, length: 120, contig: contig_1156, protein: unknown, score1: 0.3333333333333333, score2: 0.0
Unique gene call 121
  --  Gene No. 83, gene caller: phanotate, leftEnd: 44486, rightEnd: 44641, strand: +, length: 156, contig: contig_1156, protein: unknown, score1: 0.3333333333333333, score2: 0.0
Unique gene call 122
  --  Gene No. 84, gene caller: phanotate, leftEnd: 44717, rightEnd: 44830, strand: +, length: 114, contig: contig_1156, protein: unknown, score1: 0.3333333333333333, score2: 0.0
Code complete at 2021-04-21 09:17:57.816893
