Opening log at 2021-04-21 09:48:43.352255
Iterating through fileSet at 2021-04-21 09:48:43.352378
fileSet is ['/home/james/Software/multiPhATE2/PipelineOutput/circular_pair_3551/commoncore.cgc', '/home/james/Software/multiPhATE2/PipelineOutput/circular_pair_3551/consensus.cgc', '/home/james/Software/multiPhATE2/PipelineOutput/circular_pair_3551/glimmer.cgc', '/home/james/Software/multiPhATE2/PipelineOutput/circular_pair_3551/phanotate.cgc', '/home/james/Software/multiPhATE2/PipelineOutput/circular_pair_3551/prodigal.cgc', '/home/james/Software/multiPhATE2/PipelineOutput/circular_pair_3551/superset.cgc']
Opening geneFile /home/james/Software/multiPhATE2/PipelineOutput/circular_pair_3551/commoncore.cgc
Adding calls from geneFile /home/james/Software/multiPhATE2/PipelineOutput/circular_pair_3551/commoncore.cgc
Appending call set  number of calls is: 0
Opening geneFile /home/james/Software/multiPhATE2/PipelineOutput/circular_pair_3551/consensus.cgc
Adding calls from geneFile /home/james/Software/multiPhATE2/PipelineOutput/circular_pair_3551/consensus.cgc
Appending call set  number of calls is: 0
Opening geneFile /home/james/Software/multiPhATE2/PipelineOutput/circular_pair_3551/glimmer.cgc
Adding calls from geneFile /home/james/Software/multiPhATE2/PipelineOutput/circular_pair_3551/glimmer.cgc
Appending call set  number of calls is: 4
Opening geneFile /home/james/Software/multiPhATE2/PipelineOutput/circular_pair_3551/phanotate.cgc
Adding calls from geneFile /home/james/Software/multiPhATE2/PipelineOutput/circular_pair_3551/phanotate.cgc
Appending call set  number of calls is: 7
Opening geneFile /home/james/Software/multiPhATE2/PipelineOutput/circular_pair_3551/prodigal.cgc
Adding calls from geneFile /home/james/Software/multiPhATE2/PipelineOutput/circular_pair_3551/prodigal.cgc
Appending call set  number of calls is: 5
Opening geneFile /home/james/Software/multiPhATE2/PipelineOutput/circular_pair_3551/superset.cgc
Adding calls from geneFile /home/james/Software/multiPhATE2/PipelineOutput/circular_pair_3551/superset.cgc
Appending call set  number of calls is: 0
All call sets have been added to caller list. Number of call sets in callerList: 6
callerList is   glimmer phanotate prodigal  
Total number of gene calls across callerList call sets is: 16
Sorting gene calls for each caller
Processing a callSet
Before sorting, Length of callerList for caller  is 0
After sorting, Length of callerList for caller  is 0
Processing a callSet
Before sorting, Length of callerList for caller  is 0
After sorting, Length of callerList for caller  is 0
Processing a callSet
Before sorting, Length of callerList for caller glimmer is 4
After sorting, Length of callerList for caller glimmer is 4
Processing a callSet
Before sorting, Length of callerList for caller phanotate is 7
After sorting, Length of callerList for caller phanotate is 7
Processing a callSet
Before sorting, Length of callerList for caller prodigal is 5
After sorting, Length of callerList for caller prodigal is 5
Processing a callSet
Before sorting, Length of callerList for caller  is 0
After sorting, Length of callerList for caller  is 0
callSet processing complete
Comparing across the call sets...
Merging the geneCall sets....
Final merged genes:

***************Merge List
1	Gene No. 1, gene caller: glimmer, leftEnd: 45, rightEnd: 1190, strand: -, length: 1146, contig: circular_pair_3551, protein: unknown, score1: 1.0, score2: 0.0
2	Gene No. 1, gene caller: phanotate, leftEnd: 45, rightEnd: 1190, strand: -, length: 1146, contig: circular_pair_3551, protein: unknown, score1: 1.0, score2: 0.0
3	Gene No. 1, gene caller: prodigal, leftEnd: 45, rightEnd: 1190, strand: -, length: 1146, contig: circular_pair_3551, protein: unknown, score1: 1.0, score2: 0.0
4	Gene No. 2, gene caller: glimmer, leftEnd: 1207, rightEnd: 1401, strand: -, length: 195, contig: circular_pair_3551, protein: unknown, score1: 1.0, score2: 0.0
5	Gene No. 2, gene caller: phanotate, leftEnd: 1207, rightEnd: 1401, strand: -, length: 195, contig: circular_pair_3551, protein: unknown, score1: 1.0, score2: 0.0
6	Gene No. 2, gene caller: prodigal, leftEnd: 1207, rightEnd: 1401, strand: -, length: 195, contig: circular_pair_3551, protein: unknown, score1: 1.0, score2: 0.0
7	Gene No. 3, gene caller: glimmer, leftEnd: 1609, rightEnd: 1944, strand: +, length: 336, contig: circular_pair_3551, protein: unknown, score1: 1.0, score2: 0.0
8	Gene No. 3, gene caller: prodigal, leftEnd: 1609, rightEnd: 1944, strand: +, length: 336, contig: circular_pair_3551, protein: unknown, score1: 1.0, score2: 0.0
9	Gene No. 3, gene caller: phanotate, leftEnd: 1666, rightEnd: 1944, strand: +, length: 279, contig: circular_pair_3551, protein: unknown, score1: 1.0, score2: 0.0
10	Gene No. 4, gene caller: phanotate, leftEnd: 2018, rightEnd: 2110, strand: +, length: 93, contig: circular_pair_3551, protein: unknown, score1: 1.0, score2: 0.0
11	Gene No. 5, gene caller: phanotate, leftEnd: 2112, rightEnd: 2213, strand: +, length: 102, contig: circular_pair_3551, protein: unknown, score1: 1.0, score2: 0.0
12	Gene No. 4, gene caller: glimmer, leftEnd: 2230, rightEnd: 3249, strand: +, length: 1020, contig: circular_pair_3551, protein: unknown, score1: 1.0, score2: 0.0
13	Gene No. 6, gene caller: phanotate, leftEnd: 2230, rightEnd: 3249, strand: +, length: 1020, contig: circular_pair_3551, protein: unknown, score1: 1.0, score2: 0.0
14	Gene No. 4, gene caller: prodigal, leftEnd: 2230, rightEnd: 3249, strand: +, length: 1020, contig: circular_pair_3551, protein: unknown, score1: 1.0, score2: 0.0
15	Gene No. 7, gene caller: phanotate, leftEnd: 3311, rightEnd: 3424, strand: -, length: 114, contig: circular_pair_3551, protein: unknown, score1: 1.0, score2: 0.0
16	Gene No. 5, gene caller: prodigal, leftEnd: 3349, rightEnd: 3426, strand: +, length: 78, contig: circular_pair_3551, protein: unknown, score1: 1.0, score2: 0.0
Comparing across geneCall sets....
Scoring gene calls....
Identifying common core...
This is the Common Core List:

***************Common Core
CC-gene 1	Gene No. 1, gene caller: All_callers, leftEnd: 45, rightEnd: 1190, strand: -, length: 1146, contig: circular_pair_3551, protein: unknown, score1: 1.0, score2: 0.0
CC-gene 2	Gene No. 1, gene caller: All_callers, leftEnd: 1207, rightEnd: 1401, strand: -, length: 195, contig: circular_pair_3551, protein: unknown, score1: 1.0, score2: 0.0
CC-gene 3	Gene No. 1, gene caller: All_callers, leftEnd: 2230, rightEnd: 3249, strand: +, length: 1020, contig: circular_pair_3551, protein: unknown, score1: 1.0, score2: 0.0
Printing gene-call superset, consensus, and common_core in GFF and CGC formats
Printing report....
The following gene callers were considered: glimmer, phanotate, prodigal, The number of distinct gene calls over all gene callers is 9
The number of gene calls in common among all callers is 3
The number of unique (non-matching) gene calls is5
Caller glimmer produced 4 gene calls.
Caller glimmer gene-call length stats:  min: 195, max: 1146, ave: 674.25
Caller phanotate produced 7 gene calls.
Caller phanotate gene-call length stats:  min: 93, max: 1146, ave: 421.2857142857143
Caller prodigal produced 5 gene calls.
Caller prodigal gene-call length stats:  min: 78, max: 1146, ave: 555.0

Gene-call Scores:
Caller	Contig	Gene No.	Left End	Right End	Strand	gcScore
glimmer	circular_pair_3551	1	45	1190	-	1.00
phanotate	circular_pair_3551	1	45	1190	-	1.00
prodigal	circular_pair_3551	1	45	1190	-	1.00
glimmer	circular_pair_3551	2	1207	1401	-	1.00
phanotate	circular_pair_3551	2	1207	1401	-	1.00
prodigal	circular_pair_3551	2	1207	1401	-	1.00
glimmer	circular_pair_3551	3	1609	1944	+	0.83
prodigal	circular_pair_3551	3	1609	1944	+	0.83
phanotate	circular_pair_3551	3	1666	1944	+	0.50
phanotate	circular_pair_3551	4	2018	2110	+	0.33
phanotate	circular_pair_3551	5	2112	2213	+	0.33
glimmer	circular_pair_3551	4	2230	3249	+	1.00
phanotate	circular_pair_3551	6	2230	3249	+	1.00
prodigal	circular_pair_3551	4	2230	3249	+	1.00
phanotate	circular_pair_3551	7	3311	3424	-	0.33
prodigal	circular_pair_3551	5	3349	3426	+	0.33

Gene-call Consensus Scores:
Caller glimmer average gene-call score: 0.96
Caller phanotate average gene-call score: 0.64
Caller prodigal average gene-call score: 0.83

***************Unique List
Unique gene call 1
  --  Gene No. 1, gene caller: glimmer, leftEnd: 45, rightEnd: 1190, strand: -, length: 1146, contig: circular_pair_3551, protein: unknown, score1: 1.0, score2: 0.0
  --  Gene No. 1, gene caller: phanotate, leftEnd: 45, rightEnd: 1190, strand: -, length: 1146, contig: circular_pair_3551, protein: unknown, score1: 1.0, score2: 0.0
  --  Gene No. 1, gene caller: prodigal, leftEnd: 45, rightEnd: 1190, strand: -, length: 1146, contig: circular_pair_3551, protein: unknown, score1: 1.0, score2: 0.0
Unique gene call 2
  --  Gene No. 2, gene caller: glimmer, leftEnd: 1207, rightEnd: 1401, strand: -, length: 195, contig: circular_pair_3551, protein: unknown, score1: 1.0, score2: 0.0
  --  Gene No. 2, gene caller: phanotate, leftEnd: 1207, rightEnd: 1401, strand: -, length: 195, contig: circular_pair_3551, protein: unknown, score1: 1.0, score2: 0.0
  --  Gene No. 2, gene caller: prodigal, leftEnd: 1207, rightEnd: 1401, strand: -, length: 195, contig: circular_pair_3551, protein: unknown, score1: 1.0, score2: 0.0
Unique gene call 3
  --  Gene No. 3, gene caller: glimmer, leftEnd: 1609, rightEnd: 1944, strand: +, length: 336, contig: circular_pair_3551, protein: unknown, score1: 0.8333333333333333, score2: 0.0
  --  Gene No. 3, gene caller: prodigal, leftEnd: 1609, rightEnd: 1944, strand: +, length: 336, contig: circular_pair_3551, protein: unknown, score1: 0.8333333333333333, score2: 0.0
Unique gene call 4
  --  Gene No. 3, gene caller: phanotate, leftEnd: 1666, rightEnd: 1944, strand: +, length: 279, contig: circular_pair_3551, protein: unknown, score1: 0.5, score2: 0.0
Unique gene call 5
  --  Gene No. 4, gene caller: phanotate, leftEnd: 2018, rightEnd: 2110, strand: +, length: 93, contig: circular_pair_3551, protein: unknown, score1: 0.3333333333333333, score2: 0.0
Unique gene call 6
  --  Gene No. 5, gene caller: phanotate, leftEnd: 2112, rightEnd: 2213, strand: +, length: 102, contig: circular_pair_3551, protein: unknown, score1: 0.3333333333333333, score2: 0.0
Unique gene call 7
  --  Gene No. 4, gene caller: glimmer, leftEnd: 2230, rightEnd: 3249, strand: +, length: 1020, contig: circular_pair_3551, protein: unknown, score1: 1.0, score2: 0.0
  --  Gene No. 6, gene caller: phanotate, leftEnd: 2230, rightEnd: 3249, strand: +, length: 1020, contig: circular_pair_3551, protein: unknown, score1: 1.0, score2: 0.0
  --  Gene No. 4, gene caller: prodigal, leftEnd: 2230, rightEnd: 3249, strand: +, length: 1020, contig: circular_pair_3551, protein: unknown, score1: 1.0, score2: 0.0
Unique gene call 8
  --  Gene No. 7, gene caller: phanotate, leftEnd: 3311, rightEnd: 3424, strand: -, length: 114, contig: circular_pair_3551, protein: unknown, score1: 0.3333333333333333, score2: 0.0
Unique gene call 9
  --  Gene No. 5, gene caller: prodigal, leftEnd: 3349, rightEnd: 3426, strand: +, length: 78, contig: circular_pair_3551, protein: unknown, score1: 0.3333333333333333, score2: 0.0
Code complete at 2021-04-21 09:48:43.354288
