[16:41:54] This is prokka 1.14.6
[16:41:54] Written by Torsten Seemann <torsten.seemann@gmail.com>
[16:41:54] Homepage is https://github.com/tseemann/prokka
[16:41:54] Local time is Mon Aug  9 16:41:54 2021
[16:41:54] You are james
[16:41:54] Operating system is linux
[16:41:54] You have BioPerl 1.007002
[16:41:54] System has 12 cores.
[16:41:54] Will use maximum of 8 cores.
[16:41:54] Annotating as >>> Bacteria <<<
[16:41:54] Generating locus_tag from 'MN856054.fasta' contents.
[16:41:54] Setting --locustag MAEGBODO from MD5 6ae0b8d844754831cf108beeb023e575
[16:41:54] Creating new output folder: prokkaMN856054
[16:41:54] Running: mkdir -p prokkaMN856054
[16:41:54] Using filename prefix: MN856054.XXX
[16:41:54] Setting HMMER_NCPU=1
[16:41:54] Writing log to: prokkaMN856054/MN856054.log
[16:41:54] Command: /home/james/miniconda3/envs/prokka/bin/prokka MN856054.fasta --outdir prokkaMN856054 --prefix MN856054 --force
[16:41:54] Appending to PATH: /home/james/miniconda3/envs/prokka/bin
[16:41:54] Looking for 'aragorn' - found /home/james/miniconda3/envs/prokka/bin/aragorn
[16:41:54] Determined aragorn version is 001002 from 'ARAGORN v1.2.38 Dean Laslett'
[16:41:54] Looking for 'barrnap' - found /home/james/miniconda3/envs/prokka/bin/barrnap
[16:41:54] Determined barrnap version is 000009 from 'barrnap 0.9'
[16:41:54] Looking for 'blastp' - found /home/james/miniconda3/envs/prokka/bin/blastp
[16:41:54] Determined blastp version is 002012 from 'blastp: 2.12.0+'
[16:41:54] Looking for 'cmpress' - found /home/james/miniconda3/envs/prokka/bin/cmpress
[16:41:54] Determined cmpress version is 001001 from '# INFERNAL 1.1.4 (Dec 2020)'
[16:41:54] Looking for 'cmscan' - found /home/james/miniconda3/envs/prokka/bin/cmscan
[16:41:54] Determined cmscan version is 001001 from '# INFERNAL 1.1.4 (Dec 2020)'
[16:41:54] Looking for 'egrep' - found /bin/egrep
[16:41:54] Looking for 'find' - found /usr/bin/find
[16:41:54] Looking for 'grep' - found /bin/grep
[16:41:54] Looking for 'hmmpress' - found /home/james/miniconda3/envs/prokka/bin/hmmpress
[16:41:54] Determined hmmpress version is 003003 from '# HMMER 3.3.2 (Nov 2020); http://hmmer.org/'
[16:41:54] Looking for 'hmmscan' - found /home/james/miniconda3/envs/prokka/bin/hmmscan
[16:41:54] Determined hmmscan version is 003003 from '# HMMER 3.3.2 (Nov 2020); http://hmmer.org/'
[16:41:54] Looking for 'java' - found /home/james/miniconda3/envs/prokka/bin/java
[16:41:54] Looking for 'makeblastdb' - found /home/james/miniconda3/envs/prokka/bin/makeblastdb
[16:41:55] Determined makeblastdb version is 002012 from 'makeblastdb: 2.12.0+'
[16:41:55] Looking for 'minced' - found /home/james/miniconda3/envs/prokka/bin/minced
[16:41:55] Determined minced version is 004002 from 'minced 0.4.2'
[16:41:55] Looking for 'parallel' - found /home/james/miniconda3/envs/prokka/bin/parallel
[16:41:55] Determined parallel version is 20210622 from 'GNU parallel 20210622'
[16:41:55] Looking for 'prodigal' - found /home/james/miniconda3/envs/prokka/bin/prodigal
[16:41:55] Determined prodigal version is 002006 from 'Prodigal V2.6.3: February, 2016'
[16:41:55] Looking for 'prokka-genbank_to_fasta_db' - found /home/james/miniconda3/envs/prokka/bin/prokka-genbank_to_fasta_db
[16:41:55] Looking for 'sed' - found /bin/sed
[16:41:55] Looking for 'tbl2asn' - found /home/james/miniconda3/envs/prokka/bin/tbl2asn
[16:41:55] Determined tbl2asn version is 025007 from 'tbl2asn 25.7   arguments:'
[16:41:55] Using genetic code table 11.
[16:41:55] Loading and checking input file: MN856054.fasta
[16:41:55] Wrote 1 contigs totalling 32049 bp.
[16:41:55] Predicting tRNAs and tmRNAs
[16:41:55] Running: aragorn -l -gc11  -w prokkaMN856054\/MN856054\.fna
[16:41:55] Found 0 tRNAs
[16:41:55] Predicting Ribosomal RNAs
[16:41:55] Running Barrnap with 8 threads
[16:41:55] Found 0 rRNAs
[16:41:55] Skipping ncRNA search, enable with --rfam if desired.
[16:41:55] Total of 0 tRNA + rRNA features
[16:41:55] Searching for CRISPR repeats
[16:41:55] Found 0 CRISPRs
[16:41:55] Predicting coding sequences
[16:41:55] Contigs total 32049 bp, so using meta mode
[16:41:55] Running: prodigal -i prokkaMN856054\/MN856054\.fna -c -m -g 11 -p meta -f sco -q
[16:41:55] Found 41 CDS
[16:41:55] Connecting features back to sequences
[16:41:55] Not using genus-specific database. Try --usegenus to enable it.
[16:41:55] Annotating CDS, please be patient.
[16:41:55] Will use 8 CPUs for similarity searching.
[16:41:55] There are still 41 unannotated CDS left (started with 41)
[16:41:55] Will use blast to search against /home/james/miniconda3/envs/prokka/db/kingdom/Bacteria/IS with 8 CPUs
[16:41:55] Running: cat prokkaMN856054\/MN856054\.IS\.tmp\.249486\.faa | parallel --gnu --plain -j 8 --block 602 --recstart '>' --pipe blastp -query - -db /home/james/miniconda3/envs/prokka/db/kingdom/Bacteria/IS -evalue 1e-30 -qcov_hsp_perc 90 -num_threads 1 -num_descriptions 1 -num_alignments 1 -seg no > prokkaMN856054\/MN856054\.IS\.tmp\.249486\.blast 2> /dev/null
[16:41:57] Deleting unwanted file: prokkaMN856054/MN856054.IS.tmp.249486.faa
[16:41:57] Deleting unwanted file: prokkaMN856054/MN856054.IS.tmp.249486.blast
[16:41:57] There are still 41 unannotated CDS left (started with 41)
[16:41:57] Will use blast to search against /home/james/miniconda3/envs/prokka/db/kingdom/Bacteria/AMR with 8 CPUs
[16:41:57] Running: cat prokkaMN856054\/MN856054\.AMR\.tmp\.249486\.faa | parallel --gnu --plain -j 8 --block 602 --recstart '>' --pipe blastp -query - -db /home/james/miniconda3/envs/prokka/db/kingdom/Bacteria/AMR -evalue 9.99999999999999e-301 -qcov_hsp_perc 90 -num_threads 1 -num_descriptions 1 -num_alignments 1 -seg no > prokkaMN856054\/MN856054\.AMR\.tmp\.249486\.blast 2> /dev/null
[16:41:58] Deleting unwanted file: prokkaMN856054/MN856054.AMR.tmp.249486.faa
[16:41:58] Deleting unwanted file: prokkaMN856054/MN856054.AMR.tmp.249486.blast
[16:41:58] There are still 41 unannotated CDS left (started with 41)
[16:41:58] Will use blast to search against /home/james/miniconda3/envs/prokka/db/kingdom/Bacteria/sprot with 8 CPUs
[16:41:58] Running: cat prokkaMN856054\/MN856054\.sprot\.tmp\.249486\.faa | parallel --gnu --plain -j 8 --block 602 --recstart '>' --pipe blastp -query - -db /home/james/miniconda3/envs/prokka/db/kingdom/Bacteria/sprot -evalue 1e-09 -qcov_hsp_perc 80 -num_threads 1 -num_descriptions 1 -num_alignments 1 -seg no > prokkaMN856054\/MN856054\.sprot\.tmp\.249486\.blast 2> /dev/null
[16:42:00] Modify product: Uncharacterized protein HI_1410 => putative protein
[16:42:00] Cleaned 1 /product names
[16:42:00] Deleting unwanted file: prokkaMN856054/MN856054.sprot.tmp.249486.faa
[16:42:00] Deleting unwanted file: prokkaMN856054/MN856054.sprot.tmp.249486.blast
[16:42:00] There are still 40 unannotated CDS left (started with 41)
[16:42:00] Will use hmmer3 to search against /home/james/miniconda3/envs/prokka/db/hmm/HAMAP.hmm with 8 CPUs
[16:42:00] Running: cat prokkaMN856054\/MN856054\.HAMAP\.hmm\.tmp\.249486\.faa | parallel --gnu --plain -j 8 --block 575 --recstart '>' --pipe hmmscan --noali --notextw --acc -E 1e-09 --cpu 1 /home/james/miniconda3/envs/prokka/db/hmm/HAMAP.hmm /dev/stdin > prokkaMN856054\/MN856054\.HAMAP\.hmm\.tmp\.249486\.hmmer3 2> /dev/null
[16:42:00] Deleting unwanted file: prokkaMN856054/MN856054.HAMAP.hmm.tmp.249486.faa
[16:42:00] Deleting unwanted file: prokkaMN856054/MN856054.HAMAP.hmm.tmp.249486.hmmer3
[16:42:00] Labelling remaining 40 proteins as 'hypothetical protein'
[16:42:00] Found 0 unique /gene codes.
[16:42:00] Fixed 0 colliding /gene names.
[16:42:00] Adding /locus_tag identifiers
[16:42:00] Assigned 41 locus_tags to CDS and RNA features.
[16:42:00] Writing outputs to prokkaMN856054/
[16:42:00] Generating annotation statistics file
[16:42:00] Generating Genbank and Sequin files
[16:42:00] Running: tbl2asn -V b -a r10k -l paired-ends -M n -N 1 -y 'Annotated using prokka 1.14.6 from https://github.com/tseemann/prokka' -Z prokkaMN856054\/MN856054\.err -i prokkaMN856054\/MN856054\.fsa 2> /dev/null
[16:42:00] Deleting unwanted file: prokkaMN856054/errorsummary.val
[16:42:00] Deleting unwanted file: prokkaMN856054/MN856054.dr
[16:42:00] Deleting unwanted file: prokkaMN856054/MN856054.fixedproducts
[16:42:00] Deleting unwanted file: prokkaMN856054/MN856054.ecn
[16:42:00] Deleting unwanted file: prokkaMN856054/MN856054.val
[16:42:00] Repairing broken .GBK output that tbl2asn produces...
[16:42:00] Running: sed 's/COORDINATES: profile/COORDINATES:profile/' < prokkaMN856054\/MN856054\.gbf > prokkaMN856054\/MN856054\.gbk
[16:42:00] Deleting unwanted file: prokkaMN856054/MN856054.gbf
[16:42:00] Output files:
[16:42:00] prokkaMN856054/MN856054.faa
[16:42:00] prokkaMN856054/MN856054.tsv
[16:42:00] prokkaMN856054/MN856054.gbk
[16:42:00] prokkaMN856054/MN856054.fna
[16:42:00] prokkaMN856054/MN856054.txt
[16:42:00] prokkaMN856054/MN856054.tbl
[16:42:00] prokkaMN856054/MN856054.log
[16:42:00] prokkaMN856054/MN856054.sqn
[16:42:00] prokkaMN856054/MN856054.gff
[16:42:00] prokkaMN856054/MN856054.fsa
[16:42:00] prokkaMN856054/MN856054.err
[16:42:00] prokkaMN856054/MN856054.ffn
[16:42:00] Annotation finished successfully.
[16:42:00] Walltime used: 0.10 minutes
[16:42:00] If you use this result please cite the Prokka paper:
[16:42:00] Seemann T (2014) Prokka: rapid prokaryotic genome annotation. Bioinformatics. 30(14):2068-9.
[16:42:00] Type 'prokka --citation' for more details.
[16:42:00] Thank you, come again.
