Opening log at 2021-04-21 09:12:55.806549
Iterating through fileSet at 2021-04-21 09:12:55.806824
fileSet is ['/home/james/Software/multiPhATE2/PipelineOutput/contig_1735/commoncore.cgc', '/home/james/Software/multiPhATE2/PipelineOutput/contig_1735/consensus.cgc', '/home/james/Software/multiPhATE2/PipelineOutput/contig_1735/glimmer.cgc', '/home/james/Software/multiPhATE2/PipelineOutput/contig_1735/phanotate.cgc', '/home/james/Software/multiPhATE2/PipelineOutput/contig_1735/prodigal.cgc', '/home/james/Software/multiPhATE2/PipelineOutput/contig_1735/superset.cgc']
Opening geneFile /home/james/Software/multiPhATE2/PipelineOutput/contig_1735/commoncore.cgc
Adding calls from geneFile /home/james/Software/multiPhATE2/PipelineOutput/contig_1735/commoncore.cgc
Appending call set  number of calls is: 0
Opening geneFile /home/james/Software/multiPhATE2/PipelineOutput/contig_1735/consensus.cgc
Adding calls from geneFile /home/james/Software/multiPhATE2/PipelineOutput/contig_1735/consensus.cgc
Appending call set  number of calls is: 0
Opening geneFile /home/james/Software/multiPhATE2/PipelineOutput/contig_1735/glimmer.cgc
Adding calls from geneFile /home/james/Software/multiPhATE2/PipelineOutput/contig_1735/glimmer.cgc
Appending call set  number of calls is: 3
Opening geneFile /home/james/Software/multiPhATE2/PipelineOutput/contig_1735/phanotate.cgc
Adding calls from geneFile /home/james/Software/multiPhATE2/PipelineOutput/contig_1735/phanotate.cgc
Appending call set  number of calls is: 7
Opening geneFile /home/james/Software/multiPhATE2/PipelineOutput/contig_1735/prodigal.cgc
Adding calls from geneFile /home/james/Software/multiPhATE2/PipelineOutput/contig_1735/prodigal.cgc
Appending call set  number of calls is: 5
Opening geneFile /home/james/Software/multiPhATE2/PipelineOutput/contig_1735/superset.cgc
Adding calls from geneFile /home/james/Software/multiPhATE2/PipelineOutput/contig_1735/superset.cgc
Appending call set  number of calls is: 0
All call sets have been added to caller list. Number of call sets in callerList: 6
callerList is   glimmer phanotate prodigal  
Total number of gene calls across callerList call sets is: 15
Sorting gene calls for each caller
Processing a callSet
Before sorting, Length of callerList for caller  is 0
After sorting, Length of callerList for caller  is 0
Processing a callSet
Before sorting, Length of callerList for caller  is 0
After sorting, Length of callerList for caller  is 0
Processing a callSet
Before sorting, Length of callerList for caller glimmer is 3
After sorting, Length of callerList for caller glimmer is 3
Processing a callSet
Before sorting, Length of callerList for caller phanotate is 7
After sorting, Length of callerList for caller phanotate is 7
Processing a callSet
Before sorting, Length of callerList for caller prodigal is 5
After sorting, Length of callerList for caller prodigal is 5
Processing a callSet
Before sorting, Length of callerList for caller  is 0
After sorting, Length of callerList for caller  is 0
callSet processing complete
Comparing across the call sets...
Merging the geneCall sets....
Final merged genes:

***************Merge List
1	Gene No. 1, gene caller: prodigal, leftEnd: 1, rightEnd: 96, strand: -, length: 96, contig: contig_1735, protein: unknown, score1: 1.0, score2: 0.0
2	Gene No. 1, gene caller: phanotate, leftEnd: 1, rightEnd: 111, strand: -, length: 111, contig: contig_1735, protein: unknown, score1: 1.0, score2: 0.0
3	Gene No. 2, gene caller: glimmer, leftEnd: 168, rightEnd: 752, strand: -, length: 585, contig: contig_1735, protein: unknown, score1: 1.0, score2: 0.0
4	Gene No. 2, gene caller: phanotate, leftEnd: 168, rightEnd: 752, strand: -, length: 585, contig: contig_1735, protein: unknown, score1: 1.0, score2: 0.0
5	Gene No. 2, gene caller: prodigal, leftEnd: 168, rightEnd: 752, strand: -, length: 585, contig: contig_1735, protein: unknown, score1: 1.0, score2: 0.0
6	Gene No. 3, gene caller: phanotate, leftEnd: 740, rightEnd: 865, strand: -, length: 126, contig: contig_1735, protein: unknown, score1: 1.0, score2: 0.0
7	Gene No. 4, gene caller: phanotate, leftEnd: 914, rightEnd: 1036, strand: -, length: 123, contig: contig_1735, protein: unknown, score1: 1.0, score2: 0.0
8	Gene No. 3, gene caller: glimmer, leftEnd: 1070, rightEnd: 2968, strand: +, length: 1899, contig: contig_1735, protein: unknown, score1: 1.0, score2: 0.0
9	Gene No. 5, gene caller: phanotate, leftEnd: 1070, rightEnd: 2968, strand: +, length: 1899, contig: contig_1735, protein: unknown, score1: 1.0, score2: 0.0
10	Gene No. 3, gene caller: prodigal, leftEnd: 1070, rightEnd: 2968, strand: +, length: 1899, contig: contig_1735, protein: unknown, score1: 1.0, score2: 0.0
11	Gene No. 4, gene caller: glimmer, leftEnd: 3025, rightEnd: 3969, strand: +, length: 945, contig: contig_1735, protein: unknown, score1: 1.0, score2: 0.0
12	Gene No. 6, gene caller: phanotate, leftEnd: 3025, rightEnd: 3969, strand: +, length: 945, contig: contig_1735, protein: unknown, score1: 1.0, score2: 0.0
13	Gene No. 4, gene caller: prodigal, leftEnd: 3040, rightEnd: 3969, strand: +, length: 930, contig: contig_1735, protein: unknown, score1: 1.0, score2: 0.0
14	Gene No. 7, gene caller: phanotate, leftEnd: 3979, rightEnd: 4863, strand: +, length: 885, contig: contig_1735, protein: unknown, score1: 1.0, score2: 0.0
15	Gene No. 5, gene caller: prodigal, leftEnd: 3979, rightEnd: 4863, strand: +, length: 885, contig: contig_1735, protein: unknown, score1: 1.0, score2: 0.0
Comparing across geneCall sets....
Scoring gene calls....
Identifying common core...
This is the Common Core List:

***************Common Core
CC-gene 1	Gene No. 1, gene caller: All_callers, leftEnd: 168, rightEnd: 752, strand: -, length: 585, contig: contig_1735, protein: unknown, score1: 1.0, score2: 0.0
CC-gene 2	Gene No. 1, gene caller: All_callers, leftEnd: 1070, rightEnd: 2968, strand: +, length: 1899, contig: contig_1735, protein: unknown, score1: 1.0, score2: 0.0
Printing gene-call superset, consensus, and common_core in GFF and CGC formats
Printing report....
The following gene callers were considered: glimmer, phanotate, prodigal, The number of distinct gene calls over all gene callers is 9
The number of gene calls in common among all callers is 2
The number of unique (non-matching) gene calls is5
Caller glimmer produced 3 gene calls.
Caller glimmer gene-call length stats:  min: 585, max: 1899, ave: 1143.0
Caller phanotate produced 7 gene calls.
Caller phanotate gene-call length stats:  min: 111, max: 1899, ave: 667.7142857142857
Caller prodigal produced 5 gene calls.
Caller prodigal gene-call length stats:  min: 96, max: 1899, ave: 879.0

Gene-call Scores:
Caller	Contig	Gene No.	Left End	Right End	Strand	gcScore
prodigal	contig_1735	1	1	96	-	0.50
phanotate	contig_1735	1	1	111	-	0.50
glimmer	contig_1735	2	168	752	-	1.00
phanotate	contig_1735	2	168	752	-	1.00
prodigal	contig_1735	2	168	752	-	1.00
phanotate	contig_1735	3	740	865	-	0.33
phanotate	contig_1735	4	914	1036	-	0.33
glimmer	contig_1735	3	1070	2968	+	1.00
phanotate	contig_1735	5	1070	2968	+	1.00
prodigal	contig_1735	3	1070	2968	+	1.00
glimmer	contig_1735	4	3025	3969	+	0.83
phanotate	contig_1735	6	3025	3969	+	0.83
prodigal	contig_1735	4	3040	3969	+	0.50
phanotate	contig_1735	7	3979	4863	+	0.83
prodigal	contig_1735	5	3979	4863	+	0.83

Gene-call Consensus Scores:
Caller glimmer average gene-call score: 0.94
Caller phanotate average gene-call score: 0.69
Caller prodigal average gene-call score: 0.77

***************Unique List
Unique gene call 1
  --  Gene No. 1, gene caller: prodigal, leftEnd: 1, rightEnd: 96, strand: -, length: 96, contig: contig_1735, protein: unknown, score1: 0.5, score2: 0.0
Unique gene call 2
  --  Gene No. 1, gene caller: phanotate, leftEnd: 1, rightEnd: 111, strand: -, length: 111, contig: contig_1735, protein: unknown, score1: 0.5, score2: 0.0
Unique gene call 3
  --  Gene No. 2, gene caller: glimmer, leftEnd: 168, rightEnd: 752, strand: -, length: 585, contig: contig_1735, protein: unknown, score1: 1.0, score2: 0.0
  --  Gene No. 2, gene caller: phanotate, leftEnd: 168, rightEnd: 752, strand: -, length: 585, contig: contig_1735, protein: unknown, score1: 1.0, score2: 0.0
  --  Gene No. 2, gene caller: prodigal, leftEnd: 168, rightEnd: 752, strand: -, length: 585, contig: contig_1735, protein: unknown, score1: 1.0, score2: 0.0
Unique gene call 4
  --  Gene No. 3, gene caller: phanotate, leftEnd: 740, rightEnd: 865, strand: -, length: 126, contig: contig_1735, protein: unknown, score1: 0.3333333333333333, score2: 0.0
Unique gene call 5
  --  Gene No. 4, gene caller: phanotate, leftEnd: 914, rightEnd: 1036, strand: -, length: 123, contig: contig_1735, protein: unknown, score1: 0.3333333333333333, score2: 0.0
Unique gene call 6
  --  Gene No. 3, gene caller: glimmer, leftEnd: 1070, rightEnd: 2968, strand: +, length: 1899, contig: contig_1735, protein: unknown, score1: 1.0, score2: 0.0
  --  Gene No. 5, gene caller: phanotate, leftEnd: 1070, rightEnd: 2968, strand: +, length: 1899, contig: contig_1735, protein: unknown, score1: 1.0, score2: 0.0
  --  Gene No. 3, gene caller: prodigal, leftEnd: 1070, rightEnd: 2968, strand: +, length: 1899, contig: contig_1735, protein: unknown, score1: 1.0, score2: 0.0
Unique gene call 7
  --  Gene No. 4, gene caller: glimmer, leftEnd: 3025, rightEnd: 3969, strand: +, length: 945, contig: contig_1735, protein: unknown, score1: 0.8333333333333333, score2: 0.0
  --  Gene No. 6, gene caller: phanotate, leftEnd: 3025, rightEnd: 3969, strand: +, length: 945, contig: contig_1735, protein: unknown, score1: 0.8333333333333333, score2: 0.0
Unique gene call 8
  --  Gene No. 4, gene caller: prodigal, leftEnd: 3040, rightEnd: 3969, strand: +, length: 930, contig: contig_1735, protein: unknown, score1: 0.5, score2: 0.0
Unique gene call 9
  --  Gene No. 7, gene caller: phanotate, leftEnd: 3979, rightEnd: 4863, strand: +, length: 885, contig: contig_1735, protein: unknown, score1: 0.8333333333333333, score2: 0.0
  --  Gene No. 5, gene caller: prodigal, leftEnd: 3979, rightEnd: 4863, strand: +, length: 885, contig: contig_1735, protein: unknown, score1: 0.8333333333333333, score2: 0.0
Code complete at 2021-04-21 09:12:55.811844
