Discrepancy Report Results

Summary
DISC_PROTEIN_NAMES:All proteins have same name "hypothetical protein"
FATAL: MISSING_PROTEIN_ID:18 proteins have invalid IDs.
DISC_SOURCE_QUALS_ASNDISC:strain (all present, all unique)
DISC_SOURCE_QUALS_ASNDISC:taxname (all present, all unique)
DISC_FEATURE_COUNT:CDS: 18 present
DISC_COUNT_NUCLEOTIDES:1 nucleotide Bioseqs are present
FEATURE_LOCATION_CONFLICT:18 features have inconsistent gene locations.
DISC_QUALITY_SCORES:Quality scores are missing on all sequences.
ONCALLER_COMMENT_PRESENT:1 comment descriptors were found (all same)
MISSING_GENOMEASSEMBLY_COMMENTS:1 bioseqs are missing GenomeAssembly structured comments
MOLTYPE_NOT_MRNA:1 molecule types are not set as mRNA.
TECHNIQUE_NOT_TSA:1 technique are not set as TSA
MISSING_STRUCTURED_COMMENT:1 sequences do not include structured comments.
MISSING_PROJECT:19 sequences do not include project.
DISC_INCONSISTENT_MOLINFO_TECH:Molinfo Technique Report (some missing, all same)


Detailed Report

DiscRep_ALL:DISC_PROTEIN_NAMES::All proteins have same name "hypothetical protein"

FATAL: DiscRep_ALL:MISSING_PROTEIN_ID::18 proteins have invalid IDs.
prokkaJAAOBB010000128.1/JAAOBB010000128.1:JAAOBB010000128.1_1 (length 128)
prokkaJAAOBB010000128.1/JAAOBB010000128.1:JAAOBB010000128.1_2 (length 321)
prokkaJAAOBB010000128.1/JAAOBB010000128.1:JAAOBB010000128.1_3 (length 469)
prokkaJAAOBB010000128.1/JAAOBB010000128.1:JAAOBB010000128.1_4 (length 129)
prokkaJAAOBB010000128.1/JAAOBB010000128.1:JAAOBB010000128.1_5 (length 590)
prokkaJAAOBB010000128.1/JAAOBB010000128.1:JAAOBB010000128.1_6 (length 711)
prokkaJAAOBB010000128.1/JAAOBB010000128.1:JAAOBB010000128.1_7 (length 309)
prokkaJAAOBB010000128.1/JAAOBB010000128.1:JAAOBB010000128.1_8 (length 259)
prokkaJAAOBB010000128.1/JAAOBB010000128.1:JAAOBB010000128.1_9 (length 215)
prokkaJAAOBB010000128.1/JAAOBB010000128.1:JAAOBB010000128.1_10 (length 79)
prokkaJAAOBB010000128.1/JAAOBB010000128.1:JAAOBB010000128.1_11 (length 55)
prokkaJAAOBB010000128.1/JAAOBB010000128.1:JAAOBB010000128.1_12 (length 449)
prokkaJAAOBB010000128.1/JAAOBB010000128.1:JAAOBB010000128.1_13 (length 420)
prokkaJAAOBB010000128.1/JAAOBB010000128.1:JAAOBB010000128.1_14 (length 351)
prokkaJAAOBB010000128.1/JAAOBB010000128.1:JAAOBB010000128.1_15 (length 171)
prokkaJAAOBB010000128.1/JAAOBB010000128.1:JAAOBB010000128.1_16 (length 247)
prokkaJAAOBB010000128.1/JAAOBB010000128.1:JAAOBB010000128.1_17 (length 110)
prokkaJAAOBB010000128.1/JAAOBB010000128.1:JAAOBB010000128.1_18 (length 119)

DiscRep_ALL:DISC_SOURCE_QUALS_ASNDISC::strain (all present, all unique)
DiscRep_SUB:DISC_SOURCE_QUALS_ASNDISC::1 sources have unique values for strain
DiscRep_ALL:DISC_SOURCE_QUALS_ASNDISC::taxname (all present, all unique)
DiscRep_SUB:DISC_SOURCE_QUALS_ASNDISC::1 sources have unique values for taxname
DiscRep_ALL:DISC_FEATURE_COUNT::CDS: 18 present
DiscRep_ALL:DISC_COUNT_NUCLEOTIDES::1 nucleotide Bioseqs are present
prokkaJAAOBB010000128.1/JAAOBB010000128.1:JAAOBB010000128.1 (length 16245)

DiscRep_ALL:FEATURE_LOCATION_CONFLICT::18 features have inconsistent gene locations.
DiscRep_SUB:FEATURE_LOCATION_CONFLICT::Coding region xref gene does not exist
prokkaJAAOBB010000128.1/JAAOBB010000128.1:CDS	hypothetical protein	JAAOBB010000128.1:92-478	LKBIFOPK_00001

DiscRep_SUB:FEATURE_LOCATION_CONFLICT::Coding region xref gene does not exist
prokkaJAAOBB010000128.1/JAAOBB010000128.1:CDS	hypothetical protein	JAAOBB010000128.1:629-1594	LKBIFOPK_00002

DiscRep_SUB:FEATURE_LOCATION_CONFLICT::Coding region xref gene does not exist
prokkaJAAOBB010000128.1/JAAOBB010000128.1:CDS	hypothetical protein	JAAOBB010000128.1:1632-3041	LKBIFOPK_00003

DiscRep_SUB:FEATURE_LOCATION_CONFLICT::Coding region xref gene does not exist
prokkaJAAOBB010000128.1/JAAOBB010000128.1:CDS	hypothetical protein	JAAOBB010000128.1:3220-3609	LKBIFOPK_00004

DiscRep_SUB:FEATURE_LOCATION_CONFLICT::Coding region xref gene does not exist
prokkaJAAOBB010000128.1/JAAOBB010000128.1:CDS	hypothetical protein	JAAOBB010000128.1:3624-5396	LKBIFOPK_00005

DiscRep_SUB:FEATURE_LOCATION_CONFLICT::Coding region xref gene does not exist
prokkaJAAOBB010000128.1/JAAOBB010000128.1:CDS	hypothetical protein	JAAOBB010000128.1:5479-7614	LKBIFOPK_00006

DiscRep_SUB:FEATURE_LOCATION_CONFLICT::Coding region xref gene does not exist
prokkaJAAOBB010000128.1/JAAOBB010000128.1:CDS	hypothetical protein	JAAOBB010000128.1:7616-8545	LKBIFOPK_00007

DiscRep_SUB:FEATURE_LOCATION_CONFLICT::Coding region xref gene does not exist
prokkaJAAOBB010000128.1/JAAOBB010000128.1:CDS	hypothetical protein	JAAOBB010000128.1:8535-9314	LKBIFOPK_00008

DiscRep_SUB:FEATURE_LOCATION_CONFLICT::Coding region xref gene does not exist
prokkaJAAOBB010000128.1/JAAOBB010000128.1:CDS	hypothetical protein	JAAOBB010000128.1:9308-9955	LKBIFOPK_00009

DiscRep_SUB:FEATURE_LOCATION_CONFLICT::Coding region xref gene does not exist
prokkaJAAOBB010000128.1/JAAOBB010000128.1:CDS	hypothetical protein	JAAOBB010000128.1:9968-10207	LKBIFOPK_00010

DiscRep_SUB:FEATURE_LOCATION_CONFLICT::Coding region xref gene does not exist
prokkaJAAOBB010000128.1/JAAOBB010000128.1:CDS	hypothetical protein	JAAOBB010000128.1:10200-10367	LKBIFOPK_00011

DiscRep_SUB:FEATURE_LOCATION_CONFLICT::Coding region xref gene does not exist
prokkaJAAOBB010000128.1/JAAOBB010000128.1:CDS	hypothetical protein	JAAOBB010000128.1:10360-11709	LKBIFOPK_00012

DiscRep_SUB:FEATURE_LOCATION_CONFLICT::Coding region xref gene does not exist
prokkaJAAOBB010000128.1/JAAOBB010000128.1:CDS	hypothetical protein	JAAOBB010000128.1:11706-12968	LKBIFOPK_00013

DiscRep_SUB:FEATURE_LOCATION_CONFLICT::Coding region xref gene does not exist
prokkaJAAOBB010000128.1/JAAOBB010000128.1:CDS	hypothetical protein	JAAOBB010000128.1:12968-14023	LKBIFOPK_00014

DiscRep_SUB:FEATURE_LOCATION_CONFLICT::Coding region xref gene does not exist
prokkaJAAOBB010000128.1/JAAOBB010000128.1:CDS	hypothetical protein	JAAOBB010000128.1:14033-14548	LKBIFOPK_00015

DiscRep_SUB:FEATURE_LOCATION_CONFLICT::Coding region xref gene does not exist
prokkaJAAOBB010000128.1/JAAOBB010000128.1:CDS	hypothetical protein	JAAOBB010000128.1:14535-15278	LKBIFOPK_00016

DiscRep_SUB:FEATURE_LOCATION_CONFLICT::Coding region xref gene does not exist
prokkaJAAOBB010000128.1/JAAOBB010000128.1:CDS	hypothetical protein	JAAOBB010000128.1:c15647-15315	LKBIFOPK_00017

DiscRep_SUB:FEATURE_LOCATION_CONFLICT::Coding region xref gene does not exist
prokkaJAAOBB010000128.1/JAAOBB010000128.1:CDS	hypothetical protein	JAAOBB010000128.1:c16019-15660	LKBIFOPK_00018

DiscRep_ALL:DISC_QUALITY_SCORES::Quality scores are missing on all sequences.

DiscRep_ALL:ONCALLER_COMMENT_PRESENT::1 comment descriptors were found (all same)
prokkaJAAOBB010000128.1/JAAOBB010000128.1:JAAOBB010000128.1:Annotated using prokka 1.14.6 from https://github.com/tseemann/prokka

DiscRep_ALL:MISSING_GENOMEASSEMBLY_COMMENTS::1 bioseqs are missing GenomeAssembly structured comments
prokkaJAAOBB010000128.1/JAAOBB010000128.1:JAAOBB010000128.1 (length 16245)

DiscRep_ALL:MOLTYPE_NOT_MRNA::1 molecule types are not set as mRNA.
prokkaJAAOBB010000128.1/JAAOBB010000128.1:JAAOBB010000128.1 (length 16245)

DiscRep_ALL:TECHNIQUE_NOT_TSA::1 technique are not set as TSA
prokkaJAAOBB010000128.1/JAAOBB010000128.1:JAAOBB010000128.1 (length 16245)

DiscRep_ALL:MISSING_STRUCTURED_COMMENT::1 sequences do not include structured comments.
prokkaJAAOBB010000128.1/JAAOBB010000128.1:JAAOBB010000128.1 (length 16245)

DiscRep_ALL:MISSING_PROJECT::19 sequences do not include project.
prokkaJAAOBB010000128.1/JAAOBB010000128.1:JAAOBB010000128.1 (length 16245)
prokkaJAAOBB010000128.1/JAAOBB010000128.1:JAAOBB010000128.1_1 (length 128)
prokkaJAAOBB010000128.1/JAAOBB010000128.1:JAAOBB010000128.1_2 (length 321)
prokkaJAAOBB010000128.1/JAAOBB010000128.1:JAAOBB010000128.1_3 (length 469)
prokkaJAAOBB010000128.1/JAAOBB010000128.1:JAAOBB010000128.1_4 (length 129)
prokkaJAAOBB010000128.1/JAAOBB010000128.1:JAAOBB010000128.1_5 (length 590)
prokkaJAAOBB010000128.1/JAAOBB010000128.1:JAAOBB010000128.1_6 (length 711)
prokkaJAAOBB010000128.1/JAAOBB010000128.1:JAAOBB010000128.1_7 (length 309)
prokkaJAAOBB010000128.1/JAAOBB010000128.1:JAAOBB010000128.1_8 (length 259)
prokkaJAAOBB010000128.1/JAAOBB010000128.1:JAAOBB010000128.1_9 (length 215)
prokkaJAAOBB010000128.1/JAAOBB010000128.1:JAAOBB010000128.1_10 (length 79)
prokkaJAAOBB010000128.1/JAAOBB010000128.1:JAAOBB010000128.1_11 (length 55)
prokkaJAAOBB010000128.1/JAAOBB010000128.1:JAAOBB010000128.1_12 (length 449)
prokkaJAAOBB010000128.1/JAAOBB010000128.1:JAAOBB010000128.1_13 (length 420)
prokkaJAAOBB010000128.1/JAAOBB010000128.1:JAAOBB010000128.1_14 (length 351)
prokkaJAAOBB010000128.1/JAAOBB010000128.1:JAAOBB010000128.1_15 (length 171)
prokkaJAAOBB010000128.1/JAAOBB010000128.1:JAAOBB010000128.1_16 (length 247)
prokkaJAAOBB010000128.1/JAAOBB010000128.1:JAAOBB010000128.1_17 (length 110)
prokkaJAAOBB010000128.1/JAAOBB010000128.1:JAAOBB010000128.1_18 (length 119)

DiscRep_ALL:DISC_INCONSISTENT_MOLINFO_TECH::Molinfo Technique Report (some missing, all same)
DiscRep_SUB:DISC_INCONSISTENT_MOLINFO_TECH::technique (all missing)
DiscRep_SUB:DISC_INCONSISTENT_MOLINFO_TECH::1 Molinfos are missing field technique
prokkaJAAOBB010000128.1/JAAOBB010000128.1:JAAOBB010000128.1 (length 16245)

