Opening log at 2021-04-21 09:41:14.200425
Iterating through fileSet at 2021-04-21 09:41:14.200582
fileSet is ['/home/james/Software/multiPhATE2/PipelineOutput/contig_2963/commoncore.cgc', '/home/james/Software/multiPhATE2/PipelineOutput/contig_2963/consensus.cgc', '/home/james/Software/multiPhATE2/PipelineOutput/contig_2963/glimmer.cgc', '/home/james/Software/multiPhATE2/PipelineOutput/contig_2963/phanotate.cgc', '/home/james/Software/multiPhATE2/PipelineOutput/contig_2963/prodigal.cgc', '/home/james/Software/multiPhATE2/PipelineOutput/contig_2963/superset.cgc']
Opening geneFile /home/james/Software/multiPhATE2/PipelineOutput/contig_2963/commoncore.cgc
Adding calls from geneFile /home/james/Software/multiPhATE2/PipelineOutput/contig_2963/commoncore.cgc
Appending call set  number of calls is: 0
Opening geneFile /home/james/Software/multiPhATE2/PipelineOutput/contig_2963/consensus.cgc
Adding calls from geneFile /home/james/Software/multiPhATE2/PipelineOutput/contig_2963/consensus.cgc
Appending call set  number of calls is: 0
Opening geneFile /home/james/Software/multiPhATE2/PipelineOutput/contig_2963/glimmer.cgc
Adding calls from geneFile /home/james/Software/multiPhATE2/PipelineOutput/contig_2963/glimmer.cgc
Appending call set  number of calls is: 8
Opening geneFile /home/james/Software/multiPhATE2/PipelineOutput/contig_2963/phanotate.cgc
Adding calls from geneFile /home/james/Software/multiPhATE2/PipelineOutput/contig_2963/phanotate.cgc
Appending call set  number of calls is: 16
Opening geneFile /home/james/Software/multiPhATE2/PipelineOutput/contig_2963/prodigal.cgc
Adding calls from geneFile /home/james/Software/multiPhATE2/PipelineOutput/contig_2963/prodigal.cgc
Appending call set  number of calls is: 9
Opening geneFile /home/james/Software/multiPhATE2/PipelineOutput/contig_2963/superset.cgc
Adding calls from geneFile /home/james/Software/multiPhATE2/PipelineOutput/contig_2963/superset.cgc
Appending call set  number of calls is: 0
All call sets have been added to caller list. Number of call sets in callerList: 6
callerList is   glimmer phanotate prodigal  
Total number of gene calls across callerList call sets is: 33
Sorting gene calls for each caller
Processing a callSet
Before sorting, Length of callerList for caller  is 0
After sorting, Length of callerList for caller  is 0
Processing a callSet
Before sorting, Length of callerList for caller  is 0
After sorting, Length of callerList for caller  is 0
Processing a callSet
Before sorting, Length of callerList for caller glimmer is 8
After sorting, Length of callerList for caller glimmer is 8
Processing a callSet
Before sorting, Length of callerList for caller phanotate is 16
After sorting, Length of callerList for caller phanotate is 16
Processing a callSet
Before sorting, Length of callerList for caller prodigal is 9
After sorting, Length of callerList for caller prodigal is 9
Processing a callSet
Before sorting, Length of callerList for caller  is 0
After sorting, Length of callerList for caller  is 0
callSet processing complete
Comparing across the call sets...
Merging the geneCall sets....
Final merged genes:

***************Merge List
1	Gene No. 1, gene caller: phanotate, leftEnd: 3, rightEnd: 515, strand: -, length: 513, contig: contig_2963, protein: unknown, score1: 1.0, score2: 0.0
2	Gene No. 1, gene caller: prodigal, leftEnd: 3, rightEnd: 515, strand: -, length: 513, contig: contig_2963, protein: unknown, score1: 1.0, score2: 0.0
3	Gene No. 2, gene caller: phanotate, leftEnd: 523, rightEnd: 627, strand: -, length: 105, contig: contig_2963, protein: unknown, score1: 1.0, score2: 0.0
4	Gene No. 1, gene caller: glimmer, leftEnd: 523, rightEnd: 648, strand: -, length: 126, contig: contig_2963, protein: unknown, score1: 1.0, score2: 0.0
5	Gene No. 3, gene caller: phanotate, leftEnd: 620, rightEnd: 721, strand: -, length: 102, contig: contig_2963, protein: unknown, score1: 1.0, score2: 0.0
6	Gene No. 2, gene caller: prodigal, leftEnd: 620, rightEnd: 874, strand: -, length: 255, contig: contig_2963, protein: unknown, score1: 1.0, score2: 0.0
7	Gene No. 4, gene caller: phanotate, leftEnd: 738, rightEnd: 923, strand: +, length: 186, contig: contig_2963, protein: unknown, score1: 1.0, score2: 0.0
8	Gene No. 2, gene caller: glimmer, leftEnd: 871, rightEnd: 2379, strand: -, length: 1509, contig: contig_2963, protein: unknown, score1: 1.0, score2: 0.0
9	Gene No. 5, gene caller: phanotate, leftEnd: 871, rightEnd: 2379, strand: -, length: 1509, contig: contig_2963, protein: unknown, score1: 1.0, score2: 0.0
10	Gene No. 3, gene caller: prodigal, leftEnd: 871, rightEnd: 2379, strand: -, length: 1509, contig: contig_2963, protein: unknown, score1: 1.0, score2: 0.0
11	Gene No. 3, gene caller: glimmer, leftEnd: 2450, rightEnd: 2665, strand: -, length: 216, contig: contig_2963, protein: unknown, score1: 1.0, score2: 0.0
12	Gene No. 6, gene caller: phanotate, leftEnd: 2450, rightEnd: 2665, strand: -, length: 216, contig: contig_2963, protein: unknown, score1: 1.0, score2: 0.0
13	Gene No. 4, gene caller: prodigal, leftEnd: 2450, rightEnd: 2665, strand: -, length: 216, contig: contig_2963, protein: unknown, score1: 1.0, score2: 0.0
14	Gene No. 7, gene caller: phanotate, leftEnd: 2736, rightEnd: 2837, strand: -, length: 102, contig: contig_2963, protein: unknown, score1: 1.0, score2: 0.0
15	Gene No. 5, gene caller: prodigal, leftEnd: 2736, rightEnd: 2837, strand: -, length: 102, contig: contig_2963, protein: unknown, score1: 1.0, score2: 0.0
16	Gene No. 4, gene caller: glimmer, leftEnd: 2817, rightEnd: 3026, strand: +, length: 210, contig: contig_2963, protein: unknown, score1: 1.0, score2: 0.0
17	Gene No. 8, gene caller: phanotate, leftEnd: 2834, rightEnd: 2995, strand: -, length: 162, contig: contig_2963, protein: unknown, score1: 1.0, score2: 0.0
18	Gene No. 6, gene caller: prodigal, leftEnd: 2834, rightEnd: 2995, strand: -, length: 162, contig: contig_2963, protein: unknown, score1: 1.0, score2: 0.0
19	Gene No. 9, gene caller: phanotate, leftEnd: 2997, rightEnd: 3173, strand: -, length: 177, contig: contig_2963, protein: unknown, score1: 1.0, score2: 0.0
20	Gene No. 7, gene caller: prodigal, leftEnd: 2997, rightEnd: 3173, strand: -, length: 177, contig: contig_2963, protein: unknown, score1: 1.0, score2: 0.0
21	Gene No. 5, gene caller: glimmer, leftEnd: 2997, rightEnd: 3179, strand: -, length: 183, contig: contig_2963, protein: unknown, score1: 1.0, score2: 0.0
22	Gene No. 6, gene caller: glimmer, leftEnd: 3165, rightEnd: 3356, strand: +, length: 192, contig: contig_2963, protein: unknown, score1: 1.0, score2: 0.0
23	Gene No. 10, gene caller: phanotate, leftEnd: 3170, rightEnd: 3274, strand: -, length: 105, contig: contig_2963, protein: unknown, score1: 1.0, score2: 0.0
24	Gene No. 11, gene caller: phanotate, leftEnd: 3255, rightEnd: 3356, strand: +, length: 102, contig: contig_2963, protein: unknown, score1: 1.0, score2: 0.0
25	Gene No. 7, gene caller: glimmer, leftEnd: 3392, rightEnd: 3628, strand: +, length: 237, contig: contig_2963, protein: unknown, score1: 1.0, score2: 0.0
26	Gene No. 12, gene caller: phanotate, leftEnd: 3392, rightEnd: 3628, strand: +, length: 237, contig: contig_2963, protein: unknown, score1: 1.0, score2: 0.0
27	Gene No. 8, gene caller: prodigal, leftEnd: 3408, rightEnd: 3713, strand: +, length: 306, contig: contig_2963, protein: unknown, score1: 1.0, score2: 0.0
28	Gene No. 13, gene caller: phanotate, leftEnd: 3609, rightEnd: 3713, strand: +, length: 105, contig: contig_2963, protein: unknown, score1: 1.0, score2: 0.0
29	Gene No. 8, gene caller: glimmer, leftEnd: 3813, rightEnd: 4010, strand: -, length: 198, contig: contig_2963, protein: unknown, score1: 1.0, score2: 0.0
30	Gene No. 14, gene caller: phanotate, leftEnd: 3813, rightEnd: 4010, strand: -, length: 198, contig: contig_2963, protein: unknown, score1: 1.0, score2: 0.0
31	Gene No. 15, gene caller: phanotate, leftEnd: 3997, rightEnd: 4086, strand: -, length: 90, contig: contig_2963, protein: unknown, score1: 1.0, score2: 0.0
32	Gene No. 16, gene caller: phanotate, leftEnd: 4120, rightEnd: 4419, strand: -, length: 300, contig: contig_2963, protein: unknown, score1: 1.0, score2: 0.0
33	Gene No. 9, gene caller: prodigal, leftEnd: 4120, rightEnd: 4419, strand: -, length: 300, contig: contig_2963, protein: unknown, score1: 1.0, score2: 0.0
Comparing across geneCall sets....
Scoring gene calls....
Identifying common core...
This is the Common Core List:

***************Common Core
CC-gene 1	Gene No. 1, gene caller: All_callers, leftEnd: 871, rightEnd: 2379, strand: -, length: 1509, contig: contig_2963, protein: unknown, score1: 1.0, score2: 0.0
CC-gene 2	Gene No. 1, gene caller: All_callers, leftEnd: 2450, rightEnd: 2665, strand: -, length: 216, contig: contig_2963, protein: unknown, score1: 1.0, score2: 0.0
Printing gene-call superset, consensus, and common_core in GFF and CGC formats
Printing report....
The following gene callers were considered: glimmer, phanotate, prodigal, The number of distinct gene calls over all gene callers is 22
The number of gene calls in common among all callers is 2
The number of unique (non-matching) gene calls is13
Caller glimmer produced 8 gene calls.
Caller glimmer gene-call length stats:  min: 126, max: 1509, ave: 358.875
Caller phanotate produced 16 gene calls.
Caller phanotate gene-call length stats:  min: 90, max: 1509, ave: 263.0625
Caller prodigal produced 9 gene calls.
Caller prodigal gene-call length stats:  min: 102, max: 1509, ave: 393.3333333333333

Gene-call Scores:
Caller	Contig	Gene No.	Left End	Right End	Strand	gcScore
phanotate	contig_2963	1	3	515	-	0.83
prodigal	contig_2963	1	3	515	-	0.83
phanotate	contig_2963	2	523	627	-	0.50
glimmer	contig_2963	1	523	648	-	0.50
phanotate	contig_2963	3	620	721	-	0.50
prodigal	contig_2963	2	620	874	-	0.50
phanotate	contig_2963	4	738	923	+	0.33
glimmer	contig_2963	2	871	2379	-	1.00
phanotate	contig_2963	5	871	2379	-	1.00
prodigal	contig_2963	3	871	2379	-	1.00
glimmer	contig_2963	3	2450	2665	-	1.00
phanotate	contig_2963	6	2450	2665	-	1.00
prodigal	contig_2963	4	2450	2665	-	1.00
phanotate	contig_2963	7	2736	2837	-	0.83
prodigal	contig_2963	5	2736	2837	-	0.83
glimmer	contig_2963	4	2817	3026	+	0.33
phanotate	contig_2963	8	2834	2995	-	0.83
prodigal	contig_2963	6	2834	2995	-	0.83
phanotate	contig_2963	9	2997	3173	-	0.83
prodigal	contig_2963	7	2997	3173	-	0.83
glimmer	contig_2963	5	2997	3179	-	0.50
glimmer	contig_2963	6	3165	3356	+	0.50
phanotate	contig_2963	10	3170	3274	-	0.33
phanotate	contig_2963	11	3255	3356	+	0.50
glimmer	contig_2963	7	3392	3628	+	0.83
phanotate	contig_2963	12	3392	3628	+	0.83
prodigal	contig_2963	8	3408	3713	+	0.50
phanotate	contig_2963	13	3609	3713	+	0.50
glimmer	contig_2963	8	3813	4010	-	0.83
phanotate	contig_2963	14	3813	4010	-	0.83
phanotate	contig_2963	15	3997	4086	-	0.33
phanotate	contig_2963	16	4120	4419	-	0.83
prodigal	contig_2963	9	4120	4419	-	0.83

Gene-call Consensus Scores:
Caller glimmer average gene-call score: 0.69
Caller phanotate average gene-call score: 0.68
Caller prodigal average gene-call score: 0.80

***************Unique List
Unique gene call 1
  --  Gene No. 1, gene caller: phanotate, leftEnd: 3, rightEnd: 515, strand: -, length: 513, contig: contig_2963, protein: unknown, score1: 0.8333333333333333, score2: 0.0
  --  Gene No. 1, gene caller: prodigal, leftEnd: 3, rightEnd: 515, strand: -, length: 513, contig: contig_2963, protein: unknown, score1: 0.8333333333333333, score2: 0.0
Unique gene call 2
  --  Gene No. 2, gene caller: phanotate, leftEnd: 523, rightEnd: 627, strand: -, length: 105, contig: contig_2963, protein: unknown, score1: 0.5, score2: 0.0
Unique gene call 3
  --  Gene No. 1, gene caller: glimmer, leftEnd: 523, rightEnd: 648, strand: -, length: 126, contig: contig_2963, protein: unknown, score1: 0.5, score2: 0.0
Unique gene call 4
  --  Gene No. 3, gene caller: phanotate, leftEnd: 620, rightEnd: 721, strand: -, length: 102, contig: contig_2963, protein: unknown, score1: 0.5, score2: 0.0
Unique gene call 5
  --  Gene No. 2, gene caller: prodigal, leftEnd: 620, rightEnd: 874, strand: -, length: 255, contig: contig_2963, protein: unknown, score1: 0.5, score2: 0.0
Unique gene call 6
  --  Gene No. 4, gene caller: phanotate, leftEnd: 738, rightEnd: 923, strand: +, length: 186, contig: contig_2963, protein: unknown, score1: 0.3333333333333333, score2: 0.0
Unique gene call 7
  --  Gene No. 2, gene caller: glimmer, leftEnd: 871, rightEnd: 2379, strand: -, length: 1509, contig: contig_2963, protein: unknown, score1: 1.0, score2: 0.0
  --  Gene No. 5, gene caller: phanotate, leftEnd: 871, rightEnd: 2379, strand: -, length: 1509, contig: contig_2963, protein: unknown, score1: 1.0, score2: 0.0
  --  Gene No. 3, gene caller: prodigal, leftEnd: 871, rightEnd: 2379, strand: -, length: 1509, contig: contig_2963, protein: unknown, score1: 1.0, score2: 0.0
Unique gene call 8
  --  Gene No. 3, gene caller: glimmer, leftEnd: 2450, rightEnd: 2665, strand: -, length: 216, contig: contig_2963, protein: unknown, score1: 1.0, score2: 0.0
  --  Gene No. 6, gene caller: phanotate, leftEnd: 2450, rightEnd: 2665, strand: -, length: 216, contig: contig_2963, protein: unknown, score1: 1.0, score2: 0.0
  --  Gene No. 4, gene caller: prodigal, leftEnd: 2450, rightEnd: 2665, strand: -, length: 216, contig: contig_2963, protein: unknown, score1: 1.0, score2: 0.0
Unique gene call 9
  --  Gene No. 7, gene caller: phanotate, leftEnd: 2736, rightEnd: 2837, strand: -, length: 102, contig: contig_2963, protein: unknown, score1: 0.8333333333333333, score2: 0.0
  --  Gene No. 5, gene caller: prodigal, leftEnd: 2736, rightEnd: 2837, strand: -, length: 102, contig: contig_2963, protein: unknown, score1: 0.8333333333333333, score2: 0.0
Unique gene call 10
  --  Gene No. 4, gene caller: glimmer, leftEnd: 2817, rightEnd: 3026, strand: +, length: 210, contig: contig_2963, protein: unknown, score1: 0.3333333333333333, score2: 0.0
Unique gene call 11
  --  Gene No. 8, gene caller: phanotate, leftEnd: 2834, rightEnd: 2995, strand: -, length: 162, contig: contig_2963, protein: unknown, score1: 0.8333333333333333, score2: 0.0
  --  Gene No. 6, gene caller: prodigal, leftEnd: 2834, rightEnd: 2995, strand: -, length: 162, contig: contig_2963, protein: unknown, score1: 0.8333333333333333, score2: 0.0
Unique gene call 12
  --  Gene No. 9, gene caller: phanotate, leftEnd: 2997, rightEnd: 3173, strand: -, length: 177, contig: contig_2963, protein: unknown, score1: 0.8333333333333333, score2: 0.0
  --  Gene No. 7, gene caller: prodigal, leftEnd: 2997, rightEnd: 3173, strand: -, length: 177, contig: contig_2963, protein: unknown, score1: 0.8333333333333333, score2: 0.0
Unique gene call 13
  --  Gene No. 5, gene caller: glimmer, leftEnd: 2997, rightEnd: 3179, strand: -, length: 183, contig: contig_2963, protein: unknown, score1: 0.5, score2: 0.0
Unique gene call 14
  --  Gene No. 6, gene caller: glimmer, leftEnd: 3165, rightEnd: 3356, strand: +, length: 192, contig: contig_2963, protein: unknown, score1: 0.5, score2: 0.0
Unique gene call 15
  --  Gene No. 10, gene caller: phanotate, leftEnd: 3170, rightEnd: 3274, strand: -, length: 105, contig: contig_2963, protein: unknown, score1: 0.3333333333333333, score2: 0.0
Unique gene call 16
  --  Gene No. 11, gene caller: phanotate, leftEnd: 3255, rightEnd: 3356, strand: +, length: 102, contig: contig_2963, protein: unknown, score1: 0.5, score2: 0.0
Unique gene call 17
  --  Gene No. 7, gene caller: glimmer, leftEnd: 3392, rightEnd: 3628, strand: +, length: 237, contig: contig_2963, protein: unknown, score1: 0.8333333333333333, score2: 0.0
  --  Gene No. 12, gene caller: phanotate, leftEnd: 3392, rightEnd: 3628, strand: +, length: 237, contig: contig_2963, protein: unknown, score1: 0.8333333333333333, score2: 0.0
Unique gene call 18
  --  Gene No. 8, gene caller: prodigal, leftEnd: 3408, rightEnd: 3713, strand: +, length: 306, contig: contig_2963, protein: unknown, score1: 0.5, score2: 0.0
Unique gene call 19
  --  Gene No. 13, gene caller: phanotate, leftEnd: 3609, rightEnd: 3713, strand: +, length: 105, contig: contig_2963, protein: unknown, score1: 0.5, score2: 0.0
Unique gene call 20
  --  Gene No. 8, gene caller: glimmer, leftEnd: 3813, rightEnd: 4010, strand: -, length: 198, contig: contig_2963, protein: unknown, score1: 0.8333333333333333, score2: 0.0
  --  Gene No. 14, gene caller: phanotate, leftEnd: 3813, rightEnd: 4010, strand: -, length: 198, contig: contig_2963, protein: unknown, score1: 0.8333333333333333, score2: 0.0
Unique gene call 21
  --  Gene No. 15, gene caller: phanotate, leftEnd: 3997, rightEnd: 4086, strand: -, length: 90, contig: contig_2963, protein: unknown, score1: 0.3333333333333333, score2: 0.0
Unique gene call 22
  --  Gene No. 16, gene caller: phanotate, leftEnd: 4120, rightEnd: 4419, strand: -, length: 300, contig: contig_2963, protein: unknown, score1: 0.8333333333333333, score2: 0.0
  --  Gene No. 9, gene caller: prodigal, leftEnd: 4120, rightEnd: 4419, strand: -, length: 300, contig: contig_2963, protein: unknown, score1: 0.8333333333333333, score2: 0.0
Code complete at 2021-04-21 09:41:14.204821
