Opening log at 2021-04-21 09:48:47.822042
Iterating through fileSet at 2021-04-21 09:48:47.822151
fileSet is ['/home/james/Software/multiPhATE2/PipelineOutput/circular_pair_2015/commoncore.cgc', '/home/james/Software/multiPhATE2/PipelineOutput/circular_pair_2015/consensus.cgc', '/home/james/Software/multiPhATE2/PipelineOutput/circular_pair_2015/glimmer.cgc', '/home/james/Software/multiPhATE2/PipelineOutput/circular_pair_2015/phanotate.cgc', '/home/james/Software/multiPhATE2/PipelineOutput/circular_pair_2015/prodigal.cgc', '/home/james/Software/multiPhATE2/PipelineOutput/circular_pair_2015/superset.cgc']
Opening geneFile /home/james/Software/multiPhATE2/PipelineOutput/circular_pair_2015/commoncore.cgc
Adding calls from geneFile /home/james/Software/multiPhATE2/PipelineOutput/circular_pair_2015/commoncore.cgc
Appending call set  number of calls is: 0
Opening geneFile /home/james/Software/multiPhATE2/PipelineOutput/circular_pair_2015/consensus.cgc
Adding calls from geneFile /home/james/Software/multiPhATE2/PipelineOutput/circular_pair_2015/consensus.cgc
Appending call set  number of calls is: 0
Opening geneFile /home/james/Software/multiPhATE2/PipelineOutput/circular_pair_2015/glimmer.cgc
Adding calls from geneFile /home/james/Software/multiPhATE2/PipelineOutput/circular_pair_2015/glimmer.cgc
Appending call set  number of calls is: 50
Opening geneFile /home/james/Software/multiPhATE2/PipelineOutput/circular_pair_2015/phanotate.cgc
Adding calls from geneFile /home/james/Software/multiPhATE2/PipelineOutput/circular_pair_2015/phanotate.cgc
Appending call set  number of calls is: 120
Opening geneFile /home/james/Software/multiPhATE2/PipelineOutput/circular_pair_2015/prodigal.cgc
Adding calls from geneFile /home/james/Software/multiPhATE2/PipelineOutput/circular_pair_2015/prodigal.cgc
Appending call set  number of calls is: 21
Opening geneFile /home/james/Software/multiPhATE2/PipelineOutput/circular_pair_2015/superset.cgc
Adding calls from geneFile /home/james/Software/multiPhATE2/PipelineOutput/circular_pair_2015/superset.cgc
Appending call set  number of calls is: 0
All call sets have been added to caller list. Number of call sets in callerList: 6
callerList is   glimmer phanotate prodigal  
Total number of gene calls across callerList call sets is: 191
Sorting gene calls for each caller
Processing a callSet
Before sorting, Length of callerList for caller  is 0
After sorting, Length of callerList for caller  is 0
Processing a callSet
Before sorting, Length of callerList for caller  is 0
After sorting, Length of callerList for caller  is 0
Processing a callSet
Before sorting, Length of callerList for caller glimmer is 50
After sorting, Length of callerList for caller glimmer is 50
Processing a callSet
Before sorting, Length of callerList for caller phanotate is 120
After sorting, Length of callerList for caller phanotate is 120
Processing a callSet
Before sorting, Length of callerList for caller prodigal is 21
After sorting, Length of callerList for caller prodigal is 21
Processing a callSet
Before sorting, Length of callerList for caller  is 0
After sorting, Length of callerList for caller  is 0
callSet processing complete
Comparing across the call sets...
Merging the geneCall sets....
Final merged genes:

***************Merge List
1	Gene No. 1, gene caller: phanotate, leftEnd: 92, rightEnd: 193, strand: -, length: 102, contig: circular_pair_2015, protein: unknown, score1: 1.0, score2: 0.0
2	Gene No. 2, gene caller: glimmer, leftEnd: 197, rightEnd: 343, strand: -, length: 147, contig: circular_pair_2015, protein: unknown, score1: 1.0, score2: 0.0
3	Gene No. 2, gene caller: phanotate, leftEnd: 197, rightEnd: 343, strand: -, length: 147, contig: circular_pair_2015, protein: unknown, score1: 1.0, score2: 0.0
4	Gene No. 3, gene caller: glimmer, leftEnd: 383, rightEnd: 508, strand: -, length: 126, contig: circular_pair_2015, protein: unknown, score1: 1.0, score2: 0.0
5	Gene No. 3, gene caller: phanotate, leftEnd: 383, rightEnd: 508, strand: -, length: 126, contig: circular_pair_2015, protein: unknown, score1: 1.0, score2: 0.0
6	Gene No. 4, gene caller: phanotate, leftEnd: 529, rightEnd: 630, strand: -, length: 102, contig: circular_pair_2015, protein: unknown, score1: 1.0, score2: 0.0
7	Gene No. 5, gene caller: phanotate, leftEnd: 666, rightEnd: 905, strand: -, length: 240, contig: circular_pair_2015, protein: unknown, score1: 1.0, score2: 0.0
8	Gene No. 4, gene caller: glimmer, leftEnd: 808, rightEnd: 927, strand: +, length: 120, contig: circular_pair_2015, protein: unknown, score1: 1.0, score2: 0.0
9	Gene No. 5, gene caller: glimmer, leftEnd: 911, rightEnd: 1156, strand: -, length: 246, contig: circular_pair_2015, protein: unknown, score1: 1.0, score2: 0.0
10	Gene No. 6, gene caller: phanotate, leftEnd: 1002, rightEnd: 1217, strand: +, length: 216, contig: circular_pair_2015, protein: unknown, score1: 1.0, score2: 0.0
11	Gene No. 1, gene caller: prodigal, leftEnd: 1002, rightEnd: 1217, strand: +, length: 216, contig: circular_pair_2015, protein: unknown, score1: 1.0, score2: 0.0
12	Gene No. 7, gene caller: phanotate, leftEnd: 1220, rightEnd: 1327, strand: -, length: 108, contig: circular_pair_2015, protein: unknown, score1: 1.0, score2: 0.0
13	Gene No. 6, gene caller: glimmer, leftEnd: 1220, rightEnd: 1408, strand: -, length: 189, contig: circular_pair_2015, protein: unknown, score1: 1.0, score2: 0.0
14	Gene No. 8, gene caller: phanotate, leftEnd: 1366, rightEnd: 1482, strand: -, length: 117, contig: circular_pair_2015, protein: unknown, score1: 1.0, score2: 0.0
15	Gene No. 9, gene caller: phanotate, leftEnd: 1717, rightEnd: 1830, strand: -, length: 114, contig: circular_pair_2015, protein: unknown, score1: 1.0, score2: 0.0
16	Gene No. 10, gene caller: phanotate, leftEnd: 1963, rightEnd: 2202, strand: -, length: 240, contig: circular_pair_2015, protein: unknown, score1: 1.0, score2: 0.0
17	Gene No. 7, gene caller: glimmer, leftEnd: 2267, rightEnd: 2410, strand: -, length: 144, contig: circular_pair_2015, protein: unknown, score1: 1.0, score2: 0.0
18	Gene No. 11, gene caller: phanotate, leftEnd: 2267, rightEnd: 2410, strand: -, length: 144, contig: circular_pair_2015, protein: unknown, score1: 1.0, score2: 0.0
19	Gene No. 12, gene caller: phanotate, leftEnd: 2548, rightEnd: 2637, strand: -, length: 90, contig: circular_pair_2015, protein: unknown, score1: 1.0, score2: 0.0
20	Gene No. 13, gene caller: phanotate, leftEnd: 2610, rightEnd: 2720, strand: -, length: 111, contig: circular_pair_2015, protein: unknown, score1: 1.0, score2: 0.0
21	Gene No. 8, gene caller: glimmer, leftEnd: 2745, rightEnd: 2897, strand: -, length: 153, contig: circular_pair_2015, protein: unknown, score1: 1.0, score2: 0.0
22	Gene No. 14, gene caller: phanotate, leftEnd: 2745, rightEnd: 2897, strand: -, length: 153, contig: circular_pair_2015, protein: unknown, score1: 1.0, score2: 0.0
23	Gene No. 15, gene caller: phanotate, leftEnd: 3125, rightEnd: 3232, strand: -, length: 108, contig: circular_pair_2015, protein: unknown, score1: 1.0, score2: 0.0
24	Gene No. 16, gene caller: phanotate, leftEnd: 3211, rightEnd: 3324, strand: +, length: 114, contig: circular_pair_2015, protein: unknown, score1: 1.0, score2: 0.0
25	Gene No. 9, gene caller: glimmer, leftEnd: 3302, rightEnd: 3427, strand: +, length: 126, contig: circular_pair_2015, protein: unknown, score1: 1.0, score2: 0.0
26	Gene No. 17, gene caller: phanotate, leftEnd: 3338, rightEnd: 3427, strand: +, length: 90, contig: circular_pair_2015, protein: unknown, score1: 1.0, score2: 0.0
27	Gene No. 18, gene caller: phanotate, leftEnd: 3573, rightEnd: 3683, strand: +, length: 111, contig: circular_pair_2015, protein: unknown, score1: 1.0, score2: 0.0
28	Gene No. 19, gene caller: phanotate, leftEnd: 3658, rightEnd: 3798, strand: +, length: 141, contig: circular_pair_2015, protein: unknown, score1: 1.0, score2: 0.0
29	Gene No. 20, gene caller: phanotate, leftEnd: 3811, rightEnd: 3912, strand: +, length: 102, contig: circular_pair_2015, protein: unknown, score1: 1.0, score2: 0.0
30	Gene No. 10, gene caller: glimmer, leftEnd: 4345, rightEnd: 4491, strand: -, length: 147, contig: circular_pair_2015, protein: unknown, score1: 1.0, score2: 0.0
31	Gene No. 21, gene caller: phanotate, leftEnd: 4345, rightEnd: 4491, strand: -, length: 147, contig: circular_pair_2015, protein: unknown, score1: 1.0, score2: 0.0
32	Gene No. 22, gene caller: phanotate, leftEnd: 4517, rightEnd: 4699, strand: -, length: 183, contig: circular_pair_2015, protein: unknown, score1: 1.0, score2: 0.0
33	Gene No. 11, gene caller: glimmer, leftEnd: 4517, rightEnd: 4729, strand: -, length: 213, contig: circular_pair_2015, protein: unknown, score1: 1.0, score2: 0.0
34	Gene No. 23, gene caller: phanotate, leftEnd: 4747, rightEnd: 4839, strand: -, length: 93, contig: circular_pair_2015, protein: unknown, score1: 1.0, score2: 0.0
35	Gene No. 24, gene caller: phanotate, leftEnd: 4894, rightEnd: 5037, strand: -, length: 144, contig: circular_pair_2015, protein: unknown, score1: 1.0, score2: 0.0
36	Gene No. 25, gene caller: phanotate, leftEnd: 5053, rightEnd: 5187, strand: -, length: 135, contig: circular_pair_2015, protein: unknown, score1: 1.0, score2: 0.0
37	Gene No. 26, gene caller: phanotate, leftEnd: 5194, rightEnd: 5397, strand: -, length: 204, contig: circular_pair_2015, protein: unknown, score1: 1.0, score2: 0.0
38	Gene No. 2, gene caller: prodigal, leftEnd: 5211, rightEnd: 5378, strand: +, length: 168, contig: circular_pair_2015, protein: unknown, score1: 1.0, score2: 0.0
39	Gene No. 27, gene caller: phanotate, leftEnd: 5462, rightEnd: 5569, strand: -, length: 108, contig: circular_pair_2015, protein: unknown, score1: 1.0, score2: 0.0
40	Gene No. 12, gene caller: glimmer, leftEnd: 5538, rightEnd: 5714, strand: +, length: 177, contig: circular_pair_2015, protein: unknown, score1: 1.0, score2: 0.0
41	Gene No. 28, gene caller: phanotate, leftEnd: 5538, rightEnd: 5714, strand: +, length: 177, contig: circular_pair_2015, protein: unknown, score1: 1.0, score2: 0.0
42	Gene No. 13, gene caller: glimmer, leftEnd: 5794, rightEnd: 5916, strand: +, length: 123, contig: circular_pair_2015, protein: unknown, score1: 1.0, score2: 0.0
43	Gene No. 29, gene caller: phanotate, leftEnd: 5821, rightEnd: 5916, strand: +, length: 96, contig: circular_pair_2015, protein: unknown, score1: 1.0, score2: 0.0
44	Gene No. 14, gene caller: glimmer, leftEnd: 5968, rightEnd: 6081, strand: -, length: 114, contig: circular_pair_2015, protein: unknown, score1: 1.0, score2: 0.0
45	Gene No. 30, gene caller: phanotate, leftEnd: 5968, rightEnd: 6081, strand: -, length: 114, contig: circular_pair_2015, protein: unknown, score1: 1.0, score2: 0.0
46	Gene No. 15, gene caller: glimmer, leftEnd: 6216, rightEnd: 6371, strand: -, length: 156, contig: circular_pair_2015, protein: unknown, score1: 1.0, score2: 0.0
47	Gene No. 31, gene caller: phanotate, leftEnd: 6216, rightEnd: 6371, strand: -, length: 156, contig: circular_pair_2015, protein: unknown, score1: 1.0, score2: 0.0
48	Gene No. 16, gene caller: glimmer, leftEnd: 6341, rightEnd: 6466, strand: -, length: 126, contig: circular_pair_2015, protein: unknown, score1: 1.0, score2: 0.0
49	Gene No. 32, gene caller: phanotate, leftEnd: 6341, rightEnd: 6547, strand: -, length: 207, contig: circular_pair_2015, protein: unknown, score1: 1.0, score2: 0.0
50	Gene No. 33, gene caller: phanotate, leftEnd: 6658, rightEnd: 6753, strand: -, length: 96, contig: circular_pair_2015, protein: unknown, score1: 1.0, score2: 0.0
51	Gene No. 34, gene caller: phanotate, leftEnd: 6804, rightEnd: 6959, strand: -, length: 156, contig: circular_pair_2015, protein: unknown, score1: 1.0, score2: 0.0
52	Gene No. 35, gene caller: phanotate, leftEnd: 6950, rightEnd: 7090, strand: -, length: 141, contig: circular_pair_2015, protein: unknown, score1: 1.0, score2: 0.0
53	Gene No. 36, gene caller: phanotate, leftEnd: 7145, rightEnd: 7300, strand: -, length: 156, contig: circular_pair_2015, protein: unknown, score1: 1.0, score2: 0.0
54	Gene No. 17, gene caller: glimmer, leftEnd: 7359, rightEnd: 7580, strand: -, length: 222, contig: circular_pair_2015, protein: unknown, score1: 1.0, score2: 0.0
55	Gene No. 37, gene caller: phanotate, leftEnd: 7359, rightEnd: 7580, strand: -, length: 222, contig: circular_pair_2015, protein: unknown, score1: 1.0, score2: 0.0
56	Gene No. 38, gene caller: phanotate, leftEnd: 7649, rightEnd: 7738, strand: +, length: 90, contig: circular_pair_2015, protein: unknown, score1: 1.0, score2: 0.0
57	Gene No. 39, gene caller: phanotate, leftEnd: 7893, rightEnd: 7994, strand: -, length: 102, contig: circular_pair_2015, protein: unknown, score1: 1.0, score2: 0.0
58	Gene No. 40, gene caller: phanotate, leftEnd: 8043, rightEnd: 8135, strand: +, length: 93, contig: circular_pair_2015, protein: unknown, score1: 1.0, score2: 0.0
59	Gene No. 41, gene caller: phanotate, leftEnd: 8144, rightEnd: 8254, strand: +, length: 111, contig: circular_pair_2015, protein: unknown, score1: 1.0, score2: 0.0
60	Gene No. 42, gene caller: phanotate, leftEnd: 8292, rightEnd: 8468, strand: +, length: 177, contig: circular_pair_2015, protein: unknown, score1: 1.0, score2: 0.0
61	Gene No. 18, gene caller: glimmer, leftEnd: 8309, rightEnd: 8512, strand: -, length: 204, contig: circular_pair_2015, protein: unknown, score1: 1.0, score2: 0.0
62	Gene No. 43, gene caller: phanotate, leftEnd: 8502, rightEnd: 8690, strand: +, length: 189, contig: circular_pair_2015, protein: unknown, score1: 1.0, score2: 0.0
63	Gene No. 44, gene caller: phanotate, leftEnd: 8712, rightEnd: 8816, strand: +, length: 105, contig: circular_pair_2015, protein: unknown, score1: 1.0, score2: 0.0
64	Gene No. 45, gene caller: phanotate, leftEnd: 8870, rightEnd: 9031, strand: +, length: 162, contig: circular_pair_2015, protein: unknown, score1: 1.0, score2: 0.0
65	Gene No. 19, gene caller: glimmer, leftEnd: 9276, rightEnd: 9548, strand: -, length: 273, contig: circular_pair_2015, protein: unknown, score1: 1.0, score2: 0.0
66	Gene No. 46, gene caller: phanotate, leftEnd: 9276, rightEnd: 9548, strand: -, length: 273, contig: circular_pair_2015, protein: unknown, score1: 1.0, score2: 0.0
67	Gene No. 47, gene caller: phanotate, leftEnd: 9487, rightEnd: 9609, strand: -, length: 123, contig: circular_pair_2015, protein: unknown, score1: 1.0, score2: 0.0
68	Gene No. 48, gene caller: phanotate, leftEnd: 9728, rightEnd: 9976, strand: -, length: 249, contig: circular_pair_2015, protein: unknown, score1: 1.0, score2: 0.0
69	Gene No. 49, gene caller: phanotate, leftEnd: 9976, rightEnd: 10065, strand: -, length: 90, contig: circular_pair_2015, protein: unknown, score1: 1.0, score2: 0.0
70	Gene No. 20, gene caller: glimmer, leftEnd: 10066, rightEnd: 10188, strand: -, length: 123, contig: circular_pair_2015, protein: unknown, score1: 1.0, score2: 0.0
71	Gene No. 50, gene caller: phanotate, leftEnd: 10066, rightEnd: 10188, strand: -, length: 123, contig: circular_pair_2015, protein: unknown, score1: 1.0, score2: 0.0
72	Gene No. 51, gene caller: phanotate, leftEnd: 10204, rightEnd: 10299, strand: -, length: 96, contig: circular_pair_2015, protein: unknown, score1: 1.0, score2: 0.0
73	Gene No. 21, gene caller: glimmer, leftEnd: 10374, rightEnd: 10490, strand: -, length: 117, contig: circular_pair_2015, protein: unknown, score1: 1.0, score2: 0.0
74	Gene No. 52, gene caller: phanotate, leftEnd: 10374, rightEnd: 10490, strand: -, length: 117, contig: circular_pair_2015, protein: unknown, score1: 1.0, score2: 0.0
75	Gene No. 53, gene caller: phanotate, leftEnd: 10762, rightEnd: 10929, strand: -, length: 168, contig: circular_pair_2015, protein: unknown, score1: 1.0, score2: 0.0
76	Gene No. 54, gene caller: phanotate, leftEnd: 10940, rightEnd: 11098, strand: -, length: 159, contig: circular_pair_2015, protein: unknown, score1: 1.0, score2: 0.0
77	Gene No. 55, gene caller: phanotate, leftEnd: 11073, rightEnd: 11357, strand: -, length: 285, contig: circular_pair_2015, protein: unknown, score1: 1.0, score2: 0.0
78	Gene No. 22, gene caller: glimmer, leftEnd: 11483, rightEnd: 11641, strand: -, length: 159, contig: circular_pair_2015, protein: unknown, score1: 1.0, score2: 0.0
79	Gene No. 56, gene caller: phanotate, leftEnd: 11483, rightEnd: 11680, strand: -, length: 198, contig: circular_pair_2015, protein: unknown, score1: 1.0, score2: 0.0
80	Gene No. 3, gene caller: prodigal, leftEnd: 11483, rightEnd: 11680, strand: -, length: 198, contig: circular_pair_2015, protein: unknown, score1: 1.0, score2: 0.0
81	Gene No. 57, gene caller: phanotate, leftEnd: 11748, rightEnd: 11846, strand: -, length: 99, contig: circular_pair_2015, protein: unknown, score1: 1.0, score2: 0.0
82	Gene No. 58, gene caller: phanotate, leftEnd: 11820, rightEnd: 11927, strand: +, length: 108, contig: circular_pair_2015, protein: unknown, score1: 1.0, score2: 0.0
83	Gene No. 23, gene caller: glimmer, leftEnd: 11980, rightEnd: 12267, strand: +, length: 288, contig: circular_pair_2015, protein: unknown, score1: 1.0, score2: 0.0
84	Gene No. 59, gene caller: phanotate, leftEnd: 11980, rightEnd: 12267, strand: +, length: 288, contig: circular_pair_2015, protein: unknown, score1: 1.0, score2: 0.0
85	Gene No. 4, gene caller: prodigal, leftEnd: 11980, rightEnd: 12267, strand: +, length: 288, contig: circular_pair_2015, protein: unknown, score1: 1.0, score2: 0.0
86	Gene No. 60, gene caller: phanotate, leftEnd: 12227, rightEnd: 12346, strand: +, length: 120, contig: circular_pair_2015, protein: unknown, score1: 1.0, score2: 0.0
87	Gene No. 61, gene caller: phanotate, leftEnd: 12417, rightEnd: 12800, strand: +, length: 384, contig: circular_pair_2015, protein: unknown, score1: 1.0, score2: 0.0
88	Gene No. 5, gene caller: prodigal, leftEnd: 12417, rightEnd: 12800, strand: +, length: 384, contig: circular_pair_2015, protein: unknown, score1: 1.0, score2: 0.0
89	Gene No. 24, gene caller: glimmer, leftEnd: 12637, rightEnd: 12762, strand: +, length: 126, contig: circular_pair_2015, protein: unknown, score1: 1.0, score2: 0.0
90	Gene No. 62, gene caller: phanotate, leftEnd: 12819, rightEnd: 13226, strand: +, length: 408, contig: circular_pair_2015, protein: unknown, score1: 1.0, score2: 0.0
91	Gene No. 6, gene caller: prodigal, leftEnd: 12819, rightEnd: 13226, strand: +, length: 408, contig: circular_pair_2015, protein: unknown, score1: 1.0, score2: 0.0
92	Gene No. 25, gene caller: glimmer, leftEnd: 12873, rightEnd: 13226, strand: +, length: 354, contig: circular_pair_2015, protein: unknown, score1: 1.0, score2: 0.0
93	Gene No. 63, gene caller: phanotate, leftEnd: 13312, rightEnd: 13422, strand: +, length: 111, contig: circular_pair_2015, protein: unknown, score1: 1.0, score2: 0.0
94	Gene No. 64, gene caller: phanotate, leftEnd: 13542, rightEnd: 13646, strand: +, length: 105, contig: circular_pair_2015, protein: unknown, score1: 1.0, score2: 0.0
95	Gene No. 26, gene caller: glimmer, leftEnd: 13570, rightEnd: 13758, strand: -, length: 189, contig: circular_pair_2015, protein: unknown, score1: 1.0, score2: 0.0
96	Gene No. 65, gene caller: phanotate, leftEnd: 13646, rightEnd: 13735, strand: +, length: 90, contig: circular_pair_2015, protein: unknown, score1: 1.0, score2: 0.0
97	Gene No. 66, gene caller: phanotate, leftEnd: 13819, rightEnd: 13917, strand: +, length: 99, contig: circular_pair_2015, protein: unknown, score1: 1.0, score2: 0.0
98	Gene No. 67, gene caller: phanotate, leftEnd: 13972, rightEnd: 14061, strand: +, length: 90, contig: circular_pair_2015, protein: unknown, score1: 1.0, score2: 0.0
99	Gene No. 27, gene caller: glimmer, leftEnd: 14058, rightEnd: 14177, strand: -, length: 120, contig: circular_pair_2015, protein: unknown, score1: 1.0, score2: 0.0
100	Gene No. 68, gene caller: phanotate, leftEnd: 14058, rightEnd: 14177, strand: -, length: 120, contig: circular_pair_2015, protein: unknown, score1: 1.0, score2: 0.0
101	Gene No. 28, gene caller: glimmer, leftEnd: 14348, rightEnd: 14470, strand: +, length: 123, contig: circular_pair_2015, protein: unknown, score1: 1.0, score2: 0.0
102	Gene No. 69, gene caller: phanotate, leftEnd: 14348, rightEnd: 14470, strand: +, length: 123, contig: circular_pair_2015, protein: unknown, score1: 1.0, score2: 0.0
103	Gene No. 70, gene caller: phanotate, leftEnd: 14514, rightEnd: 14609, strand: +, length: 96, contig: circular_pair_2015, protein: unknown, score1: 1.0, score2: 0.0
104	Gene No. 71, gene caller: phanotate, leftEnd: 14651, rightEnd: 14854, strand: -, length: 204, contig: circular_pair_2015, protein: unknown, score1: 1.0, score2: 0.0
105	Gene No. 29, gene caller: glimmer, leftEnd: 14924, rightEnd: 15052, strand: +, length: 129, contig: circular_pair_2015, protein: unknown, score1: 1.0, score2: 0.0
106	Gene No. 72, gene caller: phanotate, leftEnd: 14924, rightEnd: 15052, strand: +, length: 129, contig: circular_pair_2015, protein: unknown, score1: 1.0, score2: 0.0
107	Gene No. 30, gene caller: glimmer, leftEnd: 15079, rightEnd: 15240, strand: -, length: 162, contig: circular_pair_2015, protein: unknown, score1: 1.0, score2: 0.0
108	Gene No. 73, gene caller: phanotate, leftEnd: 15101, rightEnd: 15202, strand: +, length: 102, contig: circular_pair_2015, protein: unknown, score1: 1.0, score2: 0.0
109	Gene No. 74, gene caller: phanotate, leftEnd: 15325, rightEnd: 15444, strand: +, length: 120, contig: circular_pair_2015, protein: unknown, score1: 1.0, score2: 0.0
110	Gene No. 75, gene caller: phanotate, leftEnd: 15513, rightEnd: 15614, strand: +, length: 102, contig: circular_pair_2015, protein: unknown, score1: 1.0, score2: 0.0
111	Gene No. 31, gene caller: glimmer, leftEnd: 15605, rightEnd: 15793, strand: -, length: 189, contig: circular_pair_2015, protein: unknown, score1: 1.0, score2: 0.0
112	Gene No. 76, gene caller: phanotate, leftEnd: 15605, rightEnd: 15793, strand: -, length: 189, contig: circular_pair_2015, protein: unknown, score1: 1.0, score2: 0.0
113	Gene No. 32, gene caller: glimmer, leftEnd: 15774, rightEnd: 15947, strand: -, length: 174, contig: circular_pair_2015, protein: unknown, score1: 1.0, score2: 0.0
114	Gene No. 77, gene caller: phanotate, leftEnd: 15774, rightEnd: 15947, strand: -, length: 174, contig: circular_pair_2015, protein: unknown, score1: 1.0, score2: 0.0
115	Gene No. 78, gene caller: phanotate, leftEnd: 16044, rightEnd: 16145, strand: -, length: 102, contig: circular_pair_2015, protein: unknown, score1: 1.0, score2: 0.0
116	Gene No. 33, gene caller: glimmer, leftEnd: 16108, rightEnd: 16236, strand: -, length: 129, contig: circular_pair_2015, protein: unknown, score1: 1.0, score2: 0.0
117	Gene No. 34, gene caller: glimmer, leftEnd: 16211, rightEnd: 16333, strand: -, length: 123, contig: circular_pair_2015, protein: unknown, score1: 1.0, score2: 0.0
118	Gene No. 79, gene caller: phanotate, leftEnd: 16211, rightEnd: 16333, strand: -, length: 123, contig: circular_pair_2015, protein: unknown, score1: 1.0, score2: 0.0
119	Gene No. 80, gene caller: phanotate, leftEnd: 16333, rightEnd: 16437, strand: -, length: 105, contig: circular_pair_2015, protein: unknown, score1: 1.0, score2: 0.0
120	Gene No. 81, gene caller: phanotate, leftEnd: 16421, rightEnd: 16537, strand: +, length: 117, contig: circular_pair_2015, protein: unknown, score1: 1.0, score2: 0.0
121	Gene No. 82, gene caller: phanotate, leftEnd: 16521, rightEnd: 16610, strand: +, length: 90, contig: circular_pair_2015, protein: unknown, score1: 1.0, score2: 0.0
122	Gene No. 35, gene caller: glimmer, leftEnd: 16658, rightEnd: 16807, strand: +, length: 150, contig: circular_pair_2015, protein: unknown, score1: 1.0, score2: 0.0
123	Gene No. 83, gene caller: phanotate, leftEnd: 16658, rightEnd: 16807, strand: +, length: 150, contig: circular_pair_2015, protein: unknown, score1: 1.0, score2: 0.0
124	Gene No. 36, gene caller: glimmer, leftEnd: 16906, rightEnd: 17019, strand: +, length: 114, contig: circular_pair_2015, protein: unknown, score1: 1.0, score2: 0.0
125	Gene No. 84, gene caller: phanotate, leftEnd: 16906, rightEnd: 17019, strand: +, length: 114, contig: circular_pair_2015, protein: unknown, score1: 1.0, score2: 0.0
126	Gene No. 85, gene caller: phanotate, leftEnd: 17202, rightEnd: 17387, strand: +, length: 186, contig: circular_pair_2015, protein: unknown, score1: 1.0, score2: 0.0
127	Gene No. 37, gene caller: glimmer, leftEnd: 17512, rightEnd: 17784, strand: +, length: 273, contig: circular_pair_2015, protein: unknown, score1: 1.0, score2: 0.0
128	Gene No. 86, gene caller: phanotate, leftEnd: 17545, rightEnd: 17784, strand: +, length: 240, contig: circular_pair_2015, protein: unknown, score1: 1.0, score2: 0.0
129	Gene No. 7, gene caller: prodigal, leftEnd: 17545, rightEnd: 17784, strand: +, length: 240, contig: circular_pair_2015, protein: unknown, score1: 1.0, score2: 0.0
130	Gene No. 87, gene caller: phanotate, leftEnd: 17799, rightEnd: 17960, strand: +, length: 162, contig: circular_pair_2015, protein: unknown, score1: 1.0, score2: 0.0
131	Gene No. 8, gene caller: prodigal, leftEnd: 17799, rightEnd: 17960, strand: +, length: 162, contig: circular_pair_2015, protein: unknown, score1: 1.0, score2: 0.0
132	Gene No. 88, gene caller: phanotate, leftEnd: 17974, rightEnd: 18078, strand: +, length: 105, contig: circular_pair_2015, protein: unknown, score1: 1.0, score2: 0.0
133	Gene No. 38, gene caller: glimmer, leftEnd: 18075, rightEnd: 18227, strand: -, length: 153, contig: circular_pair_2015, protein: unknown, score1: 1.0, score2: 0.0
134	Gene No. 89, gene caller: phanotate, leftEnd: 18109, rightEnd: 18207, strand: +, length: 99, contig: circular_pair_2015, protein: unknown, score1: 1.0, score2: 0.0
135	Gene No. 90, gene caller: phanotate, leftEnd: 18261, rightEnd: 18359, strand: +, length: 99, contig: circular_pair_2015, protein: unknown, score1: 1.0, score2: 0.0
136	Gene No. 91, gene caller: phanotate, leftEnd: 18363, rightEnd: 18461, strand: +, length: 99, contig: circular_pair_2015, protein: unknown, score1: 1.0, score2: 0.0
137	Gene No. 92, gene caller: phanotate, leftEnd: 18509, rightEnd: 18616, strand: +, length: 108, contig: circular_pair_2015, protein: unknown, score1: 1.0, score2: 0.0
138	Gene No. 93, gene caller: phanotate, leftEnd: 18813, rightEnd: 18938, strand: +, length: 126, contig: circular_pair_2015, protein: unknown, score1: 1.0, score2: 0.0
139	Gene No. 39, gene caller: glimmer, leftEnd: 18935, rightEnd: 19132, strand: +, length: 198, contig: circular_pair_2015, protein: unknown, score1: 1.0, score2: 0.0
140	Gene No. 94, gene caller: phanotate, leftEnd: 18935, rightEnd: 19132, strand: +, length: 198, contig: circular_pair_2015, protein: unknown, score1: 1.0, score2: 0.0
141	Gene No. 95, gene caller: phanotate, leftEnd: 19148, rightEnd: 19435, strand: +, length: 288, contig: circular_pair_2015, protein: unknown, score1: 1.0, score2: 0.0
142	Gene No. 9, gene caller: prodigal, leftEnd: 19148, rightEnd: 19435, strand: +, length: 288, contig: circular_pair_2015, protein: unknown, score1: 1.0, score2: 0.0
143	Gene No. 96, gene caller: phanotate, leftEnd: 19436, rightEnd: 19678, strand: -, length: 243, contig: circular_pair_2015, protein: unknown, score1: 1.0, score2: 0.0
144	Gene No. 10, gene caller: prodigal, leftEnd: 19436, rightEnd: 19678, strand: -, length: 243, contig: circular_pair_2015, protein: unknown, score1: 1.0, score2: 0.0
145	Gene No. 97, gene caller: phanotate, leftEnd: 19721, rightEnd: 19861, strand: -, length: 141, contig: circular_pair_2015, protein: unknown, score1: 1.0, score2: 0.0
146	Gene No. 11, gene caller: prodigal, leftEnd: 19721, rightEnd: 19861, strand: -, length: 141, contig: circular_pair_2015, protein: unknown, score1: 1.0, score2: 0.0
147	Gene No. 98, gene caller: phanotate, leftEnd: 19836, rightEnd: 20075, strand: -, length: 240, contig: circular_pair_2015, protein: unknown, score1: 1.0, score2: 0.0
148	Gene No. 40, gene caller: glimmer, leftEnd: 20085, rightEnd: 20267, strand: -, length: 183, contig: circular_pair_2015, protein: unknown, score1: 1.0, score2: 0.0
149	Gene No. 99, gene caller: phanotate, leftEnd: 20085, rightEnd: 20267, strand: -, length: 183, contig: circular_pair_2015, protein: unknown, score1: 1.0, score2: 0.0
150	Gene No. 41, gene caller: glimmer, leftEnd: 20266, rightEnd: 20412, strand: +, length: 147, contig: circular_pair_2015, protein: unknown, score1: 1.0, score2: 0.0
151	Gene No. 100, gene caller: phanotate, leftEnd: 20409, rightEnd: 20687, strand: -, length: 279, contig: circular_pair_2015, protein: unknown, score1: 1.0, score2: 0.0
152	Gene No. 12, gene caller: prodigal, leftEnd: 20409, rightEnd: 20687, strand: -, length: 279, contig: circular_pair_2015, protein: unknown, score1: 1.0, score2: 0.0
153	Gene No. 101, gene caller: phanotate, leftEnd: 20731, rightEnd: 20835, strand: -, length: 105, contig: circular_pair_2015, protein: unknown, score1: 1.0, score2: 0.0
154	Gene No. 42, gene caller: glimmer, leftEnd: 20731, rightEnd: 20862, strand: -, length: 132, contig: circular_pair_2015, protein: unknown, score1: 1.0, score2: 0.0
155	Gene No. 102, gene caller: phanotate, leftEnd: 20835, rightEnd: 21029, strand: -, length: 195, contig: circular_pair_2015, protein: unknown, score1: 1.0, score2: 0.0
156	Gene No. 43, gene caller: glimmer, leftEnd: 21109, rightEnd: 21225, strand: -, length: 117, contig: circular_pair_2015, protein: unknown, score1: 1.0, score2: 0.0
157	Gene No. 103, gene caller: phanotate, leftEnd: 21116, rightEnd: 21439, strand: -, length: 324, contig: circular_pair_2015, protein: unknown, score1: 1.0, score2: 0.0
158	Gene No. 104, gene caller: phanotate, leftEnd: 21570, rightEnd: 21677, strand: -, length: 108, contig: circular_pair_2015, protein: unknown, score1: 1.0, score2: 0.0
159	Gene No. 105, gene caller: phanotate, leftEnd: 21667, rightEnd: 21921, strand: -, length: 255, contig: circular_pair_2015, protein: unknown, score1: 1.0, score2: 0.0
160	Gene No. 13, gene caller: prodigal, leftEnd: 21667, rightEnd: 21921, strand: -, length: 255, contig: circular_pair_2015, protein: unknown, score1: 1.0, score2: 0.0
161	Gene No. 106, gene caller: phanotate, leftEnd: 21955, rightEnd: 22191, strand: -, length: 237, contig: circular_pair_2015, protein: unknown, score1: 1.0, score2: 0.0
162	Gene No. 14, gene caller: prodigal, leftEnd: 21955, rightEnd: 22191, strand: -, length: 237, contig: circular_pair_2015, protein: unknown, score1: 1.0, score2: 0.0
163	Gene No. 107, gene caller: phanotate, leftEnd: 22336, rightEnd: 22452, strand: -, length: 117, contig: circular_pair_2015, protein: unknown, score1: 1.0, score2: 0.0
164	Gene No. 44, gene caller: glimmer, leftEnd: 22495, rightEnd: 22632, strand: +, length: 138, contig: circular_pair_2015, protein: unknown, score1: 1.0, score2: 0.0
165	Gene No. 108, gene caller: phanotate, leftEnd: 22532, rightEnd: 22804, strand: -, length: 273, contig: circular_pair_2015, protein: unknown, score1: 1.0, score2: 0.0
166	Gene No. 15, gene caller: prodigal, leftEnd: 22532, rightEnd: 22804, strand: -, length: 273, contig: circular_pair_2015, protein: unknown, score1: 1.0, score2: 0.0
167	Gene No. 45, gene caller: glimmer, leftEnd: 22900, rightEnd: 23070, strand: -, length: 171, contig: circular_pair_2015, protein: unknown, score1: 1.0, score2: 0.0
168	Gene No. 109, gene caller: phanotate, leftEnd: 22900, rightEnd: 23070, strand: -, length: 171, contig: circular_pair_2015, protein: unknown, score1: 1.0, score2: 0.0
169	Gene No. 110, gene caller: phanotate, leftEnd: 23057, rightEnd: 23146, strand: -, length: 90, contig: circular_pair_2015, protein: unknown, score1: 1.0, score2: 0.0
170	Gene No. 16, gene caller: prodigal, leftEnd: 23057, rightEnd: 23146, strand: -, length: 90, contig: circular_pair_2015, protein: unknown, score1: 1.0, score2: 0.0
171	Gene No. 111, gene caller: phanotate, leftEnd: 23212, rightEnd: 23430, strand: -, length: 219, contig: circular_pair_2015, protein: unknown, score1: 1.0, score2: 0.0
172	Gene No. 46, gene caller: glimmer, leftEnd: 23281, rightEnd: 23409, strand: +, length: 129, contig: circular_pair_2015, protein: unknown, score1: 1.0, score2: 0.0
173	Gene No. 112, gene caller: phanotate, leftEnd: 23441, rightEnd: 23554, strand: -, length: 114, contig: circular_pair_2015, protein: unknown, score1: 1.0, score2: 0.0
174	Gene No. 47, gene caller: glimmer, leftEnd: 23613, rightEnd: 23744, strand: -, length: 132, contig: circular_pair_2015, protein: unknown, score1: 1.0, score2: 0.0
175	Gene No. 113, gene caller: phanotate, leftEnd: 23613, rightEnd: 23744, strand: -, length: 132, contig: circular_pair_2015, protein: unknown, score1: 1.0, score2: 0.0
176	Gene No. 114, gene caller: phanotate, leftEnd: 23899, rightEnd: 24012, strand: +, length: 114, contig: circular_pair_2015, protein: unknown, score1: 1.0, score2: 0.0
177	Gene No. 48, gene caller: glimmer, leftEnd: 24073, rightEnd: 24333, strand: -, length: 261, contig: circular_pair_2015, protein: unknown, score1: 1.0, score2: 0.0
178	Gene No. 115, gene caller: phanotate, leftEnd: 24073, rightEnd: 24333, strand: -, length: 261, contig: circular_pair_2015, protein: unknown, score1: 1.0, score2: 0.0
179	Gene No. 116, gene caller: phanotate, leftEnd: 24307, rightEnd: 24657, strand: +, length: 351, contig: circular_pair_2015, protein: unknown, score1: 1.0, score2: 0.0
180	Gene No. 17, gene caller: prodigal, leftEnd: 24307, rightEnd: 24657, strand: +, length: 351, contig: circular_pair_2015, protein: unknown, score1: 1.0, score2: 0.0
181	Gene No. 49, gene caller: glimmer, leftEnd: 24385, rightEnd: 24657, strand: +, length: 273, contig: circular_pair_2015, protein: unknown, score1: 1.0, score2: 0.0
182	Gene No. 50, gene caller: glimmer, leftEnd: 24658, rightEnd: 24795, strand: +, length: 138, contig: circular_pair_2015, protein: unknown, score1: 1.0, score2: 0.0
183	Gene No. 117, gene caller: phanotate, leftEnd: 24658, rightEnd: 24795, strand: +, length: 138, contig: circular_pair_2015, protein: unknown, score1: 1.0, score2: 0.0
184	Gene No. 18, gene caller: prodigal, leftEnd: 24658, rightEnd: 24795, strand: +, length: 138, contig: circular_pair_2015, protein: unknown, score1: 1.0, score2: 0.0
185	Gene No. 51, gene caller: glimmer, leftEnd: 24855, rightEnd: 25127, strand: +, length: 273, contig: circular_pair_2015, protein: unknown, score1: 1.0, score2: 0.0
186	Gene No. 118, gene caller: phanotate, leftEnd: 24855, rightEnd: 25127, strand: +, length: 273, contig: circular_pair_2015, protein: unknown, score1: 1.0, score2: 0.0
187	Gene No. 19, gene caller: prodigal, leftEnd: 24855, rightEnd: 25127, strand: +, length: 273, contig: circular_pair_2015, protein: unknown, score1: 1.0, score2: 0.0
188	Gene No. 119, gene caller: phanotate, leftEnd: 25127, rightEnd: 25351, strand: +, length: 225, contig: circular_pair_2015, protein: unknown, score1: 1.0, score2: 0.0
189	Gene No. 20, gene caller: prodigal, leftEnd: 25127, rightEnd: 25351, strand: +, length: 225, contig: circular_pair_2015, protein: unknown, score1: 1.0, score2: 0.0
190	Gene No. 120, gene caller: phanotate, leftEnd: 25293, rightEnd: 25628, strand: +, length: 336, contig: circular_pair_2015, protein: unknown, score1: 1.0, score2: 0.0
191	Gene No. 21, gene caller: prodigal, leftEnd: 25293, rightEnd: 25628, strand: +, length: 336, contig: circular_pair_2015, protein: unknown, score1: 1.0, score2: 0.0
Comparing across geneCall sets....
Scoring gene calls....
Identifying common core...
This is the Common Core List:

***************Common Core
CC-gene 1	Gene No. 1, gene caller: All_callers, leftEnd: 11980, rightEnd: 12267, strand: +, length: 288, contig: circular_pair_2015, protein: unknown, score1: 1.0, score2: 0.0
CC-gene 2	Gene No. 1, gene caller: All_callers, leftEnd: 24658, rightEnd: 24795, strand: +, length: 138, contig: circular_pair_2015, protein: unknown, score1: 1.0, score2: 0.0
CC-gene 3	Gene No. 1, gene caller: All_callers, leftEnd: 24855, rightEnd: 25127, strand: +, length: 273, contig: circular_pair_2015, protein: unknown, score1: 1.0, score2: 0.0
Printing gene-call superset, consensus, and common_core in GFF and CGC formats
Printing report....
The following gene callers were considered: glimmer, phanotate, prodigal, The number of distinct gene calls over all gene callers is 143
The number of gene calls in common among all callers is 3
The number of unique (non-matching) gene calls is98
Caller glimmer produced 50 gene calls.
Caller glimmer gene-call length stats:  min: 114, max: 354, ave: 169.86
Caller phanotate produced 120 gene calls.
Caller phanotate gene-call length stats:  min: 90, max: 408, ave: 158.475
Caller prodigal produced 21 gene calls.
Caller prodigal gene-call length stats:  min: 90, max: 408, ave: 247.28571428571428

Gene-call Scores:
Caller	Contig	Gene No.	Left End	Right End	Strand	gcScore
phanotate	circular_pair_2015	1	92	193	-	0.33
glimmer	circular_pair_2015	2	197	343	-	0.83
phanotate	circular_pair_2015	2	197	343	-	0.83
glimmer	circular_pair_2015	3	383	508	-	0.83
phanotate	circular_pair_2015	3	383	508	-	0.83
phanotate	circular_pair_2015	4	529	630	-	0.33
phanotate	circular_pair_2015	5	666	905	-	0.33
glimmer	circular_pair_2015	4	808	927	+	0.33
glimmer	circular_pair_2015	5	911	1156	-	0.33
phanotate	circular_pair_2015	6	1002	1217	+	0.83
prodigal	circular_pair_2015	1	1002	1217	+	0.83
phanotate	circular_pair_2015	7	1220	1327	-	0.50
glimmer	circular_pair_2015	6	1220	1408	-	0.50
phanotate	circular_pair_2015	8	1366	1482	-	0.33
phanotate	circular_pair_2015	9	1717	1830	-	0.33
phanotate	circular_pair_2015	10	1963	2202	-	0.33
glimmer	circular_pair_2015	7	2267	2410	-	0.83
phanotate	circular_pair_2015	11	2267	2410	-	0.83
phanotate	circular_pair_2015	12	2548	2637	-	0.33
phanotate	circular_pair_2015	13	2610	2720	-	0.33
glimmer	circular_pair_2015	8	2745	2897	-	0.83
phanotate	circular_pair_2015	14	2745	2897	-	0.83
phanotate	circular_pair_2015	15	3125	3232	-	0.33
phanotate	circular_pair_2015	16	3211	3324	+	0.33
glimmer	circular_pair_2015	9	3302	3427	+	0.50
phanotate	circular_pair_2015	17	3338	3427	+	0.50
phanotate	circular_pair_2015	18	3573	3683	+	0.33
phanotate	circular_pair_2015	19	3658	3798	+	0.33
phanotate	circular_pair_2015	20	3811	3912	+	0.33
glimmer	circular_pair_2015	10	4345	4491	-	0.83
phanotate	circular_pair_2015	21	4345	4491	-	0.83
phanotate	circular_pair_2015	22	4517	4699	-	0.50
glimmer	circular_pair_2015	11	4517	4729	-	0.50
phanotate	circular_pair_2015	23	4747	4839	-	0.33
phanotate	circular_pair_2015	24	4894	5037	-	0.33
phanotate	circular_pair_2015	25	5053	5187	-	0.33
phanotate	circular_pair_2015	26	5194	5397	-	0.33
prodigal	circular_pair_2015	2	5211	5378	+	0.33
phanotate	circular_pair_2015	27	5462	5569	-	0.33
glimmer	circular_pair_2015	12	5538	5714	+	0.83
phanotate	circular_pair_2015	28	5538	5714	+	0.83
glimmer	circular_pair_2015	13	5794	5916	+	0.50
phanotate	circular_pair_2015	29	5821	5916	+	0.50
glimmer	circular_pair_2015	14	5968	6081	-	0.83
phanotate	circular_pair_2015	30	5968	6081	-	0.83
glimmer	circular_pair_2015	15	6216	6371	-	0.83
phanotate	circular_pair_2015	31	6216	6371	-	0.83
glimmer	circular_pair_2015	16	6341	6466	-	0.50
phanotate	circular_pair_2015	32	6341	6547	-	0.50
phanotate	circular_pair_2015	33	6658	6753	-	0.33
phanotate	circular_pair_2015	34	6804	6959	-	0.33
phanotate	circular_pair_2015	35	6950	7090	-	0.33
phanotate	circular_pair_2015	36	7145	7300	-	0.33
glimmer	circular_pair_2015	17	7359	7580	-	0.83
phanotate	circular_pair_2015	37	7359	7580	-	0.83
phanotate	circular_pair_2015	38	7649	7738	+	0.33
phanotate	circular_pair_2015	39	7893	7994	-	0.33
phanotate	circular_pair_2015	40	8043	8135	+	0.33
phanotate	circular_pair_2015	41	8144	8254	+	0.33
phanotate	circular_pair_2015	42	8292	8468	+	0.33
glimmer	circular_pair_2015	18	8309	8512	-	0.33
phanotate	circular_pair_2015	43	8502	8690	+	0.33
phanotate	circular_pair_2015	44	8712	8816	+	0.33
phanotate	circular_pair_2015	45	8870	9031	+	0.33
glimmer	circular_pair_2015	19	9276	9548	-	0.83
phanotate	circular_pair_2015	46	9276	9548	-	0.83
phanotate	circular_pair_2015	47	9487	9609	-	0.33
phanotate	circular_pair_2015	48	9728	9976	-	0.33
phanotate	circular_pair_2015	49	9976	10065	-	0.33
glimmer	circular_pair_2015	20	10066	10188	-	0.83
phanotate	circular_pair_2015	50	10066	10188	-	0.83
phanotate	circular_pair_2015	51	10204	10299	-	0.33
glimmer	circular_pair_2015	21	10374	10490	-	0.83
phanotate	circular_pair_2015	52	10374	10490	-	0.83
phanotate	circular_pair_2015	53	10762	10929	-	0.33
phanotate	circular_pair_2015	54	10940	11098	-	0.33
phanotate	circular_pair_2015	55	11073	11357	-	0.33
glimmer	circular_pair_2015	22	11483	11641	-	0.50
phanotate	circular_pair_2015	56	11483	11680	-	0.83
prodigal	circular_pair_2015	3	11483	11680	-	0.83
phanotate	circular_pair_2015	57	11748	11846	-	0.33
phanotate	circular_pair_2015	58	11820	11927	+	0.33
glimmer	circular_pair_2015	23	11980	12267	+	1.00
phanotate	circular_pair_2015	59	11980	12267	+	1.00
prodigal	circular_pair_2015	4	11980	12267	+	1.00
phanotate	circular_pair_2015	60	12227	12346	+	0.33
phanotate	circular_pair_2015	61	12417	12800	+	0.83
prodigal	circular_pair_2015	5	12417	12800	+	0.83
glimmer	circular_pair_2015	24	12637	12762	+	0.33
phanotate	circular_pair_2015	62	12819	13226	+	0.83
prodigal	circular_pair_2015	6	12819	13226	+	0.83
glimmer	circular_pair_2015	25	12873	13226	+	0.50
phanotate	circular_pair_2015	63	13312	13422	+	0.33
phanotate	circular_pair_2015	64	13542	13646	+	0.33
glimmer	circular_pair_2015	26	13570	13758	-	0.33
phanotate	circular_pair_2015	65	13646	13735	+	0.33
phanotate	circular_pair_2015	66	13819	13917	+	0.33
phanotate	circular_pair_2015	67	13972	14061	+	0.33
glimmer	circular_pair_2015	27	14058	14177	-	0.83
phanotate	circular_pair_2015	68	14058	14177	-	0.83
glimmer	circular_pair_2015	28	14348	14470	+	0.83
phanotate	circular_pair_2015	69	14348	14470	+	0.83
phanotate	circular_pair_2015	70	14514	14609	+	0.33
phanotate	circular_pair_2015	71	14651	14854	-	0.33
glimmer	circular_pair_2015	29	14924	15052	+	0.83
phanotate	circular_pair_2015	72	14924	15052	+	0.83
glimmer	circular_pair_2015	30	15079	15240	-	0.33
phanotate	circular_pair_2015	73	15101	15202	+	0.33
phanotate	circular_pair_2015	74	15325	15444	+	0.33
phanotate	circular_pair_2015	75	15513	15614	+	0.33
glimmer	circular_pair_2015	31	15605	15793	-	0.83
phanotate	circular_pair_2015	76	15605	15793	-	0.83
glimmer	circular_pair_2015	32	15774	15947	-	0.83
phanotate	circular_pair_2015	77	15774	15947	-	0.83
phanotate	circular_pair_2015	78	16044	16145	-	0.33
glimmer	circular_pair_2015	33	16108	16236	-	0.33
glimmer	circular_pair_2015	34	16211	16333	-	0.83
phanotate	circular_pair_2015	79	16211	16333	-	0.83
phanotate	circular_pair_2015	80	16333	16437	-	0.33
phanotate	circular_pair_2015	81	16421	16537	+	0.33
phanotate	circular_pair_2015	82	16521	16610	+	0.33
glimmer	circular_pair_2015	35	16658	16807	+	0.83
phanotate	circular_pair_2015	83	16658	16807	+	0.83
glimmer	circular_pair_2015	36	16906	17019	+	0.83
phanotate	circular_pair_2015	84	16906	17019	+	0.83
phanotate	circular_pair_2015	85	17202	17387	+	0.33
glimmer	circular_pair_2015	37	17512	17784	+	0.50
phanotate	circular_pair_2015	86	17545	17784	+	0.83
prodigal	circular_pair_2015	7	17545	17784	+	0.83
phanotate	circular_pair_2015	87	17799	17960	+	0.83
prodigal	circular_pair_2015	8	17799	17960	+	0.83
phanotate	circular_pair_2015	88	17974	18078	+	0.33
glimmer	circular_pair_2015	38	18075	18227	-	0.33
phanotate	circular_pair_2015	89	18109	18207	+	0.33
phanotate	circular_pair_2015	90	18261	18359	+	0.33
phanotate	circular_pair_2015	91	18363	18461	+	0.33
phanotate	circular_pair_2015	92	18509	18616	+	0.33
phanotate	circular_pair_2015	93	18813	18938	+	0.33
glimmer	circular_pair_2015	39	18935	19132	+	0.83
phanotate	circular_pair_2015	94	18935	19132	+	0.83
phanotate	circular_pair_2015	95	19148	19435	+	0.83
prodigal	circular_pair_2015	9	19148	19435	+	0.83
phanotate	circular_pair_2015	96	19436	19678	-	0.83
prodigal	circular_pair_2015	10	19436	19678	-	0.83
phanotate	circular_pair_2015	97	19721	19861	-	0.83
prodigal	circular_pair_2015	11	19721	19861	-	0.83
phanotate	circular_pair_2015	98	19836	20075	-	0.33
glimmer	circular_pair_2015	40	20085	20267	-	0.83
phanotate	circular_pair_2015	99	20085	20267	-	0.83
glimmer	circular_pair_2015	41	20266	20412	+	0.33
phanotate	circular_pair_2015	100	20409	20687	-	0.83
prodigal	circular_pair_2015	12	20409	20687	-	0.83
phanotate	circular_pair_2015	101	20731	20835	-	0.50
glimmer	circular_pair_2015	42	20731	20862	-	0.50
phanotate	circular_pair_2015	102	20835	21029	-	0.33
glimmer	circular_pair_2015	43	21109	21225	-	0.33
phanotate	circular_pair_2015	103	21116	21439	-	0.33
phanotate	circular_pair_2015	104	21570	21677	-	0.33
phanotate	circular_pair_2015	105	21667	21921	-	0.83
prodigal	circular_pair_2015	13	21667	21921	-	0.83
phanotate	circular_pair_2015	106	21955	22191	-	0.83
prodigal	circular_pair_2015	14	21955	22191	-	0.83
phanotate	circular_pair_2015	107	22336	22452	-	0.33
glimmer	circular_pair_2015	44	22495	22632	+	0.33
phanotate	circular_pair_2015	108	22532	22804	-	0.83
prodigal	circular_pair_2015	15	22532	22804	-	0.83
glimmer	circular_pair_2015	45	22900	23070	-	0.83
phanotate	circular_pair_2015	109	22900	23070	-	0.83
phanotate	circular_pair_2015	110	23057	23146	-	0.83
prodigal	circular_pair_2015	16	23057	23146	-	0.83
phanotate	circular_pair_2015	111	23212	23430	-	0.33
glimmer	circular_pair_2015	46	23281	23409	+	0.33
phanotate	circular_pair_2015	112	23441	23554	-	0.33
glimmer	circular_pair_2015	47	23613	23744	-	0.83
phanotate	circular_pair_2015	113	23613	23744	-	0.83
phanotate	circular_pair_2015	114	23899	24012	+	0.33
glimmer	circular_pair_2015	48	24073	24333	-	0.83
phanotate	circular_pair_2015	115	24073	24333	-	0.83
phanotate	circular_pair_2015	116	24307	24657	+	0.83
prodigal	circular_pair_2015	17	24307	24657	+	0.83
glimmer	circular_pair_2015	49	24385	24657	+	0.50
glimmer	circular_pair_2015	50	24658	24795	+	1.00
phanotate	circular_pair_2015	117	24658	24795	+	1.00
prodigal	circular_pair_2015	18	24658	24795	+	1.00
glimmer	circular_pair_2015	51	24855	25127	+	1.00
phanotate	circular_pair_2015	118	24855	25127	+	1.00
prodigal	circular_pair_2015	19	24855	25127	+	1.00
phanotate	circular_pair_2015	119	25127	25351	+	0.83
prodigal	circular_pair_2015	20	25127	25351	+	0.83
phanotate	circular_pair_2015	120	25293	25628	+	0.83
prodigal	circular_pair_2015	21	25293	25628	+	0.83

Gene-call Consensus Scores:
Caller glimmer average gene-call score: 0.66
Caller phanotate average gene-call score: 0.53
Caller prodigal average gene-call score: 0.83

***************Unique List
Unique gene call 1
  --  Gene No. 1, gene caller: phanotate, leftEnd: 92, rightEnd: 193, strand: -, length: 102, contig: circular_pair_2015, protein: unknown, score1: 0.3333333333333333, score2: 0.0
Unique gene call 2
  --  Gene No. 2, gene caller: glimmer, leftEnd: 197, rightEnd: 343, strand: -, length: 147, contig: circular_pair_2015, protein: unknown, score1: 0.8333333333333333, score2: 0.0
  --  Gene No. 2, gene caller: phanotate, leftEnd: 197, rightEnd: 343, strand: -, length: 147, contig: circular_pair_2015, protein: unknown, score1: 0.8333333333333333, score2: 0.0
Unique gene call 3
  --  Gene No. 3, gene caller: glimmer, leftEnd: 383, rightEnd: 508, strand: -, length: 126, contig: circular_pair_2015, protein: unknown, score1: 0.8333333333333333, score2: 0.0
  --  Gene No. 3, gene caller: phanotate, leftEnd: 383, rightEnd: 508, strand: -, length: 126, contig: circular_pair_2015, protein: unknown, score1: 0.8333333333333333, score2: 0.0
Unique gene call 4
  --  Gene No. 4, gene caller: phanotate, leftEnd: 529, rightEnd: 630, strand: -, length: 102, contig: circular_pair_2015, protein: unknown, score1: 0.3333333333333333, score2: 0.0
Unique gene call 5
  --  Gene No. 5, gene caller: phanotate, leftEnd: 666, rightEnd: 905, strand: -, length: 240, contig: circular_pair_2015, protein: unknown, score1: 0.3333333333333333, score2: 0.0
Unique gene call 6
  --  Gene No. 4, gene caller: glimmer, leftEnd: 808, rightEnd: 927, strand: +, length: 120, contig: circular_pair_2015, protein: unknown, score1: 0.3333333333333333, score2: 0.0
Unique gene call 7
  --  Gene No. 5, gene caller: glimmer, leftEnd: 911, rightEnd: 1156, strand: -, length: 246, contig: circular_pair_2015, protein: unknown, score1: 0.3333333333333333, score2: 0.0
Unique gene call 8
  --  Gene No. 6, gene caller: phanotate, leftEnd: 1002, rightEnd: 1217, strand: +, length: 216, contig: circular_pair_2015, protein: unknown, score1: 0.8333333333333333, score2: 0.0
  --  Gene No. 1, gene caller: prodigal, leftEnd: 1002, rightEnd: 1217, strand: +, length: 216, contig: circular_pair_2015, protein: unknown, score1: 0.8333333333333333, score2: 0.0
Unique gene call 9
  --  Gene No. 7, gene caller: phanotate, leftEnd: 1220, rightEnd: 1327, strand: -, length: 108, contig: circular_pair_2015, protein: unknown, score1: 0.5, score2: 0.0
Unique gene call 10
  --  Gene No. 6, gene caller: glimmer, leftEnd: 1220, rightEnd: 1408, strand: -, length: 189, contig: circular_pair_2015, protein: unknown, score1: 0.5, score2: 0.0
Unique gene call 11
  --  Gene No. 8, gene caller: phanotate, leftEnd: 1366, rightEnd: 1482, strand: -, length: 117, contig: circular_pair_2015, protein: unknown, score1: 0.3333333333333333, score2: 0.0
Unique gene call 12
  --  Gene No. 9, gene caller: phanotate, leftEnd: 1717, rightEnd: 1830, strand: -, length: 114, contig: circular_pair_2015, protein: unknown, score1: 0.3333333333333333, score2: 0.0
Unique gene call 13
  --  Gene No. 10, gene caller: phanotate, leftEnd: 1963, rightEnd: 2202, strand: -, length: 240, contig: circular_pair_2015, protein: unknown, score1: 0.3333333333333333, score2: 0.0
Unique gene call 14
  --  Gene No. 7, gene caller: glimmer, leftEnd: 2267, rightEnd: 2410, strand: -, length: 144, contig: circular_pair_2015, protein: unknown, score1: 0.8333333333333333, score2: 0.0
  --  Gene No. 11, gene caller: phanotate, leftEnd: 2267, rightEnd: 2410, strand: -, length: 144, contig: circular_pair_2015, protein: unknown, score1: 0.8333333333333333, score2: 0.0
Unique gene call 15
  --  Gene No. 12, gene caller: phanotate, leftEnd: 2548, rightEnd: 2637, strand: -, length: 90, contig: circular_pair_2015, protein: unknown, score1: 0.3333333333333333, score2: 0.0
Unique gene call 16
  --  Gene No. 13, gene caller: phanotate, leftEnd: 2610, rightEnd: 2720, strand: -, length: 111, contig: circular_pair_2015, protein: unknown, score1: 0.3333333333333333, score2: 0.0
Unique gene call 17
  --  Gene No. 8, gene caller: glimmer, leftEnd: 2745, rightEnd: 2897, strand: -, length: 153, contig: circular_pair_2015, protein: unknown, score1: 0.8333333333333333, score2: 0.0
  --  Gene No. 14, gene caller: phanotate, leftEnd: 2745, rightEnd: 2897, strand: -, length: 153, contig: circular_pair_2015, protein: unknown, score1: 0.8333333333333333, score2: 0.0
Unique gene call 18
  --  Gene No. 15, gene caller: phanotate, leftEnd: 3125, rightEnd: 3232, strand: -, length: 108, contig: circular_pair_2015, protein: unknown, score1: 0.3333333333333333, score2: 0.0
Unique gene call 19
  --  Gene No. 16, gene caller: phanotate, leftEnd: 3211, rightEnd: 3324, strand: +, length: 114, contig: circular_pair_2015, protein: unknown, score1: 0.3333333333333333, score2: 0.0
Unique gene call 20
  --  Gene No. 9, gene caller: glimmer, leftEnd: 3302, rightEnd: 3427, strand: +, length: 126, contig: circular_pair_2015, protein: unknown, score1: 0.5, score2: 0.0
Unique gene call 21
  --  Gene No. 17, gene caller: phanotate, leftEnd: 3338, rightEnd: 3427, strand: +, length: 90, contig: circular_pair_2015, protein: unknown, score1: 0.5, score2: 0.0
Unique gene call 22
  --  Gene No. 18, gene caller: phanotate, leftEnd: 3573, rightEnd: 3683, strand: +, length: 111, contig: circular_pair_2015, protein: unknown, score1: 0.3333333333333333, score2: 0.0
Unique gene call 23
  --  Gene No. 19, gene caller: phanotate, leftEnd: 3658, rightEnd: 3798, strand: +, length: 141, contig: circular_pair_2015, protein: unknown, score1: 0.3333333333333333, score2: 0.0
Unique gene call 24
  --  Gene No. 20, gene caller: phanotate, leftEnd: 3811, rightEnd: 3912, strand: +, length: 102, contig: circular_pair_2015, protein: unknown, score1: 0.3333333333333333, score2: 0.0
Unique gene call 25
  --  Gene No. 10, gene caller: glimmer, leftEnd: 4345, rightEnd: 4491, strand: -, length: 147, contig: circular_pair_2015, protein: unknown, score1: 0.8333333333333333, score2: 0.0
  --  Gene No. 21, gene caller: phanotate, leftEnd: 4345, rightEnd: 4491, strand: -, length: 147, contig: circular_pair_2015, protein: unknown, score1: 0.8333333333333333, score2: 0.0
Unique gene call 26
  --  Gene No. 22, gene caller: phanotate, leftEnd: 4517, rightEnd: 4699, strand: -, length: 183, contig: circular_pair_2015, protein: unknown, score1: 0.5, score2: 0.0
Unique gene call 27
  --  Gene No. 11, gene caller: glimmer, leftEnd: 4517, rightEnd: 4729, strand: -, length: 213, contig: circular_pair_2015, protein: unknown, score1: 0.5, score2: 0.0
Unique gene call 28
  --  Gene No. 23, gene caller: phanotate, leftEnd: 4747, rightEnd: 4839, strand: -, length: 93, contig: circular_pair_2015, protein: unknown, score1: 0.3333333333333333, score2: 0.0
Unique gene call 29
  --  Gene No. 24, gene caller: phanotate, leftEnd: 4894, rightEnd: 5037, strand: -, length: 144, contig: circular_pair_2015, protein: unknown, score1: 0.3333333333333333, score2: 0.0
Unique gene call 30
  --  Gene No. 25, gene caller: phanotate, leftEnd: 5053, rightEnd: 5187, strand: -, length: 135, contig: circular_pair_2015, protein: unknown, score1: 0.3333333333333333, score2: 0.0
Unique gene call 31
  --  Gene No. 26, gene caller: phanotate, leftEnd: 5194, rightEnd: 5397, strand: -, length: 204, contig: circular_pair_2015, protein: unknown, score1: 0.3333333333333333, score2: 0.0
Unique gene call 32
  --  Gene No. 2, gene caller: prodigal, leftEnd: 5211, rightEnd: 5378, strand: +, length: 168, contig: circular_pair_2015, protein: unknown, score1: 0.3333333333333333, score2: 0.0
Unique gene call 33
  --  Gene No. 27, gene caller: phanotate, leftEnd: 5462, rightEnd: 5569, strand: -, length: 108, contig: circular_pair_2015, protein: unknown, score1: 0.3333333333333333, score2: 0.0
Unique gene call 34
  --  Gene No. 12, gene caller: glimmer, leftEnd: 5538, rightEnd: 5714, strand: +, length: 177, contig: circular_pair_2015, protein: unknown, score1: 0.8333333333333333, score2: 0.0
  --  Gene No. 28, gene caller: phanotate, leftEnd: 5538, rightEnd: 5714, strand: +, length: 177, contig: circular_pair_2015, protein: unknown, score1: 0.8333333333333333, score2: 0.0
Unique gene call 35
  --  Gene No. 13, gene caller: glimmer, leftEnd: 5794, rightEnd: 5916, strand: +, length: 123, contig: circular_pair_2015, protein: unknown, score1: 0.5, score2: 0.0
Unique gene call 36
  --  Gene No. 29, gene caller: phanotate, leftEnd: 5821, rightEnd: 5916, strand: +, length: 96, contig: circular_pair_2015, protein: unknown, score1: 0.5, score2: 0.0
Unique gene call 37
  --  Gene No. 14, gene caller: glimmer, leftEnd: 5968, rightEnd: 6081, strand: -, length: 114, contig: circular_pair_2015, protein: unknown, score1: 0.8333333333333333, score2: 0.0
  --  Gene No. 30, gene caller: phanotate, leftEnd: 5968, rightEnd: 6081, strand: -, length: 114, contig: circular_pair_2015, protein: unknown, score1: 0.8333333333333333, score2: 0.0
Unique gene call 38
  --  Gene No. 15, gene caller: glimmer, leftEnd: 6216, rightEnd: 6371, strand: -, length: 156, contig: circular_pair_2015, protein: unknown, score1: 0.8333333333333333, score2: 0.0
  --  Gene No. 31, gene caller: phanotate, leftEnd: 6216, rightEnd: 6371, strand: -, length: 156, contig: circular_pair_2015, protein: unknown, score1: 0.8333333333333333, score2: 0.0
Unique gene call 39
  --  Gene No. 16, gene caller: glimmer, leftEnd: 6341, rightEnd: 6466, strand: -, length: 126, contig: circular_pair_2015, protein: unknown, score1: 0.5, score2: 0.0
Unique gene call 40
  --  Gene No. 32, gene caller: phanotate, leftEnd: 6341, rightEnd: 6547, strand: -, length: 207, contig: circular_pair_2015, protein: unknown, score1: 0.5, score2: 0.0
Unique gene call 41
  --  Gene No. 33, gene caller: phanotate, leftEnd: 6658, rightEnd: 6753, strand: -, length: 96, contig: circular_pair_2015, protein: unknown, score1: 0.3333333333333333, score2: 0.0
Unique gene call 42
  --  Gene No. 34, gene caller: phanotate, leftEnd: 6804, rightEnd: 6959, strand: -, length: 156, contig: circular_pair_2015, protein: unknown, score1: 0.3333333333333333, score2: 0.0
Unique gene call 43
  --  Gene No. 35, gene caller: phanotate, leftEnd: 6950, rightEnd: 7090, strand: -, length: 141, contig: circular_pair_2015, protein: unknown, score1: 0.3333333333333333, score2: 0.0
Unique gene call 44
  --  Gene No. 36, gene caller: phanotate, leftEnd: 7145, rightEnd: 7300, strand: -, length: 156, contig: circular_pair_2015, protein: unknown, score1: 0.3333333333333333, score2: 0.0
Unique gene call 45
  --  Gene No. 17, gene caller: glimmer, leftEnd: 7359, rightEnd: 7580, strand: -, length: 222, contig: circular_pair_2015, protein: unknown, score1: 0.8333333333333333, score2: 0.0
  --  Gene No. 37, gene caller: phanotate, leftEnd: 7359, rightEnd: 7580, strand: -, length: 222, contig: circular_pair_2015, protein: unknown, score1: 0.8333333333333333, score2: 0.0
Unique gene call 46
  --  Gene No. 38, gene caller: phanotate, leftEnd: 7649, rightEnd: 7738, strand: +, length: 90, contig: circular_pair_2015, protein: unknown, score1: 0.3333333333333333, score2: 0.0
Unique gene call 47
  --  Gene No. 39, gene caller: phanotate, leftEnd: 7893, rightEnd: 7994, strand: -, length: 102, contig: circular_pair_2015, protein: unknown, score1: 0.3333333333333333, score2: 0.0
Unique gene call 48
  --  Gene No. 40, gene caller: phanotate, leftEnd: 8043, rightEnd: 8135, strand: +, length: 93, contig: circular_pair_2015, protein: unknown, score1: 0.3333333333333333, score2: 0.0
Unique gene call 49
  --  Gene No. 41, gene caller: phanotate, leftEnd: 8144, rightEnd: 8254, strand: +, length: 111, contig: circular_pair_2015, protein: unknown, score1: 0.3333333333333333, score2: 0.0
Unique gene call 50
  --  Gene No. 42, gene caller: phanotate, leftEnd: 8292, rightEnd: 8468, strand: +, length: 177, contig: circular_pair_2015, protein: unknown, score1: 0.3333333333333333, score2: 0.0
Unique gene call 51
  --  Gene No. 18, gene caller: glimmer, leftEnd: 8309, rightEnd: 8512, strand: -, length: 204, contig: circular_pair_2015, protein: unknown, score1: 0.3333333333333333, score2: 0.0
Unique gene call 52
  --  Gene No. 43, gene caller: phanotate, leftEnd: 8502, rightEnd: 8690, strand: +, length: 189, contig: circular_pair_2015, protein: unknown, score1: 0.3333333333333333, score2: 0.0
Unique gene call 53
  --  Gene No. 44, gene caller: phanotate, leftEnd: 8712, rightEnd: 8816, strand: +, length: 105, contig: circular_pair_2015, protein: unknown, score1: 0.3333333333333333, score2: 0.0
Unique gene call 54
  --  Gene No. 45, gene caller: phanotate, leftEnd: 8870, rightEnd: 9031, strand: +, length: 162, contig: circular_pair_2015, protein: unknown, score1: 0.3333333333333333, score2: 0.0
Unique gene call 55
  --  Gene No. 19, gene caller: glimmer, leftEnd: 9276, rightEnd: 9548, strand: -, length: 273, contig: circular_pair_2015, protein: unknown, score1: 0.8333333333333333, score2: 0.0
  --  Gene No. 46, gene caller: phanotate, leftEnd: 9276, rightEnd: 9548, strand: -, length: 273, contig: circular_pair_2015, protein: unknown, score1: 0.8333333333333333, score2: 0.0
Unique gene call 56
  --  Gene No. 47, gene caller: phanotate, leftEnd: 9487, rightEnd: 9609, strand: -, length: 123, contig: circular_pair_2015, protein: unknown, score1: 0.3333333333333333, score2: 0.0
Unique gene call 57
  --  Gene No. 48, gene caller: phanotate, leftEnd: 9728, rightEnd: 9976, strand: -, length: 249, contig: circular_pair_2015, protein: unknown, score1: 0.3333333333333333, score2: 0.0
Unique gene call 58
  --  Gene No. 49, gene caller: phanotate, leftEnd: 9976, rightEnd: 10065, strand: -, length: 90, contig: circular_pair_2015, protein: unknown, score1: 0.3333333333333333, score2: 0.0
Unique gene call 59
  --  Gene No. 20, gene caller: glimmer, leftEnd: 10066, rightEnd: 10188, strand: -, length: 123, contig: circular_pair_2015, protein: unknown, score1: 0.8333333333333333, score2: 0.0
  --  Gene No. 50, gene caller: phanotate, leftEnd: 10066, rightEnd: 10188, strand: -, length: 123, contig: circular_pair_2015, protein: unknown, score1: 0.8333333333333333, score2: 0.0
Unique gene call 60
  --  Gene No. 51, gene caller: phanotate, leftEnd: 10204, rightEnd: 10299, strand: -, length: 96, contig: circular_pair_2015, protein: unknown, score1: 0.3333333333333333, score2: 0.0
Unique gene call 61
  --  Gene No. 21, gene caller: glimmer, leftEnd: 10374, rightEnd: 10490, strand: -, length: 117, contig: circular_pair_2015, protein: unknown, score1: 0.8333333333333333, score2: 0.0
  --  Gene No. 52, gene caller: phanotate, leftEnd: 10374, rightEnd: 10490, strand: -, length: 117, contig: circular_pair_2015, protein: unknown, score1: 0.8333333333333333, score2: 0.0
Unique gene call 62
  --  Gene No. 53, gene caller: phanotate, leftEnd: 10762, rightEnd: 10929, strand: -, length: 168, contig: circular_pair_2015, protein: unknown, score1: 0.3333333333333333, score2: 0.0
Unique gene call 63
  --  Gene No. 54, gene caller: phanotate, leftEnd: 10940, rightEnd: 11098, strand: -, length: 159, contig: circular_pair_2015, protein: unknown, score1: 0.3333333333333333, score2: 0.0
Unique gene call 64
  --  Gene No. 55, gene caller: phanotate, leftEnd: 11073, rightEnd: 11357, strand: -, length: 285, contig: circular_pair_2015, protein: unknown, score1: 0.3333333333333333, score2: 0.0
Unique gene call 65
  --  Gene No. 22, gene caller: glimmer, leftEnd: 11483, rightEnd: 11641, strand: -, length: 159, contig: circular_pair_2015, protein: unknown, score1: 0.5, score2: 0.0
Unique gene call 66
  --  Gene No. 56, gene caller: phanotate, leftEnd: 11483, rightEnd: 11680, strand: -, length: 198, contig: circular_pair_2015, protein: unknown, score1: 0.8333333333333333, score2: 0.0
  --  Gene No. 3, gene caller: prodigal, leftEnd: 11483, rightEnd: 11680, strand: -, length: 198, contig: circular_pair_2015, protein: unknown, score1: 0.8333333333333333, score2: 0.0
Unique gene call 67
  --  Gene No. 57, gene caller: phanotate, leftEnd: 11748, rightEnd: 11846, strand: -, length: 99, contig: circular_pair_2015, protein: unknown, score1: 0.3333333333333333, score2: 0.0
Unique gene call 68
  --  Gene No. 58, gene caller: phanotate, leftEnd: 11820, rightEnd: 11927, strand: +, length: 108, contig: circular_pair_2015, protein: unknown, score1: 0.3333333333333333, score2: 0.0
Unique gene call 69
  --  Gene No. 23, gene caller: glimmer, leftEnd: 11980, rightEnd: 12267, strand: +, length: 288, contig: circular_pair_2015, protein: unknown, score1: 1.0, score2: 0.0
  --  Gene No. 59, gene caller: phanotate, leftEnd: 11980, rightEnd: 12267, strand: +, length: 288, contig: circular_pair_2015, protein: unknown, score1: 1.0, score2: 0.0
  --  Gene No. 4, gene caller: prodigal, leftEnd: 11980, rightEnd: 12267, strand: +, length: 288, contig: circular_pair_2015, protein: unknown, score1: 1.0, score2: 0.0
Unique gene call 70
  --  Gene No. 60, gene caller: phanotate, leftEnd: 12227, rightEnd: 12346, strand: +, length: 120, contig: circular_pair_2015, protein: unknown, score1: 0.3333333333333333, score2: 0.0
Unique gene call 71
  --  Gene No. 61, gene caller: phanotate, leftEnd: 12417, rightEnd: 12800, strand: +, length: 384, contig: circular_pair_2015, protein: unknown, score1: 0.8333333333333333, score2: 0.0
  --  Gene No. 5, gene caller: prodigal, leftEnd: 12417, rightEnd: 12800, strand: +, length: 384, contig: circular_pair_2015, protein: unknown, score1: 0.8333333333333333, score2: 0.0
Unique gene call 72
  --  Gene No. 24, gene caller: glimmer, leftEnd: 12637, rightEnd: 12762, strand: +, length: 126, contig: circular_pair_2015, protein: unknown, score1: 0.3333333333333333, score2: 0.0
Unique gene call 73
  --  Gene No. 62, gene caller: phanotate, leftEnd: 12819, rightEnd: 13226, strand: +, length: 408, contig: circular_pair_2015, protein: unknown, score1: 0.8333333333333333, score2: 0.0
  --  Gene No. 6, gene caller: prodigal, leftEnd: 12819, rightEnd: 13226, strand: +, length: 408, contig: circular_pair_2015, protein: unknown, score1: 0.8333333333333333, score2: 0.0
Unique gene call 74
  --  Gene No. 25, gene caller: glimmer, leftEnd: 12873, rightEnd: 13226, strand: +, length: 354, contig: circular_pair_2015, protein: unknown, score1: 0.5, score2: 0.0
Unique gene call 75
  --  Gene No. 63, gene caller: phanotate, leftEnd: 13312, rightEnd: 13422, strand: +, length: 111, contig: circular_pair_2015, protein: unknown, score1: 0.3333333333333333, score2: 0.0
Unique gene call 76
  --  Gene No. 64, gene caller: phanotate, leftEnd: 13542, rightEnd: 13646, strand: +, length: 105, contig: circular_pair_2015, protein: unknown, score1: 0.3333333333333333, score2: 0.0
Unique gene call 77
  --  Gene No. 26, gene caller: glimmer, leftEnd: 13570, rightEnd: 13758, strand: -, length: 189, contig: circular_pair_2015, protein: unknown, score1: 0.3333333333333333, score2: 0.0
Unique gene call 78
  --  Gene No. 65, gene caller: phanotate, leftEnd: 13646, rightEnd: 13735, strand: +, length: 90, contig: circular_pair_2015, protein: unknown, score1: 0.3333333333333333, score2: 0.0
Unique gene call 79
  --  Gene No. 66, gene caller: phanotate, leftEnd: 13819, rightEnd: 13917, strand: +, length: 99, contig: circular_pair_2015, protein: unknown, score1: 0.3333333333333333, score2: 0.0
Unique gene call 80
  --  Gene No. 67, gene caller: phanotate, leftEnd: 13972, rightEnd: 14061, strand: +, length: 90, contig: circular_pair_2015, protein: unknown, score1: 0.3333333333333333, score2: 0.0
Unique gene call 81
  --  Gene No. 27, gene caller: glimmer, leftEnd: 14058, rightEnd: 14177, strand: -, length: 120, contig: circular_pair_2015, protein: unknown, score1: 0.8333333333333333, score2: 0.0
  --  Gene No. 68, gene caller: phanotate, leftEnd: 14058, rightEnd: 14177, strand: -, length: 120, contig: circular_pair_2015, protein: unknown, score1: 0.8333333333333333, score2: 0.0
Unique gene call 82
  --  Gene No. 28, gene caller: glimmer, leftEnd: 14348, rightEnd: 14470, strand: +, length: 123, contig: circular_pair_2015, protein: unknown, score1: 0.8333333333333333, score2: 0.0
  --  Gene No. 69, gene caller: phanotate, leftEnd: 14348, rightEnd: 14470, strand: +, length: 123, contig: circular_pair_2015, protein: unknown, score1: 0.8333333333333333, score2: 0.0
Unique gene call 83
  --  Gene No. 70, gene caller: phanotate, leftEnd: 14514, rightEnd: 14609, strand: +, length: 96, contig: circular_pair_2015, protein: unknown, score1: 0.3333333333333333, score2: 0.0
Unique gene call 84
  --  Gene No. 71, gene caller: phanotate, leftEnd: 14651, rightEnd: 14854, strand: -, length: 204, contig: circular_pair_2015, protein: unknown, score1: 0.3333333333333333, score2: 0.0
Unique gene call 85
  --  Gene No. 29, gene caller: glimmer, leftEnd: 14924, rightEnd: 15052, strand: +, length: 129, contig: circular_pair_2015, protein: unknown, score1: 0.8333333333333333, score2: 0.0
  --  Gene No. 72, gene caller: phanotate, leftEnd: 14924, rightEnd: 15052, strand: +, length: 129, contig: circular_pair_2015, protein: unknown, score1: 0.8333333333333333, score2: 0.0
Unique gene call 86
  --  Gene No. 30, gene caller: glimmer, leftEnd: 15079, rightEnd: 15240, strand: -, length: 162, contig: circular_pair_2015, protein: unknown, score1: 0.3333333333333333, score2: 0.0
Unique gene call 87
  --  Gene No. 73, gene caller: phanotate, leftEnd: 15101, rightEnd: 15202, strand: +, length: 102, contig: circular_pair_2015, protein: unknown, score1: 0.3333333333333333, score2: 0.0
Unique gene call 88
  --  Gene No. 74, gene caller: phanotate, leftEnd: 15325, rightEnd: 15444, strand: +, length: 120, contig: circular_pair_2015, protein: unknown, score1: 0.3333333333333333, score2: 0.0
Unique gene call 89
  --  Gene No. 75, gene caller: phanotate, leftEnd: 15513, rightEnd: 15614, strand: +, length: 102, contig: circular_pair_2015, protein: unknown, score1: 0.3333333333333333, score2: 0.0
Unique gene call 90
  --  Gene No. 31, gene caller: glimmer, leftEnd: 15605, rightEnd: 15793, strand: -, length: 189, contig: circular_pair_2015, protein: unknown, score1: 0.8333333333333333, score2: 0.0
  --  Gene No. 76, gene caller: phanotate, leftEnd: 15605, rightEnd: 15793, strand: -, length: 189, contig: circular_pair_2015, protein: unknown, score1: 0.8333333333333333, score2: 0.0
Unique gene call 91
  --  Gene No. 32, gene caller: glimmer, leftEnd: 15774, rightEnd: 15947, strand: -, length: 174, contig: circular_pair_2015, protein: unknown, score1: 0.8333333333333333, score2: 0.0
  --  Gene No. 77, gene caller: phanotate, leftEnd: 15774, rightEnd: 15947, strand: -, length: 174, contig: circular_pair_2015, protein: unknown, score1: 0.8333333333333333, score2: 0.0
Unique gene call 92
  --  Gene No. 78, gene caller: phanotate, leftEnd: 16044, rightEnd: 16145, strand: -, length: 102, contig: circular_pair_2015, protein: unknown, score1: 0.3333333333333333, score2: 0.0
Unique gene call 93
  --  Gene No. 33, gene caller: glimmer, leftEnd: 16108, rightEnd: 16236, strand: -, length: 129, contig: circular_pair_2015, protein: unknown, score1: 0.3333333333333333, score2: 0.0
Unique gene call 94
  --  Gene No. 34, gene caller: glimmer, leftEnd: 16211, rightEnd: 16333, strand: -, length: 123, contig: circular_pair_2015, protein: unknown, score1: 0.8333333333333333, score2: 0.0
  --  Gene No. 79, gene caller: phanotate, leftEnd: 16211, rightEnd: 16333, strand: -, length: 123, contig: circular_pair_2015, protein: unknown, score1: 0.8333333333333333, score2: 0.0
Unique gene call 95
  --  Gene No. 80, gene caller: phanotate, leftEnd: 16333, rightEnd: 16437, strand: -, length: 105, contig: circular_pair_2015, protein: unknown, score1: 0.3333333333333333, score2: 0.0
Unique gene call 96
  --  Gene No. 81, gene caller: phanotate, leftEnd: 16421, rightEnd: 16537, strand: +, length: 117, contig: circular_pair_2015, protein: unknown, score1: 0.3333333333333333, score2: 0.0
Unique gene call 97
  --  Gene No. 82, gene caller: phanotate, leftEnd: 16521, rightEnd: 16610, strand: +, length: 90, contig: circular_pair_2015, protein: unknown, score1: 0.3333333333333333, score2: 0.0
Unique gene call 98
  --  Gene No. 35, gene caller: glimmer, leftEnd: 16658, rightEnd: 16807, strand: +, length: 150, contig: circular_pair_2015, protein: unknown, score1: 0.8333333333333333, score2: 0.0
  --  Gene No. 83, gene caller: phanotate, leftEnd: 16658, rightEnd: 16807, strand: +, length: 150, contig: circular_pair_2015, protein: unknown, score1: 0.8333333333333333, score2: 0.0
Unique gene call 99
  --  Gene No. 36, gene caller: glimmer, leftEnd: 16906, rightEnd: 17019, strand: +, length: 114, contig: circular_pair_2015, protein: unknown, score1: 0.8333333333333333, score2: 0.0
  --  Gene No. 84, gene caller: phanotate, leftEnd: 16906, rightEnd: 17019, strand: +, length: 114, contig: circular_pair_2015, protein: unknown, score1: 0.8333333333333333, score2: 0.0
Unique gene call 100
  --  Gene No. 85, gene caller: phanotate, leftEnd: 17202, rightEnd: 17387, strand: +, length: 186, contig: circular_pair_2015, protein: unknown, score1: 0.3333333333333333, score2: 0.0
Unique gene call 101
  --  Gene No. 37, gene caller: glimmer, leftEnd: 17512, rightEnd: 17784, strand: +, length: 273, contig: circular_pair_2015, protein: unknown, score1: 0.5, score2: 0.0
Unique gene call 102
  --  Gene No. 86, gene caller: phanotate, leftEnd: 17545, rightEnd: 17784, strand: +, length: 240, contig: circular_pair_2015, protein: unknown, score1: 0.8333333333333333, score2: 0.0
  --  Gene No. 7, gene caller: prodigal, leftEnd: 17545, rightEnd: 17784, strand: +, length: 240, contig: circular_pair_2015, protein: unknown, score1: 0.8333333333333333, score2: 0.0
Unique gene call 103
  --  Gene No. 87, gene caller: phanotate, leftEnd: 17799, rightEnd: 17960, strand: +, length: 162, contig: circular_pair_2015, protein: unknown, score1: 0.8333333333333333, score2: 0.0
  --  Gene No. 8, gene caller: prodigal, leftEnd: 17799, rightEnd: 17960, strand: +, length: 162, contig: circular_pair_2015, protein: unknown, score1: 0.8333333333333333, score2: 0.0
Unique gene call 104
  --  Gene No. 88, gene caller: phanotate, leftEnd: 17974, rightEnd: 18078, strand: +, length: 105, contig: circular_pair_2015, protein: unknown, score1: 0.3333333333333333, score2: 0.0
Unique gene call 105
  --  Gene No. 38, gene caller: glimmer, leftEnd: 18075, rightEnd: 18227, strand: -, length: 153, contig: circular_pair_2015, protein: unknown, score1: 0.3333333333333333, score2: 0.0
Unique gene call 106
  --  Gene No. 89, gene caller: phanotate, leftEnd: 18109, rightEnd: 18207, strand: +, length: 99, contig: circular_pair_2015, protein: unknown, score1: 0.3333333333333333, score2: 0.0
Unique gene call 107
  --  Gene No. 90, gene caller: phanotate, leftEnd: 18261, rightEnd: 18359, strand: +, length: 99, contig: circular_pair_2015, protein: unknown, score1: 0.3333333333333333, score2: 0.0
Unique gene call 108
  --  Gene No. 91, gene caller: phanotate, leftEnd: 18363, rightEnd: 18461, strand: +, length: 99, contig: circular_pair_2015, protein: unknown, score1: 0.3333333333333333, score2: 0.0
Unique gene call 109
  --  Gene No. 92, gene caller: phanotate, leftEnd: 18509, rightEnd: 18616, strand: +, length: 108, contig: circular_pair_2015, protein: unknown, score1: 0.3333333333333333, score2: 0.0
Unique gene call 110
  --  Gene No. 93, gene caller: phanotate, leftEnd: 18813, rightEnd: 18938, strand: +, length: 126, contig: circular_pair_2015, protein: unknown, score1: 0.3333333333333333, score2: 0.0
Unique gene call 111
  --  Gene No. 39, gene caller: glimmer, leftEnd: 18935, rightEnd: 19132, strand: +, length: 198, contig: circular_pair_2015, protein: unknown, score1: 0.8333333333333333, score2: 0.0
  --  Gene No. 94, gene caller: phanotate, leftEnd: 18935, rightEnd: 19132, strand: +, length: 198, contig: circular_pair_2015, protein: unknown, score1: 0.8333333333333333, score2: 0.0
Unique gene call 112
  --  Gene No. 95, gene caller: phanotate, leftEnd: 19148, rightEnd: 19435, strand: +, length: 288, contig: circular_pair_2015, protein: unknown, score1: 0.8333333333333333, score2: 0.0
  --  Gene No. 9, gene caller: prodigal, leftEnd: 19148, rightEnd: 19435, strand: +, length: 288, contig: circular_pair_2015, protein: unknown, score1: 0.8333333333333333, score2: 0.0
Unique gene call 113
  --  Gene No. 96, gene caller: phanotate, leftEnd: 19436, rightEnd: 19678, strand: -, length: 243, contig: circular_pair_2015, protein: unknown, score1: 0.8333333333333333, score2: 0.0
  --  Gene No. 10, gene caller: prodigal, leftEnd: 19436, rightEnd: 19678, strand: -, length: 243, contig: circular_pair_2015, protein: unknown, score1: 0.8333333333333333, score2: 0.0
Unique gene call 114
  --  Gene No. 97, gene caller: phanotate, leftEnd: 19721, rightEnd: 19861, strand: -, length: 141, contig: circular_pair_2015, protein: unknown, score1: 0.8333333333333333, score2: 0.0
  --  Gene No. 11, gene caller: prodigal, leftEnd: 19721, rightEnd: 19861, strand: -, length: 141, contig: circular_pair_2015, protein: unknown, score1: 0.8333333333333333, score2: 0.0
Unique gene call 115
  --  Gene No. 98, gene caller: phanotate, leftEnd: 19836, rightEnd: 20075, strand: -, length: 240, contig: circular_pair_2015, protein: unknown, score1: 0.3333333333333333, score2: 0.0
Unique gene call 116
  --  Gene No. 40, gene caller: glimmer, leftEnd: 20085, rightEnd: 20267, strand: -, length: 183, contig: circular_pair_2015, protein: unknown, score1: 0.8333333333333333, score2: 0.0
  --  Gene No. 99, gene caller: phanotate, leftEnd: 20085, rightEnd: 20267, strand: -, length: 183, contig: circular_pair_2015, protein: unknown, score1: 0.8333333333333333, score2: 0.0
Unique gene call 117
  --  Gene No. 41, gene caller: glimmer, leftEnd: 20266, rightEnd: 20412, strand: +, length: 147, contig: circular_pair_2015, protein: unknown, score1: 0.3333333333333333, score2: 0.0
Unique gene call 118
  --  Gene No. 100, gene caller: phanotate, leftEnd: 20409, rightEnd: 20687, strand: -, length: 279, contig: circular_pair_2015, protein: unknown, score1: 0.8333333333333333, score2: 0.0
  --  Gene No. 12, gene caller: prodigal, leftEnd: 20409, rightEnd: 20687, strand: -, length: 279, contig: circular_pair_2015, protein: unknown, score1: 0.8333333333333333, score2: 0.0
Unique gene call 119
  --  Gene No. 101, gene caller: phanotate, leftEnd: 20731, rightEnd: 20835, strand: -, length: 105, contig: circular_pair_2015, protein: unknown, score1: 0.5, score2: 0.0
Unique gene call 120
  --  Gene No. 42, gene caller: glimmer, leftEnd: 20731, rightEnd: 20862, strand: -, length: 132, contig: circular_pair_2015, protein: unknown, score1: 0.5, score2: 0.0
Unique gene call 121
  --  Gene No. 102, gene caller: phanotate, leftEnd: 20835, rightEnd: 21029, strand: -, length: 195, contig: circular_pair_2015, protein: unknown, score1: 0.3333333333333333, score2: 0.0
Unique gene call 122
  --  Gene No. 43, gene caller: glimmer, leftEnd: 21109, rightEnd: 21225, strand: -, length: 117, contig: circular_pair_2015, protein: unknown, score1: 0.3333333333333333, score2: 0.0
Unique gene call 123
  --  Gene No. 103, gene caller: phanotate, leftEnd: 21116, rightEnd: 21439, strand: -, length: 324, contig: circular_pair_2015, protein: unknown, score1: 0.3333333333333333, score2: 0.0
Unique gene call 124
  --  Gene No. 104, gene caller: phanotate, leftEnd: 21570, rightEnd: 21677, strand: -, length: 108, contig: circular_pair_2015, protein: unknown, score1: 0.3333333333333333, score2: 0.0
Unique gene call 125
  --  Gene No. 105, gene caller: phanotate, leftEnd: 21667, rightEnd: 21921, strand: -, length: 255, contig: circular_pair_2015, protein: unknown, score1: 0.8333333333333333, score2: 0.0
  --  Gene No. 13, gene caller: prodigal, leftEnd: 21667, rightEnd: 21921, strand: -, length: 255, contig: circular_pair_2015, protein: unknown, score1: 0.8333333333333333, score2: 0.0
Unique gene call 126
  --  Gene No. 106, gene caller: phanotate, leftEnd: 21955, rightEnd: 22191, strand: -, length: 237, contig: circular_pair_2015, protein: unknown, score1: 0.8333333333333333, score2: 0.0
  --  Gene No. 14, gene caller: prodigal, leftEnd: 21955, rightEnd: 22191, strand: -, length: 237, contig: circular_pair_2015, protein: unknown, score1: 0.8333333333333333, score2: 0.0
Unique gene call 127
  --  Gene No. 107, gene caller: phanotate, leftEnd: 22336, rightEnd: 22452, strand: -, length: 117, contig: circular_pair_2015, protein: unknown, score1: 0.3333333333333333, score2: 0.0
Unique gene call 128
  --  Gene No. 44, gene caller: glimmer, leftEnd: 22495, rightEnd: 22632, strand: +, length: 138, contig: circular_pair_2015, protein: unknown, score1: 0.3333333333333333, score2: 0.0
Unique gene call 129
  --  Gene No. 108, gene caller: phanotate, leftEnd: 22532, rightEnd: 22804, strand: -, length: 273, contig: circular_pair_2015, protein: unknown, score1: 0.8333333333333333, score2: 0.0
  --  Gene No. 15, gene caller: prodigal, leftEnd: 22532, rightEnd: 22804, strand: -, length: 273, contig: circular_pair_2015, protein: unknown, score1: 0.8333333333333333, score2: 0.0
Unique gene call 130
  --  Gene No. 45, gene caller: glimmer, leftEnd: 22900, rightEnd: 23070, strand: -, length: 171, contig: circular_pair_2015, protein: unknown, score1: 0.8333333333333333, score2: 0.0
  --  Gene No. 109, gene caller: phanotate, leftEnd: 22900, rightEnd: 23070, strand: -, length: 171, contig: circular_pair_2015, protein: unknown, score1: 0.8333333333333333, score2: 0.0
Unique gene call 131
  --  Gene No. 110, gene caller: phanotate, leftEnd: 23057, rightEnd: 23146, strand: -, length: 90, contig: circular_pair_2015, protein: unknown, score1: 0.8333333333333333, score2: 0.0
  --  Gene No. 16, gene caller: prodigal, leftEnd: 23057, rightEnd: 23146, strand: -, length: 90, contig: circular_pair_2015, protein: unknown, score1: 0.8333333333333333, score2: 0.0
Unique gene call 132
  --  Gene No. 111, gene caller: phanotate, leftEnd: 23212, rightEnd: 23430, strand: -, length: 219, contig: circular_pair_2015, protein: unknown, score1: 0.3333333333333333, score2: 0.0
Unique gene call 133
  --  Gene No. 46, gene caller: glimmer, leftEnd: 23281, rightEnd: 23409, strand: +, length: 129, contig: circular_pair_2015, protein: unknown, score1: 0.3333333333333333, score2: 0.0
Unique gene call 134
  --  Gene No. 112, gene caller: phanotate, leftEnd: 23441, rightEnd: 23554, strand: -, length: 114, contig: circular_pair_2015, protein: unknown, score1: 0.3333333333333333, score2: 0.0
Unique gene call 135
  --  Gene No. 47, gene caller: glimmer, leftEnd: 23613, rightEnd: 23744, strand: -, length: 132, contig: circular_pair_2015, protein: unknown, score1: 0.8333333333333333, score2: 0.0
  --  Gene No. 113, gene caller: phanotate, leftEnd: 23613, rightEnd: 23744, strand: -, length: 132, contig: circular_pair_2015, protein: unknown, score1: 0.8333333333333333, score2: 0.0
Unique gene call 136
  --  Gene No. 114, gene caller: phanotate, leftEnd: 23899, rightEnd: 24012, strand: +, length: 114, contig: circular_pair_2015, protein: unknown, score1: 0.3333333333333333, score2: 0.0
Unique gene call 137
  --  Gene No. 48, gene caller: glimmer, leftEnd: 24073, rightEnd: 24333, strand: -, length: 261, contig: circular_pair_2015, protein: unknown, score1: 0.8333333333333333, score2: 0.0
  --  Gene No. 115, gene caller: phanotate, leftEnd: 24073, rightEnd: 24333, strand: -, length: 261, contig: circular_pair_2015, protein: unknown, score1: 0.8333333333333333, score2: 0.0
Unique gene call 138
  --  Gene No. 116, gene caller: phanotate, leftEnd: 24307, rightEnd: 24657, strand: +, length: 351, contig: circular_pair_2015, protein: unknown, score1: 0.8333333333333333, score2: 0.0
  --  Gene No. 17, gene caller: prodigal, leftEnd: 24307, rightEnd: 24657, strand: +, length: 351, contig: circular_pair_2015, protein: unknown, score1: 0.8333333333333333, score2: 0.0
Unique gene call 139
  --  Gene No. 49, gene caller: glimmer, leftEnd: 24385, rightEnd: 24657, strand: +, length: 273, contig: circular_pair_2015, protein: unknown, score1: 0.5, score2: 0.0
Unique gene call 140
  --  Gene No. 50, gene caller: glimmer, leftEnd: 24658, rightEnd: 24795, strand: +, length: 138, contig: circular_pair_2015, protein: unknown, score1: 1.0, score2: 0.0
  --  Gene No. 117, gene caller: phanotate, leftEnd: 24658, rightEnd: 24795, strand: +, length: 138, contig: circular_pair_2015, protein: unknown, score1: 1.0, score2: 0.0
  --  Gene No. 18, gene caller: prodigal, leftEnd: 24658, rightEnd: 24795, strand: +, length: 138, contig: circular_pair_2015, protein: unknown, score1: 1.0, score2: 0.0
Unique gene call 141
  --  Gene No. 51, gene caller: glimmer, leftEnd: 24855, rightEnd: 25127, strand: +, length: 273, contig: circular_pair_2015, protein: unknown, score1: 1.0, score2: 0.0
  --  Gene No. 118, gene caller: phanotate, leftEnd: 24855, rightEnd: 25127, strand: +, length: 273, contig: circular_pair_2015, protein: unknown, score1: 1.0, score2: 0.0
  --  Gene No. 19, gene caller: prodigal, leftEnd: 24855, rightEnd: 25127, strand: +, length: 273, contig: circular_pair_2015, protein: unknown, score1: 1.0, score2: 0.0
Unique gene call 142
  --  Gene No. 119, gene caller: phanotate, leftEnd: 25127, rightEnd: 25351, strand: +, length: 225, contig: circular_pair_2015, protein: unknown, score1: 0.8333333333333333, score2: 0.0
  --  Gene No. 20, gene caller: prodigal, leftEnd: 25127, rightEnd: 25351, strand: +, length: 225, contig: circular_pair_2015, protein: unknown, score1: 0.8333333333333333, score2: 0.0
Unique gene call 143
  --  Gene No. 120, gene caller: phanotate, leftEnd: 25293, rightEnd: 25628, strand: +, length: 336, contig: circular_pair_2015, protein: unknown, score1: 0.8333333333333333, score2: 0.0
  --  Gene No. 21, gene caller: prodigal, leftEnd: 25293, rightEnd: 25628, strand: +, length: 336, contig: circular_pair_2015, protein: unknown, score1: 0.8333333333333333, score2: 0.0
Code complete at 2021-04-21 09:48:47.842954
