[12:14:09] This is prokka 1.14.6
[12:14:09] Written by Torsten Seemann <torsten.seemann@gmail.com>
[12:14:09] Homepage is https://github.com/tseemann/prokka
[12:14:09] Local time is Mon Aug 23 12:14:09 2021
[12:14:09] You are james
[12:14:09] Operating system is linux
[12:14:09] You have BioPerl 1.007002
[12:14:09] System has 12 cores.
[12:14:09] Will use maximum of 8 cores.
[12:14:09] Annotating as >>> Bacteria <<<
[12:14:09] Generating locus_tag from 'JAAOBB010000056.1.fasta' contents.
[12:14:09] Setting --locustag JJCCEPCG from MD5 33cce9c09e0d81f9947f1787dea0ccdd
[12:14:09] Creating new output folder: prokkaJAAOBB010000056.1
[12:14:09] Running: mkdir -p prokkaJAAOBB010000056\.1
[12:14:09] Using filename prefix: JAAOBB010000056.1.XXX
[12:14:09] Setting HMMER_NCPU=1
[12:14:09] Writing log to: prokkaJAAOBB010000056.1/JAAOBB010000056.1.log
[12:14:09] Command: /home/james/miniconda3/envs/prokka/bin/prokka JAAOBB010000056.1.fasta --outdir prokkaJAAOBB010000056.1 --prefix JAAOBB010000056.1 --force
[12:14:09] Appending to PATH: /home/james/miniconda3/envs/prokka/bin
[12:14:09] Looking for 'aragorn' - found /home/james/miniconda3/envs/prokka/bin/aragorn
[12:14:09] Determined aragorn version is 001002 from 'ARAGORN v1.2.38 Dean Laslett'
[12:14:09] Looking for 'barrnap' - found /home/james/miniconda3/envs/prokka/bin/barrnap
[12:14:09] Determined barrnap version is 000009 from 'barrnap 0.9'
[12:14:09] Looking for 'blastp' - found /home/james/miniconda3/envs/prokka/bin/blastp
[12:14:09] Determined blastp version is 002012 from 'blastp: 2.12.0+'
[12:14:09] Looking for 'cmpress' - found /home/james/miniconda3/envs/prokka/bin/cmpress
[12:14:09] Determined cmpress version is 001001 from '# INFERNAL 1.1.4 (Dec 2020)'
[12:14:09] Looking for 'cmscan' - found /home/james/miniconda3/envs/prokka/bin/cmscan
[12:14:09] Determined cmscan version is 001001 from '# INFERNAL 1.1.4 (Dec 2020)'
[12:14:09] Looking for 'egrep' - found /bin/egrep
[12:14:09] Looking for 'find' - found /usr/bin/find
[12:14:09] Looking for 'grep' - found /bin/grep
[12:14:09] Looking for 'hmmpress' - found /home/james/miniconda3/envs/prokka/bin/hmmpress
[12:14:09] Determined hmmpress version is 003003 from '# HMMER 3.3.2 (Nov 2020); http://hmmer.org/'
[12:14:09] Looking for 'hmmscan' - found /home/james/miniconda3/envs/prokka/bin/hmmscan
[12:14:09] Determined hmmscan version is 003003 from '# HMMER 3.3.2 (Nov 2020); http://hmmer.org/'
[12:14:09] Looking for 'java' - found /home/james/miniconda3/envs/prokka/bin/java
[12:14:09] Looking for 'makeblastdb' - found /home/james/miniconda3/envs/prokka/bin/makeblastdb
[12:14:10] Determined makeblastdb version is 002012 from 'makeblastdb: 2.12.0+'
[12:14:10] Looking for 'minced' - found /home/james/miniconda3/envs/prokka/bin/minced
[12:14:10] Determined minced version is 004002 from 'minced 0.4.2'
[12:14:10] Looking for 'parallel' - found /home/james/miniconda3/envs/prokka/bin/parallel
[12:14:10] Determined parallel version is 20210622 from 'GNU parallel 20210622'
[12:14:10] Looking for 'prodigal' - found /home/james/miniconda3/envs/prokka/bin/prodigal
[12:14:10] Determined prodigal version is 002006 from 'Prodigal V2.6.3: February, 2016'
[12:14:10] Looking for 'prokka-genbank_to_fasta_db' - found /home/james/miniconda3/envs/prokka/bin/prokka-genbank_to_fasta_db
[12:14:10] Looking for 'sed' - found /bin/sed
[12:14:10] Looking for 'tbl2asn' - found /home/james/miniconda3/envs/prokka/bin/tbl2asn
[12:14:10] Determined tbl2asn version is 025007 from 'tbl2asn 25.7   arguments:'
[12:14:10] Using genetic code table 11.
[12:14:10] Loading and checking input file: JAAOBB010000056.1.fasta
[12:14:10] Wrote 1 contigs totalling 16490 bp.
[12:14:10] Predicting tRNAs and tmRNAs
[12:14:10] Running: aragorn -l -gc11  -w prokkaJAAOBB010000056\.1\/JAAOBB010000056\.1\.fna
[12:14:10] Found 0 tRNAs
[12:14:10] Predicting Ribosomal RNAs
[12:14:10] Running Barrnap with 8 threads
[12:14:10] Found 0 rRNAs
[12:14:10] Skipping ncRNA search, enable with --rfam if desired.
[12:14:10] Total of 0 tRNA + rRNA features
[12:14:10] Searching for CRISPR repeats
[12:14:10] Found 0 CRISPRs
[12:14:10] Predicting coding sequences
[12:14:10] Contigs total 16490 bp, so using meta mode
[12:14:10] Running: prodigal -i prokkaJAAOBB010000056\.1\/JAAOBB010000056\.1\.fna -c -m -g 11 -p meta -f sco -q
[12:14:10] Found 22 CDS
[12:14:10] Connecting features back to sequences
[12:14:10] Not using genus-specific database. Try --usegenus to enable it.
[12:14:10] Annotating CDS, please be patient.
[12:14:10] Will use 8 CPUs for similarity searching.
[12:14:10] There are still 22 unannotated CDS left (started with 22)
[12:14:10] Will use blast to search against /home/james/miniconda3/envs/prokka/db/kingdom/Bacteria/IS with 8 CPUs
[12:14:10] Running: cat prokkaJAAOBB010000056\.1\/JAAOBB010000056\.1\.IS\.tmp\.54956\.faa | parallel --gnu --plain -j 8 --block 309 --recstart '>' --pipe blastp -query - -db /home/james/miniconda3/envs/prokka/db/kingdom/Bacteria/IS -evalue 1e-30 -qcov_hsp_perc 90 -num_threads 1 -num_descriptions 1 -num_alignments 1 -seg no > prokkaJAAOBB010000056\.1\/JAAOBB010000056\.1\.IS\.tmp\.54956\.blast 2> /dev/null
[12:14:12] Deleting unwanted file: prokkaJAAOBB010000056.1/JAAOBB010000056.1.IS.tmp.54956.faa
[12:14:12] Deleting unwanted file: prokkaJAAOBB010000056.1/JAAOBB010000056.1.IS.tmp.54956.blast
[12:14:12] There are still 22 unannotated CDS left (started with 22)
[12:14:12] Will use blast to search against /home/james/miniconda3/envs/prokka/db/kingdom/Bacteria/AMR with 8 CPUs
[12:14:12] Running: cat prokkaJAAOBB010000056\.1\/JAAOBB010000056\.1\.AMR\.tmp\.54956\.faa | parallel --gnu --plain -j 8 --block 309 --recstart '>' --pipe blastp -query - -db /home/james/miniconda3/envs/prokka/db/kingdom/Bacteria/AMR -evalue 9.99999999999999e-301 -qcov_hsp_perc 90 -num_threads 1 -num_descriptions 1 -num_alignments 1 -seg no > prokkaJAAOBB010000056\.1\/JAAOBB010000056\.1\.AMR\.tmp\.54956\.blast 2> /dev/null
[12:14:13] Deleting unwanted file: prokkaJAAOBB010000056.1/JAAOBB010000056.1.AMR.tmp.54956.faa
[12:14:13] Deleting unwanted file: prokkaJAAOBB010000056.1/JAAOBB010000056.1.AMR.tmp.54956.blast
[12:14:13] There are still 22 unannotated CDS left (started with 22)
[12:14:13] Will use blast to search against /home/james/miniconda3/envs/prokka/db/kingdom/Bacteria/sprot with 8 CPUs
[12:14:13] Running: cat prokkaJAAOBB010000056\.1\/JAAOBB010000056\.1\.sprot\.tmp\.54956\.faa | parallel --gnu --plain -j 8 --block 309 --recstart '>' --pipe blastp -query - -db /home/james/miniconda3/envs/prokka/db/kingdom/Bacteria/sprot -evalue 1e-09 -qcov_hsp_perc 80 -num_threads 1 -num_descriptions 1 -num_alignments 1 -seg no > prokkaJAAOBB010000056\.1\/JAAOBB010000056\.1\.sprot\.tmp\.54956\.blast 2> /dev/null
[12:14:14] Deleting unwanted file: prokkaJAAOBB010000056.1/JAAOBB010000056.1.sprot.tmp.54956.faa
[12:14:14] Deleting unwanted file: prokkaJAAOBB010000056.1/JAAOBB010000056.1.sprot.tmp.54956.blast
[12:14:14] There are still 22 unannotated CDS left (started with 22)
[12:14:14] Will use hmmer3 to search against /home/james/miniconda3/envs/prokka/db/hmm/HAMAP.hmm with 8 CPUs
[12:14:14] Running: cat prokkaJAAOBB010000056\.1\/JAAOBB010000056\.1\.HAMAP\.hmm\.tmp\.54956\.faa | parallel --gnu --plain -j 8 --block 309 --recstart '>' --pipe hmmscan --noali --notextw --acc -E 1e-09 --cpu 1 /home/james/miniconda3/envs/prokka/db/hmm/HAMAP.hmm /dev/stdin > prokkaJAAOBB010000056\.1\/JAAOBB010000056\.1\.HAMAP\.hmm\.tmp\.54956\.hmmer3 2> /dev/null
[12:14:15] Deleting unwanted file: prokkaJAAOBB010000056.1/JAAOBB010000056.1.HAMAP.hmm.tmp.54956.faa
[12:14:15] Deleting unwanted file: prokkaJAAOBB010000056.1/JAAOBB010000056.1.HAMAP.hmm.tmp.54956.hmmer3
[12:14:15] Labelling remaining 22 proteins as 'hypothetical protein'
[12:14:15] Found 0 unique /gene codes.
[12:14:15] Fixed 0 colliding /gene names.
[12:14:15] Adding /locus_tag identifiers
[12:14:15] Assigned 22 locus_tags to CDS and RNA features.
[12:14:15] Writing outputs to prokkaJAAOBB010000056.1/
[12:14:15] Generating annotation statistics file
[12:14:15] Generating Genbank and Sequin files
[12:14:15] Running: tbl2asn -V b -a r10k -l paired-ends -M n -N 1 -y 'Annotated using prokka 1.14.6 from https://github.com/tseemann/prokka' -Z prokkaJAAOBB010000056\.1\/JAAOBB010000056\.1\.err -i prokkaJAAOBB010000056\.1\/JAAOBB010000056\.1\.fsa 2> /dev/null
[12:14:15] Deleting unwanted file: prokkaJAAOBB010000056.1/errorsummary.val
[12:14:15] Deleting unwanted file: prokkaJAAOBB010000056.1/JAAOBB010000056.1.dr
[12:14:15] Deleting unwanted file: prokkaJAAOBB010000056.1/JAAOBB010000056.1.fixedproducts
[12:14:15] Deleting unwanted file: prokkaJAAOBB010000056.1/JAAOBB010000056.1.ecn
[12:14:15] Deleting unwanted file: prokkaJAAOBB010000056.1/JAAOBB010000056.1.val
[12:14:15] Repairing broken .GBK output that tbl2asn produces...
[12:14:15] Running: sed 's/COORDINATES: profile/COORDINATES:profile/' < prokkaJAAOBB010000056\.1\/JAAOBB010000056\.1\.gbf > prokkaJAAOBB010000056\.1\/JAAOBB010000056\.1\.gbk
[12:14:15] Deleting unwanted file: prokkaJAAOBB010000056.1/JAAOBB010000056.1.gbf
[12:14:15] Output files:
[12:14:15] prokkaJAAOBB010000056.1/JAAOBB010000056.1.tsv
[12:14:15] prokkaJAAOBB010000056.1/JAAOBB010000056.1.fna
[12:14:15] prokkaJAAOBB010000056.1/JAAOBB010000056.1.gbk
[12:14:15] prokkaJAAOBB010000056.1/JAAOBB010000056.1.err
[12:14:15] prokkaJAAOBB010000056.1/JAAOBB010000056.1.gff
[12:14:15] prokkaJAAOBB010000056.1/JAAOBB010000056.1.tbl
[12:14:15] prokkaJAAOBB010000056.1/JAAOBB010000056.1.faa
[12:14:15] prokkaJAAOBB010000056.1/JAAOBB010000056.1.txt
[12:14:15] prokkaJAAOBB010000056.1/JAAOBB010000056.1.ffn
[12:14:15] prokkaJAAOBB010000056.1/JAAOBB010000056.1.sqn
[12:14:15] prokkaJAAOBB010000056.1/JAAOBB010000056.1.fsa
[12:14:15] prokkaJAAOBB010000056.1/JAAOBB010000056.1.log
[12:14:15] Annotation finished successfully.
[12:14:15] Walltime used: 0.10 minutes
[12:14:15] If you use this result please cite the Prokka paper:
[12:14:15] Seemann T (2014) Prokka: rapid prokaryotic genome annotation. Bioinformatics. 30(14):2068-9.
[12:14:15] Type 'prokka --citation' for more details.
[12:14:15] Thank you, come again.
