Opening log at 2021-04-21 09:29:52.339271
Iterating through fileSet at 2021-04-21 09:29:52.339445
fileSet is ['/home/james/Software/multiPhATE2/PipelineOutput/contig_2506/commoncore.cgc', '/home/james/Software/multiPhATE2/PipelineOutput/contig_2506/consensus.cgc', '/home/james/Software/multiPhATE2/PipelineOutput/contig_2506/glimmer.cgc', '/home/james/Software/multiPhATE2/PipelineOutput/contig_2506/phanotate.cgc', '/home/james/Software/multiPhATE2/PipelineOutput/contig_2506/prodigal.cgc', '/home/james/Software/multiPhATE2/PipelineOutput/contig_2506/superset.cgc']
Opening geneFile /home/james/Software/multiPhATE2/PipelineOutput/contig_2506/commoncore.cgc
Adding calls from geneFile /home/james/Software/multiPhATE2/PipelineOutput/contig_2506/commoncore.cgc
Appending call set  number of calls is: 0
Opening geneFile /home/james/Software/multiPhATE2/PipelineOutput/contig_2506/consensus.cgc
Adding calls from geneFile /home/james/Software/multiPhATE2/PipelineOutput/contig_2506/consensus.cgc
Appending call set  number of calls is: 0
Opening geneFile /home/james/Software/multiPhATE2/PipelineOutput/contig_2506/glimmer.cgc
Adding calls from geneFile /home/james/Software/multiPhATE2/PipelineOutput/contig_2506/glimmer.cgc
Appending call set  number of calls is: 11
Opening geneFile /home/james/Software/multiPhATE2/PipelineOutput/contig_2506/phanotate.cgc
Adding calls from geneFile /home/james/Software/multiPhATE2/PipelineOutput/contig_2506/phanotate.cgc
Appending call set  number of calls is: 14
Opening geneFile /home/james/Software/multiPhATE2/PipelineOutput/contig_2506/prodigal.cgc
Adding calls from geneFile /home/james/Software/multiPhATE2/PipelineOutput/contig_2506/prodigal.cgc
Appending call set  number of calls is: 10
Opening geneFile /home/james/Software/multiPhATE2/PipelineOutput/contig_2506/superset.cgc
Adding calls from geneFile /home/james/Software/multiPhATE2/PipelineOutput/contig_2506/superset.cgc
Appending call set  number of calls is: 0
All call sets have been added to caller list. Number of call sets in callerList: 6
callerList is   glimmer phanotate prodigal  
Total number of gene calls across callerList call sets is: 35
Sorting gene calls for each caller
Processing a callSet
Before sorting, Length of callerList for caller  is 0
After sorting, Length of callerList for caller  is 0
Processing a callSet
Before sorting, Length of callerList for caller  is 0
After sorting, Length of callerList for caller  is 0
Processing a callSet
Before sorting, Length of callerList for caller glimmer is 11
After sorting, Length of callerList for caller glimmer is 11
Processing a callSet
Before sorting, Length of callerList for caller phanotate is 14
After sorting, Length of callerList for caller phanotate is 14
Processing a callSet
Before sorting, Length of callerList for caller prodigal is 10
After sorting, Length of callerList for caller prodigal is 10
Processing a callSet
Before sorting, Length of callerList for caller  is 0
After sorting, Length of callerList for caller  is 0
callSet processing complete
Comparing across the call sets...
Merging the geneCall sets....
Final merged genes:

***************Merge List
1	Gene No. 1, gene caller: phanotate, leftEnd: 3, rightEnd: 122, strand: +, length: 120, contig: contig_2506, protein: unknown, score1: 1.0, score2: 0.0
2	Gene No. 1, gene caller: glimmer, leftEnd: 115, rightEnd: 231, strand: +, length: 117, contig: contig_2506, protein: unknown, score1: 1.0, score2: 0.0
3	Gene No. 2, gene caller: phanotate, leftEnd: 115, rightEnd: 231, strand: +, length: 117, contig: contig_2506, protein: unknown, score1: 1.0, score2: 0.0
4	Gene No. 2, gene caller: glimmer, leftEnd: 212, rightEnd: 898, strand: +, length: 687, contig: contig_2506, protein: unknown, score1: 1.0, score2: 0.0
5	Gene No. 3, gene caller: phanotate, leftEnd: 212, rightEnd: 898, strand: +, length: 687, contig: contig_2506, protein: unknown, score1: 1.0, score2: 0.0
6	Gene No. 1, gene caller: prodigal, leftEnd: 212, rightEnd: 898, strand: +, length: 687, contig: contig_2506, protein: unknown, score1: 1.0, score2: 0.0
7	Gene No. 3, gene caller: glimmer, leftEnd: 909, rightEnd: 1235, strand: +, length: 327, contig: contig_2506, protein: unknown, score1: 1.0, score2: 0.0
8	Gene No. 4, gene caller: phanotate, leftEnd: 909, rightEnd: 1235, strand: +, length: 327, contig: contig_2506, protein: unknown, score1: 1.0, score2: 0.0
9	Gene No. 2, gene caller: prodigal, leftEnd: 909, rightEnd: 1235, strand: +, length: 327, contig: contig_2506, protein: unknown, score1: 1.0, score2: 0.0
10	Gene No. 5, gene caller: phanotate, leftEnd: 1312, rightEnd: 1590, strand: +, length: 279, contig: contig_2506, protein: unknown, score1: 1.0, score2: 0.0
11	Gene No. 4, gene caller: glimmer, leftEnd: 1321, rightEnd: 1590, strand: +, length: 270, contig: contig_2506, protein: unknown, score1: 1.0, score2: 0.0
12	Gene No. 3, gene caller: prodigal, leftEnd: 1321, rightEnd: 1590, strand: +, length: 270, contig: contig_2506, protein: unknown, score1: 1.0, score2: 0.0
13	Gene No. 6, gene caller: phanotate, leftEnd: 1550, rightEnd: 1642, strand: +, length: 93, contig: contig_2506, protein: unknown, score1: 1.0, score2: 0.0
14	Gene No. 7, gene caller: phanotate, leftEnd: 1735, rightEnd: 1824, strand: +, length: 90, contig: contig_2506, protein: unknown, score1: 1.0, score2: 0.0
15	Gene No. 4, gene caller: prodigal, leftEnd: 1830, rightEnd: 2252, strand: +, length: 423, contig: contig_2506, protein: unknown, score1: 1.0, score2: 0.0
16	Gene No. 5, gene caller: glimmer, leftEnd: 1866, rightEnd: 2252, strand: +, length: 387, contig: contig_2506, protein: unknown, score1: 1.0, score2: 0.0
17	Gene No. 8, gene caller: phanotate, leftEnd: 1866, rightEnd: 2252, strand: +, length: 387, contig: contig_2506, protein: unknown, score1: 1.0, score2: 0.0
18	Gene No. 6, gene caller: glimmer, leftEnd: 2380, rightEnd: 2889, strand: -, length: 510, contig: contig_2506, protein: unknown, score1: 1.0, score2: 0.0
19	Gene No. 9, gene caller: phanotate, leftEnd: 2380, rightEnd: 2889, strand: -, length: 510, contig: contig_2506, protein: unknown, score1: 1.0, score2: 0.0
20	Gene No. 5, gene caller: prodigal, leftEnd: 2380, rightEnd: 2889, strand: -, length: 510, contig: contig_2506, protein: unknown, score1: 1.0, score2: 0.0
21	Gene No. 7, gene caller: glimmer, leftEnd: 2903, rightEnd: 3319, strand: -, length: 417, contig: contig_2506, protein: unknown, score1: 1.0, score2: 0.0
22	Gene No. 10, gene caller: phanotate, leftEnd: 2903, rightEnd: 3319, strand: -, length: 417, contig: contig_2506, protein: unknown, score1: 1.0, score2: 0.0
23	Gene No. 6, gene caller: prodigal, leftEnd: 2903, rightEnd: 3319, strand: -, length: 417, contig: contig_2506, protein: unknown, score1: 1.0, score2: 0.0
24	Gene No. 8, gene caller: glimmer, leftEnd: 3333, rightEnd: 3845, strand: -, length: 513, contig: contig_2506, protein: unknown, score1: 1.0, score2: 0.0
25	Gene No. 7, gene caller: prodigal, leftEnd: 3333, rightEnd: 3845, strand: -, length: 513, contig: contig_2506, protein: unknown, score1: 1.0, score2: 0.0
26	Gene No. 11, gene caller: phanotate, leftEnd: 3333, rightEnd: 3896, strand: -, length: 564, contig: contig_2506, protein: unknown, score1: 1.0, score2: 0.0
27	Gene No. 9, gene caller: glimmer, leftEnd: 3814, rightEnd: 4002, strand: -, length: 189, contig: contig_2506, protein: unknown, score1: 1.0, score2: 0.0
28	Gene No. 8, gene caller: prodigal, leftEnd: 3814, rightEnd: 4002, strand: -, length: 189, contig: contig_2506, protein: unknown, score1: 1.0, score2: 0.0
29	Gene No. 10, gene caller: glimmer, leftEnd: 4028, rightEnd: 4381, strand: -, length: 354, contig: contig_2506, protein: unknown, score1: 1.0, score2: 0.0
30	Gene No. 12, gene caller: phanotate, leftEnd: 4028, rightEnd: 4381, strand: -, length: 354, contig: contig_2506, protein: unknown, score1: 1.0, score2: 0.0
31	Gene No. 9, gene caller: prodigal, leftEnd: 4028, rightEnd: 4381, strand: -, length: 354, contig: contig_2506, protein: unknown, score1: 1.0, score2: 0.0
32	Gene No. 13, gene caller: phanotate, leftEnd: 4403, rightEnd: 4510, strand: -, length: 108, contig: contig_2506, protein: unknown, score1: 1.0, score2: 0.0
33	Gene No. 11, gene caller: glimmer, leftEnd: 4503, rightEnd: 4721, strand: -, length: 219, contig: contig_2506, protein: unknown, score1: 1.0, score2: 0.0
34	Gene No. 14, gene caller: phanotate, leftEnd: 4503, rightEnd: 4793, strand: -, length: 291, contig: contig_2506, protein: unknown, score1: 1.0, score2: 0.0
35	Gene No. 10, gene caller: prodigal, leftEnd: 4503, rightEnd: 4829, strand: -, length: 327, contig: contig_2506, protein: unknown, score1: 1.0, score2: 0.0
Comparing across geneCall sets....
Scoring gene calls....
Identifying common core...
This is the Common Core List:

***************Common Core
CC-gene 1	Gene No. 1, gene caller: All_callers, leftEnd: 212, rightEnd: 898, strand: +, length: 687, contig: contig_2506, protein: unknown, score1: 1.0, score2: 0.0
CC-gene 2	Gene No. 1, gene caller: All_callers, leftEnd: 909, rightEnd: 1235, strand: +, length: 327, contig: contig_2506, protein: unknown, score1: 1.0, score2: 0.0
CC-gene 3	Gene No. 1, gene caller: All_callers, leftEnd: 2380, rightEnd: 2889, strand: -, length: 510, contig: contig_2506, protein: unknown, score1: 1.0, score2: 0.0
CC-gene 4	Gene No. 1, gene caller: All_callers, leftEnd: 2903, rightEnd: 3319, strand: -, length: 417, contig: contig_2506, protein: unknown, score1: 1.0, score2: 0.0
CC-gene 5	Gene No. 1, gene caller: All_callers, leftEnd: 4028, rightEnd: 4381, strand: -, length: 354, contig: contig_2506, protein: unknown, score1: 1.0, score2: 0.0
Printing gene-call superset, consensus, and common_core in GFF and CGC formats
Printing report....
The following gene callers were considered: glimmer, phanotate, prodigal, The number of distinct gene calls over all gene callers is 20
The number of gene calls in common among all callers is 5
The number of unique (non-matching) gene calls is10
Caller glimmer produced 11 gene calls.
Caller glimmer gene-call length stats:  min: 117, max: 687, ave: 362.72727272727275
Caller phanotate produced 14 gene calls.
Caller phanotate gene-call length stats:  min: 90, max: 687, ave: 310.2857142857143
Caller prodigal produced 10 gene calls.
Caller prodigal gene-call length stats:  min: 189, max: 687, ave: 401.7

Gene-call Scores:
Caller	Contig	Gene No.	Left End	Right End	Strand	gcScore
phanotate	contig_2506	1	3	122	+	0.33
glimmer	contig_2506	1	115	231	+	0.83
phanotate	contig_2506	2	115	231	+	0.83
glimmer	contig_2506	2	212	898	+	1.00
phanotate	contig_2506	3	212	898	+	1.00
prodigal	contig_2506	1	212	898	+	1.00
glimmer	contig_2506	3	909	1235	+	1.00
phanotate	contig_2506	4	909	1235	+	1.00
prodigal	contig_2506	2	909	1235	+	1.00
phanotate	contig_2506	5	1312	1590	+	0.50
glimmer	contig_2506	4	1321	1590	+	0.83
prodigal	contig_2506	3	1321	1590	+	0.83
phanotate	contig_2506	6	1550	1642	+	0.33
phanotate	contig_2506	7	1735	1824	+	0.33
prodigal	contig_2506	4	1830	2252	+	0.50
glimmer	contig_2506	5	1866	2252	+	0.83
phanotate	contig_2506	8	1866	2252	+	0.83
glimmer	contig_2506	6	2380	2889	-	1.00
phanotate	contig_2506	9	2380	2889	-	1.00
prodigal	contig_2506	5	2380	2889	-	1.00
glimmer	contig_2506	7	2903	3319	-	1.00
phanotate	contig_2506	10	2903	3319	-	1.00
prodigal	contig_2506	6	2903	3319	-	1.00
glimmer	contig_2506	8	3333	3845	-	0.83
prodigal	contig_2506	7	3333	3845	-	0.83
phanotate	contig_2506	11	3333	3896	-	0.50
glimmer	contig_2506	9	3814	4002	-	0.83
prodigal	contig_2506	8	3814	4002	-	0.83
glimmer	contig_2506	10	4028	4381	-	1.00
phanotate	contig_2506	12	4028	4381	-	1.00
prodigal	contig_2506	9	4028	4381	-	1.00
phanotate	contig_2506	13	4403	4510	-	0.33
glimmer	contig_2506	11	4503	4721	-	0.50
phanotate	contig_2506	14	4503	4793	-	0.50
prodigal	contig_2506	10	4503	4829	-	0.50

Gene-call Consensus Scores:
Caller glimmer average gene-call score: 0.88
Caller phanotate average gene-call score: 0.68
Caller prodigal average gene-call score: 0.85

***************Unique List
Unique gene call 1
  --  Gene No. 1, gene caller: phanotate, leftEnd: 3, rightEnd: 122, strand: +, length: 120, contig: contig_2506, protein: unknown, score1: 0.3333333333333333, score2: 0.0
Unique gene call 2
  --  Gene No. 1, gene caller: glimmer, leftEnd: 115, rightEnd: 231, strand: +, length: 117, contig: contig_2506, protein: unknown, score1: 0.8333333333333333, score2: 0.0
  --  Gene No. 2, gene caller: phanotate, leftEnd: 115, rightEnd: 231, strand: +, length: 117, contig: contig_2506, protein: unknown, score1: 0.8333333333333333, score2: 0.0
Unique gene call 3
  --  Gene No. 2, gene caller: glimmer, leftEnd: 212, rightEnd: 898, strand: +, length: 687, contig: contig_2506, protein: unknown, score1: 1.0, score2: 0.0
  --  Gene No. 3, gene caller: phanotate, leftEnd: 212, rightEnd: 898, strand: +, length: 687, contig: contig_2506, protein: unknown, score1: 1.0, score2: 0.0
  --  Gene No. 1, gene caller: prodigal, leftEnd: 212, rightEnd: 898, strand: +, length: 687, contig: contig_2506, protein: unknown, score1: 1.0, score2: 0.0
Unique gene call 4
  --  Gene No. 3, gene caller: glimmer, leftEnd: 909, rightEnd: 1235, strand: +, length: 327, contig: contig_2506, protein: unknown, score1: 1.0, score2: 0.0
  --  Gene No. 4, gene caller: phanotate, leftEnd: 909, rightEnd: 1235, strand: +, length: 327, contig: contig_2506, protein: unknown, score1: 1.0, score2: 0.0
  --  Gene No. 2, gene caller: prodigal, leftEnd: 909, rightEnd: 1235, strand: +, length: 327, contig: contig_2506, protein: unknown, score1: 1.0, score2: 0.0
Unique gene call 5
  --  Gene No. 5, gene caller: phanotate, leftEnd: 1312, rightEnd: 1590, strand: +, length: 279, contig: contig_2506, protein: unknown, score1: 0.5, score2: 0.0
Unique gene call 6
  --  Gene No. 4, gene caller: glimmer, leftEnd: 1321, rightEnd: 1590, strand: +, length: 270, contig: contig_2506, protein: unknown, score1: 0.8333333333333333, score2: 0.0
  --  Gene No. 3, gene caller: prodigal, leftEnd: 1321, rightEnd: 1590, strand: +, length: 270, contig: contig_2506, protein: unknown, score1: 0.8333333333333333, score2: 0.0
Unique gene call 7
  --  Gene No. 6, gene caller: phanotate, leftEnd: 1550, rightEnd: 1642, strand: +, length: 93, contig: contig_2506, protein: unknown, score1: 0.3333333333333333, score2: 0.0
Unique gene call 8
  --  Gene No. 7, gene caller: phanotate, leftEnd: 1735, rightEnd: 1824, strand: +, length: 90, contig: contig_2506, protein: unknown, score1: 0.3333333333333333, score2: 0.0
Unique gene call 9
  --  Gene No. 4, gene caller: prodigal, leftEnd: 1830, rightEnd: 2252, strand: +, length: 423, contig: contig_2506, protein: unknown, score1: 0.5, score2: 0.0
Unique gene call 10
  --  Gene No. 5, gene caller: glimmer, leftEnd: 1866, rightEnd: 2252, strand: +, length: 387, contig: contig_2506, protein: unknown, score1: 0.8333333333333333, score2: 0.0
  --  Gene No. 8, gene caller: phanotate, leftEnd: 1866, rightEnd: 2252, strand: +, length: 387, contig: contig_2506, protein: unknown, score1: 0.8333333333333333, score2: 0.0
Unique gene call 11
  --  Gene No. 6, gene caller: glimmer, leftEnd: 2380, rightEnd: 2889, strand: -, length: 510, contig: contig_2506, protein: unknown, score1: 1.0, score2: 0.0
  --  Gene No. 9, gene caller: phanotate, leftEnd: 2380, rightEnd: 2889, strand: -, length: 510, contig: contig_2506, protein: unknown, score1: 1.0, score2: 0.0
  --  Gene No. 5, gene caller: prodigal, leftEnd: 2380, rightEnd: 2889, strand: -, length: 510, contig: contig_2506, protein: unknown, score1: 1.0, score2: 0.0
Unique gene call 12
  --  Gene No. 7, gene caller: glimmer, leftEnd: 2903, rightEnd: 3319, strand: -, length: 417, contig: contig_2506, protein: unknown, score1: 1.0, score2: 0.0
  --  Gene No. 10, gene caller: phanotate, leftEnd: 2903, rightEnd: 3319, strand: -, length: 417, contig: contig_2506, protein: unknown, score1: 1.0, score2: 0.0
  --  Gene No. 6, gene caller: prodigal, leftEnd: 2903, rightEnd: 3319, strand: -, length: 417, contig: contig_2506, protein: unknown, score1: 1.0, score2: 0.0
Unique gene call 13
  --  Gene No. 8, gene caller: glimmer, leftEnd: 3333, rightEnd: 3845, strand: -, length: 513, contig: contig_2506, protein: unknown, score1: 0.8333333333333333, score2: 0.0
  --  Gene No. 7, gene caller: prodigal, leftEnd: 3333, rightEnd: 3845, strand: -, length: 513, contig: contig_2506, protein: unknown, score1: 0.8333333333333333, score2: 0.0
Unique gene call 14
  --  Gene No. 11, gene caller: phanotate, leftEnd: 3333, rightEnd: 3896, strand: -, length: 564, contig: contig_2506, protein: unknown, score1: 0.5, score2: 0.0
Unique gene call 15
  --  Gene No. 9, gene caller: glimmer, leftEnd: 3814, rightEnd: 4002, strand: -, length: 189, contig: contig_2506, protein: unknown, score1: 0.8333333333333333, score2: 0.0
  --  Gene No. 8, gene caller: prodigal, leftEnd: 3814, rightEnd: 4002, strand: -, length: 189, contig: contig_2506, protein: unknown, score1: 0.8333333333333333, score2: 0.0
Unique gene call 16
  --  Gene No. 10, gene caller: glimmer, leftEnd: 4028, rightEnd: 4381, strand: -, length: 354, contig: contig_2506, protein: unknown, score1: 1.0, score2: 0.0
  --  Gene No. 12, gene caller: phanotate, leftEnd: 4028, rightEnd: 4381, strand: -, length: 354, contig: contig_2506, protein: unknown, score1: 1.0, score2: 0.0
  --  Gene No. 9, gene caller: prodigal, leftEnd: 4028, rightEnd: 4381, strand: -, length: 354, contig: contig_2506, protein: unknown, score1: 1.0, score2: 0.0
Unique gene call 17
  --  Gene No. 13, gene caller: phanotate, leftEnd: 4403, rightEnd: 4510, strand: -, length: 108, contig: contig_2506, protein: unknown, score1: 0.3333333333333333, score2: 0.0
Unique gene call 18
  --  Gene No. 11, gene caller: glimmer, leftEnd: 4503, rightEnd: 4721, strand: -, length: 219, contig: contig_2506, protein: unknown, score1: 0.5, score2: 0.0
Unique gene call 19
  --  Gene No. 14, gene caller: phanotate, leftEnd: 4503, rightEnd: 4793, strand: -, length: 291, contig: contig_2506, protein: unknown, score1: 0.5, score2: 0.0
Unique gene call 20
  --  Gene No. 10, gene caller: prodigal, leftEnd: 4503, rightEnd: 4829, strand: -, length: 327, contig: contig_2506, protein: unknown, score1: 0.5, score2: 0.0
Code complete at 2021-04-21 09:29:52.345892
