Discrepancy Report Results

Summary
DISC_PROTEIN_NAMES:All proteins have same name "hypothetical protein"
FATAL: MISSING_PROTEIN_ID:14 proteins have invalid IDs.
DISC_SOURCE_QUALS_ASNDISC:strain (all present, all unique)
DISC_SOURCE_QUALS_ASNDISC:taxname (all present, all unique)
DISC_FEATURE_COUNT:CDS: 14 present
DISC_COUNT_NUCLEOTIDES:1 nucleotide Bioseqs are present
FEATURE_LOCATION_CONFLICT:14 features have inconsistent gene locations.
DISC_QUALITY_SCORES:Quality scores are missing on all sequences.
ONCALLER_COMMENT_PRESENT:1 comment descriptors were found (all same)
MISSING_GENOMEASSEMBLY_COMMENTS:1 bioseqs are missing GenomeAssembly structured comments
MOLTYPE_NOT_MRNA:1 molecule types are not set as mRNA.
TECHNIQUE_NOT_TSA:1 technique are not set as TSA
MISSING_STRUCTURED_COMMENT:1 sequences do not include structured comments.
MISSING_PROJECT:15 sequences do not include project.
DISC_INCONSISTENT_MOLINFO_TECH:Molinfo Technique Report (some missing, all same)


Detailed Report

DiscRep_ALL:DISC_PROTEIN_NAMES::All proteins have same name "hypothetical protein"

FATAL: DiscRep_ALL:MISSING_PROTEIN_ID::14 proteins have invalid IDs.
prokkaJAAOBB010000124.1/JAAOBB010000124.1:JAAOBB010000124.1_1 (length 458)
prokkaJAAOBB010000124.1/JAAOBB010000124.1:JAAOBB010000124.1_2 (length 109)
prokkaJAAOBB010000124.1/JAAOBB010000124.1:JAAOBB010000124.1_3 (length 605)
prokkaJAAOBB010000124.1/JAAOBB010000124.1:JAAOBB010000124.1_4 (length 724)
prokkaJAAOBB010000124.1/JAAOBB010000124.1:JAAOBB010000124.1_5 (length 311)
prokkaJAAOBB010000124.1/JAAOBB010000124.1:JAAOBB010000124.1_6 (length 266)
prokkaJAAOBB010000124.1/JAAOBB010000124.1:JAAOBB010000124.1_7 (length 182)
prokkaJAAOBB010000124.1/JAAOBB010000124.1:JAAOBB010000124.1_8 (length 470)
prokkaJAAOBB010000124.1/JAAOBB010000124.1:JAAOBB010000124.1_9 (length 416)
prokkaJAAOBB010000124.1/JAAOBB010000124.1:JAAOBB010000124.1_10 (length 355)
prokkaJAAOBB010000124.1/JAAOBB010000124.1:JAAOBB010000124.1_11 (length 140)
prokkaJAAOBB010000124.1/JAAOBB010000124.1:JAAOBB010000124.1_12 (length 242)
prokkaJAAOBB010000124.1/JAAOBB010000124.1:JAAOBB010000124.1_13 (length 126)
prokkaJAAOBB010000124.1/JAAOBB010000124.1:JAAOBB010000124.1_14 (length 117)

DiscRep_ALL:DISC_SOURCE_QUALS_ASNDISC::strain (all present, all unique)
DiscRep_SUB:DISC_SOURCE_QUALS_ASNDISC::1 sources have unique values for strain
DiscRep_ALL:DISC_SOURCE_QUALS_ASNDISC::taxname (all present, all unique)
DiscRep_SUB:DISC_SOURCE_QUALS_ASNDISC::1 sources have unique values for taxname
DiscRep_ALL:DISC_FEATURE_COUNT::CDS: 14 present
DiscRep_ALL:DISC_COUNT_NUCLEOTIDES::1 nucleotide Bioseqs are present
prokkaJAAOBB010000124.1/JAAOBB010000124.1:JAAOBB010000124.1 (length 14169)

DiscRep_ALL:FEATURE_LOCATION_CONFLICT::14 features have inconsistent gene locations.
DiscRep_SUB:FEATURE_LOCATION_CONFLICT::Coding region xref gene does not exist
prokkaJAAOBB010000124.1/JAAOBB010000124.1:CDS	hypothetical protein	JAAOBB010000124.1:7-1383	HKBNCMPH_00001

DiscRep_SUB:FEATURE_LOCATION_CONFLICT::Coding region xref gene does not exist
prokkaJAAOBB010000124.1/JAAOBB010000124.1:CDS	hypothetical protein	JAAOBB010000124.1:1591-1920	HKBNCMPH_00002

DiscRep_SUB:FEATURE_LOCATION_CONFLICT::Coding region xref gene does not exist
prokkaJAAOBB010000124.1/JAAOBB010000124.1:CDS	hypothetical protein	JAAOBB010000124.1:1938-3755	HKBNCMPH_00003

DiscRep_SUB:FEATURE_LOCATION_CONFLICT::Coding region xref gene does not exist
prokkaJAAOBB010000124.1/JAAOBB010000124.1:CDS	hypothetical protein	JAAOBB010000124.1:3821-5995	HKBNCMPH_00004

DiscRep_SUB:FEATURE_LOCATION_CONFLICT::Coding region xref gene does not exist
prokkaJAAOBB010000124.1/JAAOBB010000124.1:CDS	hypothetical protein	JAAOBB010000124.1:6011-6946	HKBNCMPH_00005

DiscRep_SUB:FEATURE_LOCATION_CONFLICT::Coding region xref gene does not exist
prokkaJAAOBB010000124.1/JAAOBB010000124.1:CDS	hypothetical protein	JAAOBB010000124.1:6930-7730	HKBNCMPH_00006

DiscRep_SUB:FEATURE_LOCATION_CONFLICT::Coding region xref gene does not exist
prokkaJAAOBB010000124.1/JAAOBB010000124.1:CDS	hypothetical protein	JAAOBB010000124.1:7733-8281	HKBNCMPH_00007

DiscRep_SUB:FEATURE_LOCATION_CONFLICT::Coding region xref gene does not exist
prokkaJAAOBB010000124.1/JAAOBB010000124.1:CDS	hypothetical protein	JAAOBB010000124.1:8336-9748	HKBNCMPH_00008

DiscRep_SUB:FEATURE_LOCATION_CONFLICT::Coding region xref gene does not exist
prokkaJAAOBB010000124.1/JAAOBB010000124.1:CDS	hypothetical protein	JAAOBB010000124.1:9822-11072	HKBNCMPH_00009

DiscRep_SUB:FEATURE_LOCATION_CONFLICT::Coding region xref gene does not exist
prokkaJAAOBB010000124.1/JAAOBB010000124.1:CDS	hypothetical protein	JAAOBB010000124.1:11072-12139	HKBNCMPH_00010

DiscRep_SUB:FEATURE_LOCATION_CONFLICT::Coding region xref gene does not exist
prokkaJAAOBB010000124.1/JAAOBB010000124.1:CDS	hypothetical protein	JAAOBB010000124.1:12149-12571	HKBNCMPH_00011

DiscRep_SUB:FEATURE_LOCATION_CONFLICT::Coding region xref gene does not exist
prokkaJAAOBB010000124.1/JAAOBB010000124.1:CDS	hypothetical protein	JAAOBB010000124.1:12543-13271	HKBNCMPH_00012

DiscRep_SUB:FEATURE_LOCATION_CONFLICT::Coding region xref gene does not exist
prokkaJAAOBB010000124.1/JAAOBB010000124.1:CDS	hypothetical protein	JAAOBB010000124.1:c13686-13306	HKBNCMPH_00013

DiscRep_SUB:FEATURE_LOCATION_CONFLICT::Coding region xref gene does not exist
prokkaJAAOBB010000124.1/JAAOBB010000124.1:CDS	hypothetical protein	JAAOBB010000124.1:c14076-13723	HKBNCMPH_00014

DiscRep_ALL:DISC_QUALITY_SCORES::Quality scores are missing on all sequences.

DiscRep_ALL:ONCALLER_COMMENT_PRESENT::1 comment descriptors were found (all same)
prokkaJAAOBB010000124.1/JAAOBB010000124.1:JAAOBB010000124.1:Annotated using prokka 1.14.6 from https://github.com/tseemann/prokka

DiscRep_ALL:MISSING_GENOMEASSEMBLY_COMMENTS::1 bioseqs are missing GenomeAssembly structured comments
prokkaJAAOBB010000124.1/JAAOBB010000124.1:JAAOBB010000124.1 (length 14169)

DiscRep_ALL:MOLTYPE_NOT_MRNA::1 molecule types are not set as mRNA.
prokkaJAAOBB010000124.1/JAAOBB010000124.1:JAAOBB010000124.1 (length 14169)

DiscRep_ALL:TECHNIQUE_NOT_TSA::1 technique are not set as TSA
prokkaJAAOBB010000124.1/JAAOBB010000124.1:JAAOBB010000124.1 (length 14169)

DiscRep_ALL:MISSING_STRUCTURED_COMMENT::1 sequences do not include structured comments.
prokkaJAAOBB010000124.1/JAAOBB010000124.1:JAAOBB010000124.1 (length 14169)

DiscRep_ALL:MISSING_PROJECT::15 sequences do not include project.
prokkaJAAOBB010000124.1/JAAOBB010000124.1:JAAOBB010000124.1 (length 14169)
prokkaJAAOBB010000124.1/JAAOBB010000124.1:JAAOBB010000124.1_1 (length 458)
prokkaJAAOBB010000124.1/JAAOBB010000124.1:JAAOBB010000124.1_2 (length 109)
prokkaJAAOBB010000124.1/JAAOBB010000124.1:JAAOBB010000124.1_3 (length 605)
prokkaJAAOBB010000124.1/JAAOBB010000124.1:JAAOBB010000124.1_4 (length 724)
prokkaJAAOBB010000124.1/JAAOBB010000124.1:JAAOBB010000124.1_5 (length 311)
prokkaJAAOBB010000124.1/JAAOBB010000124.1:JAAOBB010000124.1_6 (length 266)
prokkaJAAOBB010000124.1/JAAOBB010000124.1:JAAOBB010000124.1_7 (length 182)
prokkaJAAOBB010000124.1/JAAOBB010000124.1:JAAOBB010000124.1_8 (length 470)
prokkaJAAOBB010000124.1/JAAOBB010000124.1:JAAOBB010000124.1_9 (length 416)
prokkaJAAOBB010000124.1/JAAOBB010000124.1:JAAOBB010000124.1_10 (length 355)
prokkaJAAOBB010000124.1/JAAOBB010000124.1:JAAOBB010000124.1_11 (length 140)
prokkaJAAOBB010000124.1/JAAOBB010000124.1:JAAOBB010000124.1_12 (length 242)
prokkaJAAOBB010000124.1/JAAOBB010000124.1:JAAOBB010000124.1_13 (length 126)
prokkaJAAOBB010000124.1/JAAOBB010000124.1:JAAOBB010000124.1_14 (length 117)

DiscRep_ALL:DISC_INCONSISTENT_MOLINFO_TECH::Molinfo Technique Report (some missing, all same)
DiscRep_SUB:DISC_INCONSISTENT_MOLINFO_TECH::technique (all missing)
DiscRep_SUB:DISC_INCONSISTENT_MOLINFO_TECH::1 Molinfos are missing field technique
prokkaJAAOBB010000124.1/JAAOBB010000124.1:JAAOBB010000124.1 (length 14169)

