Opening log at 2021-04-21 09:40:14.304642
Iterating through fileSet at 2021-04-21 09:40:14.304804
fileSet is ['/home/james/Software/multiPhATE2/PipelineOutput/contig_777/commoncore.cgc', '/home/james/Software/multiPhATE2/PipelineOutput/contig_777/consensus.cgc', '/home/james/Software/multiPhATE2/PipelineOutput/contig_777/glimmer.cgc', '/home/james/Software/multiPhATE2/PipelineOutput/contig_777/phanotate.cgc', '/home/james/Software/multiPhATE2/PipelineOutput/contig_777/prodigal.cgc', '/home/james/Software/multiPhATE2/PipelineOutput/contig_777/superset.cgc']
Opening geneFile /home/james/Software/multiPhATE2/PipelineOutput/contig_777/commoncore.cgc
Adding calls from geneFile /home/james/Software/multiPhATE2/PipelineOutput/contig_777/commoncore.cgc
Appending call set  number of calls is: 0
Opening geneFile /home/james/Software/multiPhATE2/PipelineOutput/contig_777/consensus.cgc
Adding calls from geneFile /home/james/Software/multiPhATE2/PipelineOutput/contig_777/consensus.cgc
Appending call set  number of calls is: 0
Opening geneFile /home/james/Software/multiPhATE2/PipelineOutput/contig_777/glimmer.cgc
Adding calls from geneFile /home/james/Software/multiPhATE2/PipelineOutput/contig_777/glimmer.cgc
Appending call set  number of calls is: 6
Opening geneFile /home/james/Software/multiPhATE2/PipelineOutput/contig_777/phanotate.cgc
Adding calls from geneFile /home/james/Software/multiPhATE2/PipelineOutput/contig_777/phanotate.cgc
Appending call set  number of calls is: 10
Opening geneFile /home/james/Software/multiPhATE2/PipelineOutput/contig_777/prodigal.cgc
Adding calls from geneFile /home/james/Software/multiPhATE2/PipelineOutput/contig_777/prodigal.cgc
Appending call set  number of calls is: 6
Opening geneFile /home/james/Software/multiPhATE2/PipelineOutput/contig_777/superset.cgc
Adding calls from geneFile /home/james/Software/multiPhATE2/PipelineOutput/contig_777/superset.cgc
Appending call set  number of calls is: 0
All call sets have been added to caller list. Number of call sets in callerList: 6
callerList is   glimmer phanotate prodigal  
Total number of gene calls across callerList call sets is: 22
Sorting gene calls for each caller
Processing a callSet
Before sorting, Length of callerList for caller  is 0
After sorting, Length of callerList for caller  is 0
Processing a callSet
Before sorting, Length of callerList for caller  is 0
After sorting, Length of callerList for caller  is 0
Processing a callSet
Before sorting, Length of callerList for caller glimmer is 6
After sorting, Length of callerList for caller glimmer is 6
Processing a callSet
Before sorting, Length of callerList for caller phanotate is 10
After sorting, Length of callerList for caller phanotate is 10
Processing a callSet
Before sorting, Length of callerList for caller prodigal is 6
After sorting, Length of callerList for caller prodigal is 6
Processing a callSet
Before sorting, Length of callerList for caller  is 0
After sorting, Length of callerList for caller  is 0
callSet processing complete
Comparing across the call sets...
Merging the geneCall sets....
Final merged genes:

***************Merge List
1	Gene No. 1, gene caller: phanotate, leftEnd: 1, rightEnd: 126, strand: -, length: 126, contig: contig_777, protein: unknown, score1: 1.0, score2: 0.0
2	Gene No. 2, gene caller: glimmer, leftEnd: 139, rightEnd: 798, strand: -, length: 660, contig: contig_777, protein: unknown, score1: 1.0, score2: 0.0
3	Gene No. 2, gene caller: phanotate, leftEnd: 139, rightEnd: 798, strand: -, length: 660, contig: contig_777, protein: unknown, score1: 1.0, score2: 0.0
4	Gene No. 1, gene caller: prodigal, leftEnd: 139, rightEnd: 798, strand: -, length: 660, contig: contig_777, protein: unknown, score1: 1.0, score2: 0.0
5	Gene No. 3, gene caller: glimmer, leftEnd: 900, rightEnd: 1127, strand: -, length: 228, contig: contig_777, protein: unknown, score1: 1.0, score2: 0.0
6	Gene No. 3, gene caller: phanotate, leftEnd: 900, rightEnd: 1127, strand: -, length: 228, contig: contig_777, protein: unknown, score1: 1.0, score2: 0.0
7	Gene No. 2, gene caller: prodigal, leftEnd: 900, rightEnd: 1127, strand: -, length: 228, contig: contig_777, protein: unknown, score1: 1.0, score2: 0.0
8	Gene No. 4, gene caller: glimmer, leftEnd: 1162, rightEnd: 1695, strand: -, length: 534, contig: contig_777, protein: unknown, score1: 1.0, score2: 0.0
9	Gene No. 4, gene caller: phanotate, leftEnd: 1162, rightEnd: 1695, strand: -, length: 534, contig: contig_777, protein: unknown, score1: 1.0, score2: 0.0
10	Gene No. 3, gene caller: prodigal, leftEnd: 1162, rightEnd: 1695, strand: -, length: 534, contig: contig_777, protein: unknown, score1: 1.0, score2: 0.0
11	Gene No. 5, gene caller: phanotate, leftEnd: 1711, rightEnd: 1836, strand: +, length: 126, contig: contig_777, protein: unknown, score1: 1.0, score2: 0.0
12	Gene No. 5, gene caller: glimmer, leftEnd: 1854, rightEnd: 2066, strand: +, length: 213, contig: contig_777, protein: unknown, score1: 1.0, score2: 0.0
13	Gene No. 6, gene caller: phanotate, leftEnd: 1854, rightEnd: 2066, strand: +, length: 213, contig: contig_777, protein: unknown, score1: 1.0, score2: 0.0
14	Gene No. 4, gene caller: prodigal, leftEnd: 1854, rightEnd: 2066, strand: +, length: 213, contig: contig_777, protein: unknown, score1: 1.0, score2: 0.0
15	Gene No. 6, gene caller: glimmer, leftEnd: 2168, rightEnd: 2797, strand: +, length: 630, contig: contig_777, protein: unknown, score1: 1.0, score2: 0.0
16	Gene No. 7, gene caller: phanotate, leftEnd: 2168, rightEnd: 2797, strand: +, length: 630, contig: contig_777, protein: unknown, score1: 1.0, score2: 0.0
17	Gene No. 5, gene caller: prodigal, leftEnd: 2168, rightEnd: 2797, strand: +, length: 630, contig: contig_777, protein: unknown, score1: 1.0, score2: 0.0
18	Gene No. 8, gene caller: phanotate, leftEnd: 2926, rightEnd: 3018, strand: +, length: 93, contig: contig_777, protein: unknown, score1: 1.0, score2: 0.0
19	Gene No. 7, gene caller: glimmer, leftEnd: 3099, rightEnd: 3272, strand: +, length: 174, contig: contig_777, protein: unknown, score1: 1.0, score2: 0.0
20	Gene No. 6, gene caller: prodigal, leftEnd: 3099, rightEnd: 3272, strand: +, length: 174, contig: contig_777, protein: unknown, score1: 1.0, score2: 0.0
21	Gene No. 9, gene caller: phanotate, leftEnd: 3135, rightEnd: 3272, strand: +, length: 138, contig: contig_777, protein: unknown, score1: 1.0, score2: 0.0
22	Gene No. 10, gene caller: phanotate, leftEnd: 3285, rightEnd: 3401, strand: +, length: 117, contig: contig_777, protein: unknown, score1: 1.0, score2: 0.0
Comparing across geneCall sets....
Scoring gene calls....
Identifying common core...
This is the Common Core List:

***************Common Core
CC-gene 1	Gene No. 1, gene caller: All_callers, leftEnd: 139, rightEnd: 798, strand: -, length: 660, contig: contig_777, protein: unknown, score1: 1.0, score2: 0.0
CC-gene 2	Gene No. 1, gene caller: All_callers, leftEnd: 900, rightEnd: 1127, strand: -, length: 228, contig: contig_777, protein: unknown, score1: 1.0, score2: 0.0
CC-gene 3	Gene No. 1, gene caller: All_callers, leftEnd: 1162, rightEnd: 1695, strand: -, length: 534, contig: contig_777, protein: unknown, score1: 1.0, score2: 0.0
CC-gene 4	Gene No. 1, gene caller: All_callers, leftEnd: 1854, rightEnd: 2066, strand: +, length: 213, contig: contig_777, protein: unknown, score1: 1.0, score2: 0.0
CC-gene 5	Gene No. 1, gene caller: All_callers, leftEnd: 2168, rightEnd: 2797, strand: +, length: 630, contig: contig_777, protein: unknown, score1: 1.0, score2: 0.0
Printing gene-call superset, consensus, and common_core in GFF and CGC formats
Printing report....
The following gene callers were considered: glimmer, phanotate, prodigal, The number of distinct gene calls over all gene callers is 11
The number of gene calls in common among all callers is 5
The number of unique (non-matching) gene calls is5
Caller glimmer produced 6 gene calls.
Caller glimmer gene-call length stats:  min: 174, max: 660, ave: 406.5
Caller phanotate produced 10 gene calls.
Caller phanotate gene-call length stats:  min: 93, max: 660, ave: 286.5
Caller prodigal produced 6 gene calls.
Caller prodigal gene-call length stats:  min: 174, max: 660, ave: 406.5

Gene-call Scores:
Caller	Contig	Gene No.	Left End	Right End	Strand	gcScore
phanotate	contig_777	1	1	126	-	0.33
glimmer	contig_777	2	139	798	-	1.00
phanotate	contig_777	2	139	798	-	1.00
prodigal	contig_777	1	139	798	-	1.00
glimmer	contig_777	3	900	1127	-	1.00
phanotate	contig_777	3	900	1127	-	1.00
prodigal	contig_777	2	900	1127	-	1.00
glimmer	contig_777	4	1162	1695	-	1.00
phanotate	contig_777	4	1162	1695	-	1.00
prodigal	contig_777	3	1162	1695	-	1.00
phanotate	contig_777	5	1711	1836	+	0.33
glimmer	contig_777	5	1854	2066	+	1.00
phanotate	contig_777	6	1854	2066	+	1.00
prodigal	contig_777	4	1854	2066	+	1.00
glimmer	contig_777	6	2168	2797	+	1.00
phanotate	contig_777	7	2168	2797	+	1.00
prodigal	contig_777	5	2168	2797	+	1.00
phanotate	contig_777	8	2926	3018	+	0.33
glimmer	contig_777	7	3099	3272	+	0.83
prodigal	contig_777	6	3099	3272	+	0.83
phanotate	contig_777	9	3135	3272	+	0.50
phanotate	contig_777	10	3285	3401	+	0.33

Gene-call Consensus Scores:
Caller glimmer average gene-call score: 0.97
Caller phanotate average gene-call score: 0.68
Caller prodigal average gene-call score: 0.97

***************Unique List
Unique gene call 1
  --  Gene No. 1, gene caller: phanotate, leftEnd: 1, rightEnd: 126, strand: -, length: 126, contig: contig_777, protein: unknown, score1: 0.3333333333333333, score2: 0.0
Unique gene call 2
  --  Gene No. 2, gene caller: glimmer, leftEnd: 139, rightEnd: 798, strand: -, length: 660, contig: contig_777, protein: unknown, score1: 1.0, score2: 0.0
  --  Gene No. 2, gene caller: phanotate, leftEnd: 139, rightEnd: 798, strand: -, length: 660, contig: contig_777, protein: unknown, score1: 1.0, score2: 0.0
  --  Gene No. 1, gene caller: prodigal, leftEnd: 139, rightEnd: 798, strand: -, length: 660, contig: contig_777, protein: unknown, score1: 1.0, score2: 0.0
Unique gene call 3
  --  Gene No. 3, gene caller: glimmer, leftEnd: 900, rightEnd: 1127, strand: -, length: 228, contig: contig_777, protein: unknown, score1: 1.0, score2: 0.0
  --  Gene No. 3, gene caller: phanotate, leftEnd: 900, rightEnd: 1127, strand: -, length: 228, contig: contig_777, protein: unknown, score1: 1.0, score2: 0.0
  --  Gene No. 2, gene caller: prodigal, leftEnd: 900, rightEnd: 1127, strand: -, length: 228, contig: contig_777, protein: unknown, score1: 1.0, score2: 0.0
Unique gene call 4
  --  Gene No. 4, gene caller: glimmer, leftEnd: 1162, rightEnd: 1695, strand: -, length: 534, contig: contig_777, protein: unknown, score1: 1.0, score2: 0.0
  --  Gene No. 4, gene caller: phanotate, leftEnd: 1162, rightEnd: 1695, strand: -, length: 534, contig: contig_777, protein: unknown, score1: 1.0, score2: 0.0
  --  Gene No. 3, gene caller: prodigal, leftEnd: 1162, rightEnd: 1695, strand: -, length: 534, contig: contig_777, protein: unknown, score1: 1.0, score2: 0.0
Unique gene call 5
  --  Gene No. 5, gene caller: phanotate, leftEnd: 1711, rightEnd: 1836, strand: +, length: 126, contig: contig_777, protein: unknown, score1: 0.3333333333333333, score2: 0.0
Unique gene call 6
  --  Gene No. 5, gene caller: glimmer, leftEnd: 1854, rightEnd: 2066, strand: +, length: 213, contig: contig_777, protein: unknown, score1: 1.0, score2: 0.0
  --  Gene No. 6, gene caller: phanotate, leftEnd: 1854, rightEnd: 2066, strand: +, length: 213, contig: contig_777, protein: unknown, score1: 1.0, score2: 0.0
  --  Gene No. 4, gene caller: prodigal, leftEnd: 1854, rightEnd: 2066, strand: +, length: 213, contig: contig_777, protein: unknown, score1: 1.0, score2: 0.0
Unique gene call 7
  --  Gene No. 6, gene caller: glimmer, leftEnd: 2168, rightEnd: 2797, strand: +, length: 630, contig: contig_777, protein: unknown, score1: 1.0, score2: 0.0
  --  Gene No. 7, gene caller: phanotate, leftEnd: 2168, rightEnd: 2797, strand: +, length: 630, contig: contig_777, protein: unknown, score1: 1.0, score2: 0.0
  --  Gene No. 5, gene caller: prodigal, leftEnd: 2168, rightEnd: 2797, strand: +, length: 630, contig: contig_777, protein: unknown, score1: 1.0, score2: 0.0
Unique gene call 8
  --  Gene No. 8, gene caller: phanotate, leftEnd: 2926, rightEnd: 3018, strand: +, length: 93, contig: contig_777, protein: unknown, score1: 0.3333333333333333, score2: 0.0
Unique gene call 9
  --  Gene No. 7, gene caller: glimmer, leftEnd: 3099, rightEnd: 3272, strand: +, length: 174, contig: contig_777, protein: unknown, score1: 0.8333333333333333, score2: 0.0
  --  Gene No. 6, gene caller: prodigal, leftEnd: 3099, rightEnd: 3272, strand: +, length: 174, contig: contig_777, protein: unknown, score1: 0.8333333333333333, score2: 0.0
Unique gene call 10
  --  Gene No. 9, gene caller: phanotate, leftEnd: 3135, rightEnd: 3272, strand: +, length: 138, contig: contig_777, protein: unknown, score1: 0.5, score2: 0.0
Unique gene call 11
  --  Gene No. 10, gene caller: phanotate, leftEnd: 3285, rightEnd: 3401, strand: +, length: 117, contig: contig_777, protein: unknown, score1: 0.3333333333333333, score2: 0.0
Code complete at 2021-04-21 09:40:14.309408
