Discrepancy Report Results

Summary
DISC_PROTEIN_NAMES:All proteins have same name "hypothetical protein"
FATAL: MISSING_PROTEIN_ID:12 proteins have invalid IDs.
DISC_SOURCE_QUALS_ASNDISC:strain (all present, all unique)
DISC_SOURCE_QUALS_ASNDISC:taxname (all present, all unique)
DISC_FEATURE_COUNT:CDS: 12 present
DISC_COUNT_NUCLEOTIDES:1 nucleotide Bioseqs are present
FEATURE_LOCATION_CONFLICT:12 features have inconsistent gene locations.
DISC_QUALITY_SCORES:Quality scores are missing on all sequences.
ONCALLER_COMMENT_PRESENT:1 comment descriptors were found (all same)
MISSING_GENOMEASSEMBLY_COMMENTS:1 bioseqs are missing GenomeAssembly structured comments
MOLTYPE_NOT_MRNA:1 molecule types are not set as mRNA.
TECHNIQUE_NOT_TSA:1 technique are not set as TSA
MISSING_STRUCTURED_COMMENT:1 sequences do not include structured comments.
MISSING_PROJECT:13 sequences do not include project.
DISC_INCONSISTENT_MOLINFO_TECH:Molinfo Technique Report (some missing, all same)


Detailed Report

DiscRep_ALL:DISC_PROTEIN_NAMES::All proteins have same name "hypothetical protein"

FATAL: DiscRep_ALL:MISSING_PROTEIN_ID::12 proteins have invalid IDs.
prokkaJAAOBB010000023.1/JAAOBB010000023.1:JAAOBB010000023.1_1 (length 113)
prokkaJAAOBB010000023.1/JAAOBB010000023.1:JAAOBB010000023.1_2 (length 560)
prokkaJAAOBB010000023.1/JAAOBB010000023.1:JAAOBB010000023.1_3 (length 409)
prokkaJAAOBB010000023.1/JAAOBB010000023.1:JAAOBB010000023.1_4 (length 221)
prokkaJAAOBB010000023.1/JAAOBB010000023.1:JAAOBB010000023.1_5 (length 404)
prokkaJAAOBB010000023.1/JAAOBB010000023.1:JAAOBB010000023.1_6 (length 59)
prokkaJAAOBB010000023.1/JAAOBB010000023.1:JAAOBB010000023.1_7 (length 186)
prokkaJAAOBB010000023.1/JAAOBB010000023.1:JAAOBB010000023.1_8 (length 120)
prokkaJAAOBB010000023.1/JAAOBB010000023.1:JAAOBB010000023.1_9 (length 152)
prokkaJAAOBB010000023.1/JAAOBB010000023.1:JAAOBB010000023.1_10 (length 135)
prokkaJAAOBB010000023.1/JAAOBB010000023.1:JAAOBB010000023.1_11 (length 154)
prokkaJAAOBB010000023.1/JAAOBB010000023.1:JAAOBB010000023.1_12 (length 130)

DiscRep_ALL:DISC_SOURCE_QUALS_ASNDISC::strain (all present, all unique)
DiscRep_SUB:DISC_SOURCE_QUALS_ASNDISC::1 sources have unique values for strain
DiscRep_ALL:DISC_SOURCE_QUALS_ASNDISC::taxname (all present, all unique)
DiscRep_SUB:DISC_SOURCE_QUALS_ASNDISC::1 sources have unique values for taxname
DiscRep_ALL:DISC_FEATURE_COUNT::CDS: 12 present
DiscRep_ALL:DISC_COUNT_NUCLEOTIDES::1 nucleotide Bioseqs are present
prokkaJAAOBB010000023.1/JAAOBB010000023.1:JAAOBB010000023.1 (length 8401)

DiscRep_ALL:FEATURE_LOCATION_CONFLICT::12 features have inconsistent gene locations.
DiscRep_SUB:FEATURE_LOCATION_CONFLICT::Coding region xref gene does not exist
prokkaJAAOBB010000023.1/JAAOBB010000023.1:CDS	hypothetical protein	JAAOBB010000023.1:86-427	EIMCECKD_00001

DiscRep_SUB:FEATURE_LOCATION_CONFLICT::Coding region xref gene does not exist
prokkaJAAOBB010000023.1/JAAOBB010000023.1:CDS	hypothetical protein	JAAOBB010000023.1:424-2106	EIMCECKD_00002

DiscRep_SUB:FEATURE_LOCATION_CONFLICT::Coding region xref gene does not exist
prokkaJAAOBB010000023.1/JAAOBB010000023.1:CDS	hypothetical protein	JAAOBB010000023.1:2103-3332	EIMCECKD_00003

DiscRep_SUB:FEATURE_LOCATION_CONFLICT::Coding region xref gene does not exist
prokkaJAAOBB010000023.1/JAAOBB010000023.1:CDS	hypothetical protein	JAAOBB010000023.1:3344-4009	EIMCECKD_00004

DiscRep_SUB:FEATURE_LOCATION_CONFLICT::Coding region xref gene does not exist
prokkaJAAOBB010000023.1/JAAOBB010000023.1:CDS	hypothetical protein	JAAOBB010000023.1:4039-5253	EIMCECKD_00005

DiscRep_SUB:FEATURE_LOCATION_CONFLICT::Coding region xref gene does not exist
prokkaJAAOBB010000023.1/JAAOBB010000023.1:CDS	hypothetical protein	JAAOBB010000023.1:5303-5482	EIMCECKD_00006

DiscRep_SUB:FEATURE_LOCATION_CONFLICT::Coding region xref gene does not exist
prokkaJAAOBB010000023.1/JAAOBB010000023.1:CDS	hypothetical protein	JAAOBB010000023.1:5484-6044	EIMCECKD_00007

DiscRep_SUB:FEATURE_LOCATION_CONFLICT::Coding region xref gene does not exist
prokkaJAAOBB010000023.1/JAAOBB010000023.1:CDS	hypothetical protein	JAAOBB010000023.1:6041-6403	EIMCECKD_00008

DiscRep_SUB:FEATURE_LOCATION_CONFLICT::Coding region xref gene does not exist
prokkaJAAOBB010000023.1/JAAOBB010000023.1:CDS	hypothetical protein	JAAOBB010000023.1:6580-7038	EIMCECKD_00009

DiscRep_SUB:FEATURE_LOCATION_CONFLICT::Coding region xref gene does not exist
prokkaJAAOBB010000023.1/JAAOBB010000023.1:CDS	hypothetical protein	JAAOBB010000023.1:7035-7442	EIMCECKD_00010

DiscRep_SUB:FEATURE_LOCATION_CONFLICT::Coding region xref gene does not exist
prokkaJAAOBB010000023.1/JAAOBB010000023.1:CDS	hypothetical protein	JAAOBB010000023.1:7509-7973	EIMCECKD_00011

DiscRep_SUB:FEATURE_LOCATION_CONFLICT::Coding region xref gene does not exist
prokkaJAAOBB010000023.1/JAAOBB010000023.1:CDS	hypothetical protein	JAAOBB010000023.1:7973-8365	EIMCECKD_00012

DiscRep_ALL:DISC_QUALITY_SCORES::Quality scores are missing on all sequences.

DiscRep_ALL:ONCALLER_COMMENT_PRESENT::1 comment descriptors were found (all same)
prokkaJAAOBB010000023.1/JAAOBB010000023.1:JAAOBB010000023.1:Annotated using prokka 1.14.6 from https://github.com/tseemann/prokka

DiscRep_ALL:MISSING_GENOMEASSEMBLY_COMMENTS::1 bioseqs are missing GenomeAssembly structured comments
prokkaJAAOBB010000023.1/JAAOBB010000023.1:JAAOBB010000023.1 (length 8401)

DiscRep_ALL:MOLTYPE_NOT_MRNA::1 molecule types are not set as mRNA.
prokkaJAAOBB010000023.1/JAAOBB010000023.1:JAAOBB010000023.1 (length 8401)

DiscRep_ALL:TECHNIQUE_NOT_TSA::1 technique are not set as TSA
prokkaJAAOBB010000023.1/JAAOBB010000023.1:JAAOBB010000023.1 (length 8401)

DiscRep_ALL:MISSING_STRUCTURED_COMMENT::1 sequences do not include structured comments.
prokkaJAAOBB010000023.1/JAAOBB010000023.1:JAAOBB010000023.1 (length 8401)

DiscRep_ALL:MISSING_PROJECT::13 sequences do not include project.
prokkaJAAOBB010000023.1/JAAOBB010000023.1:JAAOBB010000023.1 (length 8401)
prokkaJAAOBB010000023.1/JAAOBB010000023.1:JAAOBB010000023.1_1 (length 113)
prokkaJAAOBB010000023.1/JAAOBB010000023.1:JAAOBB010000023.1_2 (length 560)
prokkaJAAOBB010000023.1/JAAOBB010000023.1:JAAOBB010000023.1_3 (length 409)
prokkaJAAOBB010000023.1/JAAOBB010000023.1:JAAOBB010000023.1_4 (length 221)
prokkaJAAOBB010000023.1/JAAOBB010000023.1:JAAOBB010000023.1_5 (length 404)
prokkaJAAOBB010000023.1/JAAOBB010000023.1:JAAOBB010000023.1_6 (length 59)
prokkaJAAOBB010000023.1/JAAOBB010000023.1:JAAOBB010000023.1_7 (length 186)
prokkaJAAOBB010000023.1/JAAOBB010000023.1:JAAOBB010000023.1_8 (length 120)
prokkaJAAOBB010000023.1/JAAOBB010000023.1:JAAOBB010000023.1_9 (length 152)
prokkaJAAOBB010000023.1/JAAOBB010000023.1:JAAOBB010000023.1_10 (length 135)
prokkaJAAOBB010000023.1/JAAOBB010000023.1:JAAOBB010000023.1_11 (length 154)
prokkaJAAOBB010000023.1/JAAOBB010000023.1:JAAOBB010000023.1_12 (length 130)

DiscRep_ALL:DISC_INCONSISTENT_MOLINFO_TECH::Molinfo Technique Report (some missing, all same)
DiscRep_SUB:DISC_INCONSISTENT_MOLINFO_TECH::technique (all missing)
DiscRep_SUB:DISC_INCONSISTENT_MOLINFO_TECH::1 Molinfos are missing field technique
prokkaJAAOBB010000023.1/JAAOBB010000023.1:JAAOBB010000023.1 (length 8401)

