Opening log at 2021-04-21 09:39:14.837906
Iterating through fileSet at 2021-04-21 09:39:14.838092
fileSet is ['/home/james/Software/multiPhATE2/PipelineOutput/contig_738/commoncore.cgc', '/home/james/Software/multiPhATE2/PipelineOutput/contig_738/consensus.cgc', '/home/james/Software/multiPhATE2/PipelineOutput/contig_738/glimmer.cgc', '/home/james/Software/multiPhATE2/PipelineOutput/contig_738/phanotate.cgc', '/home/james/Software/multiPhATE2/PipelineOutput/contig_738/prodigal.cgc', '/home/james/Software/multiPhATE2/PipelineOutput/contig_738/superset.cgc']
Opening geneFile /home/james/Software/multiPhATE2/PipelineOutput/contig_738/commoncore.cgc
Adding calls from geneFile /home/james/Software/multiPhATE2/PipelineOutput/contig_738/commoncore.cgc
Appending call set  number of calls is: 0
Opening geneFile /home/james/Software/multiPhATE2/PipelineOutput/contig_738/consensus.cgc
Adding calls from geneFile /home/james/Software/multiPhATE2/PipelineOutput/contig_738/consensus.cgc
Appending call set  number of calls is: 0
Opening geneFile /home/james/Software/multiPhATE2/PipelineOutput/contig_738/glimmer.cgc
Adding calls from geneFile /home/james/Software/multiPhATE2/PipelineOutput/contig_738/glimmer.cgc
Appending call set  number of calls is: 10
Opening geneFile /home/james/Software/multiPhATE2/PipelineOutput/contig_738/phanotate.cgc
Adding calls from geneFile /home/james/Software/multiPhATE2/PipelineOutput/contig_738/phanotate.cgc
Appending call set  number of calls is: 14
Opening geneFile /home/james/Software/multiPhATE2/PipelineOutput/contig_738/prodigal.cgc
Adding calls from geneFile /home/james/Software/multiPhATE2/PipelineOutput/contig_738/prodigal.cgc
Appending call set  number of calls is: 11
Opening geneFile /home/james/Software/multiPhATE2/PipelineOutput/contig_738/superset.cgc
Adding calls from geneFile /home/james/Software/multiPhATE2/PipelineOutput/contig_738/superset.cgc
Appending call set  number of calls is: 0
All call sets have been added to caller list. Number of call sets in callerList: 6
callerList is   glimmer phanotate prodigal  
Total number of gene calls across callerList call sets is: 35
Sorting gene calls for each caller
Processing a callSet
Before sorting, Length of callerList for caller  is 0
After sorting, Length of callerList for caller  is 0
Processing a callSet
Before sorting, Length of callerList for caller  is 0
After sorting, Length of callerList for caller  is 0
Processing a callSet
Before sorting, Length of callerList for caller glimmer is 10
After sorting, Length of callerList for caller glimmer is 10
Processing a callSet
Before sorting, Length of callerList for caller phanotate is 14
After sorting, Length of callerList for caller phanotate is 14
Processing a callSet
Before sorting, Length of callerList for caller prodigal is 11
After sorting, Length of callerList for caller prodigal is 11
Processing a callSet
Before sorting, Length of callerList for caller  is 0
After sorting, Length of callerList for caller  is 0
callSet processing complete
Comparing across the call sets...
Merging the geneCall sets....
Final merged genes:

***************Merge List
1	Gene No. 1, gene caller: phanotate, leftEnd: 1, rightEnd: 462, strand: -, length: 462, contig: contig_738, protein: unknown, score1: 1.0, score2: 0.0
2	Gene No. 1, gene caller: prodigal, leftEnd: 1, rightEnd: 462, strand: -, length: 462, contig: contig_738, protein: unknown, score1: 1.0, score2: 0.0
3	Gene No. 1, gene caller: glimmer, leftEnd: 533, rightEnd: 1480, strand: +, length: 948, contig: contig_738, protein: unknown, score1: 1.0, score2: 0.0
4	Gene No. 2, gene caller: phanotate, leftEnd: 533, rightEnd: 1480, strand: +, length: 948, contig: contig_738, protein: unknown, score1: 1.0, score2: 0.0
5	Gene No. 2, gene caller: prodigal, leftEnd: 533, rightEnd: 1480, strand: +, length: 948, contig: contig_738, protein: unknown, score1: 1.0, score2: 0.0
6	Gene No. 2, gene caller: glimmer, leftEnd: 1473, rightEnd: 1919, strand: +, length: 447, contig: contig_738, protein: unknown, score1: 1.0, score2: 0.0
7	Gene No. 3, gene caller: phanotate, leftEnd: 1473, rightEnd: 1919, strand: +, length: 447, contig: contig_738, protein: unknown, score1: 1.0, score2: 0.0
8	Gene No. 3, gene caller: prodigal, leftEnd: 1473, rightEnd: 1919, strand: +, length: 447, contig: contig_738, protein: unknown, score1: 1.0, score2: 0.0
9	Gene No. 3, gene caller: glimmer, leftEnd: 1922, rightEnd: 2344, strand: -, length: 423, contig: contig_738, protein: unknown, score1: 1.0, score2: 0.0
10	Gene No. 4, gene caller: phanotate, leftEnd: 1922, rightEnd: 2344, strand: -, length: 423, contig: contig_738, protein: unknown, score1: 1.0, score2: 0.0
11	Gene No. 4, gene caller: prodigal, leftEnd: 1922, rightEnd: 2344, strand: -, length: 423, contig: contig_738, protein: unknown, score1: 1.0, score2: 0.0
12	Gene No. 4, gene caller: glimmer, leftEnd: 2542, rightEnd: 2988, strand: -, length: 447, contig: contig_738, protein: unknown, score1: 1.0, score2: 0.0
13	Gene No. 5, gene caller: phanotate, leftEnd: 2542, rightEnd: 2988, strand: -, length: 447, contig: contig_738, protein: unknown, score1: 1.0, score2: 0.0
14	Gene No. 5, gene caller: prodigal, leftEnd: 2542, rightEnd: 2988, strand: -, length: 447, contig: contig_738, protein: unknown, score1: 1.0, score2: 0.0
15	Gene No. 6, gene caller: phanotate, leftEnd: 2981, rightEnd: 3415, strand: -, length: 435, contig: contig_738, protein: unknown, score1: 1.0, score2: 0.0
16	Gene No. 5, gene caller: glimmer, leftEnd: 2981, rightEnd: 3565, strand: -, length: 585, contig: contig_738, protein: unknown, score1: 1.0, score2: 0.0
17	Gene No. 6, gene caller: prodigal, leftEnd: 2981, rightEnd: 3565, strand: -, length: 585, contig: contig_738, protein: unknown, score1: 1.0, score2: 0.0
18	Gene No. 7, gene caller: phanotate, leftEnd: 3403, rightEnd: 3534, strand: -, length: 132, contig: contig_738, protein: unknown, score1: 1.0, score2: 0.0
19	Gene No. 6, gene caller: glimmer, leftEnd: 3646, rightEnd: 4479, strand: -, length: 834, contig: contig_738, protein: unknown, score1: 1.0, score2: 0.0
20	Gene No. 8, gene caller: phanotate, leftEnd: 3646, rightEnd: 4479, strand: -, length: 834, contig: contig_738, protein: unknown, score1: 1.0, score2: 0.0
21	Gene No. 7, gene caller: prodigal, leftEnd: 3646, rightEnd: 4479, strand: -, length: 834, contig: contig_738, protein: unknown, score1: 1.0, score2: 0.0
22	Gene No. 7, gene caller: glimmer, leftEnd: 4472, rightEnd: 5683, strand: -, length: 1212, contig: contig_738, protein: unknown, score1: 1.0, score2: 0.0
23	Gene No. 8, gene caller: prodigal, leftEnd: 4472, rightEnd: 5683, strand: -, length: 1212, contig: contig_738, protein: unknown, score1: 1.0, score2: 0.0
24	Gene No. 9, gene caller: phanotate, leftEnd: 4472, rightEnd: 5707, strand: -, length: 1236, contig: contig_738, protein: unknown, score1: 1.0, score2: 0.0
25	Gene No. 8, gene caller: glimmer, leftEnd: 5664, rightEnd: 6041, strand: -, length: 378, contig: contig_738, protein: unknown, score1: 1.0, score2: 0.0
26	Gene No. 10, gene caller: phanotate, leftEnd: 5664, rightEnd: 6041, strand: -, length: 378, contig: contig_738, protein: unknown, score1: 1.0, score2: 0.0
27	Gene No. 9, gene caller: prodigal, leftEnd: 5664, rightEnd: 6041, strand: -, length: 378, contig: contig_738, protein: unknown, score1: 1.0, score2: 0.0
28	Gene No. 9, gene caller: glimmer, leftEnd: 6187, rightEnd: 6606, strand: -, length: 420, contig: contig_738, protein: unknown, score1: 1.0, score2: 0.0
29	Gene No. 11, gene caller: phanotate, leftEnd: 6187, rightEnd: 6606, strand: -, length: 420, contig: contig_738, protein: unknown, score1: 1.0, score2: 0.0
30	Gene No. 10, gene caller: prodigal, leftEnd: 6187, rightEnd: 6651, strand: -, length: 465, contig: contig_738, protein: unknown, score1: 1.0, score2: 0.0
31	Gene No. 10, gene caller: glimmer, leftEnd: 6635, rightEnd: 7609, strand: -, length: 975, contig: contig_738, protein: unknown, score1: 1.0, score2: 0.0
32	Gene No. 12, gene caller: phanotate, leftEnd: 6635, rightEnd: 7609, strand: -, length: 975, contig: contig_738, protein: unknown, score1: 1.0, score2: 0.0
33	Gene No. 11, gene caller: prodigal, leftEnd: 6635, rightEnd: 7609, strand: -, length: 975, contig: contig_738, protein: unknown, score1: 1.0, score2: 0.0
34	Gene No. 13, gene caller: phanotate, leftEnd: 7545, rightEnd: 7649, strand: +, length: 105, contig: contig_738, protein: unknown, score1: 1.0, score2: 0.0
35	Gene No. 14, gene caller: phanotate, leftEnd: 7891, rightEnd: 8010, strand: +, length: 120, contig: contig_738, protein: unknown, score1: 1.0, score2: 0.0
Comparing across geneCall sets....
Scoring gene calls....
Identifying common core...
This is the Common Core List:

***************Common Core
CC-gene 1	Gene No. 1, gene caller: All_callers, leftEnd: 533, rightEnd: 1480, strand: +, length: 948, contig: contig_738, protein: unknown, score1: 1.0, score2: 0.0
CC-gene 2	Gene No. 1, gene caller: All_callers, leftEnd: 1473, rightEnd: 1919, strand: +, length: 447, contig: contig_738, protein: unknown, score1: 1.0, score2: 0.0
CC-gene 3	Gene No. 1, gene caller: All_callers, leftEnd: 1922, rightEnd: 2344, strand: -, length: 423, contig: contig_738, protein: unknown, score1: 1.0, score2: 0.0
CC-gene 4	Gene No. 1, gene caller: All_callers, leftEnd: 2542, rightEnd: 2988, strand: -, length: 447, contig: contig_738, protein: unknown, score1: 1.0, score2: 0.0
CC-gene 5	Gene No. 1, gene caller: All_callers, leftEnd: 3646, rightEnd: 4479, strand: -, length: 834, contig: contig_738, protein: unknown, score1: 1.0, score2: 0.0
CC-gene 6	Gene No. 1, gene caller: All_callers, leftEnd: 5664, rightEnd: 6041, strand: -, length: 378, contig: contig_738, protein: unknown, score1: 1.0, score2: 0.0
CC-gene 7	Gene No. 1, gene caller: All_callers, leftEnd: 6635, rightEnd: 7609, strand: -, length: 975, contig: contig_738, protein: unknown, score1: 1.0, score2: 0.0
Printing gene-call superset, consensus, and common_core in GFF and CGC formats
Printing report....
The following gene callers were considered: glimmer, phanotate, prodigal, The number of distinct gene calls over all gene callers is 17
The number of gene calls in common among all callers is 7
The number of unique (non-matching) gene calls is6
Caller glimmer produced 10 gene calls.
Caller glimmer gene-call length stats:  min: 378, max: 1212, ave: 666.9
Caller phanotate produced 14 gene calls.
Caller phanotate gene-call length stats:  min: 105, max: 1236, ave: 525.8571428571429
Caller prodigal produced 11 gene calls.
Caller prodigal gene-call length stats:  min: 378, max: 1212, ave: 652.3636363636364

Gene-call Scores:
Caller	Contig	Gene No.	Left End	Right End	Strand	gcScore
phanotate	contig_738	1	1	462	-	0.83
prodigal	contig_738	1	1	462	-	0.83
glimmer	contig_738	1	533	1480	+	1.00
phanotate	contig_738	2	533	1480	+	1.00
prodigal	contig_738	2	533	1480	+	1.00
glimmer	contig_738	2	1473	1919	+	1.00
phanotate	contig_738	3	1473	1919	+	1.00
prodigal	contig_738	3	1473	1919	+	1.00
glimmer	contig_738	3	1922	2344	-	1.00
phanotate	contig_738	4	1922	2344	-	1.00
prodigal	contig_738	4	1922	2344	-	1.00
glimmer	contig_738	4	2542	2988	-	1.00
phanotate	contig_738	5	2542	2988	-	1.00
prodigal	contig_738	5	2542	2988	-	1.00
phanotate	contig_738	6	2981	3415	-	0.50
glimmer	contig_738	5	2981	3565	-	0.83
prodigal	contig_738	6	2981	3565	-	0.83
phanotate	contig_738	7	3403	3534	-	0.33
glimmer	contig_738	6	3646	4479	-	1.00
phanotate	contig_738	8	3646	4479	-	1.00
prodigal	contig_738	7	3646	4479	-	1.00
glimmer	contig_738	7	4472	5683	-	0.83
prodigal	contig_738	8	4472	5683	-	0.83
phanotate	contig_738	9	4472	5707	-	0.50
glimmer	contig_738	8	5664	6041	-	1.00
phanotate	contig_738	10	5664	6041	-	1.00
prodigal	contig_738	9	5664	6041	-	1.00
glimmer	contig_738	9	6187	6606	-	0.83
phanotate	contig_738	11	6187	6606	-	0.83
prodigal	contig_738	10	6187	6651	-	0.50
glimmer	contig_738	10	6635	7609	-	1.00
phanotate	contig_738	12	6635	7609	-	1.00
prodigal	contig_738	11	6635	7609	-	1.00
phanotate	contig_738	13	7545	7649	+	0.33
phanotate	contig_738	14	7891	8010	+	0.33

Gene-call Consensus Scores:
Caller glimmer average gene-call score: 0.95
Caller phanotate average gene-call score: 0.76
Caller prodigal average gene-call score: 0.91

***************Unique List
Unique gene call 1
  --  Gene No. 1, gene caller: phanotate, leftEnd: 1, rightEnd: 462, strand: -, length: 462, contig: contig_738, protein: unknown, score1: 0.8333333333333333, score2: 0.0
  --  Gene No. 1, gene caller: prodigal, leftEnd: 1, rightEnd: 462, strand: -, length: 462, contig: contig_738, protein: unknown, score1: 0.8333333333333333, score2: 0.0
Unique gene call 2
  --  Gene No. 1, gene caller: glimmer, leftEnd: 533, rightEnd: 1480, strand: +, length: 948, contig: contig_738, protein: unknown, score1: 1.0, score2: 0.0
  --  Gene No. 2, gene caller: phanotate, leftEnd: 533, rightEnd: 1480, strand: +, length: 948, contig: contig_738, protein: unknown, score1: 1.0, score2: 0.0
  --  Gene No. 2, gene caller: prodigal, leftEnd: 533, rightEnd: 1480, strand: +, length: 948, contig: contig_738, protein: unknown, score1: 1.0, score2: 0.0
Unique gene call 3
  --  Gene No. 2, gene caller: glimmer, leftEnd: 1473, rightEnd: 1919, strand: +, length: 447, contig: contig_738, protein: unknown, score1: 1.0, score2: 0.0
  --  Gene No. 3, gene caller: phanotate, leftEnd: 1473, rightEnd: 1919, strand: +, length: 447, contig: contig_738, protein: unknown, score1: 1.0, score2: 0.0
  --  Gene No. 3, gene caller: prodigal, leftEnd: 1473, rightEnd: 1919, strand: +, length: 447, contig: contig_738, protein: unknown, score1: 1.0, score2: 0.0
Unique gene call 4
  --  Gene No. 3, gene caller: glimmer, leftEnd: 1922, rightEnd: 2344, strand: -, length: 423, contig: contig_738, protein: unknown, score1: 1.0, score2: 0.0
  --  Gene No. 4, gene caller: phanotate, leftEnd: 1922, rightEnd: 2344, strand: -, length: 423, contig: contig_738, protein: unknown, score1: 1.0, score2: 0.0
  --  Gene No. 4, gene caller: prodigal, leftEnd: 1922, rightEnd: 2344, strand: -, length: 423, contig: contig_738, protein: unknown, score1: 1.0, score2: 0.0
Unique gene call 5
  --  Gene No. 4, gene caller: glimmer, leftEnd: 2542, rightEnd: 2988, strand: -, length: 447, contig: contig_738, protein: unknown, score1: 1.0, score2: 0.0
  --  Gene No. 5, gene caller: phanotate, leftEnd: 2542, rightEnd: 2988, strand: -, length: 447, contig: contig_738, protein: unknown, score1: 1.0, score2: 0.0
  --  Gene No. 5, gene caller: prodigal, leftEnd: 2542, rightEnd: 2988, strand: -, length: 447, contig: contig_738, protein: unknown, score1: 1.0, score2: 0.0
Unique gene call 6
  --  Gene No. 6, gene caller: phanotate, leftEnd: 2981, rightEnd: 3415, strand: -, length: 435, contig: contig_738, protein: unknown, score1: 0.5, score2: 0.0
Unique gene call 7
  --  Gene No. 5, gene caller: glimmer, leftEnd: 2981, rightEnd: 3565, strand: -, length: 585, contig: contig_738, protein: unknown, score1: 0.8333333333333333, score2: 0.0
  --  Gene No. 6, gene caller: prodigal, leftEnd: 2981, rightEnd: 3565, strand: -, length: 585, contig: contig_738, protein: unknown, score1: 0.8333333333333333, score2: 0.0
Unique gene call 8
  --  Gene No. 7, gene caller: phanotate, leftEnd: 3403, rightEnd: 3534, strand: -, length: 132, contig: contig_738, protein: unknown, score1: 0.3333333333333333, score2: 0.0
Unique gene call 9
  --  Gene No. 6, gene caller: glimmer, leftEnd: 3646, rightEnd: 4479, strand: -, length: 834, contig: contig_738, protein: unknown, score1: 1.0, score2: 0.0
  --  Gene No. 8, gene caller: phanotate, leftEnd: 3646, rightEnd: 4479, strand: -, length: 834, contig: contig_738, protein: unknown, score1: 1.0, score2: 0.0
  --  Gene No. 7, gene caller: prodigal, leftEnd: 3646, rightEnd: 4479, strand: -, length: 834, contig: contig_738, protein: unknown, score1: 1.0, score2: 0.0
Unique gene call 10
  --  Gene No. 7, gene caller: glimmer, leftEnd: 4472, rightEnd: 5683, strand: -, length: 1212, contig: contig_738, protein: unknown, score1: 0.8333333333333333, score2: 0.0
  --  Gene No. 8, gene caller: prodigal, leftEnd: 4472, rightEnd: 5683, strand: -, length: 1212, contig: contig_738, protein: unknown, score1: 0.8333333333333333, score2: 0.0
Unique gene call 11
  --  Gene No. 9, gene caller: phanotate, leftEnd: 4472, rightEnd: 5707, strand: -, length: 1236, contig: contig_738, protein: unknown, score1: 0.5, score2: 0.0
Unique gene call 12
  --  Gene No. 8, gene caller: glimmer, leftEnd: 5664, rightEnd: 6041, strand: -, length: 378, contig: contig_738, protein: unknown, score1: 1.0, score2: 0.0
  --  Gene No. 10, gene caller: phanotate, leftEnd: 5664, rightEnd: 6041, strand: -, length: 378, contig: contig_738, protein: unknown, score1: 1.0, score2: 0.0
  --  Gene No. 9, gene caller: prodigal, leftEnd: 5664, rightEnd: 6041, strand: -, length: 378, contig: contig_738, protein: unknown, score1: 1.0, score2: 0.0
Unique gene call 13
  --  Gene No. 9, gene caller: glimmer, leftEnd: 6187, rightEnd: 6606, strand: -, length: 420, contig: contig_738, protein: unknown, score1: 0.8333333333333333, score2: 0.0
  --  Gene No. 11, gene caller: phanotate, leftEnd: 6187, rightEnd: 6606, strand: -, length: 420, contig: contig_738, protein: unknown, score1: 0.8333333333333333, score2: 0.0
Unique gene call 14
  --  Gene No. 10, gene caller: prodigal, leftEnd: 6187, rightEnd: 6651, strand: -, length: 465, contig: contig_738, protein: unknown, score1: 0.5, score2: 0.0
Unique gene call 15
  --  Gene No. 10, gene caller: glimmer, leftEnd: 6635, rightEnd: 7609, strand: -, length: 975, contig: contig_738, protein: unknown, score1: 1.0, score2: 0.0
  --  Gene No. 12, gene caller: phanotate, leftEnd: 6635, rightEnd: 7609, strand: -, length: 975, contig: contig_738, protein: unknown, score1: 1.0, score2: 0.0
  --  Gene No. 11, gene caller: prodigal, leftEnd: 6635, rightEnd: 7609, strand: -, length: 975, contig: contig_738, protein: unknown, score1: 1.0, score2: 0.0
Unique gene call 16
  --  Gene No. 13, gene caller: phanotate, leftEnd: 7545, rightEnd: 7649, strand: +, length: 105, contig: contig_738, protein: unknown, score1: 0.3333333333333333, score2: 0.0
Unique gene call 17
  --  Gene No. 14, gene caller: phanotate, leftEnd: 7891, rightEnd: 8010, strand: +, length: 120, contig: contig_738, protein: unknown, score1: 0.3333333333333333, score2: 0.0
Code complete at 2021-04-21 09:39:14.844957
