Discrepancy Report Results

Summary
DISC_PROTEIN_NAMES:All proteins have same name "hypothetical protein"
FATAL: MISSING_PROTEIN_ID:15 proteins have invalid IDs.
DISC_SOURCE_QUALS_ASNDISC:strain (all present, all unique)
DISC_SOURCE_QUALS_ASNDISC:taxname (all present, all unique)
DISC_FEATURE_COUNT:CDS: 15 present
DISC_COUNT_NUCLEOTIDES:1 nucleotide Bioseqs are present
FEATURE_LOCATION_CONFLICT:15 features have inconsistent gene locations.
DISC_QUALITY_SCORES:Quality scores are missing on all sequences.
ONCALLER_COMMENT_PRESENT:1 comment descriptors were found (all same)
MISSING_GENOMEASSEMBLY_COMMENTS:1 bioseqs are missing GenomeAssembly structured comments
MOLTYPE_NOT_MRNA:1 molecule types are not set as mRNA.
TECHNIQUE_NOT_TSA:1 technique are not set as TSA
MISSING_STRUCTURED_COMMENT:1 sequences do not include structured comments.
MISSING_PROJECT:16 sequences do not include project.
DISC_INCONSISTENT_MOLINFO_TECH:Molinfo Technique Report (some missing, all same)


Detailed Report

DiscRep_ALL:DISC_PROTEIN_NAMES::All proteins have same name "hypothetical protein"

FATAL: DiscRep_ALL:MISSING_PROTEIN_ID::15 proteins have invalid IDs.
prokkaJAAOBB010000120.1/JAAOBB010000120.1:JAAOBB010000120.1_1 (length 328)
prokkaJAAOBB010000120.1/JAAOBB010000120.1:JAAOBB010000120.1_2 (length 487)
prokkaJAAOBB010000120.1/JAAOBB010000120.1:JAAOBB010000120.1_3 (length 109)
prokkaJAAOBB010000120.1/JAAOBB010000120.1:JAAOBB010000120.1_4 (length 593)
prokkaJAAOBB010000120.1/JAAOBB010000120.1:JAAOBB010000120.1_5 (length 726)
prokkaJAAOBB010000120.1/JAAOBB010000120.1:JAAOBB010000120.1_6 (length 311)
prokkaJAAOBB010000120.1/JAAOBB010000120.1:JAAOBB010000120.1_7 (length 266)
prokkaJAAOBB010000120.1/JAAOBB010000120.1:JAAOBB010000120.1_8 (length 187)
prokkaJAAOBB010000120.1/JAAOBB010000120.1:JAAOBB010000120.1_9 (length 461)
prokkaJAAOBB010000120.1/JAAOBB010000120.1:JAAOBB010000120.1_10 (length 416)
prokkaJAAOBB010000120.1/JAAOBB010000120.1:JAAOBB010000120.1_11 (length 355)
prokkaJAAOBB010000120.1/JAAOBB010000120.1:JAAOBB010000120.1_12 (length 140)
prokkaJAAOBB010000120.1/JAAOBB010000120.1:JAAOBB010000120.1_13 (length 255)
prokkaJAAOBB010000120.1/JAAOBB010000120.1:JAAOBB010000120.1_14 (length 126)
prokkaJAAOBB010000120.1/JAAOBB010000120.1:JAAOBB010000120.1_15 (length 103)

DiscRep_ALL:DISC_SOURCE_QUALS_ASNDISC::strain (all present, all unique)
DiscRep_SUB:DISC_SOURCE_QUALS_ASNDISC::1 sources have unique values for strain
DiscRep_ALL:DISC_SOURCE_QUALS_ASNDISC::taxname (all present, all unique)
DiscRep_SUB:DISC_SOURCE_QUALS_ASNDISC::1 sources have unique values for taxname
DiscRep_ALL:DISC_FEATURE_COUNT::CDS: 15 present
DiscRep_ALL:DISC_COUNT_NUCLEOTIDES::1 nucleotide Bioseqs are present
prokkaJAAOBB010000120.1/JAAOBB010000120.1:JAAOBB010000120.1 (length 15349)

DiscRep_ALL:FEATURE_LOCATION_CONFLICT::15 features have inconsistent gene locations.
DiscRep_SUB:FEATURE_LOCATION_CONFLICT::Coding region xref gene does not exist
prokkaJAAOBB010000120.1/JAAOBB010000120.1:CDS	hypothetical protein	JAAOBB010000120.1:102-1088	KGEBLMND_00001

DiscRep_SUB:FEATURE_LOCATION_CONFLICT::Coding region xref gene does not exist
prokkaJAAOBB010000120.1/JAAOBB010000120.1:CDS	hypothetical protein	JAAOBB010000120.1:1099-2562	KGEBLMND_00002

DiscRep_SUB:FEATURE_LOCATION_CONFLICT::Coding region xref gene does not exist
prokkaJAAOBB010000120.1/JAAOBB010000120.1:CDS	hypothetical protein	JAAOBB010000120.1:2771-3100	KGEBLMND_00003

DiscRep_SUB:FEATURE_LOCATION_CONFLICT::Coding region xref gene does not exist
prokkaJAAOBB010000120.1/JAAOBB010000120.1:CDS	hypothetical protein	JAAOBB010000120.1:3118-4899	KGEBLMND_00004

DiscRep_SUB:FEATURE_LOCATION_CONFLICT::Coding region xref gene does not exist
prokkaJAAOBB010000120.1/JAAOBB010000120.1:CDS	hypothetical protein	JAAOBB010000120.1:4963-7143	KGEBLMND_00005

DiscRep_SUB:FEATURE_LOCATION_CONFLICT::Coding region xref gene does not exist
prokkaJAAOBB010000120.1/JAAOBB010000120.1:CDS	hypothetical protein	JAAOBB010000120.1:7158-8093	KGEBLMND_00006

DiscRep_SUB:FEATURE_LOCATION_CONFLICT::Coding region xref gene does not exist
prokkaJAAOBB010000120.1/JAAOBB010000120.1:CDS	hypothetical protein	JAAOBB010000120.1:8077-8877	KGEBLMND_00007

DiscRep_SUB:FEATURE_LOCATION_CONFLICT::Coding region xref gene does not exist
prokkaJAAOBB010000120.1/JAAOBB010000120.1:CDS	hypothetical protein	JAAOBB010000120.1:8879-9442	KGEBLMND_00008

DiscRep_SUB:FEATURE_LOCATION_CONFLICT::Coding region xref gene does not exist
prokkaJAAOBB010000120.1/JAAOBB010000120.1:CDS	hypothetical protein	JAAOBB010000120.1:9468-10853	KGEBLMND_00009

DiscRep_SUB:FEATURE_LOCATION_CONFLICT::Coding region xref gene does not exist
prokkaJAAOBB010000120.1/JAAOBB010000120.1:CDS	hypothetical protein	JAAOBB010000120.1:10858-12108	KGEBLMND_00010

DiscRep_SUB:FEATURE_LOCATION_CONFLICT::Coding region xref gene does not exist
prokkaJAAOBB010000120.1/JAAOBB010000120.1:CDS	hypothetical protein	JAAOBB010000120.1:12108-13175	KGEBLMND_00011

DiscRep_SUB:FEATURE_LOCATION_CONFLICT::Coding region xref gene does not exist
prokkaJAAOBB010000120.1/JAAOBB010000120.1:CDS	hypothetical protein	JAAOBB010000120.1:13182-13604	KGEBLMND_00012

DiscRep_SUB:FEATURE_LOCATION_CONFLICT::Coding region xref gene does not exist
prokkaJAAOBB010000120.1/JAAOBB010000120.1:CDS	hypothetical protein	JAAOBB010000120.1:13576-14343	KGEBLMND_00013

DiscRep_SUB:FEATURE_LOCATION_CONFLICT::Coding region xref gene does not exist
prokkaJAAOBB010000120.1/JAAOBB010000120.1:CDS	hypothetical protein	JAAOBB010000120.1:c14760-14380	KGEBLMND_00014

DiscRep_SUB:FEATURE_LOCATION_CONFLICT::Coding region xref gene does not exist
prokkaJAAOBB010000120.1/JAAOBB010000120.1:CDS	hypothetical protein	JAAOBB010000120.1:c15146-14835	KGEBLMND_00015

DiscRep_ALL:DISC_QUALITY_SCORES::Quality scores are missing on all sequences.

DiscRep_ALL:ONCALLER_COMMENT_PRESENT::1 comment descriptors were found (all same)
prokkaJAAOBB010000120.1/JAAOBB010000120.1:JAAOBB010000120.1:Annotated using prokka 1.14.6 from https://github.com/tseemann/prokka

DiscRep_ALL:MISSING_GENOMEASSEMBLY_COMMENTS::1 bioseqs are missing GenomeAssembly structured comments
prokkaJAAOBB010000120.1/JAAOBB010000120.1:JAAOBB010000120.1 (length 15349)

DiscRep_ALL:MOLTYPE_NOT_MRNA::1 molecule types are not set as mRNA.
prokkaJAAOBB010000120.1/JAAOBB010000120.1:JAAOBB010000120.1 (length 15349)

DiscRep_ALL:TECHNIQUE_NOT_TSA::1 technique are not set as TSA
prokkaJAAOBB010000120.1/JAAOBB010000120.1:JAAOBB010000120.1 (length 15349)

DiscRep_ALL:MISSING_STRUCTURED_COMMENT::1 sequences do not include structured comments.
prokkaJAAOBB010000120.1/JAAOBB010000120.1:JAAOBB010000120.1 (length 15349)

DiscRep_ALL:MISSING_PROJECT::16 sequences do not include project.
prokkaJAAOBB010000120.1/JAAOBB010000120.1:JAAOBB010000120.1 (length 15349)
prokkaJAAOBB010000120.1/JAAOBB010000120.1:JAAOBB010000120.1_1 (length 328)
prokkaJAAOBB010000120.1/JAAOBB010000120.1:JAAOBB010000120.1_2 (length 487)
prokkaJAAOBB010000120.1/JAAOBB010000120.1:JAAOBB010000120.1_3 (length 109)
prokkaJAAOBB010000120.1/JAAOBB010000120.1:JAAOBB010000120.1_4 (length 593)
prokkaJAAOBB010000120.1/JAAOBB010000120.1:JAAOBB010000120.1_5 (length 726)
prokkaJAAOBB010000120.1/JAAOBB010000120.1:JAAOBB010000120.1_6 (length 311)
prokkaJAAOBB010000120.1/JAAOBB010000120.1:JAAOBB010000120.1_7 (length 266)
prokkaJAAOBB010000120.1/JAAOBB010000120.1:JAAOBB010000120.1_8 (length 187)
prokkaJAAOBB010000120.1/JAAOBB010000120.1:JAAOBB010000120.1_9 (length 461)
prokkaJAAOBB010000120.1/JAAOBB010000120.1:JAAOBB010000120.1_10 (length 416)
prokkaJAAOBB010000120.1/JAAOBB010000120.1:JAAOBB010000120.1_11 (length 355)
prokkaJAAOBB010000120.1/JAAOBB010000120.1:JAAOBB010000120.1_12 (length 140)
prokkaJAAOBB010000120.1/JAAOBB010000120.1:JAAOBB010000120.1_13 (length 255)
prokkaJAAOBB010000120.1/JAAOBB010000120.1:JAAOBB010000120.1_14 (length 126)
prokkaJAAOBB010000120.1/JAAOBB010000120.1:JAAOBB010000120.1_15 (length 103)

DiscRep_ALL:DISC_INCONSISTENT_MOLINFO_TECH::Molinfo Technique Report (some missing, all same)
DiscRep_SUB:DISC_INCONSISTENT_MOLINFO_TECH::technique (all missing)
DiscRep_SUB:DISC_INCONSISTENT_MOLINFO_TECH::1 Molinfos are missing field technique
prokkaJAAOBB010000120.1/JAAOBB010000120.1:JAAOBB010000120.1 (length 15349)

