[16:39:47] This is prokka 1.14.6
[16:39:47] Written by Torsten Seemann <torsten.seemann@gmail.com>
[16:39:47] Homepage is https://github.com/tseemann/prokka
[16:39:47] Local time is Mon Aug  9 16:39:47 2021
[16:39:47] You are james
[16:39:47] Operating system is linux
[16:39:47] You have BioPerl 1.007002
[16:39:47] System has 12 cores.
[16:39:47] Will use maximum of 8 cores.
[16:39:47] Annotating as >>> Bacteria <<<
[16:39:47] Generating locus_tag from 'MN855676.fasta' contents.
[16:39:47] Setting --locustag LHCCBKIB from MD5 51ccb42bc5ea3d6fcc67646b9c035c42
[16:39:47] Creating new output folder: prokkaMN855676
[16:39:47] Running: mkdir -p prokkaMN855676
[16:39:47] Using filename prefix: MN855676.XXX
[16:39:47] Setting HMMER_NCPU=1
[16:39:47] Writing log to: prokkaMN855676/MN855676.log
[16:39:47] Command: /home/james/miniconda3/envs/prokka/bin/prokka MN855676.fasta --outdir prokkaMN855676 --prefix MN855676 --force
[16:39:47] Appending to PATH: /home/james/miniconda3/envs/prokka/bin
[16:39:47] Looking for 'aragorn' - found /home/james/miniconda3/envs/prokka/bin/aragorn
[16:39:47] Determined aragorn version is 001002 from 'ARAGORN v1.2.38 Dean Laslett'
[16:39:47] Looking for 'barrnap' - found /home/james/miniconda3/envs/prokka/bin/barrnap
[16:39:47] Determined barrnap version is 000009 from 'barrnap 0.9'
[16:39:47] Looking for 'blastp' - found /home/james/miniconda3/envs/prokka/bin/blastp
[16:39:47] Determined blastp version is 002012 from 'blastp: 2.12.0+'
[16:39:47] Looking for 'cmpress' - found /home/james/miniconda3/envs/prokka/bin/cmpress
[16:39:47] Determined cmpress version is 001001 from '# INFERNAL 1.1.4 (Dec 2020)'
[16:39:47] Looking for 'cmscan' - found /home/james/miniconda3/envs/prokka/bin/cmscan
[16:39:47] Determined cmscan version is 001001 from '# INFERNAL 1.1.4 (Dec 2020)'
[16:39:47] Looking for 'egrep' - found /bin/egrep
[16:39:47] Looking for 'find' - found /usr/bin/find
[16:39:47] Looking for 'grep' - found /bin/grep
[16:39:47] Looking for 'hmmpress' - found /home/james/miniconda3/envs/prokka/bin/hmmpress
[16:39:47] Determined hmmpress version is 003003 from '# HMMER 3.3.2 (Nov 2020); http://hmmer.org/'
[16:39:47] Looking for 'hmmscan' - found /home/james/miniconda3/envs/prokka/bin/hmmscan
[16:39:47] Determined hmmscan version is 003003 from '# HMMER 3.3.2 (Nov 2020); http://hmmer.org/'
[16:39:47] Looking for 'java' - found /home/james/miniconda3/envs/prokka/bin/java
[16:39:47] Looking for 'makeblastdb' - found /home/james/miniconda3/envs/prokka/bin/makeblastdb
[16:39:48] Determined makeblastdb version is 002012 from 'makeblastdb: 2.12.0+'
[16:39:48] Looking for 'minced' - found /home/james/miniconda3/envs/prokka/bin/minced
[16:39:48] Determined minced version is 004002 from 'minced 0.4.2'
[16:39:48] Looking for 'parallel' - found /home/james/miniconda3/envs/prokka/bin/parallel
[16:39:48] Determined parallel version is 20210622 from 'GNU parallel 20210622'
[16:39:48] Looking for 'prodigal' - found /home/james/miniconda3/envs/prokka/bin/prodigal
[16:39:48] Determined prodigal version is 002006 from 'Prodigal V2.6.3: February, 2016'
[16:39:48] Looking for 'prokka-genbank_to_fasta_db' - found /home/james/miniconda3/envs/prokka/bin/prokka-genbank_to_fasta_db
[16:39:48] Looking for 'sed' - found /bin/sed
[16:39:48] Looking for 'tbl2asn' - found /home/james/miniconda3/envs/prokka/bin/tbl2asn
[16:39:48] Determined tbl2asn version is 025007 from 'tbl2asn 25.7   arguments:'
[16:39:48] Using genetic code table 11.
[16:39:48] Loading and checking input file: MN855676.fasta
[16:39:48] Wrote 1 contigs totalling 18448 bp.
[16:39:48] Predicting tRNAs and tmRNAs
[16:39:48] Running: aragorn -l -gc11  -w prokkaMN855676\/MN855676\.fna
[16:39:48] Found 0 tRNAs
[16:39:48] Predicting Ribosomal RNAs
[16:39:48] Running Barrnap with 8 threads
[16:39:48] Found 0 rRNAs
[16:39:48] Skipping ncRNA search, enable with --rfam if desired.
[16:39:48] Total of 0 tRNA + rRNA features
[16:39:48] Searching for CRISPR repeats
[16:39:48] Found 0 CRISPRs
[16:39:48] Predicting coding sequences
[16:39:48] Contigs total 18448 bp, so using meta mode
[16:39:48] Running: prodigal -i prokkaMN855676\/MN855676\.fna -c -m -g 11 -p meta -f sco -q
[16:39:48] Found 23 CDS
[16:39:48] Connecting features back to sequences
[16:39:48] Not using genus-specific database. Try --usegenus to enable it.
[16:39:48] Annotating CDS, please be patient.
[16:39:48] Will use 8 CPUs for similarity searching.
[16:39:48] There are still 23 unannotated CDS left (started with 23)
[16:39:48] Will use blast to search against /home/james/miniconda3/envs/prokka/db/kingdom/Bacteria/IS with 8 CPUs
[16:39:48] Running: cat prokkaMN855676\/MN855676\.IS\.tmp\.238259\.faa | parallel --gnu --plain -j 8 --block 371 --recstart '>' --pipe blastp -query - -db /home/james/miniconda3/envs/prokka/db/kingdom/Bacteria/IS -evalue 1e-30 -qcov_hsp_perc 90 -num_threads 1 -num_descriptions 1 -num_alignments 1 -seg no > prokkaMN855676\/MN855676\.IS\.tmp\.238259\.blast 2> /dev/null
[16:39:50] Deleting unwanted file: prokkaMN855676/MN855676.IS.tmp.238259.faa
[16:39:50] Deleting unwanted file: prokkaMN855676/MN855676.IS.tmp.238259.blast
[16:39:50] There are still 23 unannotated CDS left (started with 23)
[16:39:50] Will use blast to search against /home/james/miniconda3/envs/prokka/db/kingdom/Bacteria/AMR with 8 CPUs
[16:39:50] Running: cat prokkaMN855676\/MN855676\.AMR\.tmp\.238259\.faa | parallel --gnu --plain -j 8 --block 371 --recstart '>' --pipe blastp -query - -db /home/james/miniconda3/envs/prokka/db/kingdom/Bacteria/AMR -evalue 9.99999999999999e-301 -qcov_hsp_perc 90 -num_threads 1 -num_descriptions 1 -num_alignments 1 -seg no > prokkaMN855676\/MN855676\.AMR\.tmp\.238259\.blast 2> /dev/null
[16:39:51] Deleting unwanted file: prokkaMN855676/MN855676.AMR.tmp.238259.faa
[16:39:51] Deleting unwanted file: prokkaMN855676/MN855676.AMR.tmp.238259.blast
[16:39:51] There are still 23 unannotated CDS left (started with 23)
[16:39:51] Will use blast to search against /home/james/miniconda3/envs/prokka/db/kingdom/Bacteria/sprot with 8 CPUs
[16:39:51] Running: cat prokkaMN855676\/MN855676\.sprot\.tmp\.238259\.faa | parallel --gnu --plain -j 8 --block 371 --recstart '>' --pipe blastp -query - -db /home/james/miniconda3/envs/prokka/db/kingdom/Bacteria/sprot -evalue 1e-09 -qcov_hsp_perc 80 -num_threads 1 -num_descriptions 1 -num_alignments 1 -seg no > prokkaMN855676\/MN855676\.sprot\.tmp\.238259\.blast 2> /dev/null
[16:39:52] Deleting unwanted file: prokkaMN855676/MN855676.sprot.tmp.238259.faa
[16:39:52] Deleting unwanted file: prokkaMN855676/MN855676.sprot.tmp.238259.blast
[16:39:52] There are still 23 unannotated CDS left (started with 23)
[16:39:52] Will use hmmer3 to search against /home/james/miniconda3/envs/prokka/db/hmm/HAMAP.hmm with 8 CPUs
[16:39:52] Running: cat prokkaMN855676\/MN855676\.HAMAP\.hmm\.tmp\.238259\.faa | parallel --gnu --plain -j 8 --block 371 --recstart '>' --pipe hmmscan --noali --notextw --acc -E 1e-09 --cpu 1 /home/james/miniconda3/envs/prokka/db/hmm/HAMAP.hmm /dev/stdin > prokkaMN855676\/MN855676\.HAMAP\.hmm\.tmp\.238259\.hmmer3 2> /dev/null
[16:39:53] Deleting unwanted file: prokkaMN855676/MN855676.HAMAP.hmm.tmp.238259.faa
[16:39:53] Deleting unwanted file: prokkaMN855676/MN855676.HAMAP.hmm.tmp.238259.hmmer3
[16:39:53] Labelling remaining 23 proteins as 'hypothetical protein'
[16:39:53] Found 0 unique /gene codes.
[16:39:53] Fixed 0 colliding /gene names.
[16:39:53] Adding /locus_tag identifiers
[16:39:53] Assigned 23 locus_tags to CDS and RNA features.
[16:39:53] Writing outputs to prokkaMN855676/
[16:39:53] Generating annotation statistics file
[16:39:53] Generating Genbank and Sequin files
[16:39:53] Running: tbl2asn -V b -a r10k -l paired-ends -M n -N 1 -y 'Annotated using prokka 1.14.6 from https://github.com/tseemann/prokka' -Z prokkaMN855676\/MN855676\.err -i prokkaMN855676\/MN855676\.fsa 2> /dev/null
[16:39:53] Deleting unwanted file: prokkaMN855676/errorsummary.val
[16:39:53] Deleting unwanted file: prokkaMN855676/MN855676.dr
[16:39:53] Deleting unwanted file: prokkaMN855676/MN855676.fixedproducts
[16:39:53] Deleting unwanted file: prokkaMN855676/MN855676.ecn
[16:39:53] Deleting unwanted file: prokkaMN855676/MN855676.val
[16:39:53] Repairing broken .GBK output that tbl2asn produces...
[16:39:53] Running: sed 's/COORDINATES: profile/COORDINATES:profile/' < prokkaMN855676\/MN855676\.gbf > prokkaMN855676\/MN855676\.gbk
[16:39:53] Deleting unwanted file: prokkaMN855676/MN855676.gbf
[16:39:53] Output files:
[16:39:53] prokkaMN855676/MN855676.tbl
[16:39:53] prokkaMN855676/MN855676.faa
[16:39:53] prokkaMN855676/MN855676.fna
[16:39:53] prokkaMN855676/MN855676.fsa
[16:39:53] prokkaMN855676/MN855676.err
[16:39:53] prokkaMN855676/MN855676.sqn
[16:39:53] prokkaMN855676/MN855676.gbk
[16:39:53] prokkaMN855676/MN855676.txt
[16:39:53] prokkaMN855676/MN855676.log
[16:39:53] prokkaMN855676/MN855676.gff
[16:39:53] prokkaMN855676/MN855676.tsv
[16:39:53] prokkaMN855676/MN855676.ffn
[16:39:53] Annotation finished successfully.
[16:39:53] Walltime used: 0.10 minutes
[16:39:53] If you use this result please cite the Prokka paper:
[16:39:53] Seemann T (2014) Prokka: rapid prokaryotic genome annotation. Bioinformatics. 30(14):2068-9.
[16:39:53] Type 'prokka --citation' for more details.
[16:39:53] Thank you, come again.
