Opening log at 2021-04-21 09:41:05.709399
Iterating through fileSet at 2021-04-21 09:41:05.709508
fileSet is ['/home/james/Software/multiPhATE2/PipelineOutput/contig_2960/commoncore.cgc', '/home/james/Software/multiPhATE2/PipelineOutput/contig_2960/consensus.cgc', '/home/james/Software/multiPhATE2/PipelineOutput/contig_2960/glimmer.cgc', '/home/james/Software/multiPhATE2/PipelineOutput/contig_2960/phanotate.cgc', '/home/james/Software/multiPhATE2/PipelineOutput/contig_2960/prodigal.cgc', '/home/james/Software/multiPhATE2/PipelineOutput/contig_2960/superset.cgc']
Opening geneFile /home/james/Software/multiPhATE2/PipelineOutput/contig_2960/commoncore.cgc
Adding calls from geneFile /home/james/Software/multiPhATE2/PipelineOutput/contig_2960/commoncore.cgc
Appending call set  number of calls is: 0
Opening geneFile /home/james/Software/multiPhATE2/PipelineOutput/contig_2960/consensus.cgc
Adding calls from geneFile /home/james/Software/multiPhATE2/PipelineOutput/contig_2960/consensus.cgc
Appending call set  number of calls is: 0
Opening geneFile /home/james/Software/multiPhATE2/PipelineOutput/contig_2960/glimmer.cgc
Adding calls from geneFile /home/james/Software/multiPhATE2/PipelineOutput/contig_2960/glimmer.cgc
Appending call set  number of calls is: 11
Opening geneFile /home/james/Software/multiPhATE2/PipelineOutput/contig_2960/phanotate.cgc
Adding calls from geneFile /home/james/Software/multiPhATE2/PipelineOutput/contig_2960/phanotate.cgc
Appending call set  number of calls is: 13
Opening geneFile /home/james/Software/multiPhATE2/PipelineOutput/contig_2960/prodigal.cgc
Adding calls from geneFile /home/james/Software/multiPhATE2/PipelineOutput/contig_2960/prodigal.cgc
Appending call set  number of calls is: 13
Opening geneFile /home/james/Software/multiPhATE2/PipelineOutput/contig_2960/superset.cgc
Adding calls from geneFile /home/james/Software/multiPhATE2/PipelineOutput/contig_2960/superset.cgc
Appending call set  number of calls is: 0
All call sets have been added to caller list. Number of call sets in callerList: 6
callerList is   glimmer phanotate prodigal  
Total number of gene calls across callerList call sets is: 37
Sorting gene calls for each caller
Processing a callSet
Before sorting, Length of callerList for caller  is 0
After sorting, Length of callerList for caller  is 0
Processing a callSet
Before sorting, Length of callerList for caller  is 0
After sorting, Length of callerList for caller  is 0
Processing a callSet
Before sorting, Length of callerList for caller glimmer is 11
After sorting, Length of callerList for caller glimmer is 11
Processing a callSet
Before sorting, Length of callerList for caller phanotate is 13
After sorting, Length of callerList for caller phanotate is 13
Processing a callSet
Before sorting, Length of callerList for caller prodigal is 13
After sorting, Length of callerList for caller prodigal is 13
Processing a callSet
Before sorting, Length of callerList for caller  is 0
After sorting, Length of callerList for caller  is 0
callSet processing complete
Comparing across the call sets...
Merging the geneCall sets....
Final merged genes:

***************Merge List
1	Gene No. 1, gene caller: phanotate, leftEnd: 3, rightEnd: 146, strand: +, length: 144, contig: contig_2960, protein: unknown, score1: 1.0, score2: 0.0
2	Gene No. 1, gene caller: prodigal, leftEnd: 3, rightEnd: 146, strand: +, length: 144, contig: contig_2960, protein: unknown, score1: 1.0, score2: 0.0
3	Gene No. 1, gene caller: glimmer, leftEnd: 162, rightEnd: 440, strand: +, length: 279, contig: contig_2960, protein: unknown, score1: 1.0, score2: 0.0
4	Gene No. 2, gene caller: phanotate, leftEnd: 162, rightEnd: 440, strand: +, length: 279, contig: contig_2960, protein: unknown, score1: 1.0, score2: 0.0
5	Gene No. 2, gene caller: prodigal, leftEnd: 162, rightEnd: 440, strand: +, length: 279, contig: contig_2960, protein: unknown, score1: 1.0, score2: 0.0
6	Gene No. 2, gene caller: glimmer, leftEnd: 444, rightEnd: 914, strand: +, length: 471, contig: contig_2960, protein: unknown, score1: 1.0, score2: 0.0
7	Gene No. 3, gene caller: phanotate, leftEnd: 444, rightEnd: 914, strand: +, length: 471, contig: contig_2960, protein: unknown, score1: 1.0, score2: 0.0
8	Gene No. 3, gene caller: prodigal, leftEnd: 444, rightEnd: 914, strand: +, length: 471, contig: contig_2960, protein: unknown, score1: 1.0, score2: 0.0
9	Gene No. 3, gene caller: glimmer, leftEnd: 920, rightEnd: 1225, strand: +, length: 306, contig: contig_2960, protein: unknown, score1: 1.0, score2: 0.0
10	Gene No. 4, gene caller: phanotate, leftEnd: 920, rightEnd: 1225, strand: +, length: 306, contig: contig_2960, protein: unknown, score1: 1.0, score2: 0.0
11	Gene No. 4, gene caller: prodigal, leftEnd: 920, rightEnd: 1225, strand: +, length: 306, contig: contig_2960, protein: unknown, score1: 1.0, score2: 0.0
12	Gene No. 4, gene caller: glimmer, leftEnd: 1232, rightEnd: 1630, strand: +, length: 399, contig: contig_2960, protein: unknown, score1: 1.0, score2: 0.0
13	Gene No. 5, gene caller: phanotate, leftEnd: 1232, rightEnd: 1630, strand: +, length: 399, contig: contig_2960, protein: unknown, score1: 1.0, score2: 0.0
14	Gene No. 5, gene caller: prodigal, leftEnd: 1232, rightEnd: 1630, strand: +, length: 399, contig: contig_2960, protein: unknown, score1: 1.0, score2: 0.0
15	Gene No. 5, gene caller: glimmer, leftEnd: 1627, rightEnd: 1830, strand: +, length: 204, contig: contig_2960, protein: unknown, score1: 1.0, score2: 0.0
16	Gene No. 6, gene caller: phanotate, leftEnd: 1627, rightEnd: 1830, strand: +, length: 204, contig: contig_2960, protein: unknown, score1: 1.0, score2: 0.0
17	Gene No. 6, gene caller: prodigal, leftEnd: 1627, rightEnd: 1830, strand: +, length: 204, contig: contig_2960, protein: unknown, score1: 1.0, score2: 0.0
18	Gene No. 6, gene caller: glimmer, leftEnd: 1806, rightEnd: 2099, strand: -, length: 294, contig: contig_2960, protein: unknown, score1: 1.0, score2: 0.0
19	Gene No. 7, gene caller: phanotate, leftEnd: 1806, rightEnd: 2099, strand: -, length: 294, contig: contig_2960, protein: unknown, score1: 1.0, score2: 0.0
20	Gene No. 7, gene caller: prodigal, leftEnd: 1806, rightEnd: 2099, strand: -, length: 294, contig: contig_2960, protein: unknown, score1: 1.0, score2: 0.0
21	Gene No. 7, gene caller: glimmer, leftEnd: 2099, rightEnd: 2353, strand: -, length: 255, contig: contig_2960, protein: unknown, score1: 1.0, score2: 0.0
22	Gene No. 8, gene caller: phanotate, leftEnd: 2099, rightEnd: 2353, strand: -, length: 255, contig: contig_2960, protein: unknown, score1: 1.0, score2: 0.0
23	Gene No. 8, gene caller: prodigal, leftEnd: 2099, rightEnd: 2353, strand: -, length: 255, contig: contig_2960, protein: unknown, score1: 1.0, score2: 0.0
24	Gene No. 8, gene caller: glimmer, leftEnd: 2368, rightEnd: 2694, strand: -, length: 327, contig: contig_2960, protein: unknown, score1: 1.0, score2: 0.0
25	Gene No. 9, gene caller: phanotate, leftEnd: 2368, rightEnd: 2694, strand: -, length: 327, contig: contig_2960, protein: unknown, score1: 1.0, score2: 0.0
26	Gene No. 9, gene caller: prodigal, leftEnd: 2368, rightEnd: 2694, strand: -, length: 327, contig: contig_2960, protein: unknown, score1: 1.0, score2: 0.0
27	Gene No. 9, gene caller: glimmer, leftEnd: 2694, rightEnd: 2936, strand: -, length: 243, contig: contig_2960, protein: unknown, score1: 1.0, score2: 0.0
28	Gene No. 10, gene caller: phanotate, leftEnd: 2694, rightEnd: 2936, strand: -, length: 243, contig: contig_2960, protein: unknown, score1: 1.0, score2: 0.0
29	Gene No. 10, gene caller: prodigal, leftEnd: 2694, rightEnd: 2936, strand: -, length: 243, contig: contig_2960, protein: unknown, score1: 1.0, score2: 0.0
30	Gene No. 10, gene caller: glimmer, leftEnd: 2929, rightEnd: 3651, strand: -, length: 723, contig: contig_2960, protein: unknown, score1: 1.0, score2: 0.0
31	Gene No. 11, gene caller: phanotate, leftEnd: 2929, rightEnd: 3651, strand: -, length: 723, contig: contig_2960, protein: unknown, score1: 1.0, score2: 0.0
32	Gene No. 11, gene caller: prodigal, leftEnd: 2929, rightEnd: 3651, strand: -, length: 723, contig: contig_2960, protein: unknown, score1: 1.0, score2: 0.0
33	Gene No. 11, gene caller: glimmer, leftEnd: 3651, rightEnd: 4571, strand: -, length: 921, contig: contig_2960, protein: unknown, score1: 1.0, score2: 0.0
34	Gene No. 12, gene caller: phanotate, leftEnd: 3651, rightEnd: 4571, strand: -, length: 921, contig: contig_2960, protein: unknown, score1: 1.0, score2: 0.0
35	Gene No. 12, gene caller: prodigal, leftEnd: 3651, rightEnd: 4571, strand: -, length: 921, contig: contig_2960, protein: unknown, score1: 1.0, score2: 0.0
36	Gene No. 13, gene caller: phanotate, leftEnd: 4669, rightEnd: 5028, strand: -, length: 360, contig: contig_2960, protein: unknown, score1: 1.0, score2: 0.0
37	Gene No. 13, gene caller: prodigal, leftEnd: 4669, rightEnd: 5028, strand: -, length: 360, contig: contig_2960, protein: unknown, score1: 1.0, score2: 0.0
Comparing across geneCall sets....
Scoring gene calls....
Identifying common core...
This is the Common Core List:

***************Common Core
CC-gene 1	Gene No. 1, gene caller: All_callers, leftEnd: 162, rightEnd: 440, strand: +, length: 279, contig: contig_2960, protein: unknown, score1: 1.0, score2: 0.0
CC-gene 2	Gene No. 1, gene caller: All_callers, leftEnd: 444, rightEnd: 914, strand: +, length: 471, contig: contig_2960, protein: unknown, score1: 1.0, score2: 0.0
CC-gene 3	Gene No. 1, gene caller: All_callers, leftEnd: 920, rightEnd: 1225, strand: +, length: 306, contig: contig_2960, protein: unknown, score1: 1.0, score2: 0.0
CC-gene 4	Gene No. 1, gene caller: All_callers, leftEnd: 1232, rightEnd: 1630, strand: +, length: 399, contig: contig_2960, protein: unknown, score1: 1.0, score2: 0.0
CC-gene 5	Gene No. 1, gene caller: All_callers, leftEnd: 1627, rightEnd: 1830, strand: +, length: 204, contig: contig_2960, protein: unknown, score1: 1.0, score2: 0.0
CC-gene 6	Gene No. 1, gene caller: All_callers, leftEnd: 1806, rightEnd: 2099, strand: -, length: 294, contig: contig_2960, protein: unknown, score1: 1.0, score2: 0.0
CC-gene 7	Gene No. 1, gene caller: All_callers, leftEnd: 2099, rightEnd: 2353, strand: -, length: 255, contig: contig_2960, protein: unknown, score1: 1.0, score2: 0.0
CC-gene 8	Gene No. 1, gene caller: All_callers, leftEnd: 2368, rightEnd: 2694, strand: -, length: 327, contig: contig_2960, protein: unknown, score1: 1.0, score2: 0.0
CC-gene 9	Gene No. 1, gene caller: All_callers, leftEnd: 2694, rightEnd: 2936, strand: -, length: 243, contig: contig_2960, protein: unknown, score1: 1.0, score2: 0.0
CC-gene 10	Gene No. 1, gene caller: All_callers, leftEnd: 2929, rightEnd: 3651, strand: -, length: 723, contig: contig_2960, protein: unknown, score1: 1.0, score2: 0.0
CC-gene 11	Gene No. 1, gene caller: All_callers, leftEnd: 3651, rightEnd: 4571, strand: -, length: 921, contig: contig_2960, protein: unknown, score1: 1.0, score2: 0.0
Printing gene-call superset, consensus, and common_core in GFF and CGC formats
Printing report....
The following gene callers were considered: glimmer, phanotate, prodigal, The number of distinct gene calls over all gene callers is 13
The number of gene calls in common among all callers is 11
The number of unique (non-matching) gene calls is0
Caller glimmer produced 11 gene calls.
Caller glimmer gene-call length stats:  min: 204, max: 921, ave: 402.0
Caller phanotate produced 13 gene calls.
Caller phanotate gene-call length stats:  min: 144, max: 921, ave: 378.9230769230769
Caller prodigal produced 13 gene calls.
Caller prodigal gene-call length stats:  min: 144, max: 921, ave: 378.9230769230769

Gene-call Scores:
Caller	Contig	Gene No.	Left End	Right End	Strand	gcScore
phanotate	contig_2960	1	3	146	+	0.83
prodigal	contig_2960	1	3	146	+	0.83
glimmer	contig_2960	1	162	440	+	1.00
phanotate	contig_2960	2	162	440	+	1.00
prodigal	contig_2960	2	162	440	+	1.00
glimmer	contig_2960	2	444	914	+	1.00
phanotate	contig_2960	3	444	914	+	1.00
prodigal	contig_2960	3	444	914	+	1.00
glimmer	contig_2960	3	920	1225	+	1.00
phanotate	contig_2960	4	920	1225	+	1.00
prodigal	contig_2960	4	920	1225	+	1.00
glimmer	contig_2960	4	1232	1630	+	1.00
phanotate	contig_2960	5	1232	1630	+	1.00
prodigal	contig_2960	5	1232	1630	+	1.00
glimmer	contig_2960	5	1627	1830	+	1.00
phanotate	contig_2960	6	1627	1830	+	1.00
prodigal	contig_2960	6	1627	1830	+	1.00
glimmer	contig_2960	6	1806	2099	-	1.00
phanotate	contig_2960	7	1806	2099	-	1.00
prodigal	contig_2960	7	1806	2099	-	1.00
glimmer	contig_2960	7	2099	2353	-	1.00
phanotate	contig_2960	8	2099	2353	-	1.00
prodigal	contig_2960	8	2099	2353	-	1.00
glimmer	contig_2960	8	2368	2694	-	1.00
phanotate	contig_2960	9	2368	2694	-	1.00
prodigal	contig_2960	9	2368	2694	-	1.00
glimmer	contig_2960	9	2694	2936	-	1.00
phanotate	contig_2960	10	2694	2936	-	1.00
prodigal	contig_2960	10	2694	2936	-	1.00
glimmer	contig_2960	10	2929	3651	-	1.00
phanotate	contig_2960	11	2929	3651	-	1.00
prodigal	contig_2960	11	2929	3651	-	1.00
glimmer	contig_2960	11	3651	4571	-	1.00
phanotate	contig_2960	12	3651	4571	-	1.00
prodigal	contig_2960	12	3651	4571	-	1.00
phanotate	contig_2960	13	4669	5028	-	0.83
prodigal	contig_2960	13	4669	5028	-	0.83

Gene-call Consensus Scores:
Caller glimmer average gene-call score: 1.00
Caller phanotate average gene-call score: 0.97
Caller prodigal average gene-call score: 0.97

***************Unique List
Unique gene call 1
  --  Gene No. 1, gene caller: phanotate, leftEnd: 3, rightEnd: 146, strand: +, length: 144, contig: contig_2960, protein: unknown, score1: 0.8333333333333333, score2: 0.0
  --  Gene No. 1, gene caller: prodigal, leftEnd: 3, rightEnd: 146, strand: +, length: 144, contig: contig_2960, protein: unknown, score1: 0.8333333333333333, score2: 0.0
Unique gene call 2
  --  Gene No. 1, gene caller: glimmer, leftEnd: 162, rightEnd: 440, strand: +, length: 279, contig: contig_2960, protein: unknown, score1: 1.0, score2: 0.0
  --  Gene No. 2, gene caller: phanotate, leftEnd: 162, rightEnd: 440, strand: +, length: 279, contig: contig_2960, protein: unknown, score1: 1.0, score2: 0.0
  --  Gene No. 2, gene caller: prodigal, leftEnd: 162, rightEnd: 440, strand: +, length: 279, contig: contig_2960, protein: unknown, score1: 1.0, score2: 0.0
Unique gene call 3
  --  Gene No. 2, gene caller: glimmer, leftEnd: 444, rightEnd: 914, strand: +, length: 471, contig: contig_2960, protein: unknown, score1: 1.0, score2: 0.0
  --  Gene No. 3, gene caller: phanotate, leftEnd: 444, rightEnd: 914, strand: +, length: 471, contig: contig_2960, protein: unknown, score1: 1.0, score2: 0.0
  --  Gene No. 3, gene caller: prodigal, leftEnd: 444, rightEnd: 914, strand: +, length: 471, contig: contig_2960, protein: unknown, score1: 1.0, score2: 0.0
Unique gene call 4
  --  Gene No. 3, gene caller: glimmer, leftEnd: 920, rightEnd: 1225, strand: +, length: 306, contig: contig_2960, protein: unknown, score1: 1.0, score2: 0.0
  --  Gene No. 4, gene caller: phanotate, leftEnd: 920, rightEnd: 1225, strand: +, length: 306, contig: contig_2960, protein: unknown, score1: 1.0, score2: 0.0
  --  Gene No. 4, gene caller: prodigal, leftEnd: 920, rightEnd: 1225, strand: +, length: 306, contig: contig_2960, protein: unknown, score1: 1.0, score2: 0.0
Unique gene call 5
  --  Gene No. 4, gene caller: glimmer, leftEnd: 1232, rightEnd: 1630, strand: +, length: 399, contig: contig_2960, protein: unknown, score1: 1.0, score2: 0.0
  --  Gene No. 5, gene caller: phanotate, leftEnd: 1232, rightEnd: 1630, strand: +, length: 399, contig: contig_2960, protein: unknown, score1: 1.0, score2: 0.0
  --  Gene No. 5, gene caller: prodigal, leftEnd: 1232, rightEnd: 1630, strand: +, length: 399, contig: contig_2960, protein: unknown, score1: 1.0, score2: 0.0
Unique gene call 6
  --  Gene No. 5, gene caller: glimmer, leftEnd: 1627, rightEnd: 1830, strand: +, length: 204, contig: contig_2960, protein: unknown, score1: 1.0, score2: 0.0
  --  Gene No. 6, gene caller: phanotate, leftEnd: 1627, rightEnd: 1830, strand: +, length: 204, contig: contig_2960, protein: unknown, score1: 1.0, score2: 0.0
  --  Gene No. 6, gene caller: prodigal, leftEnd: 1627, rightEnd: 1830, strand: +, length: 204, contig: contig_2960, protein: unknown, score1: 1.0, score2: 0.0
Unique gene call 7
  --  Gene No. 6, gene caller: glimmer, leftEnd: 1806, rightEnd: 2099, strand: -, length: 294, contig: contig_2960, protein: unknown, score1: 1.0, score2: 0.0
  --  Gene No. 7, gene caller: phanotate, leftEnd: 1806, rightEnd: 2099, strand: -, length: 294, contig: contig_2960, protein: unknown, score1: 1.0, score2: 0.0
  --  Gene No. 7, gene caller: prodigal, leftEnd: 1806, rightEnd: 2099, strand: -, length: 294, contig: contig_2960, protein: unknown, score1: 1.0, score2: 0.0
Unique gene call 8
  --  Gene No. 7, gene caller: glimmer, leftEnd: 2099, rightEnd: 2353, strand: -, length: 255, contig: contig_2960, protein: unknown, score1: 1.0, score2: 0.0
  --  Gene No. 8, gene caller: phanotate, leftEnd: 2099, rightEnd: 2353, strand: -, length: 255, contig: contig_2960, protein: unknown, score1: 1.0, score2: 0.0
  --  Gene No. 8, gene caller: prodigal, leftEnd: 2099, rightEnd: 2353, strand: -, length: 255, contig: contig_2960, protein: unknown, score1: 1.0, score2: 0.0
Unique gene call 9
  --  Gene No. 8, gene caller: glimmer, leftEnd: 2368, rightEnd: 2694, strand: -, length: 327, contig: contig_2960, protein: unknown, score1: 1.0, score2: 0.0
  --  Gene No. 9, gene caller: phanotate, leftEnd: 2368, rightEnd: 2694, strand: -, length: 327, contig: contig_2960, protein: unknown, score1: 1.0, score2: 0.0
  --  Gene No. 9, gene caller: prodigal, leftEnd: 2368, rightEnd: 2694, strand: -, length: 327, contig: contig_2960, protein: unknown, score1: 1.0, score2: 0.0
Unique gene call 10
  --  Gene No. 9, gene caller: glimmer, leftEnd: 2694, rightEnd: 2936, strand: -, length: 243, contig: contig_2960, protein: unknown, score1: 1.0, score2: 0.0
  --  Gene No. 10, gene caller: phanotate, leftEnd: 2694, rightEnd: 2936, strand: -, length: 243, contig: contig_2960, protein: unknown, score1: 1.0, score2: 0.0
  --  Gene No. 10, gene caller: prodigal, leftEnd: 2694, rightEnd: 2936, strand: -, length: 243, contig: contig_2960, protein: unknown, score1: 1.0, score2: 0.0
Unique gene call 11
  --  Gene No. 10, gene caller: glimmer, leftEnd: 2929, rightEnd: 3651, strand: -, length: 723, contig: contig_2960, protein: unknown, score1: 1.0, score2: 0.0
  --  Gene No. 11, gene caller: phanotate, leftEnd: 2929, rightEnd: 3651, strand: -, length: 723, contig: contig_2960, protein: unknown, score1: 1.0, score2: 0.0
  --  Gene No. 11, gene caller: prodigal, leftEnd: 2929, rightEnd: 3651, strand: -, length: 723, contig: contig_2960, protein: unknown, score1: 1.0, score2: 0.0
Unique gene call 12
  --  Gene No. 11, gene caller: glimmer, leftEnd: 3651, rightEnd: 4571, strand: -, length: 921, contig: contig_2960, protein: unknown, score1: 1.0, score2: 0.0
  --  Gene No. 12, gene caller: phanotate, leftEnd: 3651, rightEnd: 4571, strand: -, length: 921, contig: contig_2960, protein: unknown, score1: 1.0, score2: 0.0
  --  Gene No. 12, gene caller: prodigal, leftEnd: 3651, rightEnd: 4571, strand: -, length: 921, contig: contig_2960, protein: unknown, score1: 1.0, score2: 0.0
Unique gene call 13
  --  Gene No. 13, gene caller: phanotate, leftEnd: 4669, rightEnd: 5028, strand: -, length: 360, contig: contig_2960, protein: unknown, score1: 0.8333333333333333, score2: 0.0
  --  Gene No. 13, gene caller: prodigal, leftEnd: 4669, rightEnd: 5028, strand: -, length: 360, contig: contig_2960, protein: unknown, score1: 0.8333333333333333, score2: 0.0
Code complete at 2021-04-21 09:41:05.712987
