[16:48:23] This is prokka 1.14.6
[16:48:23] Written by Torsten Seemann <torsten.seemann@gmail.com>
[16:48:23] Homepage is https://github.com/tseemann/prokka
[16:48:23] Local time is Mon Aug  9 16:48:23 2021
[16:48:23] You are james
[16:48:23] Operating system is linux
[16:48:23] You have BioPerl 1.007002
[16:48:23] System has 12 cores.
[16:48:23] Will use maximum of 8 cores.
[16:48:23] Annotating as >>> Bacteria <<<
[16:48:23] Generating locus_tag from 'contig_2104.fasta' contents.
[16:48:23] Setting --locustag EDFAHPGE from MD5 edfa190e1673a13f8a8b89f124d5ee19
[16:48:23] Creating new output folder: prokkacontig_2104
[16:48:23] Running: mkdir -p prokkacontig_2104
[16:48:23] Using filename prefix: contig_2104.XXX
[16:48:23] Setting HMMER_NCPU=1
[16:48:23] Writing log to: prokkacontig_2104/contig_2104.log
[16:48:23] Command: /home/james/miniconda3/envs/prokka/bin/prokka contig_2104.fasta --outdir prokkacontig_2104 --prefix contig_2104 --force
[16:48:23] Appending to PATH: /home/james/miniconda3/envs/prokka/bin
[16:48:23] Looking for 'aragorn' - found /home/james/miniconda3/envs/prokka/bin/aragorn
[16:48:23] Determined aragorn version is 001002 from 'ARAGORN v1.2.38 Dean Laslett'
[16:48:23] Looking for 'barrnap' - found /home/james/miniconda3/envs/prokka/bin/barrnap
[16:48:23] Determined barrnap version is 000009 from 'barrnap 0.9'
[16:48:23] Looking for 'blastp' - found /home/james/miniconda3/envs/prokka/bin/blastp
[16:48:24] Determined blastp version is 002012 from 'blastp: 2.12.0+'
[16:48:24] Looking for 'cmpress' - found /home/james/miniconda3/envs/prokka/bin/cmpress
[16:48:24] Determined cmpress version is 001001 from '# INFERNAL 1.1.4 (Dec 2020)'
[16:48:24] Looking for 'cmscan' - found /home/james/miniconda3/envs/prokka/bin/cmscan
[16:48:24] Determined cmscan version is 001001 from '# INFERNAL 1.1.4 (Dec 2020)'
[16:48:24] Looking for 'egrep' - found /bin/egrep
[16:48:24] Looking for 'find' - found /usr/bin/find
[16:48:24] Looking for 'grep' - found /bin/grep
[16:48:24] Looking for 'hmmpress' - found /home/james/miniconda3/envs/prokka/bin/hmmpress
[16:48:24] Determined hmmpress version is 003003 from '# HMMER 3.3.2 (Nov 2020); http://hmmer.org/'
[16:48:24] Looking for 'hmmscan' - found /home/james/miniconda3/envs/prokka/bin/hmmscan
[16:48:24] Determined hmmscan version is 003003 from '# HMMER 3.3.2 (Nov 2020); http://hmmer.org/'
[16:48:24] Looking for 'java' - found /home/james/miniconda3/envs/prokka/bin/java
[16:48:24] Looking for 'makeblastdb' - found /home/james/miniconda3/envs/prokka/bin/makeblastdb
[16:48:24] Determined makeblastdb version is 002012 from 'makeblastdb: 2.12.0+'
[16:48:24] Looking for 'minced' - found /home/james/miniconda3/envs/prokka/bin/minced
[16:48:24] Determined minced version is 004002 from 'minced 0.4.2'
[16:48:24] Looking for 'parallel' - found /home/james/miniconda3/envs/prokka/bin/parallel
[16:48:25] Determined parallel version is 20210622 from 'GNU parallel 20210622'
[16:48:25] Looking for 'prodigal' - found /home/james/miniconda3/envs/prokka/bin/prodigal
[16:48:25] Determined prodigal version is 002006 from 'Prodigal V2.6.3: February, 2016'
[16:48:25] Looking for 'prokka-genbank_to_fasta_db' - found /home/james/miniconda3/envs/prokka/bin/prokka-genbank_to_fasta_db
[16:48:25] Looking for 'sed' - found /bin/sed
[16:48:25] Looking for 'tbl2asn' - found /home/james/miniconda3/envs/prokka/bin/tbl2asn
[16:48:25] Determined tbl2asn version is 025007 from 'tbl2asn 25.7   arguments:'
[16:48:25] Using genetic code table 11.
[16:48:25] Loading and checking input file: contig_2104.fasta
[16:48:25] Wrote 1 contigs totalling 6360 bp.
[16:48:25] Predicting tRNAs and tmRNAs
[16:48:25] Running: aragorn -l -gc11  -w prokkacontig_2104\/contig_2104\.fna
[16:48:25] Found 0 tRNAs
[16:48:25] Predicting Ribosomal RNAs
[16:48:25] Running Barrnap with 8 threads
[16:48:25] Found 0 rRNAs
[16:48:25] Skipping ncRNA search, enable with --rfam if desired.
[16:48:25] Total of 0 tRNA + rRNA features
[16:48:25] Searching for CRISPR repeats
[16:48:25] Found 0 CRISPRs
[16:48:25] Predicting coding sequences
[16:48:25] Contigs total 6360 bp, so using meta mode
[16:48:25] Running: prodigal -i prokkacontig_2104\/contig_2104\.fna -c -m -g 11 -p meta -f sco -q
[16:48:25] Found 16 CDS
[16:48:25] Connecting features back to sequences
[16:48:25] Not using genus-specific database. Try --usegenus to enable it.
[16:48:25] Annotating CDS, please be patient.
[16:48:25] Will use 8 CPUs for similarity searching.
[16:48:25] There are still 16 unannotated CDS left (started with 16)
[16:48:25] Will use blast to search against /home/james/miniconda3/envs/prokka/db/kingdom/Bacteria/IS with 8 CPUs
[16:48:25] Running: cat prokkacontig_2104\/contig_2104\.IS\.tmp\.290300\.faa | parallel --gnu --plain -j 8 --block 106 --recstart '>' --pipe blastp -query - -db /home/james/miniconda3/envs/prokka/db/kingdom/Bacteria/IS -evalue 1e-30 -qcov_hsp_perc 90 -num_threads 1 -num_descriptions 1 -num_alignments 1 -seg no > prokkacontig_2104\/contig_2104\.IS\.tmp\.290300\.blast 2> /dev/null
[16:48:26] Deleting unwanted file: prokkacontig_2104/contig_2104.IS.tmp.290300.faa
[16:48:26] Deleting unwanted file: prokkacontig_2104/contig_2104.IS.tmp.290300.blast
[16:48:26] There are still 16 unannotated CDS left (started with 16)
[16:48:26] Will use blast to search against /home/james/miniconda3/envs/prokka/db/kingdom/Bacteria/AMR with 8 CPUs
[16:48:26] Running: cat prokkacontig_2104\/contig_2104\.AMR\.tmp\.290300\.faa | parallel --gnu --plain -j 8 --block 106 --recstart '>' --pipe blastp -query - -db /home/james/miniconda3/envs/prokka/db/kingdom/Bacteria/AMR -evalue 9.99999999999999e-301 -qcov_hsp_perc 90 -num_threads 1 -num_descriptions 1 -num_alignments 1 -seg no > prokkacontig_2104\/contig_2104\.AMR\.tmp\.290300\.blast 2> /dev/null
[16:48:27] Deleting unwanted file: prokkacontig_2104/contig_2104.AMR.tmp.290300.faa
[16:48:27] Deleting unwanted file: prokkacontig_2104/contig_2104.AMR.tmp.290300.blast
[16:48:27] There are still 16 unannotated CDS left (started with 16)
[16:48:27] Will use blast to search against /home/james/miniconda3/envs/prokka/db/kingdom/Bacteria/sprot with 8 CPUs
[16:48:27] Running: cat prokkacontig_2104\/contig_2104\.sprot\.tmp\.290300\.faa | parallel --gnu --plain -j 8 --block 106 --recstart '>' --pipe blastp -query - -db /home/james/miniconda3/envs/prokka/db/kingdom/Bacteria/sprot -evalue 1e-09 -qcov_hsp_perc 80 -num_threads 1 -num_descriptions 1 -num_alignments 1 -seg no > prokkacontig_2104\/contig_2104\.sprot\.tmp\.290300\.blast 2> /dev/null
[16:48:28] Deleting unwanted file: prokkacontig_2104/contig_2104.sprot.tmp.290300.faa
[16:48:28] Deleting unwanted file: prokkacontig_2104/contig_2104.sprot.tmp.290300.blast
[16:48:28] There are still 16 unannotated CDS left (started with 16)
[16:48:28] Will use hmmer3 to search against /home/james/miniconda3/envs/prokka/db/hmm/HAMAP.hmm with 8 CPUs
[16:48:28] Running: cat prokkacontig_2104\/contig_2104\.HAMAP\.hmm\.tmp\.290300\.faa | parallel --gnu --plain -j 8 --block 106 --recstart '>' --pipe hmmscan --noali --notextw --acc -E 1e-09 --cpu 1 /home/james/miniconda3/envs/prokka/db/hmm/HAMAP.hmm /dev/stdin > prokkacontig_2104\/contig_2104\.HAMAP\.hmm\.tmp\.290300\.hmmer3 2> /dev/null
[16:48:29] Deleting unwanted file: prokkacontig_2104/contig_2104.HAMAP.hmm.tmp.290300.faa
[16:48:29] Deleting unwanted file: prokkacontig_2104/contig_2104.HAMAP.hmm.tmp.290300.hmmer3
[16:48:29] Labelling remaining 16 proteins as 'hypothetical protein'
[16:48:29] Found 0 unique /gene codes.
[16:48:29] Fixed 0 colliding /gene names.
[16:48:29] Adding /locus_tag identifiers
[16:48:29] Assigned 16 locus_tags to CDS and RNA features.
[16:48:29] Writing outputs to prokkacontig_2104/
[16:48:29] Generating annotation statistics file
[16:48:29] Generating Genbank and Sequin files
[16:48:29] Running: tbl2asn -V b -a r10k -l paired-ends -M n -N 1 -y 'Annotated using prokka 1.14.6 from https://github.com/tseemann/prokka' -Z prokkacontig_2104\/contig_2104\.err -i prokkacontig_2104\/contig_2104\.fsa 2> /dev/null
[16:48:29] Deleting unwanted file: prokkacontig_2104/errorsummary.val
[16:48:29] Deleting unwanted file: prokkacontig_2104/contig_2104.dr
[16:48:29] Deleting unwanted file: prokkacontig_2104/contig_2104.fixedproducts
[16:48:29] Deleting unwanted file: prokkacontig_2104/contig_2104.ecn
[16:48:29] Deleting unwanted file: prokkacontig_2104/contig_2104.val
[16:48:29] Repairing broken .GBK output that tbl2asn produces...
[16:48:29] Running: sed 's/COORDINATES: profile/COORDINATES:profile/' < prokkacontig_2104\/contig_2104\.gbf > prokkacontig_2104\/contig_2104\.gbk
[16:48:29] Deleting unwanted file: prokkacontig_2104/contig_2104.gbf
[16:48:29] Output files:
[16:48:29] prokkacontig_2104/contig_2104.txt
[16:48:29] prokkacontig_2104/contig_2104.err
[16:48:29] prokkacontig_2104/contig_2104.faa
[16:48:29] prokkacontig_2104/contig_2104.tsv
[16:48:29] prokkacontig_2104/contig_2104.gbk
[16:48:29] prokkacontig_2104/contig_2104.gff
[16:48:29] prokkacontig_2104/contig_2104.tbl
[16:48:29] prokkacontig_2104/contig_2104.fna
[16:48:29] prokkacontig_2104/contig_2104.log
[16:48:29] prokkacontig_2104/contig_2104.ffn
[16:48:29] prokkacontig_2104/contig_2104.sqn
[16:48:29] prokkacontig_2104/contig_2104.fsa
[16:48:29] Annotation finished successfully.
[16:48:29] Walltime used: 0.10 minutes
[16:48:29] If you use this result please cite the Prokka paper:
[16:48:29] Seemann T (2014) Prokka: rapid prokaryotic genome annotation. Bioinformatics. 30(14):2068-9.
[16:48:29] Type 'prokka --citation' for more details.
[16:48:29] Thank you, come again.
