Opening log at 2021-04-21 09:44:33.952629
Iterating through fileSet at 2021-04-21 09:44:33.952771
fileSet is ['/home/james/Software/multiPhATE2/PipelineOutput/circular_pair_3789/commoncore.cgc', '/home/james/Software/multiPhATE2/PipelineOutput/circular_pair_3789/consensus.cgc', '/home/james/Software/multiPhATE2/PipelineOutput/circular_pair_3789/glimmer.cgc', '/home/james/Software/multiPhATE2/PipelineOutput/circular_pair_3789/phanotate.cgc', '/home/james/Software/multiPhATE2/PipelineOutput/circular_pair_3789/prodigal.cgc', '/home/james/Software/multiPhATE2/PipelineOutput/circular_pair_3789/superset.cgc']
Opening geneFile /home/james/Software/multiPhATE2/PipelineOutput/circular_pair_3789/commoncore.cgc
Adding calls from geneFile /home/james/Software/multiPhATE2/PipelineOutput/circular_pair_3789/commoncore.cgc
Appending call set  number of calls is: 0
Opening geneFile /home/james/Software/multiPhATE2/PipelineOutput/circular_pair_3789/consensus.cgc
Adding calls from geneFile /home/james/Software/multiPhATE2/PipelineOutput/circular_pair_3789/consensus.cgc
Appending call set  number of calls is: 0
Opening geneFile /home/james/Software/multiPhATE2/PipelineOutput/circular_pair_3789/glimmer.cgc
Adding calls from geneFile /home/james/Software/multiPhATE2/PipelineOutput/circular_pair_3789/glimmer.cgc
Appending call set  number of calls is: 6
Opening geneFile /home/james/Software/multiPhATE2/PipelineOutput/circular_pair_3789/phanotate.cgc
Adding calls from geneFile /home/james/Software/multiPhATE2/PipelineOutput/circular_pair_3789/phanotate.cgc
Appending call set  number of calls is: 9
Opening geneFile /home/james/Software/multiPhATE2/PipelineOutput/circular_pair_3789/prodigal.cgc
Adding calls from geneFile /home/james/Software/multiPhATE2/PipelineOutput/circular_pair_3789/prodigal.cgc
Appending call set  number of calls is: 8
Opening geneFile /home/james/Software/multiPhATE2/PipelineOutput/circular_pair_3789/superset.cgc
Adding calls from geneFile /home/james/Software/multiPhATE2/PipelineOutput/circular_pair_3789/superset.cgc
Appending call set  number of calls is: 0
All call sets have been added to caller list. Number of call sets in callerList: 6
callerList is   glimmer phanotate prodigal  
Total number of gene calls across callerList call sets is: 23
Sorting gene calls for each caller
Processing a callSet
Before sorting, Length of callerList for caller  is 0
After sorting, Length of callerList for caller  is 0
Processing a callSet
Before sorting, Length of callerList for caller  is 0
After sorting, Length of callerList for caller  is 0
Processing a callSet
Before sorting, Length of callerList for caller glimmer is 6
After sorting, Length of callerList for caller glimmer is 6
Processing a callSet
Before sorting, Length of callerList for caller phanotate is 9
After sorting, Length of callerList for caller phanotate is 9
Processing a callSet
Before sorting, Length of callerList for caller prodigal is 8
After sorting, Length of callerList for caller prodigal is 8
Processing a callSet
Before sorting, Length of callerList for caller  is 0
After sorting, Length of callerList for caller  is 0
callSet processing complete
Comparing across the call sets...
Merging the geneCall sets....
Final merged genes:

***************Merge List
1	Gene No. 2, gene caller: glimmer, leftEnd: 8, rightEnd: 286, strand: +, length: 279, contig: circular_pair_3789, protein: unknown, score1: 1.0, score2: 0.0
2	Gene No. 1, gene caller: phanotate, leftEnd: 8, rightEnd: 286, strand: +, length: 279, contig: circular_pair_3789, protein: unknown, score1: 1.0, score2: 0.0
3	Gene No. 1, gene caller: prodigal, leftEnd: 8, rightEnd: 286, strand: +, length: 279, contig: circular_pair_3789, protein: unknown, score1: 1.0, score2: 0.0
4	Gene No. 2, gene caller: phanotate, leftEnd: 292, rightEnd: 441, strand: -, length: 150, contig: circular_pair_3789, protein: unknown, score1: 1.0, score2: 0.0
5	Gene No. 2, gene caller: prodigal, leftEnd: 292, rightEnd: 456, strand: -, length: 165, contig: circular_pair_3789, protein: unknown, score1: 1.0, score2: 0.0
6	Gene No. 3, gene caller: glimmer, leftEnd: 419, rightEnd: 901, strand: -, length: 483, contig: circular_pair_3789, protein: unknown, score1: 1.0, score2: 0.0
7	Gene No. 3, gene caller: phanotate, leftEnd: 419, rightEnd: 901, strand: -, length: 483, contig: circular_pair_3789, protein: unknown, score1: 1.0, score2: 0.0
8	Gene No. 3, gene caller: prodigal, leftEnd: 419, rightEnd: 901, strand: -, length: 483, contig: circular_pair_3789, protein: unknown, score1: 1.0, score2: 0.0
9	Gene No. 4, gene caller: glimmer, leftEnd: 907, rightEnd: 1191, strand: -, length: 285, contig: circular_pair_3789, protein: unknown, score1: 1.0, score2: 0.0
10	Gene No. 4, gene caller: phanotate, leftEnd: 907, rightEnd: 1191, strand: -, length: 285, contig: circular_pair_3789, protein: unknown, score1: 1.0, score2: 0.0
11	Gene No. 4, gene caller: prodigal, leftEnd: 907, rightEnd: 1191, strand: -, length: 285, contig: circular_pair_3789, protein: unknown, score1: 1.0, score2: 0.0
12	Gene No. 5, gene caller: glimmer, leftEnd: 1277, rightEnd: 1411, strand: +, length: 135, contig: circular_pair_3789, protein: unknown, score1: 1.0, score2: 0.0
13	Gene No. 5, gene caller: phanotate, leftEnd: 1277, rightEnd: 1411, strand: +, length: 135, contig: circular_pair_3789, protein: unknown, score1: 1.0, score2: 0.0
14	Gene No. 5, gene caller: prodigal, leftEnd: 1277, rightEnd: 1411, strand: +, length: 135, contig: circular_pair_3789, protein: unknown, score1: 1.0, score2: 0.0
15	Gene No. 6, gene caller: phanotate, leftEnd: 1526, rightEnd: 2134, strand: -, length: 609, contig: circular_pair_3789, protein: unknown, score1: 1.0, score2: 0.0
16	Gene No. 6, gene caller: prodigal, leftEnd: 1526, rightEnd: 2134, strand: -, length: 609, contig: circular_pair_3789, protein: unknown, score1: 1.0, score2: 0.0
17	Gene No. 6, gene caller: glimmer, leftEnd: 1526, rightEnd: 2269, strand: -, length: 744, contig: circular_pair_3789, protein: unknown, score1: 1.0, score2: 0.0
18	Gene No. 7, gene caller: phanotate, leftEnd: 2094, rightEnd: 2213, strand: +, length: 120, contig: circular_pair_3789, protein: unknown, score1: 1.0, score2: 0.0
19	Gene No. 7, gene caller: glimmer, leftEnd: 2226, rightEnd: 2774, strand: +, length: 549, contig: circular_pair_3789, protein: unknown, score1: 1.0, score2: 0.0
20	Gene No. 8, gene caller: phanotate, leftEnd: 2292, rightEnd: 2774, strand: +, length: 483, contig: circular_pair_3789, protein: unknown, score1: 1.0, score2: 0.0
21	Gene No. 7, gene caller: prodigal, leftEnd: 2292, rightEnd: 2774, strand: +, length: 483, contig: circular_pair_3789, protein: unknown, score1: 1.0, score2: 0.0
22	Gene No. 9, gene caller: phanotate, leftEnd: 2790, rightEnd: 2972, strand: +, length: 183, contig: circular_pair_3789, protein: unknown, score1: 1.0, score2: 0.0
23	Gene No. 8, gene caller: prodigal, leftEnd: 2790, rightEnd: 2972, strand: +, length: 183, contig: circular_pair_3789, protein: unknown, score1: 1.0, score2: 0.0
Comparing across geneCall sets....
Scoring gene calls....
Identifying common core...
This is the Common Core List:

***************Common Core
CC-gene 1	Gene No. 1, gene caller: All_callers, leftEnd: 8, rightEnd: 286, strand: +, length: 279, contig: circular_pair_3789, protein: unknown, score1: 1.0, score2: 0.0
CC-gene 2	Gene No. 1, gene caller: All_callers, leftEnd: 419, rightEnd: 901, strand: -, length: 483, contig: circular_pair_3789, protein: unknown, score1: 1.0, score2: 0.0
CC-gene 3	Gene No. 1, gene caller: All_callers, leftEnd: 907, rightEnd: 1191, strand: -, length: 285, contig: circular_pair_3789, protein: unknown, score1: 1.0, score2: 0.0
CC-gene 4	Gene No. 1, gene caller: All_callers, leftEnd: 1277, rightEnd: 1411, strand: +, length: 135, contig: circular_pair_3789, protein: unknown, score1: 1.0, score2: 0.0
Printing gene-call superset, consensus, and common_core in GFF and CGC formats
Printing report....
The following gene callers were considered: glimmer, phanotate, prodigal, The number of distinct gene calls over all gene callers is 12
The number of gene calls in common among all callers is 4
The number of unique (non-matching) gene calls is5
Caller glimmer produced 6 gene calls.
Caller glimmer gene-call length stats:  min: 135, max: 744, ave: 412.5
Caller phanotate produced 9 gene calls.
Caller phanotate gene-call length stats:  min: 120, max: 609, ave: 303.0
Caller prodigal produced 8 gene calls.
Caller prodigal gene-call length stats:  min: 135, max: 609, ave: 327.75

Gene-call Scores:
Caller	Contig	Gene No.	Left End	Right End	Strand	gcScore
glimmer	circular_pair_3789	2	8	286	+	1.00
phanotate	circular_pair_3789	1	8	286	+	1.00
prodigal	circular_pair_3789	1	8	286	+	1.00
phanotate	circular_pair_3789	2	292	441	-	0.50
prodigal	circular_pair_3789	2	292	456	-	0.50
glimmer	circular_pair_3789	3	419	901	-	1.00
phanotate	circular_pair_3789	3	419	901	-	1.00
prodigal	circular_pair_3789	3	419	901	-	1.00
glimmer	circular_pair_3789	4	907	1191	-	1.00
phanotate	circular_pair_3789	4	907	1191	-	1.00
prodigal	circular_pair_3789	4	907	1191	-	1.00
glimmer	circular_pair_3789	5	1277	1411	+	1.00
phanotate	circular_pair_3789	5	1277	1411	+	1.00
prodigal	circular_pair_3789	5	1277	1411	+	1.00
phanotate	circular_pair_3789	6	1526	2134	-	0.83
prodigal	circular_pair_3789	6	1526	2134	-	0.83
glimmer	circular_pair_3789	6	1526	2269	-	0.50
phanotate	circular_pair_3789	7	2094	2213	+	0.33
glimmer	circular_pair_3789	7	2226	2774	+	0.50
phanotate	circular_pair_3789	8	2292	2774	+	0.83
prodigal	circular_pair_3789	7	2292	2774	+	0.83
phanotate	circular_pair_3789	9	2790	2972	+	0.83
prodigal	circular_pair_3789	8	2790	2972	+	0.83

Gene-call Consensus Scores:
Caller glimmer average gene-call score: 0.83
Caller phanotate average gene-call score: 0.81
Caller prodigal average gene-call score: 0.87

***************Unique List
Unique gene call 1
  --  Gene No. 2, gene caller: glimmer, leftEnd: 8, rightEnd: 286, strand: +, length: 279, contig: circular_pair_3789, protein: unknown, score1: 1.0, score2: 0.0
  --  Gene No. 1, gene caller: phanotate, leftEnd: 8, rightEnd: 286, strand: +, length: 279, contig: circular_pair_3789, protein: unknown, score1: 1.0, score2: 0.0
  --  Gene No. 1, gene caller: prodigal, leftEnd: 8, rightEnd: 286, strand: +, length: 279, contig: circular_pair_3789, protein: unknown, score1: 1.0, score2: 0.0
Unique gene call 2
  --  Gene No. 2, gene caller: phanotate, leftEnd: 292, rightEnd: 441, strand: -, length: 150, contig: circular_pair_3789, protein: unknown, score1: 0.5, score2: 0.0
Unique gene call 3
  --  Gene No. 2, gene caller: prodigal, leftEnd: 292, rightEnd: 456, strand: -, length: 165, contig: circular_pair_3789, protein: unknown, score1: 0.5, score2: 0.0
Unique gene call 4
  --  Gene No. 3, gene caller: glimmer, leftEnd: 419, rightEnd: 901, strand: -, length: 483, contig: circular_pair_3789, protein: unknown, score1: 1.0, score2: 0.0
  --  Gene No. 3, gene caller: phanotate, leftEnd: 419, rightEnd: 901, strand: -, length: 483, contig: circular_pair_3789, protein: unknown, score1: 1.0, score2: 0.0
  --  Gene No. 3, gene caller: prodigal, leftEnd: 419, rightEnd: 901, strand: -, length: 483, contig: circular_pair_3789, protein: unknown, score1: 1.0, score2: 0.0
Unique gene call 5
  --  Gene No. 4, gene caller: glimmer, leftEnd: 907, rightEnd: 1191, strand: -, length: 285, contig: circular_pair_3789, protein: unknown, score1: 1.0, score2: 0.0
  --  Gene No. 4, gene caller: phanotate, leftEnd: 907, rightEnd: 1191, strand: -, length: 285, contig: circular_pair_3789, protein: unknown, score1: 1.0, score2: 0.0
  --  Gene No. 4, gene caller: prodigal, leftEnd: 907, rightEnd: 1191, strand: -, length: 285, contig: circular_pair_3789, protein: unknown, score1: 1.0, score2: 0.0
Unique gene call 6
  --  Gene No. 5, gene caller: glimmer, leftEnd: 1277, rightEnd: 1411, strand: +, length: 135, contig: circular_pair_3789, protein: unknown, score1: 1.0, score2: 0.0
  --  Gene No. 5, gene caller: phanotate, leftEnd: 1277, rightEnd: 1411, strand: +, length: 135, contig: circular_pair_3789, protein: unknown, score1: 1.0, score2: 0.0
  --  Gene No. 5, gene caller: prodigal, leftEnd: 1277, rightEnd: 1411, strand: +, length: 135, contig: circular_pair_3789, protein: unknown, score1: 1.0, score2: 0.0
Unique gene call 7
  --  Gene No. 6, gene caller: phanotate, leftEnd: 1526, rightEnd: 2134, strand: -, length: 609, contig: circular_pair_3789, protein: unknown, score1: 0.8333333333333333, score2: 0.0
  --  Gene No. 6, gene caller: prodigal, leftEnd: 1526, rightEnd: 2134, strand: -, length: 609, contig: circular_pair_3789, protein: unknown, score1: 0.8333333333333333, score2: 0.0
Unique gene call 8
  --  Gene No. 6, gene caller: glimmer, leftEnd: 1526, rightEnd: 2269, strand: -, length: 744, contig: circular_pair_3789, protein: unknown, score1: 0.5, score2: 0.0
Unique gene call 9
  --  Gene No. 7, gene caller: phanotate, leftEnd: 2094, rightEnd: 2213, strand: +, length: 120, contig: circular_pair_3789, protein: unknown, score1: 0.3333333333333333, score2: 0.0
Unique gene call 10
  --  Gene No. 7, gene caller: glimmer, leftEnd: 2226, rightEnd: 2774, strand: +, length: 549, contig: circular_pair_3789, protein: unknown, score1: 0.5, score2: 0.0
Unique gene call 11
  --  Gene No. 8, gene caller: phanotate, leftEnd: 2292, rightEnd: 2774, strand: +, length: 483, contig: circular_pair_3789, protein: unknown, score1: 0.8333333333333333, score2: 0.0
  --  Gene No. 7, gene caller: prodigal, leftEnd: 2292, rightEnd: 2774, strand: +, length: 483, contig: circular_pair_3789, protein: unknown, score1: 0.8333333333333333, score2: 0.0
Unique gene call 12
  --  Gene No. 9, gene caller: phanotate, leftEnd: 2790, rightEnd: 2972, strand: +, length: 183, contig: circular_pair_3789, protein: unknown, score1: 0.8333333333333333, score2: 0.0
  --  Gene No. 8, gene caller: prodigal, leftEnd: 2790, rightEnd: 2972, strand: +, length: 183, contig: circular_pair_3789, protein: unknown, score1: 0.8333333333333333, score2: 0.0
Code complete at 2021-04-21 09:44:33.956332
