Opening log at 2021-04-21 09:01:37.357886
Iterating through fileSet at 2021-04-21 09:01:37.358198
fileSet is ['/home/james/Software/multiPhATE2/PipelineOutput/contig_1562/commoncore.cgc', '/home/james/Software/multiPhATE2/PipelineOutput/contig_1562/consensus.cgc', '/home/james/Software/multiPhATE2/PipelineOutput/contig_1562/glimmer.cgc', '/home/james/Software/multiPhATE2/PipelineOutput/contig_1562/phanotate.cgc', '/home/james/Software/multiPhATE2/PipelineOutput/contig_1562/prodigal.cgc', '/home/james/Software/multiPhATE2/PipelineOutput/contig_1562/superset.cgc']
Opening geneFile /home/james/Software/multiPhATE2/PipelineOutput/contig_1562/commoncore.cgc
Adding calls from geneFile /home/james/Software/multiPhATE2/PipelineOutput/contig_1562/commoncore.cgc
Appending call set  number of calls is: 0
Opening geneFile /home/james/Software/multiPhATE2/PipelineOutput/contig_1562/consensus.cgc
Adding calls from geneFile /home/james/Software/multiPhATE2/PipelineOutput/contig_1562/consensus.cgc
Appending call set  number of calls is: 0
Opening geneFile /home/james/Software/multiPhATE2/PipelineOutput/contig_1562/glimmer.cgc
Adding calls from geneFile /home/james/Software/multiPhATE2/PipelineOutput/contig_1562/glimmer.cgc
Appending call set  number of calls is: 9
Opening geneFile /home/james/Software/multiPhATE2/PipelineOutput/contig_1562/phanotate.cgc
Adding calls from geneFile /home/james/Software/multiPhATE2/PipelineOutput/contig_1562/phanotate.cgc
Appending call set  number of calls is: 11
Opening geneFile /home/james/Software/multiPhATE2/PipelineOutput/contig_1562/prodigal.cgc
Adding calls from geneFile /home/james/Software/multiPhATE2/PipelineOutput/contig_1562/prodigal.cgc
Appending call set  number of calls is: 11
Opening geneFile /home/james/Software/multiPhATE2/PipelineOutput/contig_1562/superset.cgc
Adding calls from geneFile /home/james/Software/multiPhATE2/PipelineOutput/contig_1562/superset.cgc
Appending call set  number of calls is: 0
All call sets have been added to caller list. Number of call sets in callerList: 6
callerList is   glimmer phanotate prodigal  
Total number of gene calls across callerList call sets is: 31
Sorting gene calls for each caller
Processing a callSet
Before sorting, Length of callerList for caller  is 0
After sorting, Length of callerList for caller  is 0
Processing a callSet
Before sorting, Length of callerList for caller  is 0
After sorting, Length of callerList for caller  is 0
Processing a callSet
Before sorting, Length of callerList for caller glimmer is 9
After sorting, Length of callerList for caller glimmer is 9
Processing a callSet
Before sorting, Length of callerList for caller phanotate is 11
After sorting, Length of callerList for caller phanotate is 11
Processing a callSet
Before sorting, Length of callerList for caller prodigal is 11
After sorting, Length of callerList for caller prodigal is 11
Processing a callSet
Before sorting, Length of callerList for caller  is 0
After sorting, Length of callerList for caller  is 0
callSet processing complete
Comparing across the call sets...
Merging the geneCall sets....
Final merged genes:

***************Merge List
1	Gene No. 1, gene caller: phanotate, leftEnd: 2, rightEnd: 487, strand: +, length: 486, contig: contig_1562, protein: unknown, score1: 1.0, score2: 0.0
2	Gene No. 1, gene caller: prodigal, leftEnd: 2, rightEnd: 487, strand: +, length: 486, contig: contig_1562, protein: unknown, score1: 1.0, score2: 0.0
3	Gene No. 2, gene caller: glimmer, leftEnd: 501, rightEnd: 1283, strand: +, length: 783, contig: contig_1562, protein: unknown, score1: 1.0, score2: 0.0
4	Gene No. 2, gene caller: phanotate, leftEnd: 501, rightEnd: 1283, strand: +, length: 783, contig: contig_1562, protein: unknown, score1: 1.0, score2: 0.0
5	Gene No. 2, gene caller: prodigal, leftEnd: 501, rightEnd: 1283, strand: +, length: 783, contig: contig_1562, protein: unknown, score1: 1.0, score2: 0.0
6	Gene No. 3, gene caller: glimmer, leftEnd: 1243, rightEnd: 1734, strand: +, length: 492, contig: contig_1562, protein: unknown, score1: 1.0, score2: 0.0
7	Gene No. 3, gene caller: phanotate, leftEnd: 1243, rightEnd: 1734, strand: +, length: 492, contig: contig_1562, protein: unknown, score1: 1.0, score2: 0.0
8	Gene No. 3, gene caller: prodigal, leftEnd: 1243, rightEnd: 1734, strand: +, length: 492, contig: contig_1562, protein: unknown, score1: 1.0, score2: 0.0
9	Gene No. 4, gene caller: phanotate, leftEnd: 1762, rightEnd: 1869, strand: +, length: 108, contig: contig_1562, protein: unknown, score1: 1.0, score2: 0.0
10	Gene No. 4, gene caller: prodigal, leftEnd: 1762, rightEnd: 1869, strand: +, length: 108, contig: contig_1562, protein: unknown, score1: 1.0, score2: 0.0
11	Gene No. 4, gene caller: glimmer, leftEnd: 1854, rightEnd: 2102, strand: +, length: 249, contig: contig_1562, protein: unknown, score1: 1.0, score2: 0.0
12	Gene No. 5, gene caller: phanotate, leftEnd: 1854, rightEnd: 2102, strand: +, length: 249, contig: contig_1562, protein: unknown, score1: 1.0, score2: 0.0
13	Gene No. 5, gene caller: prodigal, leftEnd: 1854, rightEnd: 2102, strand: +, length: 249, contig: contig_1562, protein: unknown, score1: 1.0, score2: 0.0
14	Gene No. 5, gene caller: glimmer, leftEnd: 2080, rightEnd: 2430, strand: +, length: 351, contig: contig_1562, protein: unknown, score1: 1.0, score2: 0.0
15	Gene No. 6, gene caller: phanotate, leftEnd: 2080, rightEnd: 2430, strand: +, length: 351, contig: contig_1562, protein: unknown, score1: 1.0, score2: 0.0
16	Gene No. 6, gene caller: prodigal, leftEnd: 2080, rightEnd: 2430, strand: +, length: 351, contig: contig_1562, protein: unknown, score1: 1.0, score2: 0.0
17	Gene No. 7, gene caller: phanotate, leftEnd: 2417, rightEnd: 2890, strand: +, length: 474, contig: contig_1562, protein: unknown, score1: 1.0, score2: 0.0
18	Gene No. 6, gene caller: glimmer, leftEnd: 2423, rightEnd: 2890, strand: +, length: 468, contig: contig_1562, protein: unknown, score1: 1.0, score2: 0.0
19	Gene No. 7, gene caller: prodigal, leftEnd: 2423, rightEnd: 2890, strand: +, length: 468, contig: contig_1562, protein: unknown, score1: 1.0, score2: 0.0
20	Gene No. 7, gene caller: glimmer, leftEnd: 2887, rightEnd: 3249, strand: +, length: 363, contig: contig_1562, protein: unknown, score1: 1.0, score2: 0.0
21	Gene No. 8, gene caller: phanotate, leftEnd: 2887, rightEnd: 3249, strand: +, length: 363, contig: contig_1562, protein: unknown, score1: 1.0, score2: 0.0
22	Gene No. 8, gene caller: prodigal, leftEnd: 2887, rightEnd: 3249, strand: +, length: 363, contig: contig_1562, protein: unknown, score1: 1.0, score2: 0.0
23	Gene No. 8, gene caller: glimmer, leftEnd: 3250, rightEnd: 3972, strand: +, length: 723, contig: contig_1562, protein: unknown, score1: 1.0, score2: 0.0
24	Gene No. 9, gene caller: phanotate, leftEnd: 3250, rightEnd: 3972, strand: +, length: 723, contig: contig_1562, protein: unknown, score1: 1.0, score2: 0.0
25	Gene No. 9, gene caller: prodigal, leftEnd: 3250, rightEnd: 3972, strand: +, length: 723, contig: contig_1562, protein: unknown, score1: 1.0, score2: 0.0
26	Gene No. 9, gene caller: glimmer, leftEnd: 4061, rightEnd: 4414, strand: +, length: 354, contig: contig_1562, protein: unknown, score1: 1.0, score2: 0.0
27	Gene No. 10, gene caller: phanotate, leftEnd: 4061, rightEnd: 4414, strand: +, length: 354, contig: contig_1562, protein: unknown, score1: 1.0, score2: 0.0
28	Gene No. 10, gene caller: prodigal, leftEnd: 4061, rightEnd: 4414, strand: +, length: 354, contig: contig_1562, protein: unknown, score1: 1.0, score2: 0.0
29	Gene No. 11, gene caller: prodigal, leftEnd: 4377, rightEnd: 4613, strand: +, length: 237, contig: contig_1562, protein: unknown, score1: 1.0, score2: 0.0
30	Gene No. 10, gene caller: glimmer, leftEnd: 4443, rightEnd: 4613, strand: +, length: 171, contig: contig_1562, protein: unknown, score1: 1.0, score2: 0.0
31	Gene No. 11, gene caller: phanotate, leftEnd: 4443, rightEnd: 4613, strand: +, length: 171, contig: contig_1562, protein: unknown, score1: 1.0, score2: 0.0
Comparing across geneCall sets....
Scoring gene calls....
Identifying common core...
This is the Common Core List:

***************Common Core
CC-gene 1	Gene No. 1, gene caller: All_callers, leftEnd: 501, rightEnd: 1283, strand: +, length: 783, contig: contig_1562, protein: unknown, score1: 1.0, score2: 0.0
CC-gene 2	Gene No. 1, gene caller: All_callers, leftEnd: 1243, rightEnd: 1734, strand: +, length: 492, contig: contig_1562, protein: unknown, score1: 1.0, score2: 0.0
CC-gene 3	Gene No. 1, gene caller: All_callers, leftEnd: 1854, rightEnd: 2102, strand: +, length: 249, contig: contig_1562, protein: unknown, score1: 1.0, score2: 0.0
CC-gene 4	Gene No. 1, gene caller: All_callers, leftEnd: 2080, rightEnd: 2430, strand: +, length: 351, contig: contig_1562, protein: unknown, score1: 1.0, score2: 0.0
CC-gene 5	Gene No. 1, gene caller: All_callers, leftEnd: 2887, rightEnd: 3249, strand: +, length: 363, contig: contig_1562, protein: unknown, score1: 1.0, score2: 0.0
CC-gene 6	Gene No. 1, gene caller: All_callers, leftEnd: 3250, rightEnd: 3972, strand: +, length: 723, contig: contig_1562, protein: unknown, score1: 1.0, score2: 0.0
CC-gene 7	Gene No. 1, gene caller: All_callers, leftEnd: 4061, rightEnd: 4414, strand: +, length: 354, contig: contig_1562, protein: unknown, score1: 1.0, score2: 0.0
Printing gene-call superset, consensus, and common_core in GFF and CGC formats
Printing report....
The following gene callers were considered: glimmer, phanotate, prodigal, The number of distinct gene calls over all gene callers is 13
The number of gene calls in common among all callers is 7
The number of unique (non-matching) gene calls is2
Caller glimmer produced 9 gene calls.
Caller glimmer gene-call length stats:  min: 171, max: 783, ave: 439.3333333333333
Caller phanotate produced 11 gene calls.
Caller phanotate gene-call length stats:  min: 108, max: 783, ave: 414.0
Caller prodigal produced 11 gene calls.
Caller prodigal gene-call length stats:  min: 108, max: 783, ave: 419.45454545454544

Gene-call Scores:
Caller	Contig	Gene No.	Left End	Right End	Strand	gcScore
phanotate	contig_1562	1	2	487	+	0.83
prodigal	contig_1562	1	2	487	+	0.83
glimmer	contig_1562	2	501	1283	+	1.00
phanotate	contig_1562	2	501	1283	+	1.00
prodigal	contig_1562	2	501	1283	+	1.00
glimmer	contig_1562	3	1243	1734	+	1.00
phanotate	contig_1562	3	1243	1734	+	1.00
prodigal	contig_1562	3	1243	1734	+	1.00
phanotate	contig_1562	4	1762	1869	+	0.83
prodigal	contig_1562	4	1762	1869	+	0.83
glimmer	contig_1562	4	1854	2102	+	1.00
phanotate	contig_1562	5	1854	2102	+	1.00
prodigal	contig_1562	5	1854	2102	+	1.00
glimmer	contig_1562	5	2080	2430	+	1.00
phanotate	contig_1562	6	2080	2430	+	1.00
prodigal	contig_1562	6	2080	2430	+	1.00
phanotate	contig_1562	7	2417	2890	+	0.50
glimmer	contig_1562	6	2423	2890	+	0.83
prodigal	contig_1562	7	2423	2890	+	0.83
glimmer	contig_1562	7	2887	3249	+	1.00
phanotate	contig_1562	8	2887	3249	+	1.00
prodigal	contig_1562	8	2887	3249	+	1.00
glimmer	contig_1562	8	3250	3972	+	1.00
phanotate	contig_1562	9	3250	3972	+	1.00
prodigal	contig_1562	9	3250	3972	+	1.00
glimmer	contig_1562	9	4061	4414	+	1.00
phanotate	contig_1562	10	4061	4414	+	1.00
prodigal	contig_1562	10	4061	4414	+	1.00
prodigal	contig_1562	11	4377	4613	+	0.50
glimmer	contig_1562	10	4443	4613	+	0.83
phanotate	contig_1562	11	4443	4613	+	0.83

Gene-call Consensus Scores:
Caller glimmer average gene-call score: 0.96
Caller phanotate average gene-call score: 0.91
Caller prodigal average gene-call score: 0.91

***************Unique List
Unique gene call 1
  --  Gene No. 1, gene caller: phanotate, leftEnd: 2, rightEnd: 487, strand: +, length: 486, contig: contig_1562, protein: unknown, score1: 0.8333333333333333, score2: 0.0
  --  Gene No. 1, gene caller: prodigal, leftEnd: 2, rightEnd: 487, strand: +, length: 486, contig: contig_1562, protein: unknown, score1: 0.8333333333333333, score2: 0.0
Unique gene call 2
  --  Gene No. 2, gene caller: glimmer, leftEnd: 501, rightEnd: 1283, strand: +, length: 783, contig: contig_1562, protein: unknown, score1: 1.0, score2: 0.0
  --  Gene No. 2, gene caller: phanotate, leftEnd: 501, rightEnd: 1283, strand: +, length: 783, contig: contig_1562, protein: unknown, score1: 1.0, score2: 0.0
  --  Gene No. 2, gene caller: prodigal, leftEnd: 501, rightEnd: 1283, strand: +, length: 783, contig: contig_1562, protein: unknown, score1: 1.0, score2: 0.0
Unique gene call 3
  --  Gene No. 3, gene caller: glimmer, leftEnd: 1243, rightEnd: 1734, strand: +, length: 492, contig: contig_1562, protein: unknown, score1: 1.0, score2: 0.0
  --  Gene No. 3, gene caller: phanotate, leftEnd: 1243, rightEnd: 1734, strand: +, length: 492, contig: contig_1562, protein: unknown, score1: 1.0, score2: 0.0
  --  Gene No. 3, gene caller: prodigal, leftEnd: 1243, rightEnd: 1734, strand: +, length: 492, contig: contig_1562, protein: unknown, score1: 1.0, score2: 0.0
Unique gene call 4
  --  Gene No. 4, gene caller: phanotate, leftEnd: 1762, rightEnd: 1869, strand: +, length: 108, contig: contig_1562, protein: unknown, score1: 0.8333333333333333, score2: 0.0
  --  Gene No. 4, gene caller: prodigal, leftEnd: 1762, rightEnd: 1869, strand: +, length: 108, contig: contig_1562, protein: unknown, score1: 0.8333333333333333, score2: 0.0
Unique gene call 5
  --  Gene No. 4, gene caller: glimmer, leftEnd: 1854, rightEnd: 2102, strand: +, length: 249, contig: contig_1562, protein: unknown, score1: 1.0, score2: 0.0
  --  Gene No. 5, gene caller: phanotate, leftEnd: 1854, rightEnd: 2102, strand: +, length: 249, contig: contig_1562, protein: unknown, score1: 1.0, score2: 0.0
  --  Gene No. 5, gene caller: prodigal, leftEnd: 1854, rightEnd: 2102, strand: +, length: 249, contig: contig_1562, protein: unknown, score1: 1.0, score2: 0.0
Unique gene call 6
  --  Gene No. 5, gene caller: glimmer, leftEnd: 2080, rightEnd: 2430, strand: +, length: 351, contig: contig_1562, protein: unknown, score1: 1.0, score2: 0.0
  --  Gene No. 6, gene caller: phanotate, leftEnd: 2080, rightEnd: 2430, strand: +, length: 351, contig: contig_1562, protein: unknown, score1: 1.0, score2: 0.0
  --  Gene No. 6, gene caller: prodigal, leftEnd: 2080, rightEnd: 2430, strand: +, length: 351, contig: contig_1562, protein: unknown, score1: 1.0, score2: 0.0
Unique gene call 7
  --  Gene No. 7, gene caller: phanotate, leftEnd: 2417, rightEnd: 2890, strand: +, length: 474, contig: contig_1562, protein: unknown, score1: 0.5, score2: 0.0
Unique gene call 8
  --  Gene No. 6, gene caller: glimmer, leftEnd: 2423, rightEnd: 2890, strand: +, length: 468, contig: contig_1562, protein: unknown, score1: 0.8333333333333333, score2: 0.0
  --  Gene No. 7, gene caller: prodigal, leftEnd: 2423, rightEnd: 2890, strand: +, length: 468, contig: contig_1562, protein: unknown, score1: 0.8333333333333333, score2: 0.0
Unique gene call 9
  --  Gene No. 7, gene caller: glimmer, leftEnd: 2887, rightEnd: 3249, strand: +, length: 363, contig: contig_1562, protein: unknown, score1: 1.0, score2: 0.0
  --  Gene No. 8, gene caller: phanotate, leftEnd: 2887, rightEnd: 3249, strand: +, length: 363, contig: contig_1562, protein: unknown, score1: 1.0, score2: 0.0
  --  Gene No. 8, gene caller: prodigal, leftEnd: 2887, rightEnd: 3249, strand: +, length: 363, contig: contig_1562, protein: unknown, score1: 1.0, score2: 0.0
Unique gene call 10
  --  Gene No. 8, gene caller: glimmer, leftEnd: 3250, rightEnd: 3972, strand: +, length: 723, contig: contig_1562, protein: unknown, score1: 1.0, score2: 0.0
  --  Gene No. 9, gene caller: phanotate, leftEnd: 3250, rightEnd: 3972, strand: +, length: 723, contig: contig_1562, protein: unknown, score1: 1.0, score2: 0.0
  --  Gene No. 9, gene caller: prodigal, leftEnd: 3250, rightEnd: 3972, strand: +, length: 723, contig: contig_1562, protein: unknown, score1: 1.0, score2: 0.0
Unique gene call 11
  --  Gene No. 9, gene caller: glimmer, leftEnd: 4061, rightEnd: 4414, strand: +, length: 354, contig: contig_1562, protein: unknown, score1: 1.0, score2: 0.0
  --  Gene No. 10, gene caller: phanotate, leftEnd: 4061, rightEnd: 4414, strand: +, length: 354, contig: contig_1562, protein: unknown, score1: 1.0, score2: 0.0
  --  Gene No. 10, gene caller: prodigal, leftEnd: 4061, rightEnd: 4414, strand: +, length: 354, contig: contig_1562, protein: unknown, score1: 1.0, score2: 0.0
Unique gene call 12
  --  Gene No. 11, gene caller: prodigal, leftEnd: 4377, rightEnd: 4613, strand: +, length: 237, contig: contig_1562, protein: unknown, score1: 0.5, score2: 0.0
Unique gene call 13
  --  Gene No. 10, gene caller: glimmer, leftEnd: 4443, rightEnd: 4613, strand: +, length: 171, contig: contig_1562, protein: unknown, score1: 0.8333333333333333, score2: 0.0
  --  Gene No. 11, gene caller: phanotate, leftEnd: 4443, rightEnd: 4613, strand: +, length: 171, contig: contig_1562, protein: unknown, score1: 0.8333333333333333, score2: 0.0
Code complete at 2021-04-21 09:01:37.365979
