Opening log at 2021-04-21 09:53:20.570467
Iterating through fileSet at 2021-04-21 09:53:20.570562
fileSet is ['/home/james/Software/multiPhATE2/PipelineOutput/circular_read_862/commoncore.cgc', '/home/james/Software/multiPhATE2/PipelineOutput/circular_read_862/consensus.cgc', '/home/james/Software/multiPhATE2/PipelineOutput/circular_read_862/glimmer.cgc', '/home/james/Software/multiPhATE2/PipelineOutput/circular_read_862/phanotate.cgc', '/home/james/Software/multiPhATE2/PipelineOutput/circular_read_862/prodigal.cgc', '/home/james/Software/multiPhATE2/PipelineOutput/circular_read_862/superset.cgc']
Opening geneFile /home/james/Software/multiPhATE2/PipelineOutput/circular_read_862/commoncore.cgc
Adding calls from geneFile /home/james/Software/multiPhATE2/PipelineOutput/circular_read_862/commoncore.cgc
Appending call set  number of calls is: 0
Opening geneFile /home/james/Software/multiPhATE2/PipelineOutput/circular_read_862/consensus.cgc
Adding calls from geneFile /home/james/Software/multiPhATE2/PipelineOutput/circular_read_862/consensus.cgc
Appending call set  number of calls is: 0
Opening geneFile /home/james/Software/multiPhATE2/PipelineOutput/circular_read_862/glimmer.cgc
Adding calls from geneFile /home/james/Software/multiPhATE2/PipelineOutput/circular_read_862/glimmer.cgc
Appending call set  number of calls is: 13
Opening geneFile /home/james/Software/multiPhATE2/PipelineOutput/circular_read_862/phanotate.cgc
Adding calls from geneFile /home/james/Software/multiPhATE2/PipelineOutput/circular_read_862/phanotate.cgc
Appending call set  number of calls is: 14
Opening geneFile /home/james/Software/multiPhATE2/PipelineOutput/circular_read_862/prodigal.cgc
Adding calls from geneFile /home/james/Software/multiPhATE2/PipelineOutput/circular_read_862/prodigal.cgc
Appending call set  number of calls is: 14
Opening geneFile /home/james/Software/multiPhATE2/PipelineOutput/circular_read_862/superset.cgc
Adding calls from geneFile /home/james/Software/multiPhATE2/PipelineOutput/circular_read_862/superset.cgc
Appending call set  number of calls is: 0
All call sets have been added to caller list. Number of call sets in callerList: 6
callerList is   glimmer phanotate prodigal  
Total number of gene calls across callerList call sets is: 41
Sorting gene calls for each caller
Processing a callSet
Before sorting, Length of callerList for caller  is 0
After sorting, Length of callerList for caller  is 0
Processing a callSet
Before sorting, Length of callerList for caller  is 0
After sorting, Length of callerList for caller  is 0
Processing a callSet
Before sorting, Length of callerList for caller glimmer is 13
After sorting, Length of callerList for caller glimmer is 13
Processing a callSet
Before sorting, Length of callerList for caller phanotate is 14
After sorting, Length of callerList for caller phanotate is 14
Processing a callSet
Before sorting, Length of callerList for caller prodigal is 14
After sorting, Length of callerList for caller prodigal is 14
Processing a callSet
Before sorting, Length of callerList for caller  is 0
After sorting, Length of callerList for caller  is 0
callSet processing complete
Comparing across the call sets...
Merging the geneCall sets....
Final merged genes:

***************Merge List
1	Gene No. 1, gene caller: prodigal, leftEnd: 2, rightEnd: 157, strand: +, length: 156, contig: circular_read_862, protein: unknown, score1: 1.0, score2: 0.0
2	Gene No. 1, gene caller: phanotate, leftEnd: 3, rightEnd: 125, strand: +, length: 123, contig: circular_read_862, protein: unknown, score1: 1.0, score2: 0.0
3	Gene No. 2, gene caller: phanotate, leftEnd: 141, rightEnd: 914, strand: +, length: 774, contig: circular_read_862, protein: unknown, score1: 1.0, score2: 0.0
4	Gene No. 2, gene caller: prodigal, leftEnd: 141, rightEnd: 914, strand: +, length: 774, contig: circular_read_862, protein: unknown, score1: 1.0, score2: 0.0
5	Gene No. 2, gene caller: glimmer, leftEnd: 144, rightEnd: 914, strand: +, length: 771, contig: circular_read_862, protein: unknown, score1: 1.0, score2: 0.0
6	Gene No. 3, gene caller: glimmer, leftEnd: 916, rightEnd: 1662, strand: +, length: 747, contig: circular_read_862, protein: unknown, score1: 1.0, score2: 0.0
7	Gene No. 3, gene caller: phanotate, leftEnd: 916, rightEnd: 1662, strand: +, length: 747, contig: circular_read_862, protein: unknown, score1: 1.0, score2: 0.0
8	Gene No. 3, gene caller: prodigal, leftEnd: 916, rightEnd: 1662, strand: +, length: 747, contig: circular_read_862, protein: unknown, score1: 1.0, score2: 0.0
9	Gene No. 4, gene caller: glimmer, leftEnd: 1702, rightEnd: 2061, strand: -, length: 360, contig: circular_read_862, protein: unknown, score1: 1.0, score2: 0.0
10	Gene No. 4, gene caller: phanotate, leftEnd: 1702, rightEnd: 2061, strand: -, length: 360, contig: circular_read_862, protein: unknown, score1: 1.0, score2: 0.0
11	Gene No. 4, gene caller: prodigal, leftEnd: 1702, rightEnd: 2061, strand: -, length: 360, contig: circular_read_862, protein: unknown, score1: 1.0, score2: 0.0
12	Gene No. 5, gene caller: glimmer, leftEnd: 2054, rightEnd: 4336, strand: -, length: 2283, contig: circular_read_862, protein: unknown, score1: 1.0, score2: 0.0
13	Gene No. 5, gene caller: phanotate, leftEnd: 2054, rightEnd: 4336, strand: -, length: 2283, contig: circular_read_862, protein: unknown, score1: 1.0, score2: 0.0
14	Gene No. 5, gene caller: prodigal, leftEnd: 2054, rightEnd: 4336, strand: -, length: 2283, contig: circular_read_862, protein: unknown, score1: 1.0, score2: 0.0
15	Gene No. 6, gene caller: glimmer, leftEnd: 4353, rightEnd: 6575, strand: +, length: 2223, contig: circular_read_862, protein: unknown, score1: 1.0, score2: 0.0
16	Gene No. 6, gene caller: phanotate, leftEnd: 4353, rightEnd: 6575, strand: +, length: 2223, contig: circular_read_862, protein: unknown, score1: 1.0, score2: 0.0
17	Gene No. 6, gene caller: prodigal, leftEnd: 4353, rightEnd: 6575, strand: +, length: 2223, contig: circular_read_862, protein: unknown, score1: 1.0, score2: 0.0
18	Gene No. 7, gene caller: glimmer, leftEnd: 6568, rightEnd: 6927, strand: +, length: 360, contig: circular_read_862, protein: unknown, score1: 1.0, score2: 0.0
19	Gene No. 7, gene caller: phanotate, leftEnd: 6568, rightEnd: 6927, strand: +, length: 360, contig: circular_read_862, protein: unknown, score1: 1.0, score2: 0.0
20	Gene No. 7, gene caller: prodigal, leftEnd: 6568, rightEnd: 6927, strand: +, length: 360, contig: circular_read_862, protein: unknown, score1: 1.0, score2: 0.0
21	Gene No. 8, gene caller: glimmer, leftEnd: 6967, rightEnd: 7713, strand: -, length: 747, contig: circular_read_862, protein: unknown, score1: 1.0, score2: 0.0
22	Gene No. 8, gene caller: phanotate, leftEnd: 6967, rightEnd: 7713, strand: -, length: 747, contig: circular_read_862, protein: unknown, score1: 1.0, score2: 0.0
23	Gene No. 8, gene caller: prodigal, leftEnd: 6967, rightEnd: 7713, strand: -, length: 747, contig: circular_read_862, protein: unknown, score1: 1.0, score2: 0.0
24	Gene No. 9, gene caller: glimmer, leftEnd: 7715, rightEnd: 8848, strand: -, length: 1134, contig: circular_read_862, protein: unknown, score1: 1.0, score2: 0.0
25	Gene No. 9, gene caller: phanotate, leftEnd: 7715, rightEnd: 8848, strand: -, length: 1134, contig: circular_read_862, protein: unknown, score1: 1.0, score2: 0.0
26	Gene No. 9, gene caller: prodigal, leftEnd: 7715, rightEnd: 8848, strand: -, length: 1134, contig: circular_read_862, protein: unknown, score1: 1.0, score2: 0.0
27	Gene No. 10, gene caller: glimmer, leftEnd: 8941, rightEnd: 9123, strand: +, length: 183, contig: circular_read_862, protein: unknown, score1: 1.0, score2: 0.0
28	Gene No. 10, gene caller: phanotate, leftEnd: 8941, rightEnd: 9123, strand: +, length: 183, contig: circular_read_862, protein: unknown, score1: 1.0, score2: 0.0
29	Gene No. 10, gene caller: prodigal, leftEnd: 8941, rightEnd: 9123, strand: +, length: 183, contig: circular_read_862, protein: unknown, score1: 1.0, score2: 0.0
30	Gene No. 11, gene caller: glimmer, leftEnd: 9126, rightEnd: 10352, strand: +, length: 1227, contig: circular_read_862, protein: unknown, score1: 1.0, score2: 0.0
31	Gene No. 11, gene caller: phanotate, leftEnd: 9126, rightEnd: 10352, strand: +, length: 1227, contig: circular_read_862, protein: unknown, score1: 1.0, score2: 0.0
32	Gene No. 11, gene caller: prodigal, leftEnd: 9126, rightEnd: 10352, strand: +, length: 1227, contig: circular_read_862, protein: unknown, score1: 1.0, score2: 0.0
33	Gene No. 12, gene caller: glimmer, leftEnd: 10337, rightEnd: 10933, strand: -, length: 597, contig: circular_read_862, protein: unknown, score1: 1.0, score2: 0.0
34	Gene No. 12, gene caller: phanotate, leftEnd: 10337, rightEnd: 10933, strand: -, length: 597, contig: circular_read_862, protein: unknown, score1: 1.0, score2: 0.0
35	Gene No. 12, gene caller: prodigal, leftEnd: 10337, rightEnd: 10933, strand: -, length: 597, contig: circular_read_862, protein: unknown, score1: 1.0, score2: 0.0
36	Gene No. 13, gene caller: glimmer, leftEnd: 10936, rightEnd: 11118, strand: -, length: 183, contig: circular_read_862, protein: unknown, score1: 1.0, score2: 0.0
37	Gene No. 13, gene caller: phanotate, leftEnd: 10936, rightEnd: 11118, strand: -, length: 183, contig: circular_read_862, protein: unknown, score1: 1.0, score2: 0.0
38	Gene No. 13, gene caller: prodigal, leftEnd: 10936, rightEnd: 11118, strand: -, length: 183, contig: circular_read_862, protein: unknown, score1: 1.0, score2: 0.0
39	Gene No. 14, gene caller: glimmer, leftEnd: 11144, rightEnd: 11407, strand: +, length: 264, contig: circular_read_862, protein: unknown, score1: 1.0, score2: 0.0
40	Gene No. 14, gene caller: prodigal, leftEnd: 11144, rightEnd: 11407, strand: +, length: 264, contig: circular_read_862, protein: unknown, score1: 1.0, score2: 0.0
41	Gene No. 14, gene caller: phanotate, leftEnd: 11213, rightEnd: 11407, strand: +, length: 195, contig: circular_read_862, protein: unknown, score1: 1.0, score2: 0.0
Comparing across geneCall sets....
Scoring gene calls....
Identifying common core...
This is the Common Core List:

***************Common Core
CC-gene 1	Gene No. 1, gene caller: All_callers, leftEnd: 916, rightEnd: 1662, strand: +, length: 747, contig: circular_read_862, protein: unknown, score1: 1.0, score2: 0.0
CC-gene 2	Gene No. 1, gene caller: All_callers, leftEnd: 1702, rightEnd: 2061, strand: -, length: 360, contig: circular_read_862, protein: unknown, score1: 1.0, score2: 0.0
CC-gene 3	Gene No. 1, gene caller: All_callers, leftEnd: 2054, rightEnd: 4336, strand: -, length: 2283, contig: circular_read_862, protein: unknown, score1: 1.0, score2: 0.0
CC-gene 4	Gene No. 1, gene caller: All_callers, leftEnd: 4353, rightEnd: 6575, strand: +, length: 2223, contig: circular_read_862, protein: unknown, score1: 1.0, score2: 0.0
CC-gene 5	Gene No. 1, gene caller: All_callers, leftEnd: 6568, rightEnd: 6927, strand: +, length: 360, contig: circular_read_862, protein: unknown, score1: 1.0, score2: 0.0
CC-gene 6	Gene No. 1, gene caller: All_callers, leftEnd: 6967, rightEnd: 7713, strand: -, length: 747, contig: circular_read_862, protein: unknown, score1: 1.0, score2: 0.0
CC-gene 7	Gene No. 1, gene caller: All_callers, leftEnd: 7715, rightEnd: 8848, strand: -, length: 1134, contig: circular_read_862, protein: unknown, score1: 1.0, score2: 0.0
CC-gene 8	Gene No. 1, gene caller: All_callers, leftEnd: 8941, rightEnd: 9123, strand: +, length: 183, contig: circular_read_862, protein: unknown, score1: 1.0, score2: 0.0
CC-gene 9	Gene No. 1, gene caller: All_callers, leftEnd: 9126, rightEnd: 10352, strand: +, length: 1227, contig: circular_read_862, protein: unknown, score1: 1.0, score2: 0.0
CC-gene 10	Gene No. 1, gene caller: All_callers, leftEnd: 10337, rightEnd: 10933, strand: -, length: 597, contig: circular_read_862, protein: unknown, score1: 1.0, score2: 0.0
CC-gene 11	Gene No. 1, gene caller: All_callers, leftEnd: 10936, rightEnd: 11118, strand: -, length: 183, contig: circular_read_862, protein: unknown, score1: 1.0, score2: 0.0
Printing gene-call superset, consensus, and common_core in GFF and CGC formats
Printing report....
The following gene callers were considered: glimmer, phanotate, prodigal, The number of distinct gene calls over all gene callers is 17
The number of gene calls in common among all callers is 11
The number of unique (non-matching) gene calls is4
Caller glimmer produced 13 gene calls.
Caller glimmer gene-call length stats:  min: 183, max: 2283, ave: 852.2307692307693
Caller phanotate produced 14 gene calls.
Caller phanotate gene-call length stats:  min: 123, max: 2283, ave: 795.4285714285714
Caller prodigal produced 14 gene calls.
Caller prodigal gene-call length stats:  min: 156, max: 2283, ave: 802.7142857142857

Gene-call Scores:
Caller	Contig	Gene No.	Left End	Right End	Strand	gcScore
prodigal	circular_read_862	1	2	157	+	0.33
phanotate	circular_read_862	1	3	125	+	0.33
phanotate	circular_read_862	2	141	914	+	0.83
prodigal	circular_read_862	2	141	914	+	0.83
glimmer	circular_read_862	2	144	914	+	0.50
glimmer	circular_read_862	3	916	1662	+	1.00
phanotate	circular_read_862	3	916	1662	+	1.00
prodigal	circular_read_862	3	916	1662	+	1.00
glimmer	circular_read_862	4	1702	2061	-	1.00
phanotate	circular_read_862	4	1702	2061	-	1.00
prodigal	circular_read_862	4	1702	2061	-	1.00
glimmer	circular_read_862	5	2054	4336	-	1.00
phanotate	circular_read_862	5	2054	4336	-	1.00
prodigal	circular_read_862	5	2054	4336	-	1.00
glimmer	circular_read_862	6	4353	6575	+	1.00
phanotate	circular_read_862	6	4353	6575	+	1.00
prodigal	circular_read_862	6	4353	6575	+	1.00
glimmer	circular_read_862	7	6568	6927	+	1.00
phanotate	circular_read_862	7	6568	6927	+	1.00
prodigal	circular_read_862	7	6568	6927	+	1.00
glimmer	circular_read_862	8	6967	7713	-	1.00
phanotate	circular_read_862	8	6967	7713	-	1.00
prodigal	circular_read_862	8	6967	7713	-	1.00
glimmer	circular_read_862	9	7715	8848	-	1.00
phanotate	circular_read_862	9	7715	8848	-	1.00
prodigal	circular_read_862	9	7715	8848	-	1.00
glimmer	circular_read_862	10	8941	9123	+	1.00
phanotate	circular_read_862	10	8941	9123	+	1.00
prodigal	circular_read_862	10	8941	9123	+	1.00
glimmer	circular_read_862	11	9126	10352	+	1.00
phanotate	circular_read_862	11	9126	10352	+	1.00
prodigal	circular_read_862	11	9126	10352	+	1.00
glimmer	circular_read_862	12	10337	10933	-	1.00
phanotate	circular_read_862	12	10337	10933	-	1.00
prodigal	circular_read_862	12	10337	10933	-	1.00
glimmer	circular_read_862	13	10936	11118	-	1.00
phanotate	circular_read_862	13	10936	11118	-	1.00
prodigal	circular_read_862	13	10936	11118	-	1.00
glimmer	circular_read_862	14	11144	11407	+	0.83
prodigal	circular_read_862	14	11144	11407	+	0.83
phanotate	circular_read_862	14	11213	11407	+	0.50

Gene-call Consensus Scores:
Caller glimmer average gene-call score: 0.95
Caller phanotate average gene-call score: 0.90
Caller prodigal average gene-call score: 0.93

***************Unique List
Unique gene call 1
  --  Gene No. 1, gene caller: prodigal, leftEnd: 2, rightEnd: 157, strand: +, length: 156, contig: circular_read_862, protein: unknown, score1: 0.3333333333333333, score2: 0.0
Unique gene call 2
  --  Gene No. 1, gene caller: phanotate, leftEnd: 3, rightEnd: 125, strand: +, length: 123, contig: circular_read_862, protein: unknown, score1: 0.3333333333333333, score2: 0.0
Unique gene call 3
  --  Gene No. 2, gene caller: phanotate, leftEnd: 141, rightEnd: 914, strand: +, length: 774, contig: circular_read_862, protein: unknown, score1: 0.8333333333333333, score2: 0.0
  --  Gene No. 2, gene caller: prodigal, leftEnd: 141, rightEnd: 914, strand: +, length: 774, contig: circular_read_862, protein: unknown, score1: 0.8333333333333333, score2: 0.0
Unique gene call 4
  --  Gene No. 2, gene caller: glimmer, leftEnd: 144, rightEnd: 914, strand: +, length: 771, contig: circular_read_862, protein: unknown, score1: 0.5, score2: 0.0
Unique gene call 5
  --  Gene No. 3, gene caller: glimmer, leftEnd: 916, rightEnd: 1662, strand: +, length: 747, contig: circular_read_862, protein: unknown, score1: 1.0, score2: 0.0
  --  Gene No. 3, gene caller: phanotate, leftEnd: 916, rightEnd: 1662, strand: +, length: 747, contig: circular_read_862, protein: unknown, score1: 1.0, score2: 0.0
  --  Gene No. 3, gene caller: prodigal, leftEnd: 916, rightEnd: 1662, strand: +, length: 747, contig: circular_read_862, protein: unknown, score1: 1.0, score2: 0.0
Unique gene call 6
  --  Gene No. 4, gene caller: glimmer, leftEnd: 1702, rightEnd: 2061, strand: -, length: 360, contig: circular_read_862, protein: unknown, score1: 1.0, score2: 0.0
  --  Gene No. 4, gene caller: phanotate, leftEnd: 1702, rightEnd: 2061, strand: -, length: 360, contig: circular_read_862, protein: unknown, score1: 1.0, score2: 0.0
  --  Gene No. 4, gene caller: prodigal, leftEnd: 1702, rightEnd: 2061, strand: -, length: 360, contig: circular_read_862, protein: unknown, score1: 1.0, score2: 0.0
Unique gene call 7
  --  Gene No. 5, gene caller: glimmer, leftEnd: 2054, rightEnd: 4336, strand: -, length: 2283, contig: circular_read_862, protein: unknown, score1: 1.0, score2: 0.0
  --  Gene No. 5, gene caller: phanotate, leftEnd: 2054, rightEnd: 4336, strand: -, length: 2283, contig: circular_read_862, protein: unknown, score1: 1.0, score2: 0.0
  --  Gene No. 5, gene caller: prodigal, leftEnd: 2054, rightEnd: 4336, strand: -, length: 2283, contig: circular_read_862, protein: unknown, score1: 1.0, score2: 0.0
Unique gene call 8
  --  Gene No. 6, gene caller: glimmer, leftEnd: 4353, rightEnd: 6575, strand: +, length: 2223, contig: circular_read_862, protein: unknown, score1: 1.0, score2: 0.0
  --  Gene No. 6, gene caller: phanotate, leftEnd: 4353, rightEnd: 6575, strand: +, length: 2223, contig: circular_read_862, protein: unknown, score1: 1.0, score2: 0.0
  --  Gene No. 6, gene caller: prodigal, leftEnd: 4353, rightEnd: 6575, strand: +, length: 2223, contig: circular_read_862, protein: unknown, score1: 1.0, score2: 0.0
Unique gene call 9
  --  Gene No. 7, gene caller: glimmer, leftEnd: 6568, rightEnd: 6927, strand: +, length: 360, contig: circular_read_862, protein: unknown, score1: 1.0, score2: 0.0
  --  Gene No. 7, gene caller: phanotate, leftEnd: 6568, rightEnd: 6927, strand: +, length: 360, contig: circular_read_862, protein: unknown, score1: 1.0, score2: 0.0
  --  Gene No. 7, gene caller: prodigal, leftEnd: 6568, rightEnd: 6927, strand: +, length: 360, contig: circular_read_862, protein: unknown, score1: 1.0, score2: 0.0
Unique gene call 10
  --  Gene No. 8, gene caller: glimmer, leftEnd: 6967, rightEnd: 7713, strand: -, length: 747, contig: circular_read_862, protein: unknown, score1: 1.0, score2: 0.0
  --  Gene No. 8, gene caller: phanotate, leftEnd: 6967, rightEnd: 7713, strand: -, length: 747, contig: circular_read_862, protein: unknown, score1: 1.0, score2: 0.0
  --  Gene No. 8, gene caller: prodigal, leftEnd: 6967, rightEnd: 7713, strand: -, length: 747, contig: circular_read_862, protein: unknown, score1: 1.0, score2: 0.0
Unique gene call 11
  --  Gene No. 9, gene caller: glimmer, leftEnd: 7715, rightEnd: 8848, strand: -, length: 1134, contig: circular_read_862, protein: unknown, score1: 1.0, score2: 0.0
  --  Gene No. 9, gene caller: phanotate, leftEnd: 7715, rightEnd: 8848, strand: -, length: 1134, contig: circular_read_862, protein: unknown, score1: 1.0, score2: 0.0
  --  Gene No. 9, gene caller: prodigal, leftEnd: 7715, rightEnd: 8848, strand: -, length: 1134, contig: circular_read_862, protein: unknown, score1: 1.0, score2: 0.0
Unique gene call 12
  --  Gene No. 10, gene caller: glimmer, leftEnd: 8941, rightEnd: 9123, strand: +, length: 183, contig: circular_read_862, protein: unknown, score1: 1.0, score2: 0.0
  --  Gene No. 10, gene caller: phanotate, leftEnd: 8941, rightEnd: 9123, strand: +, length: 183, contig: circular_read_862, protein: unknown, score1: 1.0, score2: 0.0
  --  Gene No. 10, gene caller: prodigal, leftEnd: 8941, rightEnd: 9123, strand: +, length: 183, contig: circular_read_862, protein: unknown, score1: 1.0, score2: 0.0
Unique gene call 13
  --  Gene No. 11, gene caller: glimmer, leftEnd: 9126, rightEnd: 10352, strand: +, length: 1227, contig: circular_read_862, protein: unknown, score1: 1.0, score2: 0.0
  --  Gene No. 11, gene caller: phanotate, leftEnd: 9126, rightEnd: 10352, strand: +, length: 1227, contig: circular_read_862, protein: unknown, score1: 1.0, score2: 0.0
  --  Gene No. 11, gene caller: prodigal, leftEnd: 9126, rightEnd: 10352, strand: +, length: 1227, contig: circular_read_862, protein: unknown, score1: 1.0, score2: 0.0
Unique gene call 14
  --  Gene No. 12, gene caller: glimmer, leftEnd: 10337, rightEnd: 10933, strand: -, length: 597, contig: circular_read_862, protein: unknown, score1: 1.0, score2: 0.0
  --  Gene No. 12, gene caller: phanotate, leftEnd: 10337, rightEnd: 10933, strand: -, length: 597, contig: circular_read_862, protein: unknown, score1: 1.0, score2: 0.0
  --  Gene No. 12, gene caller: prodigal, leftEnd: 10337, rightEnd: 10933, strand: -, length: 597, contig: circular_read_862, protein: unknown, score1: 1.0, score2: 0.0
Unique gene call 15
  --  Gene No. 13, gene caller: glimmer, leftEnd: 10936, rightEnd: 11118, strand: -, length: 183, contig: circular_read_862, protein: unknown, score1: 1.0, score2: 0.0
  --  Gene No. 13, gene caller: phanotate, leftEnd: 10936, rightEnd: 11118, strand: -, length: 183, contig: circular_read_862, protein: unknown, score1: 1.0, score2: 0.0
  --  Gene No. 13, gene caller: prodigal, leftEnd: 10936, rightEnd: 11118, strand: -, length: 183, contig: circular_read_862, protein: unknown, score1: 1.0, score2: 0.0
Unique gene call 16
  --  Gene No. 14, gene caller: glimmer, leftEnd: 11144, rightEnd: 11407, strand: +, length: 264, contig: circular_read_862, protein: unknown, score1: 0.8333333333333333, score2: 0.0
  --  Gene No. 14, gene caller: prodigal, leftEnd: 11144, rightEnd: 11407, strand: +, length: 264, contig: circular_read_862, protein: unknown, score1: 0.8333333333333333, score2: 0.0
Unique gene call 17
  --  Gene No. 14, gene caller: phanotate, leftEnd: 11213, rightEnd: 11407, strand: +, length: 195, contig: circular_read_862, protein: unknown, score1: 0.5, score2: 0.0
Code complete at 2021-04-21 09:53:20.574932
