Discrepancy Report Results

Summary
FATAL: MISSING_PROTEIN_ID:50 proteins have invalid IDs.
DISC_SOURCE_QUALS_ASNDISC:strain (all present, all unique)
DISC_SOURCE_QUALS_ASNDISC:taxname (all present, all unique)
DISC_FEATURE_COUNT:CDS: 50 present
DISC_COUNT_NUCLEOTIDES:1 nucleotide Bioseqs are present
FEATURE_LOCATION_CONFLICT:50 features have inconsistent gene locations.
DISC_QUALITY_SCORES:Quality scores are missing on all sequences.
ONCALLER_COMMENT_PRESENT:1 comment descriptors were found (all same)
SHORT_PROT_SEQUENCES:2 protein sequences are shorter than 50 aa.
MISSING_GENOMEASSEMBLY_COMMENTS:1 bioseqs are missing GenomeAssembly structured comments
MOLTYPE_NOT_MRNA:1 molecule types are not set as mRNA.
TECHNIQUE_NOT_TSA:1 technique are not set as TSA
MISSING_STRUCTURED_COMMENT:1 sequences do not include structured comments.
MISSING_PROJECT:51 sequences do not include project.
DISC_INCONSISTENT_MOLINFO_TECH:Molinfo Technique Report (some missing, all same)


Detailed Report

FATAL: DiscRep_ALL:MISSING_PROTEIN_ID::50 proteins have invalid IDs.
prokkacontig_1518/contig_1518:contig_1518_1 (length 157)
prokkacontig_1518/contig_1518:contig_1518_2 (length 136)
prokkacontig_1518/contig_1518:contig_1518_3 (length 130)
prokkacontig_1518/contig_1518:contig_1518_4 (length 76)
prokkacontig_1518/contig_1518:contig_1518_5 (length 167)
prokkacontig_1518/contig_1518:contig_1518_6 (length 43)
prokkacontig_1518/contig_1518:contig_1518_7 (length 63)
prokkacontig_1518/contig_1518:contig_1518_8 (length 260)
prokkacontig_1518/contig_1518:contig_1518_9 (length 273)
prokkacontig_1518/contig_1518:contig_1518_10 (length 115)
prokkacontig_1518/contig_1518:contig_1518_11 (length 78)
prokkacontig_1518/contig_1518:contig_1518_12 (length 72)
prokkacontig_1518/contig_1518:contig_1518_13 (length 54)
prokkacontig_1518/contig_1518:contig_1518_14 (length 67)
prokkacontig_1518/contig_1518:contig_1518_15 (length 118)
prokkacontig_1518/contig_1518:contig_1518_16 (length 130)
prokkacontig_1518/contig_1518:contig_1518_17 (length 77)
prokkacontig_1518/contig_1518:contig_1518_18 (length 185)
prokkacontig_1518/contig_1518:contig_1518_19 (length 138)
prokkacontig_1518/contig_1518:contig_1518_20 (length 75)
prokkacontig_1518/contig_1518:contig_1518_21 (length 204)
prokkacontig_1518/contig_1518:contig_1518_22 (length 113)
prokkacontig_1518/contig_1518:contig_1518_23 (length 266)
prokkacontig_1518/contig_1518:contig_1518_24 (length 85)
prokkacontig_1518/contig_1518:contig_1518_25 (length 40)
prokkacontig_1518/contig_1518:contig_1518_26 (length 181)
prokkacontig_1518/contig_1518:contig_1518_27 (length 116)
prokkacontig_1518/contig_1518:contig_1518_28 (length 92)
prokkacontig_1518/contig_1518:contig_1518_29 (length 127)
prokkacontig_1518/contig_1518:contig_1518_30 (length 157)
prokkacontig_1518/contig_1518:contig_1518_31 (length 131)
prokkacontig_1518/contig_1518:contig_1518_32 (length 217)
prokkacontig_1518/contig_1518:contig_1518_33 (length 172)
prokkacontig_1518/contig_1518:contig_1518_34 (length 60)
prokkacontig_1518/contig_1518:contig_1518_35 (length 1004)
prokkacontig_1518/contig_1518:contig_1518_36 (length 252)
prokkacontig_1518/contig_1518:contig_1518_37 (length 1359)
prokkacontig_1518/contig_1518:contig_1518_38 (length 61)
prokkacontig_1518/contig_1518:contig_1518_39 (length 126)
prokkacontig_1518/contig_1518:contig_1518_40 (length 226)
prokkacontig_1518/contig_1518:contig_1518_41 (length 127)
prokkacontig_1518/contig_1518:contig_1518_42 (length 132)
prokkacontig_1518/contig_1518:contig_1518_43 (length 115)
prokkacontig_1518/contig_1518:contig_1518_44 (length 100)
prokkacontig_1518/contig_1518:contig_1518_45 (length 604)
prokkacontig_1518/contig_1518:contig_1518_46 (length 387)
prokkacontig_1518/contig_1518:contig_1518_47 (length 63)
prokkacontig_1518/contig_1518:contig_1518_48 (length 634)
prokkacontig_1518/contig_1518:contig_1518_49 (length 174)
prokkacontig_1518/contig_1518:contig_1518_50 (length 69)

DiscRep_ALL:DISC_SOURCE_QUALS_ASNDISC::strain (all present, all unique)
DiscRep_SUB:DISC_SOURCE_QUALS_ASNDISC::1 sources have unique values for strain
DiscRep_ALL:DISC_SOURCE_QUALS_ASNDISC::taxname (all present, all unique)
DiscRep_SUB:DISC_SOURCE_QUALS_ASNDISC::1 sources have unique values for taxname
DiscRep_ALL:DISC_FEATURE_COUNT::CDS: 50 present
DiscRep_ALL:DISC_COUNT_NUCLEOTIDES::1 nucleotide Bioseqs are present
prokkacontig_1518/contig_1518:contig_1518 (length 33625)

DiscRep_ALL:FEATURE_LOCATION_CONFLICT::50 features have inconsistent gene locations.
DiscRep_SUB:FEATURE_LOCATION_CONFLICT::Coding region xref gene does not exist
prokkacontig_1518/contig_1518:CDS	hypothetical protein	contig_1518:c503-30	IKLFBABG_00001

DiscRep_SUB:FEATURE_LOCATION_CONFLICT::Coding region xref gene does not exist
prokkacontig_1518/contig_1518:CDS	hypothetical protein	contig_1518:c990-580	IKLFBABG_00002

DiscRep_SUB:FEATURE_LOCATION_CONFLICT::Coding region xref gene does not exist
prokkacontig_1518/contig_1518:CDS	hypothetical protein	contig_1518:c1379-987	IKLFBABG_00003

DiscRep_SUB:FEATURE_LOCATION_CONFLICT::Coding region xref gene does not exist
prokkacontig_1518/contig_1518:CDS	hypothetical protein	contig_1518:c1611-1381	IKLFBABG_00004

DiscRep_SUB:FEATURE_LOCATION_CONFLICT::Coding region xref gene does not exist
prokkacontig_1518/contig_1518:CDS	Single-stranded DNA-binding protein A	contig_1518:c2127-1624	IKLFBABG_00005

DiscRep_SUB:FEATURE_LOCATION_CONFLICT::Coding region xref gene does not exist
prokkacontig_1518/contig_1518:CDS	hypothetical protein	contig_1518:c2248-2117	IKLFBABG_00006

DiscRep_SUB:FEATURE_LOCATION_CONFLICT::Coding region xref gene does not exist
prokkacontig_1518/contig_1518:CDS	hypothetical protein	contig_1518:c2535-2344	IKLFBABG_00007

DiscRep_SUB:FEATURE_LOCATION_CONFLICT::Coding region xref gene does not exist
prokkacontig_1518/contig_1518:CDS	hypothetical protein	contig_1518:c3330-2548	IKLFBABG_00008

DiscRep_SUB:FEATURE_LOCATION_CONFLICT::Coding region xref gene does not exist
prokkacontig_1518/contig_1518:CDS	hypothetical protein	contig_1518:c4244-3423	IKLFBABG_00009

DiscRep_SUB:FEATURE_LOCATION_CONFLICT::Coding region xref gene does not exist
prokkacontig_1518/contig_1518:CDS	hypothetical protein	contig_1518:c4578-4231	IKLFBABG_00010

DiscRep_SUB:FEATURE_LOCATION_CONFLICT::Coding region xref gene does not exist
prokkacontig_1518/contig_1518:CDS	hypothetical protein	contig_1518:c4807-4571	IKLFBABG_00011

DiscRep_SUB:FEATURE_LOCATION_CONFLICT::Coding region xref gene does not exist
prokkacontig_1518/contig_1518:CDS	hypothetical protein	contig_1518:c5015-4797	IKLFBABG_00012

DiscRep_SUB:FEATURE_LOCATION_CONFLICT::Coding region xref gene does not exist
prokkacontig_1518/contig_1518:CDS	hypothetical protein	contig_1518:c5267-5103	IKLFBABG_00013

DiscRep_SUB:FEATURE_LOCATION_CONFLICT::Coding region xref gene does not exist
prokkacontig_1518/contig_1518:CDS	hypothetical protein	contig_1518:c5506-5303	IKLFBABG_00014

DiscRep_SUB:FEATURE_LOCATION_CONFLICT::Coding region xref gene does not exist
prokkacontig_1518/contig_1518:CDS	hypothetical protein	contig_1518:5673-6029	IKLFBABG_00015

DiscRep_SUB:FEATURE_LOCATION_CONFLICT::Coding region xref gene does not exist
prokkacontig_1518/contig_1518:CDS	hypothetical protein	contig_1518:6046-6438	IKLFBABG_00016

DiscRep_SUB:FEATURE_LOCATION_CONFLICT::Coding region xref gene does not exist
prokkacontig_1518/contig_1518:CDS	LexA repressor	contig_1518:6500-6733	IKLFBABG_00017

DiscRep_SUB:FEATURE_LOCATION_CONFLICT::Coding region xref gene does not exist
prokkacontig_1518/contig_1518:CDS	hypothetical protein	contig_1518:6744-7301	IKLFBABG_00018

DiscRep_SUB:FEATURE_LOCATION_CONFLICT::Coding region xref gene does not exist
prokkacontig_1518/contig_1518:CDS	hypothetical protein	contig_1518:c7775-7359	IKLFBABG_00019

DiscRep_SUB:FEATURE_LOCATION_CONFLICT::Coding region xref gene does not exist
prokkacontig_1518/contig_1518:CDS	hypothetical protein	contig_1518:c8087-7860	IKLFBABG_00020

DiscRep_SUB:FEATURE_LOCATION_CONFLICT::Coding region xref gene does not exist
prokkacontig_1518/contig_1518:CDS	hypothetical protein	contig_1518:c9038-8424	IKLFBABG_00021

DiscRep_SUB:FEATURE_LOCATION_CONFLICT::Coding region xref gene does not exist
prokkacontig_1518/contig_1518:CDS	hypothetical protein	contig_1518:c9533-9192	IKLFBABG_00022

DiscRep_SUB:FEATURE_LOCATION_CONFLICT::Coding region xref gene does not exist
prokkacontig_1518/contig_1518:CDS	hypothetical protein	contig_1518:c10339-9539	IKLFBABG_00023

DiscRep_SUB:FEATURE_LOCATION_CONFLICT::Coding region xref gene does not exist
prokkacontig_1518/contig_1518:CDS	hypothetical protein	contig_1518:c11942-11685	IKLFBABG_00024

DiscRep_SUB:FEATURE_LOCATION_CONFLICT::Coding region xref gene does not exist
prokkacontig_1518/contig_1518:CDS	hypothetical protein	contig_1518:c12145-12023	IKLFBABG_00025

DiscRep_SUB:FEATURE_LOCATION_CONFLICT::Coding region xref gene does not exist
prokkacontig_1518/contig_1518:CDS	Autolysin	contig_1518:c12974-12429	IKLFBABG_00026

DiscRep_SUB:FEATURE_LOCATION_CONFLICT::Coding region xref gene does not exist
prokkacontig_1518/contig_1518:CDS	hypothetical protein	contig_1518:c13324-12974	IKLFBABG_00027

DiscRep_SUB:FEATURE_LOCATION_CONFLICT::Coding region xref gene does not exist
prokkacontig_1518/contig_1518:CDS	hypothetical protein	contig_1518:c13646-13368	IKLFBABG_00028

DiscRep_SUB:FEATURE_LOCATION_CONFLICT::Coding region xref gene does not exist
prokkacontig_1518/contig_1518:CDS	hypothetical protein	contig_1518:c14042-13659	IKLFBABG_00029

DiscRep_SUB:FEATURE_LOCATION_CONFLICT::Coding region xref gene does not exist
prokkacontig_1518/contig_1518:CDS	hypothetical protein	contig_1518:c14641-14168	IKLFBABG_00030

DiscRep_SUB:FEATURE_LOCATION_CONFLICT::Coding region xref gene does not exist
prokkacontig_1518/contig_1518:CDS	hypothetical protein	contig_1518:c15051-14656	IKLFBABG_00031

DiscRep_SUB:FEATURE_LOCATION_CONFLICT::Coding region xref gene does not exist
prokkacontig_1518/contig_1518:CDS	hypothetical protein	contig_1518:c15721-15068	IKLFBABG_00032

DiscRep_SUB:FEATURE_LOCATION_CONFLICT::Coding region xref gene does not exist
prokkacontig_1518/contig_1518:CDS	hypothetical protein	contig_1518:c16311-15793	IKLFBABG_00033

DiscRep_SUB:FEATURE_LOCATION_CONFLICT::Coding region xref gene does not exist
prokkacontig_1518/contig_1518:CDS	hypothetical protein	contig_1518:c16462-16280	IKLFBABG_00034

DiscRep_SUB:FEATURE_LOCATION_CONFLICT::Coding region xref gene does not exist
prokkacontig_1518/contig_1518:CDS	hypothetical protein	contig_1518:c19487-16473	IKLFBABG_00035

DiscRep_SUB:FEATURE_LOCATION_CONFLICT::Coding region xref gene does not exist
prokkacontig_1518/contig_1518:CDS	hypothetical protein	contig_1518:c20242-19484	IKLFBABG_00036

DiscRep_SUB:FEATURE_LOCATION_CONFLICT::Coding region xref gene does not exist
prokkacontig_1518/contig_1518:CDS	hypothetical protein	contig_1518:c24311-20232	IKLFBABG_00037

DiscRep_SUB:FEATURE_LOCATION_CONFLICT::Coding region xref gene does not exist
prokkacontig_1518/contig_1518:CDS	hypothetical protein	contig_1518:c24501-24316	IKLFBABG_00038

DiscRep_SUB:FEATURE_LOCATION_CONFLICT::Coding region xref gene does not exist
prokkacontig_1518/contig_1518:CDS	hypothetical protein	contig_1518:c24914-24534	IKLFBABG_00039

DiscRep_SUB:FEATURE_LOCATION_CONFLICT::Coding region xref gene does not exist
prokkacontig_1518/contig_1518:CDS	hypothetical protein	contig_1518:c25594-24914	IKLFBABG_00040

DiscRep_SUB:FEATURE_LOCATION_CONFLICT::Coding region xref gene does not exist
prokkacontig_1518/contig_1518:CDS	hypothetical protein	contig_1518:c25974-25591	IKLFBABG_00041

DiscRep_SUB:FEATURE_LOCATION_CONFLICT::Coding region xref gene does not exist
prokkacontig_1518/contig_1518:CDS	hypothetical protein	contig_1518:c26356-25958	IKLFBABG_00042

DiscRep_SUB:FEATURE_LOCATION_CONFLICT::Coding region xref gene does not exist
prokkacontig_1518/contig_1518:CDS	hypothetical protein	contig_1518:c26693-26346	IKLFBABG_00043

DiscRep_SUB:FEATURE_LOCATION_CONFLICT::Coding region xref gene does not exist
prokkacontig_1518/contig_1518:CDS	hypothetical protein	contig_1518:c26985-26683	IKLFBABG_00044

DiscRep_SUB:FEATURE_LOCATION_CONFLICT::Coding region xref gene does not exist
prokkacontig_1518/contig_1518:CDS	hypothetical protein	contig_1518:c28866-27052	IKLFBABG_00045

DiscRep_SUB:FEATURE_LOCATION_CONFLICT::Coding region xref gene does not exist
prokkacontig_1518/contig_1518:CDS	hypothetical protein	contig_1518:c30013-28850	IKLFBABG_00046

DiscRep_SUB:FEATURE_LOCATION_CONFLICT::Coding region xref gene does not exist
prokkacontig_1518/contig_1518:CDS	hypothetical protein	contig_1518:c30197-30006	IKLFBABG_00047

DiscRep_SUB:FEATURE_LOCATION_CONFLICT::Coding region xref gene does not exist
prokkacontig_1518/contig_1518:CDS	hypothetical protein	contig_1518:c32070-30166	IKLFBABG_00048

DiscRep_SUB:FEATURE_LOCATION_CONFLICT::Coding region xref gene does not exist
prokkacontig_1518/contig_1518:CDS	hypothetical protein	contig_1518:c32581-32057	IKLFBABG_00049

DiscRep_SUB:FEATURE_LOCATION_CONFLICT::Coding region xref gene does not exist
prokkacontig_1518/contig_1518:CDS	hypothetical protein	contig_1518:c32956-32747	IKLFBABG_00050

DiscRep_ALL:DISC_QUALITY_SCORES::Quality scores are missing on all sequences.

DiscRep_ALL:ONCALLER_COMMENT_PRESENT::1 comment descriptors were found (all same)
prokkacontig_1518/contig_1518:contig_1518:Annotated using prokka 1.14.6 from https://github.com/tseemann/prokka

DiscRep_ALL:SHORT_PROT_SEQUENCES::2 protein sequences are shorter than 50 aa.
prokkacontig_1518/contig_1518:contig_1518_6 (length 43)
prokkacontig_1518/contig_1518:contig_1518_25 (length 40)

DiscRep_ALL:MISSING_GENOMEASSEMBLY_COMMENTS::1 bioseqs are missing GenomeAssembly structured comments
prokkacontig_1518/contig_1518:contig_1518 (length 33625)

DiscRep_ALL:MOLTYPE_NOT_MRNA::1 molecule types are not set as mRNA.
prokkacontig_1518/contig_1518:contig_1518 (length 33625)

DiscRep_ALL:TECHNIQUE_NOT_TSA::1 technique are not set as TSA
prokkacontig_1518/contig_1518:contig_1518 (length 33625)

DiscRep_ALL:MISSING_STRUCTURED_COMMENT::1 sequences do not include structured comments.
prokkacontig_1518/contig_1518:contig_1518 (length 33625)

DiscRep_ALL:MISSING_PROJECT::51 sequences do not include project.
prokkacontig_1518/contig_1518:contig_1518 (length 33625)
prokkacontig_1518/contig_1518:contig_1518_1 (length 157)
prokkacontig_1518/contig_1518:contig_1518_2 (length 136)
prokkacontig_1518/contig_1518:contig_1518_3 (length 130)
prokkacontig_1518/contig_1518:contig_1518_4 (length 76)
prokkacontig_1518/contig_1518:contig_1518_5 (length 167)
prokkacontig_1518/contig_1518:contig_1518_6 (length 43)
prokkacontig_1518/contig_1518:contig_1518_7 (length 63)
prokkacontig_1518/contig_1518:contig_1518_8 (length 260)
prokkacontig_1518/contig_1518:contig_1518_9 (length 273)
prokkacontig_1518/contig_1518:contig_1518_10 (length 115)
prokkacontig_1518/contig_1518:contig_1518_11 (length 78)
prokkacontig_1518/contig_1518:contig_1518_12 (length 72)
prokkacontig_1518/contig_1518:contig_1518_13 (length 54)
prokkacontig_1518/contig_1518:contig_1518_14 (length 67)
prokkacontig_1518/contig_1518:contig_1518_15 (length 118)
prokkacontig_1518/contig_1518:contig_1518_16 (length 130)
prokkacontig_1518/contig_1518:contig_1518_17 (length 77)
prokkacontig_1518/contig_1518:contig_1518_18 (length 185)
prokkacontig_1518/contig_1518:contig_1518_19 (length 138)
prokkacontig_1518/contig_1518:contig_1518_20 (length 75)
prokkacontig_1518/contig_1518:contig_1518_21 (length 204)
prokkacontig_1518/contig_1518:contig_1518_22 (length 113)
prokkacontig_1518/contig_1518:contig_1518_23 (length 266)
prokkacontig_1518/contig_1518:contig_1518_24 (length 85)
prokkacontig_1518/contig_1518:contig_1518_25 (length 40)
prokkacontig_1518/contig_1518:contig_1518_26 (length 181)
prokkacontig_1518/contig_1518:contig_1518_27 (length 116)
prokkacontig_1518/contig_1518:contig_1518_28 (length 92)
prokkacontig_1518/contig_1518:contig_1518_29 (length 127)
prokkacontig_1518/contig_1518:contig_1518_30 (length 157)
prokkacontig_1518/contig_1518:contig_1518_31 (length 131)
prokkacontig_1518/contig_1518:contig_1518_32 (length 217)
prokkacontig_1518/contig_1518:contig_1518_33 (length 172)
prokkacontig_1518/contig_1518:contig_1518_34 (length 60)
prokkacontig_1518/contig_1518:contig_1518_35 (length 1004)
prokkacontig_1518/contig_1518:contig_1518_36 (length 252)
prokkacontig_1518/contig_1518:contig_1518_37 (length 1359)
prokkacontig_1518/contig_1518:contig_1518_38 (length 61)
prokkacontig_1518/contig_1518:contig_1518_39 (length 126)
prokkacontig_1518/contig_1518:contig_1518_40 (length 226)
prokkacontig_1518/contig_1518:contig_1518_41 (length 127)
prokkacontig_1518/contig_1518:contig_1518_42 (length 132)
prokkacontig_1518/contig_1518:contig_1518_43 (length 115)
prokkacontig_1518/contig_1518:contig_1518_44 (length 100)
prokkacontig_1518/contig_1518:contig_1518_45 (length 604)
prokkacontig_1518/contig_1518:contig_1518_46 (length 387)
prokkacontig_1518/contig_1518:contig_1518_47 (length 63)
prokkacontig_1518/contig_1518:contig_1518_48 (length 634)
prokkacontig_1518/contig_1518:contig_1518_49 (length 174)
prokkacontig_1518/contig_1518:contig_1518_50 (length 69)

DiscRep_ALL:DISC_INCONSISTENT_MOLINFO_TECH::Molinfo Technique Report (some missing, all same)
DiscRep_SUB:DISC_INCONSISTENT_MOLINFO_TECH::technique (all missing)
DiscRep_SUB:DISC_INCONSISTENT_MOLINFO_TECH::1 Molinfos are missing field technique
prokkacontig_1518/contig_1518:contig_1518 (length 33625)

