Input parameters are:['/home/james/Software/multiPhATE2/GeneCalling/phate_genecallPhage.py', '/home/james/Software/multiPhATE2/PipelineInput/contig_2989.fasta', '/home/james/Software/multiPhATE2/PipelineOutput/contig_2989', 'prodigal_glimmer_phanotate_', '/home/james/Software/multiPhATE2/PipelineOutput/contig_2989/phanotate.cgc']
output folder is /home/james/Software/multiPhATE2/PipelineOutput/contig_2989/
working folder is /home/james/Software/multiPhATE2
results file is /home/james/Software/multiPhATE2/PipelineOutput/contig_2989/results.txt
GENEMARKS_CALLS is False
PRODIGAL_CALLS is True
GLIMMER_CALLS is True
PHANOTATE_CALLS is True
CUSTOM_CALLS is False
DEBUG is False
CGC log file is /home/james/Software/multiPhATE2/PipelineOutput/contig_2989/CGC_main.log
cgcGff is /home/james/Software/multiPhATE2/PipelineOutput/contig_2989/CGCcallSummary.gff
supersetCgc is /home/james/Software/multiPhATE2/PipelineOutput/contig_2989/superset.cgc
consensusCgc is /home/james/Software/multiPhATE2/PipelineOutput/contig_2989/consensus.cgc
commoncoreCgc is /home/james/Software/multiPhATE2/PipelineOutput/contig_2989/commoncore.cgc
customCallsGff is /home/james/Software/multiPhATE2/PipelineOutput/contig_2989/contig_2989.custom.gff
customCallsCgc is /home/james/Software/multiPhATE2/PipelineOutput/contig_2989/custom.cgc
Processing Prodigal
command is prodigal -q -i /home/james/Software/multiPhATE2/PipelineInput/contig_2989.fasta -o /home/james/Software/multiPhATE2/PipelineOutput/contig_2989/prodigal.gff -f gff -p meta
command is prodigal -i /home/james/Software/multiPhATE2/PipelineInput/contig_2989.fasta -o /home/james/Software/multiPhATE2/PipelineOutput/contig_2989/prodigal.genes.sco -f sco -p meta -d /home/james/Software/multiPhATE2/PipelineOutput/contig_2989/prodigal.proteins.faa -s /home/james/Software/multiPhATE2/PipelineOutput/contig_2989/prodigal.genes.potential
Prodigal processing complete.
Preparing to process Glimmer calls
GLIMMER_CALLS is True
Processing Glimmer
glimmerPath is 
fastaFileName is /home/james/Software/multiPhATE2/PipelineInput/contig_2989.fasta
outputFolder is /home/james/Software/multiPhATE2/PipelineOutput/contig_2989/
command is long-orfs -n -t 1.15 /home/james/Software/multiPhATE2/PipelineInput/contig_2989.fasta /home/james/Software/multiPhATE2/PipelineOutput/contig_2989/glimmer.longorfs
command is extract -t /home/james/Software/multiPhATE2/PipelineInput/contig_2989.fasta /home/james/Software/multiPhATE2/PipelineOutput/contig_2989/glimmer.longorfs > /home/james/Software/multiPhATE2/PipelineOutput/contig_2989/glimmer.train
command is build-icm -r /home/james/Software/multiPhATE2/PipelineOutput/contig_2989/glimmer.icm < /home/james/Software/multiPhATE2/PipelineOutput/contig_2989/glimmer.train
command is glimmer3 -o50 -g110 -t30 /home/james/Software/multiPhATE2/PipelineInput/contig_2989.fasta /home/james/Software/multiPhATE2/PipelineOutput/contig_2989/glimmer.icm /home/james/Software/multiPhATE2/PipelineOutput/contig_2989/glimmer
command is tail -n +2 /home/james/Software/multiPhATE2/PipelineOutput/contig_2989/glimmer.predict > /home/james/Software/multiPhATE2/PipelineOutput/contig_2989/glimmer.coords
Raw Glimmer Output is /home/james/Software/multiPhATE2/PipelineOutput/contig_2989/glimmer.predict
Processing Glimmer complete.
Preparing to process Genemarks calls
GENEMARKS_CALLS is False
Not running GeneMarkS gene calling
Preparing to process PHANOTATE calls
PHANOTATE_CALLS is True
Processing PHANOTATE
command is phanotate.py /home/james/Software/multiPhATE2/PipelineInput/contig_2989.fasta > /home/james/Software/multiPhATE2/PipelineOutput/contig_2989/phanotateOutput.txt
Processing PHANOTATE complete.
Preparing to process CUSTOM calls
CUSTOM_CALLS is False
customCallsGff is /home/james/Software/multiPhATE2/PipelineOutput/contig_2989/contig_2989.custom.gff
customCallsCgc is /home/james/Software/multiPhATE2/PipelineOutput/contig_2989/custom.cgc
Preparing results
Writing genecall data to results file...
Printing tallied genecall method call counts...
Printing file info...
Parsing genecall files into CGC format...
command is python3 /home/james/Software/multiPhATE2/CompareCalls//CGC_parser.py Prodigal /home/james/Software/multiPhATE2/PipelineOutput/contig_2989/prodigal.genes.sco /home/james/Software/multiPhATE2/PipelineOutput/contig_2989/prodigal.cgc
command is python3 /home/james/Software/multiPhATE2/CompareCalls//CGC_parser.py Glimmer /home/james/Software/multiPhATE2/PipelineOutput/contig_2989/glimmer.predict /home/james/Software/multiPhATE2/PipelineOutput/contig_2989/glimmer.cgc
command is python3 /home/james/Software/multiPhATE2/CompareCalls//CGC_parser.py PHANOTATE /home/james/Software/multiPhATE2/PipelineOutput/contig_2989/phanotateOutput.txt /home/james/Software/multiPhATE2/PipelineOutput/contig_2989/phanotate.cgc
callerCount is 3
phate_genecallPhage says, Calling CGC, cgcLog is/home/james/Software/multiPhATE2/PipelineOutput/contig_2989/CGC_main.log
phate_genecallPhage says, command is python3 /home/james/Software/multiPhATE2/CompareCalls/CGC_main.py log=/home/james/Software/multiPhATE2/PipelineOutput/contig_2989/CGC_main.log cgc=/home/james/Software/multiPhATE2/PipelineOutput/contig_2989/CGCcallSummary.gff superset=/home/james/Software/multiPhATE2/PipelineOutput/contig_2989/superset.cgc consensus=/home/james/Software/multiPhATE2/PipelineOutput/contig_2989/consensus.cgc commoncore=/home/james/Software/multiPhATE2/PipelineOutput/contig_2989/commoncore.cgc /home/james/Software/multiPhATE2/PipelineOutput/contig_2989/*.cgc > /home/james/Software/multiPhATE2/PipelineOutput/contig_2989/CGC_results.txt
command is python3 /home/james/Software/multiPhATE2/CompareCalls/CGC_main.py log=/home/james/Software/multiPhATE2/PipelineOutput/contig_2989/CGC_main.log cgc=/home/james/Software/multiPhATE2/PipelineOutput/contig_2989/CGCcallSummary.gff superset=/home/james/Software/multiPhATE2/PipelineOutput/contig_2989/superset.cgc consensus=/home/james/Software/multiPhATE2/PipelineOutput/contig_2989/consensus.cgc commoncore=/home/james/Software/multiPhATE2/PipelineOutput/contig_2989/commoncore.cgc /home/james/Software/multiPhATE2/PipelineOutput/contig_2989/*.cgc > /home/james/Software/multiPhATE2/PipelineOutput/contig_2989/CGC_results.txt
