Opening log at 2021-04-21 09:32:03.449117
Iterating through fileSet at 2021-04-21 09:32:03.449235
fileSet is ['/home/james/Software/multiPhATE2/PipelineOutput/contig_2065/commoncore.cgc', '/home/james/Software/multiPhATE2/PipelineOutput/contig_2065/consensus.cgc', '/home/james/Software/multiPhATE2/PipelineOutput/contig_2065/glimmer.cgc', '/home/james/Software/multiPhATE2/PipelineOutput/contig_2065/phanotate.cgc', '/home/james/Software/multiPhATE2/PipelineOutput/contig_2065/prodigal.cgc', '/home/james/Software/multiPhATE2/PipelineOutput/contig_2065/superset.cgc']
Opening geneFile /home/james/Software/multiPhATE2/PipelineOutput/contig_2065/commoncore.cgc
Adding calls from geneFile /home/james/Software/multiPhATE2/PipelineOutput/contig_2065/commoncore.cgc
Appending call set  number of calls is: 0
Opening geneFile /home/james/Software/multiPhATE2/PipelineOutput/contig_2065/consensus.cgc
Adding calls from geneFile /home/james/Software/multiPhATE2/PipelineOutput/contig_2065/consensus.cgc
Appending call set  number of calls is: 0
Opening geneFile /home/james/Software/multiPhATE2/PipelineOutput/contig_2065/glimmer.cgc
Adding calls from geneFile /home/james/Software/multiPhATE2/PipelineOutput/contig_2065/glimmer.cgc
Appending call set  number of calls is: 7
Opening geneFile /home/james/Software/multiPhATE2/PipelineOutput/contig_2065/phanotate.cgc
Adding calls from geneFile /home/james/Software/multiPhATE2/PipelineOutput/contig_2065/phanotate.cgc
Appending call set  number of calls is: 19
Opening geneFile /home/james/Software/multiPhATE2/PipelineOutput/contig_2065/prodigal.cgc
Adding calls from geneFile /home/james/Software/multiPhATE2/PipelineOutput/contig_2065/prodigal.cgc
Appending call set  number of calls is: 7
Opening geneFile /home/james/Software/multiPhATE2/PipelineOutput/contig_2065/superset.cgc
Adding calls from geneFile /home/james/Software/multiPhATE2/PipelineOutput/contig_2065/superset.cgc
Appending call set  number of calls is: 0
All call sets have been added to caller list. Number of call sets in callerList: 6
callerList is   glimmer phanotate prodigal  
Total number of gene calls across callerList call sets is: 33
Sorting gene calls for each caller
Processing a callSet
Before sorting, Length of callerList for caller  is 0
After sorting, Length of callerList for caller  is 0
Processing a callSet
Before sorting, Length of callerList for caller  is 0
After sorting, Length of callerList for caller  is 0
Processing a callSet
Before sorting, Length of callerList for caller glimmer is 7
After sorting, Length of callerList for caller glimmer is 7
Processing a callSet
Before sorting, Length of callerList for caller phanotate is 19
After sorting, Length of callerList for caller phanotate is 19
Processing a callSet
Before sorting, Length of callerList for caller prodigal is 7
After sorting, Length of callerList for caller prodigal is 7
Processing a callSet
Before sorting, Length of callerList for caller  is 0
After sorting, Length of callerList for caller  is 0
callSet processing complete
Comparing across the call sets...
Merging the geneCall sets....
Final merged genes:

***************Merge List
1	Gene No. 1, gene caller: phanotate, leftEnd: 168, rightEnd: 338, strand: +, length: 171, contig: contig_2065, protein: unknown, score1: 1.0, score2: 0.0
2	Gene No. 1, gene caller: glimmer, leftEnd: 366, rightEnd: 1511, strand: +, length: 1146, contig: contig_2065, protein: unknown, score1: 1.0, score2: 0.0
3	Gene No. 2, gene caller: phanotate, leftEnd: 366, rightEnd: 1511, strand: +, length: 1146, contig: contig_2065, protein: unknown, score1: 1.0, score2: 0.0
4	Gene No. 1, gene caller: prodigal, leftEnd: 366, rightEnd: 1511, strand: +, length: 1146, contig: contig_2065, protein: unknown, score1: 1.0, score2: 0.0
5	Gene No. 3, gene caller: phanotate, leftEnd: 1492, rightEnd: 1584, strand: +, length: 93, contig: contig_2065, protein: unknown, score1: 1.0, score2: 0.0
6	Gene No. 4, gene caller: phanotate, leftEnd: 1647, rightEnd: 1751, strand: +, length: 105, contig: contig_2065, protein: unknown, score1: 1.0, score2: 0.0
7	Gene No. 5, gene caller: phanotate, leftEnd: 1770, rightEnd: 1892, strand: +, length: 123, contig: contig_2065, protein: unknown, score1: 1.0, score2: 0.0
8	Gene No. 6, gene caller: phanotate, leftEnd: 1889, rightEnd: 1987, strand: +, length: 99, contig: contig_2065, protein: unknown, score1: 1.0, score2: 0.0
9	Gene No. 2, gene caller: prodigal, leftEnd: 1968, rightEnd: 2363, strand: +, length: 396, contig: contig_2065, protein: unknown, score1: 1.0, score2: 0.0
10	Gene No. 2, gene caller: glimmer, leftEnd: 1992, rightEnd: 2363, strand: +, length: 372, contig: contig_2065, protein: unknown, score1: 1.0, score2: 0.0
11	Gene No. 7, gene caller: phanotate, leftEnd: 1992, rightEnd: 2363, strand: +, length: 372, contig: contig_2065, protein: unknown, score1: 1.0, score2: 0.0
12	Gene No. 8, gene caller: phanotate, leftEnd: 2580, rightEnd: 2690, strand: -, length: 111, contig: contig_2065, protein: unknown, score1: 1.0, score2: 0.0
13	Gene No. 3, gene caller: glimmer, leftEnd: 2600, rightEnd: 2749, strand: -, length: 150, contig: contig_2065, protein: unknown, score1: 1.0, score2: 0.0
14	Gene No. 3, gene caller: prodigal, leftEnd: 2600, rightEnd: 2749, strand: -, length: 150, contig: contig_2065, protein: unknown, score1: 1.0, score2: 0.0
15	Gene No. 9, gene caller: phanotate, leftEnd: 2763, rightEnd: 2864, strand: -, length: 102, contig: contig_2065, protein: unknown, score1: 1.0, score2: 0.0
16	Gene No. 4, gene caller: prodigal, leftEnd: 2763, rightEnd: 2864, strand: -, length: 102, contig: contig_2065, protein: unknown, score1: 1.0, score2: 0.0
17	Gene No. 4, gene caller: glimmer, leftEnd: 2837, rightEnd: 2995, strand: -, length: 159, contig: contig_2065, protein: unknown, score1: 1.0, score2: 0.0
18	Gene No. 10, gene caller: phanotate, leftEnd: 2837, rightEnd: 2995, strand: -, length: 159, contig: contig_2065, protein: unknown, score1: 1.0, score2: 0.0
19	Gene No. 5, gene caller: prodigal, leftEnd: 2837, rightEnd: 2995, strand: -, length: 159, contig: contig_2065, protein: unknown, score1: 1.0, score2: 0.0
20	Gene No. 5, gene caller: glimmer, leftEnd: 3022, rightEnd: 3141, strand: -, length: 120, contig: contig_2065, protein: unknown, score1: 1.0, score2: 0.0
21	Gene No. 11, gene caller: phanotate, leftEnd: 3022, rightEnd: 3147, strand: -, length: 126, contig: contig_2065, protein: unknown, score1: 1.0, score2: 0.0
22	Gene No. 12, gene caller: phanotate, leftEnd: 3272, rightEnd: 3388, strand: -, length: 117, contig: contig_2065, protein: unknown, score1: 1.0, score2: 0.0
23	Gene No. 6, gene caller: glimmer, leftEnd: 3441, rightEnd: 3812, strand: -, length: 372, contig: contig_2065, protein: unknown, score1: 1.0, score2: 0.0
24	Gene No. 13, gene caller: phanotate, leftEnd: 3441, rightEnd: 3812, strand: -, length: 372, contig: contig_2065, protein: unknown, score1: 1.0, score2: 0.0
25	Gene No. 6, gene caller: prodigal, leftEnd: 3441, rightEnd: 3812, strand: -, length: 372, contig: contig_2065, protein: unknown, score1: 1.0, score2: 0.0
26	Gene No. 14, gene caller: phanotate, leftEnd: 3813, rightEnd: 3917, strand: +, length: 105, contig: contig_2065, protein: unknown, score1: 1.0, score2: 0.0
27	Gene No. 15, gene caller: phanotate, leftEnd: 3972, rightEnd: 4064, strand: +, length: 93, contig: contig_2065, protein: unknown, score1: 1.0, score2: 0.0
28	Gene No. 16, gene caller: phanotate, leftEnd: 4075, rightEnd: 4218, strand: -, length: 144, contig: contig_2065, protein: unknown, score1: 1.0, score2: 0.0
29	Gene No. 7, gene caller: glimmer, leftEnd: 4289, rightEnd: 5434, strand: -, length: 1146, contig: contig_2065, protein: unknown, score1: 1.0, score2: 0.0
30	Gene No. 17, gene caller: phanotate, leftEnd: 4289, rightEnd: 5434, strand: -, length: 1146, contig: contig_2065, protein: unknown, score1: 1.0, score2: 0.0
31	Gene No. 7, gene caller: prodigal, leftEnd: 4289, rightEnd: 5434, strand: -, length: 1146, contig: contig_2065, protein: unknown, score1: 1.0, score2: 0.0
32	Gene No. 18, gene caller: phanotate, leftEnd: 5467, rightEnd: 5577, strand: -, length: 111, contig: contig_2065, protein: unknown, score1: 1.0, score2: 0.0
33	Gene No. 19, gene caller: phanotate, leftEnd: 5607, rightEnd: 5708, strand: -, length: 102, contig: contig_2065, protein: unknown, score1: 1.0, score2: 0.0
Comparing across geneCall sets....
Scoring gene calls....
Identifying common core...
This is the Common Core List:

***************Common Core
CC-gene 1	Gene No. 1, gene caller: All_callers, leftEnd: 366, rightEnd: 1511, strand: +, length: 1146, contig: contig_2065, protein: unknown, score1: 1.0, score2: 0.0
CC-gene 2	Gene No. 1, gene caller: All_callers, leftEnd: 2837, rightEnd: 2995, strand: -, length: 159, contig: contig_2065, protein: unknown, score1: 1.0, score2: 0.0
CC-gene 3	Gene No. 1, gene caller: All_callers, leftEnd: 3441, rightEnd: 3812, strand: -, length: 372, contig: contig_2065, protein: unknown, score1: 1.0, score2: 0.0
CC-gene 4	Gene No. 1, gene caller: All_callers, leftEnd: 4289, rightEnd: 5434, strand: -, length: 1146, contig: contig_2065, protein: unknown, score1: 1.0, score2: 0.0
Printing gene-call superset, consensus, and common_core in GFF and CGC formats
Printing report....
The following gene callers were considered: glimmer, phanotate, prodigal, The number of distinct gene calls over all gene callers is 22
The number of gene calls in common among all callers is 4
The number of unique (non-matching) gene calls is15
Caller glimmer produced 7 gene calls.
Caller glimmer gene-call length stats:  min: 120, max: 1146, ave: 495.0
Caller phanotate produced 19 gene calls.
Caller phanotate gene-call length stats:  min: 93, max: 1146, ave: 252.47368421052633
Caller prodigal produced 7 gene calls.
Caller prodigal gene-call length stats:  min: 102, max: 1146, ave: 495.85714285714283

Gene-call Scores:
Caller	Contig	Gene No.	Left End	Right End	Strand	gcScore
phanotate	contig_2065	1	168	338	+	0.33
glimmer	contig_2065	1	366	1511	+	1.00
phanotate	contig_2065	2	366	1511	+	1.00
prodigal	contig_2065	1	366	1511	+	1.00
phanotate	contig_2065	3	1492	1584	+	0.33
phanotate	contig_2065	4	1647	1751	+	0.33
phanotate	contig_2065	5	1770	1892	+	0.33
phanotate	contig_2065	6	1889	1987	+	0.33
prodigal	contig_2065	2	1968	2363	+	0.50
glimmer	contig_2065	2	1992	2363	+	0.83
phanotate	contig_2065	7	1992	2363	+	0.83
phanotate	contig_2065	8	2580	2690	-	0.33
glimmer	contig_2065	3	2600	2749	-	0.83
prodigal	contig_2065	3	2600	2749	-	0.83
phanotate	contig_2065	9	2763	2864	-	0.83
prodigal	contig_2065	4	2763	2864	-	0.83
glimmer	contig_2065	4	2837	2995	-	1.00
phanotate	contig_2065	10	2837	2995	-	1.00
prodigal	contig_2065	5	2837	2995	-	1.00
glimmer	contig_2065	5	3022	3141	-	0.50
phanotate	contig_2065	11	3022	3147	-	0.50
phanotate	contig_2065	12	3272	3388	-	0.33
glimmer	contig_2065	6	3441	3812	-	1.00
phanotate	contig_2065	13	3441	3812	-	1.00
prodigal	contig_2065	6	3441	3812	-	1.00
phanotate	contig_2065	14	3813	3917	+	0.33
phanotate	contig_2065	15	3972	4064	+	0.33
phanotate	contig_2065	16	4075	4218	-	0.33
glimmer	contig_2065	7	4289	5434	-	1.00
phanotate	contig_2065	17	4289	5434	-	1.00
prodigal	contig_2065	7	4289	5434	-	1.00
phanotate	contig_2065	18	5467	5577	-	0.33
phanotate	contig_2065	19	5607	5708	-	0.33

Gene-call Consensus Scores:
Caller glimmer average gene-call score: 0.88
Caller phanotate average gene-call score: 0.54
Caller prodigal average gene-call score: 0.88

***************Unique List
Unique gene call 1
  --  Gene No. 1, gene caller: phanotate, leftEnd: 168, rightEnd: 338, strand: +, length: 171, contig: contig_2065, protein: unknown, score1: 0.3333333333333333, score2: 0.0
Unique gene call 2
  --  Gene No. 1, gene caller: glimmer, leftEnd: 366, rightEnd: 1511, strand: +, length: 1146, contig: contig_2065, protein: unknown, score1: 1.0, score2: 0.0
  --  Gene No. 2, gene caller: phanotate, leftEnd: 366, rightEnd: 1511, strand: +, length: 1146, contig: contig_2065, protein: unknown, score1: 1.0, score2: 0.0
  --  Gene No. 1, gene caller: prodigal, leftEnd: 366, rightEnd: 1511, strand: +, length: 1146, contig: contig_2065, protein: unknown, score1: 1.0, score2: 0.0
Unique gene call 3
  --  Gene No. 3, gene caller: phanotate, leftEnd: 1492, rightEnd: 1584, strand: +, length: 93, contig: contig_2065, protein: unknown, score1: 0.3333333333333333, score2: 0.0
Unique gene call 4
  --  Gene No. 4, gene caller: phanotate, leftEnd: 1647, rightEnd: 1751, strand: +, length: 105, contig: contig_2065, protein: unknown, score1: 0.3333333333333333, score2: 0.0
Unique gene call 5
  --  Gene No. 5, gene caller: phanotate, leftEnd: 1770, rightEnd: 1892, strand: +, length: 123, contig: contig_2065, protein: unknown, score1: 0.3333333333333333, score2: 0.0
Unique gene call 6
  --  Gene No. 6, gene caller: phanotate, leftEnd: 1889, rightEnd: 1987, strand: +, length: 99, contig: contig_2065, protein: unknown, score1: 0.3333333333333333, score2: 0.0
Unique gene call 7
  --  Gene No. 2, gene caller: prodigal, leftEnd: 1968, rightEnd: 2363, strand: +, length: 396, contig: contig_2065, protein: unknown, score1: 0.5, score2: 0.0
Unique gene call 8
  --  Gene No. 2, gene caller: glimmer, leftEnd: 1992, rightEnd: 2363, strand: +, length: 372, contig: contig_2065, protein: unknown, score1: 0.8333333333333333, score2: 0.0
  --  Gene No. 7, gene caller: phanotate, leftEnd: 1992, rightEnd: 2363, strand: +, length: 372, contig: contig_2065, protein: unknown, score1: 0.8333333333333333, score2: 0.0
Unique gene call 9
  --  Gene No. 8, gene caller: phanotate, leftEnd: 2580, rightEnd: 2690, strand: -, length: 111, contig: contig_2065, protein: unknown, score1: 0.3333333333333333, score2: 0.0
Unique gene call 10
  --  Gene No. 3, gene caller: glimmer, leftEnd: 2600, rightEnd: 2749, strand: -, length: 150, contig: contig_2065, protein: unknown, score1: 0.8333333333333333, score2: 0.0
  --  Gene No. 3, gene caller: prodigal, leftEnd: 2600, rightEnd: 2749, strand: -, length: 150, contig: contig_2065, protein: unknown, score1: 0.8333333333333333, score2: 0.0
Unique gene call 11
  --  Gene No. 9, gene caller: phanotate, leftEnd: 2763, rightEnd: 2864, strand: -, length: 102, contig: contig_2065, protein: unknown, score1: 0.8333333333333333, score2: 0.0
  --  Gene No. 4, gene caller: prodigal, leftEnd: 2763, rightEnd: 2864, strand: -, length: 102, contig: contig_2065, protein: unknown, score1: 0.8333333333333333, score2: 0.0
Unique gene call 12
  --  Gene No. 4, gene caller: glimmer, leftEnd: 2837, rightEnd: 2995, strand: -, length: 159, contig: contig_2065, protein: unknown, score1: 1.0, score2: 0.0
  --  Gene No. 10, gene caller: phanotate, leftEnd: 2837, rightEnd: 2995, strand: -, length: 159, contig: contig_2065, protein: unknown, score1: 1.0, score2: 0.0
  --  Gene No. 5, gene caller: prodigal, leftEnd: 2837, rightEnd: 2995, strand: -, length: 159, contig: contig_2065, protein: unknown, score1: 1.0, score2: 0.0
Unique gene call 13
  --  Gene No. 5, gene caller: glimmer, leftEnd: 3022, rightEnd: 3141, strand: -, length: 120, contig: contig_2065, protein: unknown, score1: 0.5, score2: 0.0
Unique gene call 14
  --  Gene No. 11, gene caller: phanotate, leftEnd: 3022, rightEnd: 3147, strand: -, length: 126, contig: contig_2065, protein: unknown, score1: 0.5, score2: 0.0
Unique gene call 15
  --  Gene No. 12, gene caller: phanotate, leftEnd: 3272, rightEnd: 3388, strand: -, length: 117, contig: contig_2065, protein: unknown, score1: 0.3333333333333333, score2: 0.0
Unique gene call 16
  --  Gene No. 6, gene caller: glimmer, leftEnd: 3441, rightEnd: 3812, strand: -, length: 372, contig: contig_2065, protein: unknown, score1: 1.0, score2: 0.0
  --  Gene No. 13, gene caller: phanotate, leftEnd: 3441, rightEnd: 3812, strand: -, length: 372, contig: contig_2065, protein: unknown, score1: 1.0, score2: 0.0
  --  Gene No. 6, gene caller: prodigal, leftEnd: 3441, rightEnd: 3812, strand: -, length: 372, contig: contig_2065, protein: unknown, score1: 1.0, score2: 0.0
Unique gene call 17
  --  Gene No. 14, gene caller: phanotate, leftEnd: 3813, rightEnd: 3917, strand: +, length: 105, contig: contig_2065, protein: unknown, score1: 0.3333333333333333, score2: 0.0
Unique gene call 18
  --  Gene No. 15, gene caller: phanotate, leftEnd: 3972, rightEnd: 4064, strand: +, length: 93, contig: contig_2065, protein: unknown, score1: 0.3333333333333333, score2: 0.0
Unique gene call 19
  --  Gene No. 16, gene caller: phanotate, leftEnd: 4075, rightEnd: 4218, strand: -, length: 144, contig: contig_2065, protein: unknown, score1: 0.3333333333333333, score2: 0.0
Unique gene call 20
  --  Gene No. 7, gene caller: glimmer, leftEnd: 4289, rightEnd: 5434, strand: -, length: 1146, contig: contig_2065, protein: unknown, score1: 1.0, score2: 0.0
  --  Gene No. 17, gene caller: phanotate, leftEnd: 4289, rightEnd: 5434, strand: -, length: 1146, contig: contig_2065, protein: unknown, score1: 1.0, score2: 0.0
  --  Gene No. 7, gene caller: prodigal, leftEnd: 4289, rightEnd: 5434, strand: -, length: 1146, contig: contig_2065, protein: unknown, score1: 1.0, score2: 0.0
Unique gene call 21
  --  Gene No. 18, gene caller: phanotate, leftEnd: 5467, rightEnd: 5577, strand: -, length: 111, contig: contig_2065, protein: unknown, score1: 0.3333333333333333, score2: 0.0
Unique gene call 22
  --  Gene No. 19, gene caller: phanotate, leftEnd: 5607, rightEnd: 5708, strand: -, length: 102, contig: contig_2065, protein: unknown, score1: 0.3333333333333333, score2: 0.0
Code complete at 2021-04-21 09:32:03.452748
