Opening log at 2021-04-21 09:42:14.707261
Iterating through fileSet at 2021-04-21 09:42:14.707395
fileSet is ['/home/james/Software/multiPhATE2/PipelineOutput/contig_2982/commoncore.cgc', '/home/james/Software/multiPhATE2/PipelineOutput/contig_2982/consensus.cgc', '/home/james/Software/multiPhATE2/PipelineOutput/contig_2982/glimmer.cgc', '/home/james/Software/multiPhATE2/PipelineOutput/contig_2982/phanotate.cgc', '/home/james/Software/multiPhATE2/PipelineOutput/contig_2982/prodigal.cgc', '/home/james/Software/multiPhATE2/PipelineOutput/contig_2982/superset.cgc']
Opening geneFile /home/james/Software/multiPhATE2/PipelineOutput/contig_2982/commoncore.cgc
Adding calls from geneFile /home/james/Software/multiPhATE2/PipelineOutput/contig_2982/commoncore.cgc
Appending call set  number of calls is: 0
Opening geneFile /home/james/Software/multiPhATE2/PipelineOutput/contig_2982/consensus.cgc
Adding calls from geneFile /home/james/Software/multiPhATE2/PipelineOutput/contig_2982/consensus.cgc
Appending call set  number of calls is: 0
Opening geneFile /home/james/Software/multiPhATE2/PipelineOutput/contig_2982/glimmer.cgc
Adding calls from geneFile /home/james/Software/multiPhATE2/PipelineOutput/contig_2982/glimmer.cgc
Appending call set  number of calls is: 12
Opening geneFile /home/james/Software/multiPhATE2/PipelineOutput/contig_2982/phanotate.cgc
Adding calls from geneFile /home/james/Software/multiPhATE2/PipelineOutput/contig_2982/phanotate.cgc
Appending call set  number of calls is: 16
Opening geneFile /home/james/Software/multiPhATE2/PipelineOutput/contig_2982/prodigal.cgc
Adding calls from geneFile /home/james/Software/multiPhATE2/PipelineOutput/contig_2982/prodigal.cgc
Appending call set  number of calls is: 14
Opening geneFile /home/james/Software/multiPhATE2/PipelineOutput/contig_2982/superset.cgc
Adding calls from geneFile /home/james/Software/multiPhATE2/PipelineOutput/contig_2982/superset.cgc
Appending call set  number of calls is: 0
All call sets have been added to caller list. Number of call sets in callerList: 6
callerList is   glimmer phanotate prodigal  
Total number of gene calls across callerList call sets is: 42
Sorting gene calls for each caller
Processing a callSet
Before sorting, Length of callerList for caller  is 0
After sorting, Length of callerList for caller  is 0
Processing a callSet
Before sorting, Length of callerList for caller  is 0
After sorting, Length of callerList for caller  is 0
Processing a callSet
Before sorting, Length of callerList for caller glimmer is 12
After sorting, Length of callerList for caller glimmer is 12
Processing a callSet
Before sorting, Length of callerList for caller phanotate is 16
After sorting, Length of callerList for caller phanotate is 16
Processing a callSet
Before sorting, Length of callerList for caller prodigal is 14
After sorting, Length of callerList for caller prodigal is 14
Processing a callSet
Before sorting, Length of callerList for caller  is 0
After sorting, Length of callerList for caller  is 0
callSet processing complete
Comparing across the call sets...
Merging the geneCall sets....
Final merged genes:

***************Merge List
1	Gene No. 1, gene caller: phanotate, leftEnd: 2, rightEnd: 244, strand: -, length: 243, contig: contig_2982, protein: unknown, score1: 1.0, score2: 0.0
2	Gene No. 1, gene caller: prodigal, leftEnd: 2, rightEnd: 244, strand: -, length: 243, contig: contig_2982, protein: unknown, score1: 1.0, score2: 0.0
3	Gene No. 1, gene caller: glimmer, leftEnd: 225, rightEnd: 482, strand: -, length: 258, contig: contig_2982, protein: unknown, score1: 1.0, score2: 0.0
4	Gene No. 2, gene caller: phanotate, leftEnd: 225, rightEnd: 482, strand: -, length: 258, contig: contig_2982, protein: unknown, score1: 1.0, score2: 0.0
5	Gene No. 2, gene caller: prodigal, leftEnd: 225, rightEnd: 482, strand: -, length: 258, contig: contig_2982, protein: unknown, score1: 1.0, score2: 0.0
6	Gene No. 2, gene caller: glimmer, leftEnd: 475, rightEnd: 720, strand: -, length: 246, contig: contig_2982, protein: unknown, score1: 1.0, score2: 0.0
7	Gene No. 3, gene caller: phanotate, leftEnd: 475, rightEnd: 720, strand: -, length: 246, contig: contig_2982, protein: unknown, score1: 1.0, score2: 0.0
8	Gene No. 3, gene caller: prodigal, leftEnd: 475, rightEnd: 720, strand: -, length: 246, contig: contig_2982, protein: unknown, score1: 1.0, score2: 0.0
9	Gene No. 3, gene caller: glimmer, leftEnd: 713, rightEnd: 946, strand: -, length: 234, contig: contig_2982, protein: unknown, score1: 1.0, score2: 0.0
10	Gene No. 4, gene caller: phanotate, leftEnd: 713, rightEnd: 946, strand: -, length: 234, contig: contig_2982, protein: unknown, score1: 1.0, score2: 0.0
11	Gene No. 4, gene caller: prodigal, leftEnd: 713, rightEnd: 946, strand: -, length: 234, contig: contig_2982, protein: unknown, score1: 1.0, score2: 0.0
12	Gene No. 5, gene caller: phanotate, leftEnd: 958, rightEnd: 1611, strand: -, length: 654, contig: contig_2982, protein: unknown, score1: 1.0, score2: 0.0
13	Gene No. 4, gene caller: glimmer, leftEnd: 958, rightEnd: 1620, strand: -, length: 663, contig: contig_2982, protein: unknown, score1: 1.0, score2: 0.0
14	Gene No. 5, gene caller: prodigal, leftEnd: 958, rightEnd: 1620, strand: -, length: 663, contig: contig_2982, protein: unknown, score1: 1.0, score2: 0.0
15	Gene No. 5, gene caller: glimmer, leftEnd: 1631, rightEnd: 1924, strand: -, length: 294, contig: contig_2982, protein: unknown, score1: 1.0, score2: 0.0
16	Gene No. 6, gene caller: phanotate, leftEnd: 1631, rightEnd: 1924, strand: -, length: 294, contig: contig_2982, protein: unknown, score1: 1.0, score2: 0.0
17	Gene No. 6, gene caller: prodigal, leftEnd: 1631, rightEnd: 1924, strand: -, length: 294, contig: contig_2982, protein: unknown, score1: 1.0, score2: 0.0
18	Gene No. 6, gene caller: glimmer, leftEnd: 1924, rightEnd: 2088, strand: -, length: 165, contig: contig_2982, protein: unknown, score1: 1.0, score2: 0.0
19	Gene No. 7, gene caller: prodigal, leftEnd: 1924, rightEnd: 2202, strand: -, length: 279, contig: contig_2982, protein: unknown, score1: 1.0, score2: 0.0
20	Gene No. 7, gene caller: phanotate, leftEnd: 1924, rightEnd: 2205, strand: -, length: 282, contig: contig_2982, protein: unknown, score1: 1.0, score2: 0.0
21	Gene No. 7, gene caller: glimmer, leftEnd: 2186, rightEnd: 2563, strand: -, length: 378, contig: contig_2982, protein: unknown, score1: 1.0, score2: 0.0
22	Gene No. 8, gene caller: phanotate, leftEnd: 2186, rightEnd: 2563, strand: -, length: 378, contig: contig_2982, protein: unknown, score1: 1.0, score2: 0.0
23	Gene No. 8, gene caller: prodigal, leftEnd: 2186, rightEnd: 2563, strand: -, length: 378, contig: contig_2982, protein: unknown, score1: 1.0, score2: 0.0
24	Gene No. 8, gene caller: glimmer, leftEnd: 2588, rightEnd: 2956, strand: -, length: 369, contig: contig_2982, protein: unknown, score1: 1.0, score2: 0.0
25	Gene No. 9, gene caller: phanotate, leftEnd: 2588, rightEnd: 2956, strand: -, length: 369, contig: contig_2982, protein: unknown, score1: 1.0, score2: 0.0
26	Gene No. 9, gene caller: prodigal, leftEnd: 2588, rightEnd: 2956, strand: -, length: 369, contig: contig_2982, protein: unknown, score1: 1.0, score2: 0.0
27	Gene No. 9, gene caller: glimmer, leftEnd: 2953, rightEnd: 3180, strand: -, length: 228, contig: contig_2982, protein: unknown, score1: 1.0, score2: 0.0
28	Gene No. 10, gene caller: phanotate, leftEnd: 2953, rightEnd: 3180, strand: -, length: 228, contig: contig_2982, protein: unknown, score1: 1.0, score2: 0.0
29	Gene No. 10, gene caller: prodigal, leftEnd: 2953, rightEnd: 3180, strand: -, length: 228, contig: contig_2982, protein: unknown, score1: 1.0, score2: 0.0
30	Gene No. 11, gene caller: phanotate, leftEnd: 3217, rightEnd: 3399, strand: -, length: 183, contig: contig_2982, protein: unknown, score1: 1.0, score2: 0.0
31	Gene No. 11, gene caller: prodigal, leftEnd: 3217, rightEnd: 3399, strand: -, length: 183, contig: contig_2982, protein: unknown, score1: 1.0, score2: 0.0
32	Gene No. 12, gene caller: phanotate, leftEnd: 3412, rightEnd: 3819, strand: -, length: 408, contig: contig_2982, protein: unknown, score1: 1.0, score2: 0.0
33	Gene No. 12, gene caller: prodigal, leftEnd: 3412, rightEnd: 4035, strand: -, length: 624, contig: contig_2982, protein: unknown, score1: 1.0, score2: 0.0
34	Gene No. 10, gene caller: glimmer, leftEnd: 3412, rightEnd: 4086, strand: -, length: 675, contig: contig_2982, protein: unknown, score1: 1.0, score2: 0.0
35	Gene No. 13, gene caller: phanotate, leftEnd: 3873, rightEnd: 4031, strand: +, length: 159, contig: contig_2982, protein: unknown, score1: 1.0, score2: 0.0
36	Gene No. 14, gene caller: phanotate, leftEnd: 4024, rightEnd: 4350, strand: +, length: 327, contig: contig_2982, protein: unknown, score1: 1.0, score2: 0.0
37	Gene No. 13, gene caller: prodigal, leftEnd: 4045, rightEnd: 4350, strand: +, length: 306, contig: contig_2982, protein: unknown, score1: 1.0, score2: 0.0
38	Gene No. 11, gene caller: glimmer, leftEnd: 4083, rightEnd: 4256, strand: -, length: 174, contig: contig_2982, protein: unknown, score1: 1.0, score2: 0.0
39	Gene No. 15, gene caller: phanotate, leftEnd: 4351, rightEnd: 4440, strand: +, length: 90, contig: contig_2982, protein: unknown, score1: 1.0, score2: 0.0
40	Gene No. 16, gene caller: phanotate, leftEnd: 4455, rightEnd: 4829, strand: +, length: 375, contig: contig_2982, protein: unknown, score1: 1.0, score2: 0.0
41	Gene No. 14, gene caller: prodigal, leftEnd: 4497, rightEnd: 4829, strand: +, length: 333, contig: contig_2982, protein: unknown, score1: 1.0, score2: 0.0
42	Gene No. 12, gene caller: glimmer, leftEnd: 4536, rightEnd: 4829, strand: +, length: 294, contig: contig_2982, protein: unknown, score1: 1.0, score2: 0.0
Comparing across geneCall sets....
Scoring gene calls....
Identifying common core...
This is the Common Core List:

***************Common Core
CC-gene 1	Gene No. 1, gene caller: All_callers, leftEnd: 225, rightEnd: 482, strand: -, length: 258, contig: contig_2982, protein: unknown, score1: 1.0, score2: 0.0
CC-gene 2	Gene No. 1, gene caller: All_callers, leftEnd: 475, rightEnd: 720, strand: -, length: 246, contig: contig_2982, protein: unknown, score1: 1.0, score2: 0.0
CC-gene 3	Gene No. 1, gene caller: All_callers, leftEnd: 713, rightEnd: 946, strand: -, length: 234, contig: contig_2982, protein: unknown, score1: 1.0, score2: 0.0
CC-gene 4	Gene No. 1, gene caller: All_callers, leftEnd: 1631, rightEnd: 1924, strand: -, length: 294, contig: contig_2982, protein: unknown, score1: 1.0, score2: 0.0
CC-gene 5	Gene No. 1, gene caller: All_callers, leftEnd: 2186, rightEnd: 2563, strand: -, length: 378, contig: contig_2982, protein: unknown, score1: 1.0, score2: 0.0
CC-gene 6	Gene No. 1, gene caller: All_callers, leftEnd: 2588, rightEnd: 2956, strand: -, length: 369, contig: contig_2982, protein: unknown, score1: 1.0, score2: 0.0
CC-gene 7	Gene No. 1, gene caller: All_callers, leftEnd: 2953, rightEnd: 3180, strand: -, length: 228, contig: contig_2982, protein: unknown, score1: 1.0, score2: 0.0
Printing gene-call superset, consensus, and common_core in GFF and CGC formats
Printing report....
The following gene callers were considered: glimmer, phanotate, prodigal, The number of distinct gene calls over all gene callers is 25
The number of gene calls in common among all callers is 7
The number of unique (non-matching) gene calls is15
Caller glimmer produced 12 gene calls.
Caller glimmer gene-call length stats:  min: 165, max: 675, ave: 331.5
Caller phanotate produced 16 gene calls.
Caller phanotate gene-call length stats:  min: 90, max: 654, ave: 295.5
Caller prodigal produced 14 gene calls.
Caller prodigal gene-call length stats:  min: 183, max: 663, ave: 331.2857142857143

Gene-call Scores:
Caller	Contig	Gene No.	Left End	Right End	Strand	gcScore
phanotate	contig_2982	1	2	244	-	0.83
prodigal	contig_2982	1	2	244	-	0.83
glimmer	contig_2982	1	225	482	-	1.00
phanotate	contig_2982	2	225	482	-	1.00
prodigal	contig_2982	2	225	482	-	1.00
glimmer	contig_2982	2	475	720	-	1.00
phanotate	contig_2982	3	475	720	-	1.00
prodigal	contig_2982	3	475	720	-	1.00
glimmer	contig_2982	3	713	946	-	1.00
phanotate	contig_2982	4	713	946	-	1.00
prodigal	contig_2982	4	713	946	-	1.00
phanotate	contig_2982	5	958	1611	-	0.50
glimmer	contig_2982	4	958	1620	-	0.83
prodigal	contig_2982	5	958	1620	-	0.83
glimmer	contig_2982	5	1631	1924	-	1.00
phanotate	contig_2982	6	1631	1924	-	1.00
prodigal	contig_2982	6	1631	1924	-	1.00
glimmer	contig_2982	6	1924	2088	-	0.50
prodigal	contig_2982	7	1924	2202	-	0.50
phanotate	contig_2982	7	1924	2205	-	0.50
glimmer	contig_2982	7	2186	2563	-	1.00
phanotate	contig_2982	8	2186	2563	-	1.00
prodigal	contig_2982	8	2186	2563	-	1.00
glimmer	contig_2982	8	2588	2956	-	1.00
phanotate	contig_2982	9	2588	2956	-	1.00
prodigal	contig_2982	9	2588	2956	-	1.00
glimmer	contig_2982	9	2953	3180	-	1.00
phanotate	contig_2982	10	2953	3180	-	1.00
prodigal	contig_2982	10	2953	3180	-	1.00
phanotate	contig_2982	11	3217	3399	-	0.83
prodigal	contig_2982	11	3217	3399	-	0.83
phanotate	contig_2982	12	3412	3819	-	0.50
prodigal	contig_2982	12	3412	4035	-	0.50
glimmer	contig_2982	10	3412	4086	-	0.50
phanotate	contig_2982	13	3873	4031	+	0.33
phanotate	contig_2982	14	4024	4350	+	0.50
prodigal	contig_2982	13	4045	4350	+	0.50
glimmer	contig_2982	11	4083	4256	-	0.33
phanotate	contig_2982	15	4351	4440	+	0.33
phanotate	contig_2982	16	4455	4829	+	0.50
prodigal	contig_2982	14	4497	4829	+	0.50
glimmer	contig_2982	12	4536	4829	+	0.50

Gene-call Consensus Scores:
Caller glimmer average gene-call score: 0.81
Caller phanotate average gene-call score: 0.74
Caller prodigal average gene-call score: 0.82

***************Unique List
Unique gene call 1
  --  Gene No. 1, gene caller: phanotate, leftEnd: 2, rightEnd: 244, strand: -, length: 243, contig: contig_2982, protein: unknown, score1: 0.8333333333333333, score2: 0.0
  --  Gene No. 1, gene caller: prodigal, leftEnd: 2, rightEnd: 244, strand: -, length: 243, contig: contig_2982, protein: unknown, score1: 0.8333333333333333, score2: 0.0
Unique gene call 2
  --  Gene No. 1, gene caller: glimmer, leftEnd: 225, rightEnd: 482, strand: -, length: 258, contig: contig_2982, protein: unknown, score1: 1.0, score2: 0.0
  --  Gene No. 2, gene caller: phanotate, leftEnd: 225, rightEnd: 482, strand: -, length: 258, contig: contig_2982, protein: unknown, score1: 1.0, score2: 0.0
  --  Gene No. 2, gene caller: prodigal, leftEnd: 225, rightEnd: 482, strand: -, length: 258, contig: contig_2982, protein: unknown, score1: 1.0, score2: 0.0
Unique gene call 3
  --  Gene No. 2, gene caller: glimmer, leftEnd: 475, rightEnd: 720, strand: -, length: 246, contig: contig_2982, protein: unknown, score1: 1.0, score2: 0.0
  --  Gene No. 3, gene caller: phanotate, leftEnd: 475, rightEnd: 720, strand: -, length: 246, contig: contig_2982, protein: unknown, score1: 1.0, score2: 0.0
  --  Gene No. 3, gene caller: prodigal, leftEnd: 475, rightEnd: 720, strand: -, length: 246, contig: contig_2982, protein: unknown, score1: 1.0, score2: 0.0
Unique gene call 4
  --  Gene No. 3, gene caller: glimmer, leftEnd: 713, rightEnd: 946, strand: -, length: 234, contig: contig_2982, protein: unknown, score1: 1.0, score2: 0.0
  --  Gene No. 4, gene caller: phanotate, leftEnd: 713, rightEnd: 946, strand: -, length: 234, contig: contig_2982, protein: unknown, score1: 1.0, score2: 0.0
  --  Gene No. 4, gene caller: prodigal, leftEnd: 713, rightEnd: 946, strand: -, length: 234, contig: contig_2982, protein: unknown, score1: 1.0, score2: 0.0
Unique gene call 5
  --  Gene No. 5, gene caller: phanotate, leftEnd: 958, rightEnd: 1611, strand: -, length: 654, contig: contig_2982, protein: unknown, score1: 0.5, score2: 0.0
Unique gene call 6
  --  Gene No. 4, gene caller: glimmer, leftEnd: 958, rightEnd: 1620, strand: -, length: 663, contig: contig_2982, protein: unknown, score1: 0.8333333333333333, score2: 0.0
  --  Gene No. 5, gene caller: prodigal, leftEnd: 958, rightEnd: 1620, strand: -, length: 663, contig: contig_2982, protein: unknown, score1: 0.8333333333333333, score2: 0.0
Unique gene call 7
  --  Gene No. 5, gene caller: glimmer, leftEnd: 1631, rightEnd: 1924, strand: -, length: 294, contig: contig_2982, protein: unknown, score1: 1.0, score2: 0.0
  --  Gene No. 6, gene caller: phanotate, leftEnd: 1631, rightEnd: 1924, strand: -, length: 294, contig: contig_2982, protein: unknown, score1: 1.0, score2: 0.0
  --  Gene No. 6, gene caller: prodigal, leftEnd: 1631, rightEnd: 1924, strand: -, length: 294, contig: contig_2982, protein: unknown, score1: 1.0, score2: 0.0
Unique gene call 8
  --  Gene No. 6, gene caller: glimmer, leftEnd: 1924, rightEnd: 2088, strand: -, length: 165, contig: contig_2982, protein: unknown, score1: 0.5, score2: 0.0
Unique gene call 9
  --  Gene No. 7, gene caller: prodigal, leftEnd: 1924, rightEnd: 2202, strand: -, length: 279, contig: contig_2982, protein: unknown, score1: 0.5, score2: 0.0
Unique gene call 10
  --  Gene No. 7, gene caller: phanotate, leftEnd: 1924, rightEnd: 2205, strand: -, length: 282, contig: contig_2982, protein: unknown, score1: 0.5, score2: 0.0
Unique gene call 11
  --  Gene No. 7, gene caller: glimmer, leftEnd: 2186, rightEnd: 2563, strand: -, length: 378, contig: contig_2982, protein: unknown, score1: 1.0, score2: 0.0
  --  Gene No. 8, gene caller: phanotate, leftEnd: 2186, rightEnd: 2563, strand: -, length: 378, contig: contig_2982, protein: unknown, score1: 1.0, score2: 0.0
  --  Gene No. 8, gene caller: prodigal, leftEnd: 2186, rightEnd: 2563, strand: -, length: 378, contig: contig_2982, protein: unknown, score1: 1.0, score2: 0.0
Unique gene call 12
  --  Gene No. 8, gene caller: glimmer, leftEnd: 2588, rightEnd: 2956, strand: -, length: 369, contig: contig_2982, protein: unknown, score1: 1.0, score2: 0.0
  --  Gene No. 9, gene caller: phanotate, leftEnd: 2588, rightEnd: 2956, strand: -, length: 369, contig: contig_2982, protein: unknown, score1: 1.0, score2: 0.0
  --  Gene No. 9, gene caller: prodigal, leftEnd: 2588, rightEnd: 2956, strand: -, length: 369, contig: contig_2982, protein: unknown, score1: 1.0, score2: 0.0
Unique gene call 13
  --  Gene No. 9, gene caller: glimmer, leftEnd: 2953, rightEnd: 3180, strand: -, length: 228, contig: contig_2982, protein: unknown, score1: 1.0, score2: 0.0
  --  Gene No. 10, gene caller: phanotate, leftEnd: 2953, rightEnd: 3180, strand: -, length: 228, contig: contig_2982, protein: unknown, score1: 1.0, score2: 0.0
  --  Gene No. 10, gene caller: prodigal, leftEnd: 2953, rightEnd: 3180, strand: -, length: 228, contig: contig_2982, protein: unknown, score1: 1.0, score2: 0.0
Unique gene call 14
  --  Gene No. 11, gene caller: phanotate, leftEnd: 3217, rightEnd: 3399, strand: -, length: 183, contig: contig_2982, protein: unknown, score1: 0.8333333333333333, score2: 0.0
  --  Gene No. 11, gene caller: prodigal, leftEnd: 3217, rightEnd: 3399, strand: -, length: 183, contig: contig_2982, protein: unknown, score1: 0.8333333333333333, score2: 0.0
Unique gene call 15
  --  Gene No. 12, gene caller: phanotate, leftEnd: 3412, rightEnd: 3819, strand: -, length: 408, contig: contig_2982, protein: unknown, score1: 0.5, score2: 0.0
Unique gene call 16
  --  Gene No. 12, gene caller: prodigal, leftEnd: 3412, rightEnd: 4035, strand: -, length: 624, contig: contig_2982, protein: unknown, score1: 0.5, score2: 0.0
Unique gene call 17
  --  Gene No. 10, gene caller: glimmer, leftEnd: 3412, rightEnd: 4086, strand: -, length: 675, contig: contig_2982, protein: unknown, score1: 0.5, score2: 0.0
Unique gene call 18
  --  Gene No. 13, gene caller: phanotate, leftEnd: 3873, rightEnd: 4031, strand: +, length: 159, contig: contig_2982, protein: unknown, score1: 0.3333333333333333, score2: 0.0
Unique gene call 19
  --  Gene No. 14, gene caller: phanotate, leftEnd: 4024, rightEnd: 4350, strand: +, length: 327, contig: contig_2982, protein: unknown, score1: 0.5, score2: 0.0
Unique gene call 20
  --  Gene No. 13, gene caller: prodigal, leftEnd: 4045, rightEnd: 4350, strand: +, length: 306, contig: contig_2982, protein: unknown, score1: 0.5, score2: 0.0
Unique gene call 21
  --  Gene No. 11, gene caller: glimmer, leftEnd: 4083, rightEnd: 4256, strand: -, length: 174, contig: contig_2982, protein: unknown, score1: 0.3333333333333333, score2: 0.0
Unique gene call 22
  --  Gene No. 15, gene caller: phanotate, leftEnd: 4351, rightEnd: 4440, strand: +, length: 90, contig: contig_2982, protein: unknown, score1: 0.3333333333333333, score2: 0.0
Unique gene call 23
  --  Gene No. 16, gene caller: phanotate, leftEnd: 4455, rightEnd: 4829, strand: +, length: 375, contig: contig_2982, protein: unknown, score1: 0.5, score2: 0.0
Unique gene call 24
  --  Gene No. 14, gene caller: prodigal, leftEnd: 4497, rightEnd: 4829, strand: +, length: 333, contig: contig_2982, protein: unknown, score1: 0.5, score2: 0.0
Unique gene call 25
  --  Gene No. 12, gene caller: glimmer, leftEnd: 4536, rightEnd: 4829, strand: +, length: 294, contig: contig_2982, protein: unknown, score1: 0.5, score2: 0.0
Code complete at 2021-04-21 09:42:14.712000
