Opening log at 2021-04-21 09:31:53.255087
Iterating through fileSet at 2021-04-21 09:31:53.255257
fileSet is ['/home/james/Software/multiPhATE2/PipelineOutput/contig_2245/commoncore.cgc', '/home/james/Software/multiPhATE2/PipelineOutput/contig_2245/consensus.cgc', '/home/james/Software/multiPhATE2/PipelineOutput/contig_2245/glimmer.cgc', '/home/james/Software/multiPhATE2/PipelineOutput/contig_2245/phanotate.cgc', '/home/james/Software/multiPhATE2/PipelineOutput/contig_2245/prodigal.cgc', '/home/james/Software/multiPhATE2/PipelineOutput/contig_2245/superset.cgc']
Opening geneFile /home/james/Software/multiPhATE2/PipelineOutput/contig_2245/commoncore.cgc
Adding calls from geneFile /home/james/Software/multiPhATE2/PipelineOutput/contig_2245/commoncore.cgc
Appending call set  number of calls is: 0
Opening geneFile /home/james/Software/multiPhATE2/PipelineOutput/contig_2245/consensus.cgc
Adding calls from geneFile /home/james/Software/multiPhATE2/PipelineOutput/contig_2245/consensus.cgc
Appending call set  number of calls is: 0
Opening geneFile /home/james/Software/multiPhATE2/PipelineOutput/contig_2245/glimmer.cgc
Adding calls from geneFile /home/james/Software/multiPhATE2/PipelineOutput/contig_2245/glimmer.cgc
Appending call set  number of calls is: 15
Opening geneFile /home/james/Software/multiPhATE2/PipelineOutput/contig_2245/phanotate.cgc
Adding calls from geneFile /home/james/Software/multiPhATE2/PipelineOutput/contig_2245/phanotate.cgc
Appending call set  number of calls is: 17
Opening geneFile /home/james/Software/multiPhATE2/PipelineOutput/contig_2245/prodigal.cgc
Adding calls from geneFile /home/james/Software/multiPhATE2/PipelineOutput/contig_2245/prodigal.cgc
Appending call set  number of calls is: 15
Opening geneFile /home/james/Software/multiPhATE2/PipelineOutput/contig_2245/superset.cgc
Adding calls from geneFile /home/james/Software/multiPhATE2/PipelineOutput/contig_2245/superset.cgc
Appending call set  number of calls is: 0
All call sets have been added to caller list. Number of call sets in callerList: 6
callerList is   glimmer phanotate prodigal  
Total number of gene calls across callerList call sets is: 47
Sorting gene calls for each caller
Processing a callSet
Before sorting, Length of callerList for caller  is 0
After sorting, Length of callerList for caller  is 0
Processing a callSet
Before sorting, Length of callerList for caller  is 0
After sorting, Length of callerList for caller  is 0
Processing a callSet
Before sorting, Length of callerList for caller glimmer is 15
After sorting, Length of callerList for caller glimmer is 15
Processing a callSet
Before sorting, Length of callerList for caller phanotate is 17
After sorting, Length of callerList for caller phanotate is 17
Processing a callSet
Before sorting, Length of callerList for caller prodigal is 15
After sorting, Length of callerList for caller prodigal is 15
Processing a callSet
Before sorting, Length of callerList for caller  is 0
After sorting, Length of callerList for caller  is 0
callSet processing complete
Comparing across the call sets...
Merging the geneCall sets....
Final merged genes:

***************Merge List
1	Gene No. 1, gene caller: phanotate, leftEnd: 1, rightEnd: 249, strand: -, length: 249, contig: contig_2245, protein: unknown, score1: 1.0, score2: 0.0
2	Gene No. 1, gene caller: prodigal, leftEnd: 1, rightEnd: 249, strand: -, length: 249, contig: contig_2245, protein: unknown, score1: 1.0, score2: 0.0
3	Gene No. 2, gene caller: phanotate, leftEnd: 212, rightEnd: 316, strand: -, length: 105, contig: contig_2245, protein: unknown, score1: 1.0, score2: 0.0
4	Gene No. 2, gene caller: prodigal, leftEnd: 212, rightEnd: 316, strand: -, length: 105, contig: contig_2245, protein: unknown, score1: 1.0, score2: 0.0
5	Gene No. 1, gene caller: glimmer, leftEnd: 388, rightEnd: 915, strand: +, length: 528, contig: contig_2245, protein: unknown, score1: 1.0, score2: 0.0
6	Gene No. 3, gene caller: phanotate, leftEnd: 388, rightEnd: 915, strand: +, length: 528, contig: contig_2245, protein: unknown, score1: 1.0, score2: 0.0
7	Gene No. 3, gene caller: prodigal, leftEnd: 388, rightEnd: 915, strand: +, length: 528, contig: contig_2245, protein: unknown, score1: 1.0, score2: 0.0
8	Gene No. 2, gene caller: glimmer, leftEnd: 930, rightEnd: 1934, strand: +, length: 1005, contig: contig_2245, protein: unknown, score1: 1.0, score2: 0.0
9	Gene No. 4, gene caller: phanotate, leftEnd: 930, rightEnd: 1934, strand: +, length: 1005, contig: contig_2245, protein: unknown, score1: 1.0, score2: 0.0
10	Gene No. 4, gene caller: prodigal, leftEnd: 930, rightEnd: 1934, strand: +, length: 1005, contig: contig_2245, protein: unknown, score1: 1.0, score2: 0.0
11	Gene No. 3, gene caller: glimmer, leftEnd: 1934, rightEnd: 2122, strand: +, length: 189, contig: contig_2245, protein: unknown, score1: 1.0, score2: 0.0
12	Gene No. 5, gene caller: phanotate, leftEnd: 1934, rightEnd: 2122, strand: +, length: 189, contig: contig_2245, protein: unknown, score1: 1.0, score2: 0.0
13	Gene No. 5, gene caller: prodigal, leftEnd: 1934, rightEnd: 2122, strand: +, length: 189, contig: contig_2245, protein: unknown, score1: 1.0, score2: 0.0
14	Gene No. 4, gene caller: glimmer, leftEnd: 2188, rightEnd: 2349, strand: +, length: 162, contig: contig_2245, protein: unknown, score1: 1.0, score2: 0.0
15	Gene No. 6, gene caller: phanotate, leftEnd: 2188, rightEnd: 2349, strand: +, length: 162, contig: contig_2245, protein: unknown, score1: 1.0, score2: 0.0
16	Gene No. 6, gene caller: prodigal, leftEnd: 2294, rightEnd: 2560, strand: +, length: 267, contig: contig_2245, protein: unknown, score1: 1.0, score2: 0.0
17	Gene No. 5, gene caller: glimmer, leftEnd: 2315, rightEnd: 2560, strand: +, length: 246, contig: contig_2245, protein: unknown, score1: 1.0, score2: 0.0
18	Gene No. 7, gene caller: phanotate, leftEnd: 2315, rightEnd: 2560, strand: +, length: 246, contig: contig_2245, protein: unknown, score1: 1.0, score2: 0.0
19	Gene No. 6, gene caller: glimmer, leftEnd: 2560, rightEnd: 3498, strand: +, length: 939, contig: contig_2245, protein: unknown, score1: 1.0, score2: 0.0
20	Gene No. 8, gene caller: phanotate, leftEnd: 2560, rightEnd: 3498, strand: +, length: 939, contig: contig_2245, protein: unknown, score1: 1.0, score2: 0.0
21	Gene No. 7, gene caller: prodigal, leftEnd: 2560, rightEnd: 3498, strand: +, length: 939, contig: contig_2245, protein: unknown, score1: 1.0, score2: 0.0
22	Gene No. 7, gene caller: glimmer, leftEnd: 3491, rightEnd: 3709, strand: +, length: 219, contig: contig_2245, protein: unknown, score1: 1.0, score2: 0.0
23	Gene No. 9, gene caller: phanotate, leftEnd: 3491, rightEnd: 3709, strand: +, length: 219, contig: contig_2245, protein: unknown, score1: 1.0, score2: 0.0
24	Gene No. 8, gene caller: prodigal, leftEnd: 3491, rightEnd: 3709, strand: +, length: 219, contig: contig_2245, protein: unknown, score1: 1.0, score2: 0.0
25	Gene No. 8, gene caller: glimmer, leftEnd: 3690, rightEnd: 4214, strand: -, length: 525, contig: contig_2245, protein: unknown, score1: 1.0, score2: 0.0
26	Gene No. 10, gene caller: phanotate, leftEnd: 3690, rightEnd: 4214, strand: -, length: 525, contig: contig_2245, protein: unknown, score1: 1.0, score2: 0.0
27	Gene No. 9, gene caller: prodigal, leftEnd: 3690, rightEnd: 4214, strand: -, length: 525, contig: contig_2245, protein: unknown, score1: 1.0, score2: 0.0
28	Gene No. 9, gene caller: glimmer, leftEnd: 4214, rightEnd: 4837, strand: -, length: 624, contig: contig_2245, protein: unknown, score1: 1.0, score2: 0.0
29	Gene No. 11, gene caller: phanotate, leftEnd: 4214, rightEnd: 4837, strand: -, length: 624, contig: contig_2245, protein: unknown, score1: 1.0, score2: 0.0
30	Gene No. 10, gene caller: prodigal, leftEnd: 4214, rightEnd: 4837, strand: -, length: 624, contig: contig_2245, protein: unknown, score1: 1.0, score2: 0.0
31	Gene No. 10, gene caller: glimmer, leftEnd: 4837, rightEnd: 5841, strand: -, length: 1005, contig: contig_2245, protein: unknown, score1: 1.0, score2: 0.0
32	Gene No. 12, gene caller: phanotate, leftEnd: 4837, rightEnd: 5841, strand: -, length: 1005, contig: contig_2245, protein: unknown, score1: 1.0, score2: 0.0
33	Gene No. 11, gene caller: prodigal, leftEnd: 4837, rightEnd: 5841, strand: -, length: 1005, contig: contig_2245, protein: unknown, score1: 1.0, score2: 0.0
34	Gene No. 11, gene caller: glimmer, leftEnd: 5856, rightEnd: 6581, strand: -, length: 726, contig: contig_2245, protein: unknown, score1: 1.0, score2: 0.0
35	Gene No. 13, gene caller: phanotate, leftEnd: 5856, rightEnd: 6581, strand: -, length: 726, contig: contig_2245, protein: unknown, score1: 1.0, score2: 0.0
36	Gene No. 12, gene caller: prodigal, leftEnd: 5856, rightEnd: 6581, strand: -, length: 726, contig: contig_2245, protein: unknown, score1: 1.0, score2: 0.0
37	Gene No. 12, gene caller: glimmer, leftEnd: 6643, rightEnd: 6765, strand: -, length: 123, contig: contig_2245, protein: unknown, score1: 1.0, score2: 0.0
38	Gene No. 14, gene caller: phanotate, leftEnd: 6643, rightEnd: 6765, strand: -, length: 123, contig: contig_2245, protein: unknown, score1: 1.0, score2: 0.0
39	Gene No. 13, gene caller: glimmer, leftEnd: 6758, rightEnd: 7696, strand: -, length: 939, contig: contig_2245, protein: unknown, score1: 1.0, score2: 0.0
40	Gene No. 15, gene caller: phanotate, leftEnd: 6758, rightEnd: 7696, strand: -, length: 939, contig: contig_2245, protein: unknown, score1: 1.0, score2: 0.0
41	Gene No. 13, gene caller: prodigal, leftEnd: 6758, rightEnd: 7696, strand: -, length: 939, contig: contig_2245, protein: unknown, score1: 1.0, score2: 0.0
42	Gene No. 14, gene caller: glimmer, leftEnd: 7696, rightEnd: 8319, strand: -, length: 624, contig: contig_2245, protein: unknown, score1: 1.0, score2: 0.0
43	Gene No. 16, gene caller: phanotate, leftEnd: 7696, rightEnd: 8319, strand: -, length: 624, contig: contig_2245, protein: unknown, score1: 1.0, score2: 0.0
44	Gene No. 14, gene caller: prodigal, leftEnd: 7696, rightEnd: 8319, strand: -, length: 624, contig: contig_2245, protein: unknown, score1: 1.0, score2: 0.0
45	Gene No. 15, gene caller: glimmer, leftEnd: 8319, rightEnd: 9323, strand: -, length: 1005, contig: contig_2245, protein: unknown, score1: 1.0, score2: 0.0
46	Gene No. 17, gene caller: phanotate, leftEnd: 8319, rightEnd: 9323, strand: -, length: 1005, contig: contig_2245, protein: unknown, score1: 1.0, score2: 0.0
47	Gene No. 15, gene caller: prodigal, leftEnd: 8319, rightEnd: 9323, strand: -, length: 1005, contig: contig_2245, protein: unknown, score1: 1.0, score2: 0.0
Comparing across geneCall sets....
Scoring gene calls....
Identifying common core...
This is the Common Core List:

***************Common Core
CC-gene 1	Gene No. 1, gene caller: All_callers, leftEnd: 388, rightEnd: 915, strand: +, length: 528, contig: contig_2245, protein: unknown, score1: 1.0, score2: 0.0
CC-gene 2	Gene No. 1, gene caller: All_callers, leftEnd: 930, rightEnd: 1934, strand: +, length: 1005, contig: contig_2245, protein: unknown, score1: 1.0, score2: 0.0
CC-gene 3	Gene No. 1, gene caller: All_callers, leftEnd: 1934, rightEnd: 2122, strand: +, length: 189, contig: contig_2245, protein: unknown, score1: 1.0, score2: 0.0
CC-gene 4	Gene No. 1, gene caller: All_callers, leftEnd: 2560, rightEnd: 3498, strand: +, length: 939, contig: contig_2245, protein: unknown, score1: 1.0, score2: 0.0
CC-gene 5	Gene No. 1, gene caller: All_callers, leftEnd: 3491, rightEnd: 3709, strand: +, length: 219, contig: contig_2245, protein: unknown, score1: 1.0, score2: 0.0
CC-gene 6	Gene No. 1, gene caller: All_callers, leftEnd: 3690, rightEnd: 4214, strand: -, length: 525, contig: contig_2245, protein: unknown, score1: 1.0, score2: 0.0
CC-gene 7	Gene No. 1, gene caller: All_callers, leftEnd: 4214, rightEnd: 4837, strand: -, length: 624, contig: contig_2245, protein: unknown, score1: 1.0, score2: 0.0
CC-gene 8	Gene No. 1, gene caller: All_callers, leftEnd: 4837, rightEnd: 5841, strand: -, length: 1005, contig: contig_2245, protein: unknown, score1: 1.0, score2: 0.0
CC-gene 9	Gene No. 1, gene caller: All_callers, leftEnd: 5856, rightEnd: 6581, strand: -, length: 726, contig: contig_2245, protein: unknown, score1: 1.0, score2: 0.0
CC-gene 10	Gene No. 1, gene caller: All_callers, leftEnd: 6758, rightEnd: 7696, strand: -, length: 939, contig: contig_2245, protein: unknown, score1: 1.0, score2: 0.0
CC-gene 11	Gene No. 1, gene caller: All_callers, leftEnd: 7696, rightEnd: 8319, strand: -, length: 624, contig: contig_2245, protein: unknown, score1: 1.0, score2: 0.0
CC-gene 12	Gene No. 1, gene caller: All_callers, leftEnd: 8319, rightEnd: 9323, strand: -, length: 1005, contig: contig_2245, protein: unknown, score1: 1.0, score2: 0.0
Printing gene-call superset, consensus, and common_core in GFF and CGC formats
Printing report....
The following gene callers were considered: glimmer, phanotate, prodigal, The number of distinct gene calls over all gene callers is 18
The number of gene calls in common among all callers is 12
The number of unique (non-matching) gene calls is1
Caller glimmer produced 15 gene calls.
Caller glimmer gene-call length stats:  min: 123, max: 1005, ave: 590.6
Caller phanotate produced 17 gene calls.
Caller phanotate gene-call length stats:  min: 105, max: 1005, ave: 541.9411764705883
Caller prodigal produced 15 gene calls.
Caller prodigal gene-call length stats:  min: 105, max: 1005, ave: 596.6

Gene-call Scores:
Caller	Contig	Gene No.	Left End	Right End	Strand	gcScore
phanotate	contig_2245	1	1	249	-	0.83
prodigal	contig_2245	1	1	249	-	0.83
phanotate	contig_2245	2	212	316	-	0.83
prodigal	contig_2245	2	212	316	-	0.83
glimmer	contig_2245	1	388	915	+	1.00
phanotate	contig_2245	3	388	915	+	1.00
prodigal	contig_2245	3	388	915	+	1.00
glimmer	contig_2245	2	930	1934	+	1.00
phanotate	contig_2245	4	930	1934	+	1.00
prodigal	contig_2245	4	930	1934	+	1.00
glimmer	contig_2245	3	1934	2122	+	1.00
phanotate	contig_2245	5	1934	2122	+	1.00
prodigal	contig_2245	5	1934	2122	+	1.00
glimmer	contig_2245	4	2188	2349	+	0.83
phanotate	contig_2245	6	2188	2349	+	0.83
prodigal	contig_2245	6	2294	2560	+	0.50
glimmer	contig_2245	5	2315	2560	+	0.83
phanotate	contig_2245	7	2315	2560	+	0.83
glimmer	contig_2245	6	2560	3498	+	1.00
phanotate	contig_2245	8	2560	3498	+	1.00
prodigal	contig_2245	7	2560	3498	+	1.00
glimmer	contig_2245	7	3491	3709	+	1.00
phanotate	contig_2245	9	3491	3709	+	1.00
prodigal	contig_2245	8	3491	3709	+	1.00
glimmer	contig_2245	8	3690	4214	-	1.00
phanotate	contig_2245	10	3690	4214	-	1.00
prodigal	contig_2245	9	3690	4214	-	1.00
glimmer	contig_2245	9	4214	4837	-	1.00
phanotate	contig_2245	11	4214	4837	-	1.00
prodigal	contig_2245	10	4214	4837	-	1.00
glimmer	contig_2245	10	4837	5841	-	1.00
phanotate	contig_2245	12	4837	5841	-	1.00
prodigal	contig_2245	11	4837	5841	-	1.00
glimmer	contig_2245	11	5856	6581	-	1.00
phanotate	contig_2245	13	5856	6581	-	1.00
prodigal	contig_2245	12	5856	6581	-	1.00
glimmer	contig_2245	12	6643	6765	-	0.83
phanotate	contig_2245	14	6643	6765	-	0.83
glimmer	contig_2245	13	6758	7696	-	1.00
phanotate	contig_2245	15	6758	7696	-	1.00
prodigal	contig_2245	13	6758	7696	-	1.00
glimmer	contig_2245	14	7696	8319	-	1.00
phanotate	contig_2245	16	7696	8319	-	1.00
prodigal	contig_2245	14	7696	8319	-	1.00
glimmer	contig_2245	15	8319	9323	-	1.00
phanotate	contig_2245	17	8319	9323	-	1.00
prodigal	contig_2245	15	8319	9323	-	1.00

Gene-call Consensus Scores:
Caller glimmer average gene-call score: 0.97
Caller phanotate average gene-call score: 0.95
Caller prodigal average gene-call score: 0.94

***************Unique List
Unique gene call 1
  --  Gene No. 1, gene caller: phanotate, leftEnd: 1, rightEnd: 249, strand: -, length: 249, contig: contig_2245, protein: unknown, score1: 0.8333333333333333, score2: 0.0
  --  Gene No. 1, gene caller: prodigal, leftEnd: 1, rightEnd: 249, strand: -, length: 249, contig: contig_2245, protein: unknown, score1: 0.8333333333333333, score2: 0.0
Unique gene call 2
  --  Gene No. 2, gene caller: phanotate, leftEnd: 212, rightEnd: 316, strand: -, length: 105, contig: contig_2245, protein: unknown, score1: 0.8333333333333333, score2: 0.0
  --  Gene No. 2, gene caller: prodigal, leftEnd: 212, rightEnd: 316, strand: -, length: 105, contig: contig_2245, protein: unknown, score1: 0.8333333333333333, score2: 0.0
Unique gene call 3
  --  Gene No. 1, gene caller: glimmer, leftEnd: 388, rightEnd: 915, strand: +, length: 528, contig: contig_2245, protein: unknown, score1: 1.0, score2: 0.0
  --  Gene No. 3, gene caller: phanotate, leftEnd: 388, rightEnd: 915, strand: +, length: 528, contig: contig_2245, protein: unknown, score1: 1.0, score2: 0.0
  --  Gene No. 3, gene caller: prodigal, leftEnd: 388, rightEnd: 915, strand: +, length: 528, contig: contig_2245, protein: unknown, score1: 1.0, score2: 0.0
Unique gene call 4
  --  Gene No. 2, gene caller: glimmer, leftEnd: 930, rightEnd: 1934, strand: +, length: 1005, contig: contig_2245, protein: unknown, score1: 1.0, score2: 0.0
  --  Gene No. 4, gene caller: phanotate, leftEnd: 930, rightEnd: 1934, strand: +, length: 1005, contig: contig_2245, protein: unknown, score1: 1.0, score2: 0.0
  --  Gene No. 4, gene caller: prodigal, leftEnd: 930, rightEnd: 1934, strand: +, length: 1005, contig: contig_2245, protein: unknown, score1: 1.0, score2: 0.0
Unique gene call 5
  --  Gene No. 3, gene caller: glimmer, leftEnd: 1934, rightEnd: 2122, strand: +, length: 189, contig: contig_2245, protein: unknown, score1: 1.0, score2: 0.0
  --  Gene No. 5, gene caller: phanotate, leftEnd: 1934, rightEnd: 2122, strand: +, length: 189, contig: contig_2245, protein: unknown, score1: 1.0, score2: 0.0
  --  Gene No. 5, gene caller: prodigal, leftEnd: 1934, rightEnd: 2122, strand: +, length: 189, contig: contig_2245, protein: unknown, score1: 1.0, score2: 0.0
Unique gene call 6
  --  Gene No. 4, gene caller: glimmer, leftEnd: 2188, rightEnd: 2349, strand: +, length: 162, contig: contig_2245, protein: unknown, score1: 0.8333333333333333, score2: 0.0
  --  Gene No. 6, gene caller: phanotate, leftEnd: 2188, rightEnd: 2349, strand: +, length: 162, contig: contig_2245, protein: unknown, score1: 0.8333333333333333, score2: 0.0
Unique gene call 7
  --  Gene No. 6, gene caller: prodigal, leftEnd: 2294, rightEnd: 2560, strand: +, length: 267, contig: contig_2245, protein: unknown, score1: 0.5, score2: 0.0
Unique gene call 8
  --  Gene No. 5, gene caller: glimmer, leftEnd: 2315, rightEnd: 2560, strand: +, length: 246, contig: contig_2245, protein: unknown, score1: 0.8333333333333333, score2: 0.0
  --  Gene No. 7, gene caller: phanotate, leftEnd: 2315, rightEnd: 2560, strand: +, length: 246, contig: contig_2245, protein: unknown, score1: 0.8333333333333333, score2: 0.0
Unique gene call 9
  --  Gene No. 6, gene caller: glimmer, leftEnd: 2560, rightEnd: 3498, strand: +, length: 939, contig: contig_2245, protein: unknown, score1: 1.0, score2: 0.0
  --  Gene No. 8, gene caller: phanotate, leftEnd: 2560, rightEnd: 3498, strand: +, length: 939, contig: contig_2245, protein: unknown, score1: 1.0, score2: 0.0
  --  Gene No. 7, gene caller: prodigal, leftEnd: 2560, rightEnd: 3498, strand: +, length: 939, contig: contig_2245, protein: unknown, score1: 1.0, score2: 0.0
Unique gene call 10
  --  Gene No. 7, gene caller: glimmer, leftEnd: 3491, rightEnd: 3709, strand: +, length: 219, contig: contig_2245, protein: unknown, score1: 1.0, score2: 0.0
  --  Gene No. 9, gene caller: phanotate, leftEnd: 3491, rightEnd: 3709, strand: +, length: 219, contig: contig_2245, protein: unknown, score1: 1.0, score2: 0.0
  --  Gene No. 8, gene caller: prodigal, leftEnd: 3491, rightEnd: 3709, strand: +, length: 219, contig: contig_2245, protein: unknown, score1: 1.0, score2: 0.0
Unique gene call 11
  --  Gene No. 8, gene caller: glimmer, leftEnd: 3690, rightEnd: 4214, strand: -, length: 525, contig: contig_2245, protein: unknown, score1: 1.0, score2: 0.0
  --  Gene No. 10, gene caller: phanotate, leftEnd: 3690, rightEnd: 4214, strand: -, length: 525, contig: contig_2245, protein: unknown, score1: 1.0, score2: 0.0
  --  Gene No. 9, gene caller: prodigal, leftEnd: 3690, rightEnd: 4214, strand: -, length: 525, contig: contig_2245, protein: unknown, score1: 1.0, score2: 0.0
Unique gene call 12
  --  Gene No. 9, gene caller: glimmer, leftEnd: 4214, rightEnd: 4837, strand: -, length: 624, contig: contig_2245, protein: unknown, score1: 1.0, score2: 0.0
  --  Gene No. 11, gene caller: phanotate, leftEnd: 4214, rightEnd: 4837, strand: -, length: 624, contig: contig_2245, protein: unknown, score1: 1.0, score2: 0.0
  --  Gene No. 10, gene caller: prodigal, leftEnd: 4214, rightEnd: 4837, strand: -, length: 624, contig: contig_2245, protein: unknown, score1: 1.0, score2: 0.0
Unique gene call 13
  --  Gene No. 10, gene caller: glimmer, leftEnd: 4837, rightEnd: 5841, strand: -, length: 1005, contig: contig_2245, protein: unknown, score1: 1.0, score2: 0.0
  --  Gene No. 12, gene caller: phanotate, leftEnd: 4837, rightEnd: 5841, strand: -, length: 1005, contig: contig_2245, protein: unknown, score1: 1.0, score2: 0.0
  --  Gene No. 11, gene caller: prodigal, leftEnd: 4837, rightEnd: 5841, strand: -, length: 1005, contig: contig_2245, protein: unknown, score1: 1.0, score2: 0.0
Unique gene call 14
  --  Gene No. 11, gene caller: glimmer, leftEnd: 5856, rightEnd: 6581, strand: -, length: 726, contig: contig_2245, protein: unknown, score1: 1.0, score2: 0.0
  --  Gene No. 13, gene caller: phanotate, leftEnd: 5856, rightEnd: 6581, strand: -, length: 726, contig: contig_2245, protein: unknown, score1: 1.0, score2: 0.0
  --  Gene No. 12, gene caller: prodigal, leftEnd: 5856, rightEnd: 6581, strand: -, length: 726, contig: contig_2245, protein: unknown, score1: 1.0, score2: 0.0
Unique gene call 15
  --  Gene No. 12, gene caller: glimmer, leftEnd: 6643, rightEnd: 6765, strand: -, length: 123, contig: contig_2245, protein: unknown, score1: 0.8333333333333333, score2: 0.0
  --  Gene No. 14, gene caller: phanotate, leftEnd: 6643, rightEnd: 6765, strand: -, length: 123, contig: contig_2245, protein: unknown, score1: 0.8333333333333333, score2: 0.0
Unique gene call 16
  --  Gene No. 13, gene caller: glimmer, leftEnd: 6758, rightEnd: 7696, strand: -, length: 939, contig: contig_2245, protein: unknown, score1: 1.0, score2: 0.0
  --  Gene No. 15, gene caller: phanotate, leftEnd: 6758, rightEnd: 7696, strand: -, length: 939, contig: contig_2245, protein: unknown, score1: 1.0, score2: 0.0
  --  Gene No. 13, gene caller: prodigal, leftEnd: 6758, rightEnd: 7696, strand: -, length: 939, contig: contig_2245, protein: unknown, score1: 1.0, score2: 0.0
Unique gene call 17
  --  Gene No. 14, gene caller: glimmer, leftEnd: 7696, rightEnd: 8319, strand: -, length: 624, contig: contig_2245, protein: unknown, score1: 1.0, score2: 0.0
  --  Gene No. 16, gene caller: phanotate, leftEnd: 7696, rightEnd: 8319, strand: -, length: 624, contig: contig_2245, protein: unknown, score1: 1.0, score2: 0.0
  --  Gene No. 14, gene caller: prodigal, leftEnd: 7696, rightEnd: 8319, strand: -, length: 624, contig: contig_2245, protein: unknown, score1: 1.0, score2: 0.0
Unique gene call 18
  --  Gene No. 15, gene caller: glimmer, leftEnd: 8319, rightEnd: 9323, strand: -, length: 1005, contig: contig_2245, protein: unknown, score1: 1.0, score2: 0.0
  --  Gene No. 17, gene caller: phanotate, leftEnd: 8319, rightEnd: 9323, strand: -, length: 1005, contig: contig_2245, protein: unknown, score1: 1.0, score2: 0.0
  --  Gene No. 15, gene caller: prodigal, leftEnd: 8319, rightEnd: 9323, strand: -, length: 1005, contig: contig_2245, protein: unknown, score1: 1.0, score2: 0.0
Code complete at 2021-04-21 09:31:53.263474
