Opening log at 2021-04-21 09:48:36.093688
Iterating through fileSet at 2021-04-21 09:48:36.093924
fileSet is ['/home/james/Software/multiPhATE2/PipelineOutput/circular_pair_563/commoncore.cgc', '/home/james/Software/multiPhATE2/PipelineOutput/circular_pair_563/consensus.cgc', '/home/james/Software/multiPhATE2/PipelineOutput/circular_pair_563/glimmer.cgc', '/home/james/Software/multiPhATE2/PipelineOutput/circular_pair_563/phanotate.cgc', '/home/james/Software/multiPhATE2/PipelineOutput/circular_pair_563/prodigal.cgc', '/home/james/Software/multiPhATE2/PipelineOutput/circular_pair_563/superset.cgc']
Opening geneFile /home/james/Software/multiPhATE2/PipelineOutput/circular_pair_563/commoncore.cgc
Adding calls from geneFile /home/james/Software/multiPhATE2/PipelineOutput/circular_pair_563/commoncore.cgc
Appending call set  number of calls is: 0
Opening geneFile /home/james/Software/multiPhATE2/PipelineOutput/circular_pair_563/consensus.cgc
Adding calls from geneFile /home/james/Software/multiPhATE2/PipelineOutput/circular_pair_563/consensus.cgc
Appending call set  number of calls is: 0
Opening geneFile /home/james/Software/multiPhATE2/PipelineOutput/circular_pair_563/glimmer.cgc
Adding calls from geneFile /home/james/Software/multiPhATE2/PipelineOutput/circular_pair_563/glimmer.cgc
Appending call set  number of calls is: 12
Opening geneFile /home/james/Software/multiPhATE2/PipelineOutput/circular_pair_563/phanotate.cgc
Adding calls from geneFile /home/james/Software/multiPhATE2/PipelineOutput/circular_pair_563/phanotate.cgc
Appending call set  number of calls is: 18
Opening geneFile /home/james/Software/multiPhATE2/PipelineOutput/circular_pair_563/prodigal.cgc
Adding calls from geneFile /home/james/Software/multiPhATE2/PipelineOutput/circular_pair_563/prodigal.cgc
Appending call set  number of calls is: 12
Opening geneFile /home/james/Software/multiPhATE2/PipelineOutput/circular_pair_563/superset.cgc
Adding calls from geneFile /home/james/Software/multiPhATE2/PipelineOutput/circular_pair_563/superset.cgc
Appending call set  number of calls is: 0
All call sets have been added to caller list. Number of call sets in callerList: 6
callerList is   glimmer phanotate prodigal  
Total number of gene calls across callerList call sets is: 42
Sorting gene calls for each caller
Processing a callSet
Before sorting, Length of callerList for caller  is 0
After sorting, Length of callerList for caller  is 0
Processing a callSet
Before sorting, Length of callerList for caller  is 0
After sorting, Length of callerList for caller  is 0
Processing a callSet
Before sorting, Length of callerList for caller glimmer is 12
After sorting, Length of callerList for caller glimmer is 12
Processing a callSet
Before sorting, Length of callerList for caller phanotate is 18
After sorting, Length of callerList for caller phanotate is 18
Processing a callSet
Before sorting, Length of callerList for caller prodigal is 12
After sorting, Length of callerList for caller prodigal is 12
Processing a callSet
Before sorting, Length of callerList for caller  is 0
After sorting, Length of callerList for caller  is 0
callSet processing complete
Comparing across the call sets...
Merging the geneCall sets....
Final merged genes:

***************Merge List
1	Gene No. 1, gene caller: phanotate, leftEnd: 51, rightEnd: 143, strand: -, length: 93, contig: circular_pair_563, protein: unknown, score1: 1.0, score2: 0.0
2	Gene No. 2, gene caller: glimmer, leftEnd: 169, rightEnd: 498, strand: -, length: 330, contig: circular_pair_563, protein: unknown, score1: 1.0, score2: 0.0
3	Gene No. 2, gene caller: phanotate, leftEnd: 169, rightEnd: 498, strand: -, length: 330, contig: circular_pair_563, protein: unknown, score1: 1.0, score2: 0.0
4	Gene No. 1, gene caller: prodigal, leftEnd: 169, rightEnd: 498, strand: -, length: 330, contig: circular_pair_563, protein: unknown, score1: 1.0, score2: 0.0
5	Gene No. 3, gene caller: phanotate, leftEnd: 509, rightEnd: 616, strand: -, length: 108, contig: circular_pair_563, protein: unknown, score1: 1.0, score2: 0.0
6	Gene No. 3, gene caller: glimmer, leftEnd: 736, rightEnd: 936, strand: -, length: 201, contig: circular_pair_563, protein: unknown, score1: 1.0, score2: 0.0
7	Gene No. 4, gene caller: phanotate, leftEnd: 736, rightEnd: 936, strand: -, length: 201, contig: circular_pair_563, protein: unknown, score1: 1.0, score2: 0.0
8	Gene No. 2, gene caller: prodigal, leftEnd: 736, rightEnd: 936, strand: -, length: 201, contig: circular_pair_563, protein: unknown, score1: 1.0, score2: 0.0
9	Gene No. 5, gene caller: phanotate, leftEnd: 1001, rightEnd: 1102, strand: -, length: 102, contig: circular_pair_563, protein: unknown, score1: 1.0, score2: 0.0
10	Gene No. 4, gene caller: glimmer, leftEnd: 1001, rightEnd: 1114, strand: -, length: 114, contig: circular_pair_563, protein: unknown, score1: 1.0, score2: 0.0
11	Gene No. 5, gene caller: glimmer, leftEnd: 1095, rightEnd: 1376, strand: -, length: 282, contig: circular_pair_563, protein: unknown, score1: 1.0, score2: 0.0
12	Gene No. 6, gene caller: phanotate, leftEnd: 1095, rightEnd: 1376, strand: -, length: 282, contig: circular_pair_563, protein: unknown, score1: 1.0, score2: 0.0
13	Gene No. 3, gene caller: prodigal, leftEnd: 1095, rightEnd: 1376, strand: -, length: 282, contig: circular_pair_563, protein: unknown, score1: 1.0, score2: 0.0
14	Gene No. 6, gene caller: glimmer, leftEnd: 1342, rightEnd: 1581, strand: -, length: 240, contig: circular_pair_563, protein: unknown, score1: 1.0, score2: 0.0
15	Gene No. 7, gene caller: phanotate, leftEnd: 1342, rightEnd: 1581, strand: -, length: 240, contig: circular_pair_563, protein: unknown, score1: 1.0, score2: 0.0
16	Gene No. 4, gene caller: prodigal, leftEnd: 1342, rightEnd: 1581, strand: -, length: 240, contig: circular_pair_563, protein: unknown, score1: 1.0, score2: 0.0
17	Gene No. 8, gene caller: phanotate, leftEnd: 1593, rightEnd: 1700, strand: -, length: 108, contig: circular_pair_563, protein: unknown, score1: 1.0, score2: 0.0
18	Gene No. 7, gene caller: glimmer, leftEnd: 1820, rightEnd: 2500, strand: -, length: 681, contig: circular_pair_563, protein: unknown, score1: 1.0, score2: 0.0
19	Gene No. 9, gene caller: phanotate, leftEnd: 1820, rightEnd: 2500, strand: -, length: 681, contig: circular_pair_563, protein: unknown, score1: 1.0, score2: 0.0
20	Gene No. 5, gene caller: prodigal, leftEnd: 1820, rightEnd: 2500, strand: -, length: 681, contig: circular_pair_563, protein: unknown, score1: 1.0, score2: 0.0
21	Gene No. 10, gene caller: phanotate, leftEnd: 2486, rightEnd: 2584, strand: +, length: 99, contig: circular_pair_563, protein: unknown, score1: 1.0, score2: 0.0
22	Gene No. 8, gene caller: glimmer, leftEnd: 2704, rightEnd: 3204, strand: +, length: 501, contig: circular_pair_563, protein: unknown, score1: 1.0, score2: 0.0
23	Gene No. 11, gene caller: phanotate, leftEnd: 2704, rightEnd: 3204, strand: +, length: 501, contig: circular_pair_563, protein: unknown, score1: 1.0, score2: 0.0
24	Gene No. 6, gene caller: prodigal, leftEnd: 2704, rightEnd: 3204, strand: +, length: 501, contig: circular_pair_563, protein: unknown, score1: 1.0, score2: 0.0
25	Gene No. 9, gene caller: glimmer, leftEnd: 3291, rightEnd: 3485, strand: +, length: 195, contig: circular_pair_563, protein: unknown, score1: 1.0, score2: 0.0
26	Gene No. 12, gene caller: phanotate, leftEnd: 3295, rightEnd: 3396, strand: +, length: 102, contig: circular_pair_563, protein: unknown, score1: 1.0, score2: 0.0
27	Gene No. 13, gene caller: phanotate, leftEnd: 3400, rightEnd: 3549, strand: +, length: 150, contig: circular_pair_563, protein: unknown, score1: 1.0, score2: 0.0
28	Gene No. 7, gene caller: prodigal, leftEnd: 3400, rightEnd: 3549, strand: +, length: 150, contig: circular_pair_563, protein: unknown, score1: 1.0, score2: 0.0
29	Gene No. 10, gene caller: glimmer, leftEnd: 3791, rightEnd: 4237, strand: +, length: 447, contig: circular_pair_563, protein: unknown, score1: 1.0, score2: 0.0
30	Gene No. 14, gene caller: phanotate, leftEnd: 3791, rightEnd: 4237, strand: +, length: 447, contig: circular_pair_563, protein: unknown, score1: 1.0, score2: 0.0
31	Gene No. 8, gene caller: prodigal, leftEnd: 3791, rightEnd: 4237, strand: +, length: 447, contig: circular_pair_563, protein: unknown, score1: 1.0, score2: 0.0
32	Gene No. 11, gene caller: glimmer, leftEnd: 4263, rightEnd: 4625, strand: +, length: 363, contig: circular_pair_563, protein: unknown, score1: 1.0, score2: 0.0
33	Gene No. 9, gene caller: prodigal, leftEnd: 4263, rightEnd: 4625, strand: +, length: 363, contig: circular_pair_563, protein: unknown, score1: 1.0, score2: 0.0
34	Gene No. 15, gene caller: phanotate, leftEnd: 4323, rightEnd: 4625, strand: +, length: 303, contig: circular_pair_563, protein: unknown, score1: 1.0, score2: 0.0
35	Gene No. 12, gene caller: glimmer, leftEnd: 4666, rightEnd: 4806, strand: +, length: 141, contig: circular_pair_563, protein: unknown, score1: 1.0, score2: 0.0
36	Gene No. 16, gene caller: phanotate, leftEnd: 4666, rightEnd: 4806, strand: +, length: 141, contig: circular_pair_563, protein: unknown, score1: 1.0, score2: 0.0
37	Gene No. 10, gene caller: prodigal, leftEnd: 4666, rightEnd: 4806, strand: +, length: 141, contig: circular_pair_563, protein: unknown, score1: 1.0, score2: 0.0
38	Gene No. 13, gene caller: glimmer, leftEnd: 4926, rightEnd: 5141, strand: +, length: 216, contig: circular_pair_563, protein: unknown, score1: 1.0, score2: 0.0
39	Gene No. 17, gene caller: phanotate, leftEnd: 4926, rightEnd: 5141, strand: +, length: 216, contig: circular_pair_563, protein: unknown, score1: 1.0, score2: 0.0
40	Gene No. 11, gene caller: prodigal, leftEnd: 4926, rightEnd: 5141, strand: +, length: 216, contig: circular_pair_563, protein: unknown, score1: 1.0, score2: 0.0
41	Gene No. 18, gene caller: phanotate, leftEnd: 5233, rightEnd: 5811, strand: +, length: 579, contig: circular_pair_563, protein: unknown, score1: 1.0, score2: 0.0
42	Gene No. 12, gene caller: prodigal, leftEnd: 5233, rightEnd: 5811, strand: +, length: 579, contig: circular_pair_563, protein: unknown, score1: 1.0, score2: 0.0
Comparing across geneCall sets....
Scoring gene calls....
Identifying common core...
This is the Common Core List:

***************Common Core
CC-gene 1	Gene No. 1, gene caller: All_callers, leftEnd: 169, rightEnd: 498, strand: -, length: 330, contig: circular_pair_563, protein: unknown, score1: 1.0, score2: 0.0
CC-gene 2	Gene No. 1, gene caller: All_callers, leftEnd: 736, rightEnd: 936, strand: -, length: 201, contig: circular_pair_563, protein: unknown, score1: 1.0, score2: 0.0
CC-gene 3	Gene No. 1, gene caller: All_callers, leftEnd: 1095, rightEnd: 1376, strand: -, length: 282, contig: circular_pair_563, protein: unknown, score1: 1.0, score2: 0.0
CC-gene 4	Gene No. 1, gene caller: All_callers, leftEnd: 1342, rightEnd: 1581, strand: -, length: 240, contig: circular_pair_563, protein: unknown, score1: 1.0, score2: 0.0
CC-gene 5	Gene No. 1, gene caller: All_callers, leftEnd: 1820, rightEnd: 2500, strand: -, length: 681, contig: circular_pair_563, protein: unknown, score1: 1.0, score2: 0.0
CC-gene 6	Gene No. 1, gene caller: All_callers, leftEnd: 2704, rightEnd: 3204, strand: +, length: 501, contig: circular_pair_563, protein: unknown, score1: 1.0, score2: 0.0
CC-gene 7	Gene No. 1, gene caller: All_callers, leftEnd: 3791, rightEnd: 4237, strand: +, length: 447, contig: circular_pair_563, protein: unknown, score1: 1.0, score2: 0.0
CC-gene 8	Gene No. 1, gene caller: All_callers, leftEnd: 4666, rightEnd: 4806, strand: +, length: 141, contig: circular_pair_563, protein: unknown, score1: 1.0, score2: 0.0
CC-gene 9	Gene No. 1, gene caller: All_callers, leftEnd: 4926, rightEnd: 5141, strand: +, length: 216, contig: circular_pair_563, protein: unknown, score1: 1.0, score2: 0.0
Printing gene-call superset, consensus, and common_core in GFF and CGC formats
Printing report....
The following gene callers were considered: glimmer, phanotate, prodigal, The number of distinct gene calls over all gene callers is 21
The number of gene calls in common among all callers is 9
The number of unique (non-matching) gene calls is9
Caller glimmer produced 12 gene calls.
Caller glimmer gene-call length stats:  min: 114, max: 681, ave: 309.25
Caller phanotate produced 18 gene calls.
Caller phanotate gene-call length stats:  min: 93, max: 681, ave: 260.1666666666667
Caller prodigal produced 12 gene calls.
Caller prodigal gene-call length stats:  min: 141, max: 681, ave: 344.25

Gene-call Scores:
Caller	Contig	Gene No.	Left End	Right End	Strand	gcScore
phanotate	circular_pair_563	1	51	143	-	0.33
glimmer	circular_pair_563	2	169	498	-	1.00
phanotate	circular_pair_563	2	169	498	-	1.00
prodigal	circular_pair_563	1	169	498	-	1.00
phanotate	circular_pair_563	3	509	616	-	0.33
glimmer	circular_pair_563	3	736	936	-	1.00
phanotate	circular_pair_563	4	736	936	-	1.00
prodigal	circular_pair_563	2	736	936	-	1.00
phanotate	circular_pair_563	5	1001	1102	-	0.50
glimmer	circular_pair_563	4	1001	1114	-	0.50
glimmer	circular_pair_563	5	1095	1376	-	1.00
phanotate	circular_pair_563	6	1095	1376	-	1.00
prodigal	circular_pair_563	3	1095	1376	-	1.00
glimmer	circular_pair_563	6	1342	1581	-	1.00
phanotate	circular_pair_563	7	1342	1581	-	1.00
prodigal	circular_pair_563	4	1342	1581	-	1.00
phanotate	circular_pair_563	8	1593	1700	-	0.33
glimmer	circular_pair_563	7	1820	2500	-	1.00
phanotate	circular_pair_563	9	1820	2500	-	1.00
prodigal	circular_pair_563	5	1820	2500	-	1.00
phanotate	circular_pair_563	10	2486	2584	+	0.33
glimmer	circular_pair_563	8	2704	3204	+	1.00
phanotate	circular_pair_563	11	2704	3204	+	1.00
prodigal	circular_pair_563	6	2704	3204	+	1.00
glimmer	circular_pair_563	9	3291	3485	+	0.33
phanotate	circular_pair_563	12	3295	3396	+	0.33
phanotate	circular_pair_563	13	3400	3549	+	0.83
prodigal	circular_pair_563	7	3400	3549	+	0.83
glimmer	circular_pair_563	10	3791	4237	+	1.00
phanotate	circular_pair_563	14	3791	4237	+	1.00
prodigal	circular_pair_563	8	3791	4237	+	1.00
glimmer	circular_pair_563	11	4263	4625	+	0.83
prodigal	circular_pair_563	9	4263	4625	+	0.83
phanotate	circular_pair_563	15	4323	4625	+	0.50
glimmer	circular_pair_563	12	4666	4806	+	1.00
phanotate	circular_pair_563	16	4666	4806	+	1.00
prodigal	circular_pair_563	10	4666	4806	+	1.00
glimmer	circular_pair_563	13	4926	5141	+	1.00
phanotate	circular_pair_563	17	4926	5141	+	1.00
prodigal	circular_pair_563	11	4926	5141	+	1.00
phanotate	circular_pair_563	18	5233	5811	+	0.83
prodigal	circular_pair_563	12	5233	5811	+	0.83

Gene-call Consensus Scores:
Caller glimmer average gene-call score: 0.89
Caller phanotate average gene-call score: 0.74
Caller prodigal average gene-call score: 0.96

***************Unique List
Unique gene call 1
  --  Gene No. 1, gene caller: phanotate, leftEnd: 51, rightEnd: 143, strand: -, length: 93, contig: circular_pair_563, protein: unknown, score1: 0.3333333333333333, score2: 0.0
Unique gene call 2
  --  Gene No. 2, gene caller: glimmer, leftEnd: 169, rightEnd: 498, strand: -, length: 330, contig: circular_pair_563, protein: unknown, score1: 1.0, score2: 0.0
  --  Gene No. 2, gene caller: phanotate, leftEnd: 169, rightEnd: 498, strand: -, length: 330, contig: circular_pair_563, protein: unknown, score1: 1.0, score2: 0.0
  --  Gene No. 1, gene caller: prodigal, leftEnd: 169, rightEnd: 498, strand: -, length: 330, contig: circular_pair_563, protein: unknown, score1: 1.0, score2: 0.0
Unique gene call 3
  --  Gene No. 3, gene caller: phanotate, leftEnd: 509, rightEnd: 616, strand: -, length: 108, contig: circular_pair_563, protein: unknown, score1: 0.3333333333333333, score2: 0.0
Unique gene call 4
  --  Gene No. 3, gene caller: glimmer, leftEnd: 736, rightEnd: 936, strand: -, length: 201, contig: circular_pair_563, protein: unknown, score1: 1.0, score2: 0.0
  --  Gene No. 4, gene caller: phanotate, leftEnd: 736, rightEnd: 936, strand: -, length: 201, contig: circular_pair_563, protein: unknown, score1: 1.0, score2: 0.0
  --  Gene No. 2, gene caller: prodigal, leftEnd: 736, rightEnd: 936, strand: -, length: 201, contig: circular_pair_563, protein: unknown, score1: 1.0, score2: 0.0
Unique gene call 5
  --  Gene No. 5, gene caller: phanotate, leftEnd: 1001, rightEnd: 1102, strand: -, length: 102, contig: circular_pair_563, protein: unknown, score1: 0.5, score2: 0.0
Unique gene call 6
  --  Gene No. 4, gene caller: glimmer, leftEnd: 1001, rightEnd: 1114, strand: -, length: 114, contig: circular_pair_563, protein: unknown, score1: 0.5, score2: 0.0
Unique gene call 7
  --  Gene No. 5, gene caller: glimmer, leftEnd: 1095, rightEnd: 1376, strand: -, length: 282, contig: circular_pair_563, protein: unknown, score1: 1.0, score2: 0.0
  --  Gene No. 6, gene caller: phanotate, leftEnd: 1095, rightEnd: 1376, strand: -, length: 282, contig: circular_pair_563, protein: unknown, score1: 1.0, score2: 0.0
  --  Gene No. 3, gene caller: prodigal, leftEnd: 1095, rightEnd: 1376, strand: -, length: 282, contig: circular_pair_563, protein: unknown, score1: 1.0, score2: 0.0
Unique gene call 8
  --  Gene No. 6, gene caller: glimmer, leftEnd: 1342, rightEnd: 1581, strand: -, length: 240, contig: circular_pair_563, protein: unknown, score1: 1.0, score2: 0.0
  --  Gene No. 7, gene caller: phanotate, leftEnd: 1342, rightEnd: 1581, strand: -, length: 240, contig: circular_pair_563, protein: unknown, score1: 1.0, score2: 0.0
  --  Gene No. 4, gene caller: prodigal, leftEnd: 1342, rightEnd: 1581, strand: -, length: 240, contig: circular_pair_563, protein: unknown, score1: 1.0, score2: 0.0
Unique gene call 9
  --  Gene No. 8, gene caller: phanotate, leftEnd: 1593, rightEnd: 1700, strand: -, length: 108, contig: circular_pair_563, protein: unknown, score1: 0.3333333333333333, score2: 0.0
Unique gene call 10
  --  Gene No. 7, gene caller: glimmer, leftEnd: 1820, rightEnd: 2500, strand: -, length: 681, contig: circular_pair_563, protein: unknown, score1: 1.0, score2: 0.0
  --  Gene No. 9, gene caller: phanotate, leftEnd: 1820, rightEnd: 2500, strand: -, length: 681, contig: circular_pair_563, protein: unknown, score1: 1.0, score2: 0.0
  --  Gene No. 5, gene caller: prodigal, leftEnd: 1820, rightEnd: 2500, strand: -, length: 681, contig: circular_pair_563, protein: unknown, score1: 1.0, score2: 0.0
Unique gene call 11
  --  Gene No. 10, gene caller: phanotate, leftEnd: 2486, rightEnd: 2584, strand: +, length: 99, contig: circular_pair_563, protein: unknown, score1: 0.3333333333333333, score2: 0.0
Unique gene call 12
  --  Gene No. 8, gene caller: glimmer, leftEnd: 2704, rightEnd: 3204, strand: +, length: 501, contig: circular_pair_563, protein: unknown, score1: 1.0, score2: 0.0
  --  Gene No. 11, gene caller: phanotate, leftEnd: 2704, rightEnd: 3204, strand: +, length: 501, contig: circular_pair_563, protein: unknown, score1: 1.0, score2: 0.0
  --  Gene No. 6, gene caller: prodigal, leftEnd: 2704, rightEnd: 3204, strand: +, length: 501, contig: circular_pair_563, protein: unknown, score1: 1.0, score2: 0.0
Unique gene call 13
  --  Gene No. 9, gene caller: glimmer, leftEnd: 3291, rightEnd: 3485, strand: +, length: 195, contig: circular_pair_563, protein: unknown, score1: 0.3333333333333333, score2: 0.0
Unique gene call 14
  --  Gene No. 12, gene caller: phanotate, leftEnd: 3295, rightEnd: 3396, strand: +, length: 102, contig: circular_pair_563, protein: unknown, score1: 0.3333333333333333, score2: 0.0
Unique gene call 15
  --  Gene No. 13, gene caller: phanotate, leftEnd: 3400, rightEnd: 3549, strand: +, length: 150, contig: circular_pair_563, protein: unknown, score1: 0.8333333333333333, score2: 0.0
  --  Gene No. 7, gene caller: prodigal, leftEnd: 3400, rightEnd: 3549, strand: +, length: 150, contig: circular_pair_563, protein: unknown, score1: 0.8333333333333333, score2: 0.0
Unique gene call 16
  --  Gene No. 10, gene caller: glimmer, leftEnd: 3791, rightEnd: 4237, strand: +, length: 447, contig: circular_pair_563, protein: unknown, score1: 1.0, score2: 0.0
  --  Gene No. 14, gene caller: phanotate, leftEnd: 3791, rightEnd: 4237, strand: +, length: 447, contig: circular_pair_563, protein: unknown, score1: 1.0, score2: 0.0
  --  Gene No. 8, gene caller: prodigal, leftEnd: 3791, rightEnd: 4237, strand: +, length: 447, contig: circular_pair_563, protein: unknown, score1: 1.0, score2: 0.0
Unique gene call 17
  --  Gene No. 11, gene caller: glimmer, leftEnd: 4263, rightEnd: 4625, strand: +, length: 363, contig: circular_pair_563, protein: unknown, score1: 0.8333333333333333, score2: 0.0
  --  Gene No. 9, gene caller: prodigal, leftEnd: 4263, rightEnd: 4625, strand: +, length: 363, contig: circular_pair_563, protein: unknown, score1: 0.8333333333333333, score2: 0.0
Unique gene call 18
  --  Gene No. 15, gene caller: phanotate, leftEnd: 4323, rightEnd: 4625, strand: +, length: 303, contig: circular_pair_563, protein: unknown, score1: 0.5, score2: 0.0
Unique gene call 19
  --  Gene No. 12, gene caller: glimmer, leftEnd: 4666, rightEnd: 4806, strand: +, length: 141, contig: circular_pair_563, protein: unknown, score1: 1.0, score2: 0.0
  --  Gene No. 16, gene caller: phanotate, leftEnd: 4666, rightEnd: 4806, strand: +, length: 141, contig: circular_pair_563, protein: unknown, score1: 1.0, score2: 0.0
  --  Gene No. 10, gene caller: prodigal, leftEnd: 4666, rightEnd: 4806, strand: +, length: 141, contig: circular_pair_563, protein: unknown, score1: 1.0, score2: 0.0
Unique gene call 20
  --  Gene No. 13, gene caller: glimmer, leftEnd: 4926, rightEnd: 5141, strand: +, length: 216, contig: circular_pair_563, protein: unknown, score1: 1.0, score2: 0.0
  --  Gene No. 17, gene caller: phanotate, leftEnd: 4926, rightEnd: 5141, strand: +, length: 216, contig: circular_pair_563, protein: unknown, score1: 1.0, score2: 0.0
  --  Gene No. 11, gene caller: prodigal, leftEnd: 4926, rightEnd: 5141, strand: +, length: 216, contig: circular_pair_563, protein: unknown, score1: 1.0, score2: 0.0
Unique gene call 21
  --  Gene No. 18, gene caller: phanotate, leftEnd: 5233, rightEnd: 5811, strand: +, length: 579, contig: circular_pair_563, protein: unknown, score1: 0.8333333333333333, score2: 0.0
  --  Gene No. 12, gene caller: prodigal, leftEnd: 5233, rightEnd: 5811, strand: +, length: 579, contig: circular_pair_563, protein: unknown, score1: 0.8333333333333333, score2: 0.0
Code complete at 2021-04-21 09:48:36.104559
