Opening log at 2021-04-21 09:32:14.489693
Iterating through fileSet at 2021-04-21 09:32:14.489860
fileSet is ['/home/james/Software/multiPhATE2/PipelineOutput/contig_1291/commoncore.cgc', '/home/james/Software/multiPhATE2/PipelineOutput/contig_1291/consensus.cgc', '/home/james/Software/multiPhATE2/PipelineOutput/contig_1291/glimmer.cgc', '/home/james/Software/multiPhATE2/PipelineOutput/contig_1291/phanotate.cgc', '/home/james/Software/multiPhATE2/PipelineOutput/contig_1291/prodigal.cgc', '/home/james/Software/multiPhATE2/PipelineOutput/contig_1291/superset.cgc']
Opening geneFile /home/james/Software/multiPhATE2/PipelineOutput/contig_1291/commoncore.cgc
Adding calls from geneFile /home/james/Software/multiPhATE2/PipelineOutput/contig_1291/commoncore.cgc
Appending call set  number of calls is: 0
Opening geneFile /home/james/Software/multiPhATE2/PipelineOutput/contig_1291/consensus.cgc
Adding calls from geneFile /home/james/Software/multiPhATE2/PipelineOutput/contig_1291/consensus.cgc
Appending call set  number of calls is: 0
Opening geneFile /home/james/Software/multiPhATE2/PipelineOutput/contig_1291/glimmer.cgc
Adding calls from geneFile /home/james/Software/multiPhATE2/PipelineOutput/contig_1291/glimmer.cgc
Appending call set  number of calls is: 3
Opening geneFile /home/james/Software/multiPhATE2/PipelineOutput/contig_1291/phanotate.cgc
Adding calls from geneFile /home/james/Software/multiPhATE2/PipelineOutput/contig_1291/phanotate.cgc
Appending call set  number of calls is: 5
Opening geneFile /home/james/Software/multiPhATE2/PipelineOutput/contig_1291/prodigal.cgc
Adding calls from geneFile /home/james/Software/multiPhATE2/PipelineOutput/contig_1291/prodigal.cgc
Appending call set  number of calls is: 5
Opening geneFile /home/james/Software/multiPhATE2/PipelineOutput/contig_1291/superset.cgc
Adding calls from geneFile /home/james/Software/multiPhATE2/PipelineOutput/contig_1291/superset.cgc
Appending call set  number of calls is: 0
All call sets have been added to caller list. Number of call sets in callerList: 6
callerList is   glimmer phanotate prodigal  
Total number of gene calls across callerList call sets is: 13
Sorting gene calls for each caller
Processing a callSet
Before sorting, Length of callerList for caller  is 0
After sorting, Length of callerList for caller  is 0
Processing a callSet
Before sorting, Length of callerList for caller  is 0
After sorting, Length of callerList for caller  is 0
Processing a callSet
Before sorting, Length of callerList for caller glimmer is 3
After sorting, Length of callerList for caller glimmer is 3
Processing a callSet
Before sorting, Length of callerList for caller phanotate is 5
After sorting, Length of callerList for caller phanotate is 5
Processing a callSet
Before sorting, Length of callerList for caller prodigal is 5
After sorting, Length of callerList for caller prodigal is 5
Processing a callSet
Before sorting, Length of callerList for caller  is 0
After sorting, Length of callerList for caller  is 0
callSet processing complete
Comparing across the call sets...
Merging the geneCall sets....
Final merged genes:

***************Merge List
1	Gene No. 1, gene caller: phanotate, leftEnd: 1, rightEnd: 426, strand: -, length: 426, contig: contig_1291, protein: unknown, score1: 1.0, score2: 0.0
2	Gene No. 1, gene caller: prodigal, leftEnd: 1, rightEnd: 426, strand: -, length: 426, contig: contig_1291, protein: unknown, score1: 1.0, score2: 0.0
3	Gene No. 2, gene caller: glimmer, leftEnd: 449, rightEnd: 631, strand: -, length: 183, contig: contig_1291, protein: unknown, score1: 1.0, score2: 0.0
4	Gene No. 2, gene caller: phanotate, leftEnd: 449, rightEnd: 631, strand: -, length: 183, contig: contig_1291, protein: unknown, score1: 1.0, score2: 0.0
5	Gene No. 2, gene caller: prodigal, leftEnd: 449, rightEnd: 631, strand: -, length: 183, contig: contig_1291, protein: unknown, score1: 1.0, score2: 0.0
6	Gene No. 3, gene caller: glimmer, leftEnd: 704, rightEnd: 1336, strand: +, length: 633, contig: contig_1291, protein: unknown, score1: 1.0, score2: 0.0
7	Gene No. 3, gene caller: phanotate, leftEnd: 704, rightEnd: 1336, strand: +, length: 633, contig: contig_1291, protein: unknown, score1: 1.0, score2: 0.0
8	Gene No. 3, gene caller: prodigal, leftEnd: 704, rightEnd: 1336, strand: +, length: 633, contig: contig_1291, protein: unknown, score1: 1.0, score2: 0.0
9	Gene No. 4, gene caller: glimmer, leftEnd: 1333, rightEnd: 1695, strand: +, length: 363, contig: contig_1291, protein: unknown, score1: 1.0, score2: 0.0
10	Gene No. 4, gene caller: phanotate, leftEnd: 1333, rightEnd: 1695, strand: +, length: 363, contig: contig_1291, protein: unknown, score1: 1.0, score2: 0.0
11	Gene No. 4, gene caller: prodigal, leftEnd: 1333, rightEnd: 1695, strand: +, length: 363, contig: contig_1291, protein: unknown, score1: 1.0, score2: 0.0
12	Gene No. 5, gene caller: phanotate, leftEnd: 1679, rightEnd: 2287, strand: +, length: 609, contig: contig_1291, protein: unknown, score1: 1.0, score2: 0.0
13	Gene No. 5, gene caller: prodigal, leftEnd: 1679, rightEnd: 2287, strand: +, length: 609, contig: contig_1291, protein: unknown, score1: 1.0, score2: 0.0
Comparing across geneCall sets....
Scoring gene calls....
Identifying common core...
This is the Common Core List:

***************Common Core
CC-gene 1	Gene No. 1, gene caller: All_callers, leftEnd: 449, rightEnd: 631, strand: -, length: 183, contig: contig_1291, protein: unknown, score1: 1.0, score2: 0.0
CC-gene 2	Gene No. 1, gene caller: All_callers, leftEnd: 704, rightEnd: 1336, strand: +, length: 633, contig: contig_1291, protein: unknown, score1: 1.0, score2: 0.0
CC-gene 3	Gene No. 1, gene caller: All_callers, leftEnd: 1333, rightEnd: 1695, strand: +, length: 363, contig: contig_1291, protein: unknown, score1: 1.0, score2: 0.0
Printing gene-call superset, consensus, and common_core in GFF and CGC formats
Printing report....
The following gene callers were considered: glimmer, phanotate, prodigal, The number of distinct gene calls over all gene callers is 5
The number of gene calls in common among all callers is 3
The number of unique (non-matching) gene calls is0
Caller glimmer produced 3 gene calls.
Caller glimmer gene-call length stats:  min: 183, max: 633, ave: 393.0
Caller phanotate produced 5 gene calls.
Caller phanotate gene-call length stats:  min: 183, max: 633, ave: 442.8
Caller prodigal produced 5 gene calls.
Caller prodigal gene-call length stats:  min: 183, max: 633, ave: 442.8

Gene-call Scores:
Caller	Contig	Gene No.	Left End	Right End	Strand	gcScore
phanotate	contig_1291	1	1	426	-	0.83
prodigal	contig_1291	1	1	426	-	0.83
glimmer	contig_1291	2	449	631	-	1.00
phanotate	contig_1291	2	449	631	-	1.00
prodigal	contig_1291	2	449	631	-	1.00
glimmer	contig_1291	3	704	1336	+	1.00
phanotate	contig_1291	3	704	1336	+	1.00
prodigal	contig_1291	3	704	1336	+	1.00
glimmer	contig_1291	4	1333	1695	+	1.00
phanotate	contig_1291	4	1333	1695	+	1.00
prodigal	contig_1291	4	1333	1695	+	1.00
phanotate	contig_1291	5	1679	2287	+	0.83
prodigal	contig_1291	5	1679	2287	+	0.83

Gene-call Consensus Scores:
Caller glimmer average gene-call score: 1.00
Caller phanotate average gene-call score: 0.93
Caller prodigal average gene-call score: 0.93

***************Unique List
Unique gene call 1
  --  Gene No. 1, gene caller: phanotate, leftEnd: 1, rightEnd: 426, strand: -, length: 426, contig: contig_1291, protein: unknown, score1: 0.8333333333333333, score2: 0.0
  --  Gene No. 1, gene caller: prodigal, leftEnd: 1, rightEnd: 426, strand: -, length: 426, contig: contig_1291, protein: unknown, score1: 0.8333333333333333, score2: 0.0
Unique gene call 2
  --  Gene No. 2, gene caller: glimmer, leftEnd: 449, rightEnd: 631, strand: -, length: 183, contig: contig_1291, protein: unknown, score1: 1.0, score2: 0.0
  --  Gene No. 2, gene caller: phanotate, leftEnd: 449, rightEnd: 631, strand: -, length: 183, contig: contig_1291, protein: unknown, score1: 1.0, score2: 0.0
  --  Gene No. 2, gene caller: prodigal, leftEnd: 449, rightEnd: 631, strand: -, length: 183, contig: contig_1291, protein: unknown, score1: 1.0, score2: 0.0
Unique gene call 3
  --  Gene No. 3, gene caller: glimmer, leftEnd: 704, rightEnd: 1336, strand: +, length: 633, contig: contig_1291, protein: unknown, score1: 1.0, score2: 0.0
  --  Gene No. 3, gene caller: phanotate, leftEnd: 704, rightEnd: 1336, strand: +, length: 633, contig: contig_1291, protein: unknown, score1: 1.0, score2: 0.0
  --  Gene No. 3, gene caller: prodigal, leftEnd: 704, rightEnd: 1336, strand: +, length: 633, contig: contig_1291, protein: unknown, score1: 1.0, score2: 0.0
Unique gene call 4
  --  Gene No. 4, gene caller: glimmer, leftEnd: 1333, rightEnd: 1695, strand: +, length: 363, contig: contig_1291, protein: unknown, score1: 1.0, score2: 0.0
  --  Gene No. 4, gene caller: phanotate, leftEnd: 1333, rightEnd: 1695, strand: +, length: 363, contig: contig_1291, protein: unknown, score1: 1.0, score2: 0.0
  --  Gene No. 4, gene caller: prodigal, leftEnd: 1333, rightEnd: 1695, strand: +, length: 363, contig: contig_1291, protein: unknown, score1: 1.0, score2: 0.0
Unique gene call 5
  --  Gene No. 5, gene caller: phanotate, leftEnd: 1679, rightEnd: 2287, strand: +, length: 609, contig: contig_1291, protein: unknown, score1: 0.8333333333333333, score2: 0.0
  --  Gene No. 5, gene caller: prodigal, leftEnd: 1679, rightEnd: 2287, strand: +, length: 609, contig: contig_1291, protein: unknown, score1: 0.8333333333333333, score2: 0.0
Code complete at 2021-04-21 09:32:14.493112
