Opening log at 2021-04-21 09:47:30.164987
Iterating through fileSet at 2021-04-21 09:47:30.165098
fileSet is ['/home/james/Software/multiPhATE2/PipelineOutput/circular_pair_348/commoncore.cgc', '/home/james/Software/multiPhATE2/PipelineOutput/circular_pair_348/consensus.cgc', '/home/james/Software/multiPhATE2/PipelineOutput/circular_pair_348/glimmer.cgc', '/home/james/Software/multiPhATE2/PipelineOutput/circular_pair_348/phanotate.cgc', '/home/james/Software/multiPhATE2/PipelineOutput/circular_pair_348/prodigal.cgc', '/home/james/Software/multiPhATE2/PipelineOutput/circular_pair_348/superset.cgc']
Opening geneFile /home/james/Software/multiPhATE2/PipelineOutput/circular_pair_348/commoncore.cgc
Adding calls from geneFile /home/james/Software/multiPhATE2/PipelineOutput/circular_pair_348/commoncore.cgc
Appending call set  number of calls is: 0
Opening geneFile /home/james/Software/multiPhATE2/PipelineOutput/circular_pair_348/consensus.cgc
Adding calls from geneFile /home/james/Software/multiPhATE2/PipelineOutput/circular_pair_348/consensus.cgc
Appending call set  number of calls is: 0
Opening geneFile /home/james/Software/multiPhATE2/PipelineOutput/circular_pair_348/glimmer.cgc
Adding calls from geneFile /home/james/Software/multiPhATE2/PipelineOutput/circular_pair_348/glimmer.cgc
Appending call set  number of calls is: 18
Opening geneFile /home/james/Software/multiPhATE2/PipelineOutput/circular_pair_348/phanotate.cgc
Adding calls from geneFile /home/james/Software/multiPhATE2/PipelineOutput/circular_pair_348/phanotate.cgc
Appending call set  number of calls is: 44
Opening geneFile /home/james/Software/multiPhATE2/PipelineOutput/circular_pair_348/prodigal.cgc
Adding calls from geneFile /home/james/Software/multiPhATE2/PipelineOutput/circular_pair_348/prodigal.cgc
Appending call set  number of calls is: 18
Opening geneFile /home/james/Software/multiPhATE2/PipelineOutput/circular_pair_348/superset.cgc
Adding calls from geneFile /home/james/Software/multiPhATE2/PipelineOutput/circular_pair_348/superset.cgc
Appending call set  number of calls is: 0
All call sets have been added to caller list. Number of call sets in callerList: 6
callerList is   glimmer phanotate prodigal  
Total number of gene calls across callerList call sets is: 80
Sorting gene calls for each caller
Processing a callSet
Before sorting, Length of callerList for caller  is 0
After sorting, Length of callerList for caller  is 0
Processing a callSet
Before sorting, Length of callerList for caller  is 0
After sorting, Length of callerList for caller  is 0
Processing a callSet
Before sorting, Length of callerList for caller glimmer is 18
After sorting, Length of callerList for caller glimmer is 18
Processing a callSet
Before sorting, Length of callerList for caller phanotate is 44
After sorting, Length of callerList for caller phanotate is 44
Processing a callSet
Before sorting, Length of callerList for caller prodigal is 18
After sorting, Length of callerList for caller prodigal is 18
Processing a callSet
Before sorting, Length of callerList for caller  is 0
After sorting, Length of callerList for caller  is 0
callSet processing complete
Comparing across the call sets...
Merging the geneCall sets....
Final merged genes:

***************Merge List
1	Gene No. 1, gene caller: phanotate, leftEnd: 3, rightEnd: 179, strand: +, length: 177, contig: circular_pair_348, protein: unknown, score1: 1.0, score2: 0.0
2	Gene No. 1, gene caller: prodigal, leftEnd: 3, rightEnd: 179, strand: +, length: 177, contig: circular_pair_348, protein: unknown, score1: 1.0, score2: 0.0
3	Gene No. 1, gene caller: glimmer, leftEnd: 7, rightEnd: 210, strand: -, length: 204, contig: circular_pair_348, protein: unknown, score1: 1.0, score2: 0.0
4	Gene No. 2, gene caller: phanotate, leftEnd: 349, rightEnd: 609, strand: +, length: 261, contig: circular_pair_348, protein: unknown, score1: 1.0, score2: 0.0
5	Gene No. 2, gene caller: prodigal, leftEnd: 349, rightEnd: 609, strand: +, length: 261, contig: circular_pair_348, protein: unknown, score1: 1.0, score2: 0.0
6	Gene No. 3, gene caller: phanotate, leftEnd: 644, rightEnd: 823, strand: +, length: 180, contig: circular_pair_348, protein: unknown, score1: 1.0, score2: 0.0
7	Gene No. 4, gene caller: phanotate, leftEnd: 863, rightEnd: 1204, strand: +, length: 342, contig: circular_pair_348, protein: unknown, score1: 1.0, score2: 0.0
8	Gene No. 3, gene caller: prodigal, leftEnd: 863, rightEnd: 1204, strand: +, length: 342, contig: circular_pair_348, protein: unknown, score1: 1.0, score2: 0.0
9	Gene No. 2, gene caller: glimmer, leftEnd: 879, rightEnd: 1559, strand: -, length: 681, contig: circular_pair_348, protein: unknown, score1: 1.0, score2: 0.0
10	Gene No. 5, gene caller: phanotate, leftEnd: 1282, rightEnd: 1446, strand: +, length: 165, contig: circular_pair_348, protein: unknown, score1: 1.0, score2: 0.0
11	Gene No. 6, gene caller: phanotate, leftEnd: 1465, rightEnd: 1563, strand: +, length: 99, contig: circular_pair_348, protein: unknown, score1: 1.0, score2: 0.0
12	Gene No. 7, gene caller: phanotate, leftEnd: 1571, rightEnd: 1726, strand: +, length: 156, contig: circular_pair_348, protein: unknown, score1: 1.0, score2: 0.0
13	Gene No. 4, gene caller: prodigal, leftEnd: 1571, rightEnd: 1726, strand: +, length: 156, contig: circular_pair_348, protein: unknown, score1: 1.0, score2: 0.0
14	Gene No. 8, gene caller: phanotate, leftEnd: 1866, rightEnd: 1970, strand: -, length: 105, contig: circular_pair_348, protein: unknown, score1: 1.0, score2: 0.0
15	Gene No. 3, gene caller: glimmer, leftEnd: 1909, rightEnd: 2067, strand: -, length: 159, contig: circular_pair_348, protein: unknown, score1: 1.0, score2: 0.0
16	Gene No. 5, gene caller: prodigal, leftEnd: 2016, rightEnd: 2138, strand: +, length: 123, contig: circular_pair_348, protein: unknown, score1: 1.0, score2: 0.0
17	Gene No. 9, gene caller: phanotate, leftEnd: 2064, rightEnd: 2534, strand: -, length: 471, contig: circular_pair_348, protein: unknown, score1: 1.0, score2: 0.0
18	Gene No. 4, gene caller: glimmer, leftEnd: 2064, rightEnd: 2714, strand: -, length: 651, contig: circular_pair_348, protein: unknown, score1: 1.0, score2: 0.0
19	Gene No. 6, gene caller: prodigal, leftEnd: 2172, rightEnd: 2270, strand: +, length: 99, contig: circular_pair_348, protein: unknown, score1: 1.0, score2: 0.0
20	Gene No. 7, gene caller: prodigal, leftEnd: 2270, rightEnd: 2437, strand: +, length: 168, contig: circular_pair_348, protein: unknown, score1: 1.0, score2: 0.0
21	Gene No. 8, gene caller: prodigal, leftEnd: 2392, rightEnd: 2637, strand: +, length: 246, contig: circular_pair_348, protein: unknown, score1: 1.0, score2: 0.0
22	Gene No. 10, gene caller: phanotate, leftEnd: 2588, rightEnd: 3076, strand: -, length: 489, contig: circular_pair_348, protein: unknown, score1: 1.0, score2: 0.0
23	Gene No. 9, gene caller: prodigal, leftEnd: 2588, rightEnd: 3139, strand: -, length: 552, contig: circular_pair_348, protein: unknown, score1: 1.0, score2: 0.0
24	Gene No. 5, gene caller: glimmer, leftEnd: 2940, rightEnd: 3407, strand: +, length: 468, contig: circular_pair_348, protein: unknown, score1: 1.0, score2: 0.0
25	Gene No. 11, gene caller: phanotate, leftEnd: 3100, rightEnd: 3327, strand: +, length: 228, contig: circular_pair_348, protein: unknown, score1: 1.0, score2: 0.0
26	Gene No. 10, gene caller: prodigal, leftEnd: 3144, rightEnd: 3407, strand: +, length: 264, contig: circular_pair_348, protein: unknown, score1: 1.0, score2: 0.0
27	Gene No. 12, gene caller: phanotate, leftEnd: 3404, rightEnd: 3499, strand: +, length: 96, contig: circular_pair_348, protein: unknown, score1: 1.0, score2: 0.0
28	Gene No. 6, gene caller: glimmer, leftEnd: 3508, rightEnd: 3768, strand: -, length: 261, contig: circular_pair_348, protein: unknown, score1: 1.0, score2: 0.0
29	Gene No. 13, gene caller: phanotate, leftEnd: 3529, rightEnd: 3843, strand: +, length: 315, contig: circular_pair_348, protein: unknown, score1: 1.0, score2: 0.0
30	Gene No. 11, gene caller: prodigal, leftEnd: 3559, rightEnd: 3843, strand: +, length: 285, contig: circular_pair_348, protein: unknown, score1: 1.0, score2: 0.0
31	Gene No. 7, gene caller: glimmer, leftEnd: 3856, rightEnd: 4320, strand: -, length: 465, contig: circular_pair_348, protein: unknown, score1: 1.0, score2: 0.0
32	Gene No. 14, gene caller: phanotate, leftEnd: 3946, rightEnd: 4074, strand: +, length: 129, contig: circular_pair_348, protein: unknown, score1: 1.0, score2: 0.0
33	Gene No. 12, gene caller: prodigal, leftEnd: 3970, rightEnd: 4074, strand: +, length: 105, contig: circular_pair_348, protein: unknown, score1: 1.0, score2: 0.0
34	Gene No. 15, gene caller: phanotate, leftEnd: 4207, rightEnd: 4335, strand: +, length: 129, contig: circular_pair_348, protein: unknown, score1: 1.0, score2: 0.0
35	Gene No. 16, gene caller: phanotate, leftEnd: 4374, rightEnd: 4463, strand: +, length: 90, contig: circular_pair_348, protein: unknown, score1: 1.0, score2: 0.0
36	Gene No. 17, gene caller: phanotate, leftEnd: 4507, rightEnd: 4602, strand: +, length: 96, contig: circular_pair_348, protein: unknown, score1: 1.0, score2: 0.0
37	Gene No. 13, gene caller: prodigal, leftEnd: 4561, rightEnd: 4989, strand: -, length: 429, contig: circular_pair_348, protein: unknown, score1: 1.0, score2: 0.0
38	Gene No. 18, gene caller: phanotate, leftEnd: 4599, rightEnd: 4727, strand: +, length: 129, contig: circular_pair_348, protein: unknown, score1: 1.0, score2: 0.0
39	Gene No. 19, gene caller: phanotate, leftEnd: 4740, rightEnd: 4871, strand: +, length: 132, contig: circular_pair_348, protein: unknown, score1: 1.0, score2: 0.0
40	Gene No. 20, gene caller: phanotate, leftEnd: 4868, rightEnd: 5131, strand: +, length: 264, contig: circular_pair_348, protein: unknown, score1: 1.0, score2: 0.0
41	Gene No. 21, gene caller: phanotate, leftEnd: 5139, rightEnd: 5237, strand: +, length: 99, contig: circular_pair_348, protein: unknown, score1: 1.0, score2: 0.0
42	Gene No. 8, gene caller: glimmer, leftEnd: 5370, rightEnd: 5555, strand: +, length: 186, contig: circular_pair_348, protein: unknown, score1: 1.0, score2: 0.0
43	Gene No. 22, gene caller: phanotate, leftEnd: 5370, rightEnd: 5555, strand: +, length: 186, contig: circular_pair_348, protein: unknown, score1: 1.0, score2: 0.0
44	Gene No. 14, gene caller: prodigal, leftEnd: 5370, rightEnd: 5555, strand: +, length: 186, contig: circular_pair_348, protein: unknown, score1: 1.0, score2: 0.0
45	Gene No. 23, gene caller: phanotate, leftEnd: 5704, rightEnd: 5832, strand: -, length: 129, contig: circular_pair_348, protein: unknown, score1: 1.0, score2: 0.0
46	Gene No. 15, gene caller: prodigal, leftEnd: 5882, rightEnd: 5995, strand: -, length: 114, contig: circular_pair_348, protein: unknown, score1: 1.0, score2: 0.0
47	Gene No. 24, gene caller: phanotate, leftEnd: 5942, rightEnd: 6046, strand: +, length: 105, contig: circular_pair_348, protein: unknown, score1: 1.0, score2: 0.0
48	Gene No. 9, gene caller: glimmer, leftEnd: 6066, rightEnd: 6233, strand: +, length: 168, contig: circular_pair_348, protein: unknown, score1: 1.0, score2: 0.0
49	Gene No. 25, gene caller: phanotate, leftEnd: 6066, rightEnd: 6233, strand: +, length: 168, contig: circular_pair_348, protein: unknown, score1: 1.0, score2: 0.0
50	Gene No. 26, gene caller: phanotate, leftEnd: 6386, rightEnd: 6616, strand: +, length: 231, contig: circular_pair_348, protein: unknown, score1: 1.0, score2: 0.0
51	Gene No. 16, gene caller: prodigal, leftEnd: 6425, rightEnd: 6688, strand: -, length: 264, contig: circular_pair_348, protein: unknown, score1: 1.0, score2: 0.0
52	Gene No. 27, gene caller: phanotate, leftEnd: 6687, rightEnd: 6872, strand: +, length: 186, contig: circular_pair_348, protein: unknown, score1: 1.0, score2: 0.0
53	Gene No. 10, gene caller: glimmer, leftEnd: 6892, rightEnd: 7089, strand: +, length: 198, contig: circular_pair_348, protein: unknown, score1: 1.0, score2: 0.0
54	Gene No. 28, gene caller: phanotate, leftEnd: 6892, rightEnd: 7089, strand: +, length: 198, contig: circular_pair_348, protein: unknown, score1: 1.0, score2: 0.0
55	Gene No. 11, gene caller: glimmer, leftEnd: 7149, rightEnd: 7316, strand: +, length: 168, contig: circular_pair_348, protein: unknown, score1: 1.0, score2: 0.0
56	Gene No. 29, gene caller: phanotate, leftEnd: 7149, rightEnd: 7316, strand: +, length: 168, contig: circular_pair_348, protein: unknown, score1: 1.0, score2: 0.0
57	Gene No. 30, gene caller: phanotate, leftEnd: 7411, rightEnd: 7518, strand: -, length: 108, contig: circular_pair_348, protein: unknown, score1: 1.0, score2: 0.0
58	Gene No. 12, gene caller: glimmer, leftEnd: 7575, rightEnd: 7745, strand: -, length: 171, contig: circular_pair_348, protein: unknown, score1: 1.0, score2: 0.0
59	Gene No. 31, gene caller: phanotate, leftEnd: 7575, rightEnd: 7745, strand: -, length: 171, contig: circular_pair_348, protein: unknown, score1: 1.0, score2: 0.0
60	Gene No. 13, gene caller: glimmer, leftEnd: 7956, rightEnd: 8132, strand: +, length: 177, contig: circular_pair_348, protein: unknown, score1: 1.0, score2: 0.0
61	Gene No. 32, gene caller: phanotate, leftEnd: 7956, rightEnd: 8132, strand: +, length: 177, contig: circular_pair_348, protein: unknown, score1: 1.0, score2: 0.0
62	Gene No. 14, gene caller: glimmer, leftEnd: 8218, rightEnd: 8373, strand: -, length: 156, contig: circular_pair_348, protein: unknown, score1: 1.0, score2: 0.0
63	Gene No. 33, gene caller: phanotate, leftEnd: 8218, rightEnd: 8373, strand: -, length: 156, contig: circular_pair_348, protein: unknown, score1: 1.0, score2: 0.0
64	Gene No. 34, gene caller: phanotate, leftEnd: 8330, rightEnd: 8428, strand: -, length: 99, contig: circular_pair_348, protein: unknown, score1: 1.0, score2: 0.0
65	Gene No. 15, gene caller: glimmer, leftEnd: 8655, rightEnd: 8777, strand: -, length: 123, contig: circular_pair_348, protein: unknown, score1: 1.0, score2: 0.0
66	Gene No. 35, gene caller: phanotate, leftEnd: 8655, rightEnd: 8957, strand: -, length: 303, contig: circular_pair_348, protein: unknown, score1: 1.0, score2: 0.0
67	Gene No. 17, gene caller: prodigal, leftEnd: 8655, rightEnd: 8957, strand: -, length: 303, contig: circular_pair_348, protein: unknown, score1: 1.0, score2: 0.0
68	Gene No. 16, gene caller: glimmer, leftEnd: 9170, rightEnd: 9322, strand: +, length: 153, contig: circular_pair_348, protein: unknown, score1: 1.0, score2: 0.0
69	Gene No. 36, gene caller: phanotate, leftEnd: 9170, rightEnd: 9322, strand: +, length: 153, contig: circular_pair_348, protein: unknown, score1: 1.0, score2: 0.0
70	Gene No. 17, gene caller: glimmer, leftEnd: 9333, rightEnd: 9539, strand: +, length: 207, contig: circular_pair_348, protein: unknown, score1: 1.0, score2: 0.0
71	Gene No. 37, gene caller: phanotate, leftEnd: 9333, rightEnd: 9539, strand: +, length: 207, contig: circular_pair_348, protein: unknown, score1: 1.0, score2: 0.0
72	Gene No. 38, gene caller: phanotate, leftEnd: 9620, rightEnd: 9712, strand: -, length: 93, contig: circular_pair_348, protein: unknown, score1: 1.0, score2: 0.0
73	Gene No. 39, gene caller: phanotate, leftEnd: 9857, rightEnd: 9958, strand: -, length: 102, contig: circular_pair_348, protein: unknown, score1: 1.0, score2: 0.0
74	Gene No. 40, gene caller: phanotate, leftEnd: 10020, rightEnd: 10109, strand: -, length: 90, contig: circular_pair_348, protein: unknown, score1: 1.0, score2: 0.0
75	Gene No. 41, gene caller: phanotate, leftEnd: 10087, rightEnd: 10638, strand: -, length: 552, contig: circular_pair_348, protein: unknown, score1: 1.0, score2: 0.0
76	Gene No. 18, gene caller: glimmer, leftEnd: 10087, rightEnd: 10746, strand: -, length: 660, contig: circular_pair_348, protein: unknown, score1: 1.0, score2: 0.0
77	Gene No. 18, gene caller: prodigal, leftEnd: 10087, rightEnd: 10746, strand: -, length: 660, contig: circular_pair_348, protein: unknown, score1: 1.0, score2: 0.0
78	Gene No. 42, gene caller: phanotate, leftEnd: 10608, rightEnd: 10730, strand: -, length: 123, contig: circular_pair_348, protein: unknown, score1: 1.0, score2: 0.0
79	Gene No. 43, gene caller: phanotate, leftEnd: 10871, rightEnd: 11017, strand: -, length: 147, contig: circular_pair_348, protein: unknown, score1: 1.0, score2: 0.0
80	Gene No. 44, gene caller: phanotate, leftEnd: 11050, rightEnd: 11166, strand: -, length: 117, contig: circular_pair_348, protein: unknown, score1: 1.0, score2: 0.0
Comparing across geneCall sets....
Scoring gene calls....
Identifying common core...
This is the Common Core List:

***************Common Core
CC-gene 1	Gene No. 1, gene caller: All_callers, leftEnd: 5370, rightEnd: 5555, strand: +, length: 186, contig: circular_pair_348, protein: unknown, score1: 1.0, score2: 0.0
Printing gene-call superset, consensus, and common_core in GFF and CGC formats
Printing report....
The following gene callers were considered: glimmer, phanotate, prodigal, The number of distinct gene calls over all gene callers is 64
The number of gene calls in common among all callers is 1
The number of unique (non-matching) gene calls is49
Caller glimmer produced 18 gene calls.
Caller glimmer gene-call length stats:  min: 123, max: 681, ave: 292.0
Caller phanotate produced 44 gene calls.
Caller phanotate gene-call length stats:  min: 90, max: 552, ave: 184.5681818181818
Caller prodigal produced 18 gene calls.
Caller prodigal gene-call length stats:  min: 99, max: 660, ave: 263.0

Gene-call Scores:
Caller	Contig	Gene No.	Left End	Right End	Strand	gcScore
phanotate	circular_pair_348	1	3	179	+	0.83
prodigal	circular_pair_348	1	3	179	+	0.83
glimmer	circular_pair_348	1	7	210	-	0.33
phanotate	circular_pair_348	2	349	609	+	0.83
prodigal	circular_pair_348	2	349	609	+	0.83
phanotate	circular_pair_348	3	644	823	+	0.33
phanotate	circular_pair_348	4	863	1204	+	0.83
prodigal	circular_pair_348	3	863	1204	+	0.83
glimmer	circular_pair_348	2	879	1559	-	0.33
phanotate	circular_pair_348	5	1282	1446	+	0.33
phanotate	circular_pair_348	6	1465	1563	+	0.33
phanotate	circular_pair_348	7	1571	1726	+	0.83
prodigal	circular_pair_348	4	1571	1726	+	0.83
phanotate	circular_pair_348	8	1866	1970	-	0.33
glimmer	circular_pair_348	3	1909	2067	-	0.33
prodigal	circular_pair_348	5	2016	2138	+	0.33
phanotate	circular_pair_348	9	2064	2534	-	0.50
glimmer	circular_pair_348	4	2064	2714	-	0.50
prodigal	circular_pair_348	6	2172	2270	+	0.33
prodigal	circular_pair_348	7	2270	2437	+	0.33
prodigal	circular_pair_348	8	2392	2637	+	0.33
phanotate	circular_pair_348	10	2588	3076	-	0.50
prodigal	circular_pair_348	9	2588	3139	-	0.50
glimmer	circular_pair_348	5	2940	3407	+	0.50
phanotate	circular_pair_348	11	3100	3327	+	0.33
prodigal	circular_pair_348	10	3144	3407	+	0.50
phanotate	circular_pair_348	12	3404	3499	+	0.33
glimmer	circular_pair_348	6	3508	3768	-	0.33
phanotate	circular_pair_348	13	3529	3843	+	0.50
prodigal	circular_pair_348	11	3559	3843	+	0.50
glimmer	circular_pair_348	7	3856	4320	-	0.33
phanotate	circular_pair_348	14	3946	4074	+	0.50
prodigal	circular_pair_348	12	3970	4074	+	0.50
phanotate	circular_pair_348	15	4207	4335	+	0.33
phanotate	circular_pair_348	16	4374	4463	+	0.33
phanotate	circular_pair_348	17	4507	4602	+	0.33
prodigal	circular_pair_348	13	4561	4989	-	0.33
phanotate	circular_pair_348	18	4599	4727	+	0.33
phanotate	circular_pair_348	19	4740	4871	+	0.33
phanotate	circular_pair_348	20	4868	5131	+	0.33
phanotate	circular_pair_348	21	5139	5237	+	0.33
glimmer	circular_pair_348	8	5370	5555	+	1.00
phanotate	circular_pair_348	22	5370	5555	+	1.00
prodigal	circular_pair_348	14	5370	5555	+	1.00
phanotate	circular_pair_348	23	5704	5832	-	0.33
prodigal	circular_pair_348	15	5882	5995	-	0.33
phanotate	circular_pair_348	24	5942	6046	+	0.33
glimmer	circular_pair_348	9	6066	6233	+	0.83
phanotate	circular_pair_348	25	6066	6233	+	0.83
phanotate	circular_pair_348	26	6386	6616	+	0.33
prodigal	circular_pair_348	16	6425	6688	-	0.33
phanotate	circular_pair_348	27	6687	6872	+	0.33
glimmer	circular_pair_348	10	6892	7089	+	0.83
phanotate	circular_pair_348	28	6892	7089	+	0.83
glimmer	circular_pair_348	11	7149	7316	+	0.83
phanotate	circular_pair_348	29	7149	7316	+	0.83
phanotate	circular_pair_348	30	7411	7518	-	0.33
glimmer	circular_pair_348	12	7575	7745	-	0.83
phanotate	circular_pair_348	31	7575	7745	-	0.83
glimmer	circular_pair_348	13	7956	8132	+	0.83
phanotate	circular_pair_348	32	7956	8132	+	0.83
glimmer	circular_pair_348	14	8218	8373	-	0.83
phanotate	circular_pair_348	33	8218	8373	-	0.83
phanotate	circular_pair_348	34	8330	8428	-	0.33
glimmer	circular_pair_348	15	8655	8777	-	0.50
phanotate	circular_pair_348	35	8655	8957	-	0.83
prodigal	circular_pair_348	17	8655	8957	-	0.83
glimmer	circular_pair_348	16	9170	9322	+	0.83
phanotate	circular_pair_348	36	9170	9322	+	0.83
glimmer	circular_pair_348	17	9333	9539	+	0.83
phanotate	circular_pair_348	37	9333	9539	+	0.83
phanotate	circular_pair_348	38	9620	9712	-	0.33
phanotate	circular_pair_348	39	9857	9958	-	0.33
phanotate	circular_pair_348	40	10020	10109	-	0.33
phanotate	circular_pair_348	41	10087	10638	-	0.50
glimmer	circular_pair_348	18	10087	10746	-	0.83
prodigal	circular_pair_348	18	10087	10746	-	0.83
phanotate	circular_pair_348	42	10608	10730	-	0.33
phanotate	circular_pair_348	43	10871	11017	-	0.33
phanotate	circular_pair_348	44	11050	11166	-	0.33

Gene-call Consensus Scores:
Caller glimmer average gene-call score: 0.65
Caller phanotate average gene-call score: 0.52
Caller prodigal average gene-call score: 0.57

***************Unique List
Unique gene call 1
  --  Gene No. 1, gene caller: phanotate, leftEnd: 3, rightEnd: 179, strand: +, length: 177, contig: circular_pair_348, protein: unknown, score1: 0.8333333333333333, score2: 0.0
  --  Gene No. 1, gene caller: prodigal, leftEnd: 3, rightEnd: 179, strand: +, length: 177, contig: circular_pair_348, protein: unknown, score1: 0.8333333333333333, score2: 0.0
Unique gene call 2
  --  Gene No. 1, gene caller: glimmer, leftEnd: 7, rightEnd: 210, strand: -, length: 204, contig: circular_pair_348, protein: unknown, score1: 0.3333333333333333, score2: 0.0
Unique gene call 3
  --  Gene No. 2, gene caller: phanotate, leftEnd: 349, rightEnd: 609, strand: +, length: 261, contig: circular_pair_348, protein: unknown, score1: 0.8333333333333333, score2: 0.0
  --  Gene No. 2, gene caller: prodigal, leftEnd: 349, rightEnd: 609, strand: +, length: 261, contig: circular_pair_348, protein: unknown, score1: 0.8333333333333333, score2: 0.0
Unique gene call 4
  --  Gene No. 3, gene caller: phanotate, leftEnd: 644, rightEnd: 823, strand: +, length: 180, contig: circular_pair_348, protein: unknown, score1: 0.3333333333333333, score2: 0.0
Unique gene call 5
  --  Gene No. 4, gene caller: phanotate, leftEnd: 863, rightEnd: 1204, strand: +, length: 342, contig: circular_pair_348, protein: unknown, score1: 0.8333333333333333, score2: 0.0
  --  Gene No. 3, gene caller: prodigal, leftEnd: 863, rightEnd: 1204, strand: +, length: 342, contig: circular_pair_348, protein: unknown, score1: 0.8333333333333333, score2: 0.0
Unique gene call 6
  --  Gene No. 2, gene caller: glimmer, leftEnd: 879, rightEnd: 1559, strand: -, length: 681, contig: circular_pair_348, protein: unknown, score1: 0.3333333333333333, score2: 0.0
Unique gene call 7
  --  Gene No. 5, gene caller: phanotate, leftEnd: 1282, rightEnd: 1446, strand: +, length: 165, contig: circular_pair_348, protein: unknown, score1: 0.3333333333333333, score2: 0.0
Unique gene call 8
  --  Gene No. 6, gene caller: phanotate, leftEnd: 1465, rightEnd: 1563, strand: +, length: 99, contig: circular_pair_348, protein: unknown, score1: 0.3333333333333333, score2: 0.0
Unique gene call 9
  --  Gene No. 7, gene caller: phanotate, leftEnd: 1571, rightEnd: 1726, strand: +, length: 156, contig: circular_pair_348, protein: unknown, score1: 0.8333333333333333, score2: 0.0
  --  Gene No. 4, gene caller: prodigal, leftEnd: 1571, rightEnd: 1726, strand: +, length: 156, contig: circular_pair_348, protein: unknown, score1: 0.8333333333333333, score2: 0.0
Unique gene call 10
  --  Gene No. 8, gene caller: phanotate, leftEnd: 1866, rightEnd: 1970, strand: -, length: 105, contig: circular_pair_348, protein: unknown, score1: 0.3333333333333333, score2: 0.0
Unique gene call 11
  --  Gene No. 3, gene caller: glimmer, leftEnd: 1909, rightEnd: 2067, strand: -, length: 159, contig: circular_pair_348, protein: unknown, score1: 0.3333333333333333, score2: 0.0
Unique gene call 12
  --  Gene No. 5, gene caller: prodigal, leftEnd: 2016, rightEnd: 2138, strand: +, length: 123, contig: circular_pair_348, protein: unknown, score1: 0.3333333333333333, score2: 0.0
Unique gene call 13
  --  Gene No. 9, gene caller: phanotate, leftEnd: 2064, rightEnd: 2534, strand: -, length: 471, contig: circular_pair_348, protein: unknown, score1: 0.5, score2: 0.0
Unique gene call 14
  --  Gene No. 4, gene caller: glimmer, leftEnd: 2064, rightEnd: 2714, strand: -, length: 651, contig: circular_pair_348, protein: unknown, score1: 0.5, score2: 0.0
Unique gene call 15
  --  Gene No. 6, gene caller: prodigal, leftEnd: 2172, rightEnd: 2270, strand: +, length: 99, contig: circular_pair_348, protein: unknown, score1: 0.3333333333333333, score2: 0.0
Unique gene call 16
  --  Gene No. 7, gene caller: prodigal, leftEnd: 2270, rightEnd: 2437, strand: +, length: 168, contig: circular_pair_348, protein: unknown, score1: 0.3333333333333333, score2: 0.0
Unique gene call 17
  --  Gene No. 8, gene caller: prodigal, leftEnd: 2392, rightEnd: 2637, strand: +, length: 246, contig: circular_pair_348, protein: unknown, score1: 0.3333333333333333, score2: 0.0
Unique gene call 18
  --  Gene No. 10, gene caller: phanotate, leftEnd: 2588, rightEnd: 3076, strand: -, length: 489, contig: circular_pair_348, protein: unknown, score1: 0.5, score2: 0.0
Unique gene call 19
  --  Gene No. 9, gene caller: prodigal, leftEnd: 2588, rightEnd: 3139, strand: -, length: 552, contig: circular_pair_348, protein: unknown, score1: 0.5, score2: 0.0
Unique gene call 20
  --  Gene No. 5, gene caller: glimmer, leftEnd: 2940, rightEnd: 3407, strand: +, length: 468, contig: circular_pair_348, protein: unknown, score1: 0.5, score2: 0.0
Unique gene call 21
  --  Gene No. 11, gene caller: phanotate, leftEnd: 3100, rightEnd: 3327, strand: +, length: 228, contig: circular_pair_348, protein: unknown, score1: 0.3333333333333333, score2: 0.0
Unique gene call 22
  --  Gene No. 10, gene caller: prodigal, leftEnd: 3144, rightEnd: 3407, strand: +, length: 264, contig: circular_pair_348, protein: unknown, score1: 0.5, score2: 0.0
Unique gene call 23
  --  Gene No. 12, gene caller: phanotate, leftEnd: 3404, rightEnd: 3499, strand: +, length: 96, contig: circular_pair_348, protein: unknown, score1: 0.3333333333333333, score2: 0.0
Unique gene call 24
  --  Gene No. 6, gene caller: glimmer, leftEnd: 3508, rightEnd: 3768, strand: -, length: 261, contig: circular_pair_348, protein: unknown, score1: 0.3333333333333333, score2: 0.0
Unique gene call 25
  --  Gene No. 13, gene caller: phanotate, leftEnd: 3529, rightEnd: 3843, strand: +, length: 315, contig: circular_pair_348, protein: unknown, score1: 0.5, score2: 0.0
Unique gene call 26
  --  Gene No. 11, gene caller: prodigal, leftEnd: 3559, rightEnd: 3843, strand: +, length: 285, contig: circular_pair_348, protein: unknown, score1: 0.5, score2: 0.0
Unique gene call 27
  --  Gene No. 7, gene caller: glimmer, leftEnd: 3856, rightEnd: 4320, strand: -, length: 465, contig: circular_pair_348, protein: unknown, score1: 0.3333333333333333, score2: 0.0
Unique gene call 28
  --  Gene No. 14, gene caller: phanotate, leftEnd: 3946, rightEnd: 4074, strand: +, length: 129, contig: circular_pair_348, protein: unknown, score1: 0.5, score2: 0.0
Unique gene call 29
  --  Gene No. 12, gene caller: prodigal, leftEnd: 3970, rightEnd: 4074, strand: +, length: 105, contig: circular_pair_348, protein: unknown, score1: 0.5, score2: 0.0
Unique gene call 30
  --  Gene No. 15, gene caller: phanotate, leftEnd: 4207, rightEnd: 4335, strand: +, length: 129, contig: circular_pair_348, protein: unknown, score1: 0.3333333333333333, score2: 0.0
Unique gene call 31
  --  Gene No. 16, gene caller: phanotate, leftEnd: 4374, rightEnd: 4463, strand: +, length: 90, contig: circular_pair_348, protein: unknown, score1: 0.3333333333333333, score2: 0.0
Unique gene call 32
  --  Gene No. 17, gene caller: phanotate, leftEnd: 4507, rightEnd: 4602, strand: +, length: 96, contig: circular_pair_348, protein: unknown, score1: 0.3333333333333333, score2: 0.0
Unique gene call 33
  --  Gene No. 13, gene caller: prodigal, leftEnd: 4561, rightEnd: 4989, strand: -, length: 429, contig: circular_pair_348, protein: unknown, score1: 0.3333333333333333, score2: 0.0
Unique gene call 34
  --  Gene No. 18, gene caller: phanotate, leftEnd: 4599, rightEnd: 4727, strand: +, length: 129, contig: circular_pair_348, protein: unknown, score1: 0.3333333333333333, score2: 0.0
Unique gene call 35
  --  Gene No. 19, gene caller: phanotate, leftEnd: 4740, rightEnd: 4871, strand: +, length: 132, contig: circular_pair_348, protein: unknown, score1: 0.3333333333333333, score2: 0.0
Unique gene call 36
  --  Gene No. 20, gene caller: phanotate, leftEnd: 4868, rightEnd: 5131, strand: +, length: 264, contig: circular_pair_348, protein: unknown, score1: 0.3333333333333333, score2: 0.0
Unique gene call 37
  --  Gene No. 21, gene caller: phanotate, leftEnd: 5139, rightEnd: 5237, strand: +, length: 99, contig: circular_pair_348, protein: unknown, score1: 0.3333333333333333, score2: 0.0
Unique gene call 38
  --  Gene No. 8, gene caller: glimmer, leftEnd: 5370, rightEnd: 5555, strand: +, length: 186, contig: circular_pair_348, protein: unknown, score1: 1.0, score2: 0.0
  --  Gene No. 22, gene caller: phanotate, leftEnd: 5370, rightEnd: 5555, strand: +, length: 186, contig: circular_pair_348, protein: unknown, score1: 1.0, score2: 0.0
  --  Gene No. 14, gene caller: prodigal, leftEnd: 5370, rightEnd: 5555, strand: +, length: 186, contig: circular_pair_348, protein: unknown, score1: 1.0, score2: 0.0
Unique gene call 39
  --  Gene No. 23, gene caller: phanotate, leftEnd: 5704, rightEnd: 5832, strand: -, length: 129, contig: circular_pair_348, protein: unknown, score1: 0.3333333333333333, score2: 0.0
Unique gene call 40
  --  Gene No. 15, gene caller: prodigal, leftEnd: 5882, rightEnd: 5995, strand: -, length: 114, contig: circular_pair_348, protein: unknown, score1: 0.3333333333333333, score2: 0.0
Unique gene call 41
  --  Gene No. 24, gene caller: phanotate, leftEnd: 5942, rightEnd: 6046, strand: +, length: 105, contig: circular_pair_348, protein: unknown, score1: 0.3333333333333333, score2: 0.0
Unique gene call 42
  --  Gene No. 9, gene caller: glimmer, leftEnd: 6066, rightEnd: 6233, strand: +, length: 168, contig: circular_pair_348, protein: unknown, score1: 0.8333333333333333, score2: 0.0
  --  Gene No. 25, gene caller: phanotate, leftEnd: 6066, rightEnd: 6233, strand: +, length: 168, contig: circular_pair_348, protein: unknown, score1: 0.8333333333333333, score2: 0.0
Unique gene call 43
  --  Gene No. 26, gene caller: phanotate, leftEnd: 6386, rightEnd: 6616, strand: +, length: 231, contig: circular_pair_348, protein: unknown, score1: 0.3333333333333333, score2: 0.0
Unique gene call 44
  --  Gene No. 16, gene caller: prodigal, leftEnd: 6425, rightEnd: 6688, strand: -, length: 264, contig: circular_pair_348, protein: unknown, score1: 0.3333333333333333, score2: 0.0
Unique gene call 45
  --  Gene No. 27, gene caller: phanotate, leftEnd: 6687, rightEnd: 6872, strand: +, length: 186, contig: circular_pair_348, protein: unknown, score1: 0.3333333333333333, score2: 0.0
Unique gene call 46
  --  Gene No. 10, gene caller: glimmer, leftEnd: 6892, rightEnd: 7089, strand: +, length: 198, contig: circular_pair_348, protein: unknown, score1: 0.8333333333333333, score2: 0.0
  --  Gene No. 28, gene caller: phanotate, leftEnd: 6892, rightEnd: 7089, strand: +, length: 198, contig: circular_pair_348, protein: unknown, score1: 0.8333333333333333, score2: 0.0
Unique gene call 47
  --  Gene No. 11, gene caller: glimmer, leftEnd: 7149, rightEnd: 7316, strand: +, length: 168, contig: circular_pair_348, protein: unknown, score1: 0.8333333333333333, score2: 0.0
  --  Gene No. 29, gene caller: phanotate, leftEnd: 7149, rightEnd: 7316, strand: +, length: 168, contig: circular_pair_348, protein: unknown, score1: 0.8333333333333333, score2: 0.0
Unique gene call 48
  --  Gene No. 30, gene caller: phanotate, leftEnd: 7411, rightEnd: 7518, strand: -, length: 108, contig: circular_pair_348, protein: unknown, score1: 0.3333333333333333, score2: 0.0
Unique gene call 49
  --  Gene No. 12, gene caller: glimmer, leftEnd: 7575, rightEnd: 7745, strand: -, length: 171, contig: circular_pair_348, protein: unknown, score1: 0.8333333333333333, score2: 0.0
  --  Gene No. 31, gene caller: phanotate, leftEnd: 7575, rightEnd: 7745, strand: -, length: 171, contig: circular_pair_348, protein: unknown, score1: 0.8333333333333333, score2: 0.0
Unique gene call 50
  --  Gene No. 13, gene caller: glimmer, leftEnd: 7956, rightEnd: 8132, strand: +, length: 177, contig: circular_pair_348, protein: unknown, score1: 0.8333333333333333, score2: 0.0
  --  Gene No. 32, gene caller: phanotate, leftEnd: 7956, rightEnd: 8132, strand: +, length: 177, contig: circular_pair_348, protein: unknown, score1: 0.8333333333333333, score2: 0.0
Unique gene call 51
  --  Gene No. 14, gene caller: glimmer, leftEnd: 8218, rightEnd: 8373, strand: -, length: 156, contig: circular_pair_348, protein: unknown, score1: 0.8333333333333333, score2: 0.0
  --  Gene No. 33, gene caller: phanotate, leftEnd: 8218, rightEnd: 8373, strand: -, length: 156, contig: circular_pair_348, protein: unknown, score1: 0.8333333333333333, score2: 0.0
Unique gene call 52
  --  Gene No. 34, gene caller: phanotate, leftEnd: 8330, rightEnd: 8428, strand: -, length: 99, contig: circular_pair_348, protein: unknown, score1: 0.3333333333333333, score2: 0.0
Unique gene call 53
  --  Gene No. 15, gene caller: glimmer, leftEnd: 8655, rightEnd: 8777, strand: -, length: 123, contig: circular_pair_348, protein: unknown, score1: 0.5, score2: 0.0
Unique gene call 54
  --  Gene No. 35, gene caller: phanotate, leftEnd: 8655, rightEnd: 8957, strand: -, length: 303, contig: circular_pair_348, protein: unknown, score1: 0.8333333333333333, score2: 0.0
  --  Gene No. 17, gene caller: prodigal, leftEnd: 8655, rightEnd: 8957, strand: -, length: 303, contig: circular_pair_348, protein: unknown, score1: 0.8333333333333333, score2: 0.0
Unique gene call 55
  --  Gene No. 16, gene caller: glimmer, leftEnd: 9170, rightEnd: 9322, strand: +, length: 153, contig: circular_pair_348, protein: unknown, score1: 0.8333333333333333, score2: 0.0
  --  Gene No. 36, gene caller: phanotate, leftEnd: 9170, rightEnd: 9322, strand: +, length: 153, contig: circular_pair_348, protein: unknown, score1: 0.8333333333333333, score2: 0.0
Unique gene call 56
  --  Gene No. 17, gene caller: glimmer, leftEnd: 9333, rightEnd: 9539, strand: +, length: 207, contig: circular_pair_348, protein: unknown, score1: 0.8333333333333333, score2: 0.0
  --  Gene No. 37, gene caller: phanotate, leftEnd: 9333, rightEnd: 9539, strand: +, length: 207, contig: circular_pair_348, protein: unknown, score1: 0.8333333333333333, score2: 0.0
Unique gene call 57
  --  Gene No. 38, gene caller: phanotate, leftEnd: 9620, rightEnd: 9712, strand: -, length: 93, contig: circular_pair_348, protein: unknown, score1: 0.3333333333333333, score2: 0.0
Unique gene call 58
  --  Gene No. 39, gene caller: phanotate, leftEnd: 9857, rightEnd: 9958, strand: -, length: 102, contig: circular_pair_348, protein: unknown, score1: 0.3333333333333333, score2: 0.0
Unique gene call 59
  --  Gene No. 40, gene caller: phanotate, leftEnd: 10020, rightEnd: 10109, strand: -, length: 90, contig: circular_pair_348, protein: unknown, score1: 0.3333333333333333, score2: 0.0
Unique gene call 60
  --  Gene No. 41, gene caller: phanotate, leftEnd: 10087, rightEnd: 10638, strand: -, length: 552, contig: circular_pair_348, protein: unknown, score1: 0.5, score2: 0.0
Unique gene call 61
  --  Gene No. 18, gene caller: glimmer, leftEnd: 10087, rightEnd: 10746, strand: -, length: 660, contig: circular_pair_348, protein: unknown, score1: 0.8333333333333333, score2: 0.0
  --  Gene No. 18, gene caller: prodigal, leftEnd: 10087, rightEnd: 10746, strand: -, length: 660, contig: circular_pair_348, protein: unknown, score1: 0.8333333333333333, score2: 0.0
Unique gene call 62
  --  Gene No. 42, gene caller: phanotate, leftEnd: 10608, rightEnd: 10730, strand: -, length: 123, contig: circular_pair_348, protein: unknown, score1: 0.3333333333333333, score2: 0.0
Unique gene call 63
  --  Gene No. 43, gene caller: phanotate, leftEnd: 10871, rightEnd: 11017, strand: -, length: 147, contig: circular_pair_348, protein: unknown, score1: 0.3333333333333333, score2: 0.0
Unique gene call 64
  --  Gene No. 44, gene caller: phanotate, leftEnd: 11050, rightEnd: 11166, strand: -, length: 117, contig: circular_pair_348, protein: unknown, score1: 0.3333333333333333, score2: 0.0
Code complete at 2021-04-21 09:47:30.171909
