Opening log at 2021-04-21 09:32:36.863986
Iterating through fileSet at 2021-04-21 09:32:36.864164
fileSet is ['/home/james/Software/multiPhATE2/PipelineOutput/contig_2584/commoncore.cgc', '/home/james/Software/multiPhATE2/PipelineOutput/contig_2584/consensus.cgc', '/home/james/Software/multiPhATE2/PipelineOutput/contig_2584/glimmer.cgc', '/home/james/Software/multiPhATE2/PipelineOutput/contig_2584/phanotate.cgc', '/home/james/Software/multiPhATE2/PipelineOutput/contig_2584/prodigal.cgc', '/home/james/Software/multiPhATE2/PipelineOutput/contig_2584/superset.cgc']
Opening geneFile /home/james/Software/multiPhATE2/PipelineOutput/contig_2584/commoncore.cgc
Adding calls from geneFile /home/james/Software/multiPhATE2/PipelineOutput/contig_2584/commoncore.cgc
Appending call set  number of calls is: 0
Opening geneFile /home/james/Software/multiPhATE2/PipelineOutput/contig_2584/consensus.cgc
Adding calls from geneFile /home/james/Software/multiPhATE2/PipelineOutput/contig_2584/consensus.cgc
Appending call set  number of calls is: 0
Opening geneFile /home/james/Software/multiPhATE2/PipelineOutput/contig_2584/glimmer.cgc
Adding calls from geneFile /home/james/Software/multiPhATE2/PipelineOutput/contig_2584/glimmer.cgc
Appending call set  number of calls is: 10
Opening geneFile /home/james/Software/multiPhATE2/PipelineOutput/contig_2584/phanotate.cgc
Adding calls from geneFile /home/james/Software/multiPhATE2/PipelineOutput/contig_2584/phanotate.cgc
Appending call set  number of calls is: 17
Opening geneFile /home/james/Software/multiPhATE2/PipelineOutput/contig_2584/prodigal.cgc
Adding calls from geneFile /home/james/Software/multiPhATE2/PipelineOutput/contig_2584/prodigal.cgc
Appending call set  number of calls is: 11
Opening geneFile /home/james/Software/multiPhATE2/PipelineOutput/contig_2584/superset.cgc
Adding calls from geneFile /home/james/Software/multiPhATE2/PipelineOutput/contig_2584/superset.cgc
Appending call set  number of calls is: 0
All call sets have been added to caller list. Number of call sets in callerList: 6
callerList is   glimmer phanotate prodigal  
Total number of gene calls across callerList call sets is: 38
Sorting gene calls for each caller
Processing a callSet
Before sorting, Length of callerList for caller  is 0
After sorting, Length of callerList for caller  is 0
Processing a callSet
Before sorting, Length of callerList for caller  is 0
After sorting, Length of callerList for caller  is 0
Processing a callSet
Before sorting, Length of callerList for caller glimmer is 10
After sorting, Length of callerList for caller glimmer is 10
Processing a callSet
Before sorting, Length of callerList for caller phanotate is 17
After sorting, Length of callerList for caller phanotate is 17
Processing a callSet
Before sorting, Length of callerList for caller prodigal is 11
After sorting, Length of callerList for caller prodigal is 11
Processing a callSet
Before sorting, Length of callerList for caller  is 0
After sorting, Length of callerList for caller  is 0
callSet processing complete
Comparing across the call sets...
Merging the geneCall sets....
Final merged genes:

***************Merge List
1	Gene No. 1, gene caller: phanotate, leftEnd: 3, rightEnd: 884, strand: +, length: 882, contig: contig_2584, protein: unknown, score1: 1.0, score2: 0.0
2	Gene No. 1, gene caller: prodigal, leftEnd: 3, rightEnd: 884, strand: +, length: 882, contig: contig_2584, protein: unknown, score1: 1.0, score2: 0.0
3	Gene No. 2, gene caller: glimmer, leftEnd: 868, rightEnd: 1122, strand: +, length: 255, contig: contig_2584, protein: unknown, score1: 1.0, score2: 0.0
4	Gene No. 2, gene caller: phanotate, leftEnd: 868, rightEnd: 1122, strand: +, length: 255, contig: contig_2584, protein: unknown, score1: 1.0, score2: 0.0
5	Gene No. 2, gene caller: prodigal, leftEnd: 868, rightEnd: 1122, strand: +, length: 255, contig: contig_2584, protein: unknown, score1: 1.0, score2: 0.0
6	Gene No. 3, gene caller: phanotate, leftEnd: 1135, rightEnd: 1233, strand: +, length: 99, contig: contig_2584, protein: unknown, score1: 1.0, score2: 0.0
7	Gene No. 3, gene caller: glimmer, leftEnd: 1230, rightEnd: 1415, strand: +, length: 186, contig: contig_2584, protein: unknown, score1: 1.0, score2: 0.0
8	Gene No. 4, gene caller: phanotate, leftEnd: 1230, rightEnd: 1415, strand: +, length: 186, contig: contig_2584, protein: unknown, score1: 1.0, score2: 0.0
9	Gene No. 5, gene caller: phanotate, leftEnd: 1399, rightEnd: 1518, strand: +, length: 120, contig: contig_2584, protein: unknown, score1: 1.0, score2: 0.0
10	Gene No. 4, gene caller: glimmer, leftEnd: 1622, rightEnd: 1795, strand: +, length: 174, contig: contig_2584, protein: unknown, score1: 1.0, score2: 0.0
11	Gene No. 6, gene caller: phanotate, leftEnd: 1622, rightEnd: 1795, strand: +, length: 174, contig: contig_2584, protein: unknown, score1: 1.0, score2: 0.0
12	Gene No. 3, gene caller: prodigal, leftEnd: 1622, rightEnd: 1795, strand: +, length: 174, contig: contig_2584, protein: unknown, score1: 1.0, score2: 0.0
13	Gene No. 5, gene caller: glimmer, leftEnd: 1782, rightEnd: 2039, strand: -, length: 258, contig: contig_2584, protein: unknown, score1: 1.0, score2: 0.0
14	Gene No. 7, gene caller: phanotate, leftEnd: 1782, rightEnd: 2039, strand: -, length: 258, contig: contig_2584, protein: unknown, score1: 1.0, score2: 0.0
15	Gene No. 4, gene caller: prodigal, leftEnd: 1782, rightEnd: 2039, strand: -, length: 258, contig: contig_2584, protein: unknown, score1: 1.0, score2: 0.0
16	Gene No. 6, gene caller: glimmer, leftEnd: 2081, rightEnd: 3127, strand: -, length: 1047, contig: contig_2584, protein: unknown, score1: 1.0, score2: 0.0
17	Gene No. 8, gene caller: phanotate, leftEnd: 2081, rightEnd: 3127, strand: -, length: 1047, contig: contig_2584, protein: unknown, score1: 1.0, score2: 0.0
18	Gene No. 5, gene caller: prodigal, leftEnd: 2081, rightEnd: 3142, strand: -, length: 1062, contig: contig_2584, protein: unknown, score1: 1.0, score2: 0.0
19	Gene No. 7, gene caller: glimmer, leftEnd: 3124, rightEnd: 3762, strand: -, length: 639, contig: contig_2584, protein: unknown, score1: 1.0, score2: 0.0
20	Gene No. 6, gene caller: prodigal, leftEnd: 3124, rightEnd: 3762, strand: -, length: 639, contig: contig_2584, protein: unknown, score1: 1.0, score2: 0.0
21	Gene No. 9, gene caller: phanotate, leftEnd: 3124, rightEnd: 3816, strand: -, length: 693, contig: contig_2584, protein: unknown, score1: 1.0, score2: 0.0
22	Gene No. 8, gene caller: glimmer, leftEnd: 3746, rightEnd: 4909, strand: -, length: 1164, contig: contig_2584, protein: unknown, score1: 1.0, score2: 0.0
23	Gene No. 10, gene caller: phanotate, leftEnd: 3746, rightEnd: 4909, strand: -, length: 1164, contig: contig_2584, protein: unknown, score1: 1.0, score2: 0.0
24	Gene No. 7, gene caller: prodigal, leftEnd: 3746, rightEnd: 4909, strand: -, length: 1164, contig: contig_2584, protein: unknown, score1: 1.0, score2: 0.0
25	Gene No. 11, gene caller: phanotate, leftEnd: 4917, rightEnd: 5012, strand: +, length: 96, contig: contig_2584, protein: unknown, score1: 1.0, score2: 0.0
26	Gene No. 9, gene caller: glimmer, leftEnd: 5049, rightEnd: 5660, strand: +, length: 612, contig: contig_2584, protein: unknown, score1: 1.0, score2: 0.0
27	Gene No. 12, gene caller: phanotate, leftEnd: 5049, rightEnd: 5660, strand: +, length: 612, contig: contig_2584, protein: unknown, score1: 1.0, score2: 0.0
28	Gene No. 8, gene caller: prodigal, leftEnd: 5049, rightEnd: 5660, strand: +, length: 612, contig: contig_2584, protein: unknown, score1: 1.0, score2: 0.0
29	Gene No. 13, gene caller: phanotate, leftEnd: 5663, rightEnd: 5758, strand: +, length: 96, contig: contig_2584, protein: unknown, score1: 1.0, score2: 0.0
30	Gene No. 10, gene caller: glimmer, leftEnd: 5800, rightEnd: 6057, strand: +, length: 258, contig: contig_2584, protein: unknown, score1: 1.0, score2: 0.0
31	Gene No. 14, gene caller: phanotate, leftEnd: 5800, rightEnd: 6057, strand: +, length: 258, contig: contig_2584, protein: unknown, score1: 1.0, score2: 0.0
32	Gene No. 9, gene caller: prodigal, leftEnd: 5800, rightEnd: 6057, strand: +, length: 258, contig: contig_2584, protein: unknown, score1: 1.0, score2: 0.0
33	Gene No. 11, gene caller: glimmer, leftEnd: 6044, rightEnd: 6217, strand: -, length: 174, contig: contig_2584, protein: unknown, score1: 1.0, score2: 0.0
34	Gene No. 15, gene caller: phanotate, leftEnd: 6044, rightEnd: 6217, strand: -, length: 174, contig: contig_2584, protein: unknown, score1: 1.0, score2: 0.0
35	Gene No. 10, gene caller: prodigal, leftEnd: 6044, rightEnd: 6217, strand: -, length: 174, contig: contig_2584, protein: unknown, score1: 1.0, score2: 0.0
36	Gene No. 16, gene caller: phanotate, leftEnd: 6321, rightEnd: 6440, strand: -, length: 120, contig: contig_2584, protein: unknown, score1: 1.0, score2: 0.0
37	Gene No. 17, gene caller: phanotate, leftEnd: 6424, rightEnd: 7809, strand: -, length: 1386, contig: contig_2584, protein: unknown, score1: 1.0, score2: 0.0
38	Gene No. 11, gene caller: prodigal, leftEnd: 6424, rightEnd: 7809, strand: -, length: 1386, contig: contig_2584, protein: unknown, score1: 1.0, score2: 0.0
Comparing across geneCall sets....
Scoring gene calls....
Identifying common core...
This is the Common Core List:

***************Common Core
CC-gene 1	Gene No. 1, gene caller: All_callers, leftEnd: 868, rightEnd: 1122, strand: +, length: 255, contig: contig_2584, protein: unknown, score1: 1.0, score2: 0.0
CC-gene 2	Gene No. 1, gene caller: All_callers, leftEnd: 1622, rightEnd: 1795, strand: +, length: 174, contig: contig_2584, protein: unknown, score1: 1.0, score2: 0.0
CC-gene 3	Gene No. 1, gene caller: All_callers, leftEnd: 1782, rightEnd: 2039, strand: -, length: 258, contig: contig_2584, protein: unknown, score1: 1.0, score2: 0.0
CC-gene 4	Gene No. 1, gene caller: All_callers, leftEnd: 3746, rightEnd: 4909, strand: -, length: 1164, contig: contig_2584, protein: unknown, score1: 1.0, score2: 0.0
CC-gene 5	Gene No. 1, gene caller: All_callers, leftEnd: 5049, rightEnd: 5660, strand: +, length: 612, contig: contig_2584, protein: unknown, score1: 1.0, score2: 0.0
CC-gene 6	Gene No. 1, gene caller: All_callers, leftEnd: 5800, rightEnd: 6057, strand: +, length: 258, contig: contig_2584, protein: unknown, score1: 1.0, score2: 0.0
CC-gene 7	Gene No. 1, gene caller: All_callers, leftEnd: 6044, rightEnd: 6217, strand: -, length: 174, contig: contig_2584, protein: unknown, score1: 1.0, score2: 0.0
Printing gene-call superset, consensus, and common_core in GFF and CGC formats
Printing report....
The following gene callers were considered: glimmer, phanotate, prodigal, The number of distinct gene calls over all gene callers is 19
The number of gene calls in common among all callers is 7
The number of unique (non-matching) gene calls is7
Caller glimmer produced 10 gene calls.
Caller glimmer gene-call length stats:  min: 174, max: 1164, ave: 476.7
Caller phanotate produced 17 gene calls.
Caller phanotate gene-call length stats:  min: 96, max: 1386, ave: 448.2352941176471
Caller prodigal produced 11 gene calls.
Caller prodigal gene-call length stats:  min: 174, max: 1386, ave: 624.0

Gene-call Scores:
Caller	Contig	Gene No.	Left End	Right End	Strand	gcScore
phanotate	contig_2584	1	3	884	+	0.83
prodigal	contig_2584	1	3	884	+	0.83
glimmer	contig_2584	2	868	1122	+	1.00
phanotate	contig_2584	2	868	1122	+	1.00
prodigal	contig_2584	2	868	1122	+	1.00
phanotate	contig_2584	3	1135	1233	+	0.33
glimmer	contig_2584	3	1230	1415	+	0.83
phanotate	contig_2584	4	1230	1415	+	0.83
phanotate	contig_2584	5	1399	1518	+	0.33
glimmer	contig_2584	4	1622	1795	+	1.00
phanotate	contig_2584	6	1622	1795	+	1.00
prodigal	contig_2584	3	1622	1795	+	1.00
glimmer	contig_2584	5	1782	2039	-	1.00
phanotate	contig_2584	7	1782	2039	-	1.00
prodigal	contig_2584	4	1782	2039	-	1.00
glimmer	contig_2584	6	2081	3127	-	0.83
phanotate	contig_2584	8	2081	3127	-	0.83
prodigal	contig_2584	5	2081	3142	-	0.50
glimmer	contig_2584	7	3124	3762	-	0.83
prodigal	contig_2584	6	3124	3762	-	0.83
phanotate	contig_2584	9	3124	3816	-	0.50
glimmer	contig_2584	8	3746	4909	-	1.00
phanotate	contig_2584	10	3746	4909	-	1.00
prodigal	contig_2584	7	3746	4909	-	1.00
phanotate	contig_2584	11	4917	5012	+	0.33
glimmer	contig_2584	9	5049	5660	+	1.00
phanotate	contig_2584	12	5049	5660	+	1.00
prodigal	contig_2584	8	5049	5660	+	1.00
phanotate	contig_2584	13	5663	5758	+	0.33
glimmer	contig_2584	10	5800	6057	+	1.00
phanotate	contig_2584	14	5800	6057	+	1.00
prodigal	contig_2584	9	5800	6057	+	1.00
glimmer	contig_2584	11	6044	6217	-	1.00
phanotate	contig_2584	15	6044	6217	-	1.00
prodigal	contig_2584	10	6044	6217	-	1.00
phanotate	contig_2584	16	6321	6440	-	0.33
phanotate	contig_2584	17	6424	7809	-	0.83
prodigal	contig_2584	11	6424	7809	-	0.83

Gene-call Consensus Scores:
Caller glimmer average gene-call score: 0.95
Caller phanotate average gene-call score: 0.74
Caller prodigal average gene-call score: 0.91

***************Unique List
Unique gene call 1
  --  Gene No. 1, gene caller: phanotate, leftEnd: 3, rightEnd: 884, strand: +, length: 882, contig: contig_2584, protein: unknown, score1: 0.8333333333333333, score2: 0.0
  --  Gene No. 1, gene caller: prodigal, leftEnd: 3, rightEnd: 884, strand: +, length: 882, contig: contig_2584, protein: unknown, score1: 0.8333333333333333, score2: 0.0
Unique gene call 2
  --  Gene No. 2, gene caller: glimmer, leftEnd: 868, rightEnd: 1122, strand: +, length: 255, contig: contig_2584, protein: unknown, score1: 1.0, score2: 0.0
  --  Gene No. 2, gene caller: phanotate, leftEnd: 868, rightEnd: 1122, strand: +, length: 255, contig: contig_2584, protein: unknown, score1: 1.0, score2: 0.0
  --  Gene No. 2, gene caller: prodigal, leftEnd: 868, rightEnd: 1122, strand: +, length: 255, contig: contig_2584, protein: unknown, score1: 1.0, score2: 0.0
Unique gene call 3
  --  Gene No. 3, gene caller: phanotate, leftEnd: 1135, rightEnd: 1233, strand: +, length: 99, contig: contig_2584, protein: unknown, score1: 0.3333333333333333, score2: 0.0
Unique gene call 4
  --  Gene No. 3, gene caller: glimmer, leftEnd: 1230, rightEnd: 1415, strand: +, length: 186, contig: contig_2584, protein: unknown, score1: 0.8333333333333333, score2: 0.0
  --  Gene No. 4, gene caller: phanotate, leftEnd: 1230, rightEnd: 1415, strand: +, length: 186, contig: contig_2584, protein: unknown, score1: 0.8333333333333333, score2: 0.0
Unique gene call 5
  --  Gene No. 5, gene caller: phanotate, leftEnd: 1399, rightEnd: 1518, strand: +, length: 120, contig: contig_2584, protein: unknown, score1: 0.3333333333333333, score2: 0.0
Unique gene call 6
  --  Gene No. 4, gene caller: glimmer, leftEnd: 1622, rightEnd: 1795, strand: +, length: 174, contig: contig_2584, protein: unknown, score1: 1.0, score2: 0.0
  --  Gene No. 6, gene caller: phanotate, leftEnd: 1622, rightEnd: 1795, strand: +, length: 174, contig: contig_2584, protein: unknown, score1: 1.0, score2: 0.0
  --  Gene No. 3, gene caller: prodigal, leftEnd: 1622, rightEnd: 1795, strand: +, length: 174, contig: contig_2584, protein: unknown, score1: 1.0, score2: 0.0
Unique gene call 7
  --  Gene No. 5, gene caller: glimmer, leftEnd: 1782, rightEnd: 2039, strand: -, length: 258, contig: contig_2584, protein: unknown, score1: 1.0, score2: 0.0
  --  Gene No. 7, gene caller: phanotate, leftEnd: 1782, rightEnd: 2039, strand: -, length: 258, contig: contig_2584, protein: unknown, score1: 1.0, score2: 0.0
  --  Gene No. 4, gene caller: prodigal, leftEnd: 1782, rightEnd: 2039, strand: -, length: 258, contig: contig_2584, protein: unknown, score1: 1.0, score2: 0.0
Unique gene call 8
  --  Gene No. 6, gene caller: glimmer, leftEnd: 2081, rightEnd: 3127, strand: -, length: 1047, contig: contig_2584, protein: unknown, score1: 0.8333333333333333, score2: 0.0
  --  Gene No. 8, gene caller: phanotate, leftEnd: 2081, rightEnd: 3127, strand: -, length: 1047, contig: contig_2584, protein: unknown, score1: 0.8333333333333333, score2: 0.0
Unique gene call 9
  --  Gene No. 5, gene caller: prodigal, leftEnd: 2081, rightEnd: 3142, strand: -, length: 1062, contig: contig_2584, protein: unknown, score1: 0.5, score2: 0.0
Unique gene call 10
  --  Gene No. 7, gene caller: glimmer, leftEnd: 3124, rightEnd: 3762, strand: -, length: 639, contig: contig_2584, protein: unknown, score1: 0.8333333333333333, score2: 0.0
  --  Gene No. 6, gene caller: prodigal, leftEnd: 3124, rightEnd: 3762, strand: -, length: 639, contig: contig_2584, protein: unknown, score1: 0.8333333333333333, score2: 0.0
Unique gene call 11
  --  Gene No. 9, gene caller: phanotate, leftEnd: 3124, rightEnd: 3816, strand: -, length: 693, contig: contig_2584, protein: unknown, score1: 0.5, score2: 0.0
Unique gene call 12
  --  Gene No. 8, gene caller: glimmer, leftEnd: 3746, rightEnd: 4909, strand: -, length: 1164, contig: contig_2584, protein: unknown, score1: 1.0, score2: 0.0
  --  Gene No. 10, gene caller: phanotate, leftEnd: 3746, rightEnd: 4909, strand: -, length: 1164, contig: contig_2584, protein: unknown, score1: 1.0, score2: 0.0
  --  Gene No. 7, gene caller: prodigal, leftEnd: 3746, rightEnd: 4909, strand: -, length: 1164, contig: contig_2584, protein: unknown, score1: 1.0, score2: 0.0
Unique gene call 13
  --  Gene No. 11, gene caller: phanotate, leftEnd: 4917, rightEnd: 5012, strand: +, length: 96, contig: contig_2584, protein: unknown, score1: 0.3333333333333333, score2: 0.0
Unique gene call 14
  --  Gene No. 9, gene caller: glimmer, leftEnd: 5049, rightEnd: 5660, strand: +, length: 612, contig: contig_2584, protein: unknown, score1: 1.0, score2: 0.0
  --  Gene No. 12, gene caller: phanotate, leftEnd: 5049, rightEnd: 5660, strand: +, length: 612, contig: contig_2584, protein: unknown, score1: 1.0, score2: 0.0
  --  Gene No. 8, gene caller: prodigal, leftEnd: 5049, rightEnd: 5660, strand: +, length: 612, contig: contig_2584, protein: unknown, score1: 1.0, score2: 0.0
Unique gene call 15
  --  Gene No. 13, gene caller: phanotate, leftEnd: 5663, rightEnd: 5758, strand: +, length: 96, contig: contig_2584, protein: unknown, score1: 0.3333333333333333, score2: 0.0
Unique gene call 16
  --  Gene No. 10, gene caller: glimmer, leftEnd: 5800, rightEnd: 6057, strand: +, length: 258, contig: contig_2584, protein: unknown, score1: 1.0, score2: 0.0
  --  Gene No. 14, gene caller: phanotate, leftEnd: 5800, rightEnd: 6057, strand: +, length: 258, contig: contig_2584, protein: unknown, score1: 1.0, score2: 0.0
  --  Gene No. 9, gene caller: prodigal, leftEnd: 5800, rightEnd: 6057, strand: +, length: 258, contig: contig_2584, protein: unknown, score1: 1.0, score2: 0.0
Unique gene call 17
  --  Gene No. 11, gene caller: glimmer, leftEnd: 6044, rightEnd: 6217, strand: -, length: 174, contig: contig_2584, protein: unknown, score1: 1.0, score2: 0.0
  --  Gene No. 15, gene caller: phanotate, leftEnd: 6044, rightEnd: 6217, strand: -, length: 174, contig: contig_2584, protein: unknown, score1: 1.0, score2: 0.0
  --  Gene No. 10, gene caller: prodigal, leftEnd: 6044, rightEnd: 6217, strand: -, length: 174, contig: contig_2584, protein: unknown, score1: 1.0, score2: 0.0
Unique gene call 18
  --  Gene No. 16, gene caller: phanotate, leftEnd: 6321, rightEnd: 6440, strand: -, length: 120, contig: contig_2584, protein: unknown, score1: 0.3333333333333333, score2: 0.0
Unique gene call 19
  --  Gene No. 17, gene caller: phanotate, leftEnd: 6424, rightEnd: 7809, strand: -, length: 1386, contig: contig_2584, protein: unknown, score1: 0.8333333333333333, score2: 0.0
  --  Gene No. 11, gene caller: prodigal, leftEnd: 6424, rightEnd: 7809, strand: -, length: 1386, contig: contig_2584, protein: unknown, score1: 0.8333333333333333, score2: 0.0
Code complete at 2021-04-21 09:32:36.871637
