Opening log at 2021-04-21 09:38:00.092065
Iterating through fileSet at 2021-04-21 09:38:00.092170
fileSet is ['/home/james/Software/multiPhATE2/PipelineOutput/contig_3054/commoncore.cgc', '/home/james/Software/multiPhATE2/PipelineOutput/contig_3054/consensus.cgc', '/home/james/Software/multiPhATE2/PipelineOutput/contig_3054/glimmer.cgc', '/home/james/Software/multiPhATE2/PipelineOutput/contig_3054/phanotate.cgc', '/home/james/Software/multiPhATE2/PipelineOutput/contig_3054/prodigal.cgc', '/home/james/Software/multiPhATE2/PipelineOutput/contig_3054/superset.cgc']
Opening geneFile /home/james/Software/multiPhATE2/PipelineOutput/contig_3054/commoncore.cgc
Adding calls from geneFile /home/james/Software/multiPhATE2/PipelineOutput/contig_3054/commoncore.cgc
Appending call set  number of calls is: 0
Opening geneFile /home/james/Software/multiPhATE2/PipelineOutput/contig_3054/consensus.cgc
Adding calls from geneFile /home/james/Software/multiPhATE2/PipelineOutput/contig_3054/consensus.cgc
Appending call set  number of calls is: 0
Opening geneFile /home/james/Software/multiPhATE2/PipelineOutput/contig_3054/glimmer.cgc
Adding calls from geneFile /home/james/Software/multiPhATE2/PipelineOutput/contig_3054/glimmer.cgc
Appending call set  number of calls is: 7
Opening geneFile /home/james/Software/multiPhATE2/PipelineOutput/contig_3054/phanotate.cgc
Adding calls from geneFile /home/james/Software/multiPhATE2/PipelineOutput/contig_3054/phanotate.cgc
Appending call set  number of calls is: 9
Opening geneFile /home/james/Software/multiPhATE2/PipelineOutput/contig_3054/prodigal.cgc
Adding calls from geneFile /home/james/Software/multiPhATE2/PipelineOutput/contig_3054/prodigal.cgc
Appending call set  number of calls is: 7
Opening geneFile /home/james/Software/multiPhATE2/PipelineOutput/contig_3054/superset.cgc
Adding calls from geneFile /home/james/Software/multiPhATE2/PipelineOutput/contig_3054/superset.cgc
Appending call set  number of calls is: 0
All call sets have been added to caller list. Number of call sets in callerList: 6
callerList is   glimmer phanotate prodigal  
Total number of gene calls across callerList call sets is: 23
Sorting gene calls for each caller
Processing a callSet
Before sorting, Length of callerList for caller  is 0
After sorting, Length of callerList for caller  is 0
Processing a callSet
Before sorting, Length of callerList for caller  is 0
After sorting, Length of callerList for caller  is 0
Processing a callSet
Before sorting, Length of callerList for caller glimmer is 7
After sorting, Length of callerList for caller glimmer is 7
Processing a callSet
Before sorting, Length of callerList for caller phanotate is 9
After sorting, Length of callerList for caller phanotate is 9
Processing a callSet
Before sorting, Length of callerList for caller prodigal is 7
After sorting, Length of callerList for caller prodigal is 7
Processing a callSet
Before sorting, Length of callerList for caller  is 0
After sorting, Length of callerList for caller  is 0
callSet processing complete
Comparing across the call sets...
Merging the geneCall sets....
Final merged genes:

***************Merge List
1	Gene No. 1, gene caller: prodigal, leftEnd: 2, rightEnd: 592, strand: +, length: 591, contig: contig_3054, protein: unknown, score1: 1.0, score2: 0.0
2	Gene No. 1, gene caller: glimmer, leftEnd: 44, rightEnd: 592, strand: +, length: 549, contig: contig_3054, protein: unknown, score1: 1.0, score2: 0.0
3	Gene No. 1, gene caller: phanotate, leftEnd: 44, rightEnd: 592, strand: +, length: 549, contig: contig_3054, protein: unknown, score1: 1.0, score2: 0.0
4	Gene No. 2, gene caller: glimmer, leftEnd: 593, rightEnd: 1561, strand: +, length: 969, contig: contig_3054, protein: unknown, score1: 1.0, score2: 0.0
5	Gene No. 2, gene caller: phanotate, leftEnd: 593, rightEnd: 1561, strand: +, length: 969, contig: contig_3054, protein: unknown, score1: 1.0, score2: 0.0
6	Gene No. 2, gene caller: prodigal, leftEnd: 1112, rightEnd: 1525, strand: -, length: 414, contig: contig_3054, protein: unknown, score1: 1.0, score2: 0.0
7	Gene No. 3, gene caller: glimmer, leftEnd: 1591, rightEnd: 2148, strand: -, length: 558, contig: contig_3054, protein: unknown, score1: 1.0, score2: 0.0
8	Gene No. 3, gene caller: phanotate, leftEnd: 1591, rightEnd: 2148, strand: -, length: 558, contig: contig_3054, protein: unknown, score1: 1.0, score2: 0.0
9	Gene No. 3, gene caller: prodigal, leftEnd: 1849, rightEnd: 2205, strand: +, length: 357, contig: contig_3054, protein: unknown, score1: 1.0, score2: 0.0
10	Gene No. 4, gene caller: glimmer, leftEnd: 2180, rightEnd: 3169, strand: -, length: 990, contig: contig_3054, protein: unknown, score1: 1.0, score2: 0.0
11	Gene No. 4, gene caller: phanotate, leftEnd: 2180, rightEnd: 3169, strand: -, length: 990, contig: contig_3054, protein: unknown, score1: 1.0, score2: 0.0
12	Gene No. 4, gene caller: prodigal, leftEnd: 2180, rightEnd: 3169, strand: -, length: 990, contig: contig_3054, protein: unknown, score1: 1.0, score2: 0.0
13	Gene No. 5, gene caller: glimmer, leftEnd: 3149, rightEnd: 3313, strand: +, length: 165, contig: contig_3054, protein: unknown, score1: 1.0, score2: 0.0
14	Gene No. 5, gene caller: phanotate, leftEnd: 3173, rightEnd: 3526, strand: -, length: 354, contig: contig_3054, protein: unknown, score1: 1.0, score2: 0.0
15	Gene No. 5, gene caller: prodigal, leftEnd: 3173, rightEnd: 3526, strand: -, length: 354, contig: contig_3054, protein: unknown, score1: 1.0, score2: 0.0
16	Gene No. 6, gene caller: glimmer, leftEnd: 3528, rightEnd: 4457, strand: -, length: 930, contig: contig_3054, protein: unknown, score1: 1.0, score2: 0.0
17	Gene No. 6, gene caller: phanotate, leftEnd: 3528, rightEnd: 4457, strand: -, length: 930, contig: contig_3054, protein: unknown, score1: 1.0, score2: 0.0
18	Gene No. 6, gene caller: prodigal, leftEnd: 3528, rightEnd: 4457, strand: -, length: 930, contig: contig_3054, protein: unknown, score1: 1.0, score2: 0.0
19	Gene No. 7, gene caller: phanotate, leftEnd: 4388, rightEnd: 4603, strand: -, length: 216, contig: contig_3054, protein: unknown, score1: 1.0, score2: 0.0
20	Gene No. 7, gene caller: glimmer, leftEnd: 4416, rightEnd: 4742, strand: +, length: 327, contig: contig_3054, protein: unknown, score1: 1.0, score2: 0.0
21	Gene No. 8, gene caller: phanotate, leftEnd: 4710, rightEnd: 4802, strand: -, length: 93, contig: contig_3054, protein: unknown, score1: 1.0, score2: 0.0
22	Gene No. 9, gene caller: phanotate, leftEnd: 4799, rightEnd: 5251, strand: -, length: 453, contig: contig_3054, protein: unknown, score1: 1.0, score2: 0.0
23	Gene No. 7, gene caller: prodigal, leftEnd: 4799, rightEnd: 5251, strand: -, length: 453, contig: contig_3054, protein: unknown, score1: 1.0, score2: 0.0
Comparing across geneCall sets....
Scoring gene calls....
Identifying common core...
This is the Common Core List:

***************Common Core
CC-gene 1	Gene No. 1, gene caller: All_callers, leftEnd: 2180, rightEnd: 3169, strand: -, length: 990, contig: contig_3054, protein: unknown, score1: 1.0, score2: 0.0
CC-gene 2	Gene No. 1, gene caller: All_callers, leftEnd: 3528, rightEnd: 4457, strand: -, length: 930, contig: contig_3054, protein: unknown, score1: 1.0, score2: 0.0
Printing gene-call superset, consensus, and common_core in GFF and CGC formats
Printing report....
The following gene callers were considered: glimmer, phanotate, prodigal, The number of distinct gene calls over all gene callers is 14
The number of gene calls in common among all callers is 2
The number of unique (non-matching) gene calls is7
Caller glimmer produced 7 gene calls.
Caller glimmer gene-call length stats:  min: 165, max: 990, ave: 641.1428571428571
Caller phanotate produced 9 gene calls.
Caller phanotate gene-call length stats:  min: 93, max: 990, ave: 568.0
Caller prodigal produced 7 gene calls.
Caller prodigal gene-call length stats:  min: 354, max: 990, ave: 584.1428571428571

Gene-call Scores:
Caller	Contig	Gene No.	Left End	Right End	Strand	gcScore
prodigal	contig_3054	1	2	592	+	0.50
glimmer	contig_3054	1	44	592	+	0.83
phanotate	contig_3054	1	44	592	+	0.83
glimmer	contig_3054	2	593	1561	+	0.83
phanotate	contig_3054	2	593	1561	+	0.83
prodigal	contig_3054	2	1112	1525	-	0.33
glimmer	contig_3054	3	1591	2148	-	0.83
phanotate	contig_3054	3	1591	2148	-	0.83
prodigal	contig_3054	3	1849	2205	+	0.33
glimmer	contig_3054	4	2180	3169	-	1.00
phanotate	contig_3054	4	2180	3169	-	1.00
prodigal	contig_3054	4	2180	3169	-	1.00
glimmer	contig_3054	5	3149	3313	+	0.33
phanotate	contig_3054	5	3173	3526	-	0.83
prodigal	contig_3054	5	3173	3526	-	0.83
glimmer	contig_3054	6	3528	4457	-	1.00
phanotate	contig_3054	6	3528	4457	-	1.00
prodigal	contig_3054	6	3528	4457	-	1.00
phanotate	contig_3054	7	4388	4603	-	0.33
glimmer	contig_3054	7	4416	4742	+	0.33
phanotate	contig_3054	8	4710	4802	-	0.33
phanotate	contig_3054	9	4799	5251	-	0.83
prodigal	contig_3054	7	4799	5251	-	0.83

Gene-call Consensus Scores:
Caller glimmer average gene-call score: 0.74
Caller phanotate average gene-call score: 0.76
Caller prodigal average gene-call score: 0.69

***************Unique List
Unique gene call 1
  --  Gene No. 1, gene caller: prodigal, leftEnd: 2, rightEnd: 592, strand: +, length: 591, contig: contig_3054, protein: unknown, score1: 0.5, score2: 0.0
Unique gene call 2
  --  Gene No. 1, gene caller: glimmer, leftEnd: 44, rightEnd: 592, strand: +, length: 549, contig: contig_3054, protein: unknown, score1: 0.8333333333333333, score2: 0.0
  --  Gene No. 1, gene caller: phanotate, leftEnd: 44, rightEnd: 592, strand: +, length: 549, contig: contig_3054, protein: unknown, score1: 0.8333333333333333, score2: 0.0
Unique gene call 3
  --  Gene No. 2, gene caller: glimmer, leftEnd: 593, rightEnd: 1561, strand: +, length: 969, contig: contig_3054, protein: unknown, score1: 0.8333333333333333, score2: 0.0
  --  Gene No. 2, gene caller: phanotate, leftEnd: 593, rightEnd: 1561, strand: +, length: 969, contig: contig_3054, protein: unknown, score1: 0.8333333333333333, score2: 0.0
Unique gene call 4
  --  Gene No. 2, gene caller: prodigal, leftEnd: 1112, rightEnd: 1525, strand: -, length: 414, contig: contig_3054, protein: unknown, score1: 0.3333333333333333, score2: 0.0
Unique gene call 5
  --  Gene No. 3, gene caller: glimmer, leftEnd: 1591, rightEnd: 2148, strand: -, length: 558, contig: contig_3054, protein: unknown, score1: 0.8333333333333333, score2: 0.0
  --  Gene No. 3, gene caller: phanotate, leftEnd: 1591, rightEnd: 2148, strand: -, length: 558, contig: contig_3054, protein: unknown, score1: 0.8333333333333333, score2: 0.0
Unique gene call 6
  --  Gene No. 3, gene caller: prodigal, leftEnd: 1849, rightEnd: 2205, strand: +, length: 357, contig: contig_3054, protein: unknown, score1: 0.3333333333333333, score2: 0.0
Unique gene call 7
  --  Gene No. 4, gene caller: glimmer, leftEnd: 2180, rightEnd: 3169, strand: -, length: 990, contig: contig_3054, protein: unknown, score1: 1.0, score2: 0.0
  --  Gene No. 4, gene caller: phanotate, leftEnd: 2180, rightEnd: 3169, strand: -, length: 990, contig: contig_3054, protein: unknown, score1: 1.0, score2: 0.0
  --  Gene No. 4, gene caller: prodigal, leftEnd: 2180, rightEnd: 3169, strand: -, length: 990, contig: contig_3054, protein: unknown, score1: 1.0, score2: 0.0
Unique gene call 8
  --  Gene No. 5, gene caller: glimmer, leftEnd: 3149, rightEnd: 3313, strand: +, length: 165, contig: contig_3054, protein: unknown, score1: 0.3333333333333333, score2: 0.0
Unique gene call 9
  --  Gene No. 5, gene caller: phanotate, leftEnd: 3173, rightEnd: 3526, strand: -, length: 354, contig: contig_3054, protein: unknown, score1: 0.8333333333333333, score2: 0.0
  --  Gene No. 5, gene caller: prodigal, leftEnd: 3173, rightEnd: 3526, strand: -, length: 354, contig: contig_3054, protein: unknown, score1: 0.8333333333333333, score2: 0.0
Unique gene call 10
  --  Gene No. 6, gene caller: glimmer, leftEnd: 3528, rightEnd: 4457, strand: -, length: 930, contig: contig_3054, protein: unknown, score1: 1.0, score2: 0.0
  --  Gene No. 6, gene caller: phanotate, leftEnd: 3528, rightEnd: 4457, strand: -, length: 930, contig: contig_3054, protein: unknown, score1: 1.0, score2: 0.0
  --  Gene No. 6, gene caller: prodigal, leftEnd: 3528, rightEnd: 4457, strand: -, length: 930, contig: contig_3054, protein: unknown, score1: 1.0, score2: 0.0
Unique gene call 11
  --  Gene No. 7, gene caller: phanotate, leftEnd: 4388, rightEnd: 4603, strand: -, length: 216, contig: contig_3054, protein: unknown, score1: 0.3333333333333333, score2: 0.0
Unique gene call 12
  --  Gene No. 7, gene caller: glimmer, leftEnd: 4416, rightEnd: 4742, strand: +, length: 327, contig: contig_3054, protein: unknown, score1: 0.3333333333333333, score2: 0.0
Unique gene call 13
  --  Gene No. 8, gene caller: phanotate, leftEnd: 4710, rightEnd: 4802, strand: -, length: 93, contig: contig_3054, protein: unknown, score1: 0.3333333333333333, score2: 0.0
Unique gene call 14
  --  Gene No. 9, gene caller: phanotate, leftEnd: 4799, rightEnd: 5251, strand: -, length: 453, contig: contig_3054, protein: unknown, score1: 0.8333333333333333, score2: 0.0
  --  Gene No. 7, gene caller: prodigal, leftEnd: 4799, rightEnd: 5251, strand: -, length: 453, contig: contig_3054, protein: unknown, score1: 0.8333333333333333, score2: 0.0
Code complete at 2021-04-21 09:38:00.094625
