Opening log at 2021-04-21 09:50:34.138365
Iterating through fileSet at 2021-04-21 09:50:34.138480
fileSet is ['/home/james/Software/multiPhATE2/PipelineOutput/circular_pair_2456/commoncore.cgc', '/home/james/Software/multiPhATE2/PipelineOutput/circular_pair_2456/consensus.cgc', '/home/james/Software/multiPhATE2/PipelineOutput/circular_pair_2456/glimmer.cgc', '/home/james/Software/multiPhATE2/PipelineOutput/circular_pair_2456/phanotate.cgc', '/home/james/Software/multiPhATE2/PipelineOutput/circular_pair_2456/prodigal.cgc', '/home/james/Software/multiPhATE2/PipelineOutput/circular_pair_2456/superset.cgc']
Opening geneFile /home/james/Software/multiPhATE2/PipelineOutput/circular_pair_2456/commoncore.cgc
Adding calls from geneFile /home/james/Software/multiPhATE2/PipelineOutput/circular_pair_2456/commoncore.cgc
Appending call set  number of calls is: 0
Opening geneFile /home/james/Software/multiPhATE2/PipelineOutput/circular_pair_2456/consensus.cgc
Adding calls from geneFile /home/james/Software/multiPhATE2/PipelineOutput/circular_pair_2456/consensus.cgc
Appending call set  number of calls is: 0
Opening geneFile /home/james/Software/multiPhATE2/PipelineOutput/circular_pair_2456/glimmer.cgc
Adding calls from geneFile /home/james/Software/multiPhATE2/PipelineOutput/circular_pair_2456/glimmer.cgc
Appending call set  number of calls is: 12
Opening geneFile /home/james/Software/multiPhATE2/PipelineOutput/circular_pair_2456/phanotate.cgc
Adding calls from geneFile /home/james/Software/multiPhATE2/PipelineOutput/circular_pair_2456/phanotate.cgc
Appending call set  number of calls is: 13
Opening geneFile /home/james/Software/multiPhATE2/PipelineOutput/circular_pair_2456/prodigal.cgc
Adding calls from geneFile /home/james/Software/multiPhATE2/PipelineOutput/circular_pair_2456/prodigal.cgc
Appending call set  number of calls is: 13
Opening geneFile /home/james/Software/multiPhATE2/PipelineOutput/circular_pair_2456/superset.cgc
Adding calls from geneFile /home/james/Software/multiPhATE2/PipelineOutput/circular_pair_2456/superset.cgc
Appending call set  number of calls is: 0
All call sets have been added to caller list. Number of call sets in callerList: 6
callerList is   glimmer phanotate prodigal  
Total number of gene calls across callerList call sets is: 38
Sorting gene calls for each caller
Processing a callSet
Before sorting, Length of callerList for caller  is 0
After sorting, Length of callerList for caller  is 0
Processing a callSet
Before sorting, Length of callerList for caller  is 0
After sorting, Length of callerList for caller  is 0
Processing a callSet
Before sorting, Length of callerList for caller glimmer is 12
After sorting, Length of callerList for caller glimmer is 12
Processing a callSet
Before sorting, Length of callerList for caller phanotate is 13
After sorting, Length of callerList for caller phanotate is 13
Processing a callSet
Before sorting, Length of callerList for caller prodigal is 13
After sorting, Length of callerList for caller prodigal is 13
Processing a callSet
Before sorting, Length of callerList for caller  is 0
After sorting, Length of callerList for caller  is 0
callSet processing complete
Comparing across the call sets...
Merging the geneCall sets....
Final merged genes:

***************Merge List
1	Gene No. 1, gene caller: prodigal, leftEnd: 3, rightEnd: 152, strand: +, length: 150, contig: circular_pair_2456, protein: unknown, score1: 1.0, score2: 0.0
2	Gene No. 1, gene caller: glimmer, leftEnd: 24, rightEnd: 152, strand: +, length: 129, contig: circular_pair_2456, protein: unknown, score1: 1.0, score2: 0.0
3	Gene No. 1, gene caller: phanotate, leftEnd: 24, rightEnd: 152, strand: +, length: 129, contig: circular_pair_2456, protein: unknown, score1: 1.0, score2: 0.0
4	Gene No. 2, gene caller: glimmer, leftEnd: 168, rightEnd: 446, strand: +, length: 279, contig: circular_pair_2456, protein: unknown, score1: 1.0, score2: 0.0
5	Gene No. 2, gene caller: phanotate, leftEnd: 168, rightEnd: 446, strand: +, length: 279, contig: circular_pair_2456, protein: unknown, score1: 1.0, score2: 0.0
6	Gene No. 2, gene caller: prodigal, leftEnd: 168, rightEnd: 446, strand: +, length: 279, contig: circular_pair_2456, protein: unknown, score1: 1.0, score2: 0.0
7	Gene No. 3, gene caller: glimmer, leftEnd: 450, rightEnd: 920, strand: +, length: 471, contig: circular_pair_2456, protein: unknown, score1: 1.0, score2: 0.0
8	Gene No. 3, gene caller: phanotate, leftEnd: 450, rightEnd: 920, strand: +, length: 471, contig: circular_pair_2456, protein: unknown, score1: 1.0, score2: 0.0
9	Gene No. 3, gene caller: prodigal, leftEnd: 450, rightEnd: 920, strand: +, length: 471, contig: circular_pair_2456, protein: unknown, score1: 1.0, score2: 0.0
10	Gene No. 4, gene caller: glimmer, leftEnd: 926, rightEnd: 1231, strand: +, length: 306, contig: circular_pair_2456, protein: unknown, score1: 1.0, score2: 0.0
11	Gene No. 4, gene caller: phanotate, leftEnd: 926, rightEnd: 1231, strand: +, length: 306, contig: circular_pair_2456, protein: unknown, score1: 1.0, score2: 0.0
12	Gene No. 4, gene caller: prodigal, leftEnd: 926, rightEnd: 1231, strand: +, length: 306, contig: circular_pair_2456, protein: unknown, score1: 1.0, score2: 0.0
13	Gene No. 5, gene caller: glimmer, leftEnd: 1238, rightEnd: 1636, strand: +, length: 399, contig: circular_pair_2456, protein: unknown, score1: 1.0, score2: 0.0
14	Gene No. 5, gene caller: phanotate, leftEnd: 1238, rightEnd: 1636, strand: +, length: 399, contig: circular_pair_2456, protein: unknown, score1: 1.0, score2: 0.0
15	Gene No. 5, gene caller: prodigal, leftEnd: 1238, rightEnd: 1636, strand: +, length: 399, contig: circular_pair_2456, protein: unknown, score1: 1.0, score2: 0.0
16	Gene No. 6, gene caller: glimmer, leftEnd: 1633, rightEnd: 1836, strand: +, length: 204, contig: circular_pair_2456, protein: unknown, score1: 1.0, score2: 0.0
17	Gene No. 6, gene caller: phanotate, leftEnd: 1633, rightEnd: 1836, strand: +, length: 204, contig: circular_pair_2456, protein: unknown, score1: 1.0, score2: 0.0
18	Gene No. 6, gene caller: prodigal, leftEnd: 1633, rightEnd: 1836, strand: +, length: 204, contig: circular_pair_2456, protein: unknown, score1: 1.0, score2: 0.0
19	Gene No. 7, gene caller: glimmer, leftEnd: 1812, rightEnd: 2105, strand: -, length: 294, contig: circular_pair_2456, protein: unknown, score1: 1.0, score2: 0.0
20	Gene No. 7, gene caller: phanotate, leftEnd: 1812, rightEnd: 2105, strand: -, length: 294, contig: circular_pair_2456, protein: unknown, score1: 1.0, score2: 0.0
21	Gene No. 7, gene caller: prodigal, leftEnd: 1812, rightEnd: 2105, strand: -, length: 294, contig: circular_pair_2456, protein: unknown, score1: 1.0, score2: 0.0
22	Gene No. 8, gene caller: glimmer, leftEnd: 2105, rightEnd: 2359, strand: -, length: 255, contig: circular_pair_2456, protein: unknown, score1: 1.0, score2: 0.0
23	Gene No. 8, gene caller: phanotate, leftEnd: 2105, rightEnd: 2359, strand: -, length: 255, contig: circular_pair_2456, protein: unknown, score1: 1.0, score2: 0.0
24	Gene No. 8, gene caller: prodigal, leftEnd: 2105, rightEnd: 2359, strand: -, length: 255, contig: circular_pair_2456, protein: unknown, score1: 1.0, score2: 0.0
25	Gene No. 9, gene caller: glimmer, leftEnd: 2374, rightEnd: 2700, strand: -, length: 327, contig: circular_pair_2456, protein: unknown, score1: 1.0, score2: 0.0
26	Gene No. 9, gene caller: phanotate, leftEnd: 2374, rightEnd: 2700, strand: -, length: 327, contig: circular_pair_2456, protein: unknown, score1: 1.0, score2: 0.0
27	Gene No. 9, gene caller: prodigal, leftEnd: 2374, rightEnd: 2700, strand: -, length: 327, contig: circular_pair_2456, protein: unknown, score1: 1.0, score2: 0.0
28	Gene No. 10, gene caller: glimmer, leftEnd: 2700, rightEnd: 2942, strand: -, length: 243, contig: circular_pair_2456, protein: unknown, score1: 1.0, score2: 0.0
29	Gene No. 10, gene caller: phanotate, leftEnd: 2700, rightEnd: 2942, strand: -, length: 243, contig: circular_pair_2456, protein: unknown, score1: 1.0, score2: 0.0
30	Gene No. 10, gene caller: prodigal, leftEnd: 2700, rightEnd: 2942, strand: -, length: 243, contig: circular_pair_2456, protein: unknown, score1: 1.0, score2: 0.0
31	Gene No. 11, gene caller: glimmer, leftEnd: 2935, rightEnd: 3657, strand: -, length: 723, contig: circular_pair_2456, protein: unknown, score1: 1.0, score2: 0.0
32	Gene No. 11, gene caller: phanotate, leftEnd: 2935, rightEnd: 3657, strand: -, length: 723, contig: circular_pair_2456, protein: unknown, score1: 1.0, score2: 0.0
33	Gene No. 11, gene caller: prodigal, leftEnd: 2935, rightEnd: 3657, strand: -, length: 723, contig: circular_pair_2456, protein: unknown, score1: 1.0, score2: 0.0
34	Gene No. 12, gene caller: glimmer, leftEnd: 3657, rightEnd: 4577, strand: -, length: 921, contig: circular_pair_2456, protein: unknown, score1: 1.0, score2: 0.0
35	Gene No. 12, gene caller: phanotate, leftEnd: 3657, rightEnd: 4577, strand: -, length: 921, contig: circular_pair_2456, protein: unknown, score1: 1.0, score2: 0.0
36	Gene No. 12, gene caller: prodigal, leftEnd: 3657, rightEnd: 4577, strand: -, length: 921, contig: circular_pair_2456, protein: unknown, score1: 1.0, score2: 0.0
37	Gene No. 13, gene caller: phanotate, leftEnd: 4675, rightEnd: 5022, strand: -, length: 348, contig: circular_pair_2456, protein: unknown, score1: 1.0, score2: 0.0
38	Gene No. 13, gene caller: prodigal, leftEnd: 4675, rightEnd: 5022, strand: -, length: 348, contig: circular_pair_2456, protein: unknown, score1: 1.0, score2: 0.0
Comparing across geneCall sets....
Scoring gene calls....
Identifying common core...
This is the Common Core List:

***************Common Core
CC-gene 1	Gene No. 1, gene caller: All_callers, leftEnd: 168, rightEnd: 446, strand: +, length: 279, contig: circular_pair_2456, protein: unknown, score1: 1.0, score2: 0.0
CC-gene 2	Gene No. 1, gene caller: All_callers, leftEnd: 450, rightEnd: 920, strand: +, length: 471, contig: circular_pair_2456, protein: unknown, score1: 1.0, score2: 0.0
CC-gene 3	Gene No. 1, gene caller: All_callers, leftEnd: 926, rightEnd: 1231, strand: +, length: 306, contig: circular_pair_2456, protein: unknown, score1: 1.0, score2: 0.0
CC-gene 4	Gene No. 1, gene caller: All_callers, leftEnd: 1238, rightEnd: 1636, strand: +, length: 399, contig: circular_pair_2456, protein: unknown, score1: 1.0, score2: 0.0
CC-gene 5	Gene No. 1, gene caller: All_callers, leftEnd: 1633, rightEnd: 1836, strand: +, length: 204, contig: circular_pair_2456, protein: unknown, score1: 1.0, score2: 0.0
CC-gene 6	Gene No. 1, gene caller: All_callers, leftEnd: 1812, rightEnd: 2105, strand: -, length: 294, contig: circular_pair_2456, protein: unknown, score1: 1.0, score2: 0.0
CC-gene 7	Gene No. 1, gene caller: All_callers, leftEnd: 2105, rightEnd: 2359, strand: -, length: 255, contig: circular_pair_2456, protein: unknown, score1: 1.0, score2: 0.0
CC-gene 8	Gene No. 1, gene caller: All_callers, leftEnd: 2374, rightEnd: 2700, strand: -, length: 327, contig: circular_pair_2456, protein: unknown, score1: 1.0, score2: 0.0
CC-gene 9	Gene No. 1, gene caller: All_callers, leftEnd: 2700, rightEnd: 2942, strand: -, length: 243, contig: circular_pair_2456, protein: unknown, score1: 1.0, score2: 0.0
CC-gene 10	Gene No. 1, gene caller: All_callers, leftEnd: 2935, rightEnd: 3657, strand: -, length: 723, contig: circular_pair_2456, protein: unknown, score1: 1.0, score2: 0.0
CC-gene 11	Gene No. 1, gene caller: All_callers, leftEnd: 3657, rightEnd: 4577, strand: -, length: 921, contig: circular_pair_2456, protein: unknown, score1: 1.0, score2: 0.0
Printing gene-call superset, consensus, and common_core in GFF and CGC formats
Printing report....
The following gene callers were considered: glimmer, phanotate, prodigal, The number of distinct gene calls over all gene callers is 14
The number of gene calls in common among all callers is 11
The number of unique (non-matching) gene calls is1
Caller glimmer produced 12 gene calls.
Caller glimmer gene-call length stats:  min: 129, max: 921, ave: 379.25
Caller phanotate produced 13 gene calls.
Caller phanotate gene-call length stats:  min: 129, max: 921, ave: 376.84615384615387
Caller prodigal produced 13 gene calls.
Caller prodigal gene-call length stats:  min: 150, max: 921, ave: 378.46153846153845

Gene-call Scores:
Caller	Contig	Gene No.	Left End	Right End	Strand	gcScore
prodigal	circular_pair_2456	1	3	152	+	0.50
glimmer	circular_pair_2456	1	24	152	+	0.83
phanotate	circular_pair_2456	1	24	152	+	0.83
glimmer	circular_pair_2456	2	168	446	+	1.00
phanotate	circular_pair_2456	2	168	446	+	1.00
prodigal	circular_pair_2456	2	168	446	+	1.00
glimmer	circular_pair_2456	3	450	920	+	1.00
phanotate	circular_pair_2456	3	450	920	+	1.00
prodigal	circular_pair_2456	3	450	920	+	1.00
glimmer	circular_pair_2456	4	926	1231	+	1.00
phanotate	circular_pair_2456	4	926	1231	+	1.00
prodigal	circular_pair_2456	4	926	1231	+	1.00
glimmer	circular_pair_2456	5	1238	1636	+	1.00
phanotate	circular_pair_2456	5	1238	1636	+	1.00
prodigal	circular_pair_2456	5	1238	1636	+	1.00
glimmer	circular_pair_2456	6	1633	1836	+	1.00
phanotate	circular_pair_2456	6	1633	1836	+	1.00
prodigal	circular_pair_2456	6	1633	1836	+	1.00
glimmer	circular_pair_2456	7	1812	2105	-	1.00
phanotate	circular_pair_2456	7	1812	2105	-	1.00
prodigal	circular_pair_2456	7	1812	2105	-	1.00
glimmer	circular_pair_2456	8	2105	2359	-	1.00
phanotate	circular_pair_2456	8	2105	2359	-	1.00
prodigal	circular_pair_2456	8	2105	2359	-	1.00
glimmer	circular_pair_2456	9	2374	2700	-	1.00
phanotate	circular_pair_2456	9	2374	2700	-	1.00
prodigal	circular_pair_2456	9	2374	2700	-	1.00
glimmer	circular_pair_2456	10	2700	2942	-	1.00
phanotate	circular_pair_2456	10	2700	2942	-	1.00
prodigal	circular_pair_2456	10	2700	2942	-	1.00
glimmer	circular_pair_2456	11	2935	3657	-	1.00
phanotate	circular_pair_2456	11	2935	3657	-	1.00
prodigal	circular_pair_2456	11	2935	3657	-	1.00
glimmer	circular_pair_2456	12	3657	4577	-	1.00
phanotate	circular_pair_2456	12	3657	4577	-	1.00
prodigal	circular_pair_2456	12	3657	4577	-	1.00
phanotate	circular_pair_2456	13	4675	5022	-	0.83
prodigal	circular_pair_2456	13	4675	5022	-	0.83

Gene-call Consensus Scores:
Caller glimmer average gene-call score: 0.99
Caller phanotate average gene-call score: 0.97
Caller prodigal average gene-call score: 0.95

***************Unique List
Unique gene call 1
  --  Gene No. 1, gene caller: prodigal, leftEnd: 3, rightEnd: 152, strand: +, length: 150, contig: circular_pair_2456, protein: unknown, score1: 0.5, score2: 0.0
Unique gene call 2
  --  Gene No. 1, gene caller: glimmer, leftEnd: 24, rightEnd: 152, strand: +, length: 129, contig: circular_pair_2456, protein: unknown, score1: 0.8333333333333333, score2: 0.0
  --  Gene No. 1, gene caller: phanotate, leftEnd: 24, rightEnd: 152, strand: +, length: 129, contig: circular_pair_2456, protein: unknown, score1: 0.8333333333333333, score2: 0.0
Unique gene call 3
  --  Gene No. 2, gene caller: glimmer, leftEnd: 168, rightEnd: 446, strand: +, length: 279, contig: circular_pair_2456, protein: unknown, score1: 1.0, score2: 0.0
  --  Gene No. 2, gene caller: phanotate, leftEnd: 168, rightEnd: 446, strand: +, length: 279, contig: circular_pair_2456, protein: unknown, score1: 1.0, score2: 0.0
  --  Gene No. 2, gene caller: prodigal, leftEnd: 168, rightEnd: 446, strand: +, length: 279, contig: circular_pair_2456, protein: unknown, score1: 1.0, score2: 0.0
Unique gene call 4
  --  Gene No. 3, gene caller: glimmer, leftEnd: 450, rightEnd: 920, strand: +, length: 471, contig: circular_pair_2456, protein: unknown, score1: 1.0, score2: 0.0
  --  Gene No. 3, gene caller: phanotate, leftEnd: 450, rightEnd: 920, strand: +, length: 471, contig: circular_pair_2456, protein: unknown, score1: 1.0, score2: 0.0
  --  Gene No. 3, gene caller: prodigal, leftEnd: 450, rightEnd: 920, strand: +, length: 471, contig: circular_pair_2456, protein: unknown, score1: 1.0, score2: 0.0
Unique gene call 5
  --  Gene No. 4, gene caller: glimmer, leftEnd: 926, rightEnd: 1231, strand: +, length: 306, contig: circular_pair_2456, protein: unknown, score1: 1.0, score2: 0.0
  --  Gene No. 4, gene caller: phanotate, leftEnd: 926, rightEnd: 1231, strand: +, length: 306, contig: circular_pair_2456, protein: unknown, score1: 1.0, score2: 0.0
  --  Gene No. 4, gene caller: prodigal, leftEnd: 926, rightEnd: 1231, strand: +, length: 306, contig: circular_pair_2456, protein: unknown, score1: 1.0, score2: 0.0
Unique gene call 6
  --  Gene No. 5, gene caller: glimmer, leftEnd: 1238, rightEnd: 1636, strand: +, length: 399, contig: circular_pair_2456, protein: unknown, score1: 1.0, score2: 0.0
  --  Gene No. 5, gene caller: phanotate, leftEnd: 1238, rightEnd: 1636, strand: +, length: 399, contig: circular_pair_2456, protein: unknown, score1: 1.0, score2: 0.0
  --  Gene No. 5, gene caller: prodigal, leftEnd: 1238, rightEnd: 1636, strand: +, length: 399, contig: circular_pair_2456, protein: unknown, score1: 1.0, score2: 0.0
Unique gene call 7
  --  Gene No. 6, gene caller: glimmer, leftEnd: 1633, rightEnd: 1836, strand: +, length: 204, contig: circular_pair_2456, protein: unknown, score1: 1.0, score2: 0.0
  --  Gene No. 6, gene caller: phanotate, leftEnd: 1633, rightEnd: 1836, strand: +, length: 204, contig: circular_pair_2456, protein: unknown, score1: 1.0, score2: 0.0
  --  Gene No. 6, gene caller: prodigal, leftEnd: 1633, rightEnd: 1836, strand: +, length: 204, contig: circular_pair_2456, protein: unknown, score1: 1.0, score2: 0.0
Unique gene call 8
  --  Gene No. 7, gene caller: glimmer, leftEnd: 1812, rightEnd: 2105, strand: -, length: 294, contig: circular_pair_2456, protein: unknown, score1: 1.0, score2: 0.0
  --  Gene No. 7, gene caller: phanotate, leftEnd: 1812, rightEnd: 2105, strand: -, length: 294, contig: circular_pair_2456, protein: unknown, score1: 1.0, score2: 0.0
  --  Gene No. 7, gene caller: prodigal, leftEnd: 1812, rightEnd: 2105, strand: -, length: 294, contig: circular_pair_2456, protein: unknown, score1: 1.0, score2: 0.0
Unique gene call 9
  --  Gene No. 8, gene caller: glimmer, leftEnd: 2105, rightEnd: 2359, strand: -, length: 255, contig: circular_pair_2456, protein: unknown, score1: 1.0, score2: 0.0
  --  Gene No. 8, gene caller: phanotate, leftEnd: 2105, rightEnd: 2359, strand: -, length: 255, contig: circular_pair_2456, protein: unknown, score1: 1.0, score2: 0.0
  --  Gene No. 8, gene caller: prodigal, leftEnd: 2105, rightEnd: 2359, strand: -, length: 255, contig: circular_pair_2456, protein: unknown, score1: 1.0, score2: 0.0
Unique gene call 10
  --  Gene No. 9, gene caller: glimmer, leftEnd: 2374, rightEnd: 2700, strand: -, length: 327, contig: circular_pair_2456, protein: unknown, score1: 1.0, score2: 0.0
  --  Gene No. 9, gene caller: phanotate, leftEnd: 2374, rightEnd: 2700, strand: -, length: 327, contig: circular_pair_2456, protein: unknown, score1: 1.0, score2: 0.0
  --  Gene No. 9, gene caller: prodigal, leftEnd: 2374, rightEnd: 2700, strand: -, length: 327, contig: circular_pair_2456, protein: unknown, score1: 1.0, score2: 0.0
Unique gene call 11
  --  Gene No. 10, gene caller: glimmer, leftEnd: 2700, rightEnd: 2942, strand: -, length: 243, contig: circular_pair_2456, protein: unknown, score1: 1.0, score2: 0.0
  --  Gene No. 10, gene caller: phanotate, leftEnd: 2700, rightEnd: 2942, strand: -, length: 243, contig: circular_pair_2456, protein: unknown, score1: 1.0, score2: 0.0
  --  Gene No. 10, gene caller: prodigal, leftEnd: 2700, rightEnd: 2942, strand: -, length: 243, contig: circular_pair_2456, protein: unknown, score1: 1.0, score2: 0.0
Unique gene call 12
  --  Gene No. 11, gene caller: glimmer, leftEnd: 2935, rightEnd: 3657, strand: -, length: 723, contig: circular_pair_2456, protein: unknown, score1: 1.0, score2: 0.0
  --  Gene No. 11, gene caller: phanotate, leftEnd: 2935, rightEnd: 3657, strand: -, length: 723, contig: circular_pair_2456, protein: unknown, score1: 1.0, score2: 0.0
  --  Gene No. 11, gene caller: prodigal, leftEnd: 2935, rightEnd: 3657, strand: -, length: 723, contig: circular_pair_2456, protein: unknown, score1: 1.0, score2: 0.0
Unique gene call 13
  --  Gene No. 12, gene caller: glimmer, leftEnd: 3657, rightEnd: 4577, strand: -, length: 921, contig: circular_pair_2456, protein: unknown, score1: 1.0, score2: 0.0
  --  Gene No. 12, gene caller: phanotate, leftEnd: 3657, rightEnd: 4577, strand: -, length: 921, contig: circular_pair_2456, protein: unknown, score1: 1.0, score2: 0.0
  --  Gene No. 12, gene caller: prodigal, leftEnd: 3657, rightEnd: 4577, strand: -, length: 921, contig: circular_pair_2456, protein: unknown, score1: 1.0, score2: 0.0
Unique gene call 14
  --  Gene No. 13, gene caller: phanotate, leftEnd: 4675, rightEnd: 5022, strand: -, length: 348, contig: circular_pair_2456, protein: unknown, score1: 0.8333333333333333, score2: 0.0
  --  Gene No. 13, gene caller: prodigal, leftEnd: 4675, rightEnd: 5022, strand: -, length: 348, contig: circular_pair_2456, protein: unknown, score1: 0.8333333333333333, score2: 0.0
Code complete at 2021-04-21 09:50:34.142350
