Opening log at 2021-04-21 09:44:40.731386
Iterating through fileSet at 2021-04-21 09:44:40.731500
fileSet is ['/home/james/Software/multiPhATE2/PipelineOutput/contig_877/commoncore.cgc', '/home/james/Software/multiPhATE2/PipelineOutput/contig_877/consensus.cgc', '/home/james/Software/multiPhATE2/PipelineOutput/contig_877/glimmer.cgc', '/home/james/Software/multiPhATE2/PipelineOutput/contig_877/phanotate.cgc', '/home/james/Software/multiPhATE2/PipelineOutput/contig_877/prodigal.cgc', '/home/james/Software/multiPhATE2/PipelineOutput/contig_877/superset.cgc']
Opening geneFile /home/james/Software/multiPhATE2/PipelineOutput/contig_877/commoncore.cgc
Adding calls from geneFile /home/james/Software/multiPhATE2/PipelineOutput/contig_877/commoncore.cgc
Appending call set  number of calls is: 0
Opening geneFile /home/james/Software/multiPhATE2/PipelineOutput/contig_877/consensus.cgc
Adding calls from geneFile /home/james/Software/multiPhATE2/PipelineOutput/contig_877/consensus.cgc
Appending call set  number of calls is: 0
Opening geneFile /home/james/Software/multiPhATE2/PipelineOutput/contig_877/glimmer.cgc
Adding calls from geneFile /home/james/Software/multiPhATE2/PipelineOutput/contig_877/glimmer.cgc
Appending call set  number of calls is: 23
Opening geneFile /home/james/Software/multiPhATE2/PipelineOutput/contig_877/phanotate.cgc
Adding calls from geneFile /home/james/Software/multiPhATE2/PipelineOutput/contig_877/phanotate.cgc
Appending call set  number of calls is: 31
Opening geneFile /home/james/Software/multiPhATE2/PipelineOutput/contig_877/prodigal.cgc
Adding calls from geneFile /home/james/Software/multiPhATE2/PipelineOutput/contig_877/prodigal.cgc
Appending call set  number of calls is: 24
Opening geneFile /home/james/Software/multiPhATE2/PipelineOutput/contig_877/superset.cgc
Adding calls from geneFile /home/james/Software/multiPhATE2/PipelineOutput/contig_877/superset.cgc
Appending call set  number of calls is: 0
All call sets have been added to caller list. Number of call sets in callerList: 6
callerList is   glimmer phanotate prodigal  
Total number of gene calls across callerList call sets is: 78
Sorting gene calls for each caller
Processing a callSet
Before sorting, Length of callerList for caller  is 0
After sorting, Length of callerList for caller  is 0
Processing a callSet
Before sorting, Length of callerList for caller  is 0
After sorting, Length of callerList for caller  is 0
Processing a callSet
Before sorting, Length of callerList for caller glimmer is 23
After sorting, Length of callerList for caller glimmer is 23
Processing a callSet
Before sorting, Length of callerList for caller phanotate is 31
After sorting, Length of callerList for caller phanotate is 31
Processing a callSet
Before sorting, Length of callerList for caller prodigal is 24
After sorting, Length of callerList for caller prodigal is 24
Processing a callSet
Before sorting, Length of callerList for caller  is 0
After sorting, Length of callerList for caller  is 0
callSet processing complete
Comparing across the call sets...
Merging the geneCall sets....
Final merged genes:

***************Merge List
1	Gene No. 1, gene caller: phanotate, leftEnd: 2, rightEnd: 190, strand: -, length: 189, contig: contig_877, protein: unknown, score1: 1.0, score2: 0.0
2	Gene No. 1, gene caller: prodigal, leftEnd: 2, rightEnd: 190, strand: -, length: 189, contig: contig_877, protein: unknown, score1: 1.0, score2: 0.0
3	Gene No. 2, gene caller: glimmer, leftEnd: 196, rightEnd: 1446, strand: -, length: 1251, contig: contig_877, protein: unknown, score1: 1.0, score2: 0.0
4	Gene No. 2, gene caller: phanotate, leftEnd: 196, rightEnd: 1446, strand: -, length: 1251, contig: contig_877, protein: unknown, score1: 1.0, score2: 0.0
5	Gene No. 2, gene caller: prodigal, leftEnd: 196, rightEnd: 1467, strand: -, length: 1272, contig: contig_877, protein: unknown, score1: 1.0, score2: 0.0
6	Gene No. 3, gene caller: glimmer, leftEnd: 1430, rightEnd: 2221, strand: -, length: 792, contig: contig_877, protein: unknown, score1: 1.0, score2: 0.0
7	Gene No. 3, gene caller: phanotate, leftEnd: 1430, rightEnd: 2221, strand: -, length: 792, contig: contig_877, protein: unknown, score1: 1.0, score2: 0.0
8	Gene No. 3, gene caller: prodigal, leftEnd: 1430, rightEnd: 2221, strand: -, length: 792, contig: contig_877, protein: unknown, score1: 1.0, score2: 0.0
9	Gene No. 4, gene caller: phanotate, leftEnd: 2235, rightEnd: 2336, strand: +, length: 102, contig: contig_877, protein: unknown, score1: 1.0, score2: 0.0
10	Gene No. 4, gene caller: glimmer, leftEnd: 2401, rightEnd: 2769, strand: +, length: 369, contig: contig_877, protein: unknown, score1: 1.0, score2: 0.0
11	Gene No. 5, gene caller: phanotate, leftEnd: 2401, rightEnd: 2769, strand: +, length: 369, contig: contig_877, protein: unknown, score1: 1.0, score2: 0.0
12	Gene No. 4, gene caller: prodigal, leftEnd: 2401, rightEnd: 2769, strand: +, length: 369, contig: contig_877, protein: unknown, score1: 1.0, score2: 0.0
13	Gene No. 5, gene caller: glimmer, leftEnd: 2738, rightEnd: 3013, strand: +, length: 276, contig: contig_877, protein: unknown, score1: 1.0, score2: 0.0
14	Gene No. 6, gene caller: phanotate, leftEnd: 2738, rightEnd: 3013, strand: +, length: 276, contig: contig_877, protein: unknown, score1: 1.0, score2: 0.0
15	Gene No. 5, gene caller: prodigal, leftEnd: 2946, rightEnd: 3221, strand: +, length: 276, contig: contig_877, protein: unknown, score1: 1.0, score2: 0.0
16	Gene No. 6, gene caller: glimmer, leftEnd: 3021, rightEnd: 3221, strand: +, length: 201, contig: contig_877, protein: unknown, score1: 1.0, score2: 0.0
17	Gene No. 7, gene caller: phanotate, leftEnd: 3021, rightEnd: 3221, strand: +, length: 201, contig: contig_877, protein: unknown, score1: 1.0, score2: 0.0
18	Gene No. 8, gene caller: phanotate, leftEnd: 3218, rightEnd: 3313, strand: +, length: 96, contig: contig_877, protein: unknown, score1: 1.0, score2: 0.0
19	Gene No. 7, gene caller: glimmer, leftEnd: 3310, rightEnd: 3696, strand: +, length: 387, contig: contig_877, protein: unknown, score1: 1.0, score2: 0.0
20	Gene No. 9, gene caller: phanotate, leftEnd: 3310, rightEnd: 3696, strand: +, length: 387, contig: contig_877, protein: unknown, score1: 1.0, score2: 0.0
21	Gene No. 6, gene caller: prodigal, leftEnd: 3310, rightEnd: 3696, strand: +, length: 387, contig: contig_877, protein: unknown, score1: 1.0, score2: 0.0
22	Gene No. 7, gene caller: prodigal, leftEnd: 3638, rightEnd: 4429, strand: +, length: 792, contig: contig_877, protein: unknown, score1: 1.0, score2: 0.0
23	Gene No. 8, gene caller: glimmer, leftEnd: 3728, rightEnd: 4429, strand: +, length: 702, contig: contig_877, protein: unknown, score1: 1.0, score2: 0.0
24	Gene No. 10, gene caller: phanotate, leftEnd: 3728, rightEnd: 4429, strand: +, length: 702, contig: contig_877, protein: unknown, score1: 1.0, score2: 0.0
25	Gene No. 9, gene caller: glimmer, leftEnd: 4436, rightEnd: 4651, strand: +, length: 216, contig: contig_877, protein: unknown, score1: 1.0, score2: 0.0
26	Gene No. 11, gene caller: phanotate, leftEnd: 4436, rightEnd: 4651, strand: +, length: 216, contig: contig_877, protein: unknown, score1: 1.0, score2: 0.0
27	Gene No. 8, gene caller: prodigal, leftEnd: 4436, rightEnd: 4651, strand: +, length: 216, contig: contig_877, protein: unknown, score1: 1.0, score2: 0.0
28	Gene No. 12, gene caller: phanotate, leftEnd: 4699, rightEnd: 4935, strand: +, length: 237, contig: contig_877, protein: unknown, score1: 1.0, score2: 0.0
29	Gene No. 10, gene caller: glimmer, leftEnd: 4702, rightEnd: 4935, strand: +, length: 234, contig: contig_877, protein: unknown, score1: 1.0, score2: 0.0
30	Gene No. 9, gene caller: prodigal, leftEnd: 4735, rightEnd: 4935, strand: +, length: 201, contig: contig_877, protein: unknown, score1: 1.0, score2: 0.0
31	Gene No. 11, gene caller: glimmer, leftEnd: 4962, rightEnd: 5291, strand: +, length: 330, contig: contig_877, protein: unknown, score1: 1.0, score2: 0.0
32	Gene No. 13, gene caller: phanotate, leftEnd: 4962, rightEnd: 5291, strand: +, length: 330, contig: contig_877, protein: unknown, score1: 1.0, score2: 0.0
33	Gene No. 10, gene caller: prodigal, leftEnd: 4962, rightEnd: 5291, strand: +, length: 330, contig: contig_877, protein: unknown, score1: 1.0, score2: 0.0
34	Gene No. 14, gene caller: phanotate, leftEnd: 5233, rightEnd: 5526, strand: +, length: 294, contig: contig_877, protein: unknown, score1: 1.0, score2: 0.0
35	Gene No. 12, gene caller: glimmer, leftEnd: 5338, rightEnd: 5526, strand: +, length: 189, contig: contig_877, protein: unknown, score1: 1.0, score2: 0.0
36	Gene No. 11, gene caller: prodigal, leftEnd: 5338, rightEnd: 5526, strand: +, length: 189, contig: contig_877, protein: unknown, score1: 1.0, score2: 0.0
37	Gene No. 13, gene caller: glimmer, leftEnd: 5502, rightEnd: 5795, strand: +, length: 294, contig: contig_877, protein: unknown, score1: 1.0, score2: 0.0
38	Gene No. 15, gene caller: phanotate, leftEnd: 5502, rightEnd: 5795, strand: +, length: 294, contig: contig_877, protein: unknown, score1: 1.0, score2: 0.0
39	Gene No. 12, gene caller: prodigal, leftEnd: 5502, rightEnd: 5795, strand: +, length: 294, contig: contig_877, protein: unknown, score1: 1.0, score2: 0.0
40	Gene No. 14, gene caller: glimmer, leftEnd: 5828, rightEnd: 5944, strand: +, length: 117, contig: contig_877, protein: unknown, score1: 1.0, score2: 0.0
41	Gene No. 16, gene caller: phanotate, leftEnd: 5837, rightEnd: 5944, strand: +, length: 108, contig: contig_877, protein: unknown, score1: 1.0, score2: 0.0
42	Gene No. 13, gene caller: prodigal, leftEnd: 5837, rightEnd: 5944, strand: +, length: 108, contig: contig_877, protein: unknown, score1: 1.0, score2: 0.0
43	Gene No. 15, gene caller: glimmer, leftEnd: 5962, rightEnd: 6429, strand: +, length: 468, contig: contig_877, protein: unknown, score1: 1.0, score2: 0.0
44	Gene No. 17, gene caller: phanotate, leftEnd: 5962, rightEnd: 6429, strand: +, length: 468, contig: contig_877, protein: unknown, score1: 1.0, score2: 0.0
45	Gene No. 14, gene caller: prodigal, leftEnd: 5962, rightEnd: 6429, strand: +, length: 468, contig: contig_877, protein: unknown, score1: 1.0, score2: 0.0
46	Gene No. 18, gene caller: phanotate, leftEnd: 6363, rightEnd: 6680, strand: +, length: 318, contig: contig_877, protein: unknown, score1: 1.0, score2: 0.0
47	Gene No. 16, gene caller: glimmer, leftEnd: 6486, rightEnd: 6680, strand: +, length: 195, contig: contig_877, protein: unknown, score1: 1.0, score2: 0.0
48	Gene No. 15, gene caller: prodigal, leftEnd: 6489, rightEnd: 6680, strand: +, length: 192, contig: contig_877, protein: unknown, score1: 1.0, score2: 0.0
49	Gene No. 19, gene caller: phanotate, leftEnd: 6735, rightEnd: 6833, strand: +, length: 99, contig: contig_877, protein: unknown, score1: 1.0, score2: 0.0
50	Gene No. 17, gene caller: glimmer, leftEnd: 6764, rightEnd: 7255, strand: +, length: 492, contig: contig_877, protein: unknown, score1: 1.0, score2: 0.0
51	Gene No. 16, gene caller: prodigal, leftEnd: 6764, rightEnd: 7255, strand: +, length: 492, contig: contig_877, protein: unknown, score1: 1.0, score2: 0.0
52	Gene No. 20, gene caller: phanotate, leftEnd: 6830, rightEnd: 7255, strand: +, length: 426, contig: contig_877, protein: unknown, score1: 1.0, score2: 0.0
53	Gene No. 18, gene caller: glimmer, leftEnd: 7268, rightEnd: 7456, strand: +, length: 189, contig: contig_877, protein: unknown, score1: 1.0, score2: 0.0
54	Gene No. 21, gene caller: phanotate, leftEnd: 7268, rightEnd: 7456, strand: +, length: 189, contig: contig_877, protein: unknown, score1: 1.0, score2: 0.0
55	Gene No. 17, gene caller: prodigal, leftEnd: 7268, rightEnd: 7456, strand: +, length: 189, contig: contig_877, protein: unknown, score1: 1.0, score2: 0.0
56	Gene No. 22, gene caller: phanotate, leftEnd: 7591, rightEnd: 7704, strand: +, length: 114, contig: contig_877, protein: unknown, score1: 1.0, score2: 0.0
57	Gene No. 18, gene caller: prodigal, leftEnd: 7591, rightEnd: 7704, strand: +, length: 114, contig: contig_877, protein: unknown, score1: 1.0, score2: 0.0
58	Gene No. 23, gene caller: phanotate, leftEnd: 7803, rightEnd: 7916, strand: -, length: 114, contig: contig_877, protein: unknown, score1: 1.0, score2: 0.0
59	Gene No. 19, gene caller: glimmer, leftEnd: 7919, rightEnd: 8182, strand: +, length: 264, contig: contig_877, protein: unknown, score1: 1.0, score2: 0.0
60	Gene No. 24, gene caller: phanotate, leftEnd: 7919, rightEnd: 8182, strand: +, length: 264, contig: contig_877, protein: unknown, score1: 1.0, score2: 0.0
61	Gene No. 19, gene caller: prodigal, leftEnd: 7919, rightEnd: 8182, strand: +, length: 264, contig: contig_877, protein: unknown, score1: 1.0, score2: 0.0
62	Gene No. 25, gene caller: phanotate, leftEnd: 8278, rightEnd: 8382, strand: +, length: 105, contig: contig_877, protein: unknown, score1: 1.0, score2: 0.0
63	Gene No. 20, gene caller: glimmer, leftEnd: 8475, rightEnd: 9044, strand: +, length: 570, contig: contig_877, protein: unknown, score1: 1.0, score2: 0.0
64	Gene No. 26, gene caller: phanotate, leftEnd: 8475, rightEnd: 9044, strand: +, length: 570, contig: contig_877, protein: unknown, score1: 1.0, score2: 0.0
65	Gene No. 20, gene caller: prodigal, leftEnd: 8475, rightEnd: 9044, strand: +, length: 570, contig: contig_877, protein: unknown, score1: 1.0, score2: 0.0
66	Gene No. 21, gene caller: glimmer, leftEnd: 9138, rightEnd: 9263, strand: +, length: 126, contig: contig_877, protein: unknown, score1: 1.0, score2: 0.0
67	Gene No. 27, gene caller: phanotate, leftEnd: 9138, rightEnd: 9263, strand: +, length: 126, contig: contig_877, protein: unknown, score1: 1.0, score2: 0.0
68	Gene No. 22, gene caller: glimmer, leftEnd: 9272, rightEnd: 9508, strand: +, length: 237, contig: contig_877, protein: unknown, score1: 1.0, score2: 0.0
69	Gene No. 28, gene caller: phanotate, leftEnd: 9272, rightEnd: 9508, strand: +, length: 237, contig: contig_877, protein: unknown, score1: 1.0, score2: 0.0
70	Gene No. 21, gene caller: prodigal, leftEnd: 9272, rightEnd: 9508, strand: +, length: 237, contig: contig_877, protein: unknown, score1: 1.0, score2: 0.0
71	Gene No. 23, gene caller: glimmer, leftEnd: 9511, rightEnd: 9876, strand: +, length: 366, contig: contig_877, protein: unknown, score1: 1.0, score2: 0.0
72	Gene No. 29, gene caller: phanotate, leftEnd: 9511, rightEnd: 9876, strand: +, length: 366, contig: contig_877, protein: unknown, score1: 1.0, score2: 0.0
73	Gene No. 22, gene caller: prodigal, leftEnd: 9511, rightEnd: 9876, strand: +, length: 366, contig: contig_877, protein: unknown, score1: 1.0, score2: 0.0
74	Gene No. 24, gene caller: glimmer, leftEnd: 9873, rightEnd: 10241, strand: +, length: 369, contig: contig_877, protein: unknown, score1: 1.0, score2: 0.0
75	Gene No. 30, gene caller: phanotate, leftEnd: 9873, rightEnd: 10241, strand: +, length: 369, contig: contig_877, protein: unknown, score1: 1.0, score2: 0.0
76	Gene No. 23, gene caller: prodigal, leftEnd: 9873, rightEnd: 10241, strand: +, length: 369, contig: contig_877, protein: unknown, score1: 1.0, score2: 0.0
77	Gene No. 31, gene caller: phanotate, leftEnd: 10238, rightEnd: 10573, strand: +, length: 336, contig: contig_877, protein: unknown, score1: 1.0, score2: 0.0
78	Gene No. 24, gene caller: prodigal, leftEnd: 10238, rightEnd: 10573, strand: +, length: 336, contig: contig_877, protein: unknown, score1: 1.0, score2: 0.0
Comparing across geneCall sets....
Scoring gene calls....
Identifying common core...
This is the Common Core List:

***************Common Core
CC-gene 1	Gene No. 1, gene caller: All_callers, leftEnd: 1430, rightEnd: 2221, strand: -, length: 792, contig: contig_877, protein: unknown, score1: 1.0, score2: 0.0
CC-gene 2	Gene No. 1, gene caller: All_callers, leftEnd: 2401, rightEnd: 2769, strand: +, length: 369, contig: contig_877, protein: unknown, score1: 1.0, score2: 0.0
CC-gene 3	Gene No. 1, gene caller: All_callers, leftEnd: 3310, rightEnd: 3696, strand: +, length: 387, contig: contig_877, protein: unknown, score1: 1.0, score2: 0.0
CC-gene 4	Gene No. 1, gene caller: All_callers, leftEnd: 4436, rightEnd: 4651, strand: +, length: 216, contig: contig_877, protein: unknown, score1: 1.0, score2: 0.0
CC-gene 5	Gene No. 1, gene caller: All_callers, leftEnd: 4962, rightEnd: 5291, strand: +, length: 330, contig: contig_877, protein: unknown, score1: 1.0, score2: 0.0
CC-gene 6	Gene No. 1, gene caller: All_callers, leftEnd: 5502, rightEnd: 5795, strand: +, length: 294, contig: contig_877, protein: unknown, score1: 1.0, score2: 0.0
CC-gene 7	Gene No. 1, gene caller: All_callers, leftEnd: 5962, rightEnd: 6429, strand: +, length: 468, contig: contig_877, protein: unknown, score1: 1.0, score2: 0.0
CC-gene 8	Gene No. 1, gene caller: All_callers, leftEnd: 7268, rightEnd: 7456, strand: +, length: 189, contig: contig_877, protein: unknown, score1: 1.0, score2: 0.0
CC-gene 9	Gene No. 1, gene caller: All_callers, leftEnd: 7919, rightEnd: 8182, strand: +, length: 264, contig: contig_877, protein: unknown, score1: 1.0, score2: 0.0
CC-gene 10	Gene No. 1, gene caller: All_callers, leftEnd: 8475, rightEnd: 9044, strand: +, length: 570, contig: contig_877, protein: unknown, score1: 1.0, score2: 0.0
CC-gene 11	Gene No. 1, gene caller: All_callers, leftEnd: 9272, rightEnd: 9508, strand: +, length: 237, contig: contig_877, protein: unknown, score1: 1.0, score2: 0.0
CC-gene 12	Gene No. 1, gene caller: All_callers, leftEnd: 9511, rightEnd: 9876, strand: +, length: 366, contig: contig_877, protein: unknown, score1: 1.0, score2: 0.0
CC-gene 13	Gene No. 1, gene caller: All_callers, leftEnd: 9873, rightEnd: 10241, strand: +, length: 369, contig: contig_877, protein: unknown, score1: 1.0, score2: 0.0
Printing gene-call superset, consensus, and common_core in GFF and CGC formats
Printing report....
The following gene callers were considered: glimmer, phanotate, prodigal, The number of distinct gene calls over all gene callers is 41
The number of gene calls in common among all callers is 13
The number of unique (non-matching) gene calls is17
Caller glimmer produced 23 gene calls.
Caller glimmer gene-call length stats:  min: 117, max: 1251, ave: 375.39130434782606
Caller phanotate produced 31 gene calls.
Caller phanotate gene-call length stats:  min: 96, max: 1251, ave: 320.80645161290323
Caller prodigal produced 24 gene calls.
Caller prodigal gene-call length stats:  min: 108, max: 1272, ave: 375.5

Gene-call Scores:
Caller	Contig	Gene No.	Left End	Right End	Strand	gcScore
phanotate	contig_877	1	2	190	-	0.83
prodigal	contig_877	1	2	190	-	0.83
glimmer	contig_877	2	196	1446	-	0.83
phanotate	contig_877	2	196	1446	-	0.83
prodigal	contig_877	2	196	1467	-	0.50
glimmer	contig_877	3	1430	2221	-	1.00
phanotate	contig_877	3	1430	2221	-	1.00
prodigal	contig_877	3	1430	2221	-	1.00
phanotate	contig_877	4	2235	2336	+	0.33
glimmer	contig_877	4	2401	2769	+	1.00
phanotate	contig_877	5	2401	2769	+	1.00
prodigal	contig_877	4	2401	2769	+	1.00
glimmer	contig_877	5	2738	3013	+	0.83
phanotate	contig_877	6	2738	3013	+	0.83
prodigal	contig_877	5	2946	3221	+	0.50
glimmer	contig_877	6	3021	3221	+	0.83
phanotate	contig_877	7	3021	3221	+	0.83
phanotate	contig_877	8	3218	3313	+	0.33
glimmer	contig_877	7	3310	3696	+	1.00
phanotate	contig_877	9	3310	3696	+	1.00
prodigal	contig_877	6	3310	3696	+	1.00
prodigal	contig_877	7	3638	4429	+	0.50
glimmer	contig_877	8	3728	4429	+	0.83
phanotate	contig_877	10	3728	4429	+	0.83
glimmer	contig_877	9	4436	4651	+	1.00
phanotate	contig_877	11	4436	4651	+	1.00
prodigal	contig_877	8	4436	4651	+	1.00
phanotate	contig_877	12	4699	4935	+	0.50
glimmer	contig_877	10	4702	4935	+	0.50
prodigal	contig_877	9	4735	4935	+	0.50
glimmer	contig_877	11	4962	5291	+	1.00
phanotate	contig_877	13	4962	5291	+	1.00
prodigal	contig_877	10	4962	5291	+	1.00
phanotate	contig_877	14	5233	5526	+	0.50
glimmer	contig_877	12	5338	5526	+	0.83
prodigal	contig_877	11	5338	5526	+	0.83
glimmer	contig_877	13	5502	5795	+	1.00
phanotate	contig_877	15	5502	5795	+	1.00
prodigal	contig_877	12	5502	5795	+	1.00
glimmer	contig_877	14	5828	5944	+	0.50
phanotate	contig_877	16	5837	5944	+	0.83
prodigal	contig_877	13	5837	5944	+	0.83
glimmer	contig_877	15	5962	6429	+	1.00
phanotate	contig_877	17	5962	6429	+	1.00
prodigal	contig_877	14	5962	6429	+	1.00
phanotate	contig_877	18	6363	6680	+	0.50
glimmer	contig_877	16	6486	6680	+	0.50
prodigal	contig_877	15	6489	6680	+	0.50
phanotate	contig_877	19	6735	6833	+	0.33
glimmer	contig_877	17	6764	7255	+	0.83
prodigal	contig_877	16	6764	7255	+	0.83
phanotate	contig_877	20	6830	7255	+	0.50
glimmer	contig_877	18	7268	7456	+	1.00
phanotate	contig_877	21	7268	7456	+	1.00
prodigal	contig_877	17	7268	7456	+	1.00
phanotate	contig_877	22	7591	7704	+	0.83
prodigal	contig_877	18	7591	7704	+	0.83
phanotate	contig_877	23	7803	7916	-	0.33
glimmer	contig_877	19	7919	8182	+	1.00
phanotate	contig_877	24	7919	8182	+	1.00
prodigal	contig_877	19	7919	8182	+	1.00
phanotate	contig_877	25	8278	8382	+	0.33
glimmer	contig_877	20	8475	9044	+	1.00
phanotate	contig_877	26	8475	9044	+	1.00
prodigal	contig_877	20	8475	9044	+	1.00
glimmer	contig_877	21	9138	9263	+	0.83
phanotate	contig_877	27	9138	9263	+	0.83
glimmer	contig_877	22	9272	9508	+	1.00
phanotate	contig_877	28	9272	9508	+	1.00
prodigal	contig_877	21	9272	9508	+	1.00
glimmer	contig_877	23	9511	9876	+	1.00
phanotate	contig_877	29	9511	9876	+	1.00
prodigal	contig_877	22	9511	9876	+	1.00
glimmer	contig_877	24	9873	10241	+	1.00
phanotate	contig_877	30	9873	10241	+	1.00
prodigal	contig_877	23	9873	10241	+	1.00
phanotate	contig_877	31	10238	10573	+	0.83
prodigal	contig_877	24	10238	10573	+	0.83

Gene-call Consensus Scores:
Caller glimmer average gene-call score: 0.88
Caller phanotate average gene-call score: 0.78
Caller prodigal average gene-call score: 0.85

***************Unique List
Unique gene call 1
  --  Gene No. 1, gene caller: phanotate, leftEnd: 2, rightEnd: 190, strand: -, length: 189, contig: contig_877, protein: unknown, score1: 0.8333333333333333, score2: 0.0
  --  Gene No. 1, gene caller: prodigal, leftEnd: 2, rightEnd: 190, strand: -, length: 189, contig: contig_877, protein: unknown, score1: 0.8333333333333333, score2: 0.0
Unique gene call 2
  --  Gene No. 2, gene caller: glimmer, leftEnd: 196, rightEnd: 1446, strand: -, length: 1251, contig: contig_877, protein: unknown, score1: 0.8333333333333333, score2: 0.0
  --  Gene No. 2, gene caller: phanotate, leftEnd: 196, rightEnd: 1446, strand: -, length: 1251, contig: contig_877, protein: unknown, score1: 0.8333333333333333, score2: 0.0
Unique gene call 3
  --  Gene No. 2, gene caller: prodigal, leftEnd: 196, rightEnd: 1467, strand: -, length: 1272, contig: contig_877, protein: unknown, score1: 0.5, score2: 0.0
Unique gene call 4
  --  Gene No. 3, gene caller: glimmer, leftEnd: 1430, rightEnd: 2221, strand: -, length: 792, contig: contig_877, protein: unknown, score1: 1.0, score2: 0.0
  --  Gene No. 3, gene caller: phanotate, leftEnd: 1430, rightEnd: 2221, strand: -, length: 792, contig: contig_877, protein: unknown, score1: 1.0, score2: 0.0
  --  Gene No. 3, gene caller: prodigal, leftEnd: 1430, rightEnd: 2221, strand: -, length: 792, contig: contig_877, protein: unknown, score1: 1.0, score2: 0.0
Unique gene call 5
  --  Gene No. 4, gene caller: phanotate, leftEnd: 2235, rightEnd: 2336, strand: +, length: 102, contig: contig_877, protein: unknown, score1: 0.3333333333333333, score2: 0.0
Unique gene call 6
  --  Gene No. 4, gene caller: glimmer, leftEnd: 2401, rightEnd: 2769, strand: +, length: 369, contig: contig_877, protein: unknown, score1: 1.0, score2: 0.0
  --  Gene No. 5, gene caller: phanotate, leftEnd: 2401, rightEnd: 2769, strand: +, length: 369, contig: contig_877, protein: unknown, score1: 1.0, score2: 0.0
  --  Gene No. 4, gene caller: prodigal, leftEnd: 2401, rightEnd: 2769, strand: +, length: 369, contig: contig_877, protein: unknown, score1: 1.0, score2: 0.0
Unique gene call 7
  --  Gene No. 5, gene caller: glimmer, leftEnd: 2738, rightEnd: 3013, strand: +, length: 276, contig: contig_877, protein: unknown, score1: 0.8333333333333333, score2: 0.0
  --  Gene No. 6, gene caller: phanotate, leftEnd: 2738, rightEnd: 3013, strand: +, length: 276, contig: contig_877, protein: unknown, score1: 0.8333333333333333, score2: 0.0
Unique gene call 8
  --  Gene No. 5, gene caller: prodigal, leftEnd: 2946, rightEnd: 3221, strand: +, length: 276, contig: contig_877, protein: unknown, score1: 0.5, score2: 0.0
Unique gene call 9
  --  Gene No. 6, gene caller: glimmer, leftEnd: 3021, rightEnd: 3221, strand: +, length: 201, contig: contig_877, protein: unknown, score1: 0.8333333333333333, score2: 0.0
  --  Gene No. 7, gene caller: phanotate, leftEnd: 3021, rightEnd: 3221, strand: +, length: 201, contig: contig_877, protein: unknown, score1: 0.8333333333333333, score2: 0.0
Unique gene call 10
  --  Gene No. 8, gene caller: phanotate, leftEnd: 3218, rightEnd: 3313, strand: +, length: 96, contig: contig_877, protein: unknown, score1: 0.3333333333333333, score2: 0.0
Unique gene call 11
  --  Gene No. 7, gene caller: glimmer, leftEnd: 3310, rightEnd: 3696, strand: +, length: 387, contig: contig_877, protein: unknown, score1: 1.0, score2: 0.0
  --  Gene No. 9, gene caller: phanotate, leftEnd: 3310, rightEnd: 3696, strand: +, length: 387, contig: contig_877, protein: unknown, score1: 1.0, score2: 0.0
  --  Gene No. 6, gene caller: prodigal, leftEnd: 3310, rightEnd: 3696, strand: +, length: 387, contig: contig_877, protein: unknown, score1: 1.0, score2: 0.0
Unique gene call 12
  --  Gene No. 7, gene caller: prodigal, leftEnd: 3638, rightEnd: 4429, strand: +, length: 792, contig: contig_877, protein: unknown, score1: 0.5, score2: 0.0
Unique gene call 13
  --  Gene No. 8, gene caller: glimmer, leftEnd: 3728, rightEnd: 4429, strand: +, length: 702, contig: contig_877, protein: unknown, score1: 0.8333333333333333, score2: 0.0
  --  Gene No. 10, gene caller: phanotate, leftEnd: 3728, rightEnd: 4429, strand: +, length: 702, contig: contig_877, protein: unknown, score1: 0.8333333333333333, score2: 0.0
Unique gene call 14
  --  Gene No. 9, gene caller: glimmer, leftEnd: 4436, rightEnd: 4651, strand: +, length: 216, contig: contig_877, protein: unknown, score1: 1.0, score2: 0.0
  --  Gene No. 11, gene caller: phanotate, leftEnd: 4436, rightEnd: 4651, strand: +, length: 216, contig: contig_877, protein: unknown, score1: 1.0, score2: 0.0
  --  Gene No. 8, gene caller: prodigal, leftEnd: 4436, rightEnd: 4651, strand: +, length: 216, contig: contig_877, protein: unknown, score1: 1.0, score2: 0.0
Unique gene call 15
  --  Gene No. 12, gene caller: phanotate, leftEnd: 4699, rightEnd: 4935, strand: +, length: 237, contig: contig_877, protein: unknown, score1: 0.5, score2: 0.0
Unique gene call 16
  --  Gene No. 10, gene caller: glimmer, leftEnd: 4702, rightEnd: 4935, strand: +, length: 234, contig: contig_877, protein: unknown, score1: 0.5, score2: 0.0
Unique gene call 17
  --  Gene No. 9, gene caller: prodigal, leftEnd: 4735, rightEnd: 4935, strand: +, length: 201, contig: contig_877, protein: unknown, score1: 0.5, score2: 0.0
Unique gene call 18
  --  Gene No. 11, gene caller: glimmer, leftEnd: 4962, rightEnd: 5291, strand: +, length: 330, contig: contig_877, protein: unknown, score1: 1.0, score2: 0.0
  --  Gene No. 13, gene caller: phanotate, leftEnd: 4962, rightEnd: 5291, strand: +, length: 330, contig: contig_877, protein: unknown, score1: 1.0, score2: 0.0
  --  Gene No. 10, gene caller: prodigal, leftEnd: 4962, rightEnd: 5291, strand: +, length: 330, contig: contig_877, protein: unknown, score1: 1.0, score2: 0.0
Unique gene call 19
  --  Gene No. 14, gene caller: phanotate, leftEnd: 5233, rightEnd: 5526, strand: +, length: 294, contig: contig_877, protein: unknown, score1: 0.5, score2: 0.0
Unique gene call 20
  --  Gene No. 12, gene caller: glimmer, leftEnd: 5338, rightEnd: 5526, strand: +, length: 189, contig: contig_877, protein: unknown, score1: 0.8333333333333333, score2: 0.0
  --  Gene No. 11, gene caller: prodigal, leftEnd: 5338, rightEnd: 5526, strand: +, length: 189, contig: contig_877, protein: unknown, score1: 0.8333333333333333, score2: 0.0
Unique gene call 21
  --  Gene No. 13, gene caller: glimmer, leftEnd: 5502, rightEnd: 5795, strand: +, length: 294, contig: contig_877, protein: unknown, score1: 1.0, score2: 0.0
  --  Gene No. 15, gene caller: phanotate, leftEnd: 5502, rightEnd: 5795, strand: +, length: 294, contig: contig_877, protein: unknown, score1: 1.0, score2: 0.0
  --  Gene No. 12, gene caller: prodigal, leftEnd: 5502, rightEnd: 5795, strand: +, length: 294, contig: contig_877, protein: unknown, score1: 1.0, score2: 0.0
Unique gene call 22
  --  Gene No. 14, gene caller: glimmer, leftEnd: 5828, rightEnd: 5944, strand: +, length: 117, contig: contig_877, protein: unknown, score1: 0.5, score2: 0.0
Unique gene call 23
  --  Gene No. 16, gene caller: phanotate, leftEnd: 5837, rightEnd: 5944, strand: +, length: 108, contig: contig_877, protein: unknown, score1: 0.8333333333333333, score2: 0.0
  --  Gene No. 13, gene caller: prodigal, leftEnd: 5837, rightEnd: 5944, strand: +, length: 108, contig: contig_877, protein: unknown, score1: 0.8333333333333333, score2: 0.0
Unique gene call 24
  --  Gene No. 15, gene caller: glimmer, leftEnd: 5962, rightEnd: 6429, strand: +, length: 468, contig: contig_877, protein: unknown, score1: 1.0, score2: 0.0
  --  Gene No. 17, gene caller: phanotate, leftEnd: 5962, rightEnd: 6429, strand: +, length: 468, contig: contig_877, protein: unknown, score1: 1.0, score2: 0.0
  --  Gene No. 14, gene caller: prodigal, leftEnd: 5962, rightEnd: 6429, strand: +, length: 468, contig: contig_877, protein: unknown, score1: 1.0, score2: 0.0
Unique gene call 25
  --  Gene No. 18, gene caller: phanotate, leftEnd: 6363, rightEnd: 6680, strand: +, length: 318, contig: contig_877, protein: unknown, score1: 0.5, score2: 0.0
Unique gene call 26
  --  Gene No. 16, gene caller: glimmer, leftEnd: 6486, rightEnd: 6680, strand: +, length: 195, contig: contig_877, protein: unknown, score1: 0.5, score2: 0.0
Unique gene call 27
  --  Gene No. 15, gene caller: prodigal, leftEnd: 6489, rightEnd: 6680, strand: +, length: 192, contig: contig_877, protein: unknown, score1: 0.5, score2: 0.0
Unique gene call 28
  --  Gene No. 19, gene caller: phanotate, leftEnd: 6735, rightEnd: 6833, strand: +, length: 99, contig: contig_877, protein: unknown, score1: 0.3333333333333333, score2: 0.0
Unique gene call 29
  --  Gene No. 17, gene caller: glimmer, leftEnd: 6764, rightEnd: 7255, strand: +, length: 492, contig: contig_877, protein: unknown, score1: 0.8333333333333333, score2: 0.0
  --  Gene No. 16, gene caller: prodigal, leftEnd: 6764, rightEnd: 7255, strand: +, length: 492, contig: contig_877, protein: unknown, score1: 0.8333333333333333, score2: 0.0
Unique gene call 30
  --  Gene No. 20, gene caller: phanotate, leftEnd: 6830, rightEnd: 7255, strand: +, length: 426, contig: contig_877, protein: unknown, score1: 0.5, score2: 0.0
Unique gene call 31
  --  Gene No. 18, gene caller: glimmer, leftEnd: 7268, rightEnd: 7456, strand: +, length: 189, contig: contig_877, protein: unknown, score1: 1.0, score2: 0.0
  --  Gene No. 21, gene caller: phanotate, leftEnd: 7268, rightEnd: 7456, strand: +, length: 189, contig: contig_877, protein: unknown, score1: 1.0, score2: 0.0
  --  Gene No. 17, gene caller: prodigal, leftEnd: 7268, rightEnd: 7456, strand: +, length: 189, contig: contig_877, protein: unknown, score1: 1.0, score2: 0.0
Unique gene call 32
  --  Gene No. 22, gene caller: phanotate, leftEnd: 7591, rightEnd: 7704, strand: +, length: 114, contig: contig_877, protein: unknown, score1: 0.8333333333333333, score2: 0.0
  --  Gene No. 18, gene caller: prodigal, leftEnd: 7591, rightEnd: 7704, strand: +, length: 114, contig: contig_877, protein: unknown, score1: 0.8333333333333333, score2: 0.0
Unique gene call 33
  --  Gene No. 23, gene caller: phanotate, leftEnd: 7803, rightEnd: 7916, strand: -, length: 114, contig: contig_877, protein: unknown, score1: 0.3333333333333333, score2: 0.0
Unique gene call 34
  --  Gene No. 19, gene caller: glimmer, leftEnd: 7919, rightEnd: 8182, strand: +, length: 264, contig: contig_877, protein: unknown, score1: 1.0, score2: 0.0
  --  Gene No. 24, gene caller: phanotate, leftEnd: 7919, rightEnd: 8182, strand: +, length: 264, contig: contig_877, protein: unknown, score1: 1.0, score2: 0.0
  --  Gene No. 19, gene caller: prodigal, leftEnd: 7919, rightEnd: 8182, strand: +, length: 264, contig: contig_877, protein: unknown, score1: 1.0, score2: 0.0
Unique gene call 35
  --  Gene No. 25, gene caller: phanotate, leftEnd: 8278, rightEnd: 8382, strand: +, length: 105, contig: contig_877, protein: unknown, score1: 0.3333333333333333, score2: 0.0
Unique gene call 36
  --  Gene No. 20, gene caller: glimmer, leftEnd: 8475, rightEnd: 9044, strand: +, length: 570, contig: contig_877, protein: unknown, score1: 1.0, score2: 0.0
  --  Gene No. 26, gene caller: phanotate, leftEnd: 8475, rightEnd: 9044, strand: +, length: 570, contig: contig_877, protein: unknown, score1: 1.0, score2: 0.0
  --  Gene No. 20, gene caller: prodigal, leftEnd: 8475, rightEnd: 9044, strand: +, length: 570, contig: contig_877, protein: unknown, score1: 1.0, score2: 0.0
Unique gene call 37
  --  Gene No. 21, gene caller: glimmer, leftEnd: 9138, rightEnd: 9263, strand: +, length: 126, contig: contig_877, protein: unknown, score1: 0.8333333333333333, score2: 0.0
  --  Gene No. 27, gene caller: phanotate, leftEnd: 9138, rightEnd: 9263, strand: +, length: 126, contig: contig_877, protein: unknown, score1: 0.8333333333333333, score2: 0.0
Unique gene call 38
  --  Gene No. 22, gene caller: glimmer, leftEnd: 9272, rightEnd: 9508, strand: +, length: 237, contig: contig_877, protein: unknown, score1: 1.0, score2: 0.0
  --  Gene No. 28, gene caller: phanotate, leftEnd: 9272, rightEnd: 9508, strand: +, length: 237, contig: contig_877, protein: unknown, score1: 1.0, score2: 0.0
  --  Gene No. 21, gene caller: prodigal, leftEnd: 9272, rightEnd: 9508, strand: +, length: 237, contig: contig_877, protein: unknown, score1: 1.0, score2: 0.0
Unique gene call 39
  --  Gene No. 23, gene caller: glimmer, leftEnd: 9511, rightEnd: 9876, strand: +, length: 366, contig: contig_877, protein: unknown, score1: 1.0, score2: 0.0
  --  Gene No. 29, gene caller: phanotate, leftEnd: 9511, rightEnd: 9876, strand: +, length: 366, contig: contig_877, protein: unknown, score1: 1.0, score2: 0.0
  --  Gene No. 22, gene caller: prodigal, leftEnd: 9511, rightEnd: 9876, strand: +, length: 366, contig: contig_877, protein: unknown, score1: 1.0, score2: 0.0
Unique gene call 40
  --  Gene No. 24, gene caller: glimmer, leftEnd: 9873, rightEnd: 10241, strand: +, length: 369, contig: contig_877, protein: unknown, score1: 1.0, score2: 0.0
  --  Gene No. 30, gene caller: phanotate, leftEnd: 9873, rightEnd: 10241, strand: +, length: 369, contig: contig_877, protein: unknown, score1: 1.0, score2: 0.0
  --  Gene No. 23, gene caller: prodigal, leftEnd: 9873, rightEnd: 10241, strand: +, length: 369, contig: contig_877, protein: unknown, score1: 1.0, score2: 0.0
Unique gene call 41
  --  Gene No. 31, gene caller: phanotate, leftEnd: 10238, rightEnd: 10573, strand: +, length: 336, contig: contig_877, protein: unknown, score1: 0.8333333333333333, score2: 0.0
  --  Gene No. 24, gene caller: prodigal, leftEnd: 10238, rightEnd: 10573, strand: +, length: 336, contig: contig_877, protein: unknown, score1: 0.8333333333333333, score2: 0.0
Code complete at 2021-04-21 09:44:40.738436
