Opening log at 2021-04-21 09:34:16.709030
Iterating through fileSet at 2021-04-21 09:34:16.709209
fileSet is ['/home/james/Software/multiPhATE2/PipelineOutput/contig_2737/commoncore.cgc', '/home/james/Software/multiPhATE2/PipelineOutput/contig_2737/consensus.cgc', '/home/james/Software/multiPhATE2/PipelineOutput/contig_2737/glimmer.cgc', '/home/james/Software/multiPhATE2/PipelineOutput/contig_2737/phanotate.cgc', '/home/james/Software/multiPhATE2/PipelineOutput/contig_2737/prodigal.cgc', '/home/james/Software/multiPhATE2/PipelineOutput/contig_2737/superset.cgc']
Opening geneFile /home/james/Software/multiPhATE2/PipelineOutput/contig_2737/commoncore.cgc
Adding calls from geneFile /home/james/Software/multiPhATE2/PipelineOutput/contig_2737/commoncore.cgc
Appending call set  number of calls is: 0
Opening geneFile /home/james/Software/multiPhATE2/PipelineOutput/contig_2737/consensus.cgc
Adding calls from geneFile /home/james/Software/multiPhATE2/PipelineOutput/contig_2737/consensus.cgc
Appending call set  number of calls is: 0
Opening geneFile /home/james/Software/multiPhATE2/PipelineOutput/contig_2737/glimmer.cgc
Adding calls from geneFile /home/james/Software/multiPhATE2/PipelineOutput/contig_2737/glimmer.cgc
Appending call set  number of calls is: 7
Opening geneFile /home/james/Software/multiPhATE2/PipelineOutput/contig_2737/phanotate.cgc
Adding calls from geneFile /home/james/Software/multiPhATE2/PipelineOutput/contig_2737/phanotate.cgc
Appending call set  number of calls is: 9
Opening geneFile /home/james/Software/multiPhATE2/PipelineOutput/contig_2737/prodigal.cgc
Adding calls from geneFile /home/james/Software/multiPhATE2/PipelineOutput/contig_2737/prodigal.cgc
Appending call set  number of calls is: 9
Opening geneFile /home/james/Software/multiPhATE2/PipelineOutput/contig_2737/superset.cgc
Adding calls from geneFile /home/james/Software/multiPhATE2/PipelineOutput/contig_2737/superset.cgc
Appending call set  number of calls is: 0
All call sets have been added to caller list. Number of call sets in callerList: 6
callerList is   glimmer phanotate prodigal  
Total number of gene calls across callerList call sets is: 25
Sorting gene calls for each caller
Processing a callSet
Before sorting, Length of callerList for caller  is 0
After sorting, Length of callerList for caller  is 0
Processing a callSet
Before sorting, Length of callerList for caller  is 0
After sorting, Length of callerList for caller  is 0
Processing a callSet
Before sorting, Length of callerList for caller glimmer is 7
After sorting, Length of callerList for caller glimmer is 7
Processing a callSet
Before sorting, Length of callerList for caller phanotate is 9
After sorting, Length of callerList for caller phanotate is 9
Processing a callSet
Before sorting, Length of callerList for caller prodigal is 9
After sorting, Length of callerList for caller prodigal is 9
Processing a callSet
Before sorting, Length of callerList for caller  is 0
After sorting, Length of callerList for caller  is 0
callSet processing complete
Comparing across the call sets...
Merging the geneCall sets....
Final merged genes:

***************Merge List
1	Gene No. 1, gene caller: phanotate, leftEnd: 3, rightEnd: 101, strand: -, length: 99, contig: contig_2737, protein: unknown, score1: 1.0, score2: 0.0
2	Gene No. 1, gene caller: prodigal, leftEnd: 3, rightEnd: 143, strand: -, length: 141, contig: contig_2737, protein: unknown, score1: 1.0, score2: 0.0
3	Gene No. 1, gene caller: glimmer, leftEnd: 130, rightEnd: 669, strand: -, length: 540, contig: contig_2737, protein: unknown, score1: 1.0, score2: 0.0
4	Gene No. 2, gene caller: phanotate, leftEnd: 130, rightEnd: 699, strand: -, length: 570, contig: contig_2737, protein: unknown, score1: 1.0, score2: 0.0
5	Gene No. 2, gene caller: prodigal, leftEnd: 130, rightEnd: 699, strand: -, length: 570, contig: contig_2737, protein: unknown, score1: 1.0, score2: 0.0
6	Gene No. 2, gene caller: glimmer, leftEnd: 686, rightEnd: 1153, strand: -, length: 468, contig: contig_2737, protein: unknown, score1: 1.0, score2: 0.0
7	Gene No. 3, gene caller: phanotate, leftEnd: 686, rightEnd: 1153, strand: -, length: 468, contig: contig_2737, protein: unknown, score1: 1.0, score2: 0.0
8	Gene No. 3, gene caller: prodigal, leftEnd: 686, rightEnd: 1153, strand: -, length: 468, contig: contig_2737, protein: unknown, score1: 1.0, score2: 0.0
9	Gene No. 3, gene caller: glimmer, leftEnd: 1153, rightEnd: 1512, strand: -, length: 360, contig: contig_2737, protein: unknown, score1: 1.0, score2: 0.0
10	Gene No. 4, gene caller: phanotate, leftEnd: 1153, rightEnd: 1671, strand: -, length: 519, contig: contig_2737, protein: unknown, score1: 1.0, score2: 0.0
11	Gene No. 4, gene caller: prodigal, leftEnd: 1153, rightEnd: 1671, strand: -, length: 519, contig: contig_2737, protein: unknown, score1: 1.0, score2: 0.0
12	Gene No. 4, gene caller: glimmer, leftEnd: 1501, rightEnd: 2235, strand: +, length: 735, contig: contig_2737, protein: unknown, score1: 1.0, score2: 0.0
13	Gene No. 5, gene caller: phanotate, leftEnd: 1668, rightEnd: 2168, strand: -, length: 501, contig: contig_2737, protein: unknown, score1: 1.0, score2: 0.0
14	Gene No. 5, gene caller: prodigal, leftEnd: 1668, rightEnd: 2168, strand: -, length: 501, contig: contig_2737, protein: unknown, score1: 1.0, score2: 0.0
15	Gene No. 6, gene caller: phanotate, leftEnd: 2158, rightEnd: 2349, strand: -, length: 192, contig: contig_2737, protein: unknown, score1: 1.0, score2: 0.0
16	Gene No. 6, gene caller: prodigal, leftEnd: 2158, rightEnd: 2349, strand: -, length: 192, contig: contig_2737, protein: unknown, score1: 1.0, score2: 0.0
17	Gene No. 5, gene caller: glimmer, leftEnd: 2245, rightEnd: 2382, strand: +, length: 138, contig: contig_2737, protein: unknown, score1: 1.0, score2: 0.0
18	Gene No. 6, gene caller: glimmer, leftEnd: 2349, rightEnd: 2882, strand: -, length: 534, contig: contig_2737, protein: unknown, score1: 1.0, score2: 0.0
19	Gene No. 7, gene caller: phanotate, leftEnd: 2349, rightEnd: 2882, strand: -, length: 534, contig: contig_2737, protein: unknown, score1: 1.0, score2: 0.0
20	Gene No. 7, gene caller: prodigal, leftEnd: 2349, rightEnd: 2882, strand: -, length: 534, contig: contig_2737, protein: unknown, score1: 1.0, score2: 0.0
21	Gene No. 7, gene caller: glimmer, leftEnd: 2965, rightEnd: 3792, strand: -, length: 828, contig: contig_2737, protein: unknown, score1: 1.0, score2: 0.0
22	Gene No. 8, gene caller: phanotate, leftEnd: 2965, rightEnd: 3792, strand: -, length: 828, contig: contig_2737, protein: unknown, score1: 1.0, score2: 0.0
23	Gene No. 8, gene caller: prodigal, leftEnd: 2965, rightEnd: 3792, strand: -, length: 828, contig: contig_2737, protein: unknown, score1: 1.0, score2: 0.0
24	Gene No. 9, gene caller: phanotate, leftEnd: 3846, rightEnd: 4226, strand: -, length: 381, contig: contig_2737, protein: unknown, score1: 1.0, score2: 0.0
25	Gene No. 9, gene caller: prodigal, leftEnd: 3846, rightEnd: 4226, strand: -, length: 381, contig: contig_2737, protein: unknown, score1: 1.0, score2: 0.0
Comparing across geneCall sets....
Scoring gene calls....
Identifying common core...
This is the Common Core List:

***************Common Core
CC-gene 1	Gene No. 1, gene caller: All_callers, leftEnd: 686, rightEnd: 1153, strand: -, length: 468, contig: contig_2737, protein: unknown, score1: 1.0, score2: 0.0
CC-gene 2	Gene No. 1, gene caller: All_callers, leftEnd: 2349, rightEnd: 2882, strand: -, length: 534, contig: contig_2737, protein: unknown, score1: 1.0, score2: 0.0
CC-gene 3	Gene No. 1, gene caller: All_callers, leftEnd: 2965, rightEnd: 3792, strand: -, length: 828, contig: contig_2737, protein: unknown, score1: 1.0, score2: 0.0
Printing gene-call superset, consensus, and common_core in GFF and CGC formats
Printing report....
The following gene callers were considered: glimmer, phanotate, prodigal, The number of distinct gene calls over all gene callers is 14
The number of gene calls in common among all callers is 3
The number of unique (non-matching) gene calls is6
Caller glimmer produced 7 gene calls.
Caller glimmer gene-call length stats:  min: 138, max: 828, ave: 514.7142857142857
Caller phanotate produced 9 gene calls.
Caller phanotate gene-call length stats:  min: 99, max: 828, ave: 454.6666666666667
Caller prodigal produced 9 gene calls.
Caller prodigal gene-call length stats:  min: 141, max: 828, ave: 459.3333333333333

Gene-call Scores:
Caller	Contig	Gene No.	Left End	Right End	Strand	gcScore
phanotate	contig_2737	1	3	101	-	0.50
prodigal	contig_2737	1	3	143	-	0.50
glimmer	contig_2737	1	130	669	-	0.50
phanotate	contig_2737	2	130	699	-	0.83
prodigal	contig_2737	2	130	699	-	0.83
glimmer	contig_2737	2	686	1153	-	1.00
phanotate	contig_2737	3	686	1153	-	1.00
prodigal	contig_2737	3	686	1153	-	1.00
glimmer	contig_2737	3	1153	1512	-	0.50
phanotate	contig_2737	4	1153	1671	-	0.83
prodigal	contig_2737	4	1153	1671	-	0.83
glimmer	contig_2737	4	1501	2235	+	0.33
phanotate	contig_2737	5	1668	2168	-	0.83
prodigal	contig_2737	5	1668	2168	-	0.83
phanotate	contig_2737	6	2158	2349	-	0.83
prodigal	contig_2737	6	2158	2349	-	0.83
glimmer	contig_2737	5	2245	2382	+	0.33
glimmer	contig_2737	6	2349	2882	-	1.00
phanotate	contig_2737	7	2349	2882	-	1.00
prodigal	contig_2737	7	2349	2882	-	1.00
glimmer	contig_2737	7	2965	3792	-	1.00
phanotate	contig_2737	8	2965	3792	-	1.00
prodigal	contig_2737	8	2965	3792	-	1.00
phanotate	contig_2737	9	3846	4226	-	0.83
prodigal	contig_2737	9	3846	4226	-	0.83

Gene-call Consensus Scores:
Caller glimmer average gene-call score: 0.67
Caller phanotate average gene-call score: 0.85
Caller prodigal average gene-call score: 0.85

***************Unique List
Unique gene call 1
  --  Gene No. 1, gene caller: phanotate, leftEnd: 3, rightEnd: 101, strand: -, length: 99, contig: contig_2737, protein: unknown, score1: 0.5, score2: 0.0
Unique gene call 2
  --  Gene No. 1, gene caller: prodigal, leftEnd: 3, rightEnd: 143, strand: -, length: 141, contig: contig_2737, protein: unknown, score1: 0.5, score2: 0.0
Unique gene call 3
  --  Gene No. 1, gene caller: glimmer, leftEnd: 130, rightEnd: 669, strand: -, length: 540, contig: contig_2737, protein: unknown, score1: 0.5, score2: 0.0
Unique gene call 4
  --  Gene No. 2, gene caller: phanotate, leftEnd: 130, rightEnd: 699, strand: -, length: 570, contig: contig_2737, protein: unknown, score1: 0.8333333333333333, score2: 0.0
  --  Gene No. 2, gene caller: prodigal, leftEnd: 130, rightEnd: 699, strand: -, length: 570, contig: contig_2737, protein: unknown, score1: 0.8333333333333333, score2: 0.0
Unique gene call 5
  --  Gene No. 2, gene caller: glimmer, leftEnd: 686, rightEnd: 1153, strand: -, length: 468, contig: contig_2737, protein: unknown, score1: 1.0, score2: 0.0
  --  Gene No. 3, gene caller: phanotate, leftEnd: 686, rightEnd: 1153, strand: -, length: 468, contig: contig_2737, protein: unknown, score1: 1.0, score2: 0.0
  --  Gene No. 3, gene caller: prodigal, leftEnd: 686, rightEnd: 1153, strand: -, length: 468, contig: contig_2737, protein: unknown, score1: 1.0, score2: 0.0
Unique gene call 6
  --  Gene No. 3, gene caller: glimmer, leftEnd: 1153, rightEnd: 1512, strand: -, length: 360, contig: contig_2737, protein: unknown, score1: 0.5, score2: 0.0
Unique gene call 7
  --  Gene No. 4, gene caller: phanotate, leftEnd: 1153, rightEnd: 1671, strand: -, length: 519, contig: contig_2737, protein: unknown, score1: 0.8333333333333333, score2: 0.0
  --  Gene No. 4, gene caller: prodigal, leftEnd: 1153, rightEnd: 1671, strand: -, length: 519, contig: contig_2737, protein: unknown, score1: 0.8333333333333333, score2: 0.0
Unique gene call 8
  --  Gene No. 4, gene caller: glimmer, leftEnd: 1501, rightEnd: 2235, strand: +, length: 735, contig: contig_2737, protein: unknown, score1: 0.3333333333333333, score2: 0.0
Unique gene call 9
  --  Gene No. 5, gene caller: phanotate, leftEnd: 1668, rightEnd: 2168, strand: -, length: 501, contig: contig_2737, protein: unknown, score1: 0.8333333333333333, score2: 0.0
  --  Gene No. 5, gene caller: prodigal, leftEnd: 1668, rightEnd: 2168, strand: -, length: 501, contig: contig_2737, protein: unknown, score1: 0.8333333333333333, score2: 0.0
Unique gene call 10
  --  Gene No. 6, gene caller: phanotate, leftEnd: 2158, rightEnd: 2349, strand: -, length: 192, contig: contig_2737, protein: unknown, score1: 0.8333333333333333, score2: 0.0
  --  Gene No. 6, gene caller: prodigal, leftEnd: 2158, rightEnd: 2349, strand: -, length: 192, contig: contig_2737, protein: unknown, score1: 0.8333333333333333, score2: 0.0
Unique gene call 11
  --  Gene No. 5, gene caller: glimmer, leftEnd: 2245, rightEnd: 2382, strand: +, length: 138, contig: contig_2737, protein: unknown, score1: 0.3333333333333333, score2: 0.0
Unique gene call 12
  --  Gene No. 6, gene caller: glimmer, leftEnd: 2349, rightEnd: 2882, strand: -, length: 534, contig: contig_2737, protein: unknown, score1: 1.0, score2: 0.0
  --  Gene No. 7, gene caller: phanotate, leftEnd: 2349, rightEnd: 2882, strand: -, length: 534, contig: contig_2737, protein: unknown, score1: 1.0, score2: 0.0
  --  Gene No. 7, gene caller: prodigal, leftEnd: 2349, rightEnd: 2882, strand: -, length: 534, contig: contig_2737, protein: unknown, score1: 1.0, score2: 0.0
Unique gene call 13
  --  Gene No. 7, gene caller: glimmer, leftEnd: 2965, rightEnd: 3792, strand: -, length: 828, contig: contig_2737, protein: unknown, score1: 1.0, score2: 0.0
  --  Gene No. 8, gene caller: phanotate, leftEnd: 2965, rightEnd: 3792, strand: -, length: 828, contig: contig_2737, protein: unknown, score1: 1.0, score2: 0.0
  --  Gene No. 8, gene caller: prodigal, leftEnd: 2965, rightEnd: 3792, strand: -, length: 828, contig: contig_2737, protein: unknown, score1: 1.0, score2: 0.0
Unique gene call 14
  --  Gene No. 9, gene caller: phanotate, leftEnd: 3846, rightEnd: 4226, strand: -, length: 381, contig: contig_2737, protein: unknown, score1: 0.8333333333333333, score2: 0.0
  --  Gene No. 9, gene caller: prodigal, leftEnd: 3846, rightEnd: 4226, strand: -, length: 381, contig: contig_2737, protein: unknown, score1: 0.8333333333333333, score2: 0.0
Code complete at 2021-04-21 09:34:16.714161
