Discrepancy Report Results

Summary
DISC_PROTEIN_NAMES:All proteins have same name "hypothetical protein"
FATAL: MISSING_PROTEIN_ID:9 proteins have invalid IDs.
DISC_SOURCE_QUALS_ASNDISC:strain (all present, all unique)
DISC_SOURCE_QUALS_ASNDISC:taxname (all present, all unique)
DISC_FEATURE_COUNT:CDS: 9 present
DISC_COUNT_NUCLEOTIDES:1 nucleotide Bioseqs are present
FEATURE_LOCATION_CONFLICT:9 features have inconsistent gene locations.
DISC_QUALITY_SCORES:Quality scores are missing on all sequences.
ONCALLER_COMMENT_PRESENT:1 comment descriptors were found (all same)
MISSING_GENOMEASSEMBLY_COMMENTS:1 bioseqs are missing GenomeAssembly structured comments
MOLTYPE_NOT_MRNA:1 molecule types are not set as mRNA.
TECHNIQUE_NOT_TSA:1 technique are not set as TSA
MISSING_STRUCTURED_COMMENT:1 sequences do not include structured comments.
MISSING_PROJECT:10 sequences do not include project.
DISC_INCONSISTENT_MOLINFO_TECH:Molinfo Technique Report (some missing, all same)


Detailed Report

DiscRep_ALL:DISC_PROTEIN_NAMES::All proteins have same name "hypothetical protein"

FATAL: DiscRep_ALL:MISSING_PROTEIN_ID::9 proteins have invalid IDs.
prokkaMN856068/MN856068:MN856068_1 (length 106)
prokkaMN856068/MN856068:MN856068_2 (length 76)
prokkaMN856068/MN856068:MN856068_3 (length 127)
prokkaMN856068/MN856068:MN856068_4 (length 51)
prokkaMN856068/MN856068:MN856068_5 (length 130)
prokkaMN856068/MN856068:MN856068_6 (length 98)
prokkaMN856068/MN856068:MN856068_7 (length 119)
prokkaMN856068/MN856068:MN856068_8 (length 696)
prokkaMN856068/MN856068:MN856068_9 (length 160)

DiscRep_ALL:DISC_SOURCE_QUALS_ASNDISC::strain (all present, all unique)
DiscRep_SUB:DISC_SOURCE_QUALS_ASNDISC::1 sources have unique values for strain
DiscRep_ALL:DISC_SOURCE_QUALS_ASNDISC::taxname (all present, all unique)
DiscRep_SUB:DISC_SOURCE_QUALS_ASNDISC::1 sources have unique values for taxname
DiscRep_ALL:DISC_FEATURE_COUNT::CDS: 9 present
DiscRep_ALL:DISC_COUNT_NUCLEOTIDES::1 nucleotide Bioseqs are present
prokkaMN856068/MN856068:MN856068 (length 5053)

DiscRep_ALL:FEATURE_LOCATION_CONFLICT::9 features have inconsistent gene locations.
DiscRep_SUB:FEATURE_LOCATION_CONFLICT::Coding region xref gene does not exist
prokkaMN856068/MN856068:CDS	hypothetical protein	MN856068:c524-204	PGPJEOAE_00001

DiscRep_SUB:FEATURE_LOCATION_CONFLICT::Coding region xref gene does not exist
prokkaMN856068/MN856068:CDS	hypothetical protein	MN856068:c785-555	PGPJEOAE_00002

DiscRep_SUB:FEATURE_LOCATION_CONFLICT::Coding region xref gene does not exist
prokkaMN856068/MN856068:CDS	hypothetical protein	MN856068:c1181-798	PGPJEOAE_00003

DiscRep_SUB:FEATURE_LOCATION_CONFLICT::Coding region xref gene does not exist
prokkaMN856068/MN856068:CDS	hypothetical protein	MN856068:c1317-1162	PGPJEOAE_00004

DiscRep_SUB:FEATURE_LOCATION_CONFLICT::Coding region xref gene does not exist
prokkaMN856068/MN856068:CDS	hypothetical protein	MN856068:c1709-1317	PGPJEOAE_00005

DiscRep_SUB:FEATURE_LOCATION_CONFLICT::Coding region xref gene does not exist
prokkaMN856068/MN856068:CDS	hypothetical protein	MN856068:c2017-1721	PGPJEOAE_00006

DiscRep_SUB:FEATURE_LOCATION_CONFLICT::Coding region xref gene does not exist
prokkaMN856068/MN856068:CDS	hypothetical protein	MN856068:c2429-2070	PGPJEOAE_00007

DiscRep_SUB:FEATURE_LOCATION_CONFLICT::Coding region xref gene does not exist
prokkaMN856068/MN856068:CDS	hypothetical protein	MN856068:c4531-2441	PGPJEOAE_00008

DiscRep_SUB:FEATURE_LOCATION_CONFLICT::Coding region xref gene does not exist
prokkaMN856068/MN856068:CDS	hypothetical protein	MN856068:c5029-4547	PGPJEOAE_00009

DiscRep_ALL:DISC_QUALITY_SCORES::Quality scores are missing on all sequences.

DiscRep_ALL:ONCALLER_COMMENT_PRESENT::1 comment descriptors were found (all same)
prokkaMN856068/MN856068:MN856068:Annotated using prokka 1.14.6 from https://github.com/tseemann/prokka

DiscRep_ALL:MISSING_GENOMEASSEMBLY_COMMENTS::1 bioseqs are missing GenomeAssembly structured comments
prokkaMN856068/MN856068:MN856068 (length 5053)

DiscRep_ALL:MOLTYPE_NOT_MRNA::1 molecule types are not set as mRNA.
prokkaMN856068/MN856068:MN856068 (length 5053)

DiscRep_ALL:TECHNIQUE_NOT_TSA::1 technique are not set as TSA
prokkaMN856068/MN856068:MN856068 (length 5053)

DiscRep_ALL:MISSING_STRUCTURED_COMMENT::1 sequences do not include structured comments.
prokkaMN856068/MN856068:MN856068 (length 5053)

DiscRep_ALL:MISSING_PROJECT::10 sequences do not include project.
prokkaMN856068/MN856068:MN856068 (length 5053)
prokkaMN856068/MN856068:MN856068_1 (length 106)
prokkaMN856068/MN856068:MN856068_2 (length 76)
prokkaMN856068/MN856068:MN856068_3 (length 127)
prokkaMN856068/MN856068:MN856068_4 (length 51)
prokkaMN856068/MN856068:MN856068_5 (length 130)
prokkaMN856068/MN856068:MN856068_6 (length 98)
prokkaMN856068/MN856068:MN856068_7 (length 119)
prokkaMN856068/MN856068:MN856068_8 (length 696)
prokkaMN856068/MN856068:MN856068_9 (length 160)

DiscRep_ALL:DISC_INCONSISTENT_MOLINFO_TECH::Molinfo Technique Report (some missing, all same)
DiscRep_SUB:DISC_INCONSISTENT_MOLINFO_TECH::technique (all missing)
DiscRep_SUB:DISC_INCONSISTENT_MOLINFO_TECH::1 Molinfos are missing field technique
prokkaMN856068/MN856068:MN856068 (length 5053)

