[16:48:58] This is prokka 1.14.6
[16:48:58] Written by Torsten Seemann <torsten.seemann@gmail.com>
[16:48:58] Homepage is https://github.com/tseemann/prokka
[16:48:58] Local time is Mon Aug  9 16:48:58 2021
[16:48:58] You are james
[16:48:58] Operating system is linux
[16:48:58] You have BioPerl 1.007002
[16:48:58] System has 12 cores.
[16:48:58] Will use maximum of 8 cores.
[16:48:58] Annotating as >>> Bacteria <<<
[16:48:58] Generating locus_tag from 'MN856068.fasta' contents.
[16:48:58] Setting --locustag PGPJEOAE from MD5 9093e8aef0669e28c83df7b614f04ab0
[16:48:58] Creating new output folder: prokkaMN856068
[16:48:58] Running: mkdir -p prokkaMN856068
[16:48:58] Using filename prefix: MN856068.XXX
[16:48:58] Setting HMMER_NCPU=1
[16:48:58] Writing log to: prokkaMN856068/MN856068.log
[16:48:58] Command: /home/james/miniconda3/envs/prokka/bin/prokka MN856068.fasta --outdir prokkaMN856068 --prefix MN856068 --force
[16:48:58] Appending to PATH: /home/james/miniconda3/envs/prokka/bin
[16:48:58] Looking for 'aragorn' - found /home/james/miniconda3/envs/prokka/bin/aragorn
[16:48:58] Determined aragorn version is 001002 from 'ARAGORN v1.2.38 Dean Laslett'
[16:48:58] Looking for 'barrnap' - found /home/james/miniconda3/envs/prokka/bin/barrnap
[16:48:58] Determined barrnap version is 000009 from 'barrnap 0.9'
[16:48:58] Looking for 'blastp' - found /home/james/miniconda3/envs/prokka/bin/blastp
[16:48:59] Determined blastp version is 002012 from 'blastp: 2.12.0+'
[16:48:59] Looking for 'cmpress' - found /home/james/miniconda3/envs/prokka/bin/cmpress
[16:48:59] Determined cmpress version is 001001 from '# INFERNAL 1.1.4 (Dec 2020)'
[16:48:59] Looking for 'cmscan' - found /home/james/miniconda3/envs/prokka/bin/cmscan
[16:48:59] Determined cmscan version is 001001 from '# INFERNAL 1.1.4 (Dec 2020)'
[16:48:59] Looking for 'egrep' - found /bin/egrep
[16:48:59] Looking for 'find' - found /usr/bin/find
[16:48:59] Looking for 'grep' - found /bin/grep
[16:48:59] Looking for 'hmmpress' - found /home/james/miniconda3/envs/prokka/bin/hmmpress
[16:48:59] Determined hmmpress version is 003003 from '# HMMER 3.3.2 (Nov 2020); http://hmmer.org/'
[16:48:59] Looking for 'hmmscan' - found /home/james/miniconda3/envs/prokka/bin/hmmscan
[16:48:59] Determined hmmscan version is 003003 from '# HMMER 3.3.2 (Nov 2020); http://hmmer.org/'
[16:48:59] Looking for 'java' - found /home/james/miniconda3/envs/prokka/bin/java
[16:48:59] Looking for 'makeblastdb' - found /home/james/miniconda3/envs/prokka/bin/makeblastdb
[16:48:59] Determined makeblastdb version is 002012 from 'makeblastdb: 2.12.0+'
[16:48:59] Looking for 'minced' - found /home/james/miniconda3/envs/prokka/bin/minced
[16:49:00] Determined minced version is 004002 from 'minced 0.4.2'
[16:49:00] Looking for 'parallel' - found /home/james/miniconda3/envs/prokka/bin/parallel
[16:49:00] Determined parallel version is 20210622 from 'GNU parallel 20210622'
[16:49:00] Looking for 'prodigal' - found /home/james/miniconda3/envs/prokka/bin/prodigal
[16:49:00] Determined prodigal version is 002006 from 'Prodigal V2.6.3: February, 2016'
[16:49:00] Looking for 'prokka-genbank_to_fasta_db' - found /home/james/miniconda3/envs/prokka/bin/prokka-genbank_to_fasta_db
[16:49:00] Looking for 'sed' - found /bin/sed
[16:49:00] Looking for 'tbl2asn' - found /home/james/miniconda3/envs/prokka/bin/tbl2asn
[16:49:00] Determined tbl2asn version is 025007 from 'tbl2asn 25.7   arguments:'
[16:49:00] Using genetic code table 11.
[16:49:00] Loading and checking input file: MN856068.fasta
[16:49:00] Wrote 1 contigs totalling 5053 bp.
[16:49:00] Predicting tRNAs and tmRNAs
[16:49:00] Running: aragorn -l -gc11  -w prokkaMN856068\/MN856068\.fna
[16:49:00] Found 0 tRNAs
[16:49:00] Predicting Ribosomal RNAs
[16:49:00] Running Barrnap with 8 threads
[16:49:00] Found 0 rRNAs
[16:49:00] Skipping ncRNA search, enable with --rfam if desired.
[16:49:00] Total of 0 tRNA + rRNA features
[16:49:00] Searching for CRISPR repeats
[16:49:00] Found 0 CRISPRs
[16:49:00] Predicting coding sequences
[16:49:00] Contigs total 5053 bp, so using meta mode
[16:49:00] Running: prodigal -i prokkaMN856068\/MN856068\.fna -c -m -g 11 -p meta -f sco -q
[16:49:00] Found 9 CDS
[16:49:00] Connecting features back to sequences
[16:49:00] Not using genus-specific database. Try --usegenus to enable it.
[16:49:00] Annotating CDS, please be patient.
[16:49:00] Will use 8 CPUs for similarity searching.
[16:49:00] There are still 9 unannotated CDS left (started with 9)
[16:49:00] Will use blast to search against /home/james/miniconda3/envs/prokka/db/kingdom/Bacteria/IS with 8 CPUs
[16:49:00] Running: cat prokkaMN856068\/MN856068\.IS\.tmp\.294616\.faa | parallel --gnu --plain -j 8 --block 99 --recstart '>' --pipe blastp -query - -db /home/james/miniconda3/envs/prokka/db/kingdom/Bacteria/IS -evalue 1e-30 -qcov_hsp_perc 90 -num_threads 1 -num_descriptions 1 -num_alignments 1 -seg no > prokkaMN856068\/MN856068\.IS\.tmp\.294616\.blast 2> /dev/null
[16:49:01] Deleting unwanted file: prokkaMN856068/MN856068.IS.tmp.294616.faa
[16:49:01] Deleting unwanted file: prokkaMN856068/MN856068.IS.tmp.294616.blast
[16:49:01] There are still 9 unannotated CDS left (started with 9)
[16:49:01] Will use blast to search against /home/james/miniconda3/envs/prokka/db/kingdom/Bacteria/AMR with 8 CPUs
[16:49:01] Running: cat prokkaMN856068\/MN856068\.AMR\.tmp\.294616\.faa | parallel --gnu --plain -j 8 --block 99 --recstart '>' --pipe blastp -query - -db /home/james/miniconda3/envs/prokka/db/kingdom/Bacteria/AMR -evalue 9.99999999999999e-301 -qcov_hsp_perc 90 -num_threads 1 -num_descriptions 1 -num_alignments 1 -seg no > prokkaMN856068\/MN856068\.AMR\.tmp\.294616\.blast 2> /dev/null
[16:49:02] Deleting unwanted file: prokkaMN856068/MN856068.AMR.tmp.294616.faa
[16:49:02] Deleting unwanted file: prokkaMN856068/MN856068.AMR.tmp.294616.blast
[16:49:02] There are still 9 unannotated CDS left (started with 9)
[16:49:02] Will use blast to search against /home/james/miniconda3/envs/prokka/db/kingdom/Bacteria/sprot with 8 CPUs
[16:49:02] Running: cat prokkaMN856068\/MN856068\.sprot\.tmp\.294616\.faa | parallel --gnu --plain -j 8 --block 99 --recstart '>' --pipe blastp -query - -db /home/james/miniconda3/envs/prokka/db/kingdom/Bacteria/sprot -evalue 1e-09 -qcov_hsp_perc 80 -num_threads 1 -num_descriptions 1 -num_alignments 1 -seg no > prokkaMN856068\/MN856068\.sprot\.tmp\.294616\.blast 2> /dev/null
[16:49:03] Deleting unwanted file: prokkaMN856068/MN856068.sprot.tmp.294616.faa
[16:49:03] Deleting unwanted file: prokkaMN856068/MN856068.sprot.tmp.294616.blast
[16:49:03] There are still 9 unannotated CDS left (started with 9)
[16:49:03] Will use hmmer3 to search against /home/james/miniconda3/envs/prokka/db/hmm/HAMAP.hmm with 8 CPUs
[16:49:03] Running: cat prokkaMN856068\/MN856068\.HAMAP\.hmm\.tmp\.294616\.faa | parallel --gnu --plain -j 8 --block 99 --recstart '>' --pipe hmmscan --noali --notextw --acc -E 1e-09 --cpu 1 /home/james/miniconda3/envs/prokka/db/hmm/HAMAP.hmm /dev/stdin > prokkaMN856068\/MN856068\.HAMAP\.hmm\.tmp\.294616\.hmmer3 2> /dev/null
[16:49:03] Deleting unwanted file: prokkaMN856068/MN856068.HAMAP.hmm.tmp.294616.faa
[16:49:03] Deleting unwanted file: prokkaMN856068/MN856068.HAMAP.hmm.tmp.294616.hmmer3
[16:49:03] Labelling remaining 9 proteins as 'hypothetical protein'
[16:49:03] Found 0 unique /gene codes.
[16:49:03] Fixed 0 colliding /gene names.
[16:49:03] Adding /locus_tag identifiers
[16:49:03] Assigned 9 locus_tags to CDS and RNA features.
[16:49:03] Writing outputs to prokkaMN856068/
[16:49:03] Generating annotation statistics file
[16:49:03] Generating Genbank and Sequin files
[16:49:03] Running: tbl2asn -V b -a r10k -l paired-ends -M n -N 1 -y 'Annotated using prokka 1.14.6 from https://github.com/tseemann/prokka' -Z prokkaMN856068\/MN856068\.err -i prokkaMN856068\/MN856068\.fsa 2> /dev/null
[16:49:03] Deleting unwanted file: prokkaMN856068/errorsummary.val
[16:49:03] Deleting unwanted file: prokkaMN856068/MN856068.dr
[16:49:03] Deleting unwanted file: prokkaMN856068/MN856068.fixedproducts
[16:49:03] Deleting unwanted file: prokkaMN856068/MN856068.ecn
[16:49:03] Deleting unwanted file: prokkaMN856068/MN856068.val
[16:49:03] Repairing broken .GBK output that tbl2asn produces...
[16:49:03] Running: sed 's/COORDINATES: profile/COORDINATES:profile/' < prokkaMN856068\/MN856068\.gbf > prokkaMN856068\/MN856068\.gbk
[16:49:03] Deleting unwanted file: prokkaMN856068/MN856068.gbf
[16:49:03] Output files:
[16:49:03] prokkaMN856068/MN856068.log
[16:49:03] prokkaMN856068/MN856068.err
[16:49:03] prokkaMN856068/MN856068.fna
[16:49:03] prokkaMN856068/MN856068.faa
[16:49:03] prokkaMN856068/MN856068.sqn
[16:49:03] prokkaMN856068/MN856068.gbk
[16:49:03] prokkaMN856068/MN856068.txt
[16:49:03] prokkaMN856068/MN856068.fsa
[16:49:03] prokkaMN856068/MN856068.tbl
[16:49:03] prokkaMN856068/MN856068.gff
[16:49:03] prokkaMN856068/MN856068.tsv
[16:49:03] prokkaMN856068/MN856068.ffn
[16:49:03] Annotation finished successfully.
[16:49:03] Walltime used: 0.08 minutes
[16:49:03] If you use this result please cite the Prokka paper:
[16:49:03] Seemann T (2014) Prokka: rapid prokaryotic genome annotation. Bioinformatics. 30(14):2068-9.
[16:49:03] Type 'prokka --citation' for more details.
[16:49:03] Share and enjoy!
