Discrepancy Report Results

Summary
FATAL: MISSING_PROTEIN_ID:14 proteins have invalid IDs.
DISC_SOURCE_QUALS_ASNDISC:strain (all present, all unique)
DISC_SOURCE_QUALS_ASNDISC:taxname (all present, all unique)
DISC_FEATURE_COUNT:CDS: 14 present
DISC_COUNT_NUCLEOTIDES:1 nucleotide Bioseqs are present
FEATURE_LOCATION_CONFLICT:14 features have inconsistent gene locations.
DISC_QUALITY_SCORES:Quality scores are missing on all sequences.
ONCALLER_COMMENT_PRESENT:1 comment descriptors were found (all same)
MISSING_GENOMEASSEMBLY_COMMENTS:1 bioseqs are missing GenomeAssembly structured comments
MOLTYPE_NOT_MRNA:1 molecule types are not set as mRNA.
TECHNIQUE_NOT_TSA:1 technique are not set as TSA
MISSING_STRUCTURED_COMMENT:1 sequences do not include structured comments.
MISSING_PROJECT:15 sequences do not include project.
DISC_INCONSISTENT_MOLINFO_TECH:Molinfo Technique Report (some missing, all same)


Detailed Report

FATAL: DiscRep_ALL:MISSING_PROTEIN_ID::14 proteins have invalid IDs.
prokkaJAAOBB010000145.1/JAAOBB010000145.1:JAAOBB010000145.1_1 (length 705)
prokkaJAAOBB010000145.1/JAAOBB010000145.1:JAAOBB010000145.1_2 (length 105)
prokkaJAAOBB010000145.1/JAAOBB010000145.1:JAAOBB010000145.1_3 (length 548)
prokkaJAAOBB010000145.1/JAAOBB010000145.1:JAAOBB010000145.1_4 (length 76)
prokkaJAAOBB010000145.1/JAAOBB010000145.1:JAAOBB010000145.1_5 (length 172)
prokkaJAAOBB010000145.1/JAAOBB010000145.1:JAAOBB010000145.1_6 (length 161)
prokkaJAAOBB010000145.1/JAAOBB010000145.1:JAAOBB010000145.1_7 (length 248)
prokkaJAAOBB010000145.1/JAAOBB010000145.1:JAAOBB010000145.1_8 (length 271)
prokkaJAAOBB010000145.1/JAAOBB010000145.1:JAAOBB010000145.1_9 (length 140)
prokkaJAAOBB010000145.1/JAAOBB010000145.1:JAAOBB010000145.1_10 (length 389)
prokkaJAAOBB010000145.1/JAAOBB010000145.1:JAAOBB010000145.1_11 (length 72)
prokkaJAAOBB010000145.1/JAAOBB010000145.1:JAAOBB010000145.1_12 (length 257)
prokkaJAAOBB010000145.1/JAAOBB010000145.1:JAAOBB010000145.1_13 (length 460)
prokkaJAAOBB010000145.1/JAAOBB010000145.1:JAAOBB010000145.1_14 (length 239)

DiscRep_ALL:DISC_SOURCE_QUALS_ASNDISC::strain (all present, all unique)
DiscRep_SUB:DISC_SOURCE_QUALS_ASNDISC::1 sources have unique values for strain
DiscRep_ALL:DISC_SOURCE_QUALS_ASNDISC::taxname (all present, all unique)
DiscRep_SUB:DISC_SOURCE_QUALS_ASNDISC::1 sources have unique values for taxname
DiscRep_ALL:DISC_FEATURE_COUNT::CDS: 14 present
DiscRep_ALL:DISC_COUNT_NUCLEOTIDES::1 nucleotide Bioseqs are present
prokkaJAAOBB010000145.1/JAAOBB010000145.1:JAAOBB010000145.1 (length 12168)

DiscRep_ALL:FEATURE_LOCATION_CONFLICT::14 features have inconsistent gene locations.
DiscRep_SUB:FEATURE_LOCATION_CONFLICT::Coding region xref gene does not exist
prokkaJAAOBB010000145.1/JAAOBB010000145.1:CDS	hypothetical protein	JAAOBB010000145.1:70-2187	OGNFKOBN_00001

DiscRep_SUB:FEATURE_LOCATION_CONFLICT::Coding region xref gene does not exist
prokkaJAAOBB010000145.1/JAAOBB010000145.1:CDS	hypothetical protein	JAAOBB010000145.1:2187-2504	OGNFKOBN_00002

DiscRep_SUB:FEATURE_LOCATION_CONFLICT::Coding region xref gene does not exist
prokkaJAAOBB010000145.1/JAAOBB010000145.1:CDS	hypothetical protein	JAAOBB010000145.1:2497-4143	OGNFKOBN_00003

DiscRep_SUB:FEATURE_LOCATION_CONFLICT::Coding region xref gene does not exist
prokkaJAAOBB010000145.1/JAAOBB010000145.1:CDS	hypothetical protein	JAAOBB010000145.1:4147-4377	OGNFKOBN_00004

DiscRep_SUB:FEATURE_LOCATION_CONFLICT::Coding region xref gene does not exist
prokkaJAAOBB010000145.1/JAAOBB010000145.1:CDS	hypothetical protein	JAAOBB010000145.1:4337-4855	OGNFKOBN_00005

DiscRep_SUB:FEATURE_LOCATION_CONFLICT::Coding region xref gene does not exist
prokkaJAAOBB010000145.1/JAAOBB010000145.1:CDS	hypothetical protein	JAAOBB010000145.1:4837-5322	OGNFKOBN_00006

DiscRep_SUB:FEATURE_LOCATION_CONFLICT::Coding region xref gene does not exist
prokkaJAAOBB010000145.1/JAAOBB010000145.1:CDS	hypothetical protein	JAAOBB010000145.1:5309-6055	OGNFKOBN_00007

DiscRep_SUB:FEATURE_LOCATION_CONFLICT::Coding region xref gene does not exist
prokkaJAAOBB010000145.1/JAAOBB010000145.1:CDS	hypothetical protein	JAAOBB010000145.1:6067-6882	OGNFKOBN_00008

DiscRep_SUB:FEATURE_LOCATION_CONFLICT::Coding region xref gene does not exist
prokkaJAAOBB010000145.1/JAAOBB010000145.1:CDS	hypothetical protein	JAAOBB010000145.1:6885-7307	OGNFKOBN_00009

DiscRep_SUB:FEATURE_LOCATION_CONFLICT::Coding region xref gene does not exist
prokkaJAAOBB010000145.1/JAAOBB010000145.1:CDS	Prophage integrase IntS	JAAOBB010000145.1:7573-8742	OGNFKOBN_00010

DiscRep_SUB:FEATURE_LOCATION_CONFLICT::Coding region xref gene does not exist
prokkaJAAOBB010000145.1/JAAOBB010000145.1:CDS	hypothetical protein	JAAOBB010000145.1:c8949-8731	OGNFKOBN_00011

DiscRep_SUB:FEATURE_LOCATION_CONFLICT::Coding region xref gene does not exist
prokkaJAAOBB010000145.1/JAAOBB010000145.1:CDS	hypothetical protein	JAAOBB010000145.1:c9725-8952	OGNFKOBN_00012

DiscRep_SUB:FEATURE_LOCATION_CONFLICT::Coding region xref gene does not exist
prokkaJAAOBB010000145.1/JAAOBB010000145.1:CDS	hypothetical protein	JAAOBB010000145.1:c11109-9727	OGNFKOBN_00013

DiscRep_SUB:FEATURE_LOCATION_CONFLICT::Coding region xref gene does not exist
prokkaJAAOBB010000145.1/JAAOBB010000145.1:CDS	hypothetical protein	JAAOBB010000145.1:c11881-11162	OGNFKOBN_00014

DiscRep_ALL:DISC_QUALITY_SCORES::Quality scores are missing on all sequences.

DiscRep_ALL:ONCALLER_COMMENT_PRESENT::1 comment descriptors were found (all same)
prokkaJAAOBB010000145.1/JAAOBB010000145.1:JAAOBB010000145.1:Annotated using prokka 1.14.6 from https://github.com/tseemann/prokka

DiscRep_ALL:MISSING_GENOMEASSEMBLY_COMMENTS::1 bioseqs are missing GenomeAssembly structured comments
prokkaJAAOBB010000145.1/JAAOBB010000145.1:JAAOBB010000145.1 (length 12168)

DiscRep_ALL:MOLTYPE_NOT_MRNA::1 molecule types are not set as mRNA.
prokkaJAAOBB010000145.1/JAAOBB010000145.1:JAAOBB010000145.1 (length 12168)

DiscRep_ALL:TECHNIQUE_NOT_TSA::1 technique are not set as TSA
prokkaJAAOBB010000145.1/JAAOBB010000145.1:JAAOBB010000145.1 (length 12168)

DiscRep_ALL:MISSING_STRUCTURED_COMMENT::1 sequences do not include structured comments.
prokkaJAAOBB010000145.1/JAAOBB010000145.1:JAAOBB010000145.1 (length 12168)

DiscRep_ALL:MISSING_PROJECT::15 sequences do not include project.
prokkaJAAOBB010000145.1/JAAOBB010000145.1:JAAOBB010000145.1 (length 12168)
prokkaJAAOBB010000145.1/JAAOBB010000145.1:JAAOBB010000145.1_1 (length 705)
prokkaJAAOBB010000145.1/JAAOBB010000145.1:JAAOBB010000145.1_2 (length 105)
prokkaJAAOBB010000145.1/JAAOBB010000145.1:JAAOBB010000145.1_3 (length 548)
prokkaJAAOBB010000145.1/JAAOBB010000145.1:JAAOBB010000145.1_4 (length 76)
prokkaJAAOBB010000145.1/JAAOBB010000145.1:JAAOBB010000145.1_5 (length 172)
prokkaJAAOBB010000145.1/JAAOBB010000145.1:JAAOBB010000145.1_6 (length 161)
prokkaJAAOBB010000145.1/JAAOBB010000145.1:JAAOBB010000145.1_7 (length 248)
prokkaJAAOBB010000145.1/JAAOBB010000145.1:JAAOBB010000145.1_8 (length 271)
prokkaJAAOBB010000145.1/JAAOBB010000145.1:JAAOBB010000145.1_9 (length 140)
prokkaJAAOBB010000145.1/JAAOBB010000145.1:JAAOBB010000145.1_10 (length 389)
prokkaJAAOBB010000145.1/JAAOBB010000145.1:JAAOBB010000145.1_11 (length 72)
prokkaJAAOBB010000145.1/JAAOBB010000145.1:JAAOBB010000145.1_12 (length 257)
prokkaJAAOBB010000145.1/JAAOBB010000145.1:JAAOBB010000145.1_13 (length 460)
prokkaJAAOBB010000145.1/JAAOBB010000145.1:JAAOBB010000145.1_14 (length 239)

DiscRep_ALL:DISC_INCONSISTENT_MOLINFO_TECH::Molinfo Technique Report (some missing, all same)
DiscRep_SUB:DISC_INCONSISTENT_MOLINFO_TECH::technique (all missing)
DiscRep_SUB:DISC_INCONSISTENT_MOLINFO_TECH::1 Molinfos are missing field technique
prokkaJAAOBB010000145.1/JAAOBB010000145.1:JAAOBB010000145.1 (length 12168)

