Opening log at 2021-04-21 09:40:52.400042
Iterating through fileSet at 2021-04-21 09:40:52.400161
fileSet is ['/home/james/Software/multiPhATE2/PipelineOutput/contig_287/commoncore.cgc', '/home/james/Software/multiPhATE2/PipelineOutput/contig_287/consensus.cgc', '/home/james/Software/multiPhATE2/PipelineOutput/contig_287/glimmer.cgc', '/home/james/Software/multiPhATE2/PipelineOutput/contig_287/phanotate.cgc', '/home/james/Software/multiPhATE2/PipelineOutput/contig_287/prodigal.cgc', '/home/james/Software/multiPhATE2/PipelineOutput/contig_287/superset.cgc']
Opening geneFile /home/james/Software/multiPhATE2/PipelineOutput/contig_287/commoncore.cgc
Adding calls from geneFile /home/james/Software/multiPhATE2/PipelineOutput/contig_287/commoncore.cgc
Appending call set  number of calls is: 0
Opening geneFile /home/james/Software/multiPhATE2/PipelineOutput/contig_287/consensus.cgc
Adding calls from geneFile /home/james/Software/multiPhATE2/PipelineOutput/contig_287/consensus.cgc
Appending call set  number of calls is: 0
Opening geneFile /home/james/Software/multiPhATE2/PipelineOutput/contig_287/glimmer.cgc
Adding calls from geneFile /home/james/Software/multiPhATE2/PipelineOutput/contig_287/glimmer.cgc
Appending call set  number of calls is: 9
Opening geneFile /home/james/Software/multiPhATE2/PipelineOutput/contig_287/phanotate.cgc
Adding calls from geneFile /home/james/Software/multiPhATE2/PipelineOutput/contig_287/phanotate.cgc
Appending call set  number of calls is: 13
Opening geneFile /home/james/Software/multiPhATE2/PipelineOutput/contig_287/prodigal.cgc
Adding calls from geneFile /home/james/Software/multiPhATE2/PipelineOutput/contig_287/prodigal.cgc
Appending call set  number of calls is: 10
Opening geneFile /home/james/Software/multiPhATE2/PipelineOutput/contig_287/superset.cgc
Adding calls from geneFile /home/james/Software/multiPhATE2/PipelineOutput/contig_287/superset.cgc
Appending call set  number of calls is: 0
All call sets have been added to caller list. Number of call sets in callerList: 6
callerList is   glimmer phanotate prodigal  
Total number of gene calls across callerList call sets is: 32
Sorting gene calls for each caller
Processing a callSet
Before sorting, Length of callerList for caller  is 0
After sorting, Length of callerList for caller  is 0
Processing a callSet
Before sorting, Length of callerList for caller  is 0
After sorting, Length of callerList for caller  is 0
Processing a callSet
Before sorting, Length of callerList for caller glimmer is 9
After sorting, Length of callerList for caller glimmer is 9
Processing a callSet
Before sorting, Length of callerList for caller phanotate is 13
After sorting, Length of callerList for caller phanotate is 13
Processing a callSet
Before sorting, Length of callerList for caller prodigal is 10
After sorting, Length of callerList for caller prodigal is 10
Processing a callSet
Before sorting, Length of callerList for caller  is 0
After sorting, Length of callerList for caller  is 0
callSet processing complete
Comparing across the call sets...
Merging the geneCall sets....
Final merged genes:

***************Merge List
1	Gene No. 1, gene caller: phanotate, leftEnd: 3, rightEnd: 143, strand: -, length: 141, contig: contig_287, protein: unknown, score1: 1.0, score2: 0.0
2	Gene No. 2, gene caller: glimmer, leftEnd: 127, rightEnd: 792, strand: -, length: 666, contig: contig_287, protein: unknown, score1: 1.0, score2: 0.0
3	Gene No. 2, gene caller: phanotate, leftEnd: 127, rightEnd: 792, strand: -, length: 666, contig: contig_287, protein: unknown, score1: 1.0, score2: 0.0
4	Gene No. 1, gene caller: prodigal, leftEnd: 127, rightEnd: 792, strand: -, length: 666, contig: contig_287, protein: unknown, score1: 1.0, score2: 0.0
5	Gene No. 3, gene caller: glimmer, leftEnd: 925, rightEnd: 1062, strand: -, length: 138, contig: contig_287, protein: unknown, score1: 1.0, score2: 0.0
6	Gene No. 3, gene caller: phanotate, leftEnd: 925, rightEnd: 1107, strand: -, length: 183, contig: contig_287, protein: unknown, score1: 1.0, score2: 0.0
7	Gene No. 2, gene caller: prodigal, leftEnd: 925, rightEnd: 1107, strand: -, length: 183, contig: contig_287, protein: unknown, score1: 1.0, score2: 0.0
8	Gene No. 4, gene caller: glimmer, leftEnd: 1220, rightEnd: 1453, strand: -, length: 234, contig: contig_287, protein: unknown, score1: 1.0, score2: 0.0
9	Gene No. 3, gene caller: prodigal, leftEnd: 1220, rightEnd: 1453, strand: -, length: 234, contig: contig_287, protein: unknown, score1: 1.0, score2: 0.0
10	Gene No. 4, gene caller: phanotate, leftEnd: 1220, rightEnd: 1549, strand: -, length: 330, contig: contig_287, protein: unknown, score1: 1.0, score2: 0.0
11	Gene No. 5, gene caller: phanotate, leftEnd: 1482, rightEnd: 2648, strand: -, length: 1167, contig: contig_287, protein: unknown, score1: 1.0, score2: 0.0
12	Gene No. 5, gene caller: glimmer, leftEnd: 1482, rightEnd: 2708, strand: -, length: 1227, contig: contig_287, protein: unknown, score1: 1.0, score2: 0.0
13	Gene No. 4, gene caller: prodigal, leftEnd: 1482, rightEnd: 2708, strand: -, length: 1227, contig: contig_287, protein: unknown, score1: 1.0, score2: 0.0
14	Gene No. 6, gene caller: phanotate, leftEnd: 2736, rightEnd: 2843, strand: -, length: 108, contig: contig_287, protein: unknown, score1: 1.0, score2: 0.0
15	Gene No. 6, gene caller: glimmer, leftEnd: 2830, rightEnd: 3162, strand: -, length: 333, contig: contig_287, protein: unknown, score1: 1.0, score2: 0.0
16	Gene No. 7, gene caller: phanotate, leftEnd: 2830, rightEnd: 3162, strand: -, length: 333, contig: contig_287, protein: unknown, score1: 1.0, score2: 0.0
17	Gene No. 5, gene caller: prodigal, leftEnd: 2830, rightEnd: 3162, strand: -, length: 333, contig: contig_287, protein: unknown, score1: 1.0, score2: 0.0
18	Gene No. 7, gene caller: glimmer, leftEnd: 3163, rightEnd: 3699, strand: -, length: 537, contig: contig_287, protein: unknown, score1: 1.0, score2: 0.0
19	Gene No. 8, gene caller: phanotate, leftEnd: 3163, rightEnd: 3699, strand: -, length: 537, contig: contig_287, protein: unknown, score1: 1.0, score2: 0.0
20	Gene No. 6, gene caller: prodigal, leftEnd: 3163, rightEnd: 3699, strand: -, length: 537, contig: contig_287, protein: unknown, score1: 1.0, score2: 0.0
21	Gene No. 9, gene caller: phanotate, leftEnd: 3826, rightEnd: 3951, strand: +, length: 126, contig: contig_287, protein: unknown, score1: 1.0, score2: 0.0
22	Gene No. 8, gene caller: glimmer, leftEnd: 4000, rightEnd: 4695, strand: +, length: 696, contig: contig_287, protein: unknown, score1: 1.0, score2: 0.0
23	Gene No. 10, gene caller: phanotate, leftEnd: 4000, rightEnd: 4695, strand: +, length: 696, contig: contig_287, protein: unknown, score1: 1.0, score2: 0.0
24	Gene No. 7, gene caller: prodigal, leftEnd: 4000, rightEnd: 4695, strand: +, length: 696, contig: contig_287, protein: unknown, score1: 1.0, score2: 0.0
25	Gene No. 9, gene caller: glimmer, leftEnd: 4789, rightEnd: 5031, strand: +, length: 243, contig: contig_287, protein: unknown, score1: 1.0, score2: 0.0
26	Gene No. 11, gene caller: phanotate, leftEnd: 4789, rightEnd: 5031, strand: +, length: 243, contig: contig_287, protein: unknown, score1: 1.0, score2: 0.0
27	Gene No. 8, gene caller: prodigal, leftEnd: 4789, rightEnd: 5031, strand: +, length: 243, contig: contig_287, protein: unknown, score1: 1.0, score2: 0.0
28	Gene No. 10, gene caller: glimmer, leftEnd: 5024, rightEnd: 5836, strand: +, length: 813, contig: contig_287, protein: unknown, score1: 1.0, score2: 0.0
29	Gene No. 12, gene caller: phanotate, leftEnd: 5024, rightEnd: 5836, strand: +, length: 813, contig: contig_287, protein: unknown, score1: 1.0, score2: 0.0
30	Gene No. 9, gene caller: prodigal, leftEnd: 5024, rightEnd: 5836, strand: +, length: 813, contig: contig_287, protein: unknown, score1: 1.0, score2: 0.0
31	Gene No. 13, gene caller: phanotate, leftEnd: 5903, rightEnd: 6055, strand: +, length: 153, contig: contig_287, protein: unknown, score1: 1.0, score2: 0.0
32	Gene No. 10, gene caller: prodigal, leftEnd: 5903, rightEnd: 6055, strand: +, length: 153, contig: contig_287, protein: unknown, score1: 1.0, score2: 0.0
Comparing across geneCall sets....
Scoring gene calls....
Identifying common core...
This is the Common Core List:

***************Common Core
CC-gene 1	Gene No. 1, gene caller: All_callers, leftEnd: 127, rightEnd: 792, strand: -, length: 666, contig: contig_287, protein: unknown, score1: 1.0, score2: 0.0
CC-gene 2	Gene No. 1, gene caller: All_callers, leftEnd: 2830, rightEnd: 3162, strand: -, length: 333, contig: contig_287, protein: unknown, score1: 1.0, score2: 0.0
CC-gene 3	Gene No. 1, gene caller: All_callers, leftEnd: 3163, rightEnd: 3699, strand: -, length: 537, contig: contig_287, protein: unknown, score1: 1.0, score2: 0.0
CC-gene 4	Gene No. 1, gene caller: All_callers, leftEnd: 4000, rightEnd: 4695, strand: +, length: 696, contig: contig_287, protein: unknown, score1: 1.0, score2: 0.0
CC-gene 5	Gene No. 1, gene caller: All_callers, leftEnd: 4789, rightEnd: 5031, strand: +, length: 243, contig: contig_287, protein: unknown, score1: 1.0, score2: 0.0
CC-gene 6	Gene No. 1, gene caller: All_callers, leftEnd: 5024, rightEnd: 5836, strand: +, length: 813, contig: contig_287, protein: unknown, score1: 1.0, score2: 0.0
Printing gene-call superset, consensus, and common_core in GFF and CGC formats
Printing report....
The following gene callers were considered: glimmer, phanotate, prodigal, The number of distinct gene calls over all gene callers is 16
The number of gene calls in common among all callers is 6
The number of unique (non-matching) gene calls is6
Caller glimmer produced 9 gene calls.
Caller glimmer gene-call length stats:  min: 138, max: 1227, ave: 543.0
Caller phanotate produced 13 gene calls.
Caller phanotate gene-call length stats:  min: 108, max: 1167, ave: 422.7692307692308
Caller prodigal produced 10 gene calls.
Caller prodigal gene-call length stats:  min: 153, max: 1227, ave: 508.5

Gene-call Scores:
Caller	Contig	Gene No.	Left End	Right End	Strand	gcScore
phanotate	contig_287	1	3	143	-	0.33
glimmer	contig_287	2	127	792	-	1.00
phanotate	contig_287	2	127	792	-	1.00
prodigal	contig_287	1	127	792	-	1.00
glimmer	contig_287	3	925	1062	-	0.50
phanotate	contig_287	3	925	1107	-	0.83
prodigal	contig_287	2	925	1107	-	0.83
glimmer	contig_287	4	1220	1453	-	0.83
prodigal	contig_287	3	1220	1453	-	0.83
phanotate	contig_287	4	1220	1549	-	0.50
phanotate	contig_287	5	1482	2648	-	0.50
glimmer	contig_287	5	1482	2708	-	0.83
prodigal	contig_287	4	1482	2708	-	0.83
phanotate	contig_287	6	2736	2843	-	0.33
glimmer	contig_287	6	2830	3162	-	1.00
phanotate	contig_287	7	2830	3162	-	1.00
prodigal	contig_287	5	2830	3162	-	1.00
glimmer	contig_287	7	3163	3699	-	1.00
phanotate	contig_287	8	3163	3699	-	1.00
prodigal	contig_287	6	3163	3699	-	1.00
phanotate	contig_287	9	3826	3951	+	0.33
glimmer	contig_287	8	4000	4695	+	1.00
phanotate	contig_287	10	4000	4695	+	1.00
prodigal	contig_287	7	4000	4695	+	1.00
glimmer	contig_287	9	4789	5031	+	1.00
phanotate	contig_287	11	4789	5031	+	1.00
prodigal	contig_287	8	4789	5031	+	1.00
glimmer	contig_287	10	5024	5836	+	1.00
phanotate	contig_287	12	5024	5836	+	1.00
prodigal	contig_287	9	5024	5836	+	1.00
phanotate	contig_287	13	5903	6055	+	0.83
prodigal	contig_287	10	5903	6055	+	0.83

Gene-call Consensus Scores:
Caller glimmer average gene-call score: 0.91
Caller phanotate average gene-call score: 0.74
Caller prodigal average gene-call score: 0.93

***************Unique List
Unique gene call 1
  --  Gene No. 1, gene caller: phanotate, leftEnd: 3, rightEnd: 143, strand: -, length: 141, contig: contig_287, protein: unknown, score1: 0.3333333333333333, score2: 0.0
Unique gene call 2
  --  Gene No. 2, gene caller: glimmer, leftEnd: 127, rightEnd: 792, strand: -, length: 666, contig: contig_287, protein: unknown, score1: 1.0, score2: 0.0
  --  Gene No. 2, gene caller: phanotate, leftEnd: 127, rightEnd: 792, strand: -, length: 666, contig: contig_287, protein: unknown, score1: 1.0, score2: 0.0
  --  Gene No. 1, gene caller: prodigal, leftEnd: 127, rightEnd: 792, strand: -, length: 666, contig: contig_287, protein: unknown, score1: 1.0, score2: 0.0
Unique gene call 3
  --  Gene No. 3, gene caller: glimmer, leftEnd: 925, rightEnd: 1062, strand: -, length: 138, contig: contig_287, protein: unknown, score1: 0.5, score2: 0.0
Unique gene call 4
  --  Gene No. 3, gene caller: phanotate, leftEnd: 925, rightEnd: 1107, strand: -, length: 183, contig: contig_287, protein: unknown, score1: 0.8333333333333333, score2: 0.0
  --  Gene No. 2, gene caller: prodigal, leftEnd: 925, rightEnd: 1107, strand: -, length: 183, contig: contig_287, protein: unknown, score1: 0.8333333333333333, score2: 0.0
Unique gene call 5
  --  Gene No. 4, gene caller: glimmer, leftEnd: 1220, rightEnd: 1453, strand: -, length: 234, contig: contig_287, protein: unknown, score1: 0.8333333333333333, score2: 0.0
  --  Gene No. 3, gene caller: prodigal, leftEnd: 1220, rightEnd: 1453, strand: -, length: 234, contig: contig_287, protein: unknown, score1: 0.8333333333333333, score2: 0.0
Unique gene call 6
  --  Gene No. 4, gene caller: phanotate, leftEnd: 1220, rightEnd: 1549, strand: -, length: 330, contig: contig_287, protein: unknown, score1: 0.5, score2: 0.0
Unique gene call 7
  --  Gene No. 5, gene caller: phanotate, leftEnd: 1482, rightEnd: 2648, strand: -, length: 1167, contig: contig_287, protein: unknown, score1: 0.5, score2: 0.0
Unique gene call 8
  --  Gene No. 5, gene caller: glimmer, leftEnd: 1482, rightEnd: 2708, strand: -, length: 1227, contig: contig_287, protein: unknown, score1: 0.8333333333333333, score2: 0.0
  --  Gene No. 4, gene caller: prodigal, leftEnd: 1482, rightEnd: 2708, strand: -, length: 1227, contig: contig_287, protein: unknown, score1: 0.8333333333333333, score2: 0.0
Unique gene call 9
  --  Gene No. 6, gene caller: phanotate, leftEnd: 2736, rightEnd: 2843, strand: -, length: 108, contig: contig_287, protein: unknown, score1: 0.3333333333333333, score2: 0.0
Unique gene call 10
  --  Gene No. 6, gene caller: glimmer, leftEnd: 2830, rightEnd: 3162, strand: -, length: 333, contig: contig_287, protein: unknown, score1: 1.0, score2: 0.0
  --  Gene No. 7, gene caller: phanotate, leftEnd: 2830, rightEnd: 3162, strand: -, length: 333, contig: contig_287, protein: unknown, score1: 1.0, score2: 0.0
  --  Gene No. 5, gene caller: prodigal, leftEnd: 2830, rightEnd: 3162, strand: -, length: 333, contig: contig_287, protein: unknown, score1: 1.0, score2: 0.0
Unique gene call 11
  --  Gene No. 7, gene caller: glimmer, leftEnd: 3163, rightEnd: 3699, strand: -, length: 537, contig: contig_287, protein: unknown, score1: 1.0, score2: 0.0
  --  Gene No. 8, gene caller: phanotate, leftEnd: 3163, rightEnd: 3699, strand: -, length: 537, contig: contig_287, protein: unknown, score1: 1.0, score2: 0.0
  --  Gene No. 6, gene caller: prodigal, leftEnd: 3163, rightEnd: 3699, strand: -, length: 537, contig: contig_287, protein: unknown, score1: 1.0, score2: 0.0
Unique gene call 12
  --  Gene No. 9, gene caller: phanotate, leftEnd: 3826, rightEnd: 3951, strand: +, length: 126, contig: contig_287, protein: unknown, score1: 0.3333333333333333, score2: 0.0
Unique gene call 13
  --  Gene No. 8, gene caller: glimmer, leftEnd: 4000, rightEnd: 4695, strand: +, length: 696, contig: contig_287, protein: unknown, score1: 1.0, score2: 0.0
  --  Gene No. 10, gene caller: phanotate, leftEnd: 4000, rightEnd: 4695, strand: +, length: 696, contig: contig_287, protein: unknown, score1: 1.0, score2: 0.0
  --  Gene No. 7, gene caller: prodigal, leftEnd: 4000, rightEnd: 4695, strand: +, length: 696, contig: contig_287, protein: unknown, score1: 1.0, score2: 0.0
Unique gene call 14
  --  Gene No. 9, gene caller: glimmer, leftEnd: 4789, rightEnd: 5031, strand: +, length: 243, contig: contig_287, protein: unknown, score1: 1.0, score2: 0.0
  --  Gene No. 11, gene caller: phanotate, leftEnd: 4789, rightEnd: 5031, strand: +, length: 243, contig: contig_287, protein: unknown, score1: 1.0, score2: 0.0
  --  Gene No. 8, gene caller: prodigal, leftEnd: 4789, rightEnd: 5031, strand: +, length: 243, contig: contig_287, protein: unknown, score1: 1.0, score2: 0.0
Unique gene call 15
  --  Gene No. 10, gene caller: glimmer, leftEnd: 5024, rightEnd: 5836, strand: +, length: 813, contig: contig_287, protein: unknown, score1: 1.0, score2: 0.0
  --  Gene No. 12, gene caller: phanotate, leftEnd: 5024, rightEnd: 5836, strand: +, length: 813, contig: contig_287, protein: unknown, score1: 1.0, score2: 0.0
  --  Gene No. 9, gene caller: prodigal, leftEnd: 5024, rightEnd: 5836, strand: +, length: 813, contig: contig_287, protein: unknown, score1: 1.0, score2: 0.0
Unique gene call 16
  --  Gene No. 13, gene caller: phanotate, leftEnd: 5903, rightEnd: 6055, strand: +, length: 153, contig: contig_287, protein: unknown, score1: 0.8333333333333333, score2: 0.0
  --  Gene No. 10, gene caller: prodigal, leftEnd: 5903, rightEnd: 6055, strand: +, length: 153, contig: contig_287, protein: unknown, score1: 0.8333333333333333, score2: 0.0
Code complete at 2021-04-21 09:40:52.403787
