Opening log at 2021-04-21 09:52:10.368204
Iterating through fileSet at 2021-04-21 09:52:10.368355
fileSet is ['/home/james/Software/multiPhATE2/PipelineOutput/circular_read_662/commoncore.cgc', '/home/james/Software/multiPhATE2/PipelineOutput/circular_read_662/consensus.cgc', '/home/james/Software/multiPhATE2/PipelineOutput/circular_read_662/glimmer.cgc', '/home/james/Software/multiPhATE2/PipelineOutput/circular_read_662/phanotate.cgc', '/home/james/Software/multiPhATE2/PipelineOutput/circular_read_662/prodigal.cgc', '/home/james/Software/multiPhATE2/PipelineOutput/circular_read_662/superset.cgc']
Opening geneFile /home/james/Software/multiPhATE2/PipelineOutput/circular_read_662/commoncore.cgc
Adding calls from geneFile /home/james/Software/multiPhATE2/PipelineOutput/circular_read_662/commoncore.cgc
Appending call set  number of calls is: 0
Opening geneFile /home/james/Software/multiPhATE2/PipelineOutput/circular_read_662/consensus.cgc
Adding calls from geneFile /home/james/Software/multiPhATE2/PipelineOutput/circular_read_662/consensus.cgc
Appending call set  number of calls is: 0
Opening geneFile /home/james/Software/multiPhATE2/PipelineOutput/circular_read_662/glimmer.cgc
Adding calls from geneFile /home/james/Software/multiPhATE2/PipelineOutput/circular_read_662/glimmer.cgc
Appending call set  number of calls is: 3
Opening geneFile /home/james/Software/multiPhATE2/PipelineOutput/circular_read_662/phanotate.cgc
Adding calls from geneFile /home/james/Software/multiPhATE2/PipelineOutput/circular_read_662/phanotate.cgc
Appending call set  number of calls is: 11
Opening geneFile /home/james/Software/multiPhATE2/PipelineOutput/circular_read_662/prodigal.cgc
Adding calls from geneFile /home/james/Software/multiPhATE2/PipelineOutput/circular_read_662/prodigal.cgc
Appending call set  number of calls is: 3
Opening geneFile /home/james/Software/multiPhATE2/PipelineOutput/circular_read_662/superset.cgc
Adding calls from geneFile /home/james/Software/multiPhATE2/PipelineOutput/circular_read_662/superset.cgc
Appending call set  number of calls is: 0
All call sets have been added to caller list. Number of call sets in callerList: 6
callerList is   glimmer phanotate prodigal  
Total number of gene calls across callerList call sets is: 17
Sorting gene calls for each caller
Processing a callSet
Before sorting, Length of callerList for caller  is 0
After sorting, Length of callerList for caller  is 0
Processing a callSet
Before sorting, Length of callerList for caller  is 0
After sorting, Length of callerList for caller  is 0
Processing a callSet
Before sorting, Length of callerList for caller glimmer is 3
After sorting, Length of callerList for caller glimmer is 3
Processing a callSet
Before sorting, Length of callerList for caller phanotate is 11
After sorting, Length of callerList for caller phanotate is 11
Processing a callSet
Before sorting, Length of callerList for caller prodigal is 3
After sorting, Length of callerList for caller prodigal is 3
Processing a callSet
Before sorting, Length of callerList for caller  is 0
After sorting, Length of callerList for caller  is 0
callSet processing complete
Comparing across the call sets...
Merging the geneCall sets....
Final merged genes:

***************Merge List
1	Gene No. 1, gene caller: phanotate, leftEnd: 90, rightEnd: 209, strand: -, length: 120, contig: circular_read_662, protein: unknown, score1: 1.0, score2: 0.0
2	Gene No. 1, gene caller: prodigal, leftEnd: 236, rightEnd: 769, strand: -, length: 534, contig: circular_read_662, protein: unknown, score1: 1.0, score2: 0.0
3	Gene No. 1, gene caller: glimmer, leftEnd: 236, rightEnd: 859, strand: -, length: 624, contig: circular_read_662, protein: unknown, score1: 1.0, score2: 0.0
4	Gene No. 2, gene caller: phanotate, leftEnd: 236, rightEnd: 859, strand: -, length: 624, contig: circular_read_662, protein: unknown, score1: 1.0, score2: 0.0
5	Gene No. 3, gene caller: phanotate, leftEnd: 865, rightEnd: 1065, strand: -, length: 201, contig: circular_read_662, protein: unknown, score1: 1.0, score2: 0.0
6	Gene No. 4, gene caller: phanotate, leftEnd: 1215, rightEnd: 1334, strand: -, length: 120, contig: circular_read_662, protein: unknown, score1: 1.0, score2: 0.0
7	Gene No. 2, gene caller: prodigal, leftEnd: 1361, rightEnd: 1894, strand: -, length: 534, contig: circular_read_662, protein: unknown, score1: 1.0, score2: 0.0
8	Gene No. 2, gene caller: glimmer, leftEnd: 1361, rightEnd: 1984, strand: -, length: 624, contig: circular_read_662, protein: unknown, score1: 1.0, score2: 0.0
9	Gene No. 5, gene caller: phanotate, leftEnd: 1361, rightEnd: 1984, strand: -, length: 624, contig: circular_read_662, protein: unknown, score1: 1.0, score2: 0.0
10	Gene No. 6, gene caller: phanotate, leftEnd: 1965, rightEnd: 2054, strand: -, length: 90, contig: circular_read_662, protein: unknown, score1: 1.0, score2: 0.0
11	Gene No. 7, gene caller: phanotate, leftEnd: 2060, rightEnd: 2188, strand: -, length: 129, contig: circular_read_662, protein: unknown, score1: 1.0, score2: 0.0
12	Gene No. 8, gene caller: phanotate, leftEnd: 2338, rightEnd: 2457, strand: -, length: 120, contig: circular_read_662, protein: unknown, score1: 1.0, score2: 0.0
13	Gene No. 3, gene caller: prodigal, leftEnd: 2484, rightEnd: 3017, strand: -, length: 534, contig: circular_read_662, protein: unknown, score1: 1.0, score2: 0.0
14	Gene No. 3, gene caller: glimmer, leftEnd: 2484, rightEnd: 3107, strand: -, length: 624, contig: circular_read_662, protein: unknown, score1: 1.0, score2: 0.0
15	Gene No. 9, gene caller: phanotate, leftEnd: 2484, rightEnd: 3107, strand: -, length: 624, contig: circular_read_662, protein: unknown, score1: 1.0, score2: 0.0
16	Gene No. 10, gene caller: phanotate, leftEnd: 3088, rightEnd: 3177, strand: -, length: 90, contig: circular_read_662, protein: unknown, score1: 1.0, score2: 0.0
17	Gene No. 11, gene caller: phanotate, leftEnd: 3183, rightEnd: 3311, strand: -, length: 129, contig: circular_read_662, protein: unknown, score1: 1.0, score2: 0.0
Comparing across geneCall sets....
Scoring gene calls....
Identifying common core...
This is the Common Core List:

***************Common Core
Printing gene-call superset, consensus, and common_core in GFF and CGC formats
Printing report....
The following gene callers were considered: glimmer, phanotate, prodigal, The number of distinct gene calls over all gene callers is 14
The number of gene calls in common among all callers is 0
The number of unique (non-matching) gene calls is11
Caller glimmer produced 3 gene calls.
Caller glimmer gene-call length stats:  min: 624, max: 624, ave: 624.0
Caller phanotate produced 11 gene calls.
Caller phanotate gene-call length stats:  min: 90, max: 624, ave: 261.0
Caller prodigal produced 3 gene calls.
Caller prodigal gene-call length stats:  min: 534, max: 534, ave: 534.0

Gene-call Scores:
Caller	Contig	Gene No.	Left End	Right End	Strand	gcScore
phanotate	circular_read_662	1	90	209	-	0.33
prodigal	circular_read_662	1	236	769	-	0.50
glimmer	circular_read_662	1	236	859	-	0.83
phanotate	circular_read_662	2	236	859	-	0.83
phanotate	circular_read_662	3	865	1065	-	0.33
phanotate	circular_read_662	4	1215	1334	-	0.33
prodigal	circular_read_662	2	1361	1894	-	0.50
glimmer	circular_read_662	2	1361	1984	-	0.83
phanotate	circular_read_662	5	1361	1984	-	0.83
phanotate	circular_read_662	6	1965	2054	-	0.33
phanotate	circular_read_662	7	2060	2188	-	0.33
phanotate	circular_read_662	8	2338	2457	-	0.33
prodigal	circular_read_662	3	2484	3017	-	0.50
glimmer	circular_read_662	3	2484	3107	-	0.83
phanotate	circular_read_662	9	2484	3107	-	0.83
phanotate	circular_read_662	10	3088	3177	-	0.33
phanotate	circular_read_662	11	3183	3311	-	0.33

Gene-call Consensus Scores:
Caller glimmer average gene-call score: 0.83
Caller phanotate average gene-call score: 0.47
Caller prodigal average gene-call score: 0.50

***************Unique List
Unique gene call 1
  --  Gene No. 1, gene caller: phanotate, leftEnd: 90, rightEnd: 209, strand: -, length: 120, contig: circular_read_662, protein: unknown, score1: 0.3333333333333333, score2: 0.0
Unique gene call 2
  --  Gene No. 1, gene caller: prodigal, leftEnd: 236, rightEnd: 769, strand: -, length: 534, contig: circular_read_662, protein: unknown, score1: 0.5, score2: 0.0
Unique gene call 3
  --  Gene No. 1, gene caller: glimmer, leftEnd: 236, rightEnd: 859, strand: -, length: 624, contig: circular_read_662, protein: unknown, score1: 0.8333333333333333, score2: 0.0
  --  Gene No. 2, gene caller: phanotate, leftEnd: 236, rightEnd: 859, strand: -, length: 624, contig: circular_read_662, protein: unknown, score1: 0.8333333333333333, score2: 0.0
Unique gene call 4
  --  Gene No. 3, gene caller: phanotate, leftEnd: 865, rightEnd: 1065, strand: -, length: 201, contig: circular_read_662, protein: unknown, score1: 0.3333333333333333, score2: 0.0
Unique gene call 5
  --  Gene No. 4, gene caller: phanotate, leftEnd: 1215, rightEnd: 1334, strand: -, length: 120, contig: circular_read_662, protein: unknown, score1: 0.3333333333333333, score2: 0.0
Unique gene call 6
  --  Gene No. 2, gene caller: prodigal, leftEnd: 1361, rightEnd: 1894, strand: -, length: 534, contig: circular_read_662, protein: unknown, score1: 0.5, score2: 0.0
Unique gene call 7
  --  Gene No. 2, gene caller: glimmer, leftEnd: 1361, rightEnd: 1984, strand: -, length: 624, contig: circular_read_662, protein: unknown, score1: 0.8333333333333333, score2: 0.0
  --  Gene No. 5, gene caller: phanotate, leftEnd: 1361, rightEnd: 1984, strand: -, length: 624, contig: circular_read_662, protein: unknown, score1: 0.8333333333333333, score2: 0.0
Unique gene call 8
  --  Gene No. 6, gene caller: phanotate, leftEnd: 1965, rightEnd: 2054, strand: -, length: 90, contig: circular_read_662, protein: unknown, score1: 0.3333333333333333, score2: 0.0
Unique gene call 9
  --  Gene No. 7, gene caller: phanotate, leftEnd: 2060, rightEnd: 2188, strand: -, length: 129, contig: circular_read_662, protein: unknown, score1: 0.3333333333333333, score2: 0.0
Unique gene call 10
  --  Gene No. 8, gene caller: phanotate, leftEnd: 2338, rightEnd: 2457, strand: -, length: 120, contig: circular_read_662, protein: unknown, score1: 0.3333333333333333, score2: 0.0
Unique gene call 11
  --  Gene No. 3, gene caller: prodigal, leftEnd: 2484, rightEnd: 3017, strand: -, length: 534, contig: circular_read_662, protein: unknown, score1: 0.5, score2: 0.0
Unique gene call 12
  --  Gene No. 3, gene caller: glimmer, leftEnd: 2484, rightEnd: 3107, strand: -, length: 624, contig: circular_read_662, protein: unknown, score1: 0.8333333333333333, score2: 0.0
  --  Gene No. 9, gene caller: phanotate, leftEnd: 2484, rightEnd: 3107, strand: -, length: 624, contig: circular_read_662, protein: unknown, score1: 0.8333333333333333, score2: 0.0
Unique gene call 13
  --  Gene No. 10, gene caller: phanotate, leftEnd: 3088, rightEnd: 3177, strand: -, length: 90, contig: circular_read_662, protein: unknown, score1: 0.3333333333333333, score2: 0.0
Unique gene call 14
  --  Gene No. 11, gene caller: phanotate, leftEnd: 3183, rightEnd: 3311, strand: -, length: 129, contig: circular_read_662, protein: unknown, score1: 0.3333333333333333, score2: 0.0
Code complete at 2021-04-21 09:52:10.371653
