Opening log at 2021-04-21 09:21:42.565447
Iterating through fileSet at 2021-04-21 09:21:42.565739
fileSet is ['/home/james/Software/multiPhATE2/PipelineOutput/contig_1482/commoncore.cgc', '/home/james/Software/multiPhATE2/PipelineOutput/contig_1482/consensus.cgc', '/home/james/Software/multiPhATE2/PipelineOutput/contig_1482/glimmer.cgc', '/home/james/Software/multiPhATE2/PipelineOutput/contig_1482/phanotate.cgc', '/home/james/Software/multiPhATE2/PipelineOutput/contig_1482/prodigal.cgc', '/home/james/Software/multiPhATE2/PipelineOutput/contig_1482/superset.cgc']
Opening geneFile /home/james/Software/multiPhATE2/PipelineOutput/contig_1482/commoncore.cgc
Adding calls from geneFile /home/james/Software/multiPhATE2/PipelineOutput/contig_1482/commoncore.cgc
Appending call set  number of calls is: 0
Opening geneFile /home/james/Software/multiPhATE2/PipelineOutput/contig_1482/consensus.cgc
Adding calls from geneFile /home/james/Software/multiPhATE2/PipelineOutput/contig_1482/consensus.cgc
Appending call set  number of calls is: 0
Opening geneFile /home/james/Software/multiPhATE2/PipelineOutput/contig_1482/glimmer.cgc
Adding calls from geneFile /home/james/Software/multiPhATE2/PipelineOutput/contig_1482/glimmer.cgc
Appending call set  number of calls is: 3
Opening geneFile /home/james/Software/multiPhATE2/PipelineOutput/contig_1482/phanotate.cgc
Adding calls from geneFile /home/james/Software/multiPhATE2/PipelineOutput/contig_1482/phanotate.cgc
Appending call set  number of calls is: 6
Opening geneFile /home/james/Software/multiPhATE2/PipelineOutput/contig_1482/prodigal.cgc
Adding calls from geneFile /home/james/Software/multiPhATE2/PipelineOutput/contig_1482/prodigal.cgc
Appending call set  number of calls is: 5
Opening geneFile /home/james/Software/multiPhATE2/PipelineOutput/contig_1482/superset.cgc
Adding calls from geneFile /home/james/Software/multiPhATE2/PipelineOutput/contig_1482/superset.cgc
Appending call set  number of calls is: 0
All call sets have been added to caller list. Number of call sets in callerList: 6
callerList is   glimmer phanotate prodigal  
Total number of gene calls across callerList call sets is: 14
Sorting gene calls for each caller
Processing a callSet
Before sorting, Length of callerList for caller  is 0
After sorting, Length of callerList for caller  is 0
Processing a callSet
Before sorting, Length of callerList for caller  is 0
After sorting, Length of callerList for caller  is 0
Processing a callSet
Before sorting, Length of callerList for caller glimmer is 3
After sorting, Length of callerList for caller glimmer is 3
Processing a callSet
Before sorting, Length of callerList for caller phanotate is 6
After sorting, Length of callerList for caller phanotate is 6
Processing a callSet
Before sorting, Length of callerList for caller prodigal is 5
After sorting, Length of callerList for caller prodigal is 5
Processing a callSet
Before sorting, Length of callerList for caller  is 0
After sorting, Length of callerList for caller  is 0
callSet processing complete
Comparing across the call sets...
Merging the geneCall sets....
Final merged genes:

***************Merge List
1	Gene No. 1, gene caller: phanotate, leftEnd: 3, rightEnd: 134, strand: -, length: 132, contig: contig_1482, protein: unknown, score1: 1.0, score2: 0.0
2	Gene No. 2, gene caller: glimmer, leftEnd: 286, rightEnd: 762, strand: -, length: 477, contig: contig_1482, protein: unknown, score1: 1.0, score2: 0.0
3	Gene No. 2, gene caller: phanotate, leftEnd: 286, rightEnd: 762, strand: -, length: 477, contig: contig_1482, protein: unknown, score1: 1.0, score2: 0.0
4	Gene No. 1, gene caller: prodigal, leftEnd: 286, rightEnd: 762, strand: -, length: 477, contig: contig_1482, protein: unknown, score1: 1.0, score2: 0.0
5	Gene No. 3, gene caller: phanotate, leftEnd: 677, rightEnd: 1135, strand: +, length: 459, contig: contig_1482, protein: unknown, score1: 1.0, score2: 0.0
6	Gene No. 2, gene caller: prodigal, leftEnd: 809, rightEnd: 1135, strand: +, length: 327, contig: contig_1482, protein: unknown, score1: 1.0, score2: 0.0
7	Gene No. 3, gene caller: glimmer, leftEnd: 1128, rightEnd: 1430, strand: +, length: 303, contig: contig_1482, protein: unknown, score1: 1.0, score2: 0.0
8	Gene No. 4, gene caller: phanotate, leftEnd: 1128, rightEnd: 1430, strand: +, length: 303, contig: contig_1482, protein: unknown, score1: 1.0, score2: 0.0
9	Gene No. 3, gene caller: prodigal, leftEnd: 1146, rightEnd: 1430, strand: +, length: 285, contig: contig_1482, protein: unknown, score1: 1.0, score2: 0.0
10	Gene No. 4, gene caller: glimmer, leftEnd: 1465, rightEnd: 1941, strand: +, length: 477, contig: contig_1482, protein: unknown, score1: 1.0, score2: 0.0
11	Gene No. 5, gene caller: phanotate, leftEnd: 1465, rightEnd: 1941, strand: +, length: 477, contig: contig_1482, protein: unknown, score1: 1.0, score2: 0.0
12	Gene No. 4, gene caller: prodigal, leftEnd: 1465, rightEnd: 1941, strand: +, length: 477, contig: contig_1482, protein: unknown, score1: 1.0, score2: 0.0
13	Gene No. 6, gene caller: phanotate, leftEnd: 2093, rightEnd: 2473, strand: +, length: 381, contig: contig_1482, protein: unknown, score1: 1.0, score2: 0.0
14	Gene No. 5, gene caller: prodigal, leftEnd: 2093, rightEnd: 2473, strand: +, length: 381, contig: contig_1482, protein: unknown, score1: 1.0, score2: 0.0
Comparing across geneCall sets....
Scoring gene calls....
Identifying common core...
This is the Common Core List:

***************Common Core
CC-gene 1	Gene No. 1, gene caller: All_callers, leftEnd: 286, rightEnd: 762, strand: -, length: 477, contig: contig_1482, protein: unknown, score1: 1.0, score2: 0.0
CC-gene 2	Gene No. 1, gene caller: All_callers, leftEnd: 1465, rightEnd: 1941, strand: +, length: 477, contig: contig_1482, protein: unknown, score1: 1.0, score2: 0.0
Printing gene-call superset, consensus, and common_core in GFF and CGC formats
Printing report....
The following gene callers were considered: glimmer, phanotate, prodigal, The number of distinct gene calls over all gene callers is 8
The number of gene calls in common among all callers is 2
The number of unique (non-matching) gene calls is4
Caller glimmer produced 3 gene calls.
Caller glimmer gene-call length stats:  min: 303, max: 477, ave: 419.0
Caller phanotate produced 6 gene calls.
Caller phanotate gene-call length stats:  min: 132, max: 477, ave: 371.5
Caller prodigal produced 5 gene calls.
Caller prodigal gene-call length stats:  min: 285, max: 477, ave: 389.4

Gene-call Scores:
Caller	Contig	Gene No.	Left End	Right End	Strand	gcScore
phanotate	contig_1482	1	3	134	-	0.33
glimmer	contig_1482	2	286	762	-	1.00
phanotate	contig_1482	2	286	762	-	1.00
prodigal	contig_1482	1	286	762	-	1.00
phanotate	contig_1482	3	677	1135	+	0.50
prodigal	contig_1482	2	809	1135	+	0.50
glimmer	contig_1482	3	1128	1430	+	0.83
phanotate	contig_1482	4	1128	1430	+	0.83
prodigal	contig_1482	3	1146	1430	+	0.50
glimmer	contig_1482	4	1465	1941	+	1.00
phanotate	contig_1482	5	1465	1941	+	1.00
prodigal	contig_1482	4	1465	1941	+	1.00
phanotate	contig_1482	6	2093	2473	+	0.83
prodigal	contig_1482	5	2093	2473	+	0.83

Gene-call Consensus Scores:
Caller glimmer average gene-call score: 0.94
Caller phanotate average gene-call score: 0.75
Caller prodigal average gene-call score: 0.77

***************Unique List
Unique gene call 1
  --  Gene No. 1, gene caller: phanotate, leftEnd: 3, rightEnd: 134, strand: -, length: 132, contig: contig_1482, protein: unknown, score1: 0.3333333333333333, score2: 0.0
Unique gene call 2
  --  Gene No. 2, gene caller: glimmer, leftEnd: 286, rightEnd: 762, strand: -, length: 477, contig: contig_1482, protein: unknown, score1: 1.0, score2: 0.0
  --  Gene No. 2, gene caller: phanotate, leftEnd: 286, rightEnd: 762, strand: -, length: 477, contig: contig_1482, protein: unknown, score1: 1.0, score2: 0.0
  --  Gene No. 1, gene caller: prodigal, leftEnd: 286, rightEnd: 762, strand: -, length: 477, contig: contig_1482, protein: unknown, score1: 1.0, score2: 0.0
Unique gene call 3
  --  Gene No. 3, gene caller: phanotate, leftEnd: 677, rightEnd: 1135, strand: +, length: 459, contig: contig_1482, protein: unknown, score1: 0.5, score2: 0.0
Unique gene call 4
  --  Gene No. 2, gene caller: prodigal, leftEnd: 809, rightEnd: 1135, strand: +, length: 327, contig: contig_1482, protein: unknown, score1: 0.5, score2: 0.0
Unique gene call 5
  --  Gene No. 3, gene caller: glimmer, leftEnd: 1128, rightEnd: 1430, strand: +, length: 303, contig: contig_1482, protein: unknown, score1: 0.8333333333333333, score2: 0.0
  --  Gene No. 4, gene caller: phanotate, leftEnd: 1128, rightEnd: 1430, strand: +, length: 303, contig: contig_1482, protein: unknown, score1: 0.8333333333333333, score2: 0.0
Unique gene call 6
  --  Gene No. 3, gene caller: prodigal, leftEnd: 1146, rightEnd: 1430, strand: +, length: 285, contig: contig_1482, protein: unknown, score1: 0.5, score2: 0.0
Unique gene call 7
  --  Gene No. 4, gene caller: glimmer, leftEnd: 1465, rightEnd: 1941, strand: +, length: 477, contig: contig_1482, protein: unknown, score1: 1.0, score2: 0.0
  --  Gene No. 5, gene caller: phanotate, leftEnd: 1465, rightEnd: 1941, strand: +, length: 477, contig: contig_1482, protein: unknown, score1: 1.0, score2: 0.0
  --  Gene No. 4, gene caller: prodigal, leftEnd: 1465, rightEnd: 1941, strand: +, length: 477, contig: contig_1482, protein: unknown, score1: 1.0, score2: 0.0
Unique gene call 8
  --  Gene No. 6, gene caller: phanotate, leftEnd: 2093, rightEnd: 2473, strand: +, length: 381, contig: contig_1482, protein: unknown, score1: 0.8333333333333333, score2: 0.0
  --  Gene No. 5, gene caller: prodigal, leftEnd: 2093, rightEnd: 2473, strand: +, length: 381, contig: contig_1482, protein: unknown, score1: 0.8333333333333333, score2: 0.0
Code complete at 2021-04-21 09:21:42.570353
