Opening log at 2021-04-21 09:04:57.965279
Iterating through fileSet at 2021-04-21 09:04:57.965802
fileSet is ['/home/james/Software/multiPhATE2/PipelineOutput/contig_1046/commoncore.cgc', '/home/james/Software/multiPhATE2/PipelineOutput/contig_1046/consensus.cgc', '/home/james/Software/multiPhATE2/PipelineOutput/contig_1046/glimmer.cgc', '/home/james/Software/multiPhATE2/PipelineOutput/contig_1046/phanotate.cgc', '/home/james/Software/multiPhATE2/PipelineOutput/contig_1046/prodigal.cgc', '/home/james/Software/multiPhATE2/PipelineOutput/contig_1046/superset.cgc']
Opening geneFile /home/james/Software/multiPhATE2/PipelineOutput/contig_1046/commoncore.cgc
Adding calls from geneFile /home/james/Software/multiPhATE2/PipelineOutput/contig_1046/commoncore.cgc
Appending call set  number of calls is: 0
Opening geneFile /home/james/Software/multiPhATE2/PipelineOutput/contig_1046/consensus.cgc
Adding calls from geneFile /home/james/Software/multiPhATE2/PipelineOutput/contig_1046/consensus.cgc
Appending call set  number of calls is: 0
Opening geneFile /home/james/Software/multiPhATE2/PipelineOutput/contig_1046/glimmer.cgc
Adding calls from geneFile /home/james/Software/multiPhATE2/PipelineOutput/contig_1046/glimmer.cgc
Appending call set  number of calls is: 4
Opening geneFile /home/james/Software/multiPhATE2/PipelineOutput/contig_1046/phanotate.cgc
Adding calls from geneFile /home/james/Software/multiPhATE2/PipelineOutput/contig_1046/phanotate.cgc
Appending call set  number of calls is: 6
Opening geneFile /home/james/Software/multiPhATE2/PipelineOutput/contig_1046/prodigal.cgc
Adding calls from geneFile /home/james/Software/multiPhATE2/PipelineOutput/contig_1046/prodigal.cgc
Appending call set  number of calls is: 5
Opening geneFile /home/james/Software/multiPhATE2/PipelineOutput/contig_1046/superset.cgc
Adding calls from geneFile /home/james/Software/multiPhATE2/PipelineOutput/contig_1046/superset.cgc
Appending call set  number of calls is: 0
All call sets have been added to caller list. Number of call sets in callerList: 6
callerList is   glimmer phanotate prodigal  
Total number of gene calls across callerList call sets is: 15
Sorting gene calls for each caller
Processing a callSet
Before sorting, Length of callerList for caller  is 0
After sorting, Length of callerList for caller  is 0
Processing a callSet
Before sorting, Length of callerList for caller  is 0
After sorting, Length of callerList for caller  is 0
Processing a callSet
Before sorting, Length of callerList for caller glimmer is 4
After sorting, Length of callerList for caller glimmer is 4
Processing a callSet
Before sorting, Length of callerList for caller phanotate is 6
After sorting, Length of callerList for caller phanotate is 6
Processing a callSet
Before sorting, Length of callerList for caller prodigal is 5
After sorting, Length of callerList for caller prodigal is 5
Processing a callSet
Before sorting, Length of callerList for caller  is 0
After sorting, Length of callerList for caller  is 0
callSet processing complete
Comparing across the call sets...
Merging the geneCall sets....
Final merged genes:

***************Merge List
1	Gene No. 1, gene caller: phanotate, leftEnd: 3, rightEnd: 182, strand: +, length: 180, contig: contig_1046, protein: unknown, score1: 1.0, score2: 0.0
2	Gene No. 1, gene caller: prodigal, leftEnd: 3, rightEnd: 182, strand: +, length: 180, contig: contig_1046, protein: unknown, score1: 1.0, score2: 0.0
3	Gene No. 2, gene caller: prodigal, leftEnd: 127, rightEnd: 1059, strand: +, length: 933, contig: contig_1046, protein: unknown, score1: 1.0, score2: 0.0
4	Gene No. 1, gene caller: glimmer, leftEnd: 154, rightEnd: 1059, strand: +, length: 906, contig: contig_1046, protein: unknown, score1: 1.0, score2: 0.0
5	Gene No. 2, gene caller: phanotate, leftEnd: 154, rightEnd: 1059, strand: +, length: 906, contig: contig_1046, protein: unknown, score1: 1.0, score2: 0.0
6	Gene No. 3, gene caller: phanotate, leftEnd: 1129, rightEnd: 1239, strand: +, length: 111, contig: contig_1046, protein: unknown, score1: 1.0, score2: 0.0
7	Gene No. 4, gene caller: phanotate, leftEnd: 1346, rightEnd: 1705, strand: -, length: 360, contig: contig_1046, protein: unknown, score1: 1.0, score2: 0.0
8	Gene No. 2, gene caller: glimmer, leftEnd: 1346, rightEnd: 1762, strand: -, length: 417, contig: contig_1046, protein: unknown, score1: 1.0, score2: 0.0
9	Gene No. 3, gene caller: prodigal, leftEnd: 1346, rightEnd: 1762, strand: -, length: 417, contig: contig_1046, protein: unknown, score1: 1.0, score2: 0.0
10	Gene No. 3, gene caller: glimmer, leftEnd: 1828, rightEnd: 2115, strand: -, length: 288, contig: contig_1046, protein: unknown, score1: 1.0, score2: 0.0
11	Gene No. 5, gene caller: phanotate, leftEnd: 1828, rightEnd: 2115, strand: -, length: 288, contig: contig_1046, protein: unknown, score1: 1.0, score2: 0.0
12	Gene No. 4, gene caller: prodigal, leftEnd: 1828, rightEnd: 2145, strand: -, length: 318, contig: contig_1046, protein: unknown, score1: 1.0, score2: 0.0
13	Gene No. 4, gene caller: glimmer, leftEnd: 2120, rightEnd: 2245, strand: -, length: 126, contig: contig_1046, protein: unknown, score1: 1.0, score2: 0.0
14	Gene No. 6, gene caller: phanotate, leftEnd: 2120, rightEnd: 2245, strand: -, length: 126, contig: contig_1046, protein: unknown, score1: 1.0, score2: 0.0
15	Gene No. 5, gene caller: prodigal, leftEnd: 2120, rightEnd: 2323, strand: -, length: 204, contig: contig_1046, protein: unknown, score1: 1.0, score2: 0.0
Comparing across geneCall sets....
Scoring gene calls....
Identifying common core...
This is the Common Core List:

***************Common Core
Printing gene-call superset, consensus, and common_core in GFF and CGC formats
Printing report....
The following gene callers were considered: glimmer, phanotate, prodigal, The number of distinct gene calls over all gene callers is 10
The number of gene calls in common among all callers is 0
The number of unique (non-matching) gene calls is5
Caller glimmer produced 4 gene calls.
Caller glimmer gene-call length stats:  min: 126, max: 906, ave: 434.25
Caller phanotate produced 6 gene calls.
Caller phanotate gene-call length stats:  min: 111, max: 906, ave: 328.5
Caller prodigal produced 5 gene calls.
Caller prodigal gene-call length stats:  min: 180, max: 933, ave: 410.4

Gene-call Scores:
Caller	Contig	Gene No.	Left End	Right End	Strand	gcScore
phanotate	contig_1046	1	3	182	+	0.83
prodigal	contig_1046	1	3	182	+	0.83
prodigal	contig_1046	2	127	1059	+	0.50
glimmer	contig_1046	1	154	1059	+	0.83
phanotate	contig_1046	2	154	1059	+	0.83
phanotate	contig_1046	3	1129	1239	+	0.33
phanotate	contig_1046	4	1346	1705	-	0.50
glimmer	contig_1046	2	1346	1762	-	0.83
prodigal	contig_1046	3	1346	1762	-	0.83
glimmer	contig_1046	3	1828	2115	-	0.83
phanotate	contig_1046	5	1828	2115	-	0.83
prodigal	contig_1046	4	1828	2145	-	0.50
glimmer	contig_1046	4	2120	2245	-	0.83
phanotate	contig_1046	6	2120	2245	-	0.83
prodigal	contig_1046	5	2120	2323	-	0.50

Gene-call Consensus Scores:
Caller glimmer average gene-call score: 0.83
Caller phanotate average gene-call score: 0.69
Caller prodigal average gene-call score: 0.63

***************Unique List
Unique gene call 1
  --  Gene No. 1, gene caller: phanotate, leftEnd: 3, rightEnd: 182, strand: +, length: 180, contig: contig_1046, protein: unknown, score1: 0.8333333333333333, score2: 0.0
  --  Gene No. 1, gene caller: prodigal, leftEnd: 3, rightEnd: 182, strand: +, length: 180, contig: contig_1046, protein: unknown, score1: 0.8333333333333333, score2: 0.0
Unique gene call 2
  --  Gene No. 2, gene caller: prodigal, leftEnd: 127, rightEnd: 1059, strand: +, length: 933, contig: contig_1046, protein: unknown, score1: 0.5, score2: 0.0
Unique gene call 3
  --  Gene No. 1, gene caller: glimmer, leftEnd: 154, rightEnd: 1059, strand: +, length: 906, contig: contig_1046, protein: unknown, score1: 0.8333333333333333, score2: 0.0
  --  Gene No. 2, gene caller: phanotate, leftEnd: 154, rightEnd: 1059, strand: +, length: 906, contig: contig_1046, protein: unknown, score1: 0.8333333333333333, score2: 0.0
Unique gene call 4
  --  Gene No. 3, gene caller: phanotate, leftEnd: 1129, rightEnd: 1239, strand: +, length: 111, contig: contig_1046, protein: unknown, score1: 0.3333333333333333, score2: 0.0
Unique gene call 5
  --  Gene No. 4, gene caller: phanotate, leftEnd: 1346, rightEnd: 1705, strand: -, length: 360, contig: contig_1046, protein: unknown, score1: 0.5, score2: 0.0
Unique gene call 6
  --  Gene No. 2, gene caller: glimmer, leftEnd: 1346, rightEnd: 1762, strand: -, length: 417, contig: contig_1046, protein: unknown, score1: 0.8333333333333333, score2: 0.0
  --  Gene No. 3, gene caller: prodigal, leftEnd: 1346, rightEnd: 1762, strand: -, length: 417, contig: contig_1046, protein: unknown, score1: 0.8333333333333333, score2: 0.0
Unique gene call 7
  --  Gene No. 3, gene caller: glimmer, leftEnd: 1828, rightEnd: 2115, strand: -, length: 288, contig: contig_1046, protein: unknown, score1: 0.8333333333333333, score2: 0.0
  --  Gene No. 5, gene caller: phanotate, leftEnd: 1828, rightEnd: 2115, strand: -, length: 288, contig: contig_1046, protein: unknown, score1: 0.8333333333333333, score2: 0.0
Unique gene call 8
  --  Gene No. 4, gene caller: prodigal, leftEnd: 1828, rightEnd: 2145, strand: -, length: 318, contig: contig_1046, protein: unknown, score1: 0.5, score2: 0.0
Unique gene call 9
  --  Gene No. 4, gene caller: glimmer, leftEnd: 2120, rightEnd: 2245, strand: -, length: 126, contig: contig_1046, protein: unknown, score1: 0.8333333333333333, score2: 0.0
  --  Gene No. 6, gene caller: phanotate, leftEnd: 2120, rightEnd: 2245, strand: -, length: 126, contig: contig_1046, protein: unknown, score1: 0.8333333333333333, score2: 0.0
Unique gene call 10
  --  Gene No. 5, gene caller: prodigal, leftEnd: 2120, rightEnd: 2323, strand: -, length: 204, contig: contig_1046, protein: unknown, score1: 0.5, score2: 0.0
Code complete at 2021-04-21 09:04:57.975656
