Opening log at 2021-04-21 09:32:50.869596
Iterating through fileSet at 2021-04-21 09:32:50.869762
fileSet is ['/home/james/Software/multiPhATE2/PipelineOutput/contig_2591/commoncore.cgc', '/home/james/Software/multiPhATE2/PipelineOutput/contig_2591/consensus.cgc', '/home/james/Software/multiPhATE2/PipelineOutput/contig_2591/glimmer.cgc', '/home/james/Software/multiPhATE2/PipelineOutput/contig_2591/phanotate.cgc', '/home/james/Software/multiPhATE2/PipelineOutput/contig_2591/prodigal.cgc', '/home/james/Software/multiPhATE2/PipelineOutput/contig_2591/superset.cgc']
Opening geneFile /home/james/Software/multiPhATE2/PipelineOutput/contig_2591/commoncore.cgc
Adding calls from geneFile /home/james/Software/multiPhATE2/PipelineOutput/contig_2591/commoncore.cgc
Appending call set  number of calls is: 0
Opening geneFile /home/james/Software/multiPhATE2/PipelineOutput/contig_2591/consensus.cgc
Adding calls from geneFile /home/james/Software/multiPhATE2/PipelineOutput/contig_2591/consensus.cgc
Appending call set  number of calls is: 0
Opening geneFile /home/james/Software/multiPhATE2/PipelineOutput/contig_2591/glimmer.cgc
Adding calls from geneFile /home/james/Software/multiPhATE2/PipelineOutput/contig_2591/glimmer.cgc
Appending call set  number of calls is: 8
Opening geneFile /home/james/Software/multiPhATE2/PipelineOutput/contig_2591/phanotate.cgc
Adding calls from geneFile /home/james/Software/multiPhATE2/PipelineOutput/contig_2591/phanotate.cgc
Appending call set  number of calls is: 12
Opening geneFile /home/james/Software/multiPhATE2/PipelineOutput/contig_2591/prodigal.cgc
Adding calls from geneFile /home/james/Software/multiPhATE2/PipelineOutput/contig_2591/prodigal.cgc
Appending call set  number of calls is: 9
Opening geneFile /home/james/Software/multiPhATE2/PipelineOutput/contig_2591/superset.cgc
Adding calls from geneFile /home/james/Software/multiPhATE2/PipelineOutput/contig_2591/superset.cgc
Appending call set  number of calls is: 0
All call sets have been added to caller list. Number of call sets in callerList: 6
callerList is   glimmer phanotate prodigal  
Total number of gene calls across callerList call sets is: 29
Sorting gene calls for each caller
Processing a callSet
Before sorting, Length of callerList for caller  is 0
After sorting, Length of callerList for caller  is 0
Processing a callSet
Before sorting, Length of callerList for caller  is 0
After sorting, Length of callerList for caller  is 0
Processing a callSet
Before sorting, Length of callerList for caller glimmer is 8
After sorting, Length of callerList for caller glimmer is 8
Processing a callSet
Before sorting, Length of callerList for caller phanotate is 12
After sorting, Length of callerList for caller phanotate is 12
Processing a callSet
Before sorting, Length of callerList for caller prodigal is 9
After sorting, Length of callerList for caller prodigal is 9
Processing a callSet
Before sorting, Length of callerList for caller  is 0
After sorting, Length of callerList for caller  is 0
callSet processing complete
Comparing across the call sets...
Merging the geneCall sets....
Final merged genes:

***************Merge List
1	Gene No. 1, gene caller: phanotate, leftEnd: 1, rightEnd: 105, strand: +, length: 105, contig: contig_2591, protein: unknown, score1: 1.0, score2: 0.0
2	Gene No. 1, gene caller: prodigal, leftEnd: 1, rightEnd: 105, strand: +, length: 105, contig: contig_2591, protein: unknown, score1: 1.0, score2: 0.0
3	Gene No. 2, gene caller: glimmer, leftEnd: 119, rightEnd: 619, strand: +, length: 501, contig: contig_2591, protein: unknown, score1: 1.0, score2: 0.0
4	Gene No. 2, gene caller: phanotate, leftEnd: 119, rightEnd: 619, strand: +, length: 501, contig: contig_2591, protein: unknown, score1: 1.0, score2: 0.0
5	Gene No. 2, gene caller: prodigal, leftEnd: 119, rightEnd: 619, strand: +, length: 501, contig: contig_2591, protein: unknown, score1: 1.0, score2: 0.0
6	Gene No. 3, gene caller: phanotate, leftEnd: 691, rightEnd: 828, strand: -, length: 138, contig: contig_2591, protein: unknown, score1: 1.0, score2: 0.0
7	Gene No. 3, gene caller: glimmer, leftEnd: 712, rightEnd: 1113, strand: +, length: 402, contig: contig_2591, protein: unknown, score1: 1.0, score2: 0.0
8	Gene No. 3, gene caller: prodigal, leftEnd: 754, rightEnd: 1113, strand: +, length: 360, contig: contig_2591, protein: unknown, score1: 1.0, score2: 0.0
9	Gene No. 4, gene caller: phanotate, leftEnd: 814, rightEnd: 1113, strand: +, length: 300, contig: contig_2591, protein: unknown, score1: 1.0, score2: 0.0
10	Gene No. 4, gene caller: glimmer, leftEnd: 1300, rightEnd: 1530, strand: -, length: 231, contig: contig_2591, protein: unknown, score1: 1.0, score2: 0.0
11	Gene No. 5, gene caller: phanotate, leftEnd: 1300, rightEnd: 1530, strand: -, length: 231, contig: contig_2591, protein: unknown, score1: 1.0, score2: 0.0
12	Gene No. 4, gene caller: prodigal, leftEnd: 1300, rightEnd: 1530, strand: -, length: 231, contig: contig_2591, protein: unknown, score1: 1.0, score2: 0.0
13	Gene No. 5, gene caller: glimmer, leftEnd: 1520, rightEnd: 1822, strand: -, length: 303, contig: contig_2591, protein: unknown, score1: 1.0, score2: 0.0
14	Gene No. 6, gene caller: phanotate, leftEnd: 1520, rightEnd: 1822, strand: -, length: 303, contig: contig_2591, protein: unknown, score1: 1.0, score2: 0.0
15	Gene No. 5, gene caller: prodigal, leftEnd: 1520, rightEnd: 1822, strand: -, length: 303, contig: contig_2591, protein: unknown, score1: 1.0, score2: 0.0
16	Gene No. 7, gene caller: phanotate, leftEnd: 1826, rightEnd: 1999, strand: +, length: 174, contig: contig_2591, protein: unknown, score1: 1.0, score2: 0.0
17	Gene No. 6, gene caller: glimmer, leftEnd: 1859, rightEnd: 1999, strand: +, length: 141, contig: contig_2591, protein: unknown, score1: 1.0, score2: 0.0
18	Gene No. 7, gene caller: glimmer, leftEnd: 1989, rightEnd: 2123, strand: +, length: 135, contig: contig_2591, protein: unknown, score1: 1.0, score2: 0.0
19	Gene No. 6, gene caller: prodigal, leftEnd: 1989, rightEnd: 2123, strand: +, length: 135, contig: contig_2591, protein: unknown, score1: 1.0, score2: 0.0
20	Gene No. 8, gene caller: phanotate, leftEnd: 2013, rightEnd: 2156, strand: -, length: 144, contig: contig_2591, protein: unknown, score1: 1.0, score2: 0.0
21	Gene No. 9, gene caller: phanotate, leftEnd: 2405, rightEnd: 2704, strand: -, length: 300, contig: contig_2591, protein: unknown, score1: 1.0, score2: 0.0
22	Gene No. 7, gene caller: prodigal, leftEnd: 2405, rightEnd: 2764, strand: -, length: 360, contig: contig_2591, protein: unknown, score1: 1.0, score2: 0.0
23	Gene No. 8, gene caller: glimmer, leftEnd: 2405, rightEnd: 2806, strand: -, length: 402, contig: contig_2591, protein: unknown, score1: 1.0, score2: 0.0
24	Gene No. 10, gene caller: phanotate, leftEnd: 2690, rightEnd: 2827, strand: +, length: 138, contig: contig_2591, protein: unknown, score1: 1.0, score2: 0.0
25	Gene No. 9, gene caller: glimmer, leftEnd: 2899, rightEnd: 3225, strand: -, length: 327, contig: contig_2591, protein: unknown, score1: 1.0, score2: 0.0
26	Gene No. 11, gene caller: phanotate, leftEnd: 2899, rightEnd: 3225, strand: -, length: 327, contig: contig_2591, protein: unknown, score1: 1.0, score2: 0.0
27	Gene No. 8, gene caller: prodigal, leftEnd: 2899, rightEnd: 3225, strand: -, length: 327, contig: contig_2591, protein: unknown, score1: 1.0, score2: 0.0
28	Gene No. 12, gene caller: phanotate, leftEnd: 3209, rightEnd: 3364, strand: +, length: 156, contig: contig_2591, protein: unknown, score1: 1.0, score2: 0.0
29	Gene No. 9, gene caller: prodigal, leftEnd: 3287, rightEnd: 3364, strand: +, length: 78, contig: contig_2591, protein: unknown, score1: 1.0, score2: 0.0
Comparing across geneCall sets....
Scoring gene calls....
Identifying common core...
This is the Common Core List:

***************Common Core
CC-gene 1	Gene No. 1, gene caller: All_callers, leftEnd: 119, rightEnd: 619, strand: +, length: 501, contig: contig_2591, protein: unknown, score1: 1.0, score2: 0.0
CC-gene 2	Gene No. 1, gene caller: All_callers, leftEnd: 1300, rightEnd: 1530, strand: -, length: 231, contig: contig_2591, protein: unknown, score1: 1.0, score2: 0.0
CC-gene 3	Gene No. 1, gene caller: All_callers, leftEnd: 1520, rightEnd: 1822, strand: -, length: 303, contig: contig_2591, protein: unknown, score1: 1.0, score2: 0.0
CC-gene 4	Gene No. 1, gene caller: All_callers, leftEnd: 2899, rightEnd: 3225, strand: -, length: 327, contig: contig_2591, protein: unknown, score1: 1.0, score2: 0.0
Printing gene-call superset, consensus, and common_core in GFF and CGC formats
Printing report....
The following gene callers were considered: glimmer, phanotate, prodigal, The number of distinct gene calls over all gene callers is 19
The number of gene calls in common among all callers is 4
The number of unique (non-matching) gene calls is13
Caller glimmer produced 8 gene calls.
Caller glimmer gene-call length stats:  min: 135, max: 501, ave: 305.25
Caller phanotate produced 12 gene calls.
Caller phanotate gene-call length stats:  min: 105, max: 501, ave: 234.75
Caller prodigal produced 9 gene calls.
Caller prodigal gene-call length stats:  min: 78, max: 501, ave: 266.6666666666667

Gene-call Scores:
Caller	Contig	Gene No.	Left End	Right End	Strand	gcScore
phanotate	contig_2591	1	1	105	+	0.83
prodigal	contig_2591	1	1	105	+	0.83
glimmer	contig_2591	2	119	619	+	1.00
phanotate	contig_2591	2	119	619	+	1.00
prodigal	contig_2591	2	119	619	+	1.00
phanotate	contig_2591	3	691	828	-	0.33
glimmer	contig_2591	3	712	1113	+	0.50
prodigal	contig_2591	3	754	1113	+	0.50
phanotate	contig_2591	4	814	1113	+	0.50
glimmer	contig_2591	4	1300	1530	-	1.00
phanotate	contig_2591	5	1300	1530	-	1.00
prodigal	contig_2591	4	1300	1530	-	1.00
glimmer	contig_2591	5	1520	1822	-	1.00
phanotate	contig_2591	6	1520	1822	-	1.00
prodigal	contig_2591	5	1520	1822	-	1.00
phanotate	contig_2591	7	1826	1999	+	0.50
glimmer	contig_2591	6	1859	1999	+	0.50
glimmer	contig_2591	7	1989	2123	+	0.83
prodigal	contig_2591	6	1989	2123	+	0.83
phanotate	contig_2591	8	2013	2156	-	0.33
phanotate	contig_2591	9	2405	2704	-	0.50
prodigal	contig_2591	7	2405	2764	-	0.50
glimmer	contig_2591	8	2405	2806	-	0.50
phanotate	contig_2591	10	2690	2827	+	0.33
glimmer	contig_2591	9	2899	3225	-	1.00
phanotate	contig_2591	11	2899	3225	-	1.00
prodigal	contig_2591	8	2899	3225	-	1.00
phanotate	contig_2591	12	3209	3364	+	0.50
prodigal	contig_2591	9	3287	3364	+	0.50

Gene-call Consensus Scores:
Caller glimmer average gene-call score: 0.79
Caller phanotate average gene-call score: 0.65
Caller prodigal average gene-call score: 0.80

***************Unique List
Unique gene call 1
  --  Gene No. 1, gene caller: phanotate, leftEnd: 1, rightEnd: 105, strand: +, length: 105, contig: contig_2591, protein: unknown, score1: 0.8333333333333333, score2: 0.0
  --  Gene No. 1, gene caller: prodigal, leftEnd: 1, rightEnd: 105, strand: +, length: 105, contig: contig_2591, protein: unknown, score1: 0.8333333333333333, score2: 0.0
Unique gene call 2
  --  Gene No. 2, gene caller: glimmer, leftEnd: 119, rightEnd: 619, strand: +, length: 501, contig: contig_2591, protein: unknown, score1: 1.0, score2: 0.0
  --  Gene No. 2, gene caller: phanotate, leftEnd: 119, rightEnd: 619, strand: +, length: 501, contig: contig_2591, protein: unknown, score1: 1.0, score2: 0.0
  --  Gene No. 2, gene caller: prodigal, leftEnd: 119, rightEnd: 619, strand: +, length: 501, contig: contig_2591, protein: unknown, score1: 1.0, score2: 0.0
Unique gene call 3
  --  Gene No. 3, gene caller: phanotate, leftEnd: 691, rightEnd: 828, strand: -, length: 138, contig: contig_2591, protein: unknown, score1: 0.3333333333333333, score2: 0.0
Unique gene call 4
  --  Gene No. 3, gene caller: glimmer, leftEnd: 712, rightEnd: 1113, strand: +, length: 402, contig: contig_2591, protein: unknown, score1: 0.5, score2: 0.0
Unique gene call 5
  --  Gene No. 3, gene caller: prodigal, leftEnd: 754, rightEnd: 1113, strand: +, length: 360, contig: contig_2591, protein: unknown, score1: 0.5, score2: 0.0
Unique gene call 6
  --  Gene No. 4, gene caller: phanotate, leftEnd: 814, rightEnd: 1113, strand: +, length: 300, contig: contig_2591, protein: unknown, score1: 0.5, score2: 0.0
Unique gene call 7
  --  Gene No. 4, gene caller: glimmer, leftEnd: 1300, rightEnd: 1530, strand: -, length: 231, contig: contig_2591, protein: unknown, score1: 1.0, score2: 0.0
  --  Gene No. 5, gene caller: phanotate, leftEnd: 1300, rightEnd: 1530, strand: -, length: 231, contig: contig_2591, protein: unknown, score1: 1.0, score2: 0.0
  --  Gene No. 4, gene caller: prodigal, leftEnd: 1300, rightEnd: 1530, strand: -, length: 231, contig: contig_2591, protein: unknown, score1: 1.0, score2: 0.0
Unique gene call 8
  --  Gene No. 5, gene caller: glimmer, leftEnd: 1520, rightEnd: 1822, strand: -, length: 303, contig: contig_2591, protein: unknown, score1: 1.0, score2: 0.0
  --  Gene No. 6, gene caller: phanotate, leftEnd: 1520, rightEnd: 1822, strand: -, length: 303, contig: contig_2591, protein: unknown, score1: 1.0, score2: 0.0
  --  Gene No. 5, gene caller: prodigal, leftEnd: 1520, rightEnd: 1822, strand: -, length: 303, contig: contig_2591, protein: unknown, score1: 1.0, score2: 0.0
Unique gene call 9
  --  Gene No. 7, gene caller: phanotate, leftEnd: 1826, rightEnd: 1999, strand: +, length: 174, contig: contig_2591, protein: unknown, score1: 0.5, score2: 0.0
Unique gene call 10
  --  Gene No. 6, gene caller: glimmer, leftEnd: 1859, rightEnd: 1999, strand: +, length: 141, contig: contig_2591, protein: unknown, score1: 0.5, score2: 0.0
Unique gene call 11
  --  Gene No. 7, gene caller: glimmer, leftEnd: 1989, rightEnd: 2123, strand: +, length: 135, contig: contig_2591, protein: unknown, score1: 0.8333333333333333, score2: 0.0
  --  Gene No. 6, gene caller: prodigal, leftEnd: 1989, rightEnd: 2123, strand: +, length: 135, contig: contig_2591, protein: unknown, score1: 0.8333333333333333, score2: 0.0
Unique gene call 12
  --  Gene No. 8, gene caller: phanotate, leftEnd: 2013, rightEnd: 2156, strand: -, length: 144, contig: contig_2591, protein: unknown, score1: 0.3333333333333333, score2: 0.0
Unique gene call 13
  --  Gene No. 9, gene caller: phanotate, leftEnd: 2405, rightEnd: 2704, strand: -, length: 300, contig: contig_2591, protein: unknown, score1: 0.5, score2: 0.0
Unique gene call 14
  --  Gene No. 7, gene caller: prodigal, leftEnd: 2405, rightEnd: 2764, strand: -, length: 360, contig: contig_2591, protein: unknown, score1: 0.5, score2: 0.0
Unique gene call 15
  --  Gene No. 8, gene caller: glimmer, leftEnd: 2405, rightEnd: 2806, strand: -, length: 402, contig: contig_2591, protein: unknown, score1: 0.5, score2: 0.0
Unique gene call 16
  --  Gene No. 10, gene caller: phanotate, leftEnd: 2690, rightEnd: 2827, strand: +, length: 138, contig: contig_2591, protein: unknown, score1: 0.3333333333333333, score2: 0.0
Unique gene call 17
  --  Gene No. 9, gene caller: glimmer, leftEnd: 2899, rightEnd: 3225, strand: -, length: 327, contig: contig_2591, protein: unknown, score1: 1.0, score2: 0.0
  --  Gene No. 11, gene caller: phanotate, leftEnd: 2899, rightEnd: 3225, strand: -, length: 327, contig: contig_2591, protein: unknown, score1: 1.0, score2: 0.0
  --  Gene No. 8, gene caller: prodigal, leftEnd: 2899, rightEnd: 3225, strand: -, length: 327, contig: contig_2591, protein: unknown, score1: 1.0, score2: 0.0
Unique gene call 18
  --  Gene No. 12, gene caller: phanotate, leftEnd: 3209, rightEnd: 3364, strand: +, length: 156, contig: contig_2591, protein: unknown, score1: 0.5, score2: 0.0
Unique gene call 19
  --  Gene No. 9, gene caller: prodigal, leftEnd: 3287, rightEnd: 3364, strand: +, length: 78, contig: contig_2591, protein: unknown, score1: 0.5, score2: 0.0
Code complete at 2021-04-21 09:32:50.875625
