Discrepancy Report Results

Summary
DISC_PROTEIN_NAMES:All proteins have same name "hypothetical protein"
FATAL: MISSING_PROTEIN_ID:26 proteins have invalid IDs.
DISC_SOURCE_QUALS_ASNDISC:strain (all present, all unique)
DISC_SOURCE_QUALS_ASNDISC:taxname (all present, all unique)
DISC_FEATURE_COUNT:CDS: 26 present
DISC_COUNT_NUCLEOTIDES:1 nucleotide Bioseqs are present
FEATURE_LOCATION_CONFLICT:26 features have inconsistent gene locations.
DISC_QUALITY_SCORES:Quality scores are missing on all sequences.
ONCALLER_COMMENT_PRESENT:1 comment descriptors were found (all same)
MISSING_GENOMEASSEMBLY_COMMENTS:1 bioseqs are missing GenomeAssembly structured comments
MOLTYPE_NOT_MRNA:1 molecule types are not set as mRNA.
TECHNIQUE_NOT_TSA:1 technique are not set as TSA
MISSING_STRUCTURED_COMMENT:1 sequences do not include structured comments.
MISSING_PROJECT:27 sequences do not include project.
DISC_INCONSISTENT_MOLINFO_TECH:Molinfo Technique Report (some missing, all same)


Detailed Report

DiscRep_ALL:DISC_PROTEIN_NAMES::All proteins have same name "hypothetical protein"

FATAL: DiscRep_ALL:MISSING_PROTEIN_ID::26 proteins have invalid IDs.
prokkacontig_2052/contig_2052:contig_2052_1 (length 203)
prokkacontig_2052/contig_2052:contig_2052_2 (length 1029)
prokkacontig_2052/contig_2052:contig_2052_3 (length 170)
prokkacontig_2052/contig_2052:contig_2052_4 (length 149)
prokkacontig_2052/contig_2052:contig_2052_5 (length 62)
prokkacontig_2052/contig_2052:contig_2052_6 (length 141)
prokkacontig_2052/contig_2052:contig_2052_7 (length 148)
prokkacontig_2052/contig_2052:contig_2052_8 (length 135)
prokkacontig_2052/contig_2052:contig_2052_9 (length 152)
prokkacontig_2052/contig_2052:contig_2052_10 (length 60)
prokkacontig_2052/contig_2052:contig_2052_11 (length 120)
prokkacontig_2052/contig_2052:contig_2052_12 (length 186)
prokkacontig_2052/contig_2052:contig_2052_13 (length 59)
prokkacontig_2052/contig_2052:contig_2052_14 (length 113)
prokkacontig_2052/contig_2052:contig_2052_15 (length 186)
prokkacontig_2052/contig_2052:contig_2052_16 (length 120)
prokkacontig_2052/contig_2052:contig_2052_17 (length 60)
prokkacontig_2052/contig_2052:contig_2052_18 (length 152)
prokkacontig_2052/contig_2052:contig_2052_19 (length 135)
prokkacontig_2052/contig_2052:contig_2052_20 (length 157)
prokkacontig_2052/contig_2052:contig_2052_21 (length 141)
prokkacontig_2052/contig_2052:contig_2052_22 (length 62)
prokkacontig_2052/contig_2052:contig_2052_23 (length 149)
prokkacontig_2052/contig_2052:contig_2052_24 (length 170)
prokkacontig_2052/contig_2052:contig_2052_25 (length 1029)
prokkacontig_2052/contig_2052:contig_2052_26 (length 203)

DiscRep_ALL:DISC_SOURCE_QUALS_ASNDISC::strain (all present, all unique)
DiscRep_SUB:DISC_SOURCE_QUALS_ASNDISC::1 sources have unique values for strain
DiscRep_ALL:DISC_SOURCE_QUALS_ASNDISC::taxname (all present, all unique)
DiscRep_SUB:DISC_SOURCE_QUALS_ASNDISC::1 sources have unique values for taxname
DiscRep_ALL:DISC_FEATURE_COUNT::CDS: 26 present
DiscRep_ALL:DISC_COUNT_NUCLEOTIDES::1 nucleotide Bioseqs are present
prokkacontig_2052/contig_2052:contig_2052 (length 16526)

DiscRep_ALL:FEATURE_LOCATION_CONFLICT::26 features have inconsistent gene locations.
DiscRep_SUB:FEATURE_LOCATION_CONFLICT::Coding region xref gene does not exist
prokkacontig_2052/contig_2052:CDS	hypothetical protein	contig_2052:c729-118	AAFPJGOE_00001

DiscRep_SUB:FEATURE_LOCATION_CONFLICT::Coding region xref gene does not exist
prokkacontig_2052/contig_2052:CDS	hypothetical protein	contig_2052:c3818-729	AAFPJGOE_00002

DiscRep_SUB:FEATURE_LOCATION_CONFLICT::Coding region xref gene does not exist
prokkacontig_2052/contig_2052:CDS	hypothetical protein	contig_2052:3852-4364	AAFPJGOE_00003

DiscRep_SUB:FEATURE_LOCATION_CONFLICT::Coding region xref gene does not exist
prokkacontig_2052/contig_2052:CDS	hypothetical protein	contig_2052:c4836-4387	AAFPJGOE_00004

DiscRep_SUB:FEATURE_LOCATION_CONFLICT::Coding region xref gene does not exist
prokkacontig_2052/contig_2052:CDS	hypothetical protein	contig_2052:c5092-4904	AAFPJGOE_00005

DiscRep_SUB:FEATURE_LOCATION_CONFLICT::Coding region xref gene does not exist
prokkacontig_2052/contig_2052:CDS	hypothetical protein	contig_2052:c5517-5092	AAFPJGOE_00006

DiscRep_SUB:FEATURE_LOCATION_CONFLICT::Coding region xref gene does not exist
prokkacontig_2052/contig_2052:CDS	hypothetical protein	contig_2052:c5953-5507	AAFPJGOE_00007

DiscRep_SUB:FEATURE_LOCATION_CONFLICT::Coding region xref gene does not exist
prokkacontig_2052/contig_2052:CDS	hypothetical protein	contig_2052:c6456-6049	AAFPJGOE_00008

DiscRep_SUB:FEATURE_LOCATION_CONFLICT::Coding region xref gene does not exist
prokkacontig_2052/contig_2052:CDS	hypothetical protein	contig_2052:c6911-6453	AAFPJGOE_00009

DiscRep_SUB:FEATURE_LOCATION_CONFLICT::Coding region xref gene does not exist
prokkacontig_2052/contig_2052:CDS	hypothetical protein	contig_2052:c7078-6896	AAFPJGOE_00010

DiscRep_SUB:FEATURE_LOCATION_CONFLICT::Coding region xref gene does not exist
prokkacontig_2052/contig_2052:CDS	hypothetical protein	contig_2052:c7449-7087	AAFPJGOE_00011

DiscRep_SUB:FEATURE_LOCATION_CONFLICT::Coding region xref gene does not exist
prokkacontig_2052/contig_2052:CDS	hypothetical protein	contig_2052:c8006-7446	AAFPJGOE_00012

DiscRep_SUB:FEATURE_LOCATION_CONFLICT::Coding region xref gene does not exist
prokkacontig_2052/contig_2052:CDS	hypothetical protein	contig_2052:c8187-8008	AAFPJGOE_00013

DiscRep_SUB:FEATURE_LOCATION_CONFLICT::Coding region xref gene does not exist
prokkacontig_2052/contig_2052:CDS	hypothetical protein	contig_2052:c8579-8238	AAFPJGOE_00014

DiscRep_SUB:FEATURE_LOCATION_CONFLICT::Coding region xref gene does not exist
prokkacontig_2052/contig_2052:CDS	hypothetical protein	contig_2052:8624-9184	AAFPJGOE_00015

DiscRep_SUB:FEATURE_LOCATION_CONFLICT::Coding region xref gene does not exist
prokkacontig_2052/contig_2052:CDS	hypothetical protein	contig_2052:9181-9543	AAFPJGOE_00016

DiscRep_SUB:FEATURE_LOCATION_CONFLICT::Coding region xref gene does not exist
prokkacontig_2052/contig_2052:CDS	hypothetical protein	contig_2052:9552-9734	AAFPJGOE_00017

DiscRep_SUB:FEATURE_LOCATION_CONFLICT::Coding region xref gene does not exist
prokkacontig_2052/contig_2052:CDS	hypothetical protein	contig_2052:9719-10177	AAFPJGOE_00018

DiscRep_SUB:FEATURE_LOCATION_CONFLICT::Coding region xref gene does not exist
prokkacontig_2052/contig_2052:CDS	hypothetical protein	contig_2052:10174-10581	AAFPJGOE_00019

DiscRep_SUB:FEATURE_LOCATION_CONFLICT::Coding region xref gene does not exist
prokkacontig_2052/contig_2052:CDS	hypothetical protein	contig_2052:10649-11122	AAFPJGOE_00020

DiscRep_SUB:FEATURE_LOCATION_CONFLICT::Coding region xref gene does not exist
prokkacontig_2052/contig_2052:CDS	hypothetical protein	contig_2052:11112-11537	AAFPJGOE_00021

DiscRep_SUB:FEATURE_LOCATION_CONFLICT::Coding region xref gene does not exist
prokkacontig_2052/contig_2052:CDS	hypothetical protein	contig_2052:11537-11725	AAFPJGOE_00022

DiscRep_SUB:FEATURE_LOCATION_CONFLICT::Coding region xref gene does not exist
prokkacontig_2052/contig_2052:CDS	hypothetical protein	contig_2052:11793-12242	AAFPJGOE_00023

DiscRep_SUB:FEATURE_LOCATION_CONFLICT::Coding region xref gene does not exist
prokkacontig_2052/contig_2052:CDS	hypothetical protein	contig_2052:c12777-12265	AAFPJGOE_00024

DiscRep_SUB:FEATURE_LOCATION_CONFLICT::Coding region xref gene does not exist
prokkacontig_2052/contig_2052:CDS	hypothetical protein	contig_2052:12811-15900	AAFPJGOE_00025

DiscRep_SUB:FEATURE_LOCATION_CONFLICT::Coding region xref gene does not exist
prokkacontig_2052/contig_2052:CDS	hypothetical protein	contig_2052:15900-16511	AAFPJGOE_00026

DiscRep_ALL:DISC_QUALITY_SCORES::Quality scores are missing on all sequences.

DiscRep_ALL:ONCALLER_COMMENT_PRESENT::1 comment descriptors were found (all same)
prokkacontig_2052/contig_2052:contig_2052:Annotated using prokka 1.14.6 from https://github.com/tseemann/prokka

DiscRep_ALL:MISSING_GENOMEASSEMBLY_COMMENTS::1 bioseqs are missing GenomeAssembly structured comments
prokkacontig_2052/contig_2052:contig_2052 (length 16526)

DiscRep_ALL:MOLTYPE_NOT_MRNA::1 molecule types are not set as mRNA.
prokkacontig_2052/contig_2052:contig_2052 (length 16526)

DiscRep_ALL:TECHNIQUE_NOT_TSA::1 technique are not set as TSA
prokkacontig_2052/contig_2052:contig_2052 (length 16526)

DiscRep_ALL:MISSING_STRUCTURED_COMMENT::1 sequences do not include structured comments.
prokkacontig_2052/contig_2052:contig_2052 (length 16526)

DiscRep_ALL:MISSING_PROJECT::27 sequences do not include project.
prokkacontig_2052/contig_2052:contig_2052 (length 16526)
prokkacontig_2052/contig_2052:contig_2052_1 (length 203)
prokkacontig_2052/contig_2052:contig_2052_2 (length 1029)
prokkacontig_2052/contig_2052:contig_2052_3 (length 170)
prokkacontig_2052/contig_2052:contig_2052_4 (length 149)
prokkacontig_2052/contig_2052:contig_2052_5 (length 62)
prokkacontig_2052/contig_2052:contig_2052_6 (length 141)
prokkacontig_2052/contig_2052:contig_2052_7 (length 148)
prokkacontig_2052/contig_2052:contig_2052_8 (length 135)
prokkacontig_2052/contig_2052:contig_2052_9 (length 152)
prokkacontig_2052/contig_2052:contig_2052_10 (length 60)
prokkacontig_2052/contig_2052:contig_2052_11 (length 120)
prokkacontig_2052/contig_2052:contig_2052_12 (length 186)
prokkacontig_2052/contig_2052:contig_2052_13 (length 59)
prokkacontig_2052/contig_2052:contig_2052_14 (length 113)
prokkacontig_2052/contig_2052:contig_2052_15 (length 186)
prokkacontig_2052/contig_2052:contig_2052_16 (length 120)
prokkacontig_2052/contig_2052:contig_2052_17 (length 60)
prokkacontig_2052/contig_2052:contig_2052_18 (length 152)
prokkacontig_2052/contig_2052:contig_2052_19 (length 135)
prokkacontig_2052/contig_2052:contig_2052_20 (length 157)
prokkacontig_2052/contig_2052:contig_2052_21 (length 141)
prokkacontig_2052/contig_2052:contig_2052_22 (length 62)
prokkacontig_2052/contig_2052:contig_2052_23 (length 149)
prokkacontig_2052/contig_2052:contig_2052_24 (length 170)
prokkacontig_2052/contig_2052:contig_2052_25 (length 1029)
prokkacontig_2052/contig_2052:contig_2052_26 (length 203)

DiscRep_ALL:DISC_INCONSISTENT_MOLINFO_TECH::Molinfo Technique Report (some missing, all same)
DiscRep_SUB:DISC_INCONSISTENT_MOLINFO_TECH::technique (all missing)
DiscRep_SUB:DISC_INCONSISTENT_MOLINFO_TECH::1 Molinfos are missing field technique
prokkacontig_2052/contig_2052:contig_2052 (length 16526)

