Opening log at 2021-04-21 09:50:29.360740
Iterating through fileSet at 2021-04-21 09:50:29.360903
fileSet is ['/home/james/Software/multiPhATE2/PipelineOutput/circular_read_527/commoncore.cgc', '/home/james/Software/multiPhATE2/PipelineOutput/circular_read_527/consensus.cgc', '/home/james/Software/multiPhATE2/PipelineOutput/circular_read_527/glimmer.cgc', '/home/james/Software/multiPhATE2/PipelineOutput/circular_read_527/phanotate.cgc', '/home/james/Software/multiPhATE2/PipelineOutput/circular_read_527/prodigal.cgc', '/home/james/Software/multiPhATE2/PipelineOutput/circular_read_527/superset.cgc']
Opening geneFile /home/james/Software/multiPhATE2/PipelineOutput/circular_read_527/commoncore.cgc
Adding calls from geneFile /home/james/Software/multiPhATE2/PipelineOutput/circular_read_527/commoncore.cgc
Appending call set  number of calls is: 0
Opening geneFile /home/james/Software/multiPhATE2/PipelineOutput/circular_read_527/consensus.cgc
Adding calls from geneFile /home/james/Software/multiPhATE2/PipelineOutput/circular_read_527/consensus.cgc
Appending call set  number of calls is: 0
Opening geneFile /home/james/Software/multiPhATE2/PipelineOutput/circular_read_527/glimmer.cgc
Adding calls from geneFile /home/james/Software/multiPhATE2/PipelineOutput/circular_read_527/glimmer.cgc
Appending call set  number of calls is: 8
Opening geneFile /home/james/Software/multiPhATE2/PipelineOutput/circular_read_527/phanotate.cgc
Adding calls from geneFile /home/james/Software/multiPhATE2/PipelineOutput/circular_read_527/phanotate.cgc
Appending call set  number of calls is: 7
Opening geneFile /home/james/Software/multiPhATE2/PipelineOutput/circular_read_527/prodigal.cgc
Adding calls from geneFile /home/james/Software/multiPhATE2/PipelineOutput/circular_read_527/prodigal.cgc
Appending call set  number of calls is: 4
Opening geneFile /home/james/Software/multiPhATE2/PipelineOutput/circular_read_527/superset.cgc
Adding calls from geneFile /home/james/Software/multiPhATE2/PipelineOutput/circular_read_527/superset.cgc
Appending call set  number of calls is: 0
All call sets have been added to caller list. Number of call sets in callerList: 6
callerList is   glimmer phanotate prodigal  
Total number of gene calls across callerList call sets is: 19
Sorting gene calls for each caller
Processing a callSet
Before sorting, Length of callerList for caller  is 0
After sorting, Length of callerList for caller  is 0
Processing a callSet
Before sorting, Length of callerList for caller  is 0
After sorting, Length of callerList for caller  is 0
Processing a callSet
Before sorting, Length of callerList for caller glimmer is 8
After sorting, Length of callerList for caller glimmer is 8
Processing a callSet
Before sorting, Length of callerList for caller phanotate is 7
After sorting, Length of callerList for caller phanotate is 7
Processing a callSet
Before sorting, Length of callerList for caller prodigal is 4
After sorting, Length of callerList for caller prodigal is 4
Processing a callSet
Before sorting, Length of callerList for caller  is 0
After sorting, Length of callerList for caller  is 0
callSet processing complete
Comparing across the call sets...
Merging the geneCall sets....
Final merged genes:

***************Merge List
1	Gene No. 1, gene caller: glimmer, leftEnd: 45, rightEnd: 176, strand: +, length: 132, contig: circular_read_527, protein: unknown, score1: 1.0, score2: 0.0
2	Gene No. 1, gene caller: prodigal, leftEnd: 141, rightEnd: 938, strand: -, length: 798, contig: circular_read_527, protein: unknown, score1: 1.0, score2: 0.0
3	Gene No. 1, gene caller: phanotate, leftEnd: 141, rightEnd: 998, strand: -, length: 858, contig: circular_read_527, protein: unknown, score1: 1.0, score2: 0.0
4	Gene No. 2, gene caller: glimmer, leftEnd: 141, rightEnd: 1118, strand: -, length: 978, contig: circular_read_527, protein: unknown, score1: 1.0, score2: 0.0
5	Gene No. 3, gene caller: glimmer, leftEnd: 1172, rightEnd: 1303, strand: +, length: 132, contig: circular_read_527, protein: unknown, score1: 1.0, score2: 0.0
6	Gene No. 2, gene caller: phanotate, leftEnd: 1172, rightEnd: 1303, strand: +, length: 132, contig: circular_read_527, protein: unknown, score1: 1.0, score2: 0.0
7	Gene No. 2, gene caller: prodigal, leftEnd: 1268, rightEnd: 2065, strand: -, length: 798, contig: circular_read_527, protein: unknown, score1: 1.0, score2: 0.0
8	Gene No. 3, gene caller: phanotate, leftEnd: 1268, rightEnd: 2125, strand: -, length: 858, contig: circular_read_527, protein: unknown, score1: 1.0, score2: 0.0
9	Gene No. 4, gene caller: glimmer, leftEnd: 1268, rightEnd: 2245, strand: -, length: 978, contig: circular_read_527, protein: unknown, score1: 1.0, score2: 0.0
10	Gene No. 5, gene caller: glimmer, leftEnd: 2299, rightEnd: 2430, strand: +, length: 132, contig: circular_read_527, protein: unknown, score1: 1.0, score2: 0.0
11	Gene No. 4, gene caller: phanotate, leftEnd: 2299, rightEnd: 2430, strand: +, length: 132, contig: circular_read_527, protein: unknown, score1: 1.0, score2: 0.0
12	Gene No. 3, gene caller: prodigal, leftEnd: 2395, rightEnd: 3192, strand: -, length: 798, contig: circular_read_527, protein: unknown, score1: 1.0, score2: 0.0
13	Gene No. 5, gene caller: phanotate, leftEnd: 2395, rightEnd: 3252, strand: -, length: 858, contig: circular_read_527, protein: unknown, score1: 1.0, score2: 0.0
14	Gene No. 6, gene caller: glimmer, leftEnd: 2395, rightEnd: 3372, strand: -, length: 978, contig: circular_read_527, protein: unknown, score1: 1.0, score2: 0.0
15	Gene No. 7, gene caller: glimmer, leftEnd: 3426, rightEnd: 3557, strand: +, length: 132, contig: circular_read_527, protein: unknown, score1: 1.0, score2: 0.0
16	Gene No. 6, gene caller: phanotate, leftEnd: 3426, rightEnd: 3557, strand: +, length: 132, contig: circular_read_527, protein: unknown, score1: 1.0, score2: 0.0
17	Gene No. 8, gene caller: glimmer, leftEnd: 3522, rightEnd: 4379, strand: -, length: 858, contig: circular_read_527, protein: unknown, score1: 1.0, score2: 0.0
18	Gene No. 7, gene caller: phanotate, leftEnd: 3522, rightEnd: 4379, strand: -, length: 858, contig: circular_read_527, protein: unknown, score1: 1.0, score2: 0.0
19	Gene No. 4, gene caller: prodigal, leftEnd: 3522, rightEnd: 4442, strand: -, length: 921, contig: circular_read_527, protein: unknown, score1: 1.0, score2: 0.0
Comparing across geneCall sets....
Scoring gene calls....
Identifying common core...
This is the Common Core List:

***************Common Core
Printing gene-call superset, consensus, and common_core in GFF and CGC formats
Printing report....
The following gene callers were considered: glimmer, phanotate, prodigal, The number of distinct gene calls over all gene callers is 15
The number of gene calls in common among all callers is 0
The number of unique (non-matching) gene calls is11
Caller glimmer produced 8 gene calls.
Caller glimmer gene-call length stats:  min: 132, max: 978, ave: 540.0
Caller phanotate produced 7 gene calls.
Caller phanotate gene-call length stats:  min: 132, max: 858, ave: 546.8571428571429
Caller prodigal produced 4 gene calls.
Caller prodigal gene-call length stats:  min: 798, max: 921, ave: 828.75

Gene-call Scores:
Caller	Contig	Gene No.	Left End	Right End	Strand	gcScore
glimmer	circular_read_527	1	45	176	+	0.33
prodigal	circular_read_527	1	141	938	-	0.50
phanotate	circular_read_527	1	141	998	-	0.50
glimmer	circular_read_527	2	141	1118	-	0.50
glimmer	circular_read_527	3	1172	1303	+	0.83
phanotate	circular_read_527	2	1172	1303	+	0.83
prodigal	circular_read_527	2	1268	2065	-	0.50
phanotate	circular_read_527	3	1268	2125	-	0.50
glimmer	circular_read_527	4	1268	2245	-	0.50
glimmer	circular_read_527	5	2299	2430	+	0.83
phanotate	circular_read_527	4	2299	2430	+	0.83
prodigal	circular_read_527	3	2395	3192	-	0.50
phanotate	circular_read_527	5	2395	3252	-	0.50
glimmer	circular_read_527	6	2395	3372	-	0.50
glimmer	circular_read_527	7	3426	3557	+	0.83
phanotate	circular_read_527	6	3426	3557	+	0.83
glimmer	circular_read_527	8	3522	4379	-	0.83
phanotate	circular_read_527	7	3522	4379	-	0.83
prodigal	circular_read_527	4	3522	4442	-	0.50

Gene-call Consensus Scores:
Caller glimmer average gene-call score: 0.65
Caller phanotate average gene-call score: 0.69
Caller prodigal average gene-call score: 0.50

***************Unique List
Unique gene call 1
  --  Gene No. 1, gene caller: glimmer, leftEnd: 45, rightEnd: 176, strand: +, length: 132, contig: circular_read_527, protein: unknown, score1: 0.3333333333333333, score2: 0.0
Unique gene call 2
  --  Gene No. 1, gene caller: prodigal, leftEnd: 141, rightEnd: 938, strand: -, length: 798, contig: circular_read_527, protein: unknown, score1: 0.5, score2: 0.0
Unique gene call 3
  --  Gene No. 1, gene caller: phanotate, leftEnd: 141, rightEnd: 998, strand: -, length: 858, contig: circular_read_527, protein: unknown, score1: 0.5, score2: 0.0
Unique gene call 4
  --  Gene No. 2, gene caller: glimmer, leftEnd: 141, rightEnd: 1118, strand: -, length: 978, contig: circular_read_527, protein: unknown, score1: 0.5, score2: 0.0
Unique gene call 5
  --  Gene No. 3, gene caller: glimmer, leftEnd: 1172, rightEnd: 1303, strand: +, length: 132, contig: circular_read_527, protein: unknown, score1: 0.8333333333333333, score2: 0.0
  --  Gene No. 2, gene caller: phanotate, leftEnd: 1172, rightEnd: 1303, strand: +, length: 132, contig: circular_read_527, protein: unknown, score1: 0.8333333333333333, score2: 0.0
Unique gene call 6
  --  Gene No. 2, gene caller: prodigal, leftEnd: 1268, rightEnd: 2065, strand: -, length: 798, contig: circular_read_527, protein: unknown, score1: 0.5, score2: 0.0
Unique gene call 7
  --  Gene No. 3, gene caller: phanotate, leftEnd: 1268, rightEnd: 2125, strand: -, length: 858, contig: circular_read_527, protein: unknown, score1: 0.5, score2: 0.0
Unique gene call 8
  --  Gene No. 4, gene caller: glimmer, leftEnd: 1268, rightEnd: 2245, strand: -, length: 978, contig: circular_read_527, protein: unknown, score1: 0.5, score2: 0.0
Unique gene call 9
  --  Gene No. 5, gene caller: glimmer, leftEnd: 2299, rightEnd: 2430, strand: +, length: 132, contig: circular_read_527, protein: unknown, score1: 0.8333333333333333, score2: 0.0
  --  Gene No. 4, gene caller: phanotate, leftEnd: 2299, rightEnd: 2430, strand: +, length: 132, contig: circular_read_527, protein: unknown, score1: 0.8333333333333333, score2: 0.0
Unique gene call 10
  --  Gene No. 3, gene caller: prodigal, leftEnd: 2395, rightEnd: 3192, strand: -, length: 798, contig: circular_read_527, protein: unknown, score1: 0.5, score2: 0.0
Unique gene call 11
  --  Gene No. 5, gene caller: phanotate, leftEnd: 2395, rightEnd: 3252, strand: -, length: 858, contig: circular_read_527, protein: unknown, score1: 0.5, score2: 0.0
Unique gene call 12
  --  Gene No. 6, gene caller: glimmer, leftEnd: 2395, rightEnd: 3372, strand: -, length: 978, contig: circular_read_527, protein: unknown, score1: 0.5, score2: 0.0
Unique gene call 13
  --  Gene No. 7, gene caller: glimmer, leftEnd: 3426, rightEnd: 3557, strand: +, length: 132, contig: circular_read_527, protein: unknown, score1: 0.8333333333333333, score2: 0.0
  --  Gene No. 6, gene caller: phanotate, leftEnd: 3426, rightEnd: 3557, strand: +, length: 132, contig: circular_read_527, protein: unknown, score1: 0.8333333333333333, score2: 0.0
Unique gene call 14
  --  Gene No. 8, gene caller: glimmer, leftEnd: 3522, rightEnd: 4379, strand: -, length: 858, contig: circular_read_527, protein: unknown, score1: 0.8333333333333333, score2: 0.0
  --  Gene No. 7, gene caller: phanotate, leftEnd: 3522, rightEnd: 4379, strand: -, length: 858, contig: circular_read_527, protein: unknown, score1: 0.8333333333333333, score2: 0.0
Unique gene call 15
  --  Gene No. 4, gene caller: prodigal, leftEnd: 3522, rightEnd: 4442, strand: -, length: 921, contig: circular_read_527, protein: unknown, score1: 0.5, score2: 0.0
Code complete at 2021-04-21 09:50:29.364805
