Discrepancy Report Results

Summary
DISC_PROTEIN_NAMES:All proteins have same name "hypothetical protein"
FATAL: MISSING_PROTEIN_ID:112 proteins have invalid IDs.
DISC_SOURCE_QUALS_ASNDISC:strain (all present, all unique)
DISC_SOURCE_QUALS_ASNDISC:taxname (all present, all unique)
DISC_FEATURE_COUNT:CDS: 112 present
DISC_COUNT_NUCLEOTIDES:1 nucleotide Bioseqs are present
FEATURE_LOCATION_CONFLICT:112 features have inconsistent gene locations.
DISC_QUALITY_SCORES:Quality scores are missing on all sequences.
ONCALLER_COMMENT_PRESENT:1 comment descriptors were found (all same)
SHORT_PROT_SEQUENCES:29 protein sequences are shorter than 50 aa.
MISSING_GENOMEASSEMBLY_COMMENTS:1 bioseqs are missing GenomeAssembly structured comments
MOLTYPE_NOT_MRNA:1 molecule types are not set as mRNA.
TECHNIQUE_NOT_TSA:1 technique are not set as TSA
MISSING_STRUCTURED_COMMENT:1 sequences do not include structured comments.
MISSING_PROJECT:113 sequences do not include project.
DISC_INCONSISTENT_MOLINFO_TECH:Molinfo Technique Report (some missing, all same)
DISC_GAPS:1 sequences contain gaps


Detailed Report

DiscRep_ALL:DISC_PROTEIN_NAMES::All proteins have same name "hypothetical protein"

FATAL: DiscRep_ALL:MISSING_PROTEIN_ID::112 proteins have invalid IDs.
prokkascaffold_1970/scaffold_1970:scaffold_1970_1 (length 168)
prokkascaffold_1970/scaffold_1970:scaffold_1970_2 (length 171)
prokkascaffold_1970/scaffold_1970:scaffold_1970_3 (length 58)
prokkascaffold_1970/scaffold_1970:scaffold_1970_4 (length 62)
prokkascaffold_1970/scaffold_1970:scaffold_1970_5 (length 71)
prokkascaffold_1970/scaffold_1970:scaffold_1970_6 (length 43)
prokkascaffold_1970/scaffold_1970:scaffold_1970_7 (length 72)
prokkascaffold_1970/scaffold_1970:scaffold_1970_8 (length 78)
prokkascaffold_1970/scaffold_1970:scaffold_1970_9 (length 72)
prokkascaffold_1970/scaffold_1970:scaffold_1970_10 (length 249)
prokkascaffold_1970/scaffold_1970:scaffold_1970_11 (length 169)
prokkascaffold_1970/scaffold_1970:scaffold_1970_12 (length 350)
prokkascaffold_1970/scaffold_1970:scaffold_1970_13 (length 420)
prokkascaffold_1970/scaffold_1970:scaffold_1970_14 (length 445)
prokkascaffold_1970/scaffold_1970:scaffold_1970_15 (length 81)
prokkascaffold_1970/scaffold_1970:scaffold_1970_16 (length 215)
prokkascaffold_1970/scaffold_1970:scaffold_1970_17 (length 258)
prokkascaffold_1970/scaffold_1970:scaffold_1970_18 (length 310)
prokkascaffold_1970/scaffold_1970:scaffold_1970_19 (length 188)
prokkascaffold_1970/scaffold_1970:scaffold_1970_20 (length 521)
prokkascaffold_1970/scaffold_1970:scaffold_1970_21 (length 80)
prokkascaffold_1970/scaffold_1970:scaffold_1970_22 (length 251)
prokkascaffold_1970/scaffold_1970:scaffold_1970_23 (length 73)
prokkascaffold_1970/scaffold_1970:scaffold_1970_24 (length 238)
prokkascaffold_1970/scaffold_1970:scaffold_1970_25 (length 124)
prokkascaffold_1970/scaffold_1970:scaffold_1970_26 (length 52)
prokkascaffold_1970/scaffold_1970:scaffold_1970_27 (length 145)
prokkascaffold_1970/scaffold_1970:scaffold_1970_28 (length 35)
prokkascaffold_1970/scaffold_1970:scaffold_1970_29 (length 81)
prokkascaffold_1970/scaffold_1970:scaffold_1970_30 (length 135)
prokkascaffold_1970/scaffold_1970:scaffold_1970_31 (length 96)
prokkascaffold_1970/scaffold_1970:scaffold_1970_32 (length 84)
prokkascaffold_1970/scaffold_1970:scaffold_1970_33 (length 48)
prokkascaffold_1970/scaffold_1970:scaffold_1970_34 (length 158)
prokkascaffold_1970/scaffold_1970:scaffold_1970_35 (length 178)
prokkascaffold_1970/scaffold_1970:scaffold_1970_36 (length 162)
prokkascaffold_1970/scaffold_1970:scaffold_1970_37 (length 141)
prokkascaffold_1970/scaffold_1970:scaffold_1970_38 (length 211)
prokkascaffold_1970/scaffold_1970:scaffold_1970_39 (length 170)
prokkascaffold_1970/scaffold_1970:scaffold_1970_40 (length 83)
prokkascaffold_1970/scaffold_1970:scaffold_1970_41 (length 124)
prokkascaffold_1970/scaffold_1970:scaffold_1970_42 (length 100)
prokkascaffold_1970/scaffold_1970:scaffold_1970_43 (length 400)
prokkascaffold_1970/scaffold_1970:scaffold_1970_44 (length 93)
prokkascaffold_1970/scaffold_1970:scaffold_1970_45 (length 133)
prokkascaffold_1970/scaffold_1970:scaffold_1970_46 (length 410)
prokkascaffold_1970/scaffold_1970:scaffold_1970_47 (length 102)
prokkascaffold_1970/scaffold_1970:scaffold_1970_48 (length 151)
prokkascaffold_1970/scaffold_1970:scaffold_1970_49 (length 167)
prokkascaffold_1970/scaffold_1970:scaffold_1970_50 (length 259)
prokkascaffold_1970/scaffold_1970:scaffold_1970_51 (length 216)
prokkascaffold_1970/scaffold_1970:scaffold_1970_52 (length 78)
prokkascaffold_1970/scaffold_1970:scaffold_1970_53 (length 55)
prokkascaffold_1970/scaffold_1970:scaffold_1970_54 (length 217)
prokkascaffold_1970/scaffold_1970:scaffold_1970_55 (length 45)
prokkascaffold_1970/scaffold_1970:scaffold_1970_56 (length 284)
prokkascaffold_1970/scaffold_1970:scaffold_1970_57 (length 108)
prokkascaffold_1970/scaffold_1970:scaffold_1970_58 (length 233)
prokkascaffold_1970/scaffold_1970:scaffold_1970_59 (length 98)
prokkascaffold_1970/scaffold_1970:scaffold_1970_60 (length 118)
prokkascaffold_1970/scaffold_1970:scaffold_1970_61 (length 118)
prokkascaffold_1970/scaffold_1970:scaffold_1970_62 (length 189)
prokkascaffold_1970/scaffold_1970:scaffold_1970_63 (length 160)
prokkascaffold_1970/scaffold_1970:scaffold_1970_64 (length 142)
prokkascaffold_1970/scaffold_1970:scaffold_1970_65 (length 39)
prokkascaffold_1970/scaffold_1970:scaffold_1970_66 (length 121)
prokkascaffold_1970/scaffold_1970:scaffold_1970_67 (length 170)
prokkascaffold_1970/scaffold_1970:scaffold_1970_68 (length 65)
prokkascaffold_1970/scaffold_1970:scaffold_1970_69 (length 70)
prokkascaffold_1970/scaffold_1970:scaffold_1970_70 (length 64)
prokkascaffold_1970/scaffold_1970:scaffold_1970_71 (length 83)
prokkascaffold_1970/scaffold_1970:scaffold_1970_72 (length 56)
prokkascaffold_1970/scaffold_1970:scaffold_1970_73 (length 51)
prokkascaffold_1970/scaffold_1970:scaffold_1970_74 (length 29)
prokkascaffold_1970/scaffold_1970:scaffold_1970_75 (length 73)
prokkascaffold_1970/scaffold_1970:scaffold_1970_76 (length 46)
prokkascaffold_1970/scaffold_1970:scaffold_1970_77 (length 31)
prokkascaffold_1970/scaffold_1970:scaffold_1970_78 (length 49)
prokkascaffold_1970/scaffold_1970:scaffold_1970_79 (length 41)
prokkascaffold_1970/scaffold_1970:scaffold_1970_80 (length 32)
prokkascaffold_1970/scaffold_1970:scaffold_1970_81 (length 30)
prokkascaffold_1970/scaffold_1970:scaffold_1970_82 (length 31)
prokkascaffold_1970/scaffold_1970:scaffold_1970_83 (length 30)
prokkascaffold_1970/scaffold_1970:scaffold_1970_84 (length 75)
prokkascaffold_1970/scaffold_1970:scaffold_1970_85 (length 54)
prokkascaffold_1970/scaffold_1970:scaffold_1970_86 (length 62)
prokkascaffold_1970/scaffold_1970:scaffold_1970_87 (length 72)
prokkascaffold_1970/scaffold_1970:scaffold_1970_88 (length 66)
prokkascaffold_1970/scaffold_1970:scaffold_1970_89 (length 60)
prokkascaffold_1970/scaffold_1970:scaffold_1970_90 (length 30)
prokkascaffold_1970/scaffold_1970:scaffold_1970_91 (length 40)
prokkascaffold_1970/scaffold_1970:scaffold_1970_92 (length 62)
prokkascaffold_1970/scaffold_1970:scaffold_1970_93 (length 32)
prokkascaffold_1970/scaffold_1970:scaffold_1970_94 (length 83)
prokkascaffold_1970/scaffold_1970:scaffold_1970_95 (length 53)
prokkascaffold_1970/scaffold_1970:scaffold_1970_96 (length 30)
prokkascaffold_1970/scaffold_1970:scaffold_1970_97 (length 31)
prokkascaffold_1970/scaffold_1970:scaffold_1970_98 (length 37)
prokkascaffold_1970/scaffold_1970:scaffold_1970_99 (length 35)
prokkascaffold_1970/scaffold_1970:scaffold_1970_100 (length 42)
prokkascaffold_1970/scaffold_1970:scaffold_1970_101 (length 34)
prokkascaffold_1970/scaffold_1970:scaffold_1970_102 (length 44)
prokkascaffold_1970/scaffold_1970:scaffold_1970_103 (length 38)
prokkascaffold_1970/scaffold_1970:scaffold_1970_104 (length 29)
prokkascaffold_1970/scaffold_1970:scaffold_1970_105 (length 32)
prokkascaffold_1970/scaffold_1970:scaffold_1970_106 (length 53)
prokkascaffold_1970/scaffold_1970:scaffold_1970_107 (length 72)
prokkascaffold_1970/scaffold_1970:scaffold_1970_108 (length 51)
prokkascaffold_1970/scaffold_1970:scaffold_1970_109 (length 37)
prokkascaffold_1970/scaffold_1970:scaffold_1970_110 (length 51)
prokkascaffold_1970/scaffold_1970:scaffold_1970_111 (length 30)
prokkascaffold_1970/scaffold_1970:scaffold_1970_112 (length 58)

DiscRep_ALL:DISC_SOURCE_QUALS_ASNDISC::strain (all present, all unique)
DiscRep_SUB:DISC_SOURCE_QUALS_ASNDISC::1 sources have unique values for strain
DiscRep_ALL:DISC_SOURCE_QUALS_ASNDISC::taxname (all present, all unique)
DiscRep_SUB:DISC_SOURCE_QUALS_ASNDISC::1 sources have unique values for taxname
DiscRep_ALL:DISC_FEATURE_COUNT::CDS: 112 present
DiscRep_ALL:DISC_COUNT_NUCLEOTIDES::1 nucleotide Bioseqs are present
prokkascaffold_1970/scaffold_1970:scaffold_1970 (length 74652, 100 gap)

DiscRep_ALL:FEATURE_LOCATION_CONFLICT::112 features have inconsistent gene locations.
DiscRep_SUB:FEATURE_LOCATION_CONFLICT::Coding region xref gene does not exist
prokkascaffold_1970/scaffold_1970:CDS	hypothetical protein	scaffold_1970:c2812-2306	POLLLNDP_00001

DiscRep_SUB:FEATURE_LOCATION_CONFLICT::Coding region xref gene does not exist
prokkascaffold_1970/scaffold_1970:CDS	hypothetical protein	scaffold_1970:2985-3500	POLLLNDP_00002

DiscRep_SUB:FEATURE_LOCATION_CONFLICT::Coding region xref gene does not exist
prokkascaffold_1970/scaffold_1970:CDS	hypothetical protein	scaffold_1970:3584-3760	POLLLNDP_00003

DiscRep_SUB:FEATURE_LOCATION_CONFLICT::Coding region xref gene does not exist
prokkascaffold_1970/scaffold_1970:CDS	hypothetical protein	scaffold_1970:4268-4456	POLLLNDP_00004

DiscRep_SUB:FEATURE_LOCATION_CONFLICT::Coding region xref gene does not exist
prokkascaffold_1970/scaffold_1970:CDS	hypothetical protein	scaffold_1970:4713-4928	POLLLNDP_00005

DiscRep_SUB:FEATURE_LOCATION_CONFLICT::Coding region xref gene does not exist
prokkascaffold_1970/scaffold_1970:CDS	hypothetical protein	scaffold_1970:5148-5279	POLLLNDP_00006

DiscRep_SUB:FEATURE_LOCATION_CONFLICT::Coding region xref gene does not exist
prokkascaffold_1970/scaffold_1970:CDS	hypothetical protein	scaffold_1970:6260-6478	POLLLNDP_00007

DiscRep_SUB:FEATURE_LOCATION_CONFLICT::Coding region xref gene does not exist
prokkascaffold_1970/scaffold_1970:CDS	hypothetical protein	scaffold_1970:7970-8206	POLLLNDP_00008

DiscRep_SUB:FEATURE_LOCATION_CONFLICT::Coding region xref gene does not exist
prokkascaffold_1970/scaffold_1970:CDS	hypothetical protein	scaffold_1970:8985-9203	POLLLNDP_00009

DiscRep_SUB:FEATURE_LOCATION_CONFLICT::Coding region xref gene does not exist
prokkascaffold_1970/scaffold_1970:CDS	hypothetical protein	scaffold_1970:c9992-9243	POLLLNDP_00010

DiscRep_SUB:FEATURE_LOCATION_CONFLICT::Coding region xref gene does not exist
prokkascaffold_1970/scaffold_1970:CDS	hypothetical protein	scaffold_1970:c10488-9979	POLLLNDP_00011

DiscRep_SUB:FEATURE_LOCATION_CONFLICT::Coding region xref gene does not exist
prokkascaffold_1970/scaffold_1970:CDS	hypothetical protein	scaffold_1970:c11550-10498	POLLLNDP_00012

DiscRep_SUB:FEATURE_LOCATION_CONFLICT::Coding region xref gene does not exist
prokkascaffold_1970/scaffold_1970:CDS	hypothetical protein	scaffold_1970:c12815-11553	POLLLNDP_00013

DiscRep_SUB:FEATURE_LOCATION_CONFLICT::Coding region xref gene does not exist
prokkascaffold_1970/scaffold_1970:CDS	hypothetical protein	scaffold_1970:c14149-12812	POLLLNDP_00014

DiscRep_SUB:FEATURE_LOCATION_CONFLICT::Coding region xref gene does not exist
prokkascaffold_1970/scaffold_1970:CDS	hypothetical protein	scaffold_1970:c14467-14222	POLLLNDP_00015

DiscRep_SUB:FEATURE_LOCATION_CONFLICT::Coding region xref gene does not exist
prokkascaffold_1970/scaffold_1970:CDS	hypothetical protein	scaffold_1970:c15125-14478	POLLLNDP_00016

DiscRep_SUB:FEATURE_LOCATION_CONFLICT::Coding region xref gene does not exist
prokkascaffold_1970/scaffold_1970:CDS	hypothetical protein	scaffold_1970:c15895-15119	POLLLNDP_00017

DiscRep_SUB:FEATURE_LOCATION_CONFLICT::Coding region xref gene does not exist
prokkascaffold_1970/scaffold_1970:CDS	hypothetical protein	scaffold_1970:c16820-15888	POLLLNDP_00018

DiscRep_SUB:FEATURE_LOCATION_CONFLICT::Coding region xref gene does not exist
prokkascaffold_1970/scaffold_1970:CDS	hypothetical protein	scaffold_1970:c17387-16821	POLLLNDP_00019

DiscRep_SUB:FEATURE_LOCATION_CONFLICT::Coding region xref gene does not exist
prokkascaffold_1970/scaffold_1970:CDS	hypothetical protein	scaffold_1970:c18949-17384	POLLLNDP_00020

DiscRep_SUB:FEATURE_LOCATION_CONFLICT::Coding region xref gene does not exist
prokkascaffold_1970/scaffold_1970:CDS	hypothetical protein	scaffold_1970:19393-19635	POLLLNDP_00021

DiscRep_SUB:FEATURE_LOCATION_CONFLICT::Coding region xref gene does not exist
prokkascaffold_1970/scaffold_1970:CDS	hypothetical protein	scaffold_1970:c20980-20225	POLLLNDP_00022

DiscRep_SUB:FEATURE_LOCATION_CONFLICT::Coding region xref gene does not exist
prokkascaffold_1970/scaffold_1970:CDS	hypothetical protein	scaffold_1970:21100-21321	POLLLNDP_00023

DiscRep_SUB:FEATURE_LOCATION_CONFLICT::Coding region xref gene does not exist
prokkascaffold_1970/scaffold_1970:CDS	hypothetical protein	scaffold_1970:c22004-21288	POLLLNDP_00024

DiscRep_SUB:FEATURE_LOCATION_CONFLICT::Coding region xref gene does not exist
prokkascaffold_1970/scaffold_1970:CDS	hypothetical protein	scaffold_1970:c22392-22018	POLLLNDP_00025

DiscRep_SUB:FEATURE_LOCATION_CONFLICT::Coding region xref gene does not exist
prokkascaffold_1970/scaffold_1970:CDS	hypothetical protein	scaffold_1970:c22736-22578	POLLLNDP_00026

DiscRep_SUB:FEATURE_LOCATION_CONFLICT::Coding region xref gene does not exist
prokkascaffold_1970/scaffold_1970:CDS	hypothetical protein	scaffold_1970:c23930-23493	POLLLNDP_00027

DiscRep_SUB:FEATURE_LOCATION_CONFLICT::Coding region xref gene does not exist
prokkascaffold_1970/scaffold_1970:CDS	hypothetical protein	scaffold_1970:c24104-23997	POLLLNDP_00028

DiscRep_SUB:FEATURE_LOCATION_CONFLICT::Coding region xref gene does not exist
prokkascaffold_1970/scaffold_1970:CDS	hypothetical protein	scaffold_1970:c24904-24659	POLLLNDP_00029

DiscRep_SUB:FEATURE_LOCATION_CONFLICT::Coding region xref gene does not exist
prokkascaffold_1970/scaffold_1970:CDS	hypothetical protein	scaffold_1970:c25308-24901	POLLLNDP_00030

DiscRep_SUB:FEATURE_LOCATION_CONFLICT::Coding region xref gene does not exist
prokkascaffold_1970/scaffold_1970:CDS	hypothetical protein	scaffold_1970:c25598-25308	POLLLNDP_00031

DiscRep_SUB:FEATURE_LOCATION_CONFLICT::Coding region xref gene does not exist
prokkascaffold_1970/scaffold_1970:CDS	hypothetical protein	scaffold_1970:c26334-26080	POLLLNDP_00032

DiscRep_SUB:FEATURE_LOCATION_CONFLICT::Coding region xref gene does not exist
prokkascaffold_1970/scaffold_1970:CDS	hypothetical protein	scaffold_1970:26814-26960	POLLLNDP_00033

DiscRep_SUB:FEATURE_LOCATION_CONFLICT::Coding region xref gene does not exist
prokkascaffold_1970/scaffold_1970:CDS	hypothetical protein	scaffold_1970:26985-27461	POLLLNDP_00034

DiscRep_SUB:FEATURE_LOCATION_CONFLICT::Coding region xref gene does not exist
prokkascaffold_1970/scaffold_1970:CDS	hypothetical protein	scaffold_1970:27610-28146	POLLLNDP_00035

DiscRep_SUB:FEATURE_LOCATION_CONFLICT::Coding region xref gene does not exist
prokkascaffold_1970/scaffold_1970:CDS	hypothetical protein	scaffold_1970:28088-28576	POLLLNDP_00036

DiscRep_SUB:FEATURE_LOCATION_CONFLICT::Coding region xref gene does not exist
prokkascaffold_1970/scaffold_1970:CDS	hypothetical protein	scaffold_1970:28614-29039	POLLLNDP_00037

DiscRep_SUB:FEATURE_LOCATION_CONFLICT::Coding region xref gene does not exist
prokkascaffold_1970/scaffold_1970:CDS	hypothetical protein	scaffold_1970:29023-29658	POLLLNDP_00038

DiscRep_SUB:FEATURE_LOCATION_CONFLICT::Coding region xref gene does not exist
prokkascaffold_1970/scaffold_1970:CDS	hypothetical protein	scaffold_1970:29683-30195	POLLLNDP_00039

DiscRep_SUB:FEATURE_LOCATION_CONFLICT::Coding region xref gene does not exist
prokkascaffold_1970/scaffold_1970:CDS	hypothetical protein	scaffold_1970:30134-30385	POLLLNDP_00040

DiscRep_SUB:FEATURE_LOCATION_CONFLICT::Coding region xref gene does not exist
prokkascaffold_1970/scaffold_1970:CDS	hypothetical protein	scaffold_1970:30378-30752	POLLLNDP_00041

DiscRep_SUB:FEATURE_LOCATION_CONFLICT::Coding region xref gene does not exist
prokkascaffold_1970/scaffold_1970:CDS	hypothetical protein	scaffold_1970:30766-31068	POLLLNDP_00042

DiscRep_SUB:FEATURE_LOCATION_CONFLICT::Coding region xref gene does not exist
prokkascaffold_1970/scaffold_1970:CDS	hypothetical protein	scaffold_1970:31065-32267	POLLLNDP_00043

DiscRep_SUB:FEATURE_LOCATION_CONFLICT::Coding region xref gene does not exist
prokkascaffold_1970/scaffold_1970:CDS	hypothetical protein	scaffold_1970:32264-32545	POLLLNDP_00044

DiscRep_SUB:FEATURE_LOCATION_CONFLICT::Coding region xref gene does not exist
prokkascaffold_1970/scaffold_1970:CDS	hypothetical protein	scaffold_1970:32576-32977	POLLLNDP_00045

DiscRep_SUB:FEATURE_LOCATION_CONFLICT::Coding region xref gene does not exist
prokkascaffold_1970/scaffold_1970:CDS	hypothetical protein	scaffold_1970:32974-34206	POLLLNDP_00046

DiscRep_SUB:FEATURE_LOCATION_CONFLICT::Coding region xref gene does not exist
prokkascaffold_1970/scaffold_1970:CDS	hypothetical protein	scaffold_1970:34324-34632	POLLLNDP_00047

DiscRep_SUB:FEATURE_LOCATION_CONFLICT::Coding region xref gene does not exist
prokkascaffold_1970/scaffold_1970:CDS	hypothetical protein	scaffold_1970:34755-35210	POLLLNDP_00048

DiscRep_SUB:FEATURE_LOCATION_CONFLICT::Coding region xref gene does not exist
prokkascaffold_1970/scaffold_1970:CDS	hypothetical protein	scaffold_1970:35186-35689	POLLLNDP_00049

DiscRep_SUB:FEATURE_LOCATION_CONFLICT::Coding region xref gene does not exist
prokkascaffold_1970/scaffold_1970:CDS	hypothetical protein	scaffold_1970:35679-36458	POLLLNDP_00050

DiscRep_SUB:FEATURE_LOCATION_CONFLICT::Coding region xref gene does not exist
prokkascaffold_1970/scaffold_1970:CDS	hypothetical protein	scaffold_1970:36452-37102	POLLLNDP_00051

DiscRep_SUB:FEATURE_LOCATION_CONFLICT::Coding region xref gene does not exist
prokkascaffold_1970/scaffold_1970:CDS	hypothetical protein	scaffold_1970:37115-37351	POLLLNDP_00052

DiscRep_SUB:FEATURE_LOCATION_CONFLICT::Coding region xref gene does not exist
prokkascaffold_1970/scaffold_1970:CDS	hypothetical protein	scaffold_1970:37344-37511	POLLLNDP_00053

DiscRep_SUB:FEATURE_LOCATION_CONFLICT::Coding region xref gene does not exist
prokkascaffold_1970/scaffold_1970:CDS	hypothetical protein	scaffold_1970:37504-38157	POLLLNDP_00054

DiscRep_SUB:FEATURE_LOCATION_CONFLICT::Coding region xref gene does not exist
prokkascaffold_1970/scaffold_1970:CDS	hypothetical protein	scaffold_1970:38765-38902	POLLLNDP_00055

DiscRep_SUB:FEATURE_LOCATION_CONFLICT::Coding region xref gene does not exist
prokkascaffold_1970/scaffold_1970:CDS	hypothetical protein	scaffold_1970:39179-40033	POLLLNDP_00056

DiscRep_SUB:FEATURE_LOCATION_CONFLICT::Coding region xref gene does not exist
prokkascaffold_1970/scaffold_1970:CDS	hypothetical protein	scaffold_1970:40036-40362	POLLLNDP_00057

DiscRep_SUB:FEATURE_LOCATION_CONFLICT::Coding region xref gene does not exist
prokkascaffold_1970/scaffold_1970:CDS	hypothetical protein	scaffold_1970:40390-41091	POLLLNDP_00058

DiscRep_SUB:FEATURE_LOCATION_CONFLICT::Coding region xref gene does not exist
prokkascaffold_1970/scaffold_1970:CDS	hypothetical protein	scaffold_1970:41101-41397	POLLLNDP_00059

DiscRep_SUB:FEATURE_LOCATION_CONFLICT::Coding region xref gene does not exist
prokkascaffold_1970/scaffold_1970:CDS	hypothetical protein	scaffold_1970:41683-42039	POLLLNDP_00060

DiscRep_SUB:FEATURE_LOCATION_CONFLICT::Coding region xref gene does not exist
prokkascaffold_1970/scaffold_1970:CDS	hypothetical protein	scaffold_1970:42044-42400	POLLLNDP_00061

DiscRep_SUB:FEATURE_LOCATION_CONFLICT::Coding region xref gene does not exist
prokkascaffold_1970/scaffold_1970:CDS	hypothetical protein	scaffold_1970:c43004-42435	POLLLNDP_00062

DiscRep_SUB:FEATURE_LOCATION_CONFLICT::Coding region xref gene does not exist
prokkascaffold_1970/scaffold_1970:CDS	hypothetical protein	scaffold_1970:c43635-43153	POLLLNDP_00063

DiscRep_SUB:FEATURE_LOCATION_CONFLICT::Coding region xref gene does not exist
prokkascaffold_1970/scaffold_1970:CDS	hypothetical protein	scaffold_1970:44837-45265	POLLLNDP_00064

DiscRep_SUB:FEATURE_LOCATION_CONFLICT::Coding region xref gene does not exist
prokkascaffold_1970/scaffold_1970:CDS	hypothetical protein	scaffold_1970:c48096-47977	POLLLNDP_00065

DiscRep_SUB:FEATURE_LOCATION_CONFLICT::Coding region xref gene does not exist
prokkascaffold_1970/scaffold_1970:CDS	hypothetical protein	scaffold_1970:c48907-48542	POLLLNDP_00066

DiscRep_SUB:FEATURE_LOCATION_CONFLICT::Coding region xref gene does not exist
prokkascaffold_1970/scaffold_1970:CDS	hypothetical protein	scaffold_1970:49038-49550	POLLLNDP_00067

DiscRep_SUB:FEATURE_LOCATION_CONFLICT::Coding region xref gene does not exist
prokkascaffold_1970/scaffold_1970:CDS	hypothetical protein	scaffold_1970:50573-50770	POLLLNDP_00068

DiscRep_SUB:FEATURE_LOCATION_CONFLICT::Coding region xref gene does not exist
prokkascaffold_1970/scaffold_1970:CDS	hypothetical protein	scaffold_1970:50774-50986	POLLLNDP_00069

DiscRep_SUB:FEATURE_LOCATION_CONFLICT::Coding region xref gene does not exist
prokkascaffold_1970/scaffold_1970:CDS	hypothetical protein	scaffold_1970:51004-51198	POLLLNDP_00070

DiscRep_SUB:FEATURE_LOCATION_CONFLICT::Coding region xref gene does not exist
prokkascaffold_1970/scaffold_1970:CDS	hypothetical protein	scaffold_1970:52171-52422	POLLLNDP_00071

DiscRep_SUB:FEATURE_LOCATION_CONFLICT::Coding region xref gene does not exist
prokkascaffold_1970/scaffold_1970:CDS	hypothetical protein	scaffold_1970:52544-52714	POLLLNDP_00072

DiscRep_SUB:FEATURE_LOCATION_CONFLICT::Coding region xref gene does not exist
prokkascaffold_1970/scaffold_1970:CDS	hypothetical protein	scaffold_1970:52799-52954	POLLLNDP_00073

DiscRep_SUB:FEATURE_LOCATION_CONFLICT::Coding region xref gene does not exist
prokkascaffold_1970/scaffold_1970:CDS	hypothetical protein	scaffold_1970:52920-53009	POLLLNDP_00074

DiscRep_SUB:FEATURE_LOCATION_CONFLICT::Coding region xref gene does not exist
prokkascaffold_1970/scaffold_1970:CDS	hypothetical protein	scaffold_1970:53006-53227	POLLLNDP_00075

DiscRep_SUB:FEATURE_LOCATION_CONFLICT::Coding region xref gene does not exist
prokkascaffold_1970/scaffold_1970:CDS	hypothetical protein	scaffold_1970:53628-53768	POLLLNDP_00076

DiscRep_SUB:FEATURE_LOCATION_CONFLICT::Coding region xref gene does not exist
prokkascaffold_1970/scaffold_1970:CDS	hypothetical protein	scaffold_1970:53738-53833	POLLLNDP_00077

DiscRep_SUB:FEATURE_LOCATION_CONFLICT::Coding region xref gene does not exist
prokkascaffold_1970/scaffold_1970:CDS	hypothetical protein	scaffold_1970:53941-54090	POLLLNDP_00078

DiscRep_SUB:FEATURE_LOCATION_CONFLICT::Coding region xref gene does not exist
prokkascaffold_1970/scaffold_1970:CDS	hypothetical protein	scaffold_1970:54434-54559	POLLLNDP_00079

DiscRep_SUB:FEATURE_LOCATION_CONFLICT::Coding region xref gene does not exist
prokkascaffold_1970/scaffold_1970:CDS	hypothetical protein	scaffold_1970:54957-55055	POLLLNDP_00080

DiscRep_SUB:FEATURE_LOCATION_CONFLICT::Coding region xref gene does not exist
prokkascaffold_1970/scaffold_1970:CDS	hypothetical protein	scaffold_1970:55170-55262	POLLLNDP_00081

DiscRep_SUB:FEATURE_LOCATION_CONFLICT::Coding region xref gene does not exist
prokkascaffold_1970/scaffold_1970:CDS	hypothetical protein	scaffold_1970:55317-55412	POLLLNDP_00082

DiscRep_SUB:FEATURE_LOCATION_CONFLICT::Coding region xref gene does not exist
prokkascaffold_1970/scaffold_1970:CDS	hypothetical protein	scaffold_1970:56237-56329	POLLLNDP_00083

DiscRep_SUB:FEATURE_LOCATION_CONFLICT::Coding region xref gene does not exist
prokkascaffold_1970/scaffold_1970:CDS	hypothetical protein	scaffold_1970:56890-57117	POLLLNDP_00084

DiscRep_SUB:FEATURE_LOCATION_CONFLICT::Coding region xref gene does not exist
prokkascaffold_1970/scaffold_1970:CDS	hypothetical protein	scaffold_1970:57086-57250	POLLLNDP_00085

DiscRep_SUB:FEATURE_LOCATION_CONFLICT::Coding region xref gene does not exist
prokkascaffold_1970/scaffold_1970:CDS	hypothetical protein	scaffold_1970:57316-57504	POLLLNDP_00086

DiscRep_SUB:FEATURE_LOCATION_CONFLICT::Coding region xref gene does not exist
prokkascaffold_1970/scaffold_1970:CDS	hypothetical protein	scaffold_1970:57599-57817	POLLLNDP_00087

DiscRep_SUB:FEATURE_LOCATION_CONFLICT::Coding region xref gene does not exist
prokkascaffold_1970/scaffold_1970:CDS	hypothetical protein	scaffold_1970:57772-57972	POLLLNDP_00088

DiscRep_SUB:FEATURE_LOCATION_CONFLICT::Coding region xref gene does not exist
prokkascaffold_1970/scaffold_1970:CDS	hypothetical protein	scaffold_1970:57989-58171	POLLLNDP_00089

DiscRep_SUB:FEATURE_LOCATION_CONFLICT::Coding region xref gene does not exist
prokkascaffold_1970/scaffold_1970:CDS	hypothetical protein	scaffold_1970:58162-58254	POLLLNDP_00090

DiscRep_SUB:FEATURE_LOCATION_CONFLICT::Coding region xref gene does not exist
prokkascaffold_1970/scaffold_1970:CDS	hypothetical protein	scaffold_1970:58989-59111	POLLLNDP_00091

DiscRep_SUB:FEATURE_LOCATION_CONFLICT::Coding region xref gene does not exist
prokkascaffold_1970/scaffold_1970:CDS	hypothetical protein	scaffold_1970:59197-59385	POLLLNDP_00092

DiscRep_SUB:FEATURE_LOCATION_CONFLICT::Coding region xref gene does not exist
prokkascaffold_1970/scaffold_1970:CDS	hypothetical protein	scaffold_1970:60254-60352	POLLLNDP_00093

DiscRep_SUB:FEATURE_LOCATION_CONFLICT::Coding region xref gene does not exist
prokkascaffold_1970/scaffold_1970:CDS	hypothetical protein	scaffold_1970:60729-60980	POLLLNDP_00094

DiscRep_SUB:FEATURE_LOCATION_CONFLICT::Coding region xref gene does not exist
prokkascaffold_1970/scaffold_1970:CDS	hypothetical protein	scaffold_1970:61535-61696	POLLLNDP_00095

DiscRep_SUB:FEATURE_LOCATION_CONFLICT::Coding region xref gene does not exist
prokkascaffold_1970/scaffold_1970:CDS	hypothetical protein	scaffold_1970:61680-61772	POLLLNDP_00096

DiscRep_SUB:FEATURE_LOCATION_CONFLICT::Coding region xref gene does not exist
prokkascaffold_1970/scaffold_1970:CDS	hypothetical protein	scaffold_1970:61810-61905	POLLLNDP_00097

DiscRep_SUB:FEATURE_LOCATION_CONFLICT::Coding region xref gene does not exist
prokkascaffold_1970/scaffold_1970:CDS	hypothetical protein	scaffold_1970:62346-62459	POLLLNDP_00098

DiscRep_SUB:FEATURE_LOCATION_CONFLICT::Coding region xref gene does not exist
prokkascaffold_1970/scaffold_1970:CDS	hypothetical protein	scaffold_1970:62422-62529	POLLLNDP_00099

DiscRep_SUB:FEATURE_LOCATION_CONFLICT::Coding region xref gene does not exist
prokkascaffold_1970/scaffold_1970:CDS	hypothetical protein	scaffold_1970:64618-64746	POLLLNDP_00100

DiscRep_SUB:FEATURE_LOCATION_CONFLICT::Coding region xref gene does not exist
prokkascaffold_1970/scaffold_1970:CDS	hypothetical protein	scaffold_1970:65139-65243	POLLLNDP_00101

DiscRep_SUB:FEATURE_LOCATION_CONFLICT::Coding region xref gene does not exist
prokkascaffold_1970/scaffold_1970:CDS	hypothetical protein	scaffold_1970:65209-65343	POLLLNDP_00102

DiscRep_SUB:FEATURE_LOCATION_CONFLICT::Coding region xref gene does not exist
prokkascaffold_1970/scaffold_1970:CDS	hypothetical protein	scaffold_1970:68051-68167	POLLLNDP_00103

DiscRep_SUB:FEATURE_LOCATION_CONFLICT::Coding region xref gene does not exist
prokkascaffold_1970/scaffold_1970:CDS	hypothetical protein	scaffold_1970:68341-68430	POLLLNDP_00104

DiscRep_SUB:FEATURE_LOCATION_CONFLICT::Coding region xref gene does not exist
prokkascaffold_1970/scaffold_1970:CDS	hypothetical protein	scaffold_1970:68411-68509	POLLLNDP_00105

DiscRep_SUB:FEATURE_LOCATION_CONFLICT::Coding region xref gene does not exist
prokkascaffold_1970/scaffold_1970:CDS	hypothetical protein	scaffold_1970:68532-68693	POLLLNDP_00106

DiscRep_SUB:FEATURE_LOCATION_CONFLICT::Coding region xref gene does not exist
prokkascaffold_1970/scaffold_1970:CDS	hypothetical protein	scaffold_1970:68894-69112	POLLLNDP_00107

DiscRep_SUB:FEATURE_LOCATION_CONFLICT::Coding region xref gene does not exist
prokkascaffold_1970/scaffold_1970:CDS	hypothetical protein	scaffold_1970:71070-71225	POLLLNDP_00108

DiscRep_SUB:FEATURE_LOCATION_CONFLICT::Coding region xref gene does not exist
prokkascaffold_1970/scaffold_1970:CDS	hypothetical protein	scaffold_1970:72419-72532	POLLLNDP_00109

DiscRep_SUB:FEATURE_LOCATION_CONFLICT::Coding region xref gene does not exist
prokkascaffold_1970/scaffold_1970:CDS	hypothetical protein	scaffold_1970:73327-73482	POLLLNDP_00110

DiscRep_SUB:FEATURE_LOCATION_CONFLICT::Coding region xref gene does not exist
prokkascaffold_1970/scaffold_1970:CDS	hypothetical protein	scaffold_1970:73850-73942	POLLLNDP_00111

DiscRep_SUB:FEATURE_LOCATION_CONFLICT::Coding region xref gene does not exist
prokkascaffold_1970/scaffold_1970:CDS	hypothetical protein	scaffold_1970:c74593-74417	POLLLNDP_00112

DiscRep_ALL:DISC_QUALITY_SCORES::Quality scores are missing on all sequences.

DiscRep_ALL:ONCALLER_COMMENT_PRESENT::1 comment descriptors were found (all same)
prokkascaffold_1970/scaffold_1970:scaffold_1970:Annotated using prokka 1.14.6 from https://github.com/tseemann/prokka

DiscRep_ALL:SHORT_PROT_SEQUENCES::29 protein sequences are shorter than 50 aa.
prokkascaffold_1970/scaffold_1970:scaffold_1970_6 (length 43)
prokkascaffold_1970/scaffold_1970:scaffold_1970_28 (length 35)
prokkascaffold_1970/scaffold_1970:scaffold_1970_33 (length 48)
prokkascaffold_1970/scaffold_1970:scaffold_1970_55 (length 45)
prokkascaffold_1970/scaffold_1970:scaffold_1970_65 (length 39)
prokkascaffold_1970/scaffold_1970:scaffold_1970_74 (length 29)
prokkascaffold_1970/scaffold_1970:scaffold_1970_76 (length 46)
prokkascaffold_1970/scaffold_1970:scaffold_1970_77 (length 31)
prokkascaffold_1970/scaffold_1970:scaffold_1970_78 (length 49)
prokkascaffold_1970/scaffold_1970:scaffold_1970_79 (length 41)
prokkascaffold_1970/scaffold_1970:scaffold_1970_80 (length 32)
prokkascaffold_1970/scaffold_1970:scaffold_1970_81 (length 30)
prokkascaffold_1970/scaffold_1970:scaffold_1970_82 (length 31)
prokkascaffold_1970/scaffold_1970:scaffold_1970_83 (length 30)
prokkascaffold_1970/scaffold_1970:scaffold_1970_90 (length 30)
prokkascaffold_1970/scaffold_1970:scaffold_1970_91 (length 40)
prokkascaffold_1970/scaffold_1970:scaffold_1970_93 (length 32)
prokkascaffold_1970/scaffold_1970:scaffold_1970_96 (length 30)
prokkascaffold_1970/scaffold_1970:scaffold_1970_97 (length 31)
prokkascaffold_1970/scaffold_1970:scaffold_1970_98 (length 37)
prokkascaffold_1970/scaffold_1970:scaffold_1970_99 (length 35)
prokkascaffold_1970/scaffold_1970:scaffold_1970_100 (length 42)
prokkascaffold_1970/scaffold_1970:scaffold_1970_101 (length 34)
prokkascaffold_1970/scaffold_1970:scaffold_1970_102 (length 44)
prokkascaffold_1970/scaffold_1970:scaffold_1970_103 (length 38)
prokkascaffold_1970/scaffold_1970:scaffold_1970_104 (length 29)
prokkascaffold_1970/scaffold_1970:scaffold_1970_105 (length 32)
prokkascaffold_1970/scaffold_1970:scaffold_1970_109 (length 37)
prokkascaffold_1970/scaffold_1970:scaffold_1970_111 (length 30)

DiscRep_ALL:MISSING_GENOMEASSEMBLY_COMMENTS::1 bioseqs are missing GenomeAssembly structured comments
prokkascaffold_1970/scaffold_1970:scaffold_1970 (length 74652, 100 gap)

DiscRep_ALL:MOLTYPE_NOT_MRNA::1 molecule types are not set as mRNA.
prokkascaffold_1970/scaffold_1970:scaffold_1970 (length 74652, 100 gap)

DiscRep_ALL:TECHNIQUE_NOT_TSA::1 technique are not set as TSA
prokkascaffold_1970/scaffold_1970:scaffold_1970 (length 74652, 100 gap)

DiscRep_ALL:MISSING_STRUCTURED_COMMENT::1 sequences do not include structured comments.
prokkascaffold_1970/scaffold_1970:scaffold_1970 (length 74652, 100 gap)

DiscRep_ALL:MISSING_PROJECT::113 sequences do not include project.
prokkascaffold_1970/scaffold_1970:scaffold_1970 (length 74652, 100 gap)
prokkascaffold_1970/scaffold_1970:scaffold_1970_1 (length 168)
prokkascaffold_1970/scaffold_1970:scaffold_1970_2 (length 171)
prokkascaffold_1970/scaffold_1970:scaffold_1970_3 (length 58)
prokkascaffold_1970/scaffold_1970:scaffold_1970_4 (length 62)
prokkascaffold_1970/scaffold_1970:scaffold_1970_5 (length 71)
prokkascaffold_1970/scaffold_1970:scaffold_1970_6 (length 43)
prokkascaffold_1970/scaffold_1970:scaffold_1970_7 (length 72)
prokkascaffold_1970/scaffold_1970:scaffold_1970_8 (length 78)
prokkascaffold_1970/scaffold_1970:scaffold_1970_9 (length 72)
prokkascaffold_1970/scaffold_1970:scaffold_1970_10 (length 249)
prokkascaffold_1970/scaffold_1970:scaffold_1970_11 (length 169)
prokkascaffold_1970/scaffold_1970:scaffold_1970_12 (length 350)
prokkascaffold_1970/scaffold_1970:scaffold_1970_13 (length 420)
prokkascaffold_1970/scaffold_1970:scaffold_1970_14 (length 445)
prokkascaffold_1970/scaffold_1970:scaffold_1970_15 (length 81)
prokkascaffold_1970/scaffold_1970:scaffold_1970_16 (length 215)
prokkascaffold_1970/scaffold_1970:scaffold_1970_17 (length 258)
prokkascaffold_1970/scaffold_1970:scaffold_1970_18 (length 310)
prokkascaffold_1970/scaffold_1970:scaffold_1970_19 (length 188)
prokkascaffold_1970/scaffold_1970:scaffold_1970_20 (length 521)
prokkascaffold_1970/scaffold_1970:scaffold_1970_21 (length 80)
prokkascaffold_1970/scaffold_1970:scaffold_1970_22 (length 251)
prokkascaffold_1970/scaffold_1970:scaffold_1970_23 (length 73)
prokkascaffold_1970/scaffold_1970:scaffold_1970_24 (length 238)
prokkascaffold_1970/scaffold_1970:scaffold_1970_25 (length 124)
prokkascaffold_1970/scaffold_1970:scaffold_1970_26 (length 52)
prokkascaffold_1970/scaffold_1970:scaffold_1970_27 (length 145)
prokkascaffold_1970/scaffold_1970:scaffold_1970_28 (length 35)
prokkascaffold_1970/scaffold_1970:scaffold_1970_29 (length 81)
prokkascaffold_1970/scaffold_1970:scaffold_1970_30 (length 135)
prokkascaffold_1970/scaffold_1970:scaffold_1970_31 (length 96)
prokkascaffold_1970/scaffold_1970:scaffold_1970_32 (length 84)
prokkascaffold_1970/scaffold_1970:scaffold_1970_33 (length 48)
prokkascaffold_1970/scaffold_1970:scaffold_1970_34 (length 158)
prokkascaffold_1970/scaffold_1970:scaffold_1970_35 (length 178)
prokkascaffold_1970/scaffold_1970:scaffold_1970_36 (length 162)
prokkascaffold_1970/scaffold_1970:scaffold_1970_37 (length 141)
prokkascaffold_1970/scaffold_1970:scaffold_1970_38 (length 211)
prokkascaffold_1970/scaffold_1970:scaffold_1970_39 (length 170)
prokkascaffold_1970/scaffold_1970:scaffold_1970_40 (length 83)
prokkascaffold_1970/scaffold_1970:scaffold_1970_41 (length 124)
prokkascaffold_1970/scaffold_1970:scaffold_1970_42 (length 100)
prokkascaffold_1970/scaffold_1970:scaffold_1970_43 (length 400)
prokkascaffold_1970/scaffold_1970:scaffold_1970_44 (length 93)
prokkascaffold_1970/scaffold_1970:scaffold_1970_45 (length 133)
prokkascaffold_1970/scaffold_1970:scaffold_1970_46 (length 410)
prokkascaffold_1970/scaffold_1970:scaffold_1970_47 (length 102)
prokkascaffold_1970/scaffold_1970:scaffold_1970_48 (length 151)
prokkascaffold_1970/scaffold_1970:scaffold_1970_49 (length 167)
prokkascaffold_1970/scaffold_1970:scaffold_1970_50 (length 259)
prokkascaffold_1970/scaffold_1970:scaffold_1970_51 (length 216)
prokkascaffold_1970/scaffold_1970:scaffold_1970_52 (length 78)
prokkascaffold_1970/scaffold_1970:scaffold_1970_53 (length 55)
prokkascaffold_1970/scaffold_1970:scaffold_1970_54 (length 217)
prokkascaffold_1970/scaffold_1970:scaffold_1970_55 (length 45)
prokkascaffold_1970/scaffold_1970:scaffold_1970_56 (length 284)
prokkascaffold_1970/scaffold_1970:scaffold_1970_57 (length 108)
prokkascaffold_1970/scaffold_1970:scaffold_1970_58 (length 233)
prokkascaffold_1970/scaffold_1970:scaffold_1970_59 (length 98)
prokkascaffold_1970/scaffold_1970:scaffold_1970_60 (length 118)
prokkascaffold_1970/scaffold_1970:scaffold_1970_61 (length 118)
prokkascaffold_1970/scaffold_1970:scaffold_1970_62 (length 189)
prokkascaffold_1970/scaffold_1970:scaffold_1970_63 (length 160)
prokkascaffold_1970/scaffold_1970:scaffold_1970_64 (length 142)
prokkascaffold_1970/scaffold_1970:scaffold_1970_65 (length 39)
prokkascaffold_1970/scaffold_1970:scaffold_1970_66 (length 121)
prokkascaffold_1970/scaffold_1970:scaffold_1970_67 (length 170)
prokkascaffold_1970/scaffold_1970:scaffold_1970_68 (length 65)
prokkascaffold_1970/scaffold_1970:scaffold_1970_69 (length 70)
prokkascaffold_1970/scaffold_1970:scaffold_1970_70 (length 64)
prokkascaffold_1970/scaffold_1970:scaffold_1970_71 (length 83)
prokkascaffold_1970/scaffold_1970:scaffold_1970_72 (length 56)
prokkascaffold_1970/scaffold_1970:scaffold_1970_73 (length 51)
prokkascaffold_1970/scaffold_1970:scaffold_1970_74 (length 29)
prokkascaffold_1970/scaffold_1970:scaffold_1970_75 (length 73)
prokkascaffold_1970/scaffold_1970:scaffold_1970_76 (length 46)
prokkascaffold_1970/scaffold_1970:scaffold_1970_77 (length 31)
prokkascaffold_1970/scaffold_1970:scaffold_1970_78 (length 49)
prokkascaffold_1970/scaffold_1970:scaffold_1970_79 (length 41)
prokkascaffold_1970/scaffold_1970:scaffold_1970_80 (length 32)
prokkascaffold_1970/scaffold_1970:scaffold_1970_81 (length 30)
prokkascaffold_1970/scaffold_1970:scaffold_1970_82 (length 31)
prokkascaffold_1970/scaffold_1970:scaffold_1970_83 (length 30)
prokkascaffold_1970/scaffold_1970:scaffold_1970_84 (length 75)
prokkascaffold_1970/scaffold_1970:scaffold_1970_85 (length 54)
prokkascaffold_1970/scaffold_1970:scaffold_1970_86 (length 62)
prokkascaffold_1970/scaffold_1970:scaffold_1970_87 (length 72)
prokkascaffold_1970/scaffold_1970:scaffold_1970_88 (length 66)
prokkascaffold_1970/scaffold_1970:scaffold_1970_89 (length 60)
prokkascaffold_1970/scaffold_1970:scaffold_1970_90 (length 30)
prokkascaffold_1970/scaffold_1970:scaffold_1970_91 (length 40)
prokkascaffold_1970/scaffold_1970:scaffold_1970_92 (length 62)
prokkascaffold_1970/scaffold_1970:scaffold_1970_93 (length 32)
prokkascaffold_1970/scaffold_1970:scaffold_1970_94 (length 83)
prokkascaffold_1970/scaffold_1970:scaffold_1970_95 (length 53)
prokkascaffold_1970/scaffold_1970:scaffold_1970_96 (length 30)
prokkascaffold_1970/scaffold_1970:scaffold_1970_97 (length 31)
prokkascaffold_1970/scaffold_1970:scaffold_1970_98 (length 37)
prokkascaffold_1970/scaffold_1970:scaffold_1970_99 (length 35)
prokkascaffold_1970/scaffold_1970:scaffold_1970_100 (length 42)
prokkascaffold_1970/scaffold_1970:scaffold_1970_101 (length 34)
prokkascaffold_1970/scaffold_1970:scaffold_1970_102 (length 44)
prokkascaffold_1970/scaffold_1970:scaffold_1970_103 (length 38)
prokkascaffold_1970/scaffold_1970:scaffold_1970_104 (length 29)
prokkascaffold_1970/scaffold_1970:scaffold_1970_105 (length 32)
prokkascaffold_1970/scaffold_1970:scaffold_1970_106 (length 53)
prokkascaffold_1970/scaffold_1970:scaffold_1970_107 (length 72)
prokkascaffold_1970/scaffold_1970:scaffold_1970_108 (length 51)
prokkascaffold_1970/scaffold_1970:scaffold_1970_109 (length 37)
prokkascaffold_1970/scaffold_1970:scaffold_1970_110 (length 51)
prokkascaffold_1970/scaffold_1970:scaffold_1970_111 (length 30)
prokkascaffold_1970/scaffold_1970:scaffold_1970_112 (length 58)

DiscRep_ALL:DISC_INCONSISTENT_MOLINFO_TECH::Molinfo Technique Report (some missing, all same)
DiscRep_SUB:DISC_INCONSISTENT_MOLINFO_TECH::technique (all missing)
DiscRep_SUB:DISC_INCONSISTENT_MOLINFO_TECH::1 Molinfos are missing field technique
prokkascaffold_1970/scaffold_1970:scaffold_1970 (length 74652, 100 gap)

DiscRep_ALL:DISC_GAPS::1 sequences contain gaps
prokkascaffold_1970/scaffold_1970:scaffold_1970 (length 74652, 100 gap)

