Opening log at 2021-04-21 09:46:26.571037
Iterating through fileSet at 2021-04-21 09:46:26.571164
fileSet is ['/home/james/Software/multiPhATE2/PipelineOutput/circular_pair_124/commoncore.cgc', '/home/james/Software/multiPhATE2/PipelineOutput/circular_pair_124/consensus.cgc', '/home/james/Software/multiPhATE2/PipelineOutput/circular_pair_124/glimmer.cgc', '/home/james/Software/multiPhATE2/PipelineOutput/circular_pair_124/phanotate.cgc', '/home/james/Software/multiPhATE2/PipelineOutput/circular_pair_124/prodigal.cgc', '/home/james/Software/multiPhATE2/PipelineOutput/circular_pair_124/superset.cgc']
Opening geneFile /home/james/Software/multiPhATE2/PipelineOutput/circular_pair_124/commoncore.cgc
Adding calls from geneFile /home/james/Software/multiPhATE2/PipelineOutput/circular_pair_124/commoncore.cgc
Appending call set  number of calls is: 0
Opening geneFile /home/james/Software/multiPhATE2/PipelineOutput/circular_pair_124/consensus.cgc
Adding calls from geneFile /home/james/Software/multiPhATE2/PipelineOutput/circular_pair_124/consensus.cgc
Appending call set  number of calls is: 0
Opening geneFile /home/james/Software/multiPhATE2/PipelineOutput/circular_pair_124/glimmer.cgc
Adding calls from geneFile /home/james/Software/multiPhATE2/PipelineOutput/circular_pair_124/glimmer.cgc
Appending call set  number of calls is: 16
Opening geneFile /home/james/Software/multiPhATE2/PipelineOutput/circular_pair_124/phanotate.cgc
Adding calls from geneFile /home/james/Software/multiPhATE2/PipelineOutput/circular_pair_124/phanotate.cgc
Appending call set  number of calls is: 27
Opening geneFile /home/james/Software/multiPhATE2/PipelineOutput/circular_pair_124/prodigal.cgc
Adding calls from geneFile /home/james/Software/multiPhATE2/PipelineOutput/circular_pair_124/prodigal.cgc
Appending call set  number of calls is: 15
Opening geneFile /home/james/Software/multiPhATE2/PipelineOutput/circular_pair_124/superset.cgc
Adding calls from geneFile /home/james/Software/multiPhATE2/PipelineOutput/circular_pair_124/superset.cgc
Appending call set  number of calls is: 0
All call sets have been added to caller list. Number of call sets in callerList: 6
callerList is   glimmer phanotate prodigal  
Total number of gene calls across callerList call sets is: 58
Sorting gene calls for each caller
Processing a callSet
Before sorting, Length of callerList for caller  is 0
After sorting, Length of callerList for caller  is 0
Processing a callSet
Before sorting, Length of callerList for caller  is 0
After sorting, Length of callerList for caller  is 0
Processing a callSet
Before sorting, Length of callerList for caller glimmer is 16
After sorting, Length of callerList for caller glimmer is 16
Processing a callSet
Before sorting, Length of callerList for caller phanotate is 27
After sorting, Length of callerList for caller phanotate is 27
Processing a callSet
Before sorting, Length of callerList for caller prodigal is 15
After sorting, Length of callerList for caller prodigal is 15
Processing a callSet
Before sorting, Length of callerList for caller  is 0
After sorting, Length of callerList for caller  is 0
callSet processing complete
Comparing across the call sets...
Merging the geneCall sets....
Final merged genes:

***************Merge List
1	Gene No. 1, gene caller: prodigal, leftEnd: 2, rightEnd: 259, strand: +, length: 258, contig: circular_pair_124, protein: unknown, score1: 1.0, score2: 0.0
2	Gene No. 1, gene caller: phanotate, leftEnd: 5, rightEnd: 259, strand: +, length: 255, contig: circular_pair_124, protein: unknown, score1: 1.0, score2: 0.0
3	Gene No. 1, gene caller: glimmer, leftEnd: 45, rightEnd: 311, strand: -, length: 267, contig: circular_pair_124, protein: unknown, score1: 1.0, score2: 0.0
4	Gene No. 2, gene caller: prodigal, leftEnd: 256, rightEnd: 639, strand: +, length: 384, contig: circular_pair_124, protein: unknown, score1: 1.0, score2: 0.0
5	Gene No. 2, gene caller: phanotate, leftEnd: 310, rightEnd: 639, strand: +, length: 330, contig: circular_pair_124, protein: unknown, score1: 1.0, score2: 0.0
6	Gene No. 3, gene caller: phanotate, leftEnd: 619, rightEnd: 726, strand: -, length: 108, contig: circular_pair_124, protein: unknown, score1: 1.0, score2: 0.0
7	Gene No. 4, gene caller: phanotate, leftEnd: 726, rightEnd: 938, strand: -, length: 213, contig: circular_pair_124, protein: unknown, score1: 1.0, score2: 0.0
8	Gene No. 2, gene caller: glimmer, leftEnd: 905, rightEnd: 1279, strand: +, length: 375, contig: circular_pair_124, protein: unknown, score1: 1.0, score2: 0.0
9	Gene No. 5, gene caller: phanotate, leftEnd: 992, rightEnd: 1279, strand: +, length: 288, contig: circular_pair_124, protein: unknown, score1: 1.0, score2: 0.0
10	Gene No. 3, gene caller: prodigal, leftEnd: 992, rightEnd: 1279, strand: +, length: 288, contig: circular_pair_124, protein: unknown, score1: 1.0, score2: 0.0
11	Gene No. 6, gene caller: phanotate, leftEnd: 1279, rightEnd: 2208, strand: +, length: 930, contig: circular_pair_124, protein: unknown, score1: 1.0, score2: 0.0
12	Gene No. 4, gene caller: prodigal, leftEnd: 1279, rightEnd: 2208, strand: +, length: 930, contig: circular_pair_124, protein: unknown, score1: 1.0, score2: 0.0
13	Gene No. 3, gene caller: glimmer, leftEnd: 1392, rightEnd: 1505, strand: +, length: 114, contig: circular_pair_124, protein: unknown, score1: 1.0, score2: 0.0
14	Gene No. 7, gene caller: phanotate, leftEnd: 2101, rightEnd: 3054, strand: -, length: 954, contig: circular_pair_124, protein: unknown, score1: 1.0, score2: 0.0
15	Gene No. 4, gene caller: glimmer, leftEnd: 2101, rightEnd: 3108, strand: -, length: 1008, contig: circular_pair_124, protein: unknown, score1: 1.0, score2: 0.0
16	Gene No. 5, gene caller: prodigal, leftEnd: 2101, rightEnd: 3108, strand: -, length: 1008, contig: circular_pair_124, protein: unknown, score1: 1.0, score2: 0.0
17	Gene No. 5, gene caller: glimmer, leftEnd: 3105, rightEnd: 4019, strand: -, length: 915, contig: circular_pair_124, protein: unknown, score1: 1.0, score2: 0.0
18	Gene No. 8, gene caller: phanotate, leftEnd: 3105, rightEnd: 4019, strand: -, length: 915, contig: circular_pair_124, protein: unknown, score1: 1.0, score2: 0.0
19	Gene No. 6, gene caller: prodigal, leftEnd: 3105, rightEnd: 4019, strand: -, length: 915, contig: circular_pair_124, protein: unknown, score1: 1.0, score2: 0.0
20	Gene No. 6, gene caller: glimmer, leftEnd: 4019, rightEnd: 4987, strand: -, length: 969, contig: circular_pair_124, protein: unknown, score1: 1.0, score2: 0.0
21	Gene No. 9, gene caller: phanotate, leftEnd: 4019, rightEnd: 4987, strand: -, length: 969, contig: circular_pair_124, protein: unknown, score1: 1.0, score2: 0.0
22	Gene No. 7, gene caller: prodigal, leftEnd: 4019, rightEnd: 5041, strand: -, length: 1023, contig: circular_pair_124, protein: unknown, score1: 1.0, score2: 0.0
23	Gene No. 7, gene caller: glimmer, leftEnd: 4986, rightEnd: 5252, strand: +, length: 267, contig: circular_pair_124, protein: unknown, score1: 1.0, score2: 0.0
24	Gene No. 10, gene caller: phanotate, leftEnd: 5038, rightEnd: 5463, strand: -, length: 426, contig: circular_pair_124, protein: unknown, score1: 1.0, score2: 0.0
25	Gene No. 8, gene caller: prodigal, leftEnd: 5038, rightEnd: 5463, strand: -, length: 426, contig: circular_pair_124, protein: unknown, score1: 1.0, score2: 0.0
26	Gene No. 11, gene caller: phanotate, leftEnd: 5495, rightEnd: 5611, strand: -, length: 117, contig: circular_pair_124, protein: unknown, score1: 1.0, score2: 0.0
27	Gene No. 9, gene caller: prodigal, leftEnd: 5601, rightEnd: 5960, strand: -, length: 360, contig: circular_pair_124, protein: unknown, score1: 1.0, score2: 0.0
28	Gene No. 8, gene caller: glimmer, leftEnd: 5601, rightEnd: 5993, strand: -, length: 393, contig: circular_pair_124, protein: unknown, score1: 1.0, score2: 0.0
29	Gene No. 12, gene caller: phanotate, leftEnd: 5601, rightEnd: 5993, strand: -, length: 393, contig: circular_pair_124, protein: unknown, score1: 1.0, score2: 0.0
30	Gene No. 9, gene caller: glimmer, leftEnd: 6123, rightEnd: 6371, strand: -, length: 249, contig: circular_pair_124, protein: unknown, score1: 1.0, score2: 0.0
31	Gene No. 13, gene caller: phanotate, leftEnd: 6123, rightEnd: 6371, strand: -, length: 249, contig: circular_pair_124, protein: unknown, score1: 1.0, score2: 0.0
32	Gene No. 10, gene caller: glimmer, leftEnd: 6447, rightEnd: 6611, strand: -, length: 165, contig: circular_pair_124, protein: unknown, score1: 1.0, score2: 0.0
33	Gene No. 14, gene caller: phanotate, leftEnd: 6447, rightEnd: 6614, strand: -, length: 168, contig: circular_pair_124, protein: unknown, score1: 1.0, score2: 0.0
34	Gene No. 10, gene caller: prodigal, leftEnd: 6447, rightEnd: 6614, strand: -, length: 168, contig: circular_pair_124, protein: unknown, score1: 1.0, score2: 0.0
35	Gene No. 11, gene caller: glimmer, leftEnd: 6614, rightEnd: 6898, strand: -, length: 285, contig: circular_pair_124, protein: unknown, score1: 1.0, score2: 0.0
36	Gene No. 15, gene caller: phanotate, leftEnd: 6614, rightEnd: 6898, strand: -, length: 285, contig: circular_pair_124, protein: unknown, score1: 1.0, score2: 0.0
37	Gene No. 11, gene caller: prodigal, leftEnd: 6614, rightEnd: 6898, strand: -, length: 285, contig: circular_pair_124, protein: unknown, score1: 1.0, score2: 0.0
38	Gene No. 16, gene caller: phanotate, leftEnd: 6927, rightEnd: 7049, strand: +, length: 123, contig: circular_pair_124, protein: unknown, score1: 1.0, score2: 0.0
39	Gene No. 17, gene caller: phanotate, leftEnd: 7060, rightEnd: 7191, strand: +, length: 132, contig: circular_pair_124, protein: unknown, score1: 1.0, score2: 0.0
40	Gene No. 12, gene caller: glimmer, leftEnd: 7188, rightEnd: 7397, strand: +, length: 210, contig: circular_pair_124, protein: unknown, score1: 1.0, score2: 0.0
41	Gene No. 18, gene caller: phanotate, leftEnd: 7188, rightEnd: 7397, strand: +, length: 210, contig: circular_pair_124, protein: unknown, score1: 1.0, score2: 0.0
42	Gene No. 13, gene caller: glimmer, leftEnd: 7372, rightEnd: 7725, strand: +, length: 354, contig: circular_pair_124, protein: unknown, score1: 1.0, score2: 0.0
43	Gene No. 19, gene caller: phanotate, leftEnd: 7372, rightEnd: 7725, strand: +, length: 354, contig: circular_pair_124, protein: unknown, score1: 1.0, score2: 0.0
44	Gene No. 12, gene caller: prodigal, leftEnd: 7411, rightEnd: 7725, strand: +, length: 315, contig: circular_pair_124, protein: unknown, score1: 1.0, score2: 0.0
45	Gene No. 20, gene caller: phanotate, leftEnd: 7735, rightEnd: 7824, strand: +, length: 90, contig: circular_pair_124, protein: unknown, score1: 1.0, score2: 0.0
46	Gene No. 21, gene caller: phanotate, leftEnd: 7808, rightEnd: 7897, strand: +, length: 90, contig: circular_pair_124, protein: unknown, score1: 1.0, score2: 0.0
47	Gene No. 14, gene caller: glimmer, leftEnd: 7913, rightEnd: 8239, strand: +, length: 327, contig: circular_pair_124, protein: unknown, score1: 1.0, score2: 0.0
48	Gene No. 22, gene caller: phanotate, leftEnd: 7913, rightEnd: 8239, strand: +, length: 327, contig: circular_pair_124, protein: unknown, score1: 1.0, score2: 0.0
49	Gene No. 13, gene caller: prodigal, leftEnd: 7913, rightEnd: 8239, strand: +, length: 327, contig: circular_pair_124, protein: unknown, score1: 1.0, score2: 0.0
50	Gene No. 23, gene caller: phanotate, leftEnd: 8272, rightEnd: 8367, strand: +, length: 96, contig: circular_pair_124, protein: unknown, score1: 1.0, score2: 0.0
51	Gene No. 15, gene caller: glimmer, leftEnd: 8443, rightEnd: 8691, strand: +, length: 249, contig: circular_pair_124, protein: unknown, score1: 1.0, score2: 0.0
52	Gene No. 24, gene caller: phanotate, leftEnd: 8443, rightEnd: 8691, strand: +, length: 249, contig: circular_pair_124, protein: unknown, score1: 1.0, score2: 0.0
53	Gene No. 16, gene caller: glimmer, leftEnd: 8821, rightEnd: 9213, strand: +, length: 393, contig: circular_pair_124, protein: unknown, score1: 1.0, score2: 0.0
54	Gene No. 25, gene caller: phanotate, leftEnd: 8821, rightEnd: 9213, strand: +, length: 393, contig: circular_pair_124, protein: unknown, score1: 1.0, score2: 0.0
55	Gene No. 14, gene caller: prodigal, leftEnd: 8854, rightEnd: 9213, strand: +, length: 360, contig: circular_pair_124, protein: unknown, score1: 1.0, score2: 0.0
56	Gene No. 26, gene caller: phanotate, leftEnd: 9203, rightEnd: 9319, strand: +, length: 117, contig: circular_pair_124, protein: unknown, score1: 1.0, score2: 0.0
57	Gene No. 27, gene caller: phanotate, leftEnd: 9351, rightEnd: 9773, strand: +, length: 423, contig: circular_pair_124, protein: unknown, score1: 1.0, score2: 0.0
58	Gene No. 15, gene caller: prodigal, leftEnd: 9351, rightEnd: 9773, strand: +, length: 423, contig: circular_pair_124, protein: unknown, score1: 1.0, score2: 0.0
Comparing across geneCall sets....
Scoring gene calls....
Identifying common core...
This is the Common Core List:

***************Common Core
CC-gene 1	Gene No. 1, gene caller: All_callers, leftEnd: 3105, rightEnd: 4019, strand: -, length: 915, contig: circular_pair_124, protein: unknown, score1: 1.0, score2: 0.0
CC-gene 2	Gene No. 1, gene caller: All_callers, leftEnd: 6614, rightEnd: 6898, strand: -, length: 285, contig: circular_pair_124, protein: unknown, score1: 1.0, score2: 0.0
CC-gene 3	Gene No. 1, gene caller: All_callers, leftEnd: 7913, rightEnd: 8239, strand: +, length: 327, contig: circular_pair_124, protein: unknown, score1: 1.0, score2: 0.0
Printing gene-call superset, consensus, and common_core in GFF and CGC formats
Printing report....
The following gene callers were considered: glimmer, phanotate, prodigal, The number of distinct gene calls over all gene callers is 39
The number of gene calls in common among all callers is 3
The number of unique (non-matching) gene calls is23
Caller glimmer produced 16 gene calls.
Caller glimmer gene-call length stats:  min: 114, max: 1008, ave: 408.75
Caller phanotate produced 27 gene calls.
Caller phanotate gene-call length stats:  min: 90, max: 969, ave: 340.8888888888889
Caller prodigal produced 15 gene calls.
Caller prodigal gene-call length stats:  min: 168, max: 1023, ave: 498.0

Gene-call Scores:
Caller	Contig	Gene No.	Left End	Right End	Strand	gcScore
prodigal	circular_pair_124	1	2	259	+	0.50
phanotate	circular_pair_124	1	5	259	+	0.50
glimmer	circular_pair_124	1	45	311	-	0.33
prodigal	circular_pair_124	2	256	639	+	0.50
phanotate	circular_pair_124	2	310	639	+	0.50
phanotate	circular_pair_124	3	619	726	-	0.33
phanotate	circular_pair_124	4	726	938	-	0.33
glimmer	circular_pair_124	2	905	1279	+	0.50
phanotate	circular_pair_124	5	992	1279	+	0.83
prodigal	circular_pair_124	3	992	1279	+	0.83
phanotate	circular_pair_124	6	1279	2208	+	0.83
prodigal	circular_pair_124	4	1279	2208	+	0.83
glimmer	circular_pair_124	3	1392	1505	+	0.33
phanotate	circular_pair_124	7	2101	3054	-	0.50
glimmer	circular_pair_124	4	2101	3108	-	0.83
prodigal	circular_pair_124	5	2101	3108	-	0.83
glimmer	circular_pair_124	5	3105	4019	-	1.00
phanotate	circular_pair_124	8	3105	4019	-	1.00
prodigal	circular_pair_124	6	3105	4019	-	1.00
glimmer	circular_pair_124	6	4019	4987	-	0.83
phanotate	circular_pair_124	9	4019	4987	-	0.83
prodigal	circular_pair_124	7	4019	5041	-	0.50
glimmer	circular_pair_124	7	4986	5252	+	0.33
phanotate	circular_pair_124	10	5038	5463	-	0.83
prodigal	circular_pair_124	8	5038	5463	-	0.83
phanotate	circular_pair_124	11	5495	5611	-	0.33
prodigal	circular_pair_124	9	5601	5960	-	0.50
glimmer	circular_pair_124	8	5601	5993	-	0.83
phanotate	circular_pair_124	12	5601	5993	-	0.83
glimmer	circular_pair_124	9	6123	6371	-	0.83
phanotate	circular_pair_124	13	6123	6371	-	0.83
glimmer	circular_pair_124	10	6447	6611	-	0.50
phanotate	circular_pair_124	14	6447	6614	-	0.83
prodigal	circular_pair_124	10	6447	6614	-	0.83
glimmer	circular_pair_124	11	6614	6898	-	1.00
phanotate	circular_pair_124	15	6614	6898	-	1.00
prodigal	circular_pair_124	11	6614	6898	-	1.00
phanotate	circular_pair_124	16	6927	7049	+	0.33
phanotate	circular_pair_124	17	7060	7191	+	0.33
glimmer	circular_pair_124	12	7188	7397	+	0.83
phanotate	circular_pair_124	18	7188	7397	+	0.83
glimmer	circular_pair_124	13	7372	7725	+	0.83
phanotate	circular_pair_124	19	7372	7725	+	0.83
prodigal	circular_pair_124	12	7411	7725	+	0.50
phanotate	circular_pair_124	20	7735	7824	+	0.33
phanotate	circular_pair_124	21	7808	7897	+	0.33
glimmer	circular_pair_124	14	7913	8239	+	1.00
phanotate	circular_pair_124	22	7913	8239	+	1.00
prodigal	circular_pair_124	13	7913	8239	+	1.00
phanotate	circular_pair_124	23	8272	8367	+	0.33
glimmer	circular_pair_124	15	8443	8691	+	0.83
phanotate	circular_pair_124	24	8443	8691	+	0.83
glimmer	circular_pair_124	16	8821	9213	+	0.83
phanotate	circular_pair_124	25	8821	9213	+	0.83
prodigal	circular_pair_124	14	8854	9213	+	0.50
phanotate	circular_pair_124	26	9203	9319	+	0.33
phanotate	circular_pair_124	27	9351	9773	+	0.83
prodigal	circular_pair_124	15	9351	9773	+	0.83

Gene-call Consensus Scores:
Caller glimmer average gene-call score: 0.73
Caller phanotate average gene-call score: 0.65
Caller prodigal average gene-call score: 0.73

***************Unique List
Unique gene call 1
  --  Gene No. 1, gene caller: prodigal, leftEnd: 2, rightEnd: 259, strand: +, length: 258, contig: circular_pair_124, protein: unknown, score1: 0.5, score2: 0.0
Unique gene call 2
  --  Gene No. 1, gene caller: phanotate, leftEnd: 5, rightEnd: 259, strand: +, length: 255, contig: circular_pair_124, protein: unknown, score1: 0.5, score2: 0.0
Unique gene call 3
  --  Gene No. 1, gene caller: glimmer, leftEnd: 45, rightEnd: 311, strand: -, length: 267, contig: circular_pair_124, protein: unknown, score1: 0.3333333333333333, score2: 0.0
Unique gene call 4
  --  Gene No. 2, gene caller: prodigal, leftEnd: 256, rightEnd: 639, strand: +, length: 384, contig: circular_pair_124, protein: unknown, score1: 0.5, score2: 0.0
Unique gene call 5
  --  Gene No. 2, gene caller: phanotate, leftEnd: 310, rightEnd: 639, strand: +, length: 330, contig: circular_pair_124, protein: unknown, score1: 0.5, score2: 0.0
Unique gene call 6
  --  Gene No. 3, gene caller: phanotate, leftEnd: 619, rightEnd: 726, strand: -, length: 108, contig: circular_pair_124, protein: unknown, score1: 0.3333333333333333, score2: 0.0
Unique gene call 7
  --  Gene No. 4, gene caller: phanotate, leftEnd: 726, rightEnd: 938, strand: -, length: 213, contig: circular_pair_124, protein: unknown, score1: 0.3333333333333333, score2: 0.0
Unique gene call 8
  --  Gene No. 2, gene caller: glimmer, leftEnd: 905, rightEnd: 1279, strand: +, length: 375, contig: circular_pair_124, protein: unknown, score1: 0.5, score2: 0.0
Unique gene call 9
  --  Gene No. 5, gene caller: phanotate, leftEnd: 992, rightEnd: 1279, strand: +, length: 288, contig: circular_pair_124, protein: unknown, score1: 0.8333333333333333, score2: 0.0
  --  Gene No. 3, gene caller: prodigal, leftEnd: 992, rightEnd: 1279, strand: +, length: 288, contig: circular_pair_124, protein: unknown, score1: 0.8333333333333333, score2: 0.0
Unique gene call 10
  --  Gene No. 6, gene caller: phanotate, leftEnd: 1279, rightEnd: 2208, strand: +, length: 930, contig: circular_pair_124, protein: unknown, score1: 0.8333333333333333, score2: 0.0
  --  Gene No. 4, gene caller: prodigal, leftEnd: 1279, rightEnd: 2208, strand: +, length: 930, contig: circular_pair_124, protein: unknown, score1: 0.8333333333333333, score2: 0.0
Unique gene call 11
  --  Gene No. 3, gene caller: glimmer, leftEnd: 1392, rightEnd: 1505, strand: +, length: 114, contig: circular_pair_124, protein: unknown, score1: 0.3333333333333333, score2: 0.0
Unique gene call 12
  --  Gene No. 7, gene caller: phanotate, leftEnd: 2101, rightEnd: 3054, strand: -, length: 954, contig: circular_pair_124, protein: unknown, score1: 0.5, score2: 0.0
Unique gene call 13
  --  Gene No. 4, gene caller: glimmer, leftEnd: 2101, rightEnd: 3108, strand: -, length: 1008, contig: circular_pair_124, protein: unknown, score1: 0.8333333333333333, score2: 0.0
  --  Gene No. 5, gene caller: prodigal, leftEnd: 2101, rightEnd: 3108, strand: -, length: 1008, contig: circular_pair_124, protein: unknown, score1: 0.8333333333333333, score2: 0.0
Unique gene call 14
  --  Gene No. 5, gene caller: glimmer, leftEnd: 3105, rightEnd: 4019, strand: -, length: 915, contig: circular_pair_124, protein: unknown, score1: 1.0, score2: 0.0
  --  Gene No. 8, gene caller: phanotate, leftEnd: 3105, rightEnd: 4019, strand: -, length: 915, contig: circular_pair_124, protein: unknown, score1: 1.0, score2: 0.0
  --  Gene No. 6, gene caller: prodigal, leftEnd: 3105, rightEnd: 4019, strand: -, length: 915, contig: circular_pair_124, protein: unknown, score1: 1.0, score2: 0.0
Unique gene call 15
  --  Gene No. 6, gene caller: glimmer, leftEnd: 4019, rightEnd: 4987, strand: -, length: 969, contig: circular_pair_124, protein: unknown, score1: 0.8333333333333333, score2: 0.0
  --  Gene No. 9, gene caller: phanotate, leftEnd: 4019, rightEnd: 4987, strand: -, length: 969, contig: circular_pair_124, protein: unknown, score1: 0.8333333333333333, score2: 0.0
Unique gene call 16
  --  Gene No. 7, gene caller: prodigal, leftEnd: 4019, rightEnd: 5041, strand: -, length: 1023, contig: circular_pair_124, protein: unknown, score1: 0.5, score2: 0.0
Unique gene call 17
  --  Gene No. 7, gene caller: glimmer, leftEnd: 4986, rightEnd: 5252, strand: +, length: 267, contig: circular_pair_124, protein: unknown, score1: 0.3333333333333333, score2: 0.0
Unique gene call 18
  --  Gene No. 10, gene caller: phanotate, leftEnd: 5038, rightEnd: 5463, strand: -, length: 426, contig: circular_pair_124, protein: unknown, score1: 0.8333333333333333, score2: 0.0
  --  Gene No. 8, gene caller: prodigal, leftEnd: 5038, rightEnd: 5463, strand: -, length: 426, contig: circular_pair_124, protein: unknown, score1: 0.8333333333333333, score2: 0.0
Unique gene call 19
  --  Gene No. 11, gene caller: phanotate, leftEnd: 5495, rightEnd: 5611, strand: -, length: 117, contig: circular_pair_124, protein: unknown, score1: 0.3333333333333333, score2: 0.0
Unique gene call 20
  --  Gene No. 9, gene caller: prodigal, leftEnd: 5601, rightEnd: 5960, strand: -, length: 360, contig: circular_pair_124, protein: unknown, score1: 0.5, score2: 0.0
Unique gene call 21
  --  Gene No. 8, gene caller: glimmer, leftEnd: 5601, rightEnd: 5993, strand: -, length: 393, contig: circular_pair_124, protein: unknown, score1: 0.8333333333333333, score2: 0.0
  --  Gene No. 12, gene caller: phanotate, leftEnd: 5601, rightEnd: 5993, strand: -, length: 393, contig: circular_pair_124, protein: unknown, score1: 0.8333333333333333, score2: 0.0
Unique gene call 22
  --  Gene No. 9, gene caller: glimmer, leftEnd: 6123, rightEnd: 6371, strand: -, length: 249, contig: circular_pair_124, protein: unknown, score1: 0.8333333333333333, score2: 0.0
  --  Gene No. 13, gene caller: phanotate, leftEnd: 6123, rightEnd: 6371, strand: -, length: 249, contig: circular_pair_124, protein: unknown, score1: 0.8333333333333333, score2: 0.0
Unique gene call 23
  --  Gene No. 10, gene caller: glimmer, leftEnd: 6447, rightEnd: 6611, strand: -, length: 165, contig: circular_pair_124, protein: unknown, score1: 0.5, score2: 0.0
Unique gene call 24
  --  Gene No. 14, gene caller: phanotate, leftEnd: 6447, rightEnd: 6614, strand: -, length: 168, contig: circular_pair_124, protein: unknown, score1: 0.8333333333333333, score2: 0.0
  --  Gene No. 10, gene caller: prodigal, leftEnd: 6447, rightEnd: 6614, strand: -, length: 168, contig: circular_pair_124, protein: unknown, score1: 0.8333333333333333, score2: 0.0
Unique gene call 25
  --  Gene No. 11, gene caller: glimmer, leftEnd: 6614, rightEnd: 6898, strand: -, length: 285, contig: circular_pair_124, protein: unknown, score1: 1.0, score2: 0.0
  --  Gene No. 15, gene caller: phanotate, leftEnd: 6614, rightEnd: 6898, strand: -, length: 285, contig: circular_pair_124, protein: unknown, score1: 1.0, score2: 0.0
  --  Gene No. 11, gene caller: prodigal, leftEnd: 6614, rightEnd: 6898, strand: -, length: 285, contig: circular_pair_124, protein: unknown, score1: 1.0, score2: 0.0
Unique gene call 26
  --  Gene No. 16, gene caller: phanotate, leftEnd: 6927, rightEnd: 7049, strand: +, length: 123, contig: circular_pair_124, protein: unknown, score1: 0.3333333333333333, score2: 0.0
Unique gene call 27
  --  Gene No. 17, gene caller: phanotate, leftEnd: 7060, rightEnd: 7191, strand: +, length: 132, contig: circular_pair_124, protein: unknown, score1: 0.3333333333333333, score2: 0.0
Unique gene call 28
  --  Gene No. 12, gene caller: glimmer, leftEnd: 7188, rightEnd: 7397, strand: +, length: 210, contig: circular_pair_124, protein: unknown, score1: 0.8333333333333333, score2: 0.0
  --  Gene No. 18, gene caller: phanotate, leftEnd: 7188, rightEnd: 7397, strand: +, length: 210, contig: circular_pair_124, protein: unknown, score1: 0.8333333333333333, score2: 0.0
Unique gene call 29
  --  Gene No. 13, gene caller: glimmer, leftEnd: 7372, rightEnd: 7725, strand: +, length: 354, contig: circular_pair_124, protein: unknown, score1: 0.8333333333333333, score2: 0.0
  --  Gene No. 19, gene caller: phanotate, leftEnd: 7372, rightEnd: 7725, strand: +, length: 354, contig: circular_pair_124, protein: unknown, score1: 0.8333333333333333, score2: 0.0
Unique gene call 30
  --  Gene No. 12, gene caller: prodigal, leftEnd: 7411, rightEnd: 7725, strand: +, length: 315, contig: circular_pair_124, protein: unknown, score1: 0.5, score2: 0.0
Unique gene call 31
  --  Gene No. 20, gene caller: phanotate, leftEnd: 7735, rightEnd: 7824, strand: +, length: 90, contig: circular_pair_124, protein: unknown, score1: 0.3333333333333333, score2: 0.0
Unique gene call 32
  --  Gene No. 21, gene caller: phanotate, leftEnd: 7808, rightEnd: 7897, strand: +, length: 90, contig: circular_pair_124, protein: unknown, score1: 0.3333333333333333, score2: 0.0
Unique gene call 33
  --  Gene No. 14, gene caller: glimmer, leftEnd: 7913, rightEnd: 8239, strand: +, length: 327, contig: circular_pair_124, protein: unknown, score1: 1.0, score2: 0.0
  --  Gene No. 22, gene caller: phanotate, leftEnd: 7913, rightEnd: 8239, strand: +, length: 327, contig: circular_pair_124, protein: unknown, score1: 1.0, score2: 0.0
  --  Gene No. 13, gene caller: prodigal, leftEnd: 7913, rightEnd: 8239, strand: +, length: 327, contig: circular_pair_124, protein: unknown, score1: 1.0, score2: 0.0
Unique gene call 34
  --  Gene No. 23, gene caller: phanotate, leftEnd: 8272, rightEnd: 8367, strand: +, length: 96, contig: circular_pair_124, protein: unknown, score1: 0.3333333333333333, score2: 0.0
Unique gene call 35
  --  Gene No. 15, gene caller: glimmer, leftEnd: 8443, rightEnd: 8691, strand: +, length: 249, contig: circular_pair_124, protein: unknown, score1: 0.8333333333333333, score2: 0.0
  --  Gene No. 24, gene caller: phanotate, leftEnd: 8443, rightEnd: 8691, strand: +, length: 249, contig: circular_pair_124, protein: unknown, score1: 0.8333333333333333, score2: 0.0
Unique gene call 36
  --  Gene No. 16, gene caller: glimmer, leftEnd: 8821, rightEnd: 9213, strand: +, length: 393, contig: circular_pair_124, protein: unknown, score1: 0.8333333333333333, score2: 0.0
  --  Gene No. 25, gene caller: phanotate, leftEnd: 8821, rightEnd: 9213, strand: +, length: 393, contig: circular_pair_124, protein: unknown, score1: 0.8333333333333333, score2: 0.0
Unique gene call 37
  --  Gene No. 14, gene caller: prodigal, leftEnd: 8854, rightEnd: 9213, strand: +, length: 360, contig: circular_pair_124, protein: unknown, score1: 0.5, score2: 0.0
Unique gene call 38
  --  Gene No. 26, gene caller: phanotate, leftEnd: 9203, rightEnd: 9319, strand: +, length: 117, contig: circular_pair_124, protein: unknown, score1: 0.3333333333333333, score2: 0.0
Unique gene call 39
  --  Gene No. 27, gene caller: phanotate, leftEnd: 9351, rightEnd: 9773, strand: +, length: 423, contig: circular_pair_124, protein: unknown, score1: 0.8333333333333333, score2: 0.0
  --  Gene No. 15, gene caller: prodigal, leftEnd: 9351, rightEnd: 9773, strand: +, length: 423, contig: circular_pair_124, protein: unknown, score1: 0.8333333333333333, score2: 0.0
Code complete at 2021-04-21 09:46:26.577142
