Opening log at 2021-04-21 09:30:40.380609
Iterating through fileSet at 2021-04-21 09:30:40.380795
fileSet is ['/home/james/Software/multiPhATE2/PipelineOutput/contig_2512/commoncore.cgc', '/home/james/Software/multiPhATE2/PipelineOutput/contig_2512/consensus.cgc', '/home/james/Software/multiPhATE2/PipelineOutput/contig_2512/glimmer.cgc', '/home/james/Software/multiPhATE2/PipelineOutput/contig_2512/phanotate.cgc', '/home/james/Software/multiPhATE2/PipelineOutput/contig_2512/prodigal.cgc', '/home/james/Software/multiPhATE2/PipelineOutput/contig_2512/superset.cgc']
Opening geneFile /home/james/Software/multiPhATE2/PipelineOutput/contig_2512/commoncore.cgc
Adding calls from geneFile /home/james/Software/multiPhATE2/PipelineOutput/contig_2512/commoncore.cgc
Appending call set  number of calls is: 0
Opening geneFile /home/james/Software/multiPhATE2/PipelineOutput/contig_2512/consensus.cgc
Adding calls from geneFile /home/james/Software/multiPhATE2/PipelineOutput/contig_2512/consensus.cgc
Appending call set  number of calls is: 0
Opening geneFile /home/james/Software/multiPhATE2/PipelineOutput/contig_2512/glimmer.cgc
Adding calls from geneFile /home/james/Software/multiPhATE2/PipelineOutput/contig_2512/glimmer.cgc
Appending call set  number of calls is: 5
Opening geneFile /home/james/Software/multiPhATE2/PipelineOutput/contig_2512/phanotate.cgc
Adding calls from geneFile /home/james/Software/multiPhATE2/PipelineOutput/contig_2512/phanotate.cgc
Appending call set  number of calls is: 8
Opening geneFile /home/james/Software/multiPhATE2/PipelineOutput/contig_2512/prodigal.cgc
Adding calls from geneFile /home/james/Software/multiPhATE2/PipelineOutput/contig_2512/prodigal.cgc
Appending call set  number of calls is: 7
Opening geneFile /home/james/Software/multiPhATE2/PipelineOutput/contig_2512/superset.cgc
Adding calls from geneFile /home/james/Software/multiPhATE2/PipelineOutput/contig_2512/superset.cgc
Appending call set  number of calls is: 0
All call sets have been added to caller list. Number of call sets in callerList: 6
callerList is   glimmer phanotate prodigal  
Total number of gene calls across callerList call sets is: 20
Sorting gene calls for each caller
Processing a callSet
Before sorting, Length of callerList for caller  is 0
After sorting, Length of callerList for caller  is 0
Processing a callSet
Before sorting, Length of callerList for caller  is 0
After sorting, Length of callerList for caller  is 0
Processing a callSet
Before sorting, Length of callerList for caller glimmer is 5
After sorting, Length of callerList for caller glimmer is 5
Processing a callSet
Before sorting, Length of callerList for caller phanotate is 8
After sorting, Length of callerList for caller phanotate is 8
Processing a callSet
Before sorting, Length of callerList for caller prodigal is 7
After sorting, Length of callerList for caller prodigal is 7
Processing a callSet
Before sorting, Length of callerList for caller  is 0
After sorting, Length of callerList for caller  is 0
callSet processing complete
Comparing across the call sets...
Merging the geneCall sets....
Final merged genes:

***************Merge List
1	Gene No. 1, gene caller: phanotate, leftEnd: 3, rightEnd: 1310, strand: +, length: 1308, contig: contig_2512, protein: unknown, score1: 1.0, score2: 0.0
2	Gene No. 1, gene caller: prodigal, leftEnd: 3, rightEnd: 1310, strand: +, length: 1308, contig: contig_2512, protein: unknown, score1: 1.0, score2: 0.0
3	Gene No. 2, gene caller: phanotate, leftEnd: 1414, rightEnd: 1596, strand: +, length: 183, contig: contig_2512, protein: unknown, score1: 1.0, score2: 0.0
4	Gene No. 2, gene caller: glimmer, leftEnd: 1574, rightEnd: 2746, strand: +, length: 1173, contig: contig_2512, protein: unknown, score1: 1.0, score2: 0.0
5	Gene No. 3, gene caller: phanotate, leftEnd: 1574, rightEnd: 2746, strand: +, length: 1173, contig: contig_2512, protein: unknown, score1: 1.0, score2: 0.0
6	Gene No. 2, gene caller: prodigal, leftEnd: 1574, rightEnd: 2746, strand: +, length: 1173, contig: contig_2512, protein: unknown, score1: 1.0, score2: 0.0
7	Gene No. 3, gene caller: glimmer, leftEnd: 2735, rightEnd: 2953, strand: -, length: 219, contig: contig_2512, protein: unknown, score1: 1.0, score2: 0.0
8	Gene No. 4, gene caller: phanotate, leftEnd: 2735, rightEnd: 2953, strand: -, length: 219, contig: contig_2512, protein: unknown, score1: 1.0, score2: 0.0
9	Gene No. 3, gene caller: prodigal, leftEnd: 2735, rightEnd: 2953, strand: -, length: 219, contig: contig_2512, protein: unknown, score1: 1.0, score2: 0.0
10	Gene No. 4, gene caller: glimmer, leftEnd: 2956, rightEnd: 3741, strand: -, length: 786, contig: contig_2512, protein: unknown, score1: 1.0, score2: 0.0
11	Gene No. 5, gene caller: phanotate, leftEnd: 2956, rightEnd: 3741, strand: -, length: 786, contig: contig_2512, protein: unknown, score1: 1.0, score2: 0.0
12	Gene No. 4, gene caller: prodigal, leftEnd: 2956, rightEnd: 3741, strand: -, length: 786, contig: contig_2512, protein: unknown, score1: 1.0, score2: 0.0
13	Gene No. 5, gene caller: glimmer, leftEnd: 3743, rightEnd: 4816, strand: -, length: 1074, contig: contig_2512, protein: unknown, score1: 1.0, score2: 0.0
14	Gene No. 6, gene caller: phanotate, leftEnd: 3743, rightEnd: 4816, strand: -, length: 1074, contig: contig_2512, protein: unknown, score1: 1.0, score2: 0.0
15	Gene No. 5, gene caller: prodigal, leftEnd: 3743, rightEnd: 4816, strand: -, length: 1074, contig: contig_2512, protein: unknown, score1: 1.0, score2: 0.0
16	Gene No. 7, gene caller: phanotate, leftEnd: 4820, rightEnd: 6109, strand: -, length: 1290, contig: contig_2512, protein: unknown, score1: 1.0, score2: 0.0
17	Gene No. 6, gene caller: glimmer, leftEnd: 4820, rightEnd: 6202, strand: -, length: 1383, contig: contig_2512, protein: unknown, score1: 1.0, score2: 0.0
18	Gene No. 6, gene caller: prodigal, leftEnd: 4820, rightEnd: 6202, strand: -, length: 1383, contig: contig_2512, protein: unknown, score1: 1.0, score2: 0.0
19	Gene No. 8, gene caller: phanotate, leftEnd: 6195, rightEnd: 6470, strand: -, length: 276, contig: contig_2512, protein: unknown, score1: 1.0, score2: 0.0
20	Gene No. 7, gene caller: prodigal, leftEnd: 6195, rightEnd: 6470, strand: -, length: 276, contig: contig_2512, protein: unknown, score1: 1.0, score2: 0.0
Comparing across geneCall sets....
Scoring gene calls....
Identifying common core...
This is the Common Core List:

***************Common Core
CC-gene 1	Gene No. 1, gene caller: All_callers, leftEnd: 1574, rightEnd: 2746, strand: +, length: 1173, contig: contig_2512, protein: unknown, score1: 1.0, score2: 0.0
CC-gene 2	Gene No. 1, gene caller: All_callers, leftEnd: 2735, rightEnd: 2953, strand: -, length: 219, contig: contig_2512, protein: unknown, score1: 1.0, score2: 0.0
CC-gene 3	Gene No. 1, gene caller: All_callers, leftEnd: 2956, rightEnd: 3741, strand: -, length: 786, contig: contig_2512, protein: unknown, score1: 1.0, score2: 0.0
CC-gene 4	Gene No. 1, gene caller: All_callers, leftEnd: 3743, rightEnd: 4816, strand: -, length: 1074, contig: contig_2512, protein: unknown, score1: 1.0, score2: 0.0
Printing gene-call superset, consensus, and common_core in GFF and CGC formats
Printing report....
The following gene callers were considered: glimmer, phanotate, prodigal, The number of distinct gene calls over all gene callers is 9
The number of gene calls in common among all callers is 4
The number of unique (non-matching) gene calls is2
Caller glimmer produced 5 gene calls.
Caller glimmer gene-call length stats:  min: 219, max: 1383, ave: 927.0
Caller phanotate produced 8 gene calls.
Caller phanotate gene-call length stats:  min: 183, max: 1308, ave: 788.625
Caller prodigal produced 7 gene calls.
Caller prodigal gene-call length stats:  min: 219, max: 1383, ave: 888.4285714285714

Gene-call Scores:
Caller	Contig	Gene No.	Left End	Right End	Strand	gcScore
phanotate	contig_2512	1	3	1310	+	0.83
prodigal	contig_2512	1	3	1310	+	0.83
phanotate	contig_2512	2	1414	1596	+	0.33
glimmer	contig_2512	2	1574	2746	+	1.00
phanotate	contig_2512	3	1574	2746	+	1.00
prodigal	contig_2512	2	1574	2746	+	1.00
glimmer	contig_2512	3	2735	2953	-	1.00
phanotate	contig_2512	4	2735	2953	-	1.00
prodigal	contig_2512	3	2735	2953	-	1.00
glimmer	contig_2512	4	2956	3741	-	1.00
phanotate	contig_2512	5	2956	3741	-	1.00
prodigal	contig_2512	4	2956	3741	-	1.00
glimmer	contig_2512	5	3743	4816	-	1.00
phanotate	contig_2512	6	3743	4816	-	1.00
prodigal	contig_2512	5	3743	4816	-	1.00
phanotate	contig_2512	7	4820	6109	-	0.50
glimmer	contig_2512	6	4820	6202	-	0.83
prodigal	contig_2512	6	4820	6202	-	0.83
phanotate	contig_2512	8	6195	6470	-	0.83
prodigal	contig_2512	7	6195	6470	-	0.83

Gene-call Consensus Scores:
Caller glimmer average gene-call score: 0.97
Caller phanotate average gene-call score: 0.81
Caller prodigal average gene-call score: 0.93

***************Unique List
Unique gene call 1
  --  Gene No. 1, gene caller: phanotate, leftEnd: 3, rightEnd: 1310, strand: +, length: 1308, contig: contig_2512, protein: unknown, score1: 0.8333333333333333, score2: 0.0
  --  Gene No. 1, gene caller: prodigal, leftEnd: 3, rightEnd: 1310, strand: +, length: 1308, contig: contig_2512, protein: unknown, score1: 0.8333333333333333, score2: 0.0
Unique gene call 2
  --  Gene No. 2, gene caller: phanotate, leftEnd: 1414, rightEnd: 1596, strand: +, length: 183, contig: contig_2512, protein: unknown, score1: 0.3333333333333333, score2: 0.0
Unique gene call 3
  --  Gene No. 2, gene caller: glimmer, leftEnd: 1574, rightEnd: 2746, strand: +, length: 1173, contig: contig_2512, protein: unknown, score1: 1.0, score2: 0.0
  --  Gene No. 3, gene caller: phanotate, leftEnd: 1574, rightEnd: 2746, strand: +, length: 1173, contig: contig_2512, protein: unknown, score1: 1.0, score2: 0.0
  --  Gene No. 2, gene caller: prodigal, leftEnd: 1574, rightEnd: 2746, strand: +, length: 1173, contig: contig_2512, protein: unknown, score1: 1.0, score2: 0.0
Unique gene call 4
  --  Gene No. 3, gene caller: glimmer, leftEnd: 2735, rightEnd: 2953, strand: -, length: 219, contig: contig_2512, protein: unknown, score1: 1.0, score2: 0.0
  --  Gene No. 4, gene caller: phanotate, leftEnd: 2735, rightEnd: 2953, strand: -, length: 219, contig: contig_2512, protein: unknown, score1: 1.0, score2: 0.0
  --  Gene No. 3, gene caller: prodigal, leftEnd: 2735, rightEnd: 2953, strand: -, length: 219, contig: contig_2512, protein: unknown, score1: 1.0, score2: 0.0
Unique gene call 5
  --  Gene No. 4, gene caller: glimmer, leftEnd: 2956, rightEnd: 3741, strand: -, length: 786, contig: contig_2512, protein: unknown, score1: 1.0, score2: 0.0
  --  Gene No. 5, gene caller: phanotate, leftEnd: 2956, rightEnd: 3741, strand: -, length: 786, contig: contig_2512, protein: unknown, score1: 1.0, score2: 0.0
  --  Gene No. 4, gene caller: prodigal, leftEnd: 2956, rightEnd: 3741, strand: -, length: 786, contig: contig_2512, protein: unknown, score1: 1.0, score2: 0.0
Unique gene call 6
  --  Gene No. 5, gene caller: glimmer, leftEnd: 3743, rightEnd: 4816, strand: -, length: 1074, contig: contig_2512, protein: unknown, score1: 1.0, score2: 0.0
  --  Gene No. 6, gene caller: phanotate, leftEnd: 3743, rightEnd: 4816, strand: -, length: 1074, contig: contig_2512, protein: unknown, score1: 1.0, score2: 0.0
  --  Gene No. 5, gene caller: prodigal, leftEnd: 3743, rightEnd: 4816, strand: -, length: 1074, contig: contig_2512, protein: unknown, score1: 1.0, score2: 0.0
Unique gene call 7
  --  Gene No. 7, gene caller: phanotate, leftEnd: 4820, rightEnd: 6109, strand: -, length: 1290, contig: contig_2512, protein: unknown, score1: 0.5, score2: 0.0
Unique gene call 8
  --  Gene No. 6, gene caller: glimmer, leftEnd: 4820, rightEnd: 6202, strand: -, length: 1383, contig: contig_2512, protein: unknown, score1: 0.8333333333333333, score2: 0.0
  --  Gene No. 6, gene caller: prodigal, leftEnd: 4820, rightEnd: 6202, strand: -, length: 1383, contig: contig_2512, protein: unknown, score1: 0.8333333333333333, score2: 0.0
Unique gene call 9
  --  Gene No. 8, gene caller: phanotate, leftEnd: 6195, rightEnd: 6470, strand: -, length: 276, contig: contig_2512, protein: unknown, score1: 0.8333333333333333, score2: 0.0
  --  Gene No. 7, gene caller: prodigal, leftEnd: 6195, rightEnd: 6470, strand: -, length: 276, contig: contig_2512, protein: unknown, score1: 0.8333333333333333, score2: 0.0
Code complete at 2021-04-21 09:30:40.384167
