Discrepancy Report Results

Summary
DISC_PROTEIN_NAMES:All proteins have same name "hypothetical protein"
FATAL: MISSING_PROTEIN_ID:31 proteins have invalid IDs.
DISC_SOURCE_QUALS_ASNDISC:strain (all present, all unique)
DISC_SOURCE_QUALS_ASNDISC:taxname (all present, all unique)
DISC_FEATURE_COUNT:CDS: 31 present
DISC_COUNT_NUCLEOTIDES:1 nucleotide Bioseqs are present
FEATURE_LOCATION_CONFLICT:31 features have inconsistent gene locations.
DISC_QUALITY_SCORES:Quality scores are missing on all sequences.
ONCALLER_COMMENT_PRESENT:1 comment descriptors were found (all same)
MISSING_GENOMEASSEMBLY_COMMENTS:1 bioseqs are missing GenomeAssembly structured comments
MOLTYPE_NOT_MRNA:1 molecule types are not set as mRNA.
TECHNIQUE_NOT_TSA:1 technique are not set as TSA
MISSING_STRUCTURED_COMMENT:1 sequences do not include structured comments.
MISSING_PROJECT:32 sequences do not include project.
DISC_INCONSISTENT_MOLINFO_TECH:Molinfo Technique Report (some missing, all same)


Detailed Report

DiscRep_ALL:DISC_PROTEIN_NAMES::All proteins have same name "hypothetical protein"

FATAL: DiscRep_ALL:MISSING_PROTEIN_ID::31 proteins have invalid IDs.
prokkaMN855673/MN855673:MN855673_1 (length 362)
prokkaMN855673/MN855673:MN855673_2 (length 182)
prokkaMN855673/MN855673:MN855673_3 (length 100)
prokkaMN855673/MN855673:MN855673_4 (length 115)
prokkaMN855673/MN855673:MN855673_5 (length 983)
prokkaMN855673/MN855673:MN855673_6 (length 184)
prokkaMN855673/MN855673:MN855673_7 (length 432)
prokkaMN855673/MN855673:MN855673_8 (length 129)
prokkaMN855673/MN855673:MN855673_9 (length 156)
prokkaMN855673/MN855673:MN855673_10 (length 346)
prokkaMN855673/MN855673:MN855673_11 (length 138)
prokkaMN855673/MN855673:MN855673_12 (length 306)
prokkaMN855673/MN855673:MN855673_13 (length 1819)
prokkaMN855673/MN855673:MN855673_14 (length 113)
prokkaMN855673/MN855673:MN855673_15 (length 135)
prokkaMN855673/MN855673:MN855673_16 (length 142)
prokkaMN855673/MN855673:MN855673_17 (length 374)
prokkaMN855673/MN855673:MN855673_18 (length 170)
prokkaMN855673/MN855673:MN855673_19 (length 118)
prokkaMN855673/MN855673:MN855673_20 (length 186)
prokkaMN855673/MN855673:MN855673_21 (length 131)
prokkaMN855673/MN855673:MN855673_22 (length 305)
prokkaMN855673/MN855673:MN855673_23 (length 182)
prokkaMN855673/MN855673:MN855673_24 (length 383)
prokkaMN855673/MN855673:MN855673_25 (length 146)
prokkaMN855673/MN855673:MN855673_26 (length 304)
prokkaMN855673/MN855673:MN855673_27 (length 486)
prokkaMN855673/MN855673:MN855673_28 (length 480)
prokkaMN855673/MN855673:MN855673_29 (length 175)
prokkaMN855673/MN855673:MN855673_30 (length 442)
prokkaMN855673/MN855673:MN855673_31 (length 169)

DiscRep_ALL:DISC_SOURCE_QUALS_ASNDISC::strain (all present, all unique)
DiscRep_SUB:DISC_SOURCE_QUALS_ASNDISC::1 sources have unique values for strain
DiscRep_ALL:DISC_SOURCE_QUALS_ASNDISC::taxname (all present, all unique)
DiscRep_SUB:DISC_SOURCE_QUALS_ASNDISC::1 sources have unique values for taxname
DiscRep_ALL:DISC_FEATURE_COUNT::CDS: 31 present
DiscRep_ALL:DISC_COUNT_NUCLEOTIDES::1 nucleotide Bioseqs are present
prokkaMN855673/MN855673:MN855673 (length 30045)

DiscRep_ALL:FEATURE_LOCATION_CONFLICT::31 features have inconsistent gene locations.
DiscRep_SUB:FEATURE_LOCATION_CONFLICT::Coding region xref gene does not exist
prokkaMN855673/MN855673:CDS	hypothetical protein	MN855673:c1428-340	MDGPHBAH_00001

DiscRep_SUB:FEATURE_LOCATION_CONFLICT::Coding region xref gene does not exist
prokkaMN855673/MN855673:CDS	hypothetical protein	MN855673:c1976-1428	MDGPHBAH_00002

DiscRep_SUB:FEATURE_LOCATION_CONFLICT::Coding region xref gene does not exist
prokkaMN855673/MN855673:CDS	hypothetical protein	MN855673:c2297-1995	MDGPHBAH_00003

DiscRep_SUB:FEATURE_LOCATION_CONFLICT::Coding region xref gene does not exist
prokkaMN855673/MN855673:CDS	hypothetical protein	MN855673:c2656-2309	MDGPHBAH_00004

DiscRep_SUB:FEATURE_LOCATION_CONFLICT::Coding region xref gene does not exist
prokkaMN855673/MN855673:CDS	hypothetical protein	MN855673:c5686-2735	MDGPHBAH_00005

DiscRep_SUB:FEATURE_LOCATION_CONFLICT::Coding region xref gene does not exist
prokkaMN855673/MN855673:CDS	hypothetical protein	MN855673:c6280-5726	MDGPHBAH_00006

DiscRep_SUB:FEATURE_LOCATION_CONFLICT::Coding region xref gene does not exist
prokkaMN855673/MN855673:CDS	hypothetical protein	MN855673:c7581-6283	MDGPHBAH_00007

DiscRep_SUB:FEATURE_LOCATION_CONFLICT::Coding region xref gene does not exist
prokkaMN855673/MN855673:CDS	hypothetical protein	MN855673:c7957-7568	MDGPHBAH_00008

DiscRep_SUB:FEATURE_LOCATION_CONFLICT::Coding region xref gene does not exist
prokkaMN855673/MN855673:CDS	hypothetical protein	MN855673:c8424-7954	MDGPHBAH_00009

DiscRep_SUB:FEATURE_LOCATION_CONFLICT::Coding region xref gene does not exist
prokkaMN855673/MN855673:CDS	hypothetical protein	MN855673:c9486-8446	MDGPHBAH_00010

DiscRep_SUB:FEATURE_LOCATION_CONFLICT::Coding region xref gene does not exist
prokkaMN855673/MN855673:CDS	hypothetical protein	MN855673:c9899-9483	MDGPHBAH_00011

DiscRep_SUB:FEATURE_LOCATION_CONFLICT::Coding region xref gene does not exist
prokkaMN855673/MN855673:CDS	hypothetical protein	MN855673:c10824-9904	MDGPHBAH_00012

DiscRep_SUB:FEATURE_LOCATION_CONFLICT::Coding region xref gene does not exist
prokkaMN855673/MN855673:CDS	hypothetical protein	MN855673:c16299-10840	MDGPHBAH_00013

DiscRep_SUB:FEATURE_LOCATION_CONFLICT::Coding region xref gene does not exist
prokkaMN855673/MN855673:CDS	hypothetical protein	MN855673:c16659-16318	MDGPHBAH_00014

DiscRep_SUB:FEATURE_LOCATION_CONFLICT::Coding region xref gene does not exist
prokkaMN855673/MN855673:CDS	hypothetical protein	MN855673:c17005-16598	MDGPHBAH_00015

DiscRep_SUB:FEATURE_LOCATION_CONFLICT::Coding region xref gene does not exist
prokkaMN855673/MN855673:CDS	hypothetical protein	MN855673:c17468-17040	MDGPHBAH_00016

DiscRep_SUB:FEATURE_LOCATION_CONFLICT::Coding region xref gene does not exist
prokkaMN855673/MN855673:CDS	hypothetical protein	MN855673:c18619-17495	MDGPHBAH_00017

DiscRep_SUB:FEATURE_LOCATION_CONFLICT::Coding region xref gene does not exist
prokkaMN855673/MN855673:CDS	hypothetical protein	MN855673:c19134-18622	MDGPHBAH_00018

DiscRep_SUB:FEATURE_LOCATION_CONFLICT::Coding region xref gene does not exist
prokkaMN855673/MN855673:CDS	hypothetical protein	MN855673:c19480-19124	MDGPHBAH_00019

DiscRep_SUB:FEATURE_LOCATION_CONFLICT::Coding region xref gene does not exist
prokkaMN855673/MN855673:CDS	hypothetical protein	MN855673:c20079-19519	MDGPHBAH_00020

DiscRep_SUB:FEATURE_LOCATION_CONFLICT::Coding region xref gene does not exist
prokkaMN855673/MN855673:CDS	hypothetical protein	MN855673:c20536-20141	MDGPHBAH_00021

DiscRep_SUB:FEATURE_LOCATION_CONFLICT::Coding region xref gene does not exist
prokkaMN855673/MN855673:CDS	hypothetical protein	MN855673:c21480-20563	MDGPHBAH_00022

DiscRep_SUB:FEATURE_LOCATION_CONFLICT::Coding region xref gene does not exist
prokkaMN855673/MN855673:CDS	hypothetical protein	MN855673:c22035-21487	MDGPHBAH_00023

DiscRep_SUB:FEATURE_LOCATION_CONFLICT::Coding region xref gene does not exist
prokkaMN855673/MN855673:CDS	hypothetical protein	MN855673:c23204-22053	MDGPHBAH_00024

DiscRep_SUB:FEATURE_LOCATION_CONFLICT::Coding region xref gene does not exist
prokkaMN855673/MN855673:CDS	hypothetical protein	MN855673:c23647-23207	MDGPHBAH_00025

DiscRep_SUB:FEATURE_LOCATION_CONFLICT::Coding region xref gene does not exist
prokkaMN855673/MN855673:CDS	hypothetical protein	MN855673:c24589-23675	MDGPHBAH_00026

DiscRep_SUB:FEATURE_LOCATION_CONFLICT::Coding region xref gene does not exist
prokkaMN855673/MN855673:CDS	hypothetical protein	MN855673:c26030-24570	MDGPHBAH_00027

DiscRep_SUB:FEATURE_LOCATION_CONFLICT::Coding region xref gene does not exist
prokkaMN855673/MN855673:CDS	hypothetical protein	MN855673:c27561-26119	MDGPHBAH_00028

DiscRep_SUB:FEATURE_LOCATION_CONFLICT::Coding region xref gene does not exist
prokkaMN855673/MN855673:CDS	hypothetical protein	MN855673:c28088-27561	MDGPHBAH_00029

DiscRep_SUB:FEATURE_LOCATION_CONFLICT::Coding region xref gene does not exist
prokkaMN855673/MN855673:CDS	hypothetical protein	MN855673:c29416-28088	MDGPHBAH_00030

DiscRep_SUB:FEATURE_LOCATION_CONFLICT::Coding region xref gene does not exist
prokkaMN855673/MN855673:CDS	hypothetical protein	MN855673:c29950-29441	MDGPHBAH_00031

DiscRep_ALL:DISC_QUALITY_SCORES::Quality scores are missing on all sequences.

DiscRep_ALL:ONCALLER_COMMENT_PRESENT::1 comment descriptors were found (all same)
prokkaMN855673/MN855673:MN855673:Annotated using prokka 1.14.6 from https://github.com/tseemann/prokka

DiscRep_ALL:MISSING_GENOMEASSEMBLY_COMMENTS::1 bioseqs are missing GenomeAssembly structured comments
prokkaMN855673/MN855673:MN855673 (length 30045)

DiscRep_ALL:MOLTYPE_NOT_MRNA::1 molecule types are not set as mRNA.
prokkaMN855673/MN855673:MN855673 (length 30045)

DiscRep_ALL:TECHNIQUE_NOT_TSA::1 technique are not set as TSA
prokkaMN855673/MN855673:MN855673 (length 30045)

DiscRep_ALL:MISSING_STRUCTURED_COMMENT::1 sequences do not include structured comments.
prokkaMN855673/MN855673:MN855673 (length 30045)

DiscRep_ALL:MISSING_PROJECT::32 sequences do not include project.
prokkaMN855673/MN855673:MN855673 (length 30045)
prokkaMN855673/MN855673:MN855673_1 (length 362)
prokkaMN855673/MN855673:MN855673_2 (length 182)
prokkaMN855673/MN855673:MN855673_3 (length 100)
prokkaMN855673/MN855673:MN855673_4 (length 115)
prokkaMN855673/MN855673:MN855673_5 (length 983)
prokkaMN855673/MN855673:MN855673_6 (length 184)
prokkaMN855673/MN855673:MN855673_7 (length 432)
prokkaMN855673/MN855673:MN855673_8 (length 129)
prokkaMN855673/MN855673:MN855673_9 (length 156)
prokkaMN855673/MN855673:MN855673_10 (length 346)
prokkaMN855673/MN855673:MN855673_11 (length 138)
prokkaMN855673/MN855673:MN855673_12 (length 306)
prokkaMN855673/MN855673:MN855673_13 (length 1819)
prokkaMN855673/MN855673:MN855673_14 (length 113)
prokkaMN855673/MN855673:MN855673_15 (length 135)
prokkaMN855673/MN855673:MN855673_16 (length 142)
prokkaMN855673/MN855673:MN855673_17 (length 374)
prokkaMN855673/MN855673:MN855673_18 (length 170)
prokkaMN855673/MN855673:MN855673_19 (length 118)
prokkaMN855673/MN855673:MN855673_20 (length 186)
prokkaMN855673/MN855673:MN855673_21 (length 131)
prokkaMN855673/MN855673:MN855673_22 (length 305)
prokkaMN855673/MN855673:MN855673_23 (length 182)
prokkaMN855673/MN855673:MN855673_24 (length 383)
prokkaMN855673/MN855673:MN855673_25 (length 146)
prokkaMN855673/MN855673:MN855673_26 (length 304)
prokkaMN855673/MN855673:MN855673_27 (length 486)
prokkaMN855673/MN855673:MN855673_28 (length 480)
prokkaMN855673/MN855673:MN855673_29 (length 175)
prokkaMN855673/MN855673:MN855673_30 (length 442)
prokkaMN855673/MN855673:MN855673_31 (length 169)

DiscRep_ALL:DISC_INCONSISTENT_MOLINFO_TECH::Molinfo Technique Report (some missing, all same)
DiscRep_SUB:DISC_INCONSISTENT_MOLINFO_TECH::technique (all missing)
DiscRep_SUB:DISC_INCONSISTENT_MOLINFO_TECH::1 Molinfos are missing field technique
prokkaMN855673/MN855673:MN855673 (length 30045)

